<?xml version="1.0" encoding="UTF-8"?>
<testsuite xmlns:xsi="http://www.w3.org/2001/XMLSchema-instance" xsi:noNamespaceSchemaLocation="https://maven.apache.org/surefire/maven-surefire-plugin/xsd/surefire-test-report.xsd" name="org.eclipse.jdt.core.tests.compiler.parser.TestAll" time="51.562" tests="21646" errors="0" skipped="0" failures="0">
  <properties/>
  <testcase name="testInIfStatement - 1.3" classname="org.eclipse.jdt.core.tests.compiler.parser.AllocationExpressionCompletionTest" time="0.019"/>
  <testcase name="testInIfStatement - 1.3" classname="org.eclipse.jdt.core.tests.compiler.parser.MethodInvocationCompletionTest" time="0"/>
  <testcase name="testNoQualificationQualifiedTypeName - 1.3" classname="org.eclipse.jdt.core.tests.compiler.parser.AllocationExpressionCompletionTest" time="0.001"/>
  <testcase name="testNoQualificationSimpleTypeName - 1.3" classname="org.eclipse.jdt.core.tests.compiler.parser.AllocationExpressionCompletionTest" time="0"/>
  <testcase name="testQualifiedWithName - 1.3" classname="org.eclipse.jdt.core.tests.compiler.parser.AllocationExpressionCompletionTest" time="0"/>
  <testcase name="testQualifiedWithPrimary - 1.3" classname="org.eclipse.jdt.core.tests.compiler.parser.AllocationExpressionCompletionTest" time="0"/>
  <testcase name="testArrayType - 1.3" classname="org.eclipse.jdt.core.tests.compiler.parser.ClassLiteralAccessCompletionTest" time="0.001"/>
  <testcase name="testArrayTypeWithNonEmptyIdentifier - 1.3" classname="org.eclipse.jdt.core.tests.compiler.parser.ClassLiteralAccessCompletionTest" time="0"/>
  <testcase name="testPrimitiveArrayType - 1.3" classname="org.eclipse.jdt.core.tests.compiler.parser.ClassLiteralAccessCompletionTest" time="0.001"/>
  <testcase name="testPrimitiveArrayTypeWithNonEmptyIdentifier - 1.3" classname="org.eclipse.jdt.core.tests.compiler.parser.ClassLiteralAccessCompletionTest" time="0"/>
  <testcase name="testPrimitiveType - 1.3" classname="org.eclipse.jdt.core.tests.compiler.parser.ClassLiteralAccessCompletionTest" time="0"/>
  <testcase name="testPrimitiveTypeWithNonEmptyIdentifier - 1.3" classname="org.eclipse.jdt.core.tests.compiler.parser.ClassLiteralAccessCompletionTest" time="0.001"/>
  <testcase name="test001 - 1.3" classname="org.eclipse.jdt.core.tests.compiler.parser.CompletionParserTest" time="0.002"/>
  <testcase name="test001 - 1.3" classname="org.eclipse.jdt.core.tests.compiler.parser.JavadocCompletionParserTest" time="0.005"/>
  <testcase name="test001 - 1.3" classname="org.eclipse.jdt.core.tests.compiler.parser.ParserTest" time="0.006"/>
  <testcase name="test002 - 1.3" classname="org.eclipse.jdt.core.tests.compiler.parser.CompletionParserTest" time="0.001"/>
  <testcase name="test002 - 1.3" classname="org.eclipse.jdt.core.tests.compiler.parser.JavadocCompletionParserTest" time="0"/>
  <testcase name="test002 - 1.3" classname="org.eclipse.jdt.core.tests.compiler.parser.ParserTest" time="0.001"/>
  <testcase name="test003 - 1.3" classname="org.eclipse.jdt.core.tests.compiler.parser.CompletionParserTest" time="0"/>
  <testcase name="test003 - 1.3" classname="org.eclipse.jdt.core.tests.compiler.parser.JavadocCompletionParserTest" time="0.001"/>
  <testcase name="test003 - 1.3" classname="org.eclipse.jdt.core.tests.compiler.parser.ParserTest" time="0.001"/>
  <testcase name="test004 - 1.3" classname="org.eclipse.jdt.core.tests.compiler.parser.CompletionParserTest" time="0.001"/>
  <testcase name="test004 - 1.3" classname="org.eclipse.jdt.core.tests.compiler.parser.JavadocCompletionParserTest" time="0"/>
  <testcase name="test004 - 1.3" classname="org.eclipse.jdt.core.tests.compiler.parser.ParserTest" time="0.001"/>
  <testcase name="test005 - 1.3" classname="org.eclipse.jdt.core.tests.compiler.parser.CompletionParserTest" time="0"/>
  <testcase name="test005 - 1.3" classname="org.eclipse.jdt.core.tests.compiler.parser.JavadocCompletionParserTest" time="0.001"/>
  <testcase name="test005 - 1.3" classname="org.eclipse.jdt.core.tests.compiler.parser.ParserTest" time="0"/>
  <testcase name="test006 - 1.3" classname="org.eclipse.jdt.core.tests.compiler.parser.CompletionParserTest" time="0.001"/>
  <testcase name="test006 - 1.3" classname="org.eclipse.jdt.core.tests.compiler.parser.JavadocCompletionParserTest" time="0"/>
  <testcase name="test006 - 1.3" classname="org.eclipse.jdt.core.tests.compiler.parser.ParserTest" time="0.001"/>
  <testcase name="test007 - 1.3" classname="org.eclipse.jdt.core.tests.compiler.parser.CompletionParserTest" time="0"/>
  <testcase name="test007 - 1.3" classname="org.eclipse.jdt.core.tests.compiler.parser.JavadocCompletionParserTest" time="0.001"/>
  <testcase name="test007 - 1.3" classname="org.eclipse.jdt.core.tests.compiler.parser.ParserTest" time="0.001"/>
  <testcase name="test008 - 1.3" classname="org.eclipse.jdt.core.tests.compiler.parser.CompletionParserTest" time="0.001"/>
  <testcase name="test008 - 1.3" classname="org.eclipse.jdt.core.tests.compiler.parser.JavadocCompletionParserTest" time="0"/>
  <testcase name="test008 - 1.3" classname="org.eclipse.jdt.core.tests.compiler.parser.ParserTest" time="0.001"/>
  <testcase name="test009 - 1.3" classname="org.eclipse.jdt.core.tests.compiler.parser.CompletionParserTest" time="0"/>
  <testcase name="test009 - 1.3" classname="org.eclipse.jdt.core.tests.compiler.parser.ParserTest" time="0.001"/>
  <testcase name="test010 - 1.3" classname="org.eclipse.jdt.core.tests.compiler.parser.CompletionParserTest" time="0.001"/>
  <testcase name="test010 - 1.3" classname="org.eclipse.jdt.core.tests.compiler.parser.JavadocCompletionParserTest" time="0"/>
  <testcase name="test010 - 1.3" classname="org.eclipse.jdt.core.tests.compiler.parser.ParserTest" time="0.001"/>
  <testcase name="test011 - 1.3" classname="org.eclipse.jdt.core.tests.compiler.parser.CompletionParserTest" time="0"/>
  <testcase name="test011 - 1.3" classname="org.eclipse.jdt.core.tests.compiler.parser.JavadocCompletionParserTest" time="0"/>
  <testcase name="test012 - 1.3" classname="org.eclipse.jdt.core.tests.compiler.parser.CompletionParserTest" time="0.001"/>
  <testcase name="test012 - 1.3" classname="org.eclipse.jdt.core.tests.compiler.parser.JavadocCompletionParserTest" time="0"/>
  <testcase name="test012 - 1.3" classname="org.eclipse.jdt.core.tests.compiler.parser.ParserTest" time="0.002"/>
  <testcase name="test013 - 1.3" classname="org.eclipse.jdt.core.tests.compiler.parser.CompletionParserTest" time="0.001"/>
  <testcase name="test013 - 1.3" classname="org.eclipse.jdt.core.tests.compiler.parser.JavadocCompletionParserTest" time="0"/>
  <testcase name="test013 - 1.3" classname="org.eclipse.jdt.core.tests.compiler.parser.ParserTest" time="0.002"/>
  <testcase name="test014 - 1.3" classname="org.eclipse.jdt.core.tests.compiler.parser.CompletionParserTest" time="0.001"/>
  <testcase name="test014 - 1.3" classname="org.eclipse.jdt.core.tests.compiler.parser.JavadocCompletionParserTest" time="0.001"/>
  <testcase name="test014 - 1.3" classname="org.eclipse.jdt.core.tests.compiler.parser.ParserTest" time="0.001"/>
  <testcase name="test015 - 1.3" classname="org.eclipse.jdt.core.tests.compiler.parser.CompletionParserTest" time="0.001"/>
  <testcase name="test015 - 1.3" classname="org.eclipse.jdt.core.tests.compiler.parser.JavadocCompletionParserTest" time="0"/>
  <testcase name="test015 - 1.3" classname="org.eclipse.jdt.core.tests.compiler.parser.ParserTest" time="0.001"/>
  <testcase name="test016 - 1.3" classname="org.eclipse.jdt.core.tests.compiler.parser.CompletionParserTest" time="0.001"/>
  <testcase name="test016 - 1.3" classname="org.eclipse.jdt.core.tests.compiler.parser.ParserTest" time="0.001"/>
  <testcase name="test017 - 1.3" classname="org.eclipse.jdt.core.tests.compiler.parser.CompletionParserTest" time="0"/>
  <testcase name="test017 - 1.3" classname="org.eclipse.jdt.core.tests.compiler.parser.ParserTest" time="0.001"/>
  <testcase name="testA - 1.3" classname="org.eclipse.jdt.core.tests.compiler.parser.CompletionParserTest" time="0.002"/>
  <testcase name="testAA_1 - 1.3" classname="org.eclipse.jdt.core.tests.compiler.parser.CompletionParserTest" time="0.001"/>
  <testcase name="testAA_2 - 1.3" classname="org.eclipse.jdt.core.tests.compiler.parser.CompletionParserTest" time="0.002"/>
  <testcase name="testAA_3 - 1.3" classname="org.eclipse.jdt.core.tests.compiler.parser.CompletionParserTest" time="0.001"/>
  <testcase name="testAA_4 - 1.3" classname="org.eclipse.jdt.core.tests.compiler.parser.CompletionParserTest" time="0.001"/>
  <testcase name="testAB_1FHU9LU - 1.3" classname="org.eclipse.jdt.core.tests.compiler.parser.CompletionParserTest" time="0.001"/>
  <testcase name="testAC_1FJ8D9Z_1 - 1.3" classname="org.eclipse.jdt.core.tests.compiler.parser.CompletionParserTest" time="0"/>
  <testcase name="testAC_1FJ8D9Z_2 - 1.3" classname="org.eclipse.jdt.core.tests.compiler.parser.CompletionParserTest" time="0"/>
  <testcase name="testAC_1FJ8D9Z_3 - 1.3" classname="org.eclipse.jdt.core.tests.compiler.parser.CompletionParserTest" time="0.001"/>
  <testcase name="testB - 1.3" classname="org.eclipse.jdt.core.tests.compiler.parser.CompletionParserTest" time="0"/>
  <testcase name="testBA_1 - 1.3" classname="org.eclipse.jdt.core.tests.compiler.parser.CompletionParserTest" time="0"/>
  <testcase name="testBA_2 - 1.3" classname="org.eclipse.jdt.core.tests.compiler.parser.CompletionParserTest" time="0.001"/>
  <testcase name="testBB_1FHJ8H9 - 1.3" classname="org.eclipse.jdt.core.tests.compiler.parser.CompletionParserTest" time="0"/>
  <testcase name="testBC_1FJ4GSG_1 - 1.3" classname="org.eclipse.jdt.core.tests.compiler.parser.CompletionParserTest" time="0.001"/>
  <testcase name="testBC_1FJ4GSG_2 - 1.3" classname="org.eclipse.jdt.core.tests.compiler.parser.CompletionParserTest" time="0"/>
  <testcase name="testBC_1FJ4GSG_3 - 1.3" classname="org.eclipse.jdt.core.tests.compiler.parser.CompletionParserTest" time="0"/>
  <testcase name="testBug292087a - 1.3" classname="org.eclipse.jdt.core.tests.compiler.parser.CompletionParserTest" time="0.001"/>
  <testcase name="testBug292087b - 1.3" classname="org.eclipse.jdt.core.tests.compiler.parser.CompletionParserTest" time="0.001"/>
  <testcase name="testBug310423 - 1.3" classname="org.eclipse.jdt.core.tests.compiler.parser.CompletionParserTest" time="0"/>
  <testcase name="testBug338789 - 1.3" classname="org.eclipse.jdt.core.tests.compiler.parser.CompletionParserTest" time="0"/>
  <testcase name="testBug338789b - 1.3" classname="org.eclipse.jdt.core.tests.compiler.parser.CompletionParserTest" time="0"/>
  <testcase name="testBug343637 - 1.3" classname="org.eclipse.jdt.core.tests.compiler.parser.CompletionParserTest" time="0"/>
  <testcase name="testBug346415 - 1.3" classname="org.eclipse.jdt.core.tests.compiler.parser.CompletionParserTest" time="0"/>
  <testcase name="testBug346454 - 1.3" classname="org.eclipse.jdt.core.tests.compiler.parser.CompletionParserTest" time="0"/>
  <testcase name="testBug346454b - 1.3" classname="org.eclipse.jdt.core.tests.compiler.parser.CompletionParserTest" time="0"/>
  <testcase name="testC - 1.3" classname="org.eclipse.jdt.core.tests.compiler.parser.CompletionParserTest" time="0"/>
  <testcase name="testCA_1FGPJQZ - 1.3" classname="org.eclipse.jdt.core.tests.compiler.parser.CompletionParserTest" time="0.001"/>
  <testcase name="testCB_1FHSKQ9_1 - 1.3" classname="org.eclipse.jdt.core.tests.compiler.parser.CompletionParserTest" time="0.001"/>
  <testcase name="testCB_1FHSKQ9_2 - 1.3" classname="org.eclipse.jdt.core.tests.compiler.parser.CompletionParserTest" time="0"/>
  <testcase name="testCC_1FJ64I9 - 1.3" classname="org.eclipse.jdt.core.tests.compiler.parser.CompletionParserTest" time="0.001"/>
  <testcase name="testDA_1 - 1.3" classname="org.eclipse.jdt.core.tests.compiler.parser.CompletionParserTest" time="0"/>
  <testcase name="testDA_2 - 1.3" classname="org.eclipse.jdt.core.tests.compiler.parser.CompletionParserTest" time="0.001"/>
  <testcase name="testDA_3 - 1.3" classname="org.eclipse.jdt.core.tests.compiler.parser.CompletionParserTest" time="0"/>
  <testcase name="testDA_4 - 1.3" classname="org.eclipse.jdt.core.tests.compiler.parser.CompletionParserTest" time="0.001"/>
  <testcase name="testDA_5 - 1.3" classname="org.eclipse.jdt.core.tests.compiler.parser.CompletionParserTest" time="0"/>
  <testcase name="testDB_1FHSLDR - 1.3" classname="org.eclipse.jdt.core.tests.compiler.parser.CompletionParserTest" time="0"/>
  <testcase name="testDC_1FJJ0JR_1 - 1.3" classname="org.eclipse.jdt.core.tests.compiler.parser.CompletionParserTest" time="0.001"/>
  <testcase name="testD_1 - 1.3" classname="org.eclipse.jdt.core.tests.compiler.parser.CompletionParserTest" time="0"/>
  <testcase name="testD_2 - 1.3" classname="org.eclipse.jdt.core.tests.compiler.parser.CompletionParserTest" time="0.001"/>
  <testcase name="testEA_1 - 1.3" classname="org.eclipse.jdt.core.tests.compiler.parser.CompletionParserTest" time="0.001"/>
  <testcase name="testEA_2 - 1.3" classname="org.eclipse.jdt.core.tests.compiler.parser.CompletionParserTest" time="0.001"/>
  <testcase name="testEB_1FI74S3 - 1.3" classname="org.eclipse.jdt.core.tests.compiler.parser.CompletionParserTest" time="0"/>
  <testcase name="testEC_1FSBZ2Y - 1.3" classname="org.eclipse.jdt.core.tests.compiler.parser.CompletionParserTest" time="0"/>
  <testcase name="testE_1FG1YDS_1 - 1.3" classname="org.eclipse.jdt.core.tests.compiler.parser.CompletionParserTest" time="0.001"/>
  <testcase name="testE_1FG1YDS_2 - 1.3" classname="org.eclipse.jdt.core.tests.compiler.parser.CompletionParserTest" time="0"/>
  <testcase name="testE_1FG1YDS_3 - 1.3" classname="org.eclipse.jdt.core.tests.compiler.parser.CompletionParserTest" time="0.001"/>
  <testcase name="testF - 1.3" classname="org.eclipse.jdt.core.tests.compiler.parser.CompletionParserTest" time="0"/>
  <testcase name="testFA_1 - 1.3" classname="org.eclipse.jdt.core.tests.compiler.parser.CompletionParserTest" time="0"/>
  <testcase name="testFA_2 - 1.3" classname="org.eclipse.jdt.core.tests.compiler.parser.CompletionParserTest" time="0.001"/>
  <testcase name="testFB_1FI74S3 - 1.3" classname="org.eclipse.jdt.core.tests.compiler.parser.CompletionParserTest" time="0"/>
  <testcase name="testFC_1FSBZ9B - 1.3" classname="org.eclipse.jdt.core.tests.compiler.parser.CompletionParserTest" time="0"/>
  <testcase name="testG - 1.3" classname="org.eclipse.jdt.core.tests.compiler.parser.CompletionParserTest" time="0.001"/>
  <testcase name="testGA - 1.3" classname="org.eclipse.jdt.core.tests.compiler.parser.CompletionParserTest" time="0"/>
  <testcase name="testGB_1FI74S3 - 1.3" classname="org.eclipse.jdt.core.tests.compiler.parser.CompletionParserTest" time="0"/>
  <testcase name="testGC_1FSHLHV_1 - 1.3" classname="org.eclipse.jdt.core.tests.compiler.parser.CompletionParserTest" time="0"/>
  <testcase name="testGC_1FSHLHV_2 - 1.3" classname="org.eclipse.jdt.core.tests.compiler.parser.CompletionParserTest" time="0.001"/>
  <testcase name="testGC_1FSHLHV_3 - 1.3" classname="org.eclipse.jdt.core.tests.compiler.parser.CompletionParserTest" time="0"/>
  <testcase name="testGC_1FSHLHV_4 - 1.3" classname="org.eclipse.jdt.core.tests.compiler.parser.CompletionParserTest" time="0.001"/>
  <testcase name="testH - 1.3" classname="org.eclipse.jdt.core.tests.compiler.parser.CompletionParserTest" time="0"/>
  <testcase name="testHA_1 - 1.3" classname="org.eclipse.jdt.core.tests.compiler.parser.CompletionParserTest" time="0.001"/>
  <testcase name="testHA_2 - 1.3" classname="org.eclipse.jdt.core.tests.compiler.parser.CompletionParserTest" time="0"/>
  <testcase name="testHB_1FHSLDR - 1.3" classname="org.eclipse.jdt.core.tests.compiler.parser.CompletionParserTest" time="0.001"/>
  <testcase name="testHC_1FMPYO3_1 - 1.3" classname="org.eclipse.jdt.core.tests.compiler.parser.CompletionParserTest" time="0.001"/>
  <testcase name="testHC_1FMPYO3_2 - 1.3" classname="org.eclipse.jdt.core.tests.compiler.parser.CompletionParserTest" time="0"/>
  <testcase name="testI - 1.3" classname="org.eclipse.jdt.core.tests.compiler.parser.CompletionParserTest" time="0"/>
  <testcase name="testIA_1FGNBPR_1 - 1.3" classname="org.eclipse.jdt.core.tests.compiler.parser.CompletionParserTest" time="0.001"/>
  <testcase name="testIA_1FGNBPR_2 - 1.3" classname="org.eclipse.jdt.core.tests.compiler.parser.CompletionParserTest" time="0.001"/>
  <testcase name="testIB - 1.3" classname="org.eclipse.jdt.core.tests.compiler.parser.CompletionParserTest" time="0.001"/>
  <testcase name="testIC_1FMGUPR - 1.3" classname="org.eclipse.jdt.core.tests.compiler.parser.CompletionParserTest" time="0"/>
  <testcase name="testJ - 1.3" classname="org.eclipse.jdt.core.tests.compiler.parser.CompletionParserTest" time="0.001"/>
  <testcase name="testJA_1FGQVW2_1 - 1.3" classname="org.eclipse.jdt.core.tests.compiler.parser.CompletionParserTest" time="0.001"/>
  <testcase name="testJA_1FGQVW2_2 - 1.3" classname="org.eclipse.jdt.core.tests.compiler.parser.CompletionParserTest" time="0"/>
  <testcase name="testJB - 1.3" classname="org.eclipse.jdt.core.tests.compiler.parser.CompletionParserTest" time="0"/>
  <testcase name="testJC_1FLG1ZC - 1.3" classname="org.eclipse.jdt.core.tests.compiler.parser.CompletionParserTest" time="0.001"/>
  <testcase name="testKA_1FH5SU5 - 1.3" classname="org.eclipse.jdt.core.tests.compiler.parser.CompletionParserTest" time="0.001"/>
  <testcase name="testKB - 1.3" classname="org.eclipse.jdt.core.tests.compiler.parser.CompletionParserTest" time="0"/>
  <testcase name="testKC_1FLG1ZC - 1.3" classname="org.eclipse.jdt.core.tests.compiler.parser.CompletionParserTest" time="0.002"/>
  <testcase name="testK_1 - 1.3" classname="org.eclipse.jdt.core.tests.compiler.parser.CompletionParserTest" time="0.001"/>
  <testcase name="testK_2 - 1.3" classname="org.eclipse.jdt.core.tests.compiler.parser.CompletionParserTest" time="0.001"/>
  <testcase name="testK_3 - 1.3" classname="org.eclipse.jdt.core.tests.compiler.parser.CompletionParserTest" time="0.001"/>
  <testcase name="testK_4 - 1.3" classname="org.eclipse.jdt.core.tests.compiler.parser.CompletionParserTest" time="0.001"/>
  <testcase name="testLA_1FGLMOF - 1.3" classname="org.eclipse.jdt.core.tests.compiler.parser.CompletionParserTest" time="0"/>
  <testcase name="testLB - 1.3" classname="org.eclipse.jdt.core.tests.compiler.parser.CompletionParserTest" time="0"/>
  <testcase name="testLC_1FLG1E2 - 1.3" classname="org.eclipse.jdt.core.tests.compiler.parser.CompletionParserTest" time="0"/>
  <testcase name="testL_1 - 1.3" classname="org.eclipse.jdt.core.tests.compiler.parser.CompletionParserTest" time="0"/>
  <testcase name="testL_2 - 1.3" classname="org.eclipse.jdt.core.tests.compiler.parser.CompletionParserTest" time="0.001"/>
  <testcase name="testL_3 - 1.3" classname="org.eclipse.jdt.core.tests.compiler.parser.CompletionParserTest" time="0"/>
  <testcase name="testMA_1 - 1.3" classname="org.eclipse.jdt.core.tests.compiler.parser.CompletionParserTest" time="0.001"/>
  <testcase name="testMA_2 - 1.3" classname="org.eclipse.jdt.core.tests.compiler.parser.CompletionParserTest" time="0"/>
  <testcase name="testMA_3 - 1.3" classname="org.eclipse.jdt.core.tests.compiler.parser.CompletionParserTest" time="0.001"/>
  <testcase name="testMB_1FHSLMQ_1 - 1.3" classname="org.eclipse.jdt.core.tests.compiler.parser.CompletionParserTest" time="0"/>
  <testcase name="testMB_1FHSLMQ_2 - 1.3" classname="org.eclipse.jdt.core.tests.compiler.parser.CompletionParserTest" time="0.001"/>
  <testcase name="testMC_1FJ8D9Z - 1.3" classname="org.eclipse.jdt.core.tests.compiler.parser.CompletionParserTest" time="0"/>
  <testcase name="testM_1FGGLMT - 1.3" classname="org.eclipse.jdt.core.tests.compiler.parser.CompletionParserTest" time="0"/>
  <testcase name="testN - 1.3" classname="org.eclipse.jdt.core.tests.compiler.parser.CompletionParserTest" time="0.001"/>
  <testcase name="testNA_1 - 1.3" classname="org.eclipse.jdt.core.tests.compiler.parser.CompletionParserTest" time="0.001"/>
  <testcase name="testNA_2 - 1.3" classname="org.eclipse.jdt.core.tests.compiler.parser.CompletionParserTest" time="0"/>
  <testcase name="testNA_3 - 1.3" classname="org.eclipse.jdt.core.tests.compiler.parser.CompletionParserTest" time="0.001"/>
  <testcase name="testNB - 1.3" classname="org.eclipse.jdt.core.tests.compiler.parser.CompletionParserTest" time="0"/>
  <testcase name="testNC_1FJ8D9Z - 1.3" classname="org.eclipse.jdt.core.tests.compiler.parser.CompletionParserTest" time="0.001"/>
  <testcase name="testOA_1 - 1.3" classname="org.eclipse.jdt.core.tests.compiler.parser.CompletionParserTest" time="0"/>
  <testcase name="testOA_2 - 1.3" classname="org.eclipse.jdt.core.tests.compiler.parser.CompletionParserTest" time="0.001"/>
  <testcase name="testOB_1 - 1.3" classname="org.eclipse.jdt.core.tests.compiler.parser.CompletionParserTest" time="0"/>
  <testcase name="testOB_2 - 1.3" classname="org.eclipse.jdt.core.tests.compiler.parser.CompletionParserTest" time="0"/>
  <testcase name="testOC_1FM7J7F - 1.3" classname="org.eclipse.jdt.core.tests.compiler.parser.CompletionParserTest" time="0.001"/>
  <testcase name="testO_1FG1YU0 - 1.3" classname="org.eclipse.jdt.core.tests.compiler.parser.CompletionParserTest" time="0"/>
  <testcase name="testPA_1 - 1.3" classname="org.eclipse.jdt.core.tests.compiler.parser.CompletionParserTest" time="0.001"/>
  <testcase name="testPA_2 - 1.3" classname="org.eclipse.jdt.core.tests.compiler.parser.CompletionParserTest" time="0"/>
  <testcase name="testPB - 1.3" classname="org.eclipse.jdt.core.tests.compiler.parser.CompletionParserTest" time="0.001"/>
  <testcase name="testPC_1FSU4EF - 1.3" classname="org.eclipse.jdt.core.tests.compiler.parser.CompletionParserTest" time="0"/>
  <testcase name="testP_1FG1YU0 - 1.3" classname="org.eclipse.jdt.core.tests.compiler.parser.CompletionParserTest" time="0.001"/>
  <testcase name="testQA_1 - 1.3" classname="org.eclipse.jdt.core.tests.compiler.parser.CompletionParserTest" time="0.001"/>
  <testcase name="testQA_2 - 1.3" classname="org.eclipse.jdt.core.tests.compiler.parser.CompletionParserTest" time="0"/>
  <testcase name="testQA_3 - 1.3" classname="org.eclipse.jdt.core.tests.compiler.parser.CompletionParserTest" time="0.001"/>
  <testcase name="testQA_4 - 1.3" classname="org.eclipse.jdt.core.tests.compiler.parser.CompletionParserTest" time="0"/>
  <testcase name="testQB_1FIK820 - 1.3" classname="org.eclipse.jdt.core.tests.compiler.parser.CompletionParserTest" time="0.001"/>
  <testcase name="testQ_1FG1YU0 - 1.3" classname="org.eclipse.jdt.core.tests.compiler.parser.CompletionParserTest" time="0"/>
  <testcase name="testRA_1 - 1.3" classname="org.eclipse.jdt.core.tests.compiler.parser.CompletionParserTest" time="0"/>
  <testcase name="testRA_2 - 1.3" classname="org.eclipse.jdt.core.tests.compiler.parser.CompletionParserTest" time="0"/>
  <testcase name="testRA_3 - 1.3" classname="org.eclipse.jdt.core.tests.compiler.parser.CompletionParserTest" time="0"/>
  <testcase name="testRB_1FI74S3 - 1.3" classname="org.eclipse.jdt.core.tests.compiler.parser.CompletionParserTest" time="0.001"/>
  <testcase name="testR_1FGD31E - 1.3" classname="org.eclipse.jdt.core.tests.compiler.parser.CompletionParserTest" time="0"/>
  <testcase name="testSA - 1.3" classname="org.eclipse.jdt.core.tests.compiler.parser.CompletionParserTest" time="0.001"/>
  <testcase name="testSB_1FILFDG - 1.3" classname="org.eclipse.jdt.core.tests.compiler.parser.CompletionParserTest" time="0"/>
  <testcase name="testS_1FGF64P_1 - 1.3" classname="org.eclipse.jdt.core.tests.compiler.parser.CompletionParserTest" time="0.001"/>
  <testcase name="testS_1FGF64P_2 - 1.3" classname="org.eclipse.jdt.core.tests.compiler.parser.CompletionParserTest" time="0"/>
  <testcase name="testS_1FGF64P_3 - 1.3" classname="org.eclipse.jdt.core.tests.compiler.parser.CompletionParserTest" time="0.001"/>
  <testcase name="testTA_1FHISJJ_1 - 1.3" classname="org.eclipse.jdt.core.tests.compiler.parser.CompletionParserTest" time="0"/>
  <testcase name="testTA_1FHISJJ_2 - 1.3" classname="org.eclipse.jdt.core.tests.compiler.parser.CompletionParserTest" time="0.001"/>
  <testcase name="testTA_1FHISJJ_3 - 1.3" classname="org.eclipse.jdt.core.tests.compiler.parser.CompletionParserTest" time="0"/>
  <testcase name="testTB_1FHSLMQ - 1.3" classname="org.eclipse.jdt.core.tests.compiler.parser.CompletionParserTest" time="0.001"/>
  <testcase name="testT_1FGF64P - 1.3" classname="org.eclipse.jdt.core.tests.compiler.parser.CompletionParserTest" time="0"/>
  <testcase name="testUA_1FHISJJ_1 - 1.3" classname="org.eclipse.jdt.core.tests.compiler.parser.CompletionParserTest" time="0"/>
  <testcase name="testUA_1FHISJJ_2 - 1.3" classname="org.eclipse.jdt.core.tests.compiler.parser.CompletionParserTest" time="0"/>
  <testcase name="testUB_1FSBZ02 - 1.3" classname="org.eclipse.jdt.core.tests.compiler.parser.CompletionParserTest" time="0.001"/>
  <testcase name="testU_1FGGUME - 1.3" classname="org.eclipse.jdt.core.tests.compiler.parser.CompletionParserTest" time="0"/>
  <testcase name="testVA_1FHISJJ_1 - 1.3" classname="org.eclipse.jdt.core.tests.compiler.parser.CompletionParserTest" time="0.001"/>
  <testcase name="testVA_1FHISJJ_2 - 1.3" classname="org.eclipse.jdt.core.tests.compiler.parser.CompletionParserTest" time="0"/>
  <testcase name="testVB_1 - 1.3" classname="org.eclipse.jdt.core.tests.compiler.parser.CompletionParserTest" time="0.001"/>
  <testcase name="testVB_3 - 1.3" classname="org.eclipse.jdt.core.tests.compiler.parser.CompletionParserTest" time="0"/>
  <testcase name="testV_1FGGUOO_1 - 1.3" classname="org.eclipse.jdt.core.tests.compiler.parser.CompletionParserTest" time="0.001"/>
  <testcase name="testV_1FGGUOO_2 - 1.3" classname="org.eclipse.jdt.core.tests.compiler.parser.CompletionParserTest" time="0"/>
  <testcase name="testWA_1 - 1.3" classname="org.eclipse.jdt.core.tests.compiler.parser.CompletionParserTest" time="0"/>
  <testcase name="testWA_2 - 1.3" classname="org.eclipse.jdt.core.tests.compiler.parser.CompletionParserTest" time="0.001"/>
  <testcase name="testWB_1FI313C - 1.3" classname="org.eclipse.jdt.core.tests.compiler.parser.CompletionParserTest" time="0.001"/>
  <testcase name="testW_1FGGUS4 - 1.3" classname="org.eclipse.jdt.core.tests.compiler.parser.CompletionParserTest" time="0.001"/>
  <testcase name="testXA_1FGGUQF_1FHSL8H_2 - 1.3" classname="org.eclipse.jdt.core.tests.compiler.parser.CompletionParserTest" time="0"/>
  <testcase name="testXA_1FGGUQF_1FHSL8H_3 - 1.3" classname="org.eclipse.jdt.core.tests.compiler.parser.CompletionParserTest" time="0"/>
  <testcase name="testXA_1FGGUQF_1FHSL8H_4 - 1.3" classname="org.eclipse.jdt.core.tests.compiler.parser.CompletionParserTest" time="0.001"/>
  <testcase name="testXB_1FIYM5I_1 - 1.3" classname="org.eclipse.jdt.core.tests.compiler.parser.CompletionParserTest" time="0"/>
  <testcase name="testXB_1FIYM5I_2 - 1.3" classname="org.eclipse.jdt.core.tests.compiler.parser.CompletionParserTest" time="0.001"/>
  <testcase name="testXB_1FIYM5I_3 - 1.3" classname="org.eclipse.jdt.core.tests.compiler.parser.CompletionParserTest" time="0"/>
  <testcase name="testXB_1FIYM5I_4 - 1.3" classname="org.eclipse.jdt.core.tests.compiler.parser.CompletionParserTest" time="0"/>
  <testcase name="testX_1FGGV8C_1 - 1.3" classname="org.eclipse.jdt.core.tests.compiler.parser.CompletionParserTest" time="0"/>
  <testcase name="testX_1FGGV8C_2 - 1.3" classname="org.eclipse.jdt.core.tests.compiler.parser.CompletionParserTest" time="0.001"/>
  <testcase name="testX_1FGGV8C_3 - 1.3" classname="org.eclipse.jdt.core.tests.compiler.parser.CompletionParserTest" time="0"/>
  <testcase name="testX_1FGGV8C_4 - 1.3" classname="org.eclipse.jdt.core.tests.compiler.parser.CompletionParserTest" time="0.001"/>
  <testcase name="testX_1FGPE8E - 1.3" classname="org.eclipse.jdt.core.tests.compiler.parser.CompletionParserTest" time="0"/>
  <testcase name="testYA_1FGRIUH - 1.3" classname="org.eclipse.jdt.core.tests.compiler.parser.CompletionParserTest" time="0"/>
  <testcase name="testYB_1FJ4D46_1 - 1.3" classname="org.eclipse.jdt.core.tests.compiler.parser.CompletionParserTest" time="0"/>
  <testcase name="testY_1FGPESI - 1.3" classname="org.eclipse.jdt.core.tests.compiler.parser.CompletionParserTest" time="0"/>
  <testcase name="testZA_1 - 1.3" classname="org.eclipse.jdt.core.tests.compiler.parser.CompletionParserTest" time="0"/>
  <testcase name="testZA_2 - 1.3" classname="org.eclipse.jdt.core.tests.compiler.parser.CompletionParserTest" time="0.001"/>
  <testcase name="testZA_3 - 1.3" classname="org.eclipse.jdt.core.tests.compiler.parser.CompletionParserTest" time="0"/>
  <testcase name="testZB_1FJ4D46_1 - 1.3" classname="org.eclipse.jdt.core.tests.compiler.parser.CompletionParserTest" time="0.001"/>
  <testcase name="testZB_1FJ4D46_2 - 1.3" classname="org.eclipse.jdt.core.tests.compiler.parser.CompletionParserTest" time="0"/>
  <testcase name="testZ_1FGPF3D_1 - 1.3" classname="org.eclipse.jdt.core.tests.compiler.parser.CompletionParserTest" time="0"/>
  <testcase name="testZ_1FGPF3D_2 - 1.3" classname="org.eclipse.jdt.core.tests.compiler.parser.CompletionParserTest" time="0"/>
  <testcase name="test0001 - 1.3" classname="org.eclipse.jdt.core.tests.compiler.parser.CompletionParserTest2" time="0"/>
  <testcase name="test0001 - 1.3" classname="org.eclipse.jdt.core.tests.compiler.parser.CompletionParserTestKeyword" time="0.001"/>
  <testcase name="test0001 - 1.3" classname="org.eclipse.jdt.core.tests.compiler.parser.StatementRecoveryTest" time="0.001"/>
  <testcase name="test0001 - 1.3" classname="org.eclipse.jdt.core.tests.compiler.parser.ComplianceDiagnoseTest" time="0.001"/>
  <testcase name="test0002_Diet - 1.3" classname="org.eclipse.jdt.core.tests.compiler.parser.CompletionParserTest2" time="0"/>
  <testcase name="test0002_Method - 1.3" classname="org.eclipse.jdt.core.tests.compiler.parser.CompletionParserTest2" time="0"/>
  <testcase name="test0003_Diet - 1.3" classname="org.eclipse.jdt.core.tests.compiler.parser.CompletionParserTest2" time="0.001"/>
  <testcase name="test0003_Method - 1.3" classname="org.eclipse.jdt.core.tests.compiler.parser.CompletionParserTest2" time="0"/>
  <testcase name="test0004 - 1.3" classname="org.eclipse.jdt.core.tests.compiler.parser.CompletionParserTest2" time="0"/>
  <testcase name="test0004 - 1.3" classname="org.eclipse.jdt.core.tests.compiler.parser.CompletionParserTestKeyword" time="0"/>
  <testcase name="test0004 - 1.3" classname="org.eclipse.jdt.core.tests.compiler.parser.StatementRecoveryTest" time="0.002"/>
  <testcase name="test0004 - 1.3" classname="org.eclipse.jdt.core.tests.compiler.parser.ComplianceDiagnoseTest" time="0.001"/>
  <testcase name="test0005_Diet - 1.3" classname="org.eclipse.jdt.core.tests.compiler.parser.CompletionParserTest2" time="0.001"/>
  <testcase name="test0005_Method - 1.3" classname="org.eclipse.jdt.core.tests.compiler.parser.CompletionParserTest2" time="0"/>
  <testcase name="test0006_Diet - 1.3" classname="org.eclipse.jdt.core.tests.compiler.parser.CompletionParserTest2" time="0.001"/>
  <testcase name="test0006_Method - 1.3" classname="org.eclipse.jdt.core.tests.compiler.parser.CompletionParserTest2" time="0"/>
  <testcase name="test0007 - 1.3" classname="org.eclipse.jdt.core.tests.compiler.parser.CompletionParserTest2" time="0.001"/>
  <testcase name="test0007 - 1.3" classname="org.eclipse.jdt.core.tests.compiler.parser.CompletionParserTestKeyword" time="0"/>
  <testcase name="test0007 - 1.3" classname="org.eclipse.jdt.core.tests.compiler.parser.StatementRecoveryTest" time="0.002"/>
  <testcase name="test0007 - 1.3" classname="org.eclipse.jdt.core.tests.compiler.parser.ComplianceDiagnoseTest" time="0.002"/>
  <testcase name="test0008_Diet - 1.3" classname="org.eclipse.jdt.core.tests.compiler.parser.CompletionParserTest2" time="0"/>
  <testcase name="test0008_Method - 1.3" classname="org.eclipse.jdt.core.tests.compiler.parser.CompletionParserTest2" time="0"/>
  <testcase name="test0009_Diet - 1.3" classname="org.eclipse.jdt.core.tests.compiler.parser.CompletionParserTest2" time="0.001"/>
  <testcase name="test0009_Method - 1.3" classname="org.eclipse.jdt.core.tests.compiler.parser.CompletionParserTest2" time="0"/>
  <testcase name="test0010 - 1.3" classname="org.eclipse.jdt.core.tests.compiler.parser.CompletionParserTest2" time="0.001"/>
  <testcase name="test0010 - 1.3" classname="org.eclipse.jdt.core.tests.compiler.parser.CompletionParserTestKeyword" time="0"/>
  <testcase name="test0010 - 1.3" classname="org.eclipse.jdt.core.tests.compiler.parser.StatementRecoveryTest" time="0.001"/>
  <testcase name="test0010 - 1.3" classname="org.eclipse.jdt.core.tests.compiler.parser.ComplianceDiagnoseTest" time="0.001"/>
  <testcase name="test0011_Diet - 1.3" classname="org.eclipse.jdt.core.tests.compiler.parser.CompletionParserTest2" time="0"/>
  <testcase name="test0011_Method - 1.3" classname="org.eclipse.jdt.core.tests.compiler.parser.CompletionParserTest2" time="0"/>
  <testcase name="test0012_Diet - 1.3" classname="org.eclipse.jdt.core.tests.compiler.parser.CompletionParserTest2" time="0.001"/>
  <testcase name="test0012_Method - 1.3" classname="org.eclipse.jdt.core.tests.compiler.parser.CompletionParserTest2" time="0"/>
  <testcase name="test0013 - 1.3" classname="org.eclipse.jdt.core.tests.compiler.parser.CompletionParserTest2" time="0.001"/>
  <testcase name="test0013 - 1.3" classname="org.eclipse.jdt.core.tests.compiler.parser.CompletionParserTestKeyword" time="0"/>
  <testcase name="test0013 - 1.3" classname="org.eclipse.jdt.core.tests.compiler.parser.StatementRecoveryTest" time="0.002"/>
  <testcase name="test0013 - 1.3" classname="org.eclipse.jdt.core.tests.compiler.parser.ComplianceDiagnoseTest" time="0.001"/>
  <testcase name="test0014_Diet - 1.3" classname="org.eclipse.jdt.core.tests.compiler.parser.CompletionParserTest2" time="0"/>
  <testcase name="test0014_Method - 1.3" classname="org.eclipse.jdt.core.tests.compiler.parser.CompletionParserTest2" time="0"/>
  <testcase name="test0015_Diet - 1.3" classname="org.eclipse.jdt.core.tests.compiler.parser.CompletionParserTest2" time="0.001"/>
  <testcase name="test0015_Method - 1.3" classname="org.eclipse.jdt.core.tests.compiler.parser.CompletionParserTest2" time="0"/>
  <testcase name="test0016 - 1.3" classname="org.eclipse.jdt.core.tests.compiler.parser.CompletionParserTest2" time="0.001"/>
  <testcase name="test0016 - 1.3" classname="org.eclipse.jdt.core.tests.compiler.parser.CompletionParserTestKeyword" time="0"/>
  <testcase name="test0016 - 1.3" classname="org.eclipse.jdt.core.tests.compiler.parser.StatementRecoveryTest" time="0.002"/>
  <testcase name="test0016 - 1.3" classname="org.eclipse.jdt.core.tests.compiler.parser.ComplianceDiagnoseTest" time="0.002"/>
  <testcase name="test0017_Diet - 1.3" classname="org.eclipse.jdt.core.tests.compiler.parser.CompletionParserTest2" time="0"/>
  <testcase name="test0017_Method - 1.3" classname="org.eclipse.jdt.core.tests.compiler.parser.CompletionParserTest2" time="0"/>
  <testcase name="test0018_Diet - 1.3" classname="org.eclipse.jdt.core.tests.compiler.parser.CompletionParserTest2" time="0.001"/>
  <testcase name="test0018_Method - 1.3" classname="org.eclipse.jdt.core.tests.compiler.parser.CompletionParserTest2" time="0"/>
  <testcase name="test0019 - 1.3" classname="org.eclipse.jdt.core.tests.compiler.parser.CompletionParserTest2" time="0"/>
  <testcase name="test0019 - 1.3" classname="org.eclipse.jdt.core.tests.compiler.parser.CompletionParserTestKeyword" time="0"/>
  <testcase name="test0019 - 1.3" classname="org.eclipse.jdt.core.tests.compiler.parser.StatementRecoveryTest" time="0.002"/>
  <testcase name="test0019 - 1.3" classname="org.eclipse.jdt.core.tests.compiler.parser.ComplianceDiagnoseTest" time="0.002"/>
  <testcase name="test0020_Diet - 1.3" classname="org.eclipse.jdt.core.tests.compiler.parser.CompletionParserTest2" time="0.001"/>
  <testcase name="test0020_Method - 1.3" classname="org.eclipse.jdt.core.tests.compiler.parser.CompletionParserTest2" time="0"/>
  <testcase name="test0021_Diet - 1.3" classname="org.eclipse.jdt.core.tests.compiler.parser.CompletionParserTest2" time="0"/>
  <testcase name="test0021_Diet - 1.3" classname="org.eclipse.jdt.core.tests.compiler.parser.CompletionParserTestKeyword" time="0"/>
  <testcase name="test0021_Method - 1.3" classname="org.eclipse.jdt.core.tests.compiler.parser.CompletionParserTest2" time="0"/>
  <testcase name="test0021_Method - 1.3" classname="org.eclipse.jdt.core.tests.compiler.parser.CompletionParserTestKeyword" time="0"/>
  <testcase name="test0022 - 1.3" classname="org.eclipse.jdt.core.tests.compiler.parser.CompletionParserTest2" time="0"/>
  <testcase name="test0022 - 1.3" classname="org.eclipse.jdt.core.tests.compiler.parser.StatementRecoveryTest" time="0.002"/>
  <testcase name="test0022 - 1.3" classname="org.eclipse.jdt.core.tests.compiler.parser.ComplianceDiagnoseTest" time="0.002"/>
  <testcase name="test0023_Diet - 1.3" classname="org.eclipse.jdt.core.tests.compiler.parser.CompletionParserTest2" time="0.001"/>
  <testcase name="test0023_Diet - 1.3" classname="org.eclipse.jdt.core.tests.compiler.parser.CompletionParserTestKeyword" time="0"/>
  <testcase name="test0023_Method - 1.3" classname="org.eclipse.jdt.core.tests.compiler.parser.CompletionParserTest2" time="0"/>
  <testcase name="test0023_Method - 1.3" classname="org.eclipse.jdt.core.tests.compiler.parser.CompletionParserTestKeyword" time="0.001"/>
  <testcase name="test0024_Diet - 1.3" classname="org.eclipse.jdt.core.tests.compiler.parser.CompletionParserTest2" time="0"/>
  <testcase name="test0024_Diet - 1.3" classname="org.eclipse.jdt.core.tests.compiler.parser.CompletionParserTestKeyword" time="0"/>
  <testcase name="test0024_Method - 1.3" classname="org.eclipse.jdt.core.tests.compiler.parser.CompletionParserTest2" time="0.001"/>
  <testcase name="test0024_Method - 1.3" classname="org.eclipse.jdt.core.tests.compiler.parser.CompletionParserTestKeyword" time="0"/>
  <testcase name="test0025 - 1.3" classname="org.eclipse.jdt.core.tests.compiler.parser.CompletionParserTest2" time="0"/>
  <testcase name="test0025 - 1.3" classname="org.eclipse.jdt.core.tests.compiler.parser.StatementRecoveryTest" time="0.002"/>
  <testcase name="test0025 - 1.3" classname="org.eclipse.jdt.core.tests.compiler.parser.ComplianceDiagnoseTest" time="0.001"/>
  <testcase name="test0026_Diet - 1.3" classname="org.eclipse.jdt.core.tests.compiler.parser.CompletionParserTest2" time="0"/>
  <testcase name="test0026_Diet - 1.3" classname="org.eclipse.jdt.core.tests.compiler.parser.CompletionParserTestKeyword" time="0"/>
  <testcase name="test0026_Method - 1.3" classname="org.eclipse.jdt.core.tests.compiler.parser.CompletionParserTest2" time="0.001"/>
  <testcase name="test0026_Method - 1.3" classname="org.eclipse.jdt.core.tests.compiler.parser.CompletionParserTestKeyword" time="0.001"/>
  <testcase name="test0027_Diet - 1.3" classname="org.eclipse.jdt.core.tests.compiler.parser.CompletionParserTest2" time="0"/>
  <testcase name="test0027_Diet - 1.3" classname="org.eclipse.jdt.core.tests.compiler.parser.CompletionParserTestKeyword" time="0"/>
  <testcase name="test0027_Method - 1.3" classname="org.eclipse.jdt.core.tests.compiler.parser.CompletionParserTest2" time="0"/>
  <testcase name="test0027_Method - 1.3" classname="org.eclipse.jdt.core.tests.compiler.parser.CompletionParserTestKeyword" time="0"/>
  <testcase name="test0028 - 1.3" classname="org.eclipse.jdt.core.tests.compiler.parser.CompletionParserTest2" time="0"/>
  <testcase name="test0028 - 1.3" classname="org.eclipse.jdt.core.tests.compiler.parser.StatementRecoveryTest" time="0.003"/>
  <testcase name="test0028 - 1.3" classname="org.eclipse.jdt.core.tests.compiler.parser.ComplianceDiagnoseTest" time="0.001"/>
  <testcase name="test0029_Diet - 1.3" classname="org.eclipse.jdt.core.tests.compiler.parser.CompletionParserTest2" time="0"/>
  <testcase name="test0029_Method - 1.3" classname="org.eclipse.jdt.core.tests.compiler.parser.CompletionParserTest2" time="0.001"/>
  <testcase name="test0030_Diet - 1.3" classname="org.eclipse.jdt.core.tests.compiler.parser.CompletionParserTest2" time="0"/>
  <testcase name="test0030_Method - 1.3" classname="org.eclipse.jdt.core.tests.compiler.parser.CompletionParserTest2" time="0"/>
  <testcase name="test0031_Diet - 1.3" classname="org.eclipse.jdt.core.tests.compiler.parser.CompletionParserTest2" time="0.001"/>
  <testcase name="test0031_Method - 1.3" classname="org.eclipse.jdt.core.tests.compiler.parser.CompletionParserTest2" time="0"/>
  <testcase name="test0032_Diet - 1.3" classname="org.eclipse.jdt.core.tests.compiler.parser.CompletionParserTest2" time="0"/>
  <testcase name="test0032_Method - 1.3" classname="org.eclipse.jdt.core.tests.compiler.parser.CompletionParserTest2" time="0.001"/>
  <testcase name="test0033_Diet - 1.3" classname="org.eclipse.jdt.core.tests.compiler.parser.CompletionParserTest2" time="0"/>
  <testcase name="test0033_Method - 1.3" classname="org.eclipse.jdt.core.tests.compiler.parser.CompletionParserTest2" time="0.001"/>
  <testcase name="test0034_Diet - 1.3" classname="org.eclipse.jdt.core.tests.compiler.parser.CompletionParserTest2" time="0"/>
  <testcase name="test0034_Method - 1.3" classname="org.eclipse.jdt.core.tests.compiler.parser.CompletionParserTest2" time="0.001"/>
  <testcase name="test0035_Diet - 1.3" classname="org.eclipse.jdt.core.tests.compiler.parser.CompletionParserTest2" time="0"/>
  <testcase name="test0035_Method - 1.3" classname="org.eclipse.jdt.core.tests.compiler.parser.CompletionParserTest2" time="0.001"/>
  <testcase name="test0036_Diet - 1.3" classname="org.eclipse.jdt.core.tests.compiler.parser.CompletionParserTest2" time="0"/>
  <testcase name="test0036_Method - 1.3" classname="org.eclipse.jdt.core.tests.compiler.parser.CompletionParserTest2" time="0.001"/>
  <testcase name="test0037 - 1.3" classname="org.eclipse.jdt.core.tests.compiler.parser.CompletionParserTest2" time="0"/>
  <testcase name="test0037 - 1.3" classname="org.eclipse.jdt.core.tests.compiler.parser.StatementRecoveryTest" time="0.002"/>
  <testcase name="test0037 - 1.3" classname="org.eclipse.jdt.core.tests.compiler.parser.ComplianceDiagnoseTest" time="0.002"/>
  <testcase name="test0038_Diet - 1.3" classname="org.eclipse.jdt.core.tests.compiler.parser.CompletionParserTest2" time="0.001"/>
  <testcase name="test0038_Diet - 1.3" classname="org.eclipse.jdt.core.tests.compiler.parser.CompletionParserTestKeyword" time="0"/>
  <testcase name="test0038_Method - 1.3" classname="org.eclipse.jdt.core.tests.compiler.parser.CompletionParserTest2" time="0"/>
  <testcase name="test0038_Method - 1.3" classname="org.eclipse.jdt.core.tests.compiler.parser.CompletionParserTestKeyword" time="0"/>
  <testcase name="test0039_Diet - 1.3" classname="org.eclipse.jdt.core.tests.compiler.parser.CompletionParserTest2" time="0"/>
  <testcase name="test0039_Diet - 1.3" classname="org.eclipse.jdt.core.tests.compiler.parser.CompletionParserTestKeyword" time="0"/>
  <testcase name="test0039_Method - 1.3" classname="org.eclipse.jdt.core.tests.compiler.parser.CompletionParserTest2" time="0.001"/>
  <testcase name="test0039_Method - 1.3" classname="org.eclipse.jdt.core.tests.compiler.parser.CompletionParserTestKeyword" time="0"/>
  <testcase name="test0040 - 1.3" classname="org.eclipse.jdt.core.tests.compiler.parser.CompletionParserTest2" time="0"/>
  <testcase name="test0040 - 1.3" classname="org.eclipse.jdt.core.tests.compiler.parser.StatementRecoveryTest" time="0.002"/>
  <testcase name="test0040 - 1.3" classname="org.eclipse.jdt.core.tests.compiler.parser.ComplianceDiagnoseTest" time="0.001"/>
  <testcase name="test0041_Diet - 1.3" classname="org.eclipse.jdt.core.tests.compiler.parser.CompletionParserTest2" time="0.001"/>
  <testcase name="test0041_Diet - 1.3" classname="org.eclipse.jdt.core.tests.compiler.parser.CompletionParserTestKeyword" time="0"/>
  <testcase name="test0041_Method - 1.3" classname="org.eclipse.jdt.core.tests.compiler.parser.CompletionParserTest2" time="0"/>
  <testcase name="test0041_Method - 1.3" classname="org.eclipse.jdt.core.tests.compiler.parser.CompletionParserTestKeyword" time="0.001"/>
  <testcase name="test0042_Diet - 1.3" classname="org.eclipse.jdt.core.tests.compiler.parser.CompletionParserTest2" time="0.001"/>
  <testcase name="test0042_Diet - 1.3" classname="org.eclipse.jdt.core.tests.compiler.parser.CompletionParserTestKeyword" time="0"/>
  <testcase name="test0042_Method - 1.3" classname="org.eclipse.jdt.core.tests.compiler.parser.CompletionParserTest2" time="0"/>
  <testcase name="test0042_Method - 1.3" classname="org.eclipse.jdt.core.tests.compiler.parser.CompletionParserTestKeyword" time="0.001"/>
  <testcase name="test0043 - 1.3" classname="org.eclipse.jdt.core.tests.compiler.parser.CompletionParserTest2" time="0"/>
  <testcase name="test0043 - 1.3" classname="org.eclipse.jdt.core.tests.compiler.parser.StatementRecoveryTest" time="0.002"/>
  <testcase name="test0043 - 1.3" classname="org.eclipse.jdt.core.tests.compiler.parser.ComplianceDiagnoseTest" time="0.001"/>
  <testcase name="test0044_Diet - 1.3" classname="org.eclipse.jdt.core.tests.compiler.parser.CompletionParserTest2" time="0"/>
  <testcase name="test0044_Diet - 1.3" classname="org.eclipse.jdt.core.tests.compiler.parser.CompletionParserTestKeyword" time="0.001"/>
  <testcase name="test0044_Method - 1.3" classname="org.eclipse.jdt.core.tests.compiler.parser.CompletionParserTest2" time="0"/>
  <testcase name="test0044_Method - 1.3" classname="org.eclipse.jdt.core.tests.compiler.parser.CompletionParserTestKeyword" time="0"/>
  <testcase name="test0045_Diet - 1.3" classname="org.eclipse.jdt.core.tests.compiler.parser.CompletionParserTest2" time="0"/>
  <testcase name="test0045_Diet - 1.3" classname="org.eclipse.jdt.core.tests.compiler.parser.CompletionParserTestKeyword" time="0"/>
  <testcase name="test0045_Method - 1.3" classname="org.eclipse.jdt.core.tests.compiler.parser.CompletionParserTest2" time="0.001"/>
  <testcase name="test0045_Method - 1.3" classname="org.eclipse.jdt.core.tests.compiler.parser.CompletionParserTestKeyword" time="0"/>
  <testcase name="test0046 - 1.3" classname="org.eclipse.jdt.core.tests.compiler.parser.CompletionParserTest2" time="0"/>
  <testcase name="test0046 - 1.3" classname="org.eclipse.jdt.core.tests.compiler.parser.StatementRecoveryTest" time="0.002"/>
  <testcase name="test0046 - 1.3" classname="org.eclipse.jdt.core.tests.compiler.parser.ComplianceDiagnoseTest" time="0.001"/>
  <testcase name="test0047_Diet - 1.3" classname="org.eclipse.jdt.core.tests.compiler.parser.CompletionParserTest2" time="0"/>
  <testcase name="test0047_Method - 1.3" classname="org.eclipse.jdt.core.tests.compiler.parser.CompletionParserTest2" time="0.001"/>
  <testcase name="test0048_Diet - 1.3" classname="org.eclipse.jdt.core.tests.compiler.parser.CompletionParserTest2" time="0"/>
  <testcase name="test0048_Method - 1.3" classname="org.eclipse.jdt.core.tests.compiler.parser.CompletionParserTest2" time="0"/>
  <testcase name="test0049 - 1.3" classname="org.eclipse.jdt.core.tests.compiler.parser.CompletionParserTest2" time="0"/>
  <testcase name="test0049 - 1.3" classname="org.eclipse.jdt.core.tests.compiler.parser.CompletionParserTestKeyword" time="0"/>
  <testcase name="test0049 - 1.3" classname="org.eclipse.jdt.core.tests.compiler.parser.ComplianceDiagnoseTest" time="0.004"/>
  <testcase name="test0050_Diet - 1.3" classname="org.eclipse.jdt.core.tests.compiler.parser.CompletionParserTest2" time="0"/>
  <testcase name="test0050_Method - 1.3" classname="org.eclipse.jdt.core.tests.compiler.parser.CompletionParserTest2" time="0.001"/>
  <testcase name="test0051_Diet - 1.3" classname="org.eclipse.jdt.core.tests.compiler.parser.CompletionParserTest2" time="0"/>
  <testcase name="test0051_Method - 1.3" classname="org.eclipse.jdt.core.tests.compiler.parser.CompletionParserTest2" time="0"/>
  <testcase name="test0052 - 1.3" classname="org.eclipse.jdt.core.tests.compiler.parser.CompletionParserTest2" time="0"/>
  <testcase name="test0052 - 1.3" classname="org.eclipse.jdt.core.tests.compiler.parser.CompletionParserTestKeyword" time="0"/>
  <testcase name="test0052 - 1.3" classname="org.eclipse.jdt.core.tests.compiler.parser.ComplianceDiagnoseTest" time="0.002"/>
  <testcase name="test0053_Diet - 1.3" classname="org.eclipse.jdt.core.tests.compiler.parser.CompletionParserTest2" time="0.001"/>
  <testcase name="test0053_Method - 1.3" classname="org.eclipse.jdt.core.tests.compiler.parser.CompletionParserTest2" time="0"/>
  <testcase name="test0054_Diet - 1.3" classname="org.eclipse.jdt.core.tests.compiler.parser.CompletionParserTest2" time="0.001"/>
  <testcase name="test0054_Method - 1.3" classname="org.eclipse.jdt.core.tests.compiler.parser.CompletionParserTest2" time="0"/>
  <testcase name="test0055 - 1.3" classname="org.eclipse.jdt.core.tests.compiler.parser.CompletionParserTest2" time="0.001"/>
  <testcase name="test0055 - 1.3" classname="org.eclipse.jdt.core.tests.compiler.parser.ComplianceDiagnoseTest" time="0.003"/>
  <testcase name="test0056_Diet - 1.3" classname="org.eclipse.jdt.core.tests.compiler.parser.CompletionParserTest2" time="0"/>
  <testcase name="test0056_Diet - 1.3" classname="org.eclipse.jdt.core.tests.compiler.parser.CompletionParserTestKeyword" time="0"/>
  <testcase name="test0056_Method - 1.3" classname="org.eclipse.jdt.core.tests.compiler.parser.CompletionParserTest2" time="0"/>
  <testcase name="test0056_Method - 1.3" classname="org.eclipse.jdt.core.tests.compiler.parser.CompletionParserTestKeyword" time="0"/>
  <testcase name="test0057_Diet - 1.3" classname="org.eclipse.jdt.core.tests.compiler.parser.CompletionParserTest2" time="0"/>
  <testcase name="test0057_Diet - 1.3" classname="org.eclipse.jdt.core.tests.compiler.parser.CompletionParserTestKeyword" time="0"/>
  <testcase name="test0057_Method - 1.3" classname="org.eclipse.jdt.core.tests.compiler.parser.CompletionParserTest2" time="0.001"/>
  <testcase name="test0057_Method - 1.3" classname="org.eclipse.jdt.core.tests.compiler.parser.CompletionParserTestKeyword" time="0.001"/>
  <testcase name="test0058 - 1.3" classname="org.eclipse.jdt.core.tests.compiler.parser.CompletionParserTest2" time="0"/>
  <testcase name="test0058 - 1.3" classname="org.eclipse.jdt.core.tests.compiler.parser.ComplianceDiagnoseTest" time="0.002"/>
  <testcase name="test0059_Diet - 1.3" classname="org.eclipse.jdt.core.tests.compiler.parser.CompletionParserTest2" time="0"/>
  <testcase name="test0059_Diet - 1.3" classname="org.eclipse.jdt.core.tests.compiler.parser.CompletionParserTestKeyword" time="0.001"/>
  <testcase name="test0059_Method - 1.3" classname="org.eclipse.jdt.core.tests.compiler.parser.CompletionParserTest2" time="0.001"/>
  <testcase name="test0059_Method - 1.3" classname="org.eclipse.jdt.core.tests.compiler.parser.CompletionParserTestKeyword" time="0"/>
  <testcase name="test0060_Diet - 1.3" classname="org.eclipse.jdt.core.tests.compiler.parser.CompletionParserTest2" time="0"/>
  <testcase name="test0060_Method - 1.3" classname="org.eclipse.jdt.core.tests.compiler.parser.CompletionParserTest2" time="0"/>
  <testcase name="test0061 - 1.3" classname="org.eclipse.jdt.core.tests.compiler.parser.CompletionParserTest2" time="0.001"/>
  <testcase name="test0061 - 1.3" classname="org.eclipse.jdt.core.tests.compiler.parser.CompletionParserTestKeyword" time="0.001"/>
  <testcase name="test0061 - 1.3" classname="org.eclipse.jdt.core.tests.compiler.parser.ComplianceDiagnoseTest" time="0.001"/>
  <testcase name="test0062_Diet - 1.3" classname="org.eclipse.jdt.core.tests.compiler.parser.CompletionParserTest2" time="0"/>
  <testcase name="test0062_Method - 1.3" classname="org.eclipse.jdt.core.tests.compiler.parser.CompletionParserTest2" time="0"/>
  <testcase name="test0063_Diet - 1.3" classname="org.eclipse.jdt.core.tests.compiler.parser.CompletionParserTest2" time="0.001"/>
  <testcase name="test0063_Method - 1.3" classname="org.eclipse.jdt.core.tests.compiler.parser.CompletionParserTest2" time="0"/>
  <testcase name="test0064 - 1.3" classname="org.eclipse.jdt.core.tests.compiler.parser.CompletionParserTest2" time="0"/>
  <testcase name="test0064 - 1.3" classname="org.eclipse.jdt.core.tests.compiler.parser.CompletionParserTestKeyword" time="0.001"/>
  <testcase name="test0064 - 1.3" classname="org.eclipse.jdt.core.tests.compiler.parser.ComplianceDiagnoseTest" time="0.001"/>
  <testcase name="test0065_Diet - 1.3" classname="org.eclipse.jdt.core.tests.compiler.parser.CompletionParserTest2" time="0.001"/>
  <testcase name="test0065_Method - 1.3" classname="org.eclipse.jdt.core.tests.compiler.parser.CompletionParserTest2" time="0"/>
  <testcase name="test0066_Diet - 1.3" classname="org.eclipse.jdt.core.tests.compiler.parser.CompletionParserTest2" time="0"/>
  <testcase name="test0066_Method - 1.3" classname="org.eclipse.jdt.core.tests.compiler.parser.CompletionParserTest2" time="0.001"/>
  <testcase name="test0067_Diet - 1.3" classname="org.eclipse.jdt.core.tests.compiler.parser.CompletionParserTest2" time="0"/>
  <testcase name="test0067_Method - 1.3" classname="org.eclipse.jdt.core.tests.compiler.parser.CompletionParserTest2" time="0.001"/>
  <testcase name="test0068_Diet - 1.3" classname="org.eclipse.jdt.core.tests.compiler.parser.CompletionParserTest2" time="0"/>
  <testcase name="test0068_Method - 1.3" classname="org.eclipse.jdt.core.tests.compiler.parser.CompletionParserTest2" time="0"/>
  <testcase name="test0069_Diet - 1.3" classname="org.eclipse.jdt.core.tests.compiler.parser.CompletionParserTest2" time="0.001"/>
  <testcase name="test0069_Method - 1.3" classname="org.eclipse.jdt.core.tests.compiler.parser.CompletionParserTest2" time="0"/>
  <testcase name="test0070_Diet - 1.3" classname="org.eclipse.jdt.core.tests.compiler.parser.CompletionParserTest2" time="0.001"/>
  <testcase name="test0070_Method - 1.3" classname="org.eclipse.jdt.core.tests.compiler.parser.CompletionParserTest2" time="0"/>
  <testcase name="test0071_Diet - 1.3" classname="org.eclipse.jdt.core.tests.compiler.parser.CompletionParserTest2" time="0.001"/>
  <testcase name="test0071_Method - 1.3" classname="org.eclipse.jdt.core.tests.compiler.parser.CompletionParserTest2" time="0"/>
  <testcase name="test0072_Diet - 1.3" classname="org.eclipse.jdt.core.tests.compiler.parser.CompletionParserTest2" time="0"/>
  <testcase name="test0072_Method - 1.3" classname="org.eclipse.jdt.core.tests.compiler.parser.CompletionParserTest2" time="0"/>
  <testcase name="test0073 - 1.3" classname="org.eclipse.jdt.core.tests.compiler.parser.CompletionParserTest2" time="0"/>
  <testcase name="test0073 - 1.3" classname="org.eclipse.jdt.core.tests.compiler.parser.CompletionParserTestKeyword" time="0"/>
  <testcase name="test0074_Diet - 1.3" classname="org.eclipse.jdt.core.tests.compiler.parser.CompletionParserTest2" time="0.001"/>
  <testcase name="test0074_Method - 1.3" classname="org.eclipse.jdt.core.tests.compiler.parser.CompletionParserTest2" time="0"/>
  <testcase name="test0075_Diet - 1.3" classname="org.eclipse.jdt.core.tests.compiler.parser.CompletionParserTest2" time="0"/>
  <testcase name="test0075_Method - 1.3" classname="org.eclipse.jdt.core.tests.compiler.parser.CompletionParserTest2" time="0.001"/>
  <testcase name="test0076 - 1.3" classname="org.eclipse.jdt.core.tests.compiler.parser.CompletionParserTest2" time="0"/>
  <testcase name="test0076 - 1.3" classname="org.eclipse.jdt.core.tests.compiler.parser.CompletionParserTestKeyword" time="0"/>
  <testcase name="test0077_Diet - 1.3" classname="org.eclipse.jdt.core.tests.compiler.parser.CompletionParserTest2" time="0"/>
  <testcase name="test0077_Method - 1.3" classname="org.eclipse.jdt.core.tests.compiler.parser.CompletionParserTest2" time="0.001"/>
  <testcase name="test0078_Diet - 1.3" classname="org.eclipse.jdt.core.tests.compiler.parser.CompletionParserTest2" time="0"/>
  <testcase name="test0078_Method - 1.3" classname="org.eclipse.jdt.core.tests.compiler.parser.CompletionParserTest2" time="0.001"/>
  <testcase name="test0079_Diet - 1.3" classname="org.eclipse.jdt.core.tests.compiler.parser.CompletionParserTest2" time="0"/>
  <testcase name="test0079_Method - 1.3" classname="org.eclipse.jdt.core.tests.compiler.parser.CompletionParserTest2" time="0"/>
  <testcase name="test0080_Diet - 1.3" classname="org.eclipse.jdt.core.tests.compiler.parser.CompletionParserTest2" time="0.001"/>
  <testcase name="test0080_Diet - 1.3" classname="org.eclipse.jdt.core.tests.compiler.parser.CompletionParserTestKeyword" time="0"/>
  <testcase name="test0080_Method - 1.3" classname="org.eclipse.jdt.core.tests.compiler.parser.CompletionParserTest2" time="0"/>
  <testcase name="test0080_Method - 1.3" classname="org.eclipse.jdt.core.tests.compiler.parser.CompletionParserTestKeyword" time="0"/>
  <testcase name="test0081_Diet - 1.3" classname="org.eclipse.jdt.core.tests.compiler.parser.CompletionParserTest2" time="0.001"/>
  <testcase name="test0081_Diet - 1.3" classname="org.eclipse.jdt.core.tests.compiler.parser.CompletionParserTestKeyword" time="0"/>
  <testcase name="test0081_Method - 1.3" classname="org.eclipse.jdt.core.tests.compiler.parser.CompletionParserTest2" time="0"/>
  <testcase name="test0081_Method - 1.3" classname="org.eclipse.jdt.core.tests.compiler.parser.CompletionParserTestKeyword" time="0.001"/>
  <testcase name="test0082_Diet - 1.3" classname="org.eclipse.jdt.core.tests.compiler.parser.CompletionParserTest2" time="0.001"/>
  <testcase name="test0082_Diet - 1.3" classname="org.eclipse.jdt.core.tests.compiler.parser.CompletionParserTestKeyword" time="0"/>
  <testcase name="test0082_Method - 1.3" classname="org.eclipse.jdt.core.tests.compiler.parser.CompletionParserTest2" time="0"/>
  <testcase name="test0082_Method - 1.3" classname="org.eclipse.jdt.core.tests.compiler.parser.CompletionParserTestKeyword" time="0"/>
  <testcase name="test0083_Diet - 1.3" classname="org.eclipse.jdt.core.tests.compiler.parser.CompletionParserTest2" time="0"/>
  <testcase name="test0083_Method - 1.3" classname="org.eclipse.jdt.core.tests.compiler.parser.CompletionParserTest2" time="0.001"/>
  <testcase name="test0084_Diet - 1.3" classname="org.eclipse.jdt.core.tests.compiler.parser.CompletionParserTest2" time="0"/>
  <testcase name="test0084_Method - 1.3" classname="org.eclipse.jdt.core.tests.compiler.parser.CompletionParserTest2" time="0.001"/>
  <testcase name="test0085_Diet - 1.3" classname="org.eclipse.jdt.core.tests.compiler.parser.CompletionParserTest2" time="0"/>
  <testcase name="test0085_Method - 1.3" classname="org.eclipse.jdt.core.tests.compiler.parser.CompletionParserTest2" time="0"/>
  <testcase name="test0086_Diet - 1.3" classname="org.eclipse.jdt.core.tests.compiler.parser.CompletionParserTest2" time="0"/>
  <testcase name="test0086_Method - 1.3" classname="org.eclipse.jdt.core.tests.compiler.parser.CompletionParserTest2" time="0"/>
  <testcase name="test0087_Diet - 1.3" classname="org.eclipse.jdt.core.tests.compiler.parser.CompletionParserTest2" time="0.001"/>
  <testcase name="test0087_Method - 1.3" classname="org.eclipse.jdt.core.tests.compiler.parser.CompletionParserTest2" time="0"/>
  <testcase name="test0088_Diet - 1.3" classname="org.eclipse.jdt.core.tests.compiler.parser.CompletionParserTest2" time="0.001"/>
  <testcase name="test0088_Method - 1.3" classname="org.eclipse.jdt.core.tests.compiler.parser.CompletionParserTest2" time="0"/>
  <testcase name="test0089_Diet - 1.3" classname="org.eclipse.jdt.core.tests.compiler.parser.CompletionParserTest2" time="0"/>
  <testcase name="test0089_Method - 1.3" classname="org.eclipse.jdt.core.tests.compiler.parser.CompletionParserTest2" time="0.001"/>
  <testcase name="test0090_Diet - 1.3" classname="org.eclipse.jdt.core.tests.compiler.parser.CompletionParserTest2" time="0"/>
  <testcase name="test0090_Diet - 1.3" classname="org.eclipse.jdt.core.tests.compiler.parser.CompletionParserTestKeyword" time="0.001"/>
  <testcase name="test0090_Method - 1.3" classname="org.eclipse.jdt.core.tests.compiler.parser.CompletionParserTest2" time="0.001"/>
  <testcase name="test0090_Method - 1.3" classname="org.eclipse.jdt.core.tests.compiler.parser.CompletionParserTestKeyword" time="0"/>
  <testcase name="test0091 - 1.3" classname="org.eclipse.jdt.core.tests.compiler.parser.CompletionParserTest2" time="0"/>
  <testcase name="test0092_Diet - 1.3" classname="org.eclipse.jdt.core.tests.compiler.parser.CompletionParserTest2" time="0"/>
  <testcase name="test0092_Diet - 1.3" classname="org.eclipse.jdt.core.tests.compiler.parser.CompletionParserTestKeyword" time="0"/>
  <testcase name="test0092_Method - 1.3" classname="org.eclipse.jdt.core.tests.compiler.parser.CompletionParserTest2" time="0.001"/>
  <testcase name="test0092_Method - 1.3" classname="org.eclipse.jdt.core.tests.compiler.parser.CompletionParserTestKeyword" time="0"/>
  <testcase name="test0093_Diet - 1.3" classname="org.eclipse.jdt.core.tests.compiler.parser.CompletionParserTest2" time="0"/>
  <testcase name="test0093_Diet - 1.3" classname="org.eclipse.jdt.core.tests.compiler.parser.CompletionParserTestKeyword" time="0.001"/>
  <testcase name="test0093_Method - 1.3" classname="org.eclipse.jdt.core.tests.compiler.parser.CompletionParserTest2" time="0"/>
  <testcase name="test0093_Method - 1.3" classname="org.eclipse.jdt.core.tests.compiler.parser.CompletionParserTestKeyword" time="0"/>
  <testcase name="test0094 - 1.3" classname="org.eclipse.jdt.core.tests.compiler.parser.CompletionParserTest2" time="0.001"/>
  <testcase name="test0095_Diet - 1.3" classname="org.eclipse.jdt.core.tests.compiler.parser.CompletionParserTest2" time="0"/>
  <testcase name="test0095_Diet - 1.3" classname="org.eclipse.jdt.core.tests.compiler.parser.CompletionParserTestKeyword" time="0"/>
  <testcase name="test0095_Method - 1.3" classname="org.eclipse.jdt.core.tests.compiler.parser.CompletionParserTest2" time="0"/>
  <testcase name="test0095_Method - 1.3" classname="org.eclipse.jdt.core.tests.compiler.parser.CompletionParserTestKeyword" time="0"/>
  <testcase name="test0096_Diet - 1.3" classname="org.eclipse.jdt.core.tests.compiler.parser.CompletionParserTest2" time="0.001"/>
  <testcase name="test0096_Diet - 1.3" classname="org.eclipse.jdt.core.tests.compiler.parser.CompletionParserTestKeyword" time="0"/>
  <testcase name="test0096_Method - 1.3" classname="org.eclipse.jdt.core.tests.compiler.parser.CompletionParserTest2" time="0"/>
  <testcase name="test0096_Method - 1.3" classname="org.eclipse.jdt.core.tests.compiler.parser.CompletionParserTestKeyword" time="0"/>
  <testcase name="test0097_Diet - 1.3" classname="org.eclipse.jdt.core.tests.compiler.parser.CompletionParserTest2" time="0"/>
  <testcase name="test0097_Diet - 1.3" classname="org.eclipse.jdt.core.tests.compiler.parser.CompletionParserTestKeyword" time="0"/>
  <testcase name="test0097_Method - 1.3" classname="org.eclipse.jdt.core.tests.compiler.parser.CompletionParserTest2" time="0.001"/>
  <testcase name="test0097_Method - 1.3" classname="org.eclipse.jdt.core.tests.compiler.parser.CompletionParserTestKeyword" time="0.001"/>
  <testcase name="test0098_Diet - 1.3" classname="org.eclipse.jdt.core.tests.compiler.parser.CompletionParserTest2" time="0"/>
  <testcase name="test0098_Diet - 1.3" classname="org.eclipse.jdt.core.tests.compiler.parser.CompletionParserTestKeyword" time="0"/>
  <testcase name="test0098_Method - 1.3" classname="org.eclipse.jdt.core.tests.compiler.parser.CompletionParserTest2" time="0"/>
  <testcase name="test0098_Method - 1.3" classname="org.eclipse.jdt.core.tests.compiler.parser.CompletionParserTestKeyword" time="0"/>
  <testcase name="test0099_Diet - 1.3" classname="org.eclipse.jdt.core.tests.compiler.parser.CompletionParserTest2" time="0"/>
  <testcase name="test0099_Diet - 1.3" classname="org.eclipse.jdt.core.tests.compiler.parser.CompletionParserTestKeyword" time="0.001"/>
  <testcase name="test0099_Method - 1.3" classname="org.eclipse.jdt.core.tests.compiler.parser.CompletionParserTest2" time="0"/>
  <testcase name="test0099_Method - 1.3" classname="org.eclipse.jdt.core.tests.compiler.parser.CompletionParserTestKeyword" time="0"/>
  <testcase name="test0100_Diet - 1.3" classname="org.eclipse.jdt.core.tests.compiler.parser.CompletionParserTest2" time="0"/>
  <testcase name="test0100_Diet - 1.3" classname="org.eclipse.jdt.core.tests.compiler.parser.CompletionParserTestKeyword" time="0"/>
  <testcase name="test0100_Method - 1.3" classname="org.eclipse.jdt.core.tests.compiler.parser.CompletionParserTest2" time="0.001"/>
  <testcase name="test0100_Method - 1.3" classname="org.eclipse.jdt.core.tests.compiler.parser.CompletionParserTestKeyword" time="0"/>
  <testcase name="test0101_Diet - 1.3" classname="org.eclipse.jdt.core.tests.compiler.parser.CompletionParserTest2" time="0"/>
  <testcase name="test0101_Method - 1.3" classname="org.eclipse.jdt.core.tests.compiler.parser.CompletionParserTest2" time="0"/>
  <testcase name="test0102_Diet - 1.3" classname="org.eclipse.jdt.core.tests.compiler.parser.CompletionParserTest2" time="0"/>
  <testcase name="test0102_Method - 1.3" classname="org.eclipse.jdt.core.tests.compiler.parser.CompletionParserTest2" time="0"/>
  <testcase name="test0103_Diet - 1.3" classname="org.eclipse.jdt.core.tests.compiler.parser.CompletionParserTest2" time="0"/>
  <testcase name="test0103_Method - 1.3" classname="org.eclipse.jdt.core.tests.compiler.parser.CompletionParserTest2" time="0.001"/>
  <testcase name="test0104_Diet - 1.3" classname="org.eclipse.jdt.core.tests.compiler.parser.CompletionParserTest2" time="0"/>
  <testcase name="test0104_Method - 1.3" classname="org.eclipse.jdt.core.tests.compiler.parser.CompletionParserTest2" time="0"/>
  <testcase name="test0105_Diet - 1.3" classname="org.eclipse.jdt.core.tests.compiler.parser.CompletionParserTest2" time="0"/>
  <testcase name="test0105_Method - 1.3" classname="org.eclipse.jdt.core.tests.compiler.parser.CompletionParserTest2" time="0"/>
  <testcase name="test0106_Diet - 1.3" classname="org.eclipse.jdt.core.tests.compiler.parser.CompletionParserTest2" time="0"/>
  <testcase name="test0106_Method - 1.3" classname="org.eclipse.jdt.core.tests.compiler.parser.CompletionParserTest2" time="0.001"/>
  <testcase name="test0107_Diet - 1.3" classname="org.eclipse.jdt.core.tests.compiler.parser.CompletionParserTest2" time="0"/>
  <testcase name="test0107_Diet - 1.3" classname="org.eclipse.jdt.core.tests.compiler.parser.CompletionParserTestKeyword" time="0"/>
  <testcase name="test0107_Method - 1.3" classname="org.eclipse.jdt.core.tests.compiler.parser.CompletionParserTest2" time="0.001"/>
  <testcase name="test0107_Method - 1.3" classname="org.eclipse.jdt.core.tests.compiler.parser.CompletionParserTestKeyword" time="0"/>
  <testcase name="test0108_Diet - 1.3" classname="org.eclipse.jdt.core.tests.compiler.parser.CompletionParserTest2" time="0"/>
  <testcase name="test0108_Diet - 1.3" classname="org.eclipse.jdt.core.tests.compiler.parser.CompletionParserTestKeyword" time="0"/>
  <testcase name="test0108_Method - 1.3" classname="org.eclipse.jdt.core.tests.compiler.parser.CompletionParserTest2" time="0"/>
  <testcase name="test0108_Method - 1.3" classname="org.eclipse.jdt.core.tests.compiler.parser.CompletionParserTestKeyword" time="0"/>
  <testcase name="test0109_Diet - 1.3" classname="org.eclipse.jdt.core.tests.compiler.parser.CompletionParserTest2" time="0"/>
  <testcase name="test0109_Diet - 1.3" classname="org.eclipse.jdt.core.tests.compiler.parser.CompletionParserTestKeyword" time="0"/>
  <testcase name="test0109_Method - 1.3" classname="org.eclipse.jdt.core.tests.compiler.parser.CompletionParserTest2" time="0"/>
  <testcase name="test0109_Method - 1.3" classname="org.eclipse.jdt.core.tests.compiler.parser.CompletionParserTestKeyword" time="0"/>
  <testcase name="test0110_Diet - 1.3" classname="org.eclipse.jdt.core.tests.compiler.parser.CompletionParserTest2" time="0"/>
  <testcase name="test0110_Diet - 1.3" classname="org.eclipse.jdt.core.tests.compiler.parser.CompletionParserTestKeyword" time="0"/>
  <testcase name="test0110_Method - 1.3" classname="org.eclipse.jdt.core.tests.compiler.parser.CompletionParserTest2" time="0"/>
  <testcase name="test0110_Method - 1.3" classname="org.eclipse.jdt.core.tests.compiler.parser.CompletionParserTestKeyword" time="0"/>
  <testcase name="test0111_Diet - 1.3" classname="org.eclipse.jdt.core.tests.compiler.parser.CompletionParserTest2" time="0"/>
  <testcase name="test0111_Method - 1.3" classname="org.eclipse.jdt.core.tests.compiler.parser.CompletionParserTest2" time="0.001"/>
  <testcase name="test0112_Diet - 1.3" classname="org.eclipse.jdt.core.tests.compiler.parser.CompletionParserTest2" time="0"/>
  <testcase name="test0112_Method - 1.3" classname="org.eclipse.jdt.core.tests.compiler.parser.CompletionParserTest2" time="0"/>
  <testcase name="test0113_Diet - 1.3" classname="org.eclipse.jdt.core.tests.compiler.parser.CompletionParserTest2" time="0.001"/>
  <testcase name="test0113_Method - 1.3" classname="org.eclipse.jdt.core.tests.compiler.parser.CompletionParserTest2" time="0"/>
  <testcase name="test0114_Diet - 1.3" classname="org.eclipse.jdt.core.tests.compiler.parser.CompletionParserTest2" time="0"/>
  <testcase name="test0114_Method - 1.3" classname="org.eclipse.jdt.core.tests.compiler.parser.CompletionParserTest2" time="0.001"/>
  <testcase name="test0115_Diet - 1.3" classname="org.eclipse.jdt.core.tests.compiler.parser.CompletionParserTest2" time="0"/>
  <testcase name="test0115_Method - 1.3" classname="org.eclipse.jdt.core.tests.compiler.parser.CompletionParserTest2" time="0"/>
  <testcase name="test0116_Diet - 1.3" classname="org.eclipse.jdt.core.tests.compiler.parser.CompletionParserTest2" time="0"/>
  <testcase name="test0116_Method - 1.3" classname="org.eclipse.jdt.core.tests.compiler.parser.CompletionParserTest2" time="0.001"/>
  <testcase name="test0117_Diet - 1.3" classname="org.eclipse.jdt.core.tests.compiler.parser.CompletionParserTest2" time="0"/>
  <testcase name="test0117_Method - 1.3" classname="org.eclipse.jdt.core.tests.compiler.parser.CompletionParserTest2" time="0.001"/>
  <testcase name="test0118_Diet - 1.3" classname="org.eclipse.jdt.core.tests.compiler.parser.CompletionParserTest2" time="0"/>
  <testcase name="test0118_Method - 1.3" classname="org.eclipse.jdt.core.tests.compiler.parser.CompletionParserTest2" time="0.001"/>
  <testcase name="test0119_Diet - 1.3" classname="org.eclipse.jdt.core.tests.compiler.parser.CompletionParserTest2" time="0"/>
  <testcase name="test0119_Method - 1.3" classname="org.eclipse.jdt.core.tests.compiler.parser.CompletionParserTest2" time="0"/>
  <testcase name="test0120_Diet - 1.3" classname="org.eclipse.jdt.core.tests.compiler.parser.CompletionParserTest2" time="0.001"/>
  <testcase name="test0120_Method - 1.3" classname="org.eclipse.jdt.core.tests.compiler.parser.CompletionParserTest2" time="0"/>
  <testcase name="test0121_Diet - 1.3" classname="org.eclipse.jdt.core.tests.compiler.parser.CompletionParserTest2" time="0"/>
  <testcase name="test0121_Method - 1.3" classname="org.eclipse.jdt.core.tests.compiler.parser.CompletionParserTest2" time="0.001"/>
  <testcase name="test0122_Diet - 1.3" classname="org.eclipse.jdt.core.tests.compiler.parser.CompletionParserTest2" time="0"/>
  <testcase name="test0122_Method - 1.3" classname="org.eclipse.jdt.core.tests.compiler.parser.CompletionParserTest2" time="0"/>
  <testcase name="test0123_Diet - 1.3" classname="org.eclipse.jdt.core.tests.compiler.parser.CompletionParserTest2" time="0.001"/>
  <testcase name="test0123_Method - 1.3" classname="org.eclipse.jdt.core.tests.compiler.parser.CompletionParserTest2" time="0"/>
  <testcase name="test0124_Diet - 1.3" classname="org.eclipse.jdt.core.tests.compiler.parser.CompletionParserTest2" time="0"/>
  <testcase name="test0124_Method - 1.3" classname="org.eclipse.jdt.core.tests.compiler.parser.CompletionParserTest2" time="0.001"/>
  <testcase name="test0125_Diet - 1.3" classname="org.eclipse.jdt.core.tests.compiler.parser.CompletionParserTest2" time="0"/>
  <testcase name="test0125_Method - 1.3" classname="org.eclipse.jdt.core.tests.compiler.parser.CompletionParserTest2" time="0"/>
  <testcase name="test0126_Diet - 1.3" classname="org.eclipse.jdt.core.tests.compiler.parser.CompletionParserTest2" time="0.001"/>
  <testcase name="test0126_Method - 1.3" classname="org.eclipse.jdt.core.tests.compiler.parser.CompletionParserTest2" time="0"/>
  <testcase name="test0127 - 1.3" classname="org.eclipse.jdt.core.tests.compiler.parser.CompletionParserTest2" time="0"/>
  <testcase name="test0127 - 1.3" classname="org.eclipse.jdt.core.tests.compiler.parser.CompletionParserTestKeyword" time="0"/>
  <testcase name="test0128_Diet - 1.3" classname="org.eclipse.jdt.core.tests.compiler.parser.CompletionParserTest2" time="0"/>
  <testcase name="test0128_Method - 1.3" classname="org.eclipse.jdt.core.tests.compiler.parser.CompletionParserTest2" time="0"/>
  <testcase name="test0129_Diet - 1.3" classname="org.eclipse.jdt.core.tests.compiler.parser.CompletionParserTest2" time="0"/>
  <testcase name="test0129_Method - 1.3" classname="org.eclipse.jdt.core.tests.compiler.parser.CompletionParserTest2" time="0.001"/>
  <testcase name="test0130_Diet - 1.3" classname="org.eclipse.jdt.core.tests.compiler.parser.CompletionParserTest2" time="0"/>
  <testcase name="test0130_Method - 1.3" classname="org.eclipse.jdt.core.tests.compiler.parser.CompletionParserTest2" time="0"/>
  <testcase name="test0131_Diet - 1.3" classname="org.eclipse.jdt.core.tests.compiler.parser.CompletionParserTest2" time="0"/>
  <testcase name="test0131_Method - 1.3" classname="org.eclipse.jdt.core.tests.compiler.parser.CompletionParserTest2" time="0.001"/>
  <testcase name="test0132_Diet - 1.3" classname="org.eclipse.jdt.core.tests.compiler.parser.CompletionParserTest2" time="0"/>
  <testcase name="test0132_Method - 1.3" classname="org.eclipse.jdt.core.tests.compiler.parser.CompletionParserTest2" time="0.001"/>
  <testcase name="test0133_Diet - 1.3" classname="org.eclipse.jdt.core.tests.compiler.parser.CompletionParserTest2" time="0"/>
  <testcase name="test0133_Method - 1.3" classname="org.eclipse.jdt.core.tests.compiler.parser.CompletionParserTest2" time="0.001"/>
  <testcase name="test0134 - 1.3" classname="org.eclipse.jdt.core.tests.compiler.parser.CompletionParserTest2" time="0"/>
  <testcase name="test0134 - 1.3" classname="org.eclipse.jdt.core.tests.compiler.parser.CompletionParserTestKeyword" time="0"/>
  <testcase name="test0135_Diet - 1.3" classname="org.eclipse.jdt.core.tests.compiler.parser.CompletionParserTest2" time="0.001"/>
  <testcase name="test0135_Method - 1.3" classname="org.eclipse.jdt.core.tests.compiler.parser.CompletionParserTest2" time="0"/>
  <testcase name="test0136 - 1.3" classname="org.eclipse.jdt.core.tests.compiler.parser.CompletionParserTest2" time="0"/>
  <testcase name="test0136 - 1.3" classname="org.eclipse.jdt.core.tests.compiler.parser.CompletionParserTestKeyword" time="0.001"/>
  <testcase name="test0137_Diet - 1.3" classname="org.eclipse.jdt.core.tests.compiler.parser.CompletionParserTest2" time="0"/>
  <testcase name="test0137_Method - 1.3" classname="org.eclipse.jdt.core.tests.compiler.parser.CompletionParserTest2" time="0"/>
  <testcase name="test0138_Diet - 1.3" classname="org.eclipse.jdt.core.tests.compiler.parser.CompletionParserTest2" time="0"/>
  <testcase name="test0138_Method - 1.3" classname="org.eclipse.jdt.core.tests.compiler.parser.CompletionParserTest2" time="0.001"/>
  <testcase name="test0139 - 1.3" classname="org.eclipse.jdt.core.tests.compiler.parser.CompletionParserTest2" time="0"/>
  <testcase name="test0139 - 1.3" classname="org.eclipse.jdt.core.tests.compiler.parser.CompletionParserTestKeyword" time="0.001"/>
  <testcase name="test0140 - 1.3" classname="org.eclipse.jdt.core.tests.compiler.parser.CompletionParserTest2" time="0.001"/>
  <testcase name="test0140 - 1.3" classname="org.eclipse.jdt.core.tests.compiler.parser.CompletionParserTestKeyword" time="0"/>
  <testcase name="test0141 - 1.3" classname="org.eclipse.jdt.core.tests.compiler.parser.CompletionParserTest2" time="0"/>
  <testcase name="test0141 - 1.3" classname="org.eclipse.jdt.core.tests.compiler.parser.CompletionParserTestKeyword" time="0"/>
  <testcase name="test0142_Diet - 1.3" classname="org.eclipse.jdt.core.tests.compiler.parser.CompletionParserTest2" time="0"/>
  <testcase name="test0142_Method - 1.3" classname="org.eclipse.jdt.core.tests.compiler.parser.CompletionParserTest2" time="0"/>
  <testcase name="test0143_Diet - 1.3" classname="org.eclipse.jdt.core.tests.compiler.parser.CompletionParserTest2" time="0.001"/>
  <testcase name="test0143_Method - 1.3" classname="org.eclipse.jdt.core.tests.compiler.parser.CompletionParserTest2" time="0"/>
  <testcase name="test0144_Diet - 1.3" classname="org.eclipse.jdt.core.tests.compiler.parser.CompletionParserTest2" time="0"/>
  <testcase name="test0144_Method - 1.3" classname="org.eclipse.jdt.core.tests.compiler.parser.CompletionParserTest2" time="0.001"/>
  <testcase name="test0145_Diet - 1.3" classname="org.eclipse.jdt.core.tests.compiler.parser.CompletionParserTest2" time="0"/>
  <testcase name="test0145_Method - 1.3" classname="org.eclipse.jdt.core.tests.compiler.parser.CompletionParserTest2" time="0"/>
  <testcase name="test0146_Diet - 1.3" classname="org.eclipse.jdt.core.tests.compiler.parser.CompletionParserTest2" time="0.001"/>
  <testcase name="test0146_Method - 1.3" classname="org.eclipse.jdt.core.tests.compiler.parser.CompletionParserTest2" time="0"/>
  <testcase name="test0147 - 1.3" classname="org.eclipse.jdt.core.tests.compiler.parser.CompletionParserTest2" time="0"/>
  <testcase name="test0148 - 1.3" classname="org.eclipse.jdt.core.tests.compiler.parser.CompletionParserTest2" time="0.001"/>
  <testcase name="test0149_Diet - 1.3" classname="org.eclipse.jdt.core.tests.compiler.parser.CompletionParserTest2" time="0"/>
  <testcase name="test0149_Method - 1.3" classname="org.eclipse.jdt.core.tests.compiler.parser.CompletionParserTest2" time="0"/>
  <testcase name="test0150_Diet - 1.3" classname="org.eclipse.jdt.core.tests.compiler.parser.CompletionParserTest2" time="0.001"/>
  <testcase name="test0150_Method - 1.3" classname="org.eclipse.jdt.core.tests.compiler.parser.CompletionParserTest2" time="0"/>
  <testcase name="test0151_Diet - 1.3" classname="org.eclipse.jdt.core.tests.compiler.parser.CompletionParserTest2" time="0.001"/>
  <testcase name="test0151_Method - 1.3" classname="org.eclipse.jdt.core.tests.compiler.parser.CompletionParserTest2" time="0"/>
  <testcase name="test0152 - 1.3" classname="org.eclipse.jdt.core.tests.compiler.parser.CompletionParserTest2" time="0.001"/>
  <testcase name="test0152 - 1.3" classname="org.eclipse.jdt.core.tests.compiler.parser.CompletionParserTestKeyword" time="0"/>
  <testcase name="test0153_Diet - 1.3" classname="org.eclipse.jdt.core.tests.compiler.parser.CompletionParserTest2" time="0"/>
  <testcase name="test0153_Method - 1.3" classname="org.eclipse.jdt.core.tests.compiler.parser.CompletionParserTest2" time="0"/>
  <testcase name="test0154_Diet - 1.3" classname="org.eclipse.jdt.core.tests.compiler.parser.CompletionParserTest2" time="0.001"/>
  <testcase name="test0154_Method - 1.3" classname="org.eclipse.jdt.core.tests.compiler.parser.CompletionParserTest2" time="0"/>
  <testcase name="test0155_Diet - 1.3" classname="org.eclipse.jdt.core.tests.compiler.parser.CompletionParserTest2" time="0"/>
  <testcase name="test0155_Method - 1.3" classname="org.eclipse.jdt.core.tests.compiler.parser.CompletionParserTest2" time="0.001"/>
  <testcase name="test0156_Diet - 1.3" classname="org.eclipse.jdt.core.tests.compiler.parser.CompletionParserTest2" time="0"/>
  <testcase name="test0156_Method - 1.3" classname="org.eclipse.jdt.core.tests.compiler.parser.CompletionParserTest2" time="0"/>
  <testcase name="test0157_Diet - 1.3" classname="org.eclipse.jdt.core.tests.compiler.parser.CompletionParserTest2" time="0.001"/>
  <testcase name="test0157_Method - 1.3" classname="org.eclipse.jdt.core.tests.compiler.parser.CompletionParserTest2" time="0.001"/>
  <testcase name="test0158_Diet - 1.3" classname="org.eclipse.jdt.core.tests.compiler.parser.CompletionParserTest2" time="0"/>
  <testcase name="test0158_Method - 1.3" classname="org.eclipse.jdt.core.tests.compiler.parser.CompletionParserTest2" time="0.001"/>
  <testcase name="test0159 - 1.3" classname="org.eclipse.jdt.core.tests.compiler.parser.CompletionParserTest2" time="0"/>
  <testcase name="test0159 - 1.3" classname="org.eclipse.jdt.core.tests.compiler.parser.CompletionParserTestKeyword" time="0"/>
  <testcase name="test0160 - 1.3" classname="org.eclipse.jdt.core.tests.compiler.parser.CompletionParserTest2" time="0"/>
  <testcase name="test0160 - 1.3" classname="org.eclipse.jdt.core.tests.compiler.parser.CompletionParserTestKeyword" time="0.001"/>
  <testcase name="test0161 - 1.3" classname="org.eclipse.jdt.core.tests.compiler.parser.CompletionParserTest2" time="0.001"/>
  <testcase name="test0161 - 1.3" classname="org.eclipse.jdt.core.tests.compiler.parser.CompletionParserTestKeyword" time="0"/>
  <testcase name="test0162 - 1.3" classname="org.eclipse.jdt.core.tests.compiler.parser.CompletionParserTest2" time="0"/>
  <testcase name="test0162 - 1.3" classname="org.eclipse.jdt.core.tests.compiler.parser.CompletionParserTestKeyword" time="0"/>
  <testcase name="test0163 - 1.3" classname="org.eclipse.jdt.core.tests.compiler.parser.CompletionParserTest2" time="0"/>
  <testcase name="test0163 - 1.3" classname="org.eclipse.jdt.core.tests.compiler.parser.CompletionParserTestKeyword" time="0"/>
  <testcase name="test0164 - 1.3" classname="org.eclipse.jdt.core.tests.compiler.parser.CompletionParserTest2" time="0.003"/>
  <testcase name="test0164 - 1.3" classname="org.eclipse.jdt.core.tests.compiler.parser.CompletionParserTestKeyword" time="0"/>
  <testcase name="test0165_Diet - 1.3" classname="org.eclipse.jdt.core.tests.compiler.parser.CompletionParserTest2" time="0"/>
  <testcase name="test0165_Method - 1.3" classname="org.eclipse.jdt.core.tests.compiler.parser.CompletionParserTest2" time="0"/>
  <testcase name="test0166_Diet - 1.3" classname="org.eclipse.jdt.core.tests.compiler.parser.CompletionParserTest2" time="0.001"/>
  <testcase name="test0166_Method - 1.3" classname="org.eclipse.jdt.core.tests.compiler.parser.CompletionParserTest2" time="0"/>
  <testcase name="test0167_Diet - 1.3" classname="org.eclipse.jdt.core.tests.compiler.parser.CompletionParserTest2" time="0"/>
  <testcase name="test0167_Method - 1.3" classname="org.eclipse.jdt.core.tests.compiler.parser.CompletionParserTest2" time="0"/>
  <testcase name="test0168_Diet - 1.3" classname="org.eclipse.jdt.core.tests.compiler.parser.CompletionParserTest2" time="0"/>
  <testcase name="test0168_Method - 1.3" classname="org.eclipse.jdt.core.tests.compiler.parser.CompletionParserTest2" time="0.001"/>
  <testcase name="test0169_Diet - 1.3" classname="org.eclipse.jdt.core.tests.compiler.parser.CompletionParserTest2" time="0"/>
  <testcase name="test0169_Method - 1.3" classname="org.eclipse.jdt.core.tests.compiler.parser.CompletionParserTest2" time="0"/>
  <testcase name="test0170_Diet - 1.3" classname="org.eclipse.jdt.core.tests.compiler.parser.CompletionParserTest2" time="0.001"/>
  <testcase name="test0170_Method - 1.3" classname="org.eclipse.jdt.core.tests.compiler.parser.CompletionParserTest2" time="0"/>
  <testcase name="test0171_Diet - 1.3" classname="org.eclipse.jdt.core.tests.compiler.parser.CompletionParserTest2" time="0"/>
  <testcase name="test0171_Method - 1.3" classname="org.eclipse.jdt.core.tests.compiler.parser.CompletionParserTest2" time="0.001"/>
  <testcase name="test0172 - 1.3" classname="org.eclipse.jdt.core.tests.compiler.parser.CompletionParserTest2" time="0"/>
  <testcase name="test0172 - 1.3" classname="org.eclipse.jdt.core.tests.compiler.parser.CompletionParserTestKeyword" time="0"/>
  <testcase name="test0173_Diet - 1.3" classname="org.eclipse.jdt.core.tests.compiler.parser.CompletionParserTest2" time="0.001"/>
  <testcase name="test0173_Method - 1.3" classname="org.eclipse.jdt.core.tests.compiler.parser.CompletionParserTest2" time="0"/>
  <testcase name="test0174_Diet - 1.3" classname="org.eclipse.jdt.core.tests.compiler.parser.CompletionParserTest2" time="0.001"/>
  <testcase name="test0175_Diet - 1.3" classname="org.eclipse.jdt.core.tests.compiler.parser.CompletionParserTest2" time="0"/>
  <testcase name="test0176_Diet - 1.3" classname="org.eclipse.jdt.core.tests.compiler.parser.CompletionParserTest2" time="0.001"/>
  <testcase name="test0177_Diet - 1.3" classname="org.eclipse.jdt.core.tests.compiler.parser.CompletionParserTest2" time="0"/>
  <testcase name="test0178_Method - 1.3" classname="org.eclipse.jdt.core.tests.compiler.parser.CompletionParserTest2" time="0.001"/>
  <testcase name="test0002 - 1.3" classname="org.eclipse.jdt.core.tests.compiler.parser.CompletionParserTestKeyword" time="0"/>
  <testcase name="test0002 - 1.3" classname="org.eclipse.jdt.core.tests.compiler.parser.StatementRecoveryTest" time="0.002"/>
  <testcase name="test0002 - 1.3" classname="org.eclipse.jdt.core.tests.compiler.parser.ComplianceDiagnoseTest" time="0.001"/>
  <testcase name="test0003 - 1.3" classname="org.eclipse.jdt.core.tests.compiler.parser.CompletionParserTestKeyword" time="0.001"/>
  <testcase name="test0003 - 1.3" classname="org.eclipse.jdt.core.tests.compiler.parser.StatementRecoveryTest" time="0.001"/>
  <testcase name="test0003 - 1.3" classname="org.eclipse.jdt.core.tests.compiler.parser.ComplianceDiagnoseTest" time="0.001"/>
  <testcase name="test0005 - 1.3" classname="org.eclipse.jdt.core.tests.compiler.parser.CompletionParserTestKeyword" time="0"/>
  <testcase name="test0005 - 1.3" classname="org.eclipse.jdt.core.tests.compiler.parser.StatementRecoveryTest" time="0.001"/>
  <testcase name="test0005 - 1.3" classname="org.eclipse.jdt.core.tests.compiler.parser.ComplianceDiagnoseTest" time="0.001"/>
  <testcase name="test0006 - 1.3" classname="org.eclipse.jdt.core.tests.compiler.parser.CompletionParserTestKeyword" time="0.001"/>
  <testcase name="test0006 - 1.3" classname="org.eclipse.jdt.core.tests.compiler.parser.StatementRecoveryTest" time="0.001"/>
  <testcase name="test0006 - 1.3" classname="org.eclipse.jdt.core.tests.compiler.parser.ComplianceDiagnoseTest" time="0.001"/>
  <testcase name="test0008 - 1.3" classname="org.eclipse.jdt.core.tests.compiler.parser.CompletionParserTestKeyword" time="0"/>
  <testcase name="test0008 - 1.3" classname="org.eclipse.jdt.core.tests.compiler.parser.StatementRecoveryTest" time="0.002"/>
  <testcase name="test0008 - 1.3" classname="org.eclipse.jdt.core.tests.compiler.parser.ComplianceDiagnoseTest" time="0.001"/>
  <testcase name="test0009 - 1.3" classname="org.eclipse.jdt.core.tests.compiler.parser.CompletionParserTestKeyword" time="0"/>
  <testcase name="test0009 - 1.3" classname="org.eclipse.jdt.core.tests.compiler.parser.StatementRecoveryTest" time="0.002"/>
  <testcase name="test0009 - 1.3" classname="org.eclipse.jdt.core.tests.compiler.parser.ComplianceDiagnoseTest" time="0.001"/>
  <testcase name="test0011 - 1.3" classname="org.eclipse.jdt.core.tests.compiler.parser.CompletionParserTestKeyword" time="0"/>
  <testcase name="test0011 - 1.3" classname="org.eclipse.jdt.core.tests.compiler.parser.StatementRecoveryTest" time="0.001"/>
  <testcase name="test0011 - 1.3" classname="org.eclipse.jdt.core.tests.compiler.parser.ComplianceDiagnoseTest" time="0.001"/>
  <testcase name="test0012 - 1.3" classname="org.eclipse.jdt.core.tests.compiler.parser.CompletionParserTestKeyword" time="0"/>
  <testcase name="test0012 - 1.3" classname="org.eclipse.jdt.core.tests.compiler.parser.StatementRecoveryTest" time="0.001"/>
  <testcase name="test0012 - 1.3" classname="org.eclipse.jdt.core.tests.compiler.parser.ComplianceDiagnoseTest" time="0.001"/>
  <testcase name="test0014 - 1.3" classname="org.eclipse.jdt.core.tests.compiler.parser.CompletionParserTestKeyword" time="0"/>
  <testcase name="test0014 - 1.3" classname="org.eclipse.jdt.core.tests.compiler.parser.StatementRecoveryTest" time="0.001"/>
  <testcase name="test0014 - 1.3" classname="org.eclipse.jdt.core.tests.compiler.parser.ComplianceDiagnoseTest" time="0.002"/>
  <testcase name="test0015 - 1.3" classname="org.eclipse.jdt.core.tests.compiler.parser.CompletionParserTestKeyword" time="0"/>
  <testcase name="test0015 - 1.3" classname="org.eclipse.jdt.core.tests.compiler.parser.StatementRecoveryTest" time="0.001"/>
  <testcase name="test0015 - 1.3" classname="org.eclipse.jdt.core.tests.compiler.parser.ComplianceDiagnoseTest" time="0.002"/>
  <testcase name="test0017 - 1.3" classname="org.eclipse.jdt.core.tests.compiler.parser.CompletionParserTestKeyword" time="0.001"/>
  <testcase name="test0017 - 1.3" classname="org.eclipse.jdt.core.tests.compiler.parser.StatementRecoveryTest" time="0.002"/>
  <testcase name="test0017 - 1.3" classname="org.eclipse.jdt.core.tests.compiler.parser.ComplianceDiagnoseTest" time="0.002"/>
  <testcase name="test0018 - 1.3" classname="org.eclipse.jdt.core.tests.compiler.parser.CompletionParserTestKeyword" time="0"/>
  <testcase name="test0018 - 1.3" classname="org.eclipse.jdt.core.tests.compiler.parser.StatementRecoveryTest" time="0.001"/>
  <testcase name="test0018 - 1.3" classname="org.eclipse.jdt.core.tests.compiler.parser.ComplianceDiagnoseTest" time="0.002"/>
  <testcase name="test0020 - 1.3" classname="org.eclipse.jdt.core.tests.compiler.parser.CompletionParserTestKeyword" time="0.001"/>
  <testcase name="test0020 - 1.3" classname="org.eclipse.jdt.core.tests.compiler.parser.StatementRecoveryTest" time="0.002"/>
  <testcase name="test0020 - 1.3" classname="org.eclipse.jdt.core.tests.compiler.parser.ComplianceDiagnoseTest" time="0.001"/>
  <testcase name="test0022_Diet - 1.3" classname="org.eclipse.jdt.core.tests.compiler.parser.CompletionParserTestKeyword" time="0.001"/>
  <testcase name="test0022_Method - 1.3" classname="org.eclipse.jdt.core.tests.compiler.parser.CompletionParserTestKeyword" time="0"/>
  <testcase name="test0025_Diet - 1.3" classname="org.eclipse.jdt.core.tests.compiler.parser.CompletionParserTestKeyword" time="0.001"/>
  <testcase name="test0025_Method - 1.3" classname="org.eclipse.jdt.core.tests.compiler.parser.CompletionParserTestKeyword" time="0"/>
  <testcase name="test0028_Diet - 1.3" classname="org.eclipse.jdt.core.tests.compiler.parser.CompletionParserTestKeyword" time="0"/>
  <testcase name="test0028_Method - 1.3" classname="org.eclipse.jdt.core.tests.compiler.parser.CompletionParserTestKeyword" time="0"/>
  <testcase name="test0029 - 1.3" classname="org.eclipse.jdt.core.tests.compiler.parser.CompletionParserTestKeyword" time="0"/>
  <testcase name="test0029 - 1.3" classname="org.eclipse.jdt.core.tests.compiler.parser.StatementRecoveryTest" time="0.002"/>
  <testcase name="test0029 - 1.3" classname="org.eclipse.jdt.core.tests.compiler.parser.ComplianceDiagnoseTest" time="0.002"/>
  <testcase name="test0030 - 1.3" classname="org.eclipse.jdt.core.tests.compiler.parser.CompletionParserTestKeyword" time="0.001"/>
  <testcase name="test0030 - 1.3" classname="org.eclipse.jdt.core.tests.compiler.parser.StatementRecoveryTest" time="0.002"/>
  <testcase name="test0031 - 1.3" classname="org.eclipse.jdt.core.tests.compiler.parser.CompletionParserTestKeyword" time="0"/>
  <testcase name="test0031 - 1.3" classname="org.eclipse.jdt.core.tests.compiler.parser.StatementRecoveryTest" time="0.002"/>
  <testcase name="test0031 - 1.3" classname="org.eclipse.jdt.core.tests.compiler.parser.ComplianceDiagnoseTest" time="0.002"/>
  <testcase name="test0032 - 1.3" classname="org.eclipse.jdt.core.tests.compiler.parser.CompletionParserTestKeyword" time="0"/>
  <testcase name="test0032 - 1.3" classname="org.eclipse.jdt.core.tests.compiler.parser.StatementRecoveryTest" time="0.002"/>
  <testcase name="test0033 - 1.3" classname="org.eclipse.jdt.core.tests.compiler.parser.CompletionParserTestKeyword" time="0.001"/>
  <testcase name="test0033 - 1.3" classname="org.eclipse.jdt.core.tests.compiler.parser.StatementRecoveryTest" time="0.001"/>
  <testcase name="test0033 - 1.3" classname="org.eclipse.jdt.core.tests.compiler.parser.ComplianceDiagnoseTest" time="0.002"/>
  <testcase name="test0034 - 1.3" classname="org.eclipse.jdt.core.tests.compiler.parser.CompletionParserTestKeyword" time="0"/>
  <testcase name="test0034 - 1.3" classname="org.eclipse.jdt.core.tests.compiler.parser.StatementRecoveryTest" time="0.001"/>
  <testcase name="test0034 - 1.3" classname="org.eclipse.jdt.core.tests.compiler.parser.ComplianceDiagnoseTest" time="0.002"/>
  <testcase name="test0035 - 1.3" classname="org.eclipse.jdt.core.tests.compiler.parser.CompletionParserTestKeyword" time="0"/>
  <testcase name="test0035 - 1.3" classname="org.eclipse.jdt.core.tests.compiler.parser.StatementRecoveryTest" time="0.003"/>
  <testcase name="test0035 - 1.3" classname="org.eclipse.jdt.core.tests.compiler.parser.ComplianceDiagnoseTest" time="0.002"/>
  <testcase name="test0036 - 1.3" classname="org.eclipse.jdt.core.tests.compiler.parser.CompletionParserTestKeyword" time="0.001"/>
  <testcase name="test0036 - 1.3" classname="org.eclipse.jdt.core.tests.compiler.parser.StatementRecoveryTest" time="0.002"/>
  <testcase name="test0036 - 1.3" classname="org.eclipse.jdt.core.tests.compiler.parser.ComplianceDiagnoseTest" time="0.001"/>
  <testcase name="test0037_Diet - 1.3" classname="org.eclipse.jdt.core.tests.compiler.parser.CompletionParserTestKeyword" time="0"/>
  <testcase name="test0037_Method - 1.3" classname="org.eclipse.jdt.core.tests.compiler.parser.CompletionParserTestKeyword" time="0"/>
  <testcase name="test0040_Diet - 1.3" classname="org.eclipse.jdt.core.tests.compiler.parser.CompletionParserTestKeyword" time="0"/>
  <testcase name="test0040_Method - 1.3" classname="org.eclipse.jdt.core.tests.compiler.parser.CompletionParserTestKeyword" time="0"/>
  <testcase name="test0043_Diet - 1.3" classname="org.eclipse.jdt.core.tests.compiler.parser.CompletionParserTestKeyword" time="0"/>
  <testcase name="test0043_Method - 1.3" classname="org.eclipse.jdt.core.tests.compiler.parser.CompletionParserTestKeyword" time="0"/>
  <testcase name="test0046_Diet - 1.3" classname="org.eclipse.jdt.core.tests.compiler.parser.CompletionParserTestKeyword" time="0"/>
  <testcase name="test0046_Method - 1.3" classname="org.eclipse.jdt.core.tests.compiler.parser.CompletionParserTestKeyword" time="0"/>
  <testcase name="test0047 - 1.3" classname="org.eclipse.jdt.core.tests.compiler.parser.CompletionParserTestKeyword" time="0"/>
  <testcase name="test0047 - 1.3" classname="org.eclipse.jdt.core.tests.compiler.parser.StatementRecoveryTest" time="0.002"/>
  <testcase name="test0047 - 1.3" classname="org.eclipse.jdt.core.tests.compiler.parser.ComplianceDiagnoseTest" time="0"/>
  <testcase name="test0048 - 1.3" classname="org.eclipse.jdt.core.tests.compiler.parser.CompletionParserTestKeyword" time="0"/>
  <testcase name="test0048 - 1.3" classname="org.eclipse.jdt.core.tests.compiler.parser.ComplianceDiagnoseTest" time="0.001"/>
  <testcase name="test0050 - 1.3" classname="org.eclipse.jdt.core.tests.compiler.parser.CompletionParserTestKeyword" time="0"/>
  <testcase name="test0050 - 1.3" classname="org.eclipse.jdt.core.tests.compiler.parser.ComplianceDiagnoseTest" time="0.002"/>
  <testcase name="test0051 - 1.3" classname="org.eclipse.jdt.core.tests.compiler.parser.CompletionParserTestKeyword" time="0.001"/>
  <testcase name="test0051 - 1.3" classname="org.eclipse.jdt.core.tests.compiler.parser.ComplianceDiagnoseTest" time="0.002"/>
  <testcase name="test0053 - 1.3" classname="org.eclipse.jdt.core.tests.compiler.parser.CompletionParserTestKeyword" time="0"/>
  <testcase name="test0053 - 1.3" classname="org.eclipse.jdt.core.tests.compiler.parser.ComplianceDiagnoseTest" time="0.001"/>
  <testcase name="test0054 - 1.3" classname="org.eclipse.jdt.core.tests.compiler.parser.CompletionParserTestKeyword" time="0.001"/>
  <testcase name="test0054 - 1.3" classname="org.eclipse.jdt.core.tests.compiler.parser.ComplianceDiagnoseTest" time="0.002"/>
  <testcase name="test0055_Diet - 1.3" classname="org.eclipse.jdt.core.tests.compiler.parser.CompletionParserTestKeyword" time="0"/>
  <testcase name="test0055_Method - 1.3" classname="org.eclipse.jdt.core.tests.compiler.parser.CompletionParserTestKeyword" time="0"/>
  <testcase name="test0058_Diet - 1.3" classname="org.eclipse.jdt.core.tests.compiler.parser.CompletionParserTestKeyword" time="0"/>
  <testcase name="test0058_Method - 1.3" classname="org.eclipse.jdt.core.tests.compiler.parser.CompletionParserTestKeyword" time="0"/>
  <testcase name="test0060 - 1.3" classname="org.eclipse.jdt.core.tests.compiler.parser.CompletionParserTestKeyword" time="0"/>
  <testcase name="test0060 - 1.3" classname="org.eclipse.jdt.core.tests.compiler.parser.ComplianceDiagnoseTest" time="0.001"/>
  <testcase name="test0062 - 1.3" classname="org.eclipse.jdt.core.tests.compiler.parser.CompletionParserTestKeyword" time="0"/>
  <testcase name="test0062 - 1.3" classname="org.eclipse.jdt.core.tests.compiler.parser.ComplianceDiagnoseTest" time="0.003"/>
  <testcase name="test0063 - 1.3" classname="org.eclipse.jdt.core.tests.compiler.parser.CompletionParserTestKeyword" time="0"/>
  <testcase name="test0063 - 1.3" classname="org.eclipse.jdt.core.tests.compiler.parser.ComplianceDiagnoseTest" time="0"/>
  <testcase name="test0065 - 1.3" classname="org.eclipse.jdt.core.tests.compiler.parser.CompletionParserTestKeyword" time="0"/>
  <testcase name="test0066 - 1.3" classname="org.eclipse.jdt.core.tests.compiler.parser.CompletionParserTestKeyword" time="0"/>
  <testcase name="test0067 - 1.3" classname="org.eclipse.jdt.core.tests.compiler.parser.CompletionParserTestKeyword" time="0.001"/>
  <testcase name="test0068 - 1.3" classname="org.eclipse.jdt.core.tests.compiler.parser.CompletionParserTestKeyword" time="0"/>
  <testcase name="test0069 - 1.3" classname="org.eclipse.jdt.core.tests.compiler.parser.CompletionParserTestKeyword" time="0"/>
  <testcase name="test0070 - 1.3" classname="org.eclipse.jdt.core.tests.compiler.parser.CompletionParserTestKeyword" time="0"/>
  <testcase name="test0071 - 1.3" classname="org.eclipse.jdt.core.tests.compiler.parser.CompletionParserTestKeyword" time="0"/>
  <testcase name="test0072 - 1.3" classname="org.eclipse.jdt.core.tests.compiler.parser.CompletionParserTestKeyword" time="0"/>
  <testcase name="test0074 - 1.3" classname="org.eclipse.jdt.core.tests.compiler.parser.CompletionParserTestKeyword" time="0.001"/>
  <testcase name="test0075 - 1.3" classname="org.eclipse.jdt.core.tests.compiler.parser.CompletionParserTestKeyword" time="0"/>
  <testcase name="test0077 - 1.3" classname="org.eclipse.jdt.core.tests.compiler.parser.CompletionParserTestKeyword" time="0.001"/>
  <testcase name="test0078 - 1.3" classname="org.eclipse.jdt.core.tests.compiler.parser.CompletionParserTestKeyword" time="0"/>
  <testcase name="test0079 - 1.3" classname="org.eclipse.jdt.core.tests.compiler.parser.CompletionParserTestKeyword" time="0"/>
  <testcase name="test0083 - 1.3" classname="org.eclipse.jdt.core.tests.compiler.parser.CompletionParserTestKeyword" time="0.001"/>
  <testcase name="test0084 - 1.3" classname="org.eclipse.jdt.core.tests.compiler.parser.CompletionParserTestKeyword" time="0"/>
  <testcase name="test0085 - 1.3" classname="org.eclipse.jdt.core.tests.compiler.parser.CompletionParserTestKeyword" time="0"/>
  <testcase name="test0086 - 1.3" classname="org.eclipse.jdt.core.tests.compiler.parser.CompletionParserTestKeyword" time="0"/>
  <testcase name="test0087 - 1.3" classname="org.eclipse.jdt.core.tests.compiler.parser.CompletionParserTestKeyword" time="0.001"/>
  <testcase name="test0088 - 1.3" classname="org.eclipse.jdt.core.tests.compiler.parser.CompletionParserTestKeyword" time="0"/>
  <testcase name="test0089 - 1.3" classname="org.eclipse.jdt.core.tests.compiler.parser.CompletionParserTestKeyword" time="0"/>
  <testcase name="test0091_Diet - 1.3" classname="org.eclipse.jdt.core.tests.compiler.parser.CompletionParserTestKeyword" time="0"/>
  <testcase name="test0091_Method - 1.3" classname="org.eclipse.jdt.core.tests.compiler.parser.CompletionParserTestKeyword" time="0.001"/>
  <testcase name="test0094_Diet - 1.3" classname="org.eclipse.jdt.core.tests.compiler.parser.CompletionParserTestKeyword" time="0"/>
  <testcase name="test0094_Method - 1.3" classname="org.eclipse.jdt.core.tests.compiler.parser.CompletionParserTestKeyword" time="0.001"/>
  <testcase name="test0101 - 1.3" classname="org.eclipse.jdt.core.tests.compiler.parser.CompletionParserTestKeyword" time="0"/>
  <testcase name="test0102 - 1.3" classname="org.eclipse.jdt.core.tests.compiler.parser.CompletionParserTestKeyword" time="0"/>
  <testcase name="test0103 - 1.3" classname="org.eclipse.jdt.core.tests.compiler.parser.CompletionParserTestKeyword" time="0.001"/>
  <testcase name="test0104 - 1.3" classname="org.eclipse.jdt.core.tests.compiler.parser.CompletionParserTestKeyword" time="0"/>
  <testcase name="test0105 - 1.3" classname="org.eclipse.jdt.core.tests.compiler.parser.CompletionParserTestKeyword" time="0"/>
  <testcase name="test0106 - 1.3" classname="org.eclipse.jdt.core.tests.compiler.parser.CompletionParserTestKeyword" time="0.001"/>
  <testcase name="test0111 - 1.3" classname="org.eclipse.jdt.core.tests.compiler.parser.CompletionParserTestKeyword" time="0"/>
  <testcase name="test0112 - 1.3" classname="org.eclipse.jdt.core.tests.compiler.parser.CompletionParserTestKeyword" time="0"/>
  <testcase name="test0113 - 1.3" classname="org.eclipse.jdt.core.tests.compiler.parser.CompletionParserTestKeyword" time="0"/>
  <testcase name="test0114 - 1.3" classname="org.eclipse.jdt.core.tests.compiler.parser.CompletionParserTestKeyword" time="0.001"/>
  <testcase name="test0115 - 1.3" classname="org.eclipse.jdt.core.tests.compiler.parser.CompletionParserTestKeyword" time="0"/>
  <testcase name="test0116 - 1.3" classname="org.eclipse.jdt.core.tests.compiler.parser.CompletionParserTestKeyword" time="0"/>
  <testcase name="test0117 - 1.3" classname="org.eclipse.jdt.core.tests.compiler.parser.CompletionParserTestKeyword" time="0.001"/>
  <testcase name="test0118 - 1.3" classname="org.eclipse.jdt.core.tests.compiler.parser.CompletionParserTestKeyword" time="0"/>
  <testcase name="test0119 - 1.3" classname="org.eclipse.jdt.core.tests.compiler.parser.CompletionParserTestKeyword" time="0"/>
  <testcase name="test0120 - 1.3" classname="org.eclipse.jdt.core.tests.compiler.parser.CompletionParserTestKeyword" time="0"/>
  <testcase name="test0121 - 1.3" classname="org.eclipse.jdt.core.tests.compiler.parser.CompletionParserTestKeyword" time="0"/>
  <testcase name="test0122 - 1.3" classname="org.eclipse.jdt.core.tests.compiler.parser.CompletionParserTestKeyword" time="0"/>
  <testcase name="test0123 - 1.3" classname="org.eclipse.jdt.core.tests.compiler.parser.CompletionParserTestKeyword" time="0"/>
  <testcase name="test0124 - 1.3" classname="org.eclipse.jdt.core.tests.compiler.parser.CompletionParserTestKeyword" time="0"/>
  <testcase name="test0125 - 1.3" classname="org.eclipse.jdt.core.tests.compiler.parser.CompletionParserTestKeyword" time="0"/>
  <testcase name="test0126 - 1.3" classname="org.eclipse.jdt.core.tests.compiler.parser.CompletionParserTestKeyword" time="0"/>
  <testcase name="test0128 - 1.3" classname="org.eclipse.jdt.core.tests.compiler.parser.CompletionParserTestKeyword" time="0"/>
  <testcase name="test0129 - 1.3" classname="org.eclipse.jdt.core.tests.compiler.parser.CompletionParserTestKeyword" time="0"/>
  <testcase name="test0130 - 1.3" classname="org.eclipse.jdt.core.tests.compiler.parser.CompletionParserTestKeyword" time="0.001"/>
  <testcase name="test0131 - 1.3" classname="org.eclipse.jdt.core.tests.compiler.parser.CompletionParserTestKeyword" time="0"/>
  <testcase name="test0132 - 1.3" classname="org.eclipse.jdt.core.tests.compiler.parser.CompletionParserTestKeyword" time="0"/>
  <testcase name="test0133 - 1.3" classname="org.eclipse.jdt.core.tests.compiler.parser.CompletionParserTestKeyword" time="0.001"/>
  <testcase name="test0135 - 1.3" classname="org.eclipse.jdt.core.tests.compiler.parser.CompletionParserTestKeyword" time="0"/>
  <testcase name="test0137 - 1.3" classname="org.eclipse.jdt.core.tests.compiler.parser.CompletionParserTestKeyword" time="0"/>
  <testcase name="test0138 - 1.3" classname="org.eclipse.jdt.core.tests.compiler.parser.CompletionParserTestKeyword" time="0"/>
  <testcase name="test0142 - 1.3" classname="org.eclipse.jdt.core.tests.compiler.parser.CompletionParserTestKeyword" time="0.001"/>
  <testcase name="test0143 - 1.3" classname="org.eclipse.jdt.core.tests.compiler.parser.CompletionParserTestKeyword" time="0"/>
  <testcase name="test0144 - 1.3" classname="org.eclipse.jdt.core.tests.compiler.parser.CompletionParserTestKeyword" time="0"/>
  <testcase name="test0145 - 1.3" classname="org.eclipse.jdt.core.tests.compiler.parser.CompletionParserTestKeyword" time="0"/>
  <testcase name="test0146 - 1.3" classname="org.eclipse.jdt.core.tests.compiler.parser.CompletionParserTestKeyword" time="0.001"/>
  <testcase name="test0147_Diet - 1.3" classname="org.eclipse.jdt.core.tests.compiler.parser.CompletionParserTestKeyword" time="0"/>
  <testcase name="test0147_Method - 1.3" classname="org.eclipse.jdt.core.tests.compiler.parser.CompletionParserTestKeyword" time="0"/>
  <testcase name="test0148_Diet - 1.3" classname="org.eclipse.jdt.core.tests.compiler.parser.CompletionParserTestKeyword" time="0.001"/>
  <testcase name="test0148_Method - 1.3" classname="org.eclipse.jdt.core.tests.compiler.parser.CompletionParserTestKeyword" time="0"/>
  <testcase name="test0149 - 1.3" classname="org.eclipse.jdt.core.tests.compiler.parser.CompletionParserTestKeyword" time="0"/>
  <testcase name="test0150 - 1.3" classname="org.eclipse.jdt.core.tests.compiler.parser.CompletionParserTestKeyword" time="0.001"/>
  <testcase name="test0151 - 1.3" classname="org.eclipse.jdt.core.tests.compiler.parser.CompletionParserTestKeyword" time="0"/>
  <testcase name="test0153 - 1.3" classname="org.eclipse.jdt.core.tests.compiler.parser.CompletionParserTestKeyword" time="0"/>
  <testcase name="test0154 - 1.3" classname="org.eclipse.jdt.core.tests.compiler.parser.CompletionParserTestKeyword" time="0"/>
  <testcase name="test0155 - 1.3" classname="org.eclipse.jdt.core.tests.compiler.parser.CompletionParserTestKeyword" time="0.001"/>
  <testcase name="test0156 - 1.3" classname="org.eclipse.jdt.core.tests.compiler.parser.CompletionParserTestKeyword" time="0"/>
  <testcase name="test0157 - 1.3" classname="org.eclipse.jdt.core.tests.compiler.parser.CompletionParserTestKeyword" time="0.001"/>
  <testcase name="test0158 - 1.3" classname="org.eclipse.jdt.core.tests.compiler.parser.CompletionParserTestKeyword" time="0"/>
  <testcase name="test0165 - 1.3" classname="org.eclipse.jdt.core.tests.compiler.parser.CompletionParserTestKeyword" time="0"/>
  <testcase name="test0166 - 1.3" classname="org.eclipse.jdt.core.tests.compiler.parser.CompletionParserTestKeyword" time="0"/>
  <testcase name="test0167 - 1.3" classname="org.eclipse.jdt.core.tests.compiler.parser.CompletionParserTestKeyword" time="0.001"/>
  <testcase name="test0168 - 1.3" classname="org.eclipse.jdt.core.tests.compiler.parser.CompletionParserTestKeyword" time="0"/>
  <testcase name="test0169 - 1.3" classname="org.eclipse.jdt.core.tests.compiler.parser.CompletionParserTestKeyword" time="0"/>
  <testcase name="test0170 - 1.3" classname="org.eclipse.jdt.core.tests.compiler.parser.CompletionParserTestKeyword" time="0.001"/>
  <testcase name="test0171 - 1.3" classname="org.eclipse.jdt.core.tests.compiler.parser.CompletionParserTestKeyword" time="0"/>
  <testcase name="test0173 - 1.3" classname="org.eclipse.jdt.core.tests.compiler.parser.CompletionParserTestKeyword" time="0.001"/>
  <testcase name="test0174 - 1.3" classname="org.eclipse.jdt.core.tests.compiler.parser.CompletionParserTestKeyword" time="0"/>
  <testcase name="test0175 - 1.3" classname="org.eclipse.jdt.core.tests.compiler.parser.CompletionParserTestKeyword" time="0"/>
  <testcase name="test0176 - 1.3" classname="org.eclipse.jdt.core.tests.compiler.parser.CompletionParserTestKeyword" time="0.001"/>
  <testcase name="test0177 - 1.3" classname="org.eclipse.jdt.core.tests.compiler.parser.CompletionParserTestKeyword" time="0"/>
  <testcase name="test0178 - 1.3" classname="org.eclipse.jdt.core.tests.compiler.parser.CompletionParserTestKeyword" time="0"/>
  <testcase name="test0179 - 1.3" classname="org.eclipse.jdt.core.tests.compiler.parser.CompletionParserTestKeyword" time="0.001"/>
  <testcase name="test0180 - 1.3" classname="org.eclipse.jdt.core.tests.compiler.parser.CompletionParserTestKeyword" time="0"/>
  <testcase name="test0181_Diet - 1.3" classname="org.eclipse.jdt.core.tests.compiler.parser.CompletionParserTestKeyword" time="0"/>
  <testcase name="test0181_Method - 1.3" classname="org.eclipse.jdt.core.tests.compiler.parser.CompletionParserTestKeyword" time="0.001"/>
  <testcase name="test0182_Diet - 1.3" classname="org.eclipse.jdt.core.tests.compiler.parser.CompletionParserTestKeyword" time="0"/>
  <testcase name="test0182_Method - 1.3" classname="org.eclipse.jdt.core.tests.compiler.parser.CompletionParserTestKeyword" time="0"/>
  <testcase name="test0183_Diet - 1.3" classname="org.eclipse.jdt.core.tests.compiler.parser.CompletionParserTestKeyword" time="0.001"/>
  <testcase name="test0183_Method - 1.3" classname="org.eclipse.jdt.core.tests.compiler.parser.CompletionParserTestKeyword" time="0"/>
  <testcase name="test0184_Diet - 1.3" classname="org.eclipse.jdt.core.tests.compiler.parser.CompletionParserTestKeyword" time="0.001"/>
  <testcase name="test0184_Method - 1.3" classname="org.eclipse.jdt.core.tests.compiler.parser.CompletionParserTestKeyword" time="0"/>
  <testcase name="test0185_Diet - 1.3" classname="org.eclipse.jdt.core.tests.compiler.parser.CompletionParserTestKeyword" time="0"/>
  <testcase name="test0185_Method - 1.3" classname="org.eclipse.jdt.core.tests.compiler.parser.CompletionParserTestKeyword" time="0"/>
  <testcase name="test0186_Diet - 1.3" classname="org.eclipse.jdt.core.tests.compiler.parser.CompletionParserTestKeyword" time="0"/>
  <testcase name="test0186_Method - 1.3" classname="org.eclipse.jdt.core.tests.compiler.parser.CompletionParserTestKeyword" time="0"/>
  <testcase name="test0187_Diet - 1.3" classname="org.eclipse.jdt.core.tests.compiler.parser.CompletionParserTestKeyword" time="0"/>
  <testcase name="test0187_Method - 1.3" classname="org.eclipse.jdt.core.tests.compiler.parser.CompletionParserTestKeyword" time="0.001"/>
  <testcase name="test0188_Diet - 1.3" classname="org.eclipse.jdt.core.tests.compiler.parser.CompletionParserTestKeyword" time="0"/>
  <testcase name="test0188_Method - 1.3" classname="org.eclipse.jdt.core.tests.compiler.parser.CompletionParserTestKeyword" time="0"/>
  <testcase name="test0189_Diet - 1.3" classname="org.eclipse.jdt.core.tests.compiler.parser.CompletionParserTestKeyword" time="0.001"/>
  <testcase name="test0189_Method - 1.3" classname="org.eclipse.jdt.core.tests.compiler.parser.CompletionParserTestKeyword" time="0"/>
  <testcase name="test0190_Diet - 1.3" classname="org.eclipse.jdt.core.tests.compiler.parser.CompletionParserTestKeyword" time="0"/>
  <testcase name="test0190_Method - 1.3" classname="org.eclipse.jdt.core.tests.compiler.parser.CompletionParserTestKeyword" time="0.001"/>
  <testcase name="test0191_Diet - 1.3" classname="org.eclipse.jdt.core.tests.compiler.parser.CompletionParserTestKeyword" time="0"/>
  <testcase name="test0191_Method - 1.3" classname="org.eclipse.jdt.core.tests.compiler.parser.CompletionParserTestKeyword" time="0"/>
  <testcase name="test0192_Diet - 1.3" classname="org.eclipse.jdt.core.tests.compiler.parser.CompletionParserTestKeyword" time="0"/>
  <testcase name="test0192_Method - 1.3" classname="org.eclipse.jdt.core.tests.compiler.parser.CompletionParserTestKeyword" time="0"/>
  <testcase name="test0193_Diet - 1.3" classname="org.eclipse.jdt.core.tests.compiler.parser.CompletionParserTestKeyword" time="0.001"/>
  <testcase name="test0193_Method - 1.3" classname="org.eclipse.jdt.core.tests.compiler.parser.CompletionParserTestKeyword" time="0"/>
  <testcase name="test0194 - 1.3" classname="org.eclipse.jdt.core.tests.compiler.parser.CompletionParserTestKeyword" time="0"/>
  <testcase name="test0195 - 1.3" classname="org.eclipse.jdt.core.tests.compiler.parser.CompletionParserTestKeyword" time="0"/>
  <testcase name="test0196 - 1.3" classname="org.eclipse.jdt.core.tests.compiler.parser.CompletionParserTestKeyword" time="0"/>
  <testcase name="test0197 - 1.3" classname="org.eclipse.jdt.core.tests.compiler.parser.CompletionParserTestKeyword" time="0"/>
  <testcase name="test0198 - 1.3" classname="org.eclipse.jdt.core.tests.compiler.parser.CompletionParserTestKeyword" time="0"/>
  <testcase name="test0199 - 1.3" classname="org.eclipse.jdt.core.tests.compiler.parser.CompletionParserTestKeyword" time="0.001"/>
  <testcase name="test0200 - 1.3" classname="org.eclipse.jdt.core.tests.compiler.parser.CompletionParserTestKeyword" time="0"/>
  <testcase name="test0201 - 1.3" classname="org.eclipse.jdt.core.tests.compiler.parser.CompletionParserTestKeyword" time="0"/>
  <testcase name="test0202 - 1.3" classname="org.eclipse.jdt.core.tests.compiler.parser.CompletionParserTestKeyword" time="0.001"/>
  <testcase name="test0203 - 1.3" classname="org.eclipse.jdt.core.tests.compiler.parser.CompletionParserTestKeyword" time="0"/>
  <testcase name="test0204 - 1.3" classname="org.eclipse.jdt.core.tests.compiler.parser.CompletionParserTestKeyword" time="0"/>
  <testcase name="test0205 - 1.3" classname="org.eclipse.jdt.core.tests.compiler.parser.CompletionParserTestKeyword" time="0"/>
  <testcase name="test0206 - 1.3" classname="org.eclipse.jdt.core.tests.compiler.parser.CompletionParserTestKeyword" time="0"/>
  <testcase name="test0207 - 1.3" classname="org.eclipse.jdt.core.tests.compiler.parser.CompletionParserTestKeyword" time="0"/>
  <testcase name="test0208 - 1.3" classname="org.eclipse.jdt.core.tests.compiler.parser.CompletionParserTestKeyword" time="0"/>
  <testcase name="test0209 - 1.3" classname="org.eclipse.jdt.core.tests.compiler.parser.CompletionParserTestKeyword" time="0"/>
  <testcase name="test0210 - 1.3" classname="org.eclipse.jdt.core.tests.compiler.parser.CompletionParserTestKeyword" time="0"/>
  <testcase name="test0211 - 1.3" classname="org.eclipse.jdt.core.tests.compiler.parser.CompletionParserTestKeyword" time="0"/>
  <testcase name="test0212 - 1.3" classname="org.eclipse.jdt.core.tests.compiler.parser.CompletionParserTestKeyword" time="0"/>
  <testcase name="test0213 - 1.3" classname="org.eclipse.jdt.core.tests.compiler.parser.CompletionParserTestKeyword" time="0"/>
  <testcase name="test0214_Diet - 1.3" classname="org.eclipse.jdt.core.tests.compiler.parser.CompletionParserTestKeyword" time="0"/>
  <testcase name="test0214_Method - 1.3" classname="org.eclipse.jdt.core.tests.compiler.parser.CompletionParserTestKeyword" time="0"/>
  <testcase name="test0216_Diet - 1.3" classname="org.eclipse.jdt.core.tests.compiler.parser.CompletionParserTestKeyword" time="0"/>
  <testcase name="test0216_Method - 1.3" classname="org.eclipse.jdt.core.tests.compiler.parser.CompletionParserTestKeyword" time="0"/>
  <testcase name="test0217_Diet - 1.3" classname="org.eclipse.jdt.core.tests.compiler.parser.CompletionParserTestKeyword" time="0.001"/>
  <testcase name="test0217_Method - 1.3" classname="org.eclipse.jdt.core.tests.compiler.parser.CompletionParserTestKeyword" time="0"/>
  <testcase name="test0218_Diet - 1.3" classname="org.eclipse.jdt.core.tests.compiler.parser.CompletionParserTestKeyword" time="0"/>
  <testcase name="test0218_Method - 1.3" classname="org.eclipse.jdt.core.tests.compiler.parser.CompletionParserTestKeyword" time="0.001"/>
  <testcase name="test0219_Diet - 1.3" classname="org.eclipse.jdt.core.tests.compiler.parser.CompletionParserTestKeyword" time="0"/>
  <testcase name="test0219_Method - 1.3" classname="org.eclipse.jdt.core.tests.compiler.parser.CompletionParserTestKeyword" time="0"/>
  <testcase name="test0220_Diet - 1.3" classname="org.eclipse.jdt.core.tests.compiler.parser.CompletionParserTestKeyword" time="0.001"/>
  <testcase name="test0220_Method - 1.3" classname="org.eclipse.jdt.core.tests.compiler.parser.CompletionParserTestKeyword" time="0"/>
  <testcase name="test0221_Diet - 1.3" classname="org.eclipse.jdt.core.tests.compiler.parser.CompletionParserTestKeyword" time="0"/>
  <testcase name="test0221_Method - 1.3" classname="org.eclipse.jdt.core.tests.compiler.parser.CompletionParserTestKeyword" time="0.001"/>
  <testcase name="test0222_Diet - 1.3" classname="org.eclipse.jdt.core.tests.compiler.parser.CompletionParserTestKeyword" time="0"/>
  <testcase name="test0222_Method - 1.3" classname="org.eclipse.jdt.core.tests.compiler.parser.CompletionParserTestKeyword" time="0"/>
  <testcase name="test0223 - 1.3" classname="org.eclipse.jdt.core.tests.compiler.parser.CompletionParserTestKeyword" time="0.001"/>
  <testcase name="test0224 - 1.3" classname="org.eclipse.jdt.core.tests.compiler.parser.CompletionParserTestKeyword" time="0"/>
  <testcase name="test0225 - 1.3" classname="org.eclipse.jdt.core.tests.compiler.parser.CompletionParserTestKeyword" time="0"/>
  <testcase name="test0226 - 1.3" classname="org.eclipse.jdt.core.tests.compiler.parser.CompletionParserTestKeyword" time="0"/>
  <testcase name="test0227 - 1.3" classname="org.eclipse.jdt.core.tests.compiler.parser.CompletionParserTestKeyword" time="0"/>
  <testcase name="test0228 - 1.3" classname="org.eclipse.jdt.core.tests.compiler.parser.CompletionParserTestKeyword" time="0"/>
  <testcase name="test0229 - 1.3" classname="org.eclipse.jdt.core.tests.compiler.parser.CompletionParserTestKeyword" time="0.001"/>
  <testcase name="test0230 - 1.3" classname="org.eclipse.jdt.core.tests.compiler.parser.CompletionParserTestKeyword" time="0"/>
  <testcase name="test0231_Diet - 1.3" classname="org.eclipse.jdt.core.tests.compiler.parser.CompletionParserTestKeyword" time="0"/>
  <testcase name="test0231_Method - 1.3" classname="org.eclipse.jdt.core.tests.compiler.parser.CompletionParserTestKeyword" time="0.001"/>
  <testcase name="test0232_Diet - 1.3" classname="org.eclipse.jdt.core.tests.compiler.parser.CompletionParserTestKeyword" time="0"/>
  <testcase name="test0232_Method - 1.3" classname="org.eclipse.jdt.core.tests.compiler.parser.CompletionParserTestKeyword" time="0.001"/>
  <testcase name="test0233_Diet - 1.3" classname="org.eclipse.jdt.core.tests.compiler.parser.CompletionParserTestKeyword" time="0"/>
  <testcase name="test0233_Method - 1.3" classname="org.eclipse.jdt.core.tests.compiler.parser.CompletionParserTestKeyword" time="0"/>
  <testcase name="test0234_Diet - 1.3" classname="org.eclipse.jdt.core.tests.compiler.parser.CompletionParserTestKeyword" time="0.001"/>
  <testcase name="test0234_Method - 1.3" classname="org.eclipse.jdt.core.tests.compiler.parser.CompletionParserTestKeyword" time="0"/>
  <testcase name="test0235_Diet - 1.3" classname="org.eclipse.jdt.core.tests.compiler.parser.CompletionParserTestKeyword" time="0"/>
  <testcase name="test0235_Method - 1.3" classname="org.eclipse.jdt.core.tests.compiler.parser.CompletionParserTestKeyword" time="0.001"/>
  <testcase name="test0236_Diet - 1.3" classname="org.eclipse.jdt.core.tests.compiler.parser.CompletionParserTestKeyword" time="0"/>
  <testcase name="test0236_Method - 1.3" classname="org.eclipse.jdt.core.tests.compiler.parser.CompletionParserTestKeyword" time="0"/>
  <testcase name="test0237_Diet - 1.3" classname="org.eclipse.jdt.core.tests.compiler.parser.CompletionParserTestKeyword" time="0"/>
  <testcase name="test0237_Method - 1.3" classname="org.eclipse.jdt.core.tests.compiler.parser.CompletionParserTestKeyword" time="0"/>
  <testcase name="test0238_Diet - 1.3" classname="org.eclipse.jdt.core.tests.compiler.parser.CompletionParserTestKeyword" time="0"/>
  <testcase name="test0238_Method - 1.3" classname="org.eclipse.jdt.core.tests.compiler.parser.CompletionParserTestKeyword" time="0"/>
  <testcase name="test0239_Diet - 1.3" classname="org.eclipse.jdt.core.tests.compiler.parser.CompletionParserTestKeyword" time="0"/>
  <testcase name="test0239_Method - 1.3" classname="org.eclipse.jdt.core.tests.compiler.parser.CompletionParserTestKeyword" time="0"/>
  <testcase name="test0240_Diet - 1.3" classname="org.eclipse.jdt.core.tests.compiler.parser.CompletionParserTestKeyword" time="0.001"/>
  <testcase name="test0240_Method - 1.3" classname="org.eclipse.jdt.core.tests.compiler.parser.CompletionParserTestKeyword" time="0"/>
  <testcase name="test0241 - 1.3" classname="org.eclipse.jdt.core.tests.compiler.parser.CompletionParserTestKeyword" time="0"/>
  <testcase name="test0242 - 1.3" classname="org.eclipse.jdt.core.tests.compiler.parser.CompletionParserTestKeyword" time="0.001"/>
  <testcase name="test0243 - 1.3" classname="org.eclipse.jdt.core.tests.compiler.parser.CompletionParserTestKeyword" time="0"/>
  <testcase name="test0244 - 1.3" classname="org.eclipse.jdt.core.tests.compiler.parser.CompletionParserTestKeyword" time="0"/>
  <testcase name="test0245 - 1.3" classname="org.eclipse.jdt.core.tests.compiler.parser.CompletionParserTestKeyword" time="0.001"/>
  <testcase name="test0246 - 1.3" classname="org.eclipse.jdt.core.tests.compiler.parser.CompletionParserTestKeyword" time="0"/>
  <testcase name="test0247 - 1.3" classname="org.eclipse.jdt.core.tests.compiler.parser.CompletionParserTestKeyword" time="0"/>
  <testcase name="test0248 - 1.3" classname="org.eclipse.jdt.core.tests.compiler.parser.CompletionParserTestKeyword" time="0.001"/>
  <testcase name="test0249_Diet - 1.3" classname="org.eclipse.jdt.core.tests.compiler.parser.CompletionParserTestKeyword" time="0"/>
  <testcase name="test0249_Method - 1.3" classname="org.eclipse.jdt.core.tests.compiler.parser.CompletionParserTestKeyword" time="0"/>
  <testcase name="test0250_Diet - 1.3" classname="org.eclipse.jdt.core.tests.compiler.parser.CompletionParserTestKeyword" time="0.001"/>
  <testcase name="test0250_Method - 1.3" classname="org.eclipse.jdt.core.tests.compiler.parser.CompletionParserTestKeyword" time="0"/>
  <testcase name="test0251_Diet - 1.3" classname="org.eclipse.jdt.core.tests.compiler.parser.CompletionParserTestKeyword" time="0"/>
  <testcase name="test0251_Method - 1.3" classname="org.eclipse.jdt.core.tests.compiler.parser.CompletionParserTestKeyword" time="0.001"/>
  <testcase name="test0252_Diet - 1.3" classname="org.eclipse.jdt.core.tests.compiler.parser.CompletionParserTestKeyword" time="0"/>
  <testcase name="test0252_Method - 1.3" classname="org.eclipse.jdt.core.tests.compiler.parser.CompletionParserTestKeyword" time="0"/>
  <testcase name="test0253_Diet - 1.3" classname="org.eclipse.jdt.core.tests.compiler.parser.CompletionParserTestKeyword" time="0.001"/>
  <testcase name="test0253_Method - 1.3" classname="org.eclipse.jdt.core.tests.compiler.parser.CompletionParserTestKeyword" time="0"/>
  <testcase name="test0254 - 1.3" classname="org.eclipse.jdt.core.tests.compiler.parser.CompletionParserTestKeyword" time="0"/>
  <testcase name="test0255 - 1.3" classname="org.eclipse.jdt.core.tests.compiler.parser.CompletionParserTestKeyword" time="0"/>
  <testcase name="test0256 - 1.3" classname="org.eclipse.jdt.core.tests.compiler.parser.CompletionParserTestKeyword" time="0.001"/>
  <testcase name="test0257 - 1.3" classname="org.eclipse.jdt.core.tests.compiler.parser.CompletionParserTestKeyword" time="0"/>
  <testcase name="test0258 - 1.3" classname="org.eclipse.jdt.core.tests.compiler.parser.CompletionParserTestKeyword" time="0"/>
  <testcase name="test0259 - 1.3" classname="org.eclipse.jdt.core.tests.compiler.parser.CompletionParserTestKeyword" time="0.001"/>
  <testcase name="test0260 - 1.3" classname="org.eclipse.jdt.core.tests.compiler.parser.CompletionParserTestKeyword" time="0"/>
  <testcase name="test0261 - 1.3" classname="org.eclipse.jdt.core.tests.compiler.parser.CompletionParserTestKeyword" time="0"/>
  <testcase name="test0262 - 1.3" classname="org.eclipse.jdt.core.tests.compiler.parser.CompletionParserTestKeyword" time="0"/>
  <testcase name="test0263 - 1.3" classname="org.eclipse.jdt.core.tests.compiler.parser.CompletionParserTestKeyword" time="0"/>
  <testcase name="test0264 - 1.3" classname="org.eclipse.jdt.core.tests.compiler.parser.CompletionParserTestKeyword" time="0"/>
  <testcase name="test0265 - 1.3" classname="org.eclipse.jdt.core.tests.compiler.parser.CompletionParserTestKeyword" time="0"/>
  <testcase name="test0266 - 1.3" classname="org.eclipse.jdt.core.tests.compiler.parser.CompletionParserTestKeyword" time="0.001"/>
  <testcase name="test0267 - 1.3" classname="org.eclipse.jdt.core.tests.compiler.parser.CompletionParserTestKeyword" time="0"/>
  <testcase name="test0268 - 1.3" classname="org.eclipse.jdt.core.tests.compiler.parser.CompletionParserTestKeyword" time="0"/>
  <testcase name="test0269 - 1.3" classname="org.eclipse.jdt.core.tests.compiler.parser.CompletionParserTestKeyword" time="0"/>
  <testcase name="test0270 - 1.3" classname="org.eclipse.jdt.core.tests.compiler.parser.CompletionParserTestKeyword" time="0"/>
  <testcase name="test0271 - 1.3" classname="org.eclipse.jdt.core.tests.compiler.parser.CompletionParserTestKeyword" time="0"/>
  <testcase name="test0272 - 1.3" classname="org.eclipse.jdt.core.tests.compiler.parser.CompletionParserTestKeyword" time="0.001"/>
  <testcase name="test0273 - 1.3" classname="org.eclipse.jdt.core.tests.compiler.parser.CompletionParserTestKeyword" time="0"/>
  <testcase name="test0274_Diet - 1.3" classname="org.eclipse.jdt.core.tests.compiler.parser.CompletionParserTestKeyword" time="0"/>
  <testcase name="test0274_Method - 1.3" classname="org.eclipse.jdt.core.tests.compiler.parser.CompletionParserTestKeyword" time="0.001"/>
  <testcase name="test0275_Diet - 1.3" classname="org.eclipse.jdt.core.tests.compiler.parser.CompletionParserTestKeyword" time="0"/>
  <testcase name="test0275_Method - 1.3" classname="org.eclipse.jdt.core.tests.compiler.parser.CompletionParserTestKeyword" time="0"/>
  <testcase name="test0276_Diet - 1.3" classname="org.eclipse.jdt.core.tests.compiler.parser.CompletionParserTestKeyword" time="0"/>
  <testcase name="test0276_Method - 1.3" classname="org.eclipse.jdt.core.tests.compiler.parser.CompletionParserTestKeyword" time="0"/>
  <testcase name="test0277 - 1.3" classname="org.eclipse.jdt.core.tests.compiler.parser.CompletionParserTestKeyword" time="0"/>
  <testcase name="test0278 - 1.3" classname="org.eclipse.jdt.core.tests.compiler.parser.CompletionParserTestKeyword" time="0"/>
  <testcase name="test0279 - 1.3" classname="org.eclipse.jdt.core.tests.compiler.parser.CompletionParserTestKeyword" time="0.001"/>
  <testcase name="test0280 - 1.3" classname="org.eclipse.jdt.core.tests.compiler.parser.CompletionParserTestKeyword" time="0"/>
  <testcase name="test0281 - 1.3" classname="org.eclipse.jdt.core.tests.compiler.parser.CompletionParserTestKeyword" time="0"/>
  <testcase name="test0282 - 1.3" classname="org.eclipse.jdt.core.tests.compiler.parser.CompletionParserTestKeyword" time="0.001"/>
  <testcase name="test0283 - 1.3" classname="org.eclipse.jdt.core.tests.compiler.parser.CompletionParserTestKeyword" time="0"/>
  <testcase name="test0284_Diet - 1.3" classname="org.eclipse.jdt.core.tests.compiler.parser.CompletionParserTestKeyword" time="0"/>
  <testcase name="test0284_Method - 1.3" classname="org.eclipse.jdt.core.tests.compiler.parser.CompletionParserTestKeyword" time="0"/>
  <testcase name="test0285_Diet - 1.3" classname="org.eclipse.jdt.core.tests.compiler.parser.CompletionParserTestKeyword" time="0"/>
  <testcase name="test0285_Method - 1.3" classname="org.eclipse.jdt.core.tests.compiler.parser.CompletionParserTestKeyword" time="0"/>
  <testcase name="test0286_Diet - 1.3" classname="org.eclipse.jdt.core.tests.compiler.parser.CompletionParserTestKeyword" time="0"/>
  <testcase name="test0286_Method - 1.3" classname="org.eclipse.jdt.core.tests.compiler.parser.CompletionParserTestKeyword" time="0.001"/>
  <testcase name="test0287_Diet - 1.3" classname="org.eclipse.jdt.core.tests.compiler.parser.CompletionParserTestKeyword" time="0"/>
  <testcase name="test0287_Method - 1.3" classname="org.eclipse.jdt.core.tests.compiler.parser.CompletionParserTestKeyword" time="0"/>
  <testcase name="test0288_Diet - 1.3" classname="org.eclipse.jdt.core.tests.compiler.parser.CompletionParserTestKeyword" time="0.001"/>
  <testcase name="test0288_Method - 1.3" classname="org.eclipse.jdt.core.tests.compiler.parser.CompletionParserTestKeyword" time="0"/>
  <testcase name="test0289_Diet - 1.3" classname="org.eclipse.jdt.core.tests.compiler.parser.CompletionParserTestKeyword" time="0"/>
  <testcase name="test0289_Method - 1.3" classname="org.eclipse.jdt.core.tests.compiler.parser.CompletionParserTestKeyword" time="0.001"/>
  <testcase name="test0290_Diet - 1.3" classname="org.eclipse.jdt.core.tests.compiler.parser.CompletionParserTestKeyword" time="0"/>
  <testcase name="test0290_Method - 1.3" classname="org.eclipse.jdt.core.tests.compiler.parser.CompletionParserTestKeyword" time="0.001"/>
  <testcase name="test0291_Diet - 1.3" classname="org.eclipse.jdt.core.tests.compiler.parser.CompletionParserTestKeyword" time="0"/>
  <testcase name="test0291_Method - 1.3" classname="org.eclipse.jdt.core.tests.compiler.parser.CompletionParserTestKeyword" time="0"/>
  <testcase name="test0292_Diet - 1.3" classname="org.eclipse.jdt.core.tests.compiler.parser.CompletionParserTestKeyword" time="0"/>
  <testcase name="test0292_Method - 1.3" classname="org.eclipse.jdt.core.tests.compiler.parser.CompletionParserTestKeyword" time="0.001"/>
  <testcase name="test0293_Diet - 1.3" classname="org.eclipse.jdt.core.tests.compiler.parser.CompletionParserTestKeyword" time="0"/>
  <testcase name="test0293_Method - 1.3" classname="org.eclipse.jdt.core.tests.compiler.parser.CompletionParserTestKeyword" time="0"/>
  <testcase name="test0294_Diet - 1.3" classname="org.eclipse.jdt.core.tests.compiler.parser.CompletionParserTestKeyword" time="0"/>
  <testcase name="test0294_Method - 1.3" classname="org.eclipse.jdt.core.tests.compiler.parser.CompletionParserTestKeyword" time="0"/>
  <testcase name="test0295 - 1.3" classname="org.eclipse.jdt.core.tests.compiler.parser.CompletionParserTestKeyword" time="0"/>
  <testcase name="test0296 - 1.3" classname="org.eclipse.jdt.core.tests.compiler.parser.CompletionParserTestKeyword" time="0.001"/>
  <testcase name="test0297 - 1.3" classname="org.eclipse.jdt.core.tests.compiler.parser.CompletionParserTestKeyword" time="0"/>
  <testcase name="test0298 - 1.3" classname="org.eclipse.jdt.core.tests.compiler.parser.CompletionParserTestKeyword" time="0"/>
  <testcase name="test0299 - 1.3" classname="org.eclipse.jdt.core.tests.compiler.parser.CompletionParserTestKeyword" time="0.001"/>
  <testcase name="test0300 - 1.3" classname="org.eclipse.jdt.core.tests.compiler.parser.CompletionParserTestKeyword" time="0"/>
  <testcase name="test0301_Diet - 1.3" classname="org.eclipse.jdt.core.tests.compiler.parser.CompletionParserTestKeyword" time="0"/>
  <testcase name="test0301_Method - 1.3" classname="org.eclipse.jdt.core.tests.compiler.parser.CompletionParserTestKeyword" time="0.001"/>
  <testcase name="test0302_Diet - 1.3" classname="org.eclipse.jdt.core.tests.compiler.parser.CompletionParserTestKeyword" time="0"/>
  <testcase name="test0302_Method - 1.3" classname="org.eclipse.jdt.core.tests.compiler.parser.CompletionParserTestKeyword" time="0"/>
  <testcase name="test0303_Diet - 1.3" classname="org.eclipse.jdt.core.tests.compiler.parser.CompletionParserTestKeyword" time="0"/>
  <testcase name="test0303_Method - 1.3" classname="org.eclipse.jdt.core.tests.compiler.parser.CompletionParserTestKeyword" time="0.001"/>
  <testcase name="test0304_Diet - 1.3" classname="org.eclipse.jdt.core.tests.compiler.parser.CompletionParserTestKeyword" time="0"/>
  <testcase name="test0304_Method - 1.3" classname="org.eclipse.jdt.core.tests.compiler.parser.CompletionParserTestKeyword" time="0"/>
  <testcase name="test0305 - 1.3" classname="org.eclipse.jdt.core.tests.compiler.parser.CompletionParserTestKeyword" time="0.001"/>
  <testcase name="test0306 - 1.3" classname="org.eclipse.jdt.core.tests.compiler.parser.CompletionParserTestKeyword" time="0"/>
  <testcase name="test0307 - 1.3" classname="org.eclipse.jdt.core.tests.compiler.parser.CompletionParserTestKeyword" time="0"/>
  <testcase name="test0308 - 1.3" classname="org.eclipse.jdt.core.tests.compiler.parser.CompletionParserTestKeyword" time="0"/>
  <testcase name="test0309 - 1.3" classname="org.eclipse.jdt.core.tests.compiler.parser.CompletionParserTestKeyword" time="0"/>
  <testcase name="test0310 - 1.3" classname="org.eclipse.jdt.core.tests.compiler.parser.CompletionParserTestKeyword" time="0"/>
  <testcase name="test0311 - 1.3" classname="org.eclipse.jdt.core.tests.compiler.parser.CompletionParserTestKeyword" time="0"/>
  <testcase name="test0312 - 1.3" classname="org.eclipse.jdt.core.tests.compiler.parser.CompletionParserTestKeyword" time="0.001"/>
  <testcase name="test0313 - 1.3" classname="org.eclipse.jdt.core.tests.compiler.parser.CompletionParserTestKeyword" time="0"/>
  <testcase name="test0314 - 1.3" classname="org.eclipse.jdt.core.tests.compiler.parser.CompletionParserTestKeyword" time="0"/>
  <testcase name="test0315 - 1.3" classname="org.eclipse.jdt.core.tests.compiler.parser.CompletionParserTestKeyword" time="0.001"/>
  <testcase name="test0316 - 1.3" classname="org.eclipse.jdt.core.tests.compiler.parser.CompletionParserTestKeyword" time="0"/>
  <testcase name="test0317 - 1.3" classname="org.eclipse.jdt.core.tests.compiler.parser.CompletionParserTestKeyword" time="0"/>
  <testcase name="test0318 - 1.3" classname="org.eclipse.jdt.core.tests.compiler.parser.CompletionParserTestKeyword" time="0"/>
  <testcase name="test0319 - 1.3" classname="org.eclipse.jdt.core.tests.compiler.parser.CompletionParserTestKeyword" time="0"/>
  <testcase name="test0320 - 1.3" classname="org.eclipse.jdt.core.tests.compiler.parser.CompletionParserTestKeyword" time="0"/>
  <testcase name="test0321 - 1.3" classname="org.eclipse.jdt.core.tests.compiler.parser.CompletionParserTestKeyword" time="0"/>
  <testcase name="test0322 - 1.3" classname="org.eclipse.jdt.core.tests.compiler.parser.CompletionParserTestKeyword" time="0.001"/>
  <testcase name="test0323 - 1.3" classname="org.eclipse.jdt.core.tests.compiler.parser.CompletionParserTestKeyword" time="0"/>
  <testcase name="test0324 - 1.3" classname="org.eclipse.jdt.core.tests.compiler.parser.CompletionParserTestKeyword" time="0"/>
  <testcase name="test0325 - 1.3" classname="org.eclipse.jdt.core.tests.compiler.parser.CompletionParserTestKeyword" time="0"/>
  <testcase name="test0326 - 1.3" classname="org.eclipse.jdt.core.tests.compiler.parser.CompletionParserTestKeyword" time="0.001"/>
  <testcase name="test0327 - 1.3" classname="org.eclipse.jdt.core.tests.compiler.parser.CompletionParserTestKeyword" time="0"/>
  <testcase name="test0328 - 1.3" classname="org.eclipse.jdt.core.tests.compiler.parser.CompletionParserTestKeyword" time="0"/>
  <testcase name="test0329 - 1.3" classname="org.eclipse.jdt.core.tests.compiler.parser.CompletionParserTestKeyword" time="0.001"/>
  <testcase name="test0330 - 1.3" classname="org.eclipse.jdt.core.tests.compiler.parser.CompletionParserTestKeyword" time="0"/>
  <testcase name="test0331 - 1.3" classname="org.eclipse.jdt.core.tests.compiler.parser.CompletionParserTestKeyword" time="0"/>
  <testcase name="test0332 - 1.3" classname="org.eclipse.jdt.core.tests.compiler.parser.CompletionParserTestKeyword" time="0"/>
  <testcase name="test0333 - 1.3" classname="org.eclipse.jdt.core.tests.compiler.parser.CompletionParserTestKeyword" time="0.001"/>
  <testcase name="test0334 - 1.3" classname="org.eclipse.jdt.core.tests.compiler.parser.CompletionParserTestKeyword" time="0"/>
  <testcase name="test0335 - 1.3" classname="org.eclipse.jdt.core.tests.compiler.parser.CompletionParserTestKeyword" time="0"/>
  <testcase name="test0336 - 1.3" classname="org.eclipse.jdt.core.tests.compiler.parser.CompletionParserTestKeyword" time="0.001"/>
  <testcase name="test0337 - 1.3" classname="org.eclipse.jdt.core.tests.compiler.parser.CompletionParserTestKeyword" time="0"/>
  <testcase name="test0338 - 1.3" classname="org.eclipse.jdt.core.tests.compiler.parser.CompletionParserTestKeyword" time="0"/>
  <testcase name="test0339 - 1.3" classname="org.eclipse.jdt.core.tests.compiler.parser.CompletionParserTestKeyword" time="0"/>
  <testcase name="test0340 - 1.3" classname="org.eclipse.jdt.core.tests.compiler.parser.CompletionParserTestKeyword" time="0"/>
  <testcase name="test0341_Diet - 1.3" classname="org.eclipse.jdt.core.tests.compiler.parser.CompletionParserTestKeyword" time="0"/>
  <testcase name="test0341_Method - 1.3" classname="org.eclipse.jdt.core.tests.compiler.parser.CompletionParserTestKeyword" time="0"/>
  <testcase name="test0342_Diet - 1.3" classname="org.eclipse.jdt.core.tests.compiler.parser.CompletionParserTestKeyword" time="0.001"/>
  <testcase name="test0342_Method - 1.3" classname="org.eclipse.jdt.core.tests.compiler.parser.CompletionParserTestKeyword" time="0"/>
  <testcase name="test0343 - 1.3" classname="org.eclipse.jdt.core.tests.compiler.parser.CompletionParserTestKeyword" time="0"/>
  <testcase name="test0344 - 1.3" classname="org.eclipse.jdt.core.tests.compiler.parser.CompletionParserTestKeyword" time="0.001"/>
  <testcase name="test0345 - 1.3" classname="org.eclipse.jdt.core.tests.compiler.parser.CompletionParserTestKeyword" time="0"/>
  <testcase name="test0346 - 1.3" classname="org.eclipse.jdt.core.tests.compiler.parser.CompletionParserTestKeyword" time="0"/>
  <testcase name="test0347 - 1.3" classname="org.eclipse.jdt.core.tests.compiler.parser.CompletionParserTestKeyword" time="0"/>
  <testcase name="test0348 - 1.3" classname="org.eclipse.jdt.core.tests.compiler.parser.CompletionParserTestKeyword" time="0.001"/>
  <testcase name="test0349 - 1.3" classname="org.eclipse.jdt.core.tests.compiler.parser.CompletionParserTestKeyword" time="0"/>
  <testcase name="test0350 - 1.3" classname="org.eclipse.jdt.core.tests.compiler.parser.CompletionParserTestKeyword" time="0"/>
  <testcase name="test0351 - 1.3" classname="org.eclipse.jdt.core.tests.compiler.parser.CompletionParserTestKeyword" time="0"/>
  <testcase name="test0352 - 1.3" classname="org.eclipse.jdt.core.tests.compiler.parser.CompletionParserTestKeyword" time="0"/>
  <testcase name="test0353 - 1.3" classname="org.eclipse.jdt.core.tests.compiler.parser.CompletionParserTestKeyword" time="0"/>
  <testcase name="test0354 - 1.3" classname="org.eclipse.jdt.core.tests.compiler.parser.CompletionParserTestKeyword" time="0"/>
  <testcase name="test0355 - 1.3" classname="org.eclipse.jdt.core.tests.compiler.parser.CompletionParserTestKeyword" time="0.001"/>
  <testcase name="test0356 - 1.3" classname="org.eclipse.jdt.core.tests.compiler.parser.CompletionParserTestKeyword" time="0"/>
  <testcase name="test0357 - 1.3" classname="org.eclipse.jdt.core.tests.compiler.parser.CompletionParserTestKeyword" time="0"/>
  <testcase name="test0358 - 1.3" classname="org.eclipse.jdt.core.tests.compiler.parser.CompletionParserTestKeyword" time="0.001"/>
  <testcase name="test0359 - 1.3" classname="org.eclipse.jdt.core.tests.compiler.parser.CompletionParserTestKeyword" time="0"/>
  <testcase name="test0360 - 1.3" classname="org.eclipse.jdt.core.tests.compiler.parser.CompletionParserTestKeyword" time="0"/>
  <testcase name="test0361 - 1.3" classname="org.eclipse.jdt.core.tests.compiler.parser.CompletionParserTestKeyword" time="0"/>
  <testcase name="test0362 - 1.3" classname="org.eclipse.jdt.core.tests.compiler.parser.CompletionParserTestKeyword" time="0"/>
  <testcase name="test0363 - 1.3" classname="org.eclipse.jdt.core.tests.compiler.parser.CompletionParserTestKeyword" time="0"/>
  <testcase name="test0364 - 1.3" classname="org.eclipse.jdt.core.tests.compiler.parser.CompletionParserTestKeyword" time="0"/>
  <testcase name="test0365 - 1.3" classname="org.eclipse.jdt.core.tests.compiler.parser.CompletionParserTestKeyword" time="0.001"/>
  <testcase name="test0366 - 1.3" classname="org.eclipse.jdt.core.tests.compiler.parser.CompletionParserTestKeyword" time="0"/>
  <testcase name="test0367 - 1.3" classname="org.eclipse.jdt.core.tests.compiler.parser.CompletionParserTestKeyword" time="0"/>
  <testcase name="test0368 - 1.3" classname="org.eclipse.jdt.core.tests.compiler.parser.CompletionParserTestKeyword" time="0"/>
  <testcase name="test0369 - 1.3" classname="org.eclipse.jdt.core.tests.compiler.parser.CompletionParserTestKeyword" time="0.001"/>
  <testcase name="test0370 - 1.3" classname="org.eclipse.jdt.core.tests.compiler.parser.CompletionParserTestKeyword" time="0"/>
  <testcase name="test0371 - 1.3" classname="org.eclipse.jdt.core.tests.compiler.parser.CompletionParserTestKeyword" time="0"/>
  <testcase name="test0372 - 1.3" classname="org.eclipse.jdt.core.tests.compiler.parser.CompletionParserTestKeyword" time="0.001"/>
  <testcase name="test0373 - 1.3" classname="org.eclipse.jdt.core.tests.compiler.parser.CompletionParserTestKeyword" time="0"/>
  <testcase name="test0374 - 1.3" classname="org.eclipse.jdt.core.tests.compiler.parser.CompletionParserTestKeyword" time="0"/>
  <testcase name="test0375_Diet - 1.3" classname="org.eclipse.jdt.core.tests.compiler.parser.CompletionParserTestKeyword" time="0"/>
  <testcase name="test0375_Method - 1.3" classname="org.eclipse.jdt.core.tests.compiler.parser.CompletionParserTestKeyword" time="0"/>
  <testcase name="test0376_Diet - 1.3" classname="org.eclipse.jdt.core.tests.compiler.parser.CompletionParserTestKeyword" time="0"/>
  <testcase name="test0376_Method - 1.3" classname="org.eclipse.jdt.core.tests.compiler.parser.CompletionParserTestKeyword" time="0"/>
  <testcase name="test0377_Diet - 1.3" classname="org.eclipse.jdt.core.tests.compiler.parser.CompletionParserTestKeyword" time="0.001"/>
  <testcase name="test0377_Method - 1.3" classname="org.eclipse.jdt.core.tests.compiler.parser.CompletionParserTestKeyword" time="0"/>
  <testcase name="test0378_Diet - 1.3" classname="org.eclipse.jdt.core.tests.compiler.parser.CompletionParserTestKeyword" time="0"/>
  <testcase name="test0378_Method - 1.3" classname="org.eclipse.jdt.core.tests.compiler.parser.CompletionParserTestKeyword" time="0"/>
  <testcase name="test0379_Diet - 1.3" classname="org.eclipse.jdt.core.tests.compiler.parser.CompletionParserTestKeyword" time="0"/>
  <testcase name="test0379_Method - 1.3" classname="org.eclipse.jdt.core.tests.compiler.parser.CompletionParserTestKeyword" time="0"/>
  <testcase name="test0380_Diet - 1.3" classname="org.eclipse.jdt.core.tests.compiler.parser.CompletionParserTestKeyword" time="0"/>
  <testcase name="test0380_Method - 1.3" classname="org.eclipse.jdt.core.tests.compiler.parser.CompletionParserTestKeyword" time="0.001"/>
  <testcase name="test0381_Diet - 1.3" classname="org.eclipse.jdt.core.tests.compiler.parser.CompletionParserTestKeyword" time="0"/>
  <testcase name="test0381_Method - 1.3" classname="org.eclipse.jdt.core.tests.compiler.parser.CompletionParserTestKeyword" time="0"/>
  <testcase name="test0382_Diet - 1.3" classname="org.eclipse.jdt.core.tests.compiler.parser.CompletionParserTestKeyword" time="0"/>
  <testcase name="test0382_Method - 1.3" classname="org.eclipse.jdt.core.tests.compiler.parser.CompletionParserTestKeyword" time="0.001"/>
  <testcase name="test0384_Diet - 1.3" classname="org.eclipse.jdt.core.tests.compiler.parser.CompletionParserTestKeyword" time="0"/>
  <testcase name="test0384_Method - 1.3" classname="org.eclipse.jdt.core.tests.compiler.parser.CompletionParserTestKeyword" time="0"/>
  <testcase name="test0385_Diet - 1.3" classname="org.eclipse.jdt.core.tests.compiler.parser.CompletionParserTestKeyword" time="0.001"/>
  <testcase name="test0385_Method - 1.3" classname="org.eclipse.jdt.core.tests.compiler.parser.CompletionParserTestKeyword" time="0"/>
  <testcase name="test0386_Diet - 1.3" classname="org.eclipse.jdt.core.tests.compiler.parser.CompletionParserTestKeyword" time="0"/>
  <testcase name="test0386_Method - 1.3" classname="org.eclipse.jdt.core.tests.compiler.parser.CompletionParserTestKeyword" time="0.001"/>
  <testcase name="test0387_Diet - 1.3" classname="org.eclipse.jdt.core.tests.compiler.parser.CompletionParserTestKeyword" time="0"/>
  <testcase name="test0387_Method - 1.3" classname="org.eclipse.jdt.core.tests.compiler.parser.CompletionParserTestKeyword" time="0"/>
  <testcase name="test0388_Diet - 1.3" classname="org.eclipse.jdt.core.tests.compiler.parser.CompletionParserTestKeyword" time="0"/>
  <testcase name="test0388_Method - 1.3" classname="org.eclipse.jdt.core.tests.compiler.parser.CompletionParserTestKeyword" time="0"/>
  <testcase name="test01 - 1.3" classname="org.eclipse.jdt.core.tests.compiler.parser.CompletionRecoveryTest" time="0.001"/>
  <testcase name="test01 - 1.3" classname="org.eclipse.jdt.core.tests.compiler.parser.DietCompletionTest" time="0.001"/>
  <testcase name="test01 - 1.3" classname="org.eclipse.jdt.core.tests.compiler.parser.SelectionTest" time="0"/>
  <testcase name="test01 - 1.3" classname="org.eclipse.jdt.core.tests.compiler.parser.SelectionJavadocTest" time="0.002"/>
  <testcase name="test01 - 1.3" classname="org.eclipse.jdt.core.tests.compiler.parser.DietRecoveryTest" time="0.013"/>
  <testcase name="test01 - 1.3" classname="org.eclipse.jdt.core.tests.compiler.parser.SourceElementParserTest" time="0.005"/>
  <testcase name="test01 - 1.3" classname="org.eclipse.jdt.core.tests.compiler.parser.DocumentElementParserTest" time="0.004"/>
  <testcase name="test01 - 1.3" classname="org.eclipse.jdt.core.tests.compiler.parser.SyntaxErrorTest" time="0.001"/>
  <testcase name="test01 - 1.3" classname="org.eclipse.jdt.core.tests.compiler.parser.DualParseSyntaxErrorTest" time="0.001"/>
  <testcase name="test02 - 1.3" classname="org.eclipse.jdt.core.tests.compiler.parser.CompletionRecoveryTest" time="0.001"/>
  <testcase name="test02 - 1.3" classname="org.eclipse.jdt.core.tests.compiler.parser.DietCompletionTest" time="0"/>
  <testcase name="test02 - 1.3" classname="org.eclipse.jdt.core.tests.compiler.parser.SelectionTest" time="0"/>
  <testcase name="test02 - 1.3" classname="org.eclipse.jdt.core.tests.compiler.parser.SelectionJavadocTest" time="0"/>
  <testcase name="test02 - 1.3" classname="org.eclipse.jdt.core.tests.compiler.parser.DietRecoveryTest" time="0.007"/>
  <testcase name="test02 - 1.3" classname="org.eclipse.jdt.core.tests.compiler.parser.SourceElementParserTest" time="0.001"/>
  <testcase name="test02 - 1.3" classname="org.eclipse.jdt.core.tests.compiler.parser.SyntaxErrorTest" time="0.001"/>
  <testcase name="test02 - 1.3" classname="org.eclipse.jdt.core.tests.compiler.parser.DualParseSyntaxErrorTest" time="0.001"/>
  <testcase name="test03 - 1.3" classname="org.eclipse.jdt.core.tests.compiler.parser.CompletionRecoveryTest" time="0.001"/>
  <testcase name="test03 - 1.3" classname="org.eclipse.jdt.core.tests.compiler.parser.DietCompletionTest" time="0"/>
  <testcase name="test03 - 1.3" classname="org.eclipse.jdt.core.tests.compiler.parser.SelectionTest" time="0"/>
  <testcase name="test03 - 1.3" classname="org.eclipse.jdt.core.tests.compiler.parser.SelectionJavadocTest" time="0"/>
  <testcase name="test03 - 1.3" classname="org.eclipse.jdt.core.tests.compiler.parser.DietRecoveryTest" time="0.006"/>
  <testcase name="test03 - 1.3" classname="org.eclipse.jdt.core.tests.compiler.parser.SourceElementParserTest" time="0.001"/>
  <testcase name="test03 - 1.3" classname="org.eclipse.jdt.core.tests.compiler.parser.SyntaxErrorTest" time="0.001"/>
  <testcase name="test03 - 1.3" classname="org.eclipse.jdt.core.tests.compiler.parser.DualParseSyntaxErrorTest" time="0"/>
  <testcase name="test04 - 1.3" classname="org.eclipse.jdt.core.tests.compiler.parser.CompletionRecoveryTest" time="0.001"/>
  <testcase name="test04 - 1.3" classname="org.eclipse.jdt.core.tests.compiler.parser.DietCompletionTest" time="0"/>
  <testcase name="test04 - 1.3" classname="org.eclipse.jdt.core.tests.compiler.parser.SelectionTest" time="0"/>
  <testcase name="test04 - 1.3" classname="org.eclipse.jdt.core.tests.compiler.parser.SelectionJavadocTest" time="0"/>
  <testcase name="test04 - 1.3" classname="org.eclipse.jdt.core.tests.compiler.parser.DietRecoveryTest" time="0.007"/>
  <testcase name="test04 - 1.3" classname="org.eclipse.jdt.core.tests.compiler.parser.SourceElementParserTest" time="0.002"/>
  <testcase name="test04 - 1.3" classname="org.eclipse.jdt.core.tests.compiler.parser.SyntaxErrorTest" time="0.001"/>
  <testcase name="test04 - 1.3" classname="org.eclipse.jdt.core.tests.compiler.parser.DualParseSyntaxErrorTest" time="0"/>
  <testcase name="test05 - 1.3" classname="org.eclipse.jdt.core.tests.compiler.parser.CompletionRecoveryTest" time="0"/>
  <testcase name="test05 - 1.3" classname="org.eclipse.jdt.core.tests.compiler.parser.DietCompletionTest" time="0"/>
  <testcase name="test05 - 1.3" classname="org.eclipse.jdt.core.tests.compiler.parser.SelectionTest" time="0.001"/>
  <testcase name="test05 - 1.3" classname="org.eclipse.jdt.core.tests.compiler.parser.SelectionJavadocTest" time="0.001"/>
  <testcase name="test05 - 1.3" classname="org.eclipse.jdt.core.tests.compiler.parser.DietRecoveryTest" time="0.003"/>
  <testcase name="test05 - 1.3" classname="org.eclipse.jdt.core.tests.compiler.parser.SourceElementParserTest" time="0.001"/>
  <testcase name="test05 - 1.3" classname="org.eclipse.jdt.core.tests.compiler.parser.SyntaxErrorTest" time="0"/>
  <testcase name="test05 - 1.3" classname="org.eclipse.jdt.core.tests.compiler.parser.DualParseSyntaxErrorTest" time="0.001"/>
  <testcase name="test06 - 1.3" classname="org.eclipse.jdt.core.tests.compiler.parser.CompletionRecoveryTest" time="0.001"/>
  <testcase name="test06 - 1.3" classname="org.eclipse.jdt.core.tests.compiler.parser.DietCompletionTest" time="0"/>
  <testcase name="test06 - 1.3" classname="org.eclipse.jdt.core.tests.compiler.parser.SelectionTest" time="0.001"/>
  <testcase name="test06 - 1.3" classname="org.eclipse.jdt.core.tests.compiler.parser.SelectionJavadocTest" time="0"/>
  <testcase name="test06 - 1.3" classname="org.eclipse.jdt.core.tests.compiler.parser.DietRecoveryTest" time="0.004"/>
  <testcase name="test06 - 1.3" classname="org.eclipse.jdt.core.tests.compiler.parser.SourceElementParserTest" time="0.001"/>
  <testcase name="test06 - 1.3" classname="org.eclipse.jdt.core.tests.compiler.parser.SyntaxErrorTest" time="0"/>
  <testcase name="test06 - 1.3" classname="org.eclipse.jdt.core.tests.compiler.parser.DualParseSyntaxErrorTest" time="0.001"/>
  <testcase name="test07 - 1.3" classname="org.eclipse.jdt.core.tests.compiler.parser.CompletionRecoveryTest" time="0.001"/>
  <testcase name="test07 - 1.3" classname="org.eclipse.jdt.core.tests.compiler.parser.DietCompletionTest" time="0.001"/>
  <testcase name="test07 - 1.3" classname="org.eclipse.jdt.core.tests.compiler.parser.SelectionTest" time="0.001"/>
  <testcase name="test07 - 1.3" classname="org.eclipse.jdt.core.tests.compiler.parser.SelectionJavadocTest" time="0.002"/>
  <testcase name="test07 - 1.3" classname="org.eclipse.jdt.core.tests.compiler.parser.DietRecoveryTest" time="0.004"/>
  <testcase name="test07 - 1.3" classname="org.eclipse.jdt.core.tests.compiler.parser.SourceElementParserTest" time="0.001"/>
  <testcase name="test07 - 1.3" classname="org.eclipse.jdt.core.tests.compiler.parser.SyntaxErrorTest" time="0"/>
  <testcase name="test07 - 1.3" classname="org.eclipse.jdt.core.tests.compiler.parser.DualParseSyntaxErrorTest" time="0"/>
  <testcase name="test08 - 1.3" classname="org.eclipse.jdt.core.tests.compiler.parser.CompletionRecoveryTest" time="0.001"/>
  <testcase name="test08 - 1.3" classname="org.eclipse.jdt.core.tests.compiler.parser.DietCompletionTest" time="0"/>
  <testcase name="test08 - 1.3" classname="org.eclipse.jdt.core.tests.compiler.parser.SelectionTest" time="0.001"/>
  <testcase name="test08 - 1.3" classname="org.eclipse.jdt.core.tests.compiler.parser.SelectionJavadocTest" time="0.002"/>
  <testcase name="test08 - 1.3" classname="org.eclipse.jdt.core.tests.compiler.parser.DietRecoveryTest" time="0.005"/>
  <testcase name="test08 - 1.3" classname="org.eclipse.jdt.core.tests.compiler.parser.SourceElementParserTest" time="0"/>
  <testcase name="test08 - 1.3" classname="org.eclipse.jdt.core.tests.compiler.parser.SyntaxErrorTest" time="0.001"/>
  <testcase name="test08 - 1.3" classname="org.eclipse.jdt.core.tests.compiler.parser.DualParseSyntaxErrorTest" time="0"/>
  <testcase name="test09 - 1.3" classname="org.eclipse.jdt.core.tests.compiler.parser.CompletionRecoveryTest" time="0"/>
  <testcase name="test09 - 1.3" classname="org.eclipse.jdt.core.tests.compiler.parser.DietCompletionTest" time="0"/>
  <testcase name="test09 - 1.3" classname="org.eclipse.jdt.core.tests.compiler.parser.SelectionTest" time="0.001"/>
  <testcase name="test09 - 1.3" classname="org.eclipse.jdt.core.tests.compiler.parser.SelectionJavadocTest" time="0.004"/>
  <testcase name="test09 - 1.3" classname="org.eclipse.jdt.core.tests.compiler.parser.DietRecoveryTest" time="0.005"/>
  <testcase name="test09 - 1.3" classname="org.eclipse.jdt.core.tests.compiler.parser.SourceElementParserTest" time="0.001"/>
  <testcase name="test09 - 1.3" classname="org.eclipse.jdt.core.tests.compiler.parser.SyntaxErrorTest" time="0.001"/>
  <testcase name="test09 - 1.3" classname="org.eclipse.jdt.core.tests.compiler.parser.DualParseSyntaxErrorTest" time="0.001"/>
  <testcase name="test10 - 1.3" classname="org.eclipse.jdt.core.tests.compiler.parser.CompletionRecoveryTest" time="0.001"/>
  <testcase name="test10 - 1.3" classname="org.eclipse.jdt.core.tests.compiler.parser.DietCompletionTest" time="0.001"/>
  <testcase name="test10 - 1.3" classname="org.eclipse.jdt.core.tests.compiler.parser.SelectionTest" time="0.001"/>
  <testcase name="test10 - 1.3" classname="org.eclipse.jdt.core.tests.compiler.parser.SelectionJavadocTest" time="0.004"/>
  <testcase name="test10 - 1.3" classname="org.eclipse.jdt.core.tests.compiler.parser.DietRecoveryTest" time="0.009"/>
  <testcase name="test10 - 1.3" classname="org.eclipse.jdt.core.tests.compiler.parser.SourceElementParserTest" time="0.001"/>
  <testcase name="test10 - 1.3" classname="org.eclipse.jdt.core.tests.compiler.parser.SyntaxErrorTest" time="0.001"/>
  <testcase name="test10 - 1.3" classname="org.eclipse.jdt.core.tests.compiler.parser.DualParseSyntaxErrorTest" time="0.001"/>
  <testcase name="test11 - 1.3" classname="org.eclipse.jdt.core.tests.compiler.parser.CompletionRecoveryTest" time="0"/>
  <testcase name="test11 - 1.3" classname="org.eclipse.jdt.core.tests.compiler.parser.DietCompletionTest" time="0"/>
  <testcase name="test11 - 1.3" classname="org.eclipse.jdt.core.tests.compiler.parser.SelectionTest" time="0.001"/>
  <testcase name="test11 - 1.3" classname="org.eclipse.jdt.core.tests.compiler.parser.SelectionJavadocTest" time="0"/>
  <testcase name="test11 - 1.3" classname="org.eclipse.jdt.core.tests.compiler.parser.DietRecoveryTest" time="0.005"/>
  <testcase name="test11 - 1.3" classname="org.eclipse.jdt.core.tests.compiler.parser.SourceElementParserTest" time="0"/>
  <testcase name="test11 - 1.3" classname="org.eclipse.jdt.core.tests.compiler.parser.SyntaxErrorTest" time="0.001"/>
  <testcase name="test12 - 1.3" classname="org.eclipse.jdt.core.tests.compiler.parser.CompletionRecoveryTest" time="0.001"/>
  <testcase name="test12 - 1.3" classname="org.eclipse.jdt.core.tests.compiler.parser.DietCompletionTest" time="0"/>
  <testcase name="test12 - 1.3" classname="org.eclipse.jdt.core.tests.compiler.parser.SelectionTest" time="0"/>
  <testcase name="test12 - 1.3" classname="org.eclipse.jdt.core.tests.compiler.parser.SelectionJavadocTest" time="0.001"/>
  <testcase name="test12 - 1.3" classname="org.eclipse.jdt.core.tests.compiler.parser.DietRecoveryTest" time="0.004"/>
  <testcase name="test12 - 1.3" classname="org.eclipse.jdt.core.tests.compiler.parser.SourceElementParserTest" time="0.001"/>
  <testcase name="test12 - 1.3" classname="org.eclipse.jdt.core.tests.compiler.parser.SyntaxErrorTest" time="0"/>
  <testcase name="test13 - 1.3" classname="org.eclipse.jdt.core.tests.compiler.parser.CompletionRecoveryTest" time="0"/>
  <testcase name="test13 - 1.3" classname="org.eclipse.jdt.core.tests.compiler.parser.DietCompletionTest" time="0"/>
  <testcase name="test13 - 1.3" classname="org.eclipse.jdt.core.tests.compiler.parser.SelectionTest" time="0.001"/>
  <testcase name="test13 - 1.3" classname="org.eclipse.jdt.core.tests.compiler.parser.SelectionJavadocTest" time="0"/>
  <testcase name="test13 - 1.3" classname="org.eclipse.jdt.core.tests.compiler.parser.DietRecoveryTest" time="0.002"/>
  <testcase name="test13 - 1.3" classname="org.eclipse.jdt.core.tests.compiler.parser.SourceElementParserTest" time="0.001"/>
  <testcase name="test13 - 1.3" classname="org.eclipse.jdt.core.tests.compiler.parser.SyntaxErrorTest" time="0.001"/>
  <testcase name="test14 - 1.3" classname="org.eclipse.jdt.core.tests.compiler.parser.CompletionRecoveryTest" time="0.001"/>
  <testcase name="test14 - 1.3" classname="org.eclipse.jdt.core.tests.compiler.parser.DietCompletionTest" time="0.001"/>
  <testcase name="test14 - 1.3" classname="org.eclipse.jdt.core.tests.compiler.parser.SelectionTest" time="0"/>
  <testcase name="test14 - 1.3" classname="org.eclipse.jdt.core.tests.compiler.parser.SelectionJavadocTest" time="0.001"/>
  <testcase name="test14 - 1.3" classname="org.eclipse.jdt.core.tests.compiler.parser.DietRecoveryTest" time="0.003"/>
  <testcase name="test14 - 1.3" classname="org.eclipse.jdt.core.tests.compiler.parser.SourceElementParserTest" time="0"/>
  <testcase name="test14 - 1.3" classname="org.eclipse.jdt.core.tests.compiler.parser.SyntaxErrorTest" time="0"/>
  <testcase name="test15 - 1.3" classname="org.eclipse.jdt.core.tests.compiler.parser.CompletionRecoveryTest" time="0"/>
  <testcase name="test15 - 1.3" classname="org.eclipse.jdt.core.tests.compiler.parser.DietCompletionTest" time="0"/>
  <testcase name="test15 - 1.3" classname="org.eclipse.jdt.core.tests.compiler.parser.SelectionTest" time="0.001"/>
  <testcase name="test15 - 1.3" classname="org.eclipse.jdt.core.tests.compiler.parser.SelectionJavadocTest" time="0.003"/>
  <testcase name="test15 - 1.3" classname="org.eclipse.jdt.core.tests.compiler.parser.DietRecoveryTest" time="0.003"/>
  <testcase name="test15 - 1.3" classname="org.eclipse.jdt.core.tests.compiler.parser.SourceElementParserTest" time="0.001"/>
  <testcase name="test15 - 1.3" classname="org.eclipse.jdt.core.tests.compiler.parser.SyntaxErrorTest" time="0.002"/>
  <testcase name="test16 - 1.3" classname="org.eclipse.jdt.core.tests.compiler.parser.CompletionRecoveryTest" time="0"/>
  <testcase name="test16 - 1.3" classname="org.eclipse.jdt.core.tests.compiler.parser.DietCompletionTest" time="0"/>
  <testcase name="test16 - 1.3" classname="org.eclipse.jdt.core.tests.compiler.parser.SelectionTest" time="0"/>
  <testcase name="test16 - 1.3" classname="org.eclipse.jdt.core.tests.compiler.parser.SelectionJavadocTest" time="0.001"/>
  <testcase name="test16 - 1.3" classname="org.eclipse.jdt.core.tests.compiler.parser.DietRecoveryTest" time="0.003"/>
  <testcase name="test16 - 1.3" classname="org.eclipse.jdt.core.tests.compiler.parser.SourceElementParserTest" time="0"/>
  <testcase name="test17 - 1.3" classname="org.eclipse.jdt.core.tests.compiler.parser.CompletionRecoveryTest" time="0.001"/>
  <testcase name="test17 - 1.3" classname="org.eclipse.jdt.core.tests.compiler.parser.DietCompletionTest" time="0.001"/>
  <testcase name="test17 - 1.3" classname="org.eclipse.jdt.core.tests.compiler.parser.SelectionTest" time="0.001"/>
  <testcase name="test17 - 1.3" classname="org.eclipse.jdt.core.tests.compiler.parser.SelectionJavadocTest" time="0.001"/>
  <testcase name="test17 - 1.3" classname="org.eclipse.jdt.core.tests.compiler.parser.DietRecoveryTest" time="0.003"/>
  <testcase name="test17 - 1.3" classname="org.eclipse.jdt.core.tests.compiler.parser.SourceElementParserTest" time="0"/>
  <testcase name="test18 - 1.3" classname="org.eclipse.jdt.core.tests.compiler.parser.CompletionRecoveryTest" time="0"/>
  <testcase name="test18 - 1.3" classname="org.eclipse.jdt.core.tests.compiler.parser.DietCompletionTest" time="0"/>
  <testcase name="test18 - 1.3" classname="org.eclipse.jdt.core.tests.compiler.parser.SelectionTest" time="0"/>
  <testcase name="test18 - 1.3" classname="org.eclipse.jdt.core.tests.compiler.parser.SelectionJavadocTest" time="0.002"/>
  <testcase name="test18 - 1.3" classname="org.eclipse.jdt.core.tests.compiler.parser.DietRecoveryTest" time="0.002"/>
  <testcase name="test18 - 1.3" classname="org.eclipse.jdt.core.tests.compiler.parser.SourceElementParserTest" time="0.001"/>
  <testcase name="test19 - 1.3" classname="org.eclipse.jdt.core.tests.compiler.parser.CompletionRecoveryTest" time="0.001"/>
  <testcase name="test19 - 1.3" classname="org.eclipse.jdt.core.tests.compiler.parser.DietCompletionTest" time="0"/>
  <testcase name="test19 - 1.3" classname="org.eclipse.jdt.core.tests.compiler.parser.SelectionTest" time="0.001"/>
  <testcase name="test19 - 1.3" classname="org.eclipse.jdt.core.tests.compiler.parser.SelectionJavadocTest" time="0.001"/>
  <testcase name="test19 - 1.3" classname="org.eclipse.jdt.core.tests.compiler.parser.DietRecoveryTest" time="0.003"/>
  <testcase name="test19 - 1.3" classname="org.eclipse.jdt.core.tests.compiler.parser.SourceElementParserTest" time="0.001"/>
  <testcase name="test20 - 1.3" classname="org.eclipse.jdt.core.tests.compiler.parser.CompletionRecoveryTest" time="0"/>
  <testcase name="test20 - 1.3" classname="org.eclipse.jdt.core.tests.compiler.parser.DietCompletionTest" time="0.001"/>
  <testcase name="test20 - 1.3" classname="org.eclipse.jdt.core.tests.compiler.parser.SelectionTest" time="0.001"/>
  <testcase name="test20 - 1.3" classname="org.eclipse.jdt.core.tests.compiler.parser.SelectionJavadocTest" time="0.001"/>
  <testcase name="test20 - 1.3" classname="org.eclipse.jdt.core.tests.compiler.parser.DietRecoveryTest" time="0.003"/>
  <testcase name="test20 - 1.3" classname="org.eclipse.jdt.core.tests.compiler.parser.SourceElementParserTest" time="0.001"/>
  <testcase name="test21 - 1.3" classname="org.eclipse.jdt.core.tests.compiler.parser.CompletionRecoveryTest" time="0"/>
  <testcase name="test21 - 1.3" classname="org.eclipse.jdt.core.tests.compiler.parser.DietCompletionTest" time="0"/>
  <testcase name="test21 - 1.3" classname="org.eclipse.jdt.core.tests.compiler.parser.SelectionTest" time="0"/>
  <testcase name="test21 - 1.3" classname="org.eclipse.jdt.core.tests.compiler.parser.SelectionJavadocTest" time="0.001"/>
  <testcase name="test21 - 1.3" classname="org.eclipse.jdt.core.tests.compiler.parser.DietRecoveryTest" time="0.002"/>
  <testcase name="test21 - 1.3" classname="org.eclipse.jdt.core.tests.compiler.parser.SourceElementParserTest" time="0.001"/>
  <testcase name="test22 - 1.3" classname="org.eclipse.jdt.core.tests.compiler.parser.CompletionRecoveryTest" time="0.001"/>
  <testcase name="test22 - 1.3" classname="org.eclipse.jdt.core.tests.compiler.parser.DietCompletionTest" time="0"/>
  <testcase name="test22 - 1.3" classname="org.eclipse.jdt.core.tests.compiler.parser.SelectionTest" time="0.001"/>
  <testcase name="test22 - 1.3" classname="org.eclipse.jdt.core.tests.compiler.parser.SelectionJavadocTest" time="0.001"/>
  <testcase name="test22 - 1.3" classname="org.eclipse.jdt.core.tests.compiler.parser.DietRecoveryTest" time="0.004"/>
  <testcase name="test22 - 1.3" classname="org.eclipse.jdt.core.tests.compiler.parser.SourceElementParserTest" time="0"/>
  <testcase name="test23 - 1.3" classname="org.eclipse.jdt.core.tests.compiler.parser.CompletionRecoveryTest" time="0"/>
  <testcase name="test23 - 1.3" classname="org.eclipse.jdt.core.tests.compiler.parser.DietCompletionTest" time="0.001"/>
  <testcase name="test23 - 1.3" classname="org.eclipse.jdt.core.tests.compiler.parser.SelectionTest" time="0"/>
  <testcase name="test23 - 1.3" classname="org.eclipse.jdt.core.tests.compiler.parser.SelectionJavadocTest" time="0.001"/>
  <testcase name="test23 - 1.3" classname="org.eclipse.jdt.core.tests.compiler.parser.DietRecoveryTest" time="0.005"/>
  <testcase name="test23 - 1.3" classname="org.eclipse.jdt.core.tests.compiler.parser.SourceElementParserTest" time="0"/>
  <testcase name="test24 - 1.3" classname="org.eclipse.jdt.core.tests.compiler.parser.CompletionRecoveryTest" time="0.001"/>
  <testcase name="test24 - 1.3" classname="org.eclipse.jdt.core.tests.compiler.parser.DietCompletionTest" time="0"/>
  <testcase name="test24 - 1.3" classname="org.eclipse.jdt.core.tests.compiler.parser.SelectionTest" time="0"/>
  <testcase name="test24 - 1.3" classname="org.eclipse.jdt.core.tests.compiler.parser.SelectionJavadocTest" time="0.001"/>
  <testcase name="test24 - 1.3" classname="org.eclipse.jdt.core.tests.compiler.parser.DietRecoveryTest" time="0.005"/>
  <testcase name="test24 - 1.3" classname="org.eclipse.jdt.core.tests.compiler.parser.SourceElementParserTest" time="0.001"/>
  <testcase name="test25 - 1.3" classname="org.eclipse.jdt.core.tests.compiler.parser.CompletionRecoveryTest" time="0"/>
  <testcase name="test25 - 1.3" classname="org.eclipse.jdt.core.tests.compiler.parser.DietCompletionTest" time="0"/>
  <testcase name="test25 - 1.3" classname="org.eclipse.jdt.core.tests.compiler.parser.SelectionTest" time="0.001"/>
  <testcase name="test25 - 1.3" classname="org.eclipse.jdt.core.tests.compiler.parser.SelectionJavadocTest" time="0.001"/>
  <testcase name="test25 - 1.3" classname="org.eclipse.jdt.core.tests.compiler.parser.DietRecoveryTest" time="0.005"/>
  <testcase name="test25 - 1.3" classname="org.eclipse.jdt.core.tests.compiler.parser.SourceElementParserTest" time="0.001"/>
  <testcase name="test26 - 1.3" classname="org.eclipse.jdt.core.tests.compiler.parser.CompletionRecoveryTest" time="0.001"/>
  <testcase name="test26 - 1.3" classname="org.eclipse.jdt.core.tests.compiler.parser.DietCompletionTest" time="0.001"/>
  <testcase name="test26 - 1.3" classname="org.eclipse.jdt.core.tests.compiler.parser.SelectionTest" time="0.001"/>
  <testcase name="test26 - 1.3" classname="org.eclipse.jdt.core.tests.compiler.parser.SelectionJavadocTest" time="0"/>
  <testcase name="test26 - 1.3" classname="org.eclipse.jdt.core.tests.compiler.parser.DietRecoveryTest" time="0.005"/>
  <testcase name="test26 - 1.3" classname="org.eclipse.jdt.core.tests.compiler.parser.SourceElementParserTest" time="0"/>
  <testcase name="test27 - 1.3" classname="org.eclipse.jdt.core.tests.compiler.parser.DietCompletionTest" time="0"/>
  <testcase name="test27 - 1.3" classname="org.eclipse.jdt.core.tests.compiler.parser.SelectionTest" time="0"/>
  <testcase name="test27 - 1.3" classname="org.eclipse.jdt.core.tests.compiler.parser.DietRecoveryTest" time="0.006"/>
  <testcase name="test27 - 1.3" classname="org.eclipse.jdt.core.tests.compiler.parser.SourceElementParserTest" time="0.001"/>
  <testcase name="test28 - 1.3" classname="org.eclipse.jdt.core.tests.compiler.parser.DietCompletionTest" time="0"/>
  <testcase name="test28 - 1.3" classname="org.eclipse.jdt.core.tests.compiler.parser.SelectionTest" time="0.001"/>
  <testcase name="test28 - 1.3" classname="org.eclipse.jdt.core.tests.compiler.parser.DietRecoveryTest" time="0.003"/>
  <testcase name="test28 - 1.3" classname="org.eclipse.jdt.core.tests.compiler.parser.SourceElementParserTest" time="0.001"/>
  <testcase name="test29 - 1.3" classname="org.eclipse.jdt.core.tests.compiler.parser.DietCompletionTest" time="0"/>
  <testcase name="test29 - 1.3" classname="org.eclipse.jdt.core.tests.compiler.parser.SelectionTest" time="0"/>
  <testcase name="test29 - 1.3" classname="org.eclipse.jdt.core.tests.compiler.parser.DietRecoveryTest" time="0.003"/>
  <testcase name="test29 - 1.3" classname="org.eclipse.jdt.core.tests.compiler.parser.SourceElementParserTest" time="0.001"/>
  <testcase name="test30 - 1.3" classname="org.eclipse.jdt.core.tests.compiler.parser.DietCompletionTest" time="0"/>
  <testcase name="test30 - 1.3" classname="org.eclipse.jdt.core.tests.compiler.parser.SelectionTest" time="0.001"/>
  <testcase name="test30 - 1.3" classname="org.eclipse.jdt.core.tests.compiler.parser.DietRecoveryTest" time="0.003"/>
  <testcase name="test30 - 1.3" classname="org.eclipse.jdt.core.tests.compiler.parser.SourceElementParserTest" time="0"/>
  <testcase name="test31 - 1.3" classname="org.eclipse.jdt.core.tests.compiler.parser.DietCompletionTest" time="0.001"/>
  <testcase name="test31 - 1.3" classname="org.eclipse.jdt.core.tests.compiler.parser.SelectionTest" time="0"/>
  <testcase name="test31 - 1.3" classname="org.eclipse.jdt.core.tests.compiler.parser.DietRecoveryTest" time="0.006"/>
  <testcase name="test31 - 1.3" classname="org.eclipse.jdt.core.tests.compiler.parser.SourceElementParserTest" time="0"/>
  <testcase name="test32 - 1.3" classname="org.eclipse.jdt.core.tests.compiler.parser.DietCompletionTest" time="0"/>
  <testcase name="test32 - 1.3" classname="org.eclipse.jdt.core.tests.compiler.parser.SelectionTest" time="0.001"/>
  <testcase name="test32 - 1.3" classname="org.eclipse.jdt.core.tests.compiler.parser.SourceElementParserTest" time="0.001"/>
  <testcase name="test33 - 1.3" classname="org.eclipse.jdt.core.tests.compiler.parser.DietCompletionTest" time="0.001"/>
  <testcase name="test33 - 1.3" classname="org.eclipse.jdt.core.tests.compiler.parser.SelectionTest" time="0.001"/>
  <testcase name="test33 - 1.3" classname="org.eclipse.jdt.core.tests.compiler.parser.DietRecoveryTest" time="0.004"/>
  <testcase name="test33 - 1.3" classname="org.eclipse.jdt.core.tests.compiler.parser.SourceElementParserTest" time="0.002"/>
  <testcase name="test34 - 1.3" classname="org.eclipse.jdt.core.tests.compiler.parser.DietCompletionTest" time="0"/>
  <testcase name="test34 - 1.3" classname="org.eclipse.jdt.core.tests.compiler.parser.SelectionTest" time="0"/>
  <testcase name="test34 - 1.3" classname="org.eclipse.jdt.core.tests.compiler.parser.DietRecoveryTest" time="0.004"/>
  <testcase name="test34 - 1.3" classname="org.eclipse.jdt.core.tests.compiler.parser.SourceElementParserTest" time="0.001"/>
  <testcase name="test34a - 1.3" classname="org.eclipse.jdt.core.tests.compiler.parser.DietCompletionTest" time="0"/>
  <testcase name="test34b - 1.3" classname="org.eclipse.jdt.core.tests.compiler.parser.DietCompletionTest" time="0.001"/>
  <testcase name="test34c - 1.3" classname="org.eclipse.jdt.core.tests.compiler.parser.DietCompletionTest" time="0"/>
  <testcase name="test35 - 1.3" classname="org.eclipse.jdt.core.tests.compiler.parser.DietCompletionTest" time="0"/>
  <testcase name="test35 - 1.3" classname="org.eclipse.jdt.core.tests.compiler.parser.SelectionTest" time="0"/>
  <testcase name="test35 - 1.3" classname="org.eclipse.jdt.core.tests.compiler.parser.DietRecoveryTest" time="0.002"/>
  <testcase name="test35 - 1.3" classname="org.eclipse.jdt.core.tests.compiler.parser.SourceElementParserTest" time="0.001"/>
  <testcase name="test36 - 1.3" classname="org.eclipse.jdt.core.tests.compiler.parser.DietCompletionTest" time="0"/>
  <testcase name="test36 - 1.3" classname="org.eclipse.jdt.core.tests.compiler.parser.SelectionTest" time="0.001"/>
  <testcase name="test36 - 1.3" classname="org.eclipse.jdt.core.tests.compiler.parser.DietRecoveryTest" time="0.003"/>
  <testcase name="test36 - 1.3" classname="org.eclipse.jdt.core.tests.compiler.parser.SourceElementParserTest" time="0.001"/>
  <testcase name="test37 - 1.3" classname="org.eclipse.jdt.core.tests.compiler.parser.DietCompletionTest" time="0.001"/>
  <testcase name="test37 - 1.3" classname="org.eclipse.jdt.core.tests.compiler.parser.SelectionTest" time="0"/>
  <testcase name="test37 - 1.3" classname="org.eclipse.jdt.core.tests.compiler.parser.DietRecoveryTest" time="0.001"/>
  <testcase name="test37 - 1.3" classname="org.eclipse.jdt.core.tests.compiler.parser.SourceElementParserTest" time="0.001"/>
  <testcase name="test38 - 1.3" classname="org.eclipse.jdt.core.tests.compiler.parser.DietCompletionTest" time="0"/>
  <testcase name="test38 - 1.3" classname="org.eclipse.jdt.core.tests.compiler.parser.SelectionTest" time="0.001"/>
  <testcase name="test38 - 1.3" classname="org.eclipse.jdt.core.tests.compiler.parser.DietRecoveryTest" time="0.004"/>
  <testcase name="test38 - 1.3" classname="org.eclipse.jdt.core.tests.compiler.parser.SourceElementParserTest" time="0"/>
  <testcase name="test39 - 1.3" classname="org.eclipse.jdt.core.tests.compiler.parser.DietCompletionTest" time="0"/>
  <testcase name="test39 - 1.3" classname="org.eclipse.jdt.core.tests.compiler.parser.SelectionTest" time="0"/>
  <testcase name="test39 - 1.3" classname="org.eclipse.jdt.core.tests.compiler.parser.DietRecoveryTest" time="0.004"/>
  <testcase name="test39 - 1.3" classname="org.eclipse.jdt.core.tests.compiler.parser.SourceElementParserTest" time="0.001"/>
  <testcase name="test40 - 1.3" classname="org.eclipse.jdt.core.tests.compiler.parser.DietCompletionTest" time="0.001"/>
  <testcase name="test40 - 1.3" classname="org.eclipse.jdt.core.tests.compiler.parser.SelectionTest" time="0.001"/>
  <testcase name="test40 - 1.3" classname="org.eclipse.jdt.core.tests.compiler.parser.DietRecoveryTest" time="0.004"/>
  <testcase name="test40 - 1.3" classname="org.eclipse.jdt.core.tests.compiler.parser.SourceElementParserTest" time="0.001"/>
  <testcase name="test41 - 1.3" classname="org.eclipse.jdt.core.tests.compiler.parser.DietCompletionTest" time="0"/>
  <testcase name="test41 - 1.3" classname="org.eclipse.jdt.core.tests.compiler.parser.SelectionTest" time="0"/>
  <testcase name="test41 - 1.3" classname="org.eclipse.jdt.core.tests.compiler.parser.DietRecoveryTest" time="0.007"/>
  <testcase name="test41 - 1.3" classname="org.eclipse.jdt.core.tests.compiler.parser.SourceElementParserTest" time="0.001"/>
  <testcase name="test42 - 1.3" classname="org.eclipse.jdt.core.tests.compiler.parser.DietCompletionTest" time="0"/>
  <testcase name="test42 - 1.3" classname="org.eclipse.jdt.core.tests.compiler.parser.SelectionTest" time="0"/>
  <testcase name="test42 - 1.3" classname="org.eclipse.jdt.core.tests.compiler.parser.DietRecoveryTest" time="0.005"/>
  <testcase name="test42 - 1.3" classname="org.eclipse.jdt.core.tests.compiler.parser.SourceElementParserTest" time="0.001"/>
  <testcase name="test43 - 1.3" classname="org.eclipse.jdt.core.tests.compiler.parser.DietCompletionTest" time="0.001"/>
  <testcase name="test43 - 1.3" classname="org.eclipse.jdt.core.tests.compiler.parser.SelectionTest" time="0"/>
  <testcase name="test43 - 1.3" classname="org.eclipse.jdt.core.tests.compiler.parser.DietRecoveryTest" time="0.006"/>
  <testcase name="test43 - 1.3" classname="org.eclipse.jdt.core.tests.compiler.parser.SourceElementParserTest" time="0.001"/>
  <testcase name="test44 - 1.3" classname="org.eclipse.jdt.core.tests.compiler.parser.DietCompletionTest" time="0"/>
  <testcase name="test44 - 1.3" classname="org.eclipse.jdt.core.tests.compiler.parser.SelectionTest" time="0.002"/>
  <testcase name="test44 - 1.3" classname="org.eclipse.jdt.core.tests.compiler.parser.DietRecoveryTest" time="0.004"/>
  <testcase name="test44 - 1.3" classname="org.eclipse.jdt.core.tests.compiler.parser.SourceElementParserTest" time="0"/>
  <testcase name="test45 - 1.3" classname="org.eclipse.jdt.core.tests.compiler.parser.DietCompletionTest" time="0"/>
  <testcase name="test45 - 1.3" classname="org.eclipse.jdt.core.tests.compiler.parser.SelectionTest" time="0.001"/>
  <testcase name="test45 - 1.3" classname="org.eclipse.jdt.core.tests.compiler.parser.DietRecoveryTest" time="0.001"/>
  <testcase name="test45 - 1.3" classname="org.eclipse.jdt.core.tests.compiler.parser.SourceElementParserTest" time="0"/>
  <testcase name="test46 - 1.3" classname="org.eclipse.jdt.core.tests.compiler.parser.DietCompletionTest" time="0"/>
  <testcase name="test46 - 1.3" classname="org.eclipse.jdt.core.tests.compiler.parser.SelectionTest" time="0"/>
  <testcase name="test46 - 1.3" classname="org.eclipse.jdt.core.tests.compiler.parser.DietRecoveryTest" time="0.009"/>
  <testcase name="test46 - 1.3" classname="org.eclipse.jdt.core.tests.compiler.parser.SourceElementParserTest" time="0"/>
  <testcase name="test47 - 1.3" classname="org.eclipse.jdt.core.tests.compiler.parser.DietCompletionTest" time="0"/>
  <testcase name="test47 - 1.3" classname="org.eclipse.jdt.core.tests.compiler.parser.SelectionTest" time="0"/>
  <testcase name="test47 - 1.3" classname="org.eclipse.jdt.core.tests.compiler.parser.DietRecoveryTest" time="0.004"/>
  <testcase name="test47 - 1.3" classname="org.eclipse.jdt.core.tests.compiler.parser.SourceElementParserTest" time="0"/>
  <testcase name="test48 - 1.3" classname="org.eclipse.jdt.core.tests.compiler.parser.DietCompletionTest" time="0.001"/>
  <testcase name="test48 - 1.3" classname="org.eclipse.jdt.core.tests.compiler.parser.SelectionTest" time="0.001"/>
  <testcase name="test48 - 1.3" classname="org.eclipse.jdt.core.tests.compiler.parser.DietRecoveryTest" time="0.001"/>
  <testcase name="test48 - 1.3" classname="org.eclipse.jdt.core.tests.compiler.parser.SourceElementParserTest" time="0"/>
  <testcase name="test49 - 1.3" classname="org.eclipse.jdt.core.tests.compiler.parser.DietCompletionTest" time="0"/>
  <testcase name="test49 - 1.3" classname="org.eclipse.jdt.core.tests.compiler.parser.SelectionTest" time="0.001"/>
  <testcase name="test49 - 1.3" classname="org.eclipse.jdt.core.tests.compiler.parser.DietRecoveryTest" time="0.006"/>
  <testcase name="test49 - 1.3" classname="org.eclipse.jdt.core.tests.compiler.parser.SourceElementParserTest" time="0.001"/>
  <testcase name="test50 - 1.3" classname="org.eclipse.jdt.core.tests.compiler.parser.DietCompletionTest" time="0"/>
  <testcase name="test50 - 1.3" classname="org.eclipse.jdt.core.tests.compiler.parser.SelectionTest" time="0.001"/>
  <testcase name="test50 - 1.3" classname="org.eclipse.jdt.core.tests.compiler.parser.DietRecoveryTest" time="0.005"/>
  <testcase name="test50 - 1.3" classname="org.eclipse.jdt.core.tests.compiler.parser.SourceElementParserTest" time="0.001"/>
  <testcase name="test51 - 1.3" classname="org.eclipse.jdt.core.tests.compiler.parser.DietCompletionTest" time="0.001"/>
  <testcase name="test51 - 1.3" classname="org.eclipse.jdt.core.tests.compiler.parser.SelectionTest" time="0.002"/>
  <testcase name="test51 - 1.3" classname="org.eclipse.jdt.core.tests.compiler.parser.DietRecoveryTest" time="0.004"/>
  <testcase name="test51 - 1.3" classname="org.eclipse.jdt.core.tests.compiler.parser.SourceElementParserTest" time="0.001"/>
  <testcase name="test52 - 1.3" classname="org.eclipse.jdt.core.tests.compiler.parser.DietCompletionTest" time="0"/>
  <testcase name="test52 - 1.3" classname="org.eclipse.jdt.core.tests.compiler.parser.SelectionTest" time="0.001"/>
  <testcase name="test52 - 1.3" classname="org.eclipse.jdt.core.tests.compiler.parser.DietRecoveryTest" time="0.004"/>
  <testcase name="test52 - 1.3" classname="org.eclipse.jdt.core.tests.compiler.parser.SourceElementParserTest" time="0.001"/>
  <testcase name="test53 - 1.3" classname="org.eclipse.jdt.core.tests.compiler.parser.DietCompletionTest" time="0.001"/>
  <testcase name="test53 - 1.3" classname="org.eclipse.jdt.core.tests.compiler.parser.SelectionTest" time="0"/>
  <testcase name="test53 - 1.3" classname="org.eclipse.jdt.core.tests.compiler.parser.DietRecoveryTest" time="0.003"/>
  <testcase name="test53 - 1.3" classname="org.eclipse.jdt.core.tests.compiler.parser.SourceElementParserTest" time="0.001"/>
  <testcase name="test54 - 1.3" classname="org.eclipse.jdt.core.tests.compiler.parser.DietCompletionTest" time="0"/>
  <testcase name="test54 - 1.3" classname="org.eclipse.jdt.core.tests.compiler.parser.SelectionTest" time="0"/>
  <testcase name="test54 - 1.3" classname="org.eclipse.jdt.core.tests.compiler.parser.DietRecoveryTest" time="0.005"/>
  <testcase name="test54 - 1.3" classname="org.eclipse.jdt.core.tests.compiler.parser.SourceElementParserTest" time="0.001"/>
  <testcase name="test55 - 1.3" classname="org.eclipse.jdt.core.tests.compiler.parser.DietCompletionTest" time="0.001"/>
  <testcase name="test55 - 1.3" classname="org.eclipse.jdt.core.tests.compiler.parser.SelectionTest" time="0.001"/>
  <testcase name="test55 - 1.3" classname="org.eclipse.jdt.core.tests.compiler.parser.DietRecoveryTest" time="0.003"/>
  <testcase name="test55 - 1.3" classname="org.eclipse.jdt.core.tests.compiler.parser.SourceElementParserTest" time="0.001"/>
  <testcase name="testPrimarySuper - 1.3" classname="org.eclipse.jdt.core.tests.compiler.parser.ExplicitConstructorInvocationCompletionTest" time="0.001"/>
  <testcase name="testPrimarySuper - 1.3" classname="org.eclipse.jdt.core.tests.compiler.parser.ExplicitConstructorInvocationSelectionTest" time="0"/>
  <testcase name="testPrimaryThis - 1.3" classname="org.eclipse.jdt.core.tests.compiler.parser.ExplicitConstructorInvocationCompletionTest" time="0"/>
  <testcase name="testSuper - 1.3" classname="org.eclipse.jdt.core.tests.compiler.parser.ExplicitConstructorInvocationCompletionTest" time="0.001"/>
  <testcase name="testSuper - 1.3" classname="org.eclipse.jdt.core.tests.compiler.parser.MethodInvocationCompletionTest" time="0.001"/>
  <testcase name="testSuper - 1.3" classname="org.eclipse.jdt.core.tests.compiler.parser.ExplicitConstructorInvocationSelectionTest" time="0"/>
  <testcase name="testThis - 1.3" classname="org.eclipse.jdt.core.tests.compiler.parser.ExplicitConstructorInvocationCompletionTest" time="0"/>
  <testcase name="testThis - 1.3" classname="org.eclipse.jdt.core.tests.compiler.parser.ExplicitConstructorInvocationSelectionTest" time="0"/>
  <testcase name="testWrapperNameSuper - 1.3" classname="org.eclipse.jdt.core.tests.compiler.parser.ExplicitConstructorInvocationCompletionTest" time="0"/>
  <testcase name="testWrapperNameThis - 1.3" classname="org.eclipse.jdt.core.tests.compiler.parser.ExplicitConstructorInvocationCompletionTest" time="0"/>
  <testcase name="testWrapperPrimarySuper - 1.3" classname="org.eclipse.jdt.core.tests.compiler.parser.ExplicitConstructorInvocationCompletionTest" time="0"/>
  <testcase name="testWrapperSuper - 1.3" classname="org.eclipse.jdt.core.tests.compiler.parser.ExplicitConstructorInvocationCompletionTest" time="0.001"/>
  <testcase name="testWrapperThis - 1.3" classname="org.eclipse.jdt.core.tests.compiler.parser.ExplicitConstructorInvocationCompletionTest" time="0"/>
  <testcase name="testAdditiveExpressionMinus - 1.3" classname="org.eclipse.jdt.core.tests.compiler.parser.FieldAccessCompletionTest" time="0"/>
  <testcase name="testAdditiveExpressionPlus - 1.3" classname="org.eclipse.jdt.core.tests.compiler.parser.FieldAccessCompletionTest" time="0"/>
  <testcase name="testAndExpression - 1.3" classname="org.eclipse.jdt.core.tests.compiler.parser.FieldAccessCompletionTest" time="0"/>
  <testcase name="testArgumentList - 1.3" classname="org.eclipse.jdt.core.tests.compiler.parser.FieldAccessCompletionTest" time="0"/>
  <testcase name="testArrayAccess - 1.3" classname="org.eclipse.jdt.core.tests.compiler.parser.FieldAccessCompletionTest" time="0.001"/>
  <testcase name="testArrayAccessPrimaryNoNewArray - 1.3" classname="org.eclipse.jdt.core.tests.compiler.parser.FieldAccessCompletionTest" time="0"/>
  <testcase name="testArrayInitializer - 1.3" classname="org.eclipse.jdt.core.tests.compiler.parser.FieldAccessCompletionTest" time="0"/>
  <testcase name="testArrayInitializerComma - 1.3" classname="org.eclipse.jdt.core.tests.compiler.parser.FieldAccessCompletionTest" time="0"/>
  <testcase name="testAssignment - 1.3" classname="org.eclipse.jdt.core.tests.compiler.parser.FieldAccessCompletionTest" time="0"/>
  <testcase name="testBlock - 1.3" classname="org.eclipse.jdt.core.tests.compiler.parser.FieldAccessCompletionTest" time="0"/>
  <testcase name="testBlock - 1.3" classname="org.eclipse.jdt.core.tests.compiler.parser.ReferenceTypeCompletionTest" time="0"/>
  <testcase name="testBlockStatements - 1.3" classname="org.eclipse.jdt.core.tests.compiler.parser.FieldAccessCompletionTest" time="0"/>
  <testcase name="testBlockStatements - 1.3" classname="org.eclipse.jdt.core.tests.compiler.parser.ReferenceTypeCompletionTest" time="0"/>
  <testcase name="testBlockStatementsInConstructorBody - 1.3" classname="org.eclipse.jdt.core.tests.compiler.parser.FieldAccessCompletionTest" time="0"/>
  <testcase name="testBlockStatementsInInitializer - 1.3" classname="org.eclipse.jdt.core.tests.compiler.parser.FieldAccessCompletionTest" time="0.001"/>
  <testcase name="testBlockStatementsInStaticInitializer - 1.3" classname="org.eclipse.jdt.core.tests.compiler.parser.FieldAccessCompletionTest" time="0"/>
  <testcase name="testCastExpression - 1.3" classname="org.eclipse.jdt.core.tests.compiler.parser.FieldAccessCompletionTest" time="0.001"/>
  <testcase name="testCastExpressionUnaryExpression - 1.3" classname="org.eclipse.jdt.core.tests.compiler.parser.FieldAccessCompletionTest" time="0"/>
  <testcase name="testClassInstanceCreationExpression - 1.3" classname="org.eclipse.jdt.core.tests.compiler.parser.FieldAccessCompletionTest" time="0"/>
  <testcase name="testClassInstanceCreationExpressionName - 1.3" classname="org.eclipse.jdt.core.tests.compiler.parser.FieldAccessCompletionTest" time="0.001"/>
  <testcase name="testClassInstanceCreationExpressionPrimary - 1.3" classname="org.eclipse.jdt.core.tests.compiler.parser.FieldAccessCompletionTest" time="0"/>
  <testcase name="testConditionalAndExpression - 1.3" classname="org.eclipse.jdt.core.tests.compiler.parser.FieldAccessCompletionTest" time="0"/>
  <testcase name="testConditionalExpression - 1.3" classname="org.eclipse.jdt.core.tests.compiler.parser.FieldAccessCompletionTest" time="0.001"/>
  <testcase name="testConditionalExpressionConditionalExpression - 1.3" classname="org.eclipse.jdt.core.tests.compiler.parser.FieldAccessCompletionTest" time="0"/>
  <testcase name="testConditionalOrExpression - 1.3" classname="org.eclipse.jdt.core.tests.compiler.parser.FieldAccessCompletionTest" time="0.001"/>
  <testcase name="testConstructorBody - 1.3" classname="org.eclipse.jdt.core.tests.compiler.parser.FieldAccessCompletionTest" time="0"/>
  <testcase name="testConstructorBody - 1.3" classname="org.eclipse.jdt.core.tests.compiler.parser.ReferenceTypeCompletionTest" time="0"/>
  <testcase name="testDimWithOrWithOutExpr - 1.3" classname="org.eclipse.jdt.core.tests.compiler.parser.FieldAccessCompletionTest" time="0"/>
  <testcase name="testDoExpression - 1.3" classname="org.eclipse.jdt.core.tests.compiler.parser.FieldAccessCompletionTest" time="0"/>
  <testcase name="testDoStatement - 1.3" classname="org.eclipse.jdt.core.tests.compiler.parser.FieldAccessCompletionTest" time="0"/>
  <testcase name="testEqualityExpression - 1.3" classname="org.eclipse.jdt.core.tests.compiler.parser.FieldAccessCompletionTest" time="0.001"/>
  <testcase name="testEqualityExpressionNot - 1.3" classname="org.eclipse.jdt.core.tests.compiler.parser.FieldAccessCompletionTest" time="0"/>
  <testcase name="testExclusiveOrExpression - 1.3" classname="org.eclipse.jdt.core.tests.compiler.parser.FieldAccessCompletionTest" time="0"/>
  <testcase name="testExplicitConstructorInvocationInConstructorBody - 1.3" classname="org.eclipse.jdt.core.tests.compiler.parser.FieldAccessCompletionTest" time="0"/>
  <testcase name="testForInit - 1.3" classname="org.eclipse.jdt.core.tests.compiler.parser.FieldAccessCompletionTest" time="0"/>
  <testcase name="testForStatement - 1.3" classname="org.eclipse.jdt.core.tests.compiler.parser.FieldAccessCompletionTest" time="0"/>
  <testcase name="testForStatement - 1.3" classname="org.eclipse.jdt.core.tests.compiler.parser.ReferenceTypeCompletionTest" time="0"/>
  <testcase name="testForStatementExpression - 1.3" classname="org.eclipse.jdt.core.tests.compiler.parser.FieldAccessCompletionTest" time="0"/>
  <testcase name="testForUpdate - 1.3" classname="org.eclipse.jdt.core.tests.compiler.parser.FieldAccessCompletionTest" time="0.001"/>
  <testcase name="testIfExpresionThen - 1.3" classname="org.eclipse.jdt.core.tests.compiler.parser.FieldAccessCompletionTest" time="0"/>
  <testcase name="testIfExpresionThenElse - 1.3" classname="org.eclipse.jdt.core.tests.compiler.parser.FieldAccessCompletionTest" time="0"/>
  <testcase name="testIfThenElseStatement - 1.3" classname="org.eclipse.jdt.core.tests.compiler.parser.FieldAccessCompletionTest" time="0"/>
  <testcase name="testIfThenStatement - 1.3" classname="org.eclipse.jdt.core.tests.compiler.parser.FieldAccessCompletionTest" time="0"/>
  <testcase name="testIfThenStatementElse - 1.3" classname="org.eclipse.jdt.core.tests.compiler.parser.FieldAccessCompletionTest" time="0.001"/>
  <testcase name="testInclusiveOrExpression - 1.3" classname="org.eclipse.jdt.core.tests.compiler.parser.FieldAccessCompletionTest" time="0"/>
  <testcase name="testLabeledStatement - 1.3" classname="org.eclipse.jdt.core.tests.compiler.parser.FieldAccessCompletionTest" time="0"/>
  <testcase name="testMethodBody - 1.3" classname="org.eclipse.jdt.core.tests.compiler.parser.FieldAccessCompletionTest" time="0"/>
  <testcase name="testMethodBody - 1.3" classname="org.eclipse.jdt.core.tests.compiler.parser.ReferenceTypeCompletionTest" time="0"/>
  <testcase name="testMethodInvocation - 1.3" classname="org.eclipse.jdt.core.tests.compiler.parser.FieldAccessCompletionTest" time="0"/>
  <testcase name="testMethodInvocationPrimary - 1.3" classname="org.eclipse.jdt.core.tests.compiler.parser.FieldAccessCompletionTest" time="0.001"/>
  <testcase name="testMethodInvocationSuper - 1.3" classname="org.eclipse.jdt.core.tests.compiler.parser.FieldAccessCompletionTest" time="0"/>
  <testcase name="testMultiplicativeExpressionMultiplication - 1.3" classname="org.eclipse.jdt.core.tests.compiler.parser.FieldAccessCompletionTest" time="0.001"/>
  <testcase name="testMultiplicativeExpressionRemainder - 1.3" classname="org.eclipse.jdt.core.tests.compiler.parser.FieldAccessCompletionTest" time="0"/>
  <testcase name="testMultiplicativeExpressiondDivision - 1.3" classname="org.eclipse.jdt.core.tests.compiler.parser.FieldAccessCompletionTest" time="0"/>
  <testcase name="testPreIncrementExpressionMinusMinus - 1.3" classname="org.eclipse.jdt.core.tests.compiler.parser.FieldAccessCompletionTest" time="0"/>
  <testcase name="testPreIncrementExpressionPlusPlus - 1.3" classname="org.eclipse.jdt.core.tests.compiler.parser.FieldAccessCompletionTest" time="0"/>
  <testcase name="testPrimaryNoNewArray - 1.3" classname="org.eclipse.jdt.core.tests.compiler.parser.FieldAccessCompletionTest" time="0.001"/>
  <testcase name="testRelationalExpressionGreaterThan - 1.3" classname="org.eclipse.jdt.core.tests.compiler.parser.FieldAccessCompletionTest" time="0"/>
  <testcase name="testRelationalExpressionGreaterThanOrEquals - 1.3" classname="org.eclipse.jdt.core.tests.compiler.parser.FieldAccessCompletionTest" time="0"/>
  <testcase name="testRelationalExpressionLessThan - 1.3" classname="org.eclipse.jdt.core.tests.compiler.parser.FieldAccessCompletionTest" time="0.001"/>
  <testcase name="testRelationalExpressionLessThanOrEqual - 1.3" classname="org.eclipse.jdt.core.tests.compiler.parser.FieldAccessCompletionTest" time="0"/>
  <testcase name="testReturnStatement - 1.3" classname="org.eclipse.jdt.core.tests.compiler.parser.FieldAccessCompletionTest" time="0.001"/>
  <testcase name="testShiftExpressionLeft - 1.3" classname="org.eclipse.jdt.core.tests.compiler.parser.FieldAccessCompletionTest" time="0"/>
  <testcase name="testShiftExpressionRight - 1.3" classname="org.eclipse.jdt.core.tests.compiler.parser.FieldAccessCompletionTest" time="0.001"/>
  <testcase name="testShiftExpressionRightUnSigned - 1.3" classname="org.eclipse.jdt.core.tests.compiler.parser.FieldAccessCompletionTest" time="0"/>
  <testcase name="testStatementExpressionList - 1.3" classname="org.eclipse.jdt.core.tests.compiler.parser.FieldAccessCompletionTest" time="0"/>
  <testcase name="testSwitchBlockStatement - 1.3" classname="org.eclipse.jdt.core.tests.compiler.parser.FieldAccessCompletionTest" time="0"/>
  <testcase name="testSwitchBlockStatement - 1.3" classname="org.eclipse.jdt.core.tests.compiler.parser.ReferenceTypeCompletionTest" time="0"/>
  <testcase name="testSwitchExpression - 1.3" classname="org.eclipse.jdt.core.tests.compiler.parser.FieldAccessCompletionTest" time="0"/>
  <testcase name="testSwitchLabel - 1.3" classname="org.eclipse.jdt.core.tests.compiler.parser.FieldAccessCompletionTest" time="0.001"/>
  <testcase name="testSynchronizedStatement - 1.3" classname="org.eclipse.jdt.core.tests.compiler.parser.FieldAccessCompletionTest" time="0.001"/>
  <testcase name="testThrowExpression - 1.3" classname="org.eclipse.jdt.core.tests.compiler.parser.FieldAccessCompletionTest" time="0"/>
  <testcase name="testUnaryExpressionBitwiseComplement - 1.3" classname="org.eclipse.jdt.core.tests.compiler.parser.FieldAccessCompletionTest" time="0.001"/>
  <testcase name="testUnaryExpressionLogicalComplement - 1.3" classname="org.eclipse.jdt.core.tests.compiler.parser.FieldAccessCompletionTest" time="0"/>
  <testcase name="testUnaryExpressionMinus - 1.3" classname="org.eclipse.jdt.core.tests.compiler.parser.FieldAccessCompletionTest" time="0.001"/>
  <testcase name="testUnaryExpressionPlus - 1.3" classname="org.eclipse.jdt.core.tests.compiler.parser.FieldAccessCompletionTest" time="0"/>
  <testcase name="testVariableDeclarator - 1.3" classname="org.eclipse.jdt.core.tests.compiler.parser.FieldAccessCompletionTest" time="0"/>
  <testcase name="testVariableInitializers - 1.3" classname="org.eclipse.jdt.core.tests.compiler.parser.FieldAccessCompletionTest" time="0.001"/>
  <testcase name="testWhileExpression - 1.3" classname="org.eclipse.jdt.core.tests.compiler.parser.FieldAccessCompletionTest" time="0"/>
  <testcase name="testWhileStatement - 1.3" classname="org.eclipse.jdt.core.tests.compiler.parser.FieldAccessCompletionTest" time="0"/>
  <testcase name="testAnonymousFirstMethod - 1.3" classname="org.eclipse.jdt.core.tests.compiler.parser.InnerTypeCompletionTest" time="0"/>
  <testcase name="testAnonymousNoStatementBefore - 1.3" classname="org.eclipse.jdt.core.tests.compiler.parser.InnerTypeCompletionTest" time="0.001"/>
  <testcase name="testAnonymousOneFieldBefore - 1.3" classname="org.eclipse.jdt.core.tests.compiler.parser.InnerTypeCompletionTest" time="0.001"/>
  <testcase name="testAnonymousOneStatementBefore - 1.3" classname="org.eclipse.jdt.core.tests.compiler.parser.InnerTypeCompletionTest" time="0.001"/>
  <testcase name="testAnonymousSecondMethod - 1.3" classname="org.eclipse.jdt.core.tests.compiler.parser.InnerTypeCompletionTest" time="0"/>
  <testcase name="testLocalTypeFirstMethod - 1.3" classname="org.eclipse.jdt.core.tests.compiler.parser.InnerTypeCompletionTest" time="0.001"/>
  <testcase name="testLocalTypeNoStatementBefore - 1.3" classname="org.eclipse.jdt.core.tests.compiler.parser.InnerTypeCompletionTest" time="0"/>
  <testcase name="testLocalTypeOneFieldBefore - 1.3" classname="org.eclipse.jdt.core.tests.compiler.parser.InnerTypeCompletionTest" time="0"/>
  <testcase name="testLocalTypeOneStatementBefore - 1.3" classname="org.eclipse.jdt.core.tests.compiler.parser.InnerTypeCompletionTest" time="0"/>
  <testcase name="testLocalTypeSecondMethod - 1.3" classname="org.eclipse.jdt.core.tests.compiler.parser.InnerTypeCompletionTest" time="0"/>
  <testcase name="test020 - 1.3" classname="org.eclipse.jdt.core.tests.compiler.parser.JavadocCompletionParserTest" time="0"/>
  <testcase name="test020 - 1.3" classname="org.eclipse.jdt.core.tests.compiler.parser.ParserTest" time="0.002"/>
  <testcase name="test021 - 1.3" classname="org.eclipse.jdt.core.tests.compiler.parser.JavadocCompletionParserTest" time="0.001"/>
  <testcase name="test021 - 1.3" classname="org.eclipse.jdt.core.tests.compiler.parser.ParserTest" time="0.209"/>
  <testcase name="test022 - 1.3" classname="org.eclipse.jdt.core.tests.compiler.parser.JavadocCompletionParserTest" time="0"/>
  <testcase name="test022 - 1.3" classname="org.eclipse.jdt.core.tests.compiler.parser.ParserTest" time="0.001"/>
  <testcase name="test023 - 1.3" classname="org.eclipse.jdt.core.tests.compiler.parser.JavadocCompletionParserTest" time="0"/>
  <testcase name="test023 - 1.3" classname="org.eclipse.jdt.core.tests.compiler.parser.ParserTest" time="0.001"/>
  <testcase name="test024 - 1.3" classname="org.eclipse.jdt.core.tests.compiler.parser.JavadocCompletionParserTest" time="0"/>
  <testcase name="test024 - 1.3" classname="org.eclipse.jdt.core.tests.compiler.parser.ParserTest" time="0.001"/>
  <testcase name="test025 - 1.3" classname="org.eclipse.jdt.core.tests.compiler.parser.JavadocCompletionParserTest" time="0"/>
  <testcase name="test025 - 1.3" classname="org.eclipse.jdt.core.tests.compiler.parser.ParserTest" time="0.002"/>
  <testcase name="test026 - 1.3" classname="org.eclipse.jdt.core.tests.compiler.parser.JavadocCompletionParserTest" time="0"/>
  <testcase name="test026 - 1.3" classname="org.eclipse.jdt.core.tests.compiler.parser.ParserTest" time="0.002"/>
  <testcase name="test027 - 1.3" classname="org.eclipse.jdt.core.tests.compiler.parser.JavadocCompletionParserTest" time="0"/>
  <testcase name="test027 - 1.3" classname="org.eclipse.jdt.core.tests.compiler.parser.ParserTest" time="0.002"/>
  <testcase name="test028 - 1.3" classname="org.eclipse.jdt.core.tests.compiler.parser.JavadocCompletionParserTest" time="0.001"/>
  <testcase name="test029 - 1.3" classname="org.eclipse.jdt.core.tests.compiler.parser.JavadocCompletionParserTest" time="0"/>
  <testcase name="test030 - 1.3" classname="org.eclipse.jdt.core.tests.compiler.parser.JavadocCompletionParserTest" time="0"/>
  <testcase name="test031 - 1.3" classname="org.eclipse.jdt.core.tests.compiler.parser.JavadocCompletionParserTest" time="0.001"/>
  <testcase name="test032 - 1.3" classname="org.eclipse.jdt.core.tests.compiler.parser.JavadocCompletionParserTest" time="0"/>
  <testcase name="test1FTEO9L - 1.3" classname="org.eclipse.jdt.core.tests.compiler.parser.LabelStatementCompletionTest" time="0.001"/>
  <testcase name="testInCaseWithIdentifier - 1.3" classname="org.eclipse.jdt.core.tests.compiler.parser.LabelStatementCompletionTest" time="0"/>
  <testcase name="testInCaseWithNumberConstant - 1.3" classname="org.eclipse.jdt.core.tests.compiler.parser.LabelStatementCompletionTest" time="0.001"/>
  <testcase name="testInLabeledInnerClass - 1.3" classname="org.eclipse.jdt.core.tests.compiler.parser.LabelStatementCompletionTest" time="0"/>
  <testcase name="testInLabeledInnerClassWithErrorBefore - 1.3" classname="org.eclipse.jdt.core.tests.compiler.parser.LabelStatementCompletionTest" time="0.001"/>
  <testcase name="testOneLevelDeep - 1.3" classname="org.eclipse.jdt.core.tests.compiler.parser.LabelStatementCompletionTest" time="0"/>
  <testcase name="testSecondLabel - 1.3" classname="org.eclipse.jdt.core.tests.compiler.parser.LabelStatementCompletionTest" time="0.001"/>
  <testcase name="testTwoLevelDeep - 1.3" classname="org.eclipse.jdt.core.tests.compiler.parser.LabelStatementCompletionTest" time="0"/>
  <testcase name="test1FVVWS8_1 - 1.3" classname="org.eclipse.jdt.core.tests.compiler.parser.MethodInvocationCompletionTest" time="0"/>
  <testcase name="test1FVVWS8_2 - 1.3" classname="org.eclipse.jdt.core.tests.compiler.parser.MethodInvocationCompletionTest" time="0"/>
  <testcase name="test1FW2ZTB_1 - 1.3" classname="org.eclipse.jdt.core.tests.compiler.parser.MethodInvocationCompletionTest" time="0"/>
  <testcase name="test1FW2ZTB_2 - 1.3" classname="org.eclipse.jdt.core.tests.compiler.parser.MethodInvocationCompletionTest" time="0.001"/>
  <testcase name="test1FW35YZ_1 - 1.3" classname="org.eclipse.jdt.core.tests.compiler.parser.MethodInvocationCompletionTest" time="0"/>
  <testcase name="test1FW35YZ_2 - 1.3" classname="org.eclipse.jdt.core.tests.compiler.parser.MethodInvocationCompletionTest" time="0"/>
  <testcase name="test1FWYBKF - 1.3" classname="org.eclipse.jdt.core.tests.compiler.parser.MethodInvocationCompletionTest" time="0.001"/>
  <testcase name="test1GAJBUQ - 1.3" classname="org.eclipse.jdt.core.tests.compiler.parser.MethodInvocationCompletionTest" time="0"/>
  <testcase name="testAfterEmptyAnonymous - 1.3" classname="org.eclipse.jdt.core.tests.compiler.parser.MethodInvocationCompletionTest" time="0.001"/>
  <testcase name="testAfterFirstParameter - 1.3" classname="org.eclipse.jdt.core.tests.compiler.parser.MethodInvocationCompletionTest" time="0"/>
  <testcase name="testBeforeFirstParameter - 1.3" classname="org.eclipse.jdt.core.tests.compiler.parser.MethodInvocationCompletionTest" time="0"/>
  <testcase name="testBeforeLastParameter - 1.3" classname="org.eclipse.jdt.core.tests.compiler.parser.MethodInvocationCompletionTest" time="0.001"/>
  <testcase name="testBeforeSecondParameter - 1.3" classname="org.eclipse.jdt.core.tests.compiler.parser.MethodInvocationCompletionTest" time="0"/>
  <testcase name="testEmptyInFirstParameter - 1.3" classname="org.eclipse.jdt.core.tests.compiler.parser.MethodInvocationCompletionTest" time="0"/>
  <testcase name="testInFirstParameter - 1.3" classname="org.eclipse.jdt.core.tests.compiler.parser.MethodInvocationCompletionTest" time="0.001"/>
  <testcase name="testLabeledWithExpressionReceiver - 1.3" classname="org.eclipse.jdt.core.tests.compiler.parser.MethodInvocationCompletionTest" time="0"/>
  <testcase name="testLabeledWithoutReceiver - 1.3" classname="org.eclipse.jdt.core.tests.compiler.parser.MethodInvocationCompletionTest" time="0.001"/>
  <testcase name="testNoReceiver - 1.3" classname="org.eclipse.jdt.core.tests.compiler.parser.MethodInvocationCompletionTest" time="0"/>
  <testcase name="testSpaceThenFirstParameter - 1.3" classname="org.eclipse.jdt.core.tests.compiler.parser.MethodInvocationCompletionTest" time="0"/>
  <testcase name="testWithExpressionReceiver - 1.3" classname="org.eclipse.jdt.core.tests.compiler.parser.MethodInvocationCompletionTest" time="0"/>
  <testcase name="testWithNameReceiver - 1.3" classname="org.eclipse.jdt.core.tests.compiler.parser.MethodInvocationCompletionTest" time="0"/>
  <testcase name="testWithNameReceiverAfterConditionalExpression - 1.3" classname="org.eclipse.jdt.core.tests.compiler.parser.MethodInvocationCompletionTest" time="0.001"/>
  <testcase name="testWithNameReceiverAndTwoArgs - 1.3" classname="org.eclipse.jdt.core.tests.compiler.parser.MethodInvocationCompletionTest" time="0"/>
  <testcase name="testWithQualifiedNameReceiver - 1.3" classname="org.eclipse.jdt.core.tests.compiler.parser.MethodInvocationCompletionTest" time="0"/>
  <testcase name="test1FTZ849 - 1.3" classname="org.eclipse.jdt.core.tests.compiler.parser.NameReferenceCompletionTest" time="0"/>
  <testcase name="test1FUUP73 - 1.3" classname="org.eclipse.jdt.core.tests.compiler.parser.NameReferenceCompletionTest" time="0"/>
  <testcase name="test1FVRQQA_1 - 1.3" classname="org.eclipse.jdt.core.tests.compiler.parser.NameReferenceCompletionTest" time="0.001"/>
  <testcase name="test1FVRQQA_2 - 1.3" classname="org.eclipse.jdt.core.tests.compiler.parser.NameReferenceCompletionTest" time="0"/>
  <testcase name="test1FVT66Q_1 - 1.3" classname="org.eclipse.jdt.core.tests.compiler.parser.NameReferenceCompletionTest" time="0.001"/>
  <testcase name="test1FVT66Q_2 - 1.3" classname="org.eclipse.jdt.core.tests.compiler.parser.NameReferenceCompletionTest" time="0"/>
  <testcase name="test1G8DE30 - 1.3" classname="org.eclipse.jdt.core.tests.compiler.parser.NameReferenceCompletionTest" time="0"/>
  <testcase name="testEmptyNameReference - 1.3" classname="org.eclipse.jdt.core.tests.compiler.parser.NameReferenceCompletionTest" time="0"/>
  <testcase name="testEmptyNameReferenceAfterCast - 1.3" classname="org.eclipse.jdt.core.tests.compiler.parser.NameReferenceCompletionTest" time="0"/>
  <testcase name="testEmptyNameReferenceAfterPlus - 1.3" classname="org.eclipse.jdt.core.tests.compiler.parser.NameReferenceCompletionTest" time="0.001"/>
  <testcase name="testEmptyNameReferenceInArrayDim - 1.3" classname="org.eclipse.jdt.core.tests.compiler.parser.NameReferenceCompletionTest" time="0"/>
  <testcase name="testEmptyNameReferenceInInnerClass - 1.3" classname="org.eclipse.jdt.core.tests.compiler.parser.NameReferenceCompletionTest" time="0"/>
  <testcase name="testInIfThenStatement - 1.3" classname="org.eclipse.jdt.core.tests.compiler.parser.NameReferenceCompletionTest" time="0.001"/>
  <testcase name="testInnerClassFieldInitializer - 1.3" classname="org.eclipse.jdt.core.tests.compiler.parser.NameReferenceCompletionTest" time="0"/>
  <testcase name="testInvocationFieldInitializer - 1.3" classname="org.eclipse.jdt.core.tests.compiler.parser.NameReferenceCompletionTest" time="0.001"/>
  <testcase name="testMethodInvocationAnonymousInnerClass - 1.3" classname="org.eclipse.jdt.core.tests.compiler.parser.NameReferenceCompletionTest" time="0"/>
  <testcase name="testQualifiedNameReferenceShrinkAll - 1.3" classname="org.eclipse.jdt.core.tests.compiler.parser.NameReferenceCompletionTest" time="0"/>
  <testcase name="testQualifiedNameReferenceShrinkAllButOne - 1.3" classname="org.eclipse.jdt.core.tests.compiler.parser.NameReferenceCompletionTest" time="0"/>
  <testcase name="testQualifiedNameReferenceShrinkAllButOne2 - 1.3" classname="org.eclipse.jdt.core.tests.compiler.parser.NameReferenceCompletionTest" time="0"/>
  <testcase name="testQualifiedNameReferenceShrinkNone - 1.3" classname="org.eclipse.jdt.core.tests.compiler.parser.NameReferenceCompletionTest" time="0.001"/>
  <testcase name="testQualifiedNameReferenceShrinkNone2 - 1.3" classname="org.eclipse.jdt.core.tests.compiler.parser.NameReferenceCompletionTest" time="0"/>
  <testcase name="testQualifiedNameReferenceShrinkOne - 1.3" classname="org.eclipse.jdt.core.tests.compiler.parser.NameReferenceCompletionTest" time="0"/>
  <testcase name="testQualifiedNameReferenceShrinkOne2 - 1.3" classname="org.eclipse.jdt.core.tests.compiler.parser.NameReferenceCompletionTest" time="0.001"/>
  <testcase name="testUnicode - 1.3" classname="org.eclipse.jdt.core.tests.compiler.parser.NameReferenceCompletionTest" time="0"/>
  <testcase name="test1FTZCIG - 1.3" classname="org.eclipse.jdt.core.tests.compiler.parser.ReferenceTypeCompletionTest" time="0"/>
  <testcase name="testCatchClause1 - 1.3" classname="org.eclipse.jdt.core.tests.compiler.parser.ReferenceTypeCompletionTest" time="0"/>
  <testcase name="testCatchClause2 - 1.3" classname="org.eclipse.jdt.core.tests.compiler.parser.ReferenceTypeCompletionTest" time="0"/>
  <testcase name="testCatchClause3 - 1.3" classname="org.eclipse.jdt.core.tests.compiler.parser.ReferenceTypeCompletionTest" time="0"/>
  <testcase name="testClassBody - 1.3" classname="org.eclipse.jdt.core.tests.compiler.parser.ReferenceTypeCompletionTest" time="0.001"/>
  <testcase name="testClassBodyDeclarations - 1.3" classname="org.eclipse.jdt.core.tests.compiler.parser.ReferenceTypeCompletionTest" time="0"/>
  <testcase name="testClassInstanceCreationExpression1 - 1.3" classname="org.eclipse.jdt.core.tests.compiler.parser.ReferenceTypeCompletionTest" time="0.001"/>
  <testcase name="testClassInstanceCreationExpression2 - 1.3" classname="org.eclipse.jdt.core.tests.compiler.parser.ReferenceTypeCompletionTest" time="0"/>
  <testcase name="testClassInstanceCreationExpression3 - 1.3" classname="org.eclipse.jdt.core.tests.compiler.parser.ReferenceTypeCompletionTest" time="0"/>
  <testcase name="testClassInstanceCreationExpression4 - 1.3" classname="org.eclipse.jdt.core.tests.compiler.parser.ReferenceTypeCompletionTest" time="0.001"/>
  <testcase name="testClassInstanceCreationExpressionName1 - 1.3" classname="org.eclipse.jdt.core.tests.compiler.parser.ReferenceTypeCompletionTest" time="0"/>
  <testcase name="testClassInstanceCreationExpressionName2 - 1.3" classname="org.eclipse.jdt.core.tests.compiler.parser.ReferenceTypeCompletionTest" time="0"/>
  <testcase name="testClassInstanceCreationExpressionName3 - 1.3" classname="org.eclipse.jdt.core.tests.compiler.parser.ReferenceTypeCompletionTest" time="0"/>
  <testcase name="testClassInstanceCreationExpressionName4 - 1.3" classname="org.eclipse.jdt.core.tests.compiler.parser.ReferenceTypeCompletionTest" time="0"/>
  <testcase name="testClassInstanceCreationExpressionPrimary1 - 1.3" classname="org.eclipse.jdt.core.tests.compiler.parser.ReferenceTypeCompletionTest" time="0.001"/>
  <testcase name="testClassInstanceCreationExpressionPrimary2 - 1.3" classname="org.eclipse.jdt.core.tests.compiler.parser.ReferenceTypeCompletionTest" time="0"/>
  <testcase name="testClassInstanceCreationExpressionPrimary3 - 1.3" classname="org.eclipse.jdt.core.tests.compiler.parser.ReferenceTypeCompletionTest" time="0"/>
  <testcase name="testClassInstanceCreationExpressionPrimary4 - 1.3" classname="org.eclipse.jdt.core.tests.compiler.parser.ReferenceTypeCompletionTest" time="0.001"/>
  <testcase name="testClassTypeList - 1.3" classname="org.eclipse.jdt.core.tests.compiler.parser.ReferenceTypeCompletionTest" time="0"/>
  <testcase name="testConstructorDeclarator - 1.3" classname="org.eclipse.jdt.core.tests.compiler.parser.ReferenceTypeCompletionTest" time="0.001"/>
  <testcase name="testDeepReference - 1.3" classname="org.eclipse.jdt.core.tests.compiler.parser.ReferenceTypeCompletionTest" time="0"/>
  <testcase name="testExtendsClass - 1.3" classname="org.eclipse.jdt.core.tests.compiler.parser.ReferenceTypeCompletionTest" time="0"/>
  <testcase name="testExtendsInterface - 1.3" classname="org.eclipse.jdt.core.tests.compiler.parser.ReferenceTypeCompletionTest" time="0.001"/>
  <testcase name="testFieldDeclarationWithModifiers - 1.3" classname="org.eclipse.jdt.core.tests.compiler.parser.ReferenceTypeCompletionTest" time="0"/>
  <testcase name="testFieldDeclarationWithoutModifiers - 1.3" classname="org.eclipse.jdt.core.tests.compiler.parser.ReferenceTypeCompletionTest" time="0"/>
  <testcase name="testFormalParameter - 1.3" classname="org.eclipse.jdt.core.tests.compiler.parser.ReferenceTypeCompletionTest" time="0"/>
  <testcase name="testFormalParameterList - 1.3" classname="org.eclipse.jdt.core.tests.compiler.parser.ReferenceTypeCompletionTest" time="0.001"/>
  <testcase name="testImplements - 1.3" classname="org.eclipse.jdt.core.tests.compiler.parser.ReferenceTypeCompletionTest" time="0"/>
  <testcase name="testInstanceOf - 1.3" classname="org.eclipse.jdt.core.tests.compiler.parser.ReferenceTypeCompletionTest" time="0"/>
  <testcase name="testInterfaceBody - 1.3" classname="org.eclipse.jdt.core.tests.compiler.parser.ReferenceTypeCompletionTest" time="0.001"/>
  <testcase name="testInterfaceMemberDeclarations - 1.3" classname="org.eclipse.jdt.core.tests.compiler.parser.ReferenceTypeCompletionTest" time="0"/>
  <testcase name="testInterfaceTypeList - 1.3" classname="org.eclipse.jdt.core.tests.compiler.parser.ReferenceTypeCompletionTest" time="0"/>
  <testcase name="testLocalVariableDeclaration - 1.3" classname="org.eclipse.jdt.core.tests.compiler.parser.ReferenceTypeCompletionTest" time="0"/>
  <testcase name="testMethodDeclarator - 1.3" classname="org.eclipse.jdt.core.tests.compiler.parser.ReferenceTypeCompletionTest" time="0"/>
  <testcase name="testMethodHeaderWithModifiers - 1.3" classname="org.eclipse.jdt.core.tests.compiler.parser.ReferenceTypeCompletionTest" time="0.001"/>
  <testcase name="testMethodHeaderWithoutModifiers - 1.3" classname="org.eclipse.jdt.core.tests.compiler.parser.ReferenceTypeCompletionTest" time="0"/>
  <testcase name="testQualifiedTypeReferenceShrinkAll - 1.3" classname="org.eclipse.jdt.core.tests.compiler.parser.ReferenceTypeCompletionTest" time="0.001"/>
  <testcase name="testQualifiedTypeReferenceShrinkAllButOne - 1.3" classname="org.eclipse.jdt.core.tests.compiler.parser.ReferenceTypeCompletionTest" time="0"/>
  <testcase name="testQualifiedTypeReferenceShrinkNone - 1.3" classname="org.eclipse.jdt.core.tests.compiler.parser.ReferenceTypeCompletionTest" time="0"/>
  <testcase name="testQualifiedTypeReferenceShrinkOne - 1.3" classname="org.eclipse.jdt.core.tests.compiler.parser.ReferenceTypeCompletionTest" time="0.001"/>
  <testcase name="testThrows - 1.3" classname="org.eclipse.jdt.core.tests.compiler.parser.ReferenceTypeCompletionTest" time="0"/>
  <testcase name="testNameSuper - 1.3" classname="org.eclipse.jdt.core.tests.compiler.parser.ExplicitConstructorInvocationSelectionTest" time="0.008"/>
  <testcase name="testNameThis - 1.3" classname="org.eclipse.jdt.core.tests.compiler.parser.ExplicitConstructorInvocationSelectionTest" time="0"/>
  <testcase name="testBug30946 - 1.3" classname="org.eclipse.jdt.core.tests.compiler.parser.SelectionTest2" time="1.003"/>
  <testcase name="test100 - 1.3" classname="org.eclipse.jdt.core.tests.compiler.parser.DietRecoveryTest" time="0.007"/>
  <testcase name="test102 - 1.3" classname="org.eclipse.jdt.core.tests.compiler.parser.DietRecoveryTest" time="0.006"/>
  <testcase name="test103 - 1.3" classname="org.eclipse.jdt.core.tests.compiler.parser.DietRecoveryTest" time="0.007"/>
  <testcase name="test104 - 1.3" classname="org.eclipse.jdt.core.tests.compiler.parser.DietRecoveryTest" time="0.015"/>
  <testcase name="test105 - 1.3" classname="org.eclipse.jdt.core.tests.compiler.parser.DietRecoveryTest" time="0.006"/>
  <testcase name="test106 - 1.3" classname="org.eclipse.jdt.core.tests.compiler.parser.DietRecoveryTest" time="0.002"/>
  <testcase name="test107 - 1.3" classname="org.eclipse.jdt.core.tests.compiler.parser.DietRecoveryTest" time="0.004"/>
  <testcase name="test108 - 1.3" classname="org.eclipse.jdt.core.tests.compiler.parser.DietRecoveryTest" time="0.004"/>
  <testcase name="test109 - 1.3" classname="org.eclipse.jdt.core.tests.compiler.parser.DietRecoveryTest" time="0.005"/>
  <testcase name="test110 - 1.3" classname="org.eclipse.jdt.core.tests.compiler.parser.DietRecoveryTest" time="0.004"/>
  <testcase name="test111 - 1.3" classname="org.eclipse.jdt.core.tests.compiler.parser.DietRecoveryTest" time="0.002"/>
  <testcase name="test112 - 1.3" classname="org.eclipse.jdt.core.tests.compiler.parser.DietRecoveryTest" time="0.008"/>
  <testcase name="test113 - 1.3" classname="org.eclipse.jdt.core.tests.compiler.parser.DietRecoveryTest" time="0.008"/>
  <testcase name="test114 - 1.3" classname="org.eclipse.jdt.core.tests.compiler.parser.DietRecoveryTest" time="0.002"/>
  <testcase name="test115 - 1.3" classname="org.eclipse.jdt.core.tests.compiler.parser.DietRecoveryTest" time="0.003"/>
  <testcase name="test116 - 1.3" classname="org.eclipse.jdt.core.tests.compiler.parser.DietRecoveryTest" time="0.003"/>
  <testcase name="test117 - 1.3" classname="org.eclipse.jdt.core.tests.compiler.parser.DietRecoveryTest" time="0.005"/>
  <testcase name="test117_2 - 1.3" classname="org.eclipse.jdt.core.tests.compiler.parser.DietRecoveryTest" time="0.003"/>
  <testcase name="test118 - 1.3" classname="org.eclipse.jdt.core.tests.compiler.parser.DietRecoveryTest" time="0.004"/>
  <testcase name="test119 - 1.3" classname="org.eclipse.jdt.core.tests.compiler.parser.DietRecoveryTest" time="0.004"/>
  <testcase name="test120 - 1.3" classname="org.eclipse.jdt.core.tests.compiler.parser.DietRecoveryTest" time="0.002"/>
  <testcase name="test121 - 1.3" classname="org.eclipse.jdt.core.tests.compiler.parser.DietRecoveryTest" time="0.002"/>
  <testcase name="test122 - 1.3" classname="org.eclipse.jdt.core.tests.compiler.parser.DietRecoveryTest" time="0.003"/>
  <testcase name="test123 - 1.3" classname="org.eclipse.jdt.core.tests.compiler.parser.DietRecoveryTest" time="0.003"/>
  <testcase name="test125 - 1.3" classname="org.eclipse.jdt.core.tests.compiler.parser.DietRecoveryTest" time="2.845"/>
  <testcase name="test126 - 1.3" classname="org.eclipse.jdt.core.tests.compiler.parser.DietRecoveryTest" time="0.002"/>
  <testcase name="test127 - 1.3" classname="org.eclipse.jdt.core.tests.compiler.parser.DietRecoveryTest" time="0.001"/>
  <testcase name="test128 - 1.3" classname="org.eclipse.jdt.core.tests.compiler.parser.DietRecoveryTest" time="0.003"/>
  <testcase name="test405778 - 1.3" classname="org.eclipse.jdt.core.tests.compiler.parser.DietRecoveryTest" time="0.003"/>
  <testcase name="test405778a - 1.3" classname="org.eclipse.jdt.core.tests.compiler.parser.DietRecoveryTest" time="0.004"/>
  <testcase name="test456861 - 1.3" classname="org.eclipse.jdt.core.tests.compiler.parser.DietRecoveryTest" time="0.003"/>
  <testcase name="test56 - 1.3" classname="org.eclipse.jdt.core.tests.compiler.parser.DietRecoveryTest" time="0.006"/>
  <testcase name="test56 - 1.3" classname="org.eclipse.jdt.core.tests.compiler.parser.SourceElementParserTest" time="0"/>
  <testcase name="test57 - 1.3" classname="org.eclipse.jdt.core.tests.compiler.parser.DietRecoveryTest" time="0.005"/>
  <testcase name="test57 - 1.3" classname="org.eclipse.jdt.core.tests.compiler.parser.SourceElementParserTest" time="0"/>
  <testcase name="test58 - 1.3" classname="org.eclipse.jdt.core.tests.compiler.parser.DietRecoveryTest" time="0.002"/>
  <testcase name="test58 - 1.3" classname="org.eclipse.jdt.core.tests.compiler.parser.SourceElementParserTest" time="0.001"/>
  <testcase name="test59 - 1.3" classname="org.eclipse.jdt.core.tests.compiler.parser.DietRecoveryTest" time="0.002"/>
  <testcase name="test59 - 1.3" classname="org.eclipse.jdt.core.tests.compiler.parser.SourceElementParserTest" time="0.001"/>
  <testcase name="test60 - 1.3" classname="org.eclipse.jdt.core.tests.compiler.parser.DietRecoveryTest" time="0.003"/>
  <testcase name="test60 - 1.3" classname="org.eclipse.jdt.core.tests.compiler.parser.SourceElementParserTest" time="0"/>
  <testcase name="test61 - 1.3" classname="org.eclipse.jdt.core.tests.compiler.parser.DietRecoveryTest" time="0.003"/>
  <testcase name="test61 - 1.3" classname="org.eclipse.jdt.core.tests.compiler.parser.SourceElementParserTest" time="0.001"/>
  <testcase name="test62 - 1.3" classname="org.eclipse.jdt.core.tests.compiler.parser.DietRecoveryTest" time="0.005"/>
  <testcase name="test62 - 1.3" classname="org.eclipse.jdt.core.tests.compiler.parser.SourceElementParserTest" time="0.001"/>
  <testcase name="test63 - 1.3" classname="org.eclipse.jdt.core.tests.compiler.parser.DietRecoveryTest" time="0.002"/>
  <testcase name="test63 - 1.3" classname="org.eclipse.jdt.core.tests.compiler.parser.SourceElementParserTest" time="0.001"/>
  <testcase name="test64 - 1.3" classname="org.eclipse.jdt.core.tests.compiler.parser.DietRecoveryTest" time="0.005"/>
  <testcase name="test64 - 1.3" classname="org.eclipse.jdt.core.tests.compiler.parser.SourceElementParserTest" time="0.001"/>
  <testcase name="test65 - 1.3" classname="org.eclipse.jdt.core.tests.compiler.parser.DietRecoveryTest" time="0.007"/>
  <testcase name="test65 - 1.3" classname="org.eclipse.jdt.core.tests.compiler.parser.SourceElementParserTest" time="0.001"/>
  <testcase name="test66 - 1.3" classname="org.eclipse.jdt.core.tests.compiler.parser.DietRecoveryTest" time="0.002"/>
  <testcase name="test66 - 1.3" classname="org.eclipse.jdt.core.tests.compiler.parser.SourceElementParserTest" time="0"/>
  <testcase name="test67 - 1.3" classname="org.eclipse.jdt.core.tests.compiler.parser.DietRecoveryTest" time="0.003"/>
  <testcase name="test67 - 1.3" classname="org.eclipse.jdt.core.tests.compiler.parser.SourceElementParserTest" time="0.001"/>
  <testcase name="test68 - 1.3" classname="org.eclipse.jdt.core.tests.compiler.parser.DietRecoveryTest" time="0.001"/>
  <testcase name="test68 - 1.3" classname="org.eclipse.jdt.core.tests.compiler.parser.SourceElementParserTest" time="0"/>
  <testcase name="test69 - 1.3" classname="org.eclipse.jdt.core.tests.compiler.parser.DietRecoveryTest" time="0.004"/>
  <testcase name="test69 - 1.3" classname="org.eclipse.jdt.core.tests.compiler.parser.SourceElementParserTest" time="0.001"/>
  <testcase name="test70 - 1.3" classname="org.eclipse.jdt.core.tests.compiler.parser.DietRecoveryTest" time="0.004"/>
  <testcase name="test70 - 1.3" classname="org.eclipse.jdt.core.tests.compiler.parser.SourceElementParserTest" time="0"/>
  <testcase name="test71 - 1.3" classname="org.eclipse.jdt.core.tests.compiler.parser.DietRecoveryTest" time="0.003"/>
  <testcase name="test71 - 1.3" classname="org.eclipse.jdt.core.tests.compiler.parser.SourceElementParserTest" time="0.001"/>
  <testcase name="test72 - 1.3" classname="org.eclipse.jdt.core.tests.compiler.parser.DietRecoveryTest" time="0.003"/>
  <testcase name="test72 - 1.3" classname="org.eclipse.jdt.core.tests.compiler.parser.SourceElementParserTest" time="0.001"/>
  <testcase name="test73 - 1.3" classname="org.eclipse.jdt.core.tests.compiler.parser.DietRecoveryTest" time="0.005"/>
  <testcase name="test73 - 1.3" classname="org.eclipse.jdt.core.tests.compiler.parser.SourceElementParserTest" time="0"/>
  <testcase name="test74 - 1.3" classname="org.eclipse.jdt.core.tests.compiler.parser.DietRecoveryTest" time="0.003"/>
  <testcase name="test74 - 1.3" classname="org.eclipse.jdt.core.tests.compiler.parser.SourceElementParserTest" time="0.001"/>
  <testcase name="test75 - 1.3" classname="org.eclipse.jdt.core.tests.compiler.parser.DietRecoveryTest" time="0.011"/>
  <testcase name="test75 - 1.3" classname="org.eclipse.jdt.core.tests.compiler.parser.SourceElementParserTest" time="0.002"/>
  <testcase name="test76 - 1.3" classname="org.eclipse.jdt.core.tests.compiler.parser.DietRecoveryTest" time="0.005"/>
  <testcase name="test76 - 1.3" classname="org.eclipse.jdt.core.tests.compiler.parser.SourceElementParserTest" time="0"/>
  <testcase name="test77 - 1.3" classname="org.eclipse.jdt.core.tests.compiler.parser.DietRecoveryTest" time="0.006"/>
  <testcase name="test78 - 1.3" classname="org.eclipse.jdt.core.tests.compiler.parser.DietRecoveryTest" time="0.005"/>
  <testcase name="test79 - 1.3" classname="org.eclipse.jdt.core.tests.compiler.parser.DietRecoveryTest" time="0.005"/>
  <testcase name="test80 - 1.3" classname="org.eclipse.jdt.core.tests.compiler.parser.DietRecoveryTest" time="0.004"/>
  <testcase name="test81 - 1.3" classname="org.eclipse.jdt.core.tests.compiler.parser.DietRecoveryTest" time="0.004"/>
  <testcase name="test81 - 1.3" classname="org.eclipse.jdt.core.tests.compiler.parser.SourceElementParserTest" time="0.002"/>
  <testcase name="test82 - 1.3" classname="org.eclipse.jdt.core.tests.compiler.parser.DietRecoveryTest" time="0.003"/>
  <testcase name="test83 - 1.3" classname="org.eclipse.jdt.core.tests.compiler.parser.DietRecoveryTest" time="0.004"/>
  <testcase name="test84 - 1.3" classname="org.eclipse.jdt.core.tests.compiler.parser.DietRecoveryTest" time="0.001"/>
  <testcase name="test85 - 1.3" classname="org.eclipse.jdt.core.tests.compiler.parser.DietRecoveryTest" time="0.002"/>
  <testcase name="test86 - 1.3" classname="org.eclipse.jdt.core.tests.compiler.parser.DietRecoveryTest" time="0.002"/>
  <testcase name="test87 - 1.3" classname="org.eclipse.jdt.core.tests.compiler.parser.DietRecoveryTest" time="0.002"/>
  <testcase name="test88 - 1.3" classname="org.eclipse.jdt.core.tests.compiler.parser.DietRecoveryTest" time="0.003"/>
  <testcase name="test89 - 1.3" classname="org.eclipse.jdt.core.tests.compiler.parser.DietRecoveryTest" time="0.003"/>
  <testcase name="test90 - 1.3" classname="org.eclipse.jdt.core.tests.compiler.parser.DietRecoveryTest" time="0.006"/>
  <testcase name="test91 - 1.3" classname="org.eclipse.jdt.core.tests.compiler.parser.DietRecoveryTest" time="0.001"/>
  <testcase name="test92 - 1.3" classname="org.eclipse.jdt.core.tests.compiler.parser.DietRecoveryTest" time="0.001"/>
  <testcase name="test93 - 1.3" classname="org.eclipse.jdt.core.tests.compiler.parser.DietRecoveryTest" time="0.003"/>
  <testcase name="test94 - 1.3" classname="org.eclipse.jdt.core.tests.compiler.parser.DietRecoveryTest" time="0.006"/>
  <testcase name="test95 - 1.3" classname="org.eclipse.jdt.core.tests.compiler.parser.DietRecoveryTest" time="0.002"/>
  <testcase name="test96 - 1.3" classname="org.eclipse.jdt.core.tests.compiler.parser.DietRecoveryTest" time="0.002"/>
  <testcase name="test97 - 1.3" classname="org.eclipse.jdt.core.tests.compiler.parser.DietRecoveryTest" time="0.002"/>
  <testcase name="test98 - 1.3" classname="org.eclipse.jdt.core.tests.compiler.parser.DietRecoveryTest" time="0.004"/>
  <testcase name="test99 - 1.3" classname="org.eclipse.jdt.core.tests.compiler.parser.DietRecoveryTest" time="0.028"/>
  <testcase name="test0021 - 1.3" classname="org.eclipse.jdt.core.tests.compiler.parser.StatementRecoveryTest" time="0.001"/>
  <testcase name="test0021 - 1.3" classname="org.eclipse.jdt.core.tests.compiler.parser.ComplianceDiagnoseTest" time="0.001"/>
  <testcase name="test0023 - 1.3" classname="org.eclipse.jdt.core.tests.compiler.parser.StatementRecoveryTest" time="0.001"/>
  <testcase name="test0023 - 1.3" classname="org.eclipse.jdt.core.tests.compiler.parser.ComplianceDiagnoseTest" time="0.002"/>
  <testcase name="test0024 - 1.3" classname="org.eclipse.jdt.core.tests.compiler.parser.StatementRecoveryTest" time="0.002"/>
  <testcase name="test0026 - 1.3" classname="org.eclipse.jdt.core.tests.compiler.parser.StatementRecoveryTest" time="0.001"/>
  <testcase name="test0026 - 1.3" classname="org.eclipse.jdt.core.tests.compiler.parser.ComplianceDiagnoseTest" time="0.003"/>
  <testcase name="test0027 - 1.3" classname="org.eclipse.jdt.core.tests.compiler.parser.StatementRecoveryTest" time="0.002"/>
  <testcase name="test0027 - 1.3" classname="org.eclipse.jdt.core.tests.compiler.parser.ComplianceDiagnoseTest" time="0.002"/>
  <testcase name="test0038 - 1.3" classname="org.eclipse.jdt.core.tests.compiler.parser.StatementRecoveryTest" time="0.004"/>
  <testcase name="test0038 - 1.3" classname="org.eclipse.jdt.core.tests.compiler.parser.ComplianceDiagnoseTest" time="0.002"/>
  <testcase name="test0039 - 1.3" classname="org.eclipse.jdt.core.tests.compiler.parser.StatementRecoveryTest" time="0.003"/>
  <testcase name="test0039 - 1.3" classname="org.eclipse.jdt.core.tests.compiler.parser.ComplianceDiagnoseTest" time="0.001"/>
  <testcase name="test0041 - 1.3" classname="org.eclipse.jdt.core.tests.compiler.parser.StatementRecoveryTest" time="0.005"/>
  <testcase name="test0041 - 1.3" classname="org.eclipse.jdt.core.tests.compiler.parser.ComplianceDiagnoseTest" time="0.001"/>
  <testcase name="test0042 - 1.3" classname="org.eclipse.jdt.core.tests.compiler.parser.StatementRecoveryTest" time="0.002"/>
  <testcase name="test0042 - 1.3" classname="org.eclipse.jdt.core.tests.compiler.parser.ComplianceDiagnoseTest" time="0.002"/>
  <testcase name="test0044 - 1.3" classname="org.eclipse.jdt.core.tests.compiler.parser.StatementRecoveryTest" time="0.002"/>
  <testcase name="test0044 - 1.3" classname="org.eclipse.jdt.core.tests.compiler.parser.ComplianceDiagnoseTest" time="0.003"/>
  <testcase name="test0045 - 1.3" classname="org.eclipse.jdt.core.tests.compiler.parser.StatementRecoveryTest" time="0.003"/>
  <testcase name="test0045 - 1.3" classname="org.eclipse.jdt.core.tests.compiler.parser.ComplianceDiagnoseTest" time="0.001"/>
  <testcase name="testBug430336 - 1.3" classname="org.eclipse.jdt.core.tests.compiler.parser.StatementRecoveryTest" time="0.003"/>
  <testcase name="testBug99662 - 1.3" classname="org.eclipse.jdt.core.tests.compiler.parser.SourceElementParserTest" time="0"/>
  <testcase name="test018 - 1.3" classname="org.eclipse.jdt.core.tests.compiler.parser.ParserTest" time="0.001"/>
  <testcase name="test019 - 1.3" classname="org.eclipse.jdt.core.tests.compiler.parser.ParserTest" time="0.001"/>
  <testcase name="testBug485477 - 1.3" classname="org.eclipse.jdt.core.tests.compiler.parser.ParserTest" time="0.002"/>
  <testcase name="test0056 - 1.3" classname="org.eclipse.jdt.core.tests.compiler.parser.ComplianceDiagnoseTest" time="0.218"/>
  <testcase name="test0057 - 1.3" classname="org.eclipse.jdt.core.tests.compiler.parser.ComplianceDiagnoseTest" time="0.002"/>
  <testcase name="test0059 - 1.3" classname="org.eclipse.jdt.core.tests.compiler.parser.ComplianceDiagnoseTest" time="0"/>
  <testcase name="test401850 - 1.3" classname="org.eclipse.jdt.core.tests.compiler.parser.ComplianceDiagnoseTest" time="0"/>
  <testcase name="test406846 - 1.3" classname="org.eclipse.jdt.core.tests.compiler.parser.ComplianceDiagnoseTest" time="0.004"/>
  <testcase name="test421477 - 1.3" classname="org.eclipse.jdt.core.tests.compiler.parser.ComplianceDiagnoseTest" time="0.002"/>
  <testcase name="test428605 - 1.3" classname="org.eclipse.jdt.core.tests.compiler.parser.ComplianceDiagnoseTest" time="0.001"/>
  <testcase name="test429110 - 1.3" classname="org.eclipse.jdt.core.tests.compiler.parser.ComplianceDiagnoseTest" time="0"/>
  <testcase name="testBug391201 - 1.3" classname="org.eclipse.jdt.core.tests.compiler.parser.ComplianceDiagnoseTest" time="0"/>
  <testcase name="testBug399773 - 1.3" classname="org.eclipse.jdt.core.tests.compiler.parser.ComplianceDiagnoseTest" time="0.002"/>
  <testcase name="testBug399778 - 1.3" classname="org.eclipse.jdt.core.tests.compiler.parser.ComplianceDiagnoseTest" time="0"/>
  <testcase name="testBug399778a - 1.3" classname="org.eclipse.jdt.core.tests.compiler.parser.ComplianceDiagnoseTest" time="0"/>
  <testcase name="testBug399780 - 1.3" classname="org.eclipse.jdt.core.tests.compiler.parser.ComplianceDiagnoseTest" time="0.001"/>
  <testcase name="testBug399781 - 1.3" classname="org.eclipse.jdt.core.tests.compiler.parser.ComplianceDiagnoseTest" time="0.004"/>
  <testcase name="testBug440285 - 1.3" classname="org.eclipse.jdt.core.tests.compiler.parser.ComplianceDiagnoseTest" time="0"/>
  <testcase name="testBug531714_001 - 1.3" classname="org.eclipse.jdt.core.tests.compiler.parser.ComplianceDiagnoseTest" time="0.004"/>
  <testcase name="testBug531714_002 - 1.3" classname="org.eclipse.jdt.core.tests.compiler.parser.ComplianceDiagnoseTest" time="0.002"/>
  <testcase name="testInIfStatement - 1.4" classname="org.eclipse.jdt.core.tests.compiler.parser.AllocationExpressionCompletionTest" time="0.001"/>
  <testcase name="testInIfStatement - 1.4" classname="org.eclipse.jdt.core.tests.compiler.parser.MethodInvocationCompletionTest" time="0"/>
  <testcase name="testNoQualificationQualifiedTypeName - 1.4" classname="org.eclipse.jdt.core.tests.compiler.parser.AllocationExpressionCompletionTest" time="0.001"/>
  <testcase name="testNoQualificationSimpleTypeName - 1.4" classname="org.eclipse.jdt.core.tests.compiler.parser.AllocationExpressionCompletionTest" time="0"/>
  <testcase name="testQualifiedWithName - 1.4" classname="org.eclipse.jdt.core.tests.compiler.parser.AllocationExpressionCompletionTest" time="0"/>
  <testcase name="testQualifiedWithPrimary - 1.4" classname="org.eclipse.jdt.core.tests.compiler.parser.AllocationExpressionCompletionTest" time="0"/>
  <testcase name="testArrayType - 1.4" classname="org.eclipse.jdt.core.tests.compiler.parser.ClassLiteralAccessCompletionTest" time="0"/>
  <testcase name="testArrayTypeWithNonEmptyIdentifier - 1.4" classname="org.eclipse.jdt.core.tests.compiler.parser.ClassLiteralAccessCompletionTest" time="0.001"/>
  <testcase name="testPrimitiveArrayType - 1.4" classname="org.eclipse.jdt.core.tests.compiler.parser.ClassLiteralAccessCompletionTest" time="0"/>
  <testcase name="testPrimitiveArrayTypeWithNonEmptyIdentifier - 1.4" classname="org.eclipse.jdt.core.tests.compiler.parser.ClassLiteralAccessCompletionTest" time="0"/>
  <testcase name="testPrimitiveType - 1.4" classname="org.eclipse.jdt.core.tests.compiler.parser.ClassLiteralAccessCompletionTest" time="0.001"/>
  <testcase name="testPrimitiveTypeWithNonEmptyIdentifier - 1.4" classname="org.eclipse.jdt.core.tests.compiler.parser.ClassLiteralAccessCompletionTest" time="0"/>
  <testcase name="test001 - 1.4" classname="org.eclipse.jdt.core.tests.compiler.parser.CompletionParserTest" time="0"/>
  <testcase name="test001 - 1.4" classname="org.eclipse.jdt.core.tests.compiler.parser.JavadocCompletionParserTest" time="0"/>
  <testcase name="test001 - 1.4" classname="org.eclipse.jdt.core.tests.compiler.parser.ParserTest" time="0.001"/>
  <testcase name="test002 - 1.4" classname="org.eclipse.jdt.core.tests.compiler.parser.CompletionParserTest" time="0.001"/>
  <testcase name="test002 - 1.4" classname="org.eclipse.jdt.core.tests.compiler.parser.JavadocCompletionParserTest" time="0"/>
  <testcase name="test002 - 1.4" classname="org.eclipse.jdt.core.tests.compiler.parser.ParserTest" time="0"/>
  <testcase name="test003 - 1.4" classname="org.eclipse.jdt.core.tests.compiler.parser.CompletionParserTest" time="0"/>
  <testcase name="test003 - 1.4" classname="org.eclipse.jdt.core.tests.compiler.parser.JavadocCompletionParserTest" time="0.001"/>
  <testcase name="test003 - 1.4" classname="org.eclipse.jdt.core.tests.compiler.parser.ParserTest" time="0.001"/>
  <testcase name="test004 - 1.4" classname="org.eclipse.jdt.core.tests.compiler.parser.CompletionParserTest" time="0.001"/>
  <testcase name="test004 - 1.4" classname="org.eclipse.jdt.core.tests.compiler.parser.JavadocCompletionParserTest" time="0"/>
  <testcase name="test004 - 1.4" classname="org.eclipse.jdt.core.tests.compiler.parser.ParserTest" time="0.001"/>
  <testcase name="test005 - 1.4" classname="org.eclipse.jdt.core.tests.compiler.parser.CompletionParserTest" time="0"/>
  <testcase name="test005 - 1.4" classname="org.eclipse.jdt.core.tests.compiler.parser.JavadocCompletionParserTest" time="0"/>
  <testcase name="test005 - 1.4" classname="org.eclipse.jdt.core.tests.compiler.parser.ParserTest" time="0"/>
  <testcase name="test006 - 1.4" classname="org.eclipse.jdt.core.tests.compiler.parser.CompletionParserTest" time="0"/>
  <testcase name="test006 - 1.4" classname="org.eclipse.jdt.core.tests.compiler.parser.JavadocCompletionParserTest" time="0"/>
  <testcase name="test006 - 1.4" classname="org.eclipse.jdt.core.tests.compiler.parser.ParserTest" time="0.001"/>
  <testcase name="test007 - 1.4" classname="org.eclipse.jdt.core.tests.compiler.parser.CompletionParserTest" time="0"/>
  <testcase name="test007 - 1.4" classname="org.eclipse.jdt.core.tests.compiler.parser.JavadocCompletionParserTest" time="0"/>
  <testcase name="test007 - 1.4" classname="org.eclipse.jdt.core.tests.compiler.parser.ParserTest" time="0.001"/>
  <testcase name="test008 - 1.4" classname="org.eclipse.jdt.core.tests.compiler.parser.CompletionParserTest" time="0"/>
  <testcase name="test008 - 1.4" classname="org.eclipse.jdt.core.tests.compiler.parser.JavadocCompletionParserTest" time="0"/>
  <testcase name="test008 - 1.4" classname="org.eclipse.jdt.core.tests.compiler.parser.ParserTest" time="0.001"/>
  <testcase name="test009 - 1.4" classname="org.eclipse.jdt.core.tests.compiler.parser.CompletionParserTest" time="0"/>
  <testcase name="test009 - 1.4" classname="org.eclipse.jdt.core.tests.compiler.parser.ParserTest" time="0"/>
  <testcase name="test010 - 1.4" classname="org.eclipse.jdt.core.tests.compiler.parser.CompletionParserTest" time="0.001"/>
  <testcase name="test010 - 1.4" classname="org.eclipse.jdt.core.tests.compiler.parser.JavadocCompletionParserTest" time="0"/>
  <testcase name="test010 - 1.4" classname="org.eclipse.jdt.core.tests.compiler.parser.ParserTest" time="0.001"/>
  <testcase name="test011 - 1.4" classname="org.eclipse.jdt.core.tests.compiler.parser.CompletionParserTest" time="0"/>
  <testcase name="test011 - 1.4" classname="org.eclipse.jdt.core.tests.compiler.parser.JavadocCompletionParserTest" time="0"/>
  <testcase name="test012 - 1.4" classname="org.eclipse.jdt.core.tests.compiler.parser.CompletionParserTest" time="0"/>
  <testcase name="test012 - 1.4" classname="org.eclipse.jdt.core.tests.compiler.parser.JavadocCompletionParserTest" time="0"/>
  <testcase name="test012 - 1.4" classname="org.eclipse.jdt.core.tests.compiler.parser.ParserTest" time="0.001"/>
  <testcase name="test013 - 1.4" classname="org.eclipse.jdt.core.tests.compiler.parser.CompletionParserTest" time="0"/>
  <testcase name="test013 - 1.4" classname="org.eclipse.jdt.core.tests.compiler.parser.JavadocCompletionParserTest" time="0"/>
  <testcase name="test013 - 1.4" classname="org.eclipse.jdt.core.tests.compiler.parser.ParserTest" time="0.001"/>
  <testcase name="test014 - 1.4" classname="org.eclipse.jdt.core.tests.compiler.parser.CompletionParserTest" time="0"/>
  <testcase name="test014 - 1.4" classname="org.eclipse.jdt.core.tests.compiler.parser.JavadocCompletionParserTest" time="0"/>
  <testcase name="test014 - 1.4" classname="org.eclipse.jdt.core.tests.compiler.parser.ParserTest" time="0.001"/>
  <testcase name="test015 - 1.4" classname="org.eclipse.jdt.core.tests.compiler.parser.CompletionParserTest" time="0"/>
  <testcase name="test015 - 1.4" classname="org.eclipse.jdt.core.tests.compiler.parser.JavadocCompletionParserTest" time="0.001"/>
  <testcase name="test015 - 1.4" classname="org.eclipse.jdt.core.tests.compiler.parser.ParserTest" time="0"/>
  <testcase name="test016 - 1.4" classname="org.eclipse.jdt.core.tests.compiler.parser.CompletionParserTest" time="0"/>
  <testcase name="test016 - 1.4" classname="org.eclipse.jdt.core.tests.compiler.parser.ParserTest" time="0.001"/>
  <testcase name="test017 - 1.4" classname="org.eclipse.jdt.core.tests.compiler.parser.CompletionParserTest" time="0"/>
  <testcase name="test017 - 1.4" classname="org.eclipse.jdt.core.tests.compiler.parser.ParserTest" time="0.001"/>
  <testcase name="testA - 1.4" classname="org.eclipse.jdt.core.tests.compiler.parser.CompletionParserTest" time="0"/>
  <testcase name="testAA_1 - 1.4" classname="org.eclipse.jdt.core.tests.compiler.parser.CompletionParserTest" time="0.001"/>
  <testcase name="testAA_2 - 1.4" classname="org.eclipse.jdt.core.tests.compiler.parser.CompletionParserTest" time="0"/>
  <testcase name="testAA_3 - 1.4" classname="org.eclipse.jdt.core.tests.compiler.parser.CompletionParserTest" time="0.001"/>
  <testcase name="testAA_4 - 1.4" classname="org.eclipse.jdt.core.tests.compiler.parser.CompletionParserTest" time="0"/>
  <testcase name="testAB_1FHU9LU - 1.4" classname="org.eclipse.jdt.core.tests.compiler.parser.CompletionParserTest" time="0.001"/>
  <testcase name="testAC_1FJ8D9Z_1 - 1.4" classname="org.eclipse.jdt.core.tests.compiler.parser.CompletionParserTest" time="0"/>
  <testcase name="testAC_1FJ8D9Z_2 - 1.4" classname="org.eclipse.jdt.core.tests.compiler.parser.CompletionParserTest" time="0"/>
  <testcase name="testAC_1FJ8D9Z_3 - 1.4" classname="org.eclipse.jdt.core.tests.compiler.parser.CompletionParserTest" time="0.001"/>
  <testcase name="testB - 1.4" classname="org.eclipse.jdt.core.tests.compiler.parser.CompletionParserTest" time="0"/>
  <testcase name="testBA_1 - 1.4" classname="org.eclipse.jdt.core.tests.compiler.parser.CompletionParserTest" time="0"/>
  <testcase name="testBA_2 - 1.4" classname="org.eclipse.jdt.core.tests.compiler.parser.CompletionParserTest" time="0.001"/>
  <testcase name="testBB_1FHJ8H9 - 1.4" classname="org.eclipse.jdt.core.tests.compiler.parser.CompletionParserTest" time="0"/>
  <testcase name="testBC_1FJ4GSG_1 - 1.4" classname="org.eclipse.jdt.core.tests.compiler.parser.CompletionParserTest" time="0.001"/>
  <testcase name="testBC_1FJ4GSG_2 - 1.4" classname="org.eclipse.jdt.core.tests.compiler.parser.CompletionParserTest" time="0"/>
  <testcase name="testBC_1FJ4GSG_3 - 1.4" classname="org.eclipse.jdt.core.tests.compiler.parser.CompletionParserTest" time="0"/>
  <testcase name="testBug292087a - 1.4" classname="org.eclipse.jdt.core.tests.compiler.parser.CompletionParserTest" time="0.001"/>
  <testcase name="testBug292087b - 1.4" classname="org.eclipse.jdt.core.tests.compiler.parser.CompletionParserTest" time="0"/>
  <testcase name="testBug310423 - 1.4" classname="org.eclipse.jdt.core.tests.compiler.parser.CompletionParserTest" time="0.001"/>
  <testcase name="testBug338789 - 1.4" classname="org.eclipse.jdt.core.tests.compiler.parser.CompletionParserTest" time="0"/>
  <testcase name="testBug338789b - 1.4" classname="org.eclipse.jdt.core.tests.compiler.parser.CompletionParserTest" time="0"/>
  <testcase name="testBug343637 - 1.4" classname="org.eclipse.jdt.core.tests.compiler.parser.CompletionParserTest" time="0"/>
  <testcase name="testBug346415 - 1.4" classname="org.eclipse.jdt.core.tests.compiler.parser.CompletionParserTest" time="0"/>
  <testcase name="testBug346454 - 1.4" classname="org.eclipse.jdt.core.tests.compiler.parser.CompletionParserTest" time="0"/>
  <testcase name="testBug346454b - 1.4" classname="org.eclipse.jdt.core.tests.compiler.parser.CompletionParserTest" time="0"/>
  <testcase name="testC - 1.4" classname="org.eclipse.jdt.core.tests.compiler.parser.CompletionParserTest" time="0"/>
  <testcase name="testCA_1FGPJQZ - 1.4" classname="org.eclipse.jdt.core.tests.compiler.parser.CompletionParserTest" time="0"/>
  <testcase name="testCB_1FHSKQ9_1 - 1.4" classname="org.eclipse.jdt.core.tests.compiler.parser.CompletionParserTest" time="0.001"/>
  <testcase name="testCB_1FHSKQ9_2 - 1.4" classname="org.eclipse.jdt.core.tests.compiler.parser.CompletionParserTest" time="0"/>
  <testcase name="testCC_1FJ64I9 - 1.4" classname="org.eclipse.jdt.core.tests.compiler.parser.CompletionParserTest" time="0.001"/>
  <testcase name="testDA_1 - 1.4" classname="org.eclipse.jdt.core.tests.compiler.parser.CompletionParserTest" time="0"/>
  <testcase name="testDA_2 - 1.4" classname="org.eclipse.jdt.core.tests.compiler.parser.CompletionParserTest" time="0"/>
  <testcase name="testDA_3 - 1.4" classname="org.eclipse.jdt.core.tests.compiler.parser.CompletionParserTest" time="0.001"/>
  <testcase name="testDA_4 - 1.4" classname="org.eclipse.jdt.core.tests.compiler.parser.CompletionParserTest" time="0"/>
  <testcase name="testDA_5 - 1.4" classname="org.eclipse.jdt.core.tests.compiler.parser.CompletionParserTest" time="0"/>
  <testcase name="testDB_1FHSLDR - 1.4" classname="org.eclipse.jdt.core.tests.compiler.parser.CompletionParserTest" time="0"/>
  <testcase name="testDC_1FJJ0JR_1 - 1.4" classname="org.eclipse.jdt.core.tests.compiler.parser.CompletionParserTest" time="0"/>
  <testcase name="testD_1 - 1.4" classname="org.eclipse.jdt.core.tests.compiler.parser.CompletionParserTest" time="0.001"/>
  <testcase name="testD_2 - 1.4" classname="org.eclipse.jdt.core.tests.compiler.parser.CompletionParserTest" time="0"/>
  <testcase name="testEA_1 - 1.4" classname="org.eclipse.jdt.core.tests.compiler.parser.CompletionParserTest" time="0.001"/>
  <testcase name="testEA_2 - 1.4" classname="org.eclipse.jdt.core.tests.compiler.parser.CompletionParserTest" time="0"/>
  <testcase name="testEB_1FI74S3 - 1.4" classname="org.eclipse.jdt.core.tests.compiler.parser.CompletionParserTest" time="0"/>
  <testcase name="testEC_1FSBZ2Y - 1.4" classname="org.eclipse.jdt.core.tests.compiler.parser.CompletionParserTest" time="0.001"/>
  <testcase name="testE_1FG1YDS_1 - 1.4" classname="org.eclipse.jdt.core.tests.compiler.parser.CompletionParserTest" time="0"/>
  <testcase name="testE_1FG1YDS_2 - 1.4" classname="org.eclipse.jdt.core.tests.compiler.parser.CompletionParserTest" time="0"/>
  <testcase name="testE_1FG1YDS_3 - 1.4" classname="org.eclipse.jdt.core.tests.compiler.parser.CompletionParserTest" time="0.001"/>
  <testcase name="testF - 1.4" classname="org.eclipse.jdt.core.tests.compiler.parser.CompletionParserTest" time="0"/>
  <testcase name="testFA_1 - 1.4" classname="org.eclipse.jdt.core.tests.compiler.parser.CompletionParserTest" time="0"/>
  <testcase name="testFA_2 - 1.4" classname="org.eclipse.jdt.core.tests.compiler.parser.CompletionParserTest" time="0.001"/>
  <testcase name="testFB_1FI74S3 - 1.4" classname="org.eclipse.jdt.core.tests.compiler.parser.CompletionParserTest" time="0"/>
  <testcase name="testFC_1FSBZ9B - 1.4" classname="org.eclipse.jdt.core.tests.compiler.parser.CompletionParserTest" time="0"/>
  <testcase name="testG - 1.4" classname="org.eclipse.jdt.core.tests.compiler.parser.CompletionParserTest" time="0.001"/>
  <testcase name="testGA - 1.4" classname="org.eclipse.jdt.core.tests.compiler.parser.CompletionParserTest" time="0"/>
  <testcase name="testGB_1FI74S3 - 1.4" classname="org.eclipse.jdt.core.tests.compiler.parser.CompletionParserTest" time="0"/>
  <testcase name="testGC_1FSHLHV_1 - 1.4" classname="org.eclipse.jdt.core.tests.compiler.parser.CompletionParserTest" time="0.001"/>
  <testcase name="testGC_1FSHLHV_2 - 1.4" classname="org.eclipse.jdt.core.tests.compiler.parser.CompletionParserTest" time="0"/>
  <testcase name="testGC_1FSHLHV_3 - 1.4" classname="org.eclipse.jdt.core.tests.compiler.parser.CompletionParserTest" time="0"/>
  <testcase name="testGC_1FSHLHV_4 - 1.4" classname="org.eclipse.jdt.core.tests.compiler.parser.CompletionParserTest" time="0"/>
  <testcase name="testH - 1.4" classname="org.eclipse.jdt.core.tests.compiler.parser.CompletionParserTest" time="0"/>
  <testcase name="testHA_1 - 1.4" classname="org.eclipse.jdt.core.tests.compiler.parser.CompletionParserTest" time="0.001"/>
  <testcase name="testHA_2 - 1.4" classname="org.eclipse.jdt.core.tests.compiler.parser.CompletionParserTest" time="0"/>
  <testcase name="testHB_1FHSLDR - 1.4" classname="org.eclipse.jdt.core.tests.compiler.parser.CompletionParserTest" time="0.001"/>
  <testcase name="testHC_1FMPYO3_1 - 1.4" classname="org.eclipse.jdt.core.tests.compiler.parser.CompletionParserTest" time="0"/>
  <testcase name="testHC_1FMPYO3_2 - 1.4" classname="org.eclipse.jdt.core.tests.compiler.parser.CompletionParserTest" time="0"/>
  <testcase name="testI - 1.4" classname="org.eclipse.jdt.core.tests.compiler.parser.CompletionParserTest" time="0.001"/>
  <testcase name="testIA_1FGNBPR_1 - 1.4" classname="org.eclipse.jdt.core.tests.compiler.parser.CompletionParserTest" time="0"/>
  <testcase name="testIA_1FGNBPR_2 - 1.4" classname="org.eclipse.jdt.core.tests.compiler.parser.CompletionParserTest" time="0"/>
  <testcase name="testIB - 1.4" classname="org.eclipse.jdt.core.tests.compiler.parser.CompletionParserTest" time="0"/>
  <testcase name="testIC_1FMGUPR - 1.4" classname="org.eclipse.jdt.core.tests.compiler.parser.CompletionParserTest" time="0"/>
  <testcase name="testJ - 1.4" classname="org.eclipse.jdt.core.tests.compiler.parser.CompletionParserTest" time="0"/>
  <testcase name="testJA_1FGQVW2_1 - 1.4" classname="org.eclipse.jdt.core.tests.compiler.parser.CompletionParserTest" time="0.001"/>
  <testcase name="testJA_1FGQVW2_2 - 1.4" classname="org.eclipse.jdt.core.tests.compiler.parser.CompletionParserTest" time="0"/>
  <testcase name="testJB - 1.4" classname="org.eclipse.jdt.core.tests.compiler.parser.CompletionParserTest" time="0"/>
  <testcase name="testJC_1FLG1ZC - 1.4" classname="org.eclipse.jdt.core.tests.compiler.parser.CompletionParserTest" time="0.001"/>
  <testcase name="testKA_1FH5SU5 - 1.4" classname="org.eclipse.jdt.core.tests.compiler.parser.CompletionParserTest" time="0"/>
  <testcase name="testKB - 1.4" classname="org.eclipse.jdt.core.tests.compiler.parser.CompletionParserTest" time="0"/>
  <testcase name="testKC_1FLG1ZC - 1.4" classname="org.eclipse.jdt.core.tests.compiler.parser.CompletionParserTest" time="0.001"/>
  <testcase name="testK_1 - 1.4" classname="org.eclipse.jdt.core.tests.compiler.parser.CompletionParserTest" time="0.001"/>
  <testcase name="testK_2 - 1.4" classname="org.eclipse.jdt.core.tests.compiler.parser.CompletionParserTest" time="0"/>
  <testcase name="testK_3 - 1.4" classname="org.eclipse.jdt.core.tests.compiler.parser.CompletionParserTest" time="0"/>
  <testcase name="testK_4 - 1.4" classname="org.eclipse.jdt.core.tests.compiler.parser.CompletionParserTest" time="0"/>
  <testcase name="testLA_1FGLMOF - 1.4" classname="org.eclipse.jdt.core.tests.compiler.parser.CompletionParserTest" time="0"/>
  <testcase name="testLB - 1.4" classname="org.eclipse.jdt.core.tests.compiler.parser.CompletionParserTest" time="0"/>
  <testcase name="testLC_1FLG1E2 - 1.4" classname="org.eclipse.jdt.core.tests.compiler.parser.CompletionParserTest" time="0"/>
  <testcase name="testL_1 - 1.4" classname="org.eclipse.jdt.core.tests.compiler.parser.CompletionParserTest" time="0"/>
  <testcase name="testL_2 - 1.4" classname="org.eclipse.jdt.core.tests.compiler.parser.CompletionParserTest" time="0.001"/>
  <testcase name="testL_3 - 1.4" classname="org.eclipse.jdt.core.tests.compiler.parser.CompletionParserTest" time="0"/>
  <testcase name="testMA_1 - 1.4" classname="org.eclipse.jdt.core.tests.compiler.parser.CompletionParserTest" time="0"/>
  <testcase name="testMA_2 - 1.4" classname="org.eclipse.jdt.core.tests.compiler.parser.CompletionParserTest" time="0.001"/>
  <testcase name="testMA_3 - 1.4" classname="org.eclipse.jdt.core.tests.compiler.parser.CompletionParserTest" time="0"/>
  <testcase name="testMB_1FHSLMQ_1 - 1.4" classname="org.eclipse.jdt.core.tests.compiler.parser.CompletionParserTest" time="0"/>
  <testcase name="testMB_1FHSLMQ_2 - 1.4" classname="org.eclipse.jdt.core.tests.compiler.parser.CompletionParserTest" time="0.001"/>
  <testcase name="testMC_1FJ8D9Z - 1.4" classname="org.eclipse.jdt.core.tests.compiler.parser.CompletionParserTest" time="0"/>
  <testcase name="testM_1FGGLMT - 1.4" classname="org.eclipse.jdt.core.tests.compiler.parser.CompletionParserTest" time="0"/>
  <testcase name="testN - 1.4" classname="org.eclipse.jdt.core.tests.compiler.parser.CompletionParserTest" time="0.001"/>
  <testcase name="testNA_1 - 1.4" classname="org.eclipse.jdt.core.tests.compiler.parser.CompletionParserTest" time="0"/>
  <testcase name="testNA_2 - 1.4" classname="org.eclipse.jdt.core.tests.compiler.parser.CompletionParserTest" time="0"/>
  <testcase name="testNA_3 - 1.4" classname="org.eclipse.jdt.core.tests.compiler.parser.CompletionParserTest" time="0"/>
  <testcase name="testNB - 1.4" classname="org.eclipse.jdt.core.tests.compiler.parser.CompletionParserTest" time="0"/>
  <testcase name="testNC_1FJ8D9Z - 1.4" classname="org.eclipse.jdt.core.tests.compiler.parser.CompletionParserTest" time="0"/>
  <testcase name="testOA_1 - 1.4" classname="org.eclipse.jdt.core.tests.compiler.parser.CompletionParserTest" time="0"/>
  <testcase name="testOA_2 - 1.4" classname="org.eclipse.jdt.core.tests.compiler.parser.CompletionParserTest" time="0"/>
  <testcase name="testOB_1 - 1.4" classname="org.eclipse.jdt.core.tests.compiler.parser.CompletionParserTest" time="0.001"/>
  <testcase name="testOB_2 - 1.4" classname="org.eclipse.jdt.core.tests.compiler.parser.CompletionParserTest" time="0"/>
  <testcase name="testOC_1FM7J7F - 1.4" classname="org.eclipse.jdt.core.tests.compiler.parser.CompletionParserTest" time="0"/>
  <testcase name="testO_1FG1YU0 - 1.4" classname="org.eclipse.jdt.core.tests.compiler.parser.CompletionParserTest" time="0"/>
  <testcase name="testPA_1 - 1.4" classname="org.eclipse.jdt.core.tests.compiler.parser.CompletionParserTest" time="0"/>
  <testcase name="testPA_2 - 1.4" classname="org.eclipse.jdt.core.tests.compiler.parser.CompletionParserTest" time="0"/>
  <testcase name="testPB - 1.4" classname="org.eclipse.jdt.core.tests.compiler.parser.CompletionParserTest" time="0.001"/>
  <testcase name="testPC_1FSU4EF - 1.4" classname="org.eclipse.jdt.core.tests.compiler.parser.CompletionParserTest" time="0"/>
  <testcase name="testP_1FG1YU0 - 1.4" classname="org.eclipse.jdt.core.tests.compiler.parser.CompletionParserTest" time="0"/>
  <testcase name="testQA_1 - 1.4" classname="org.eclipse.jdt.core.tests.compiler.parser.CompletionParserTest" time="0.001"/>
  <testcase name="testQA_2 - 1.4" classname="org.eclipse.jdt.core.tests.compiler.parser.CompletionParserTest" time="0"/>
  <testcase name="testQA_3 - 1.4" classname="org.eclipse.jdt.core.tests.compiler.parser.CompletionParserTest" time="0"/>
  <testcase name="testQA_4 - 1.4" classname="org.eclipse.jdt.core.tests.compiler.parser.CompletionParserTest" time="0"/>
  <testcase name="testQB_1FIK820 - 1.4" classname="org.eclipse.jdt.core.tests.compiler.parser.CompletionParserTest" time="0"/>
  <testcase name="testQ_1FG1YU0 - 1.4" classname="org.eclipse.jdt.core.tests.compiler.parser.CompletionParserTest" time="0"/>
  <testcase name="testRA_1 - 1.4" classname="org.eclipse.jdt.core.tests.compiler.parser.CompletionParserTest" time="0"/>
  <testcase name="testRA_2 - 1.4" classname="org.eclipse.jdt.core.tests.compiler.parser.CompletionParserTest" time="0"/>
  <testcase name="testRA_3 - 1.4" classname="org.eclipse.jdt.core.tests.compiler.parser.CompletionParserTest" time="0"/>
  <testcase name="testRB_1FI74S3 - 1.4" classname="org.eclipse.jdt.core.tests.compiler.parser.CompletionParserTest" time="0"/>
  <testcase name="testR_1FGD31E - 1.4" classname="org.eclipse.jdt.core.tests.compiler.parser.CompletionParserTest" time="0"/>
  <testcase name="testSA - 1.4" classname="org.eclipse.jdt.core.tests.compiler.parser.CompletionParserTest" time="0"/>
  <testcase name="testSB_1FILFDG - 1.4" classname="org.eclipse.jdt.core.tests.compiler.parser.CompletionParserTest" time="0"/>
  <testcase name="testS_1FGF64P_1 - 1.4" classname="org.eclipse.jdt.core.tests.compiler.parser.CompletionParserTest" time="0.001"/>
  <testcase name="testS_1FGF64P_2 - 1.4" classname="org.eclipse.jdt.core.tests.compiler.parser.CompletionParserTest" time="0"/>
  <testcase name="testS_1FGF64P_3 - 1.4" classname="org.eclipse.jdt.core.tests.compiler.parser.CompletionParserTest" time="0"/>
  <testcase name="testTA_1FHISJJ_1 - 1.4" classname="org.eclipse.jdt.core.tests.compiler.parser.CompletionParserTest" time="0"/>
  <testcase name="testTA_1FHISJJ_2 - 1.4" classname="org.eclipse.jdt.core.tests.compiler.parser.CompletionParserTest" time="0"/>
  <testcase name="testTA_1FHISJJ_3 - 1.4" classname="org.eclipse.jdt.core.tests.compiler.parser.CompletionParserTest" time="0"/>
  <testcase name="testTB_1FHSLMQ - 1.4" classname="org.eclipse.jdt.core.tests.compiler.parser.CompletionParserTest" time="0"/>
  <testcase name="testT_1FGF64P - 1.4" classname="org.eclipse.jdt.core.tests.compiler.parser.CompletionParserTest" time="0.001"/>
  <testcase name="testUA_1FHISJJ_1 - 1.4" classname="org.eclipse.jdt.core.tests.compiler.parser.CompletionParserTest" time="0"/>
  <testcase name="testUA_1FHISJJ_2 - 1.4" classname="org.eclipse.jdt.core.tests.compiler.parser.CompletionParserTest" time="0"/>
  <testcase name="testUB_1FSBZ02 - 1.4" classname="org.eclipse.jdt.core.tests.compiler.parser.CompletionParserTest" time="0"/>
  <testcase name="testU_1FGGUME - 1.4" classname="org.eclipse.jdt.core.tests.compiler.parser.CompletionParserTest" time="0.001"/>
  <testcase name="testVA_1FHISJJ_1 - 1.4" classname="org.eclipse.jdt.core.tests.compiler.parser.CompletionParserTest" time="0"/>
  <testcase name="testVA_1FHISJJ_2 - 1.4" classname="org.eclipse.jdt.core.tests.compiler.parser.CompletionParserTest" time="0"/>
  <testcase name="testVB_1 - 1.4" classname="org.eclipse.jdt.core.tests.compiler.parser.CompletionParserTest" time="0.001"/>
  <testcase name="testVB_3 - 1.4" classname="org.eclipse.jdt.core.tests.compiler.parser.CompletionParserTest" time="0"/>
  <testcase name="testV_1FGGUOO_1 - 1.4" classname="org.eclipse.jdt.core.tests.compiler.parser.CompletionParserTest" time="0"/>
  <testcase name="testV_1FGGUOO_2 - 1.4" classname="org.eclipse.jdt.core.tests.compiler.parser.CompletionParserTest" time="0"/>
  <testcase name="testWA_1 - 1.4" classname="org.eclipse.jdt.core.tests.compiler.parser.CompletionParserTest" time="0"/>
  <testcase name="testWA_2 - 1.4" classname="org.eclipse.jdt.core.tests.compiler.parser.CompletionParserTest" time="0"/>
  <testcase name="testWB_1FI313C - 1.4" classname="org.eclipse.jdt.core.tests.compiler.parser.CompletionParserTest" time="0.001"/>
  <testcase name="testW_1FGGUS4 - 1.4" classname="org.eclipse.jdt.core.tests.compiler.parser.CompletionParserTest" time="0"/>
  <testcase name="testXA_1FGGUQF_1FHSL8H_2 - 1.4" classname="org.eclipse.jdt.core.tests.compiler.parser.CompletionParserTest" time="0"/>
  <testcase name="testXA_1FGGUQF_1FHSL8H_3 - 1.4" classname="org.eclipse.jdt.core.tests.compiler.parser.CompletionParserTest" time="0.001"/>
  <testcase name="testXA_1FGGUQF_1FHSL8H_4 - 1.4" classname="org.eclipse.jdt.core.tests.compiler.parser.CompletionParserTest" time="0"/>
  <testcase name="testXB_1FIYM5I_1 - 1.4" classname="org.eclipse.jdt.core.tests.compiler.parser.CompletionParserTest" time="0"/>
  <testcase name="testXB_1FIYM5I_2 - 1.4" classname="org.eclipse.jdt.core.tests.compiler.parser.CompletionParserTest" time="0"/>
  <testcase name="testXB_1FIYM5I_3 - 1.4" classname="org.eclipse.jdt.core.tests.compiler.parser.CompletionParserTest" time="0"/>
  <testcase name="testXB_1FIYM5I_4 - 1.4" classname="org.eclipse.jdt.core.tests.compiler.parser.CompletionParserTest" time="0"/>
  <testcase name="testX_1FGGV8C_1 - 1.4" classname="org.eclipse.jdt.core.tests.compiler.parser.CompletionParserTest" time="0.001"/>
  <testcase name="testX_1FGGV8C_2 - 1.4" classname="org.eclipse.jdt.core.tests.compiler.parser.CompletionParserTest" time="0"/>
  <testcase name="testX_1FGGV8C_3 - 1.4" classname="org.eclipse.jdt.core.tests.compiler.parser.CompletionParserTest" time="0"/>
  <testcase name="testX_1FGGV8C_4 - 1.4" classname="org.eclipse.jdt.core.tests.compiler.parser.CompletionParserTest" time="0.001"/>
  <testcase name="testX_1FGPE8E - 1.4" classname="org.eclipse.jdt.core.tests.compiler.parser.CompletionParserTest" time="0"/>
  <testcase name="testYA_1FGRIUH - 1.4" classname="org.eclipse.jdt.core.tests.compiler.parser.CompletionParserTest" time="0"/>
  <testcase name="testYB_1FJ4D46_1 - 1.4" classname="org.eclipse.jdt.core.tests.compiler.parser.CompletionParserTest" time="0.001"/>
  <testcase name="testY_1FGPESI - 1.4" classname="org.eclipse.jdt.core.tests.compiler.parser.CompletionParserTest" time="0"/>
  <testcase name="testZA_1 - 1.4" classname="org.eclipse.jdt.core.tests.compiler.parser.CompletionParserTest" time="0"/>
  <testcase name="testZA_2 - 1.4" classname="org.eclipse.jdt.core.tests.compiler.parser.CompletionParserTest" time="0.001"/>
  <testcase name="testZA_3 - 1.4" classname="org.eclipse.jdt.core.tests.compiler.parser.CompletionParserTest" time="0"/>
  <testcase name="testZB_1FJ4D46_1 - 1.4" classname="org.eclipse.jdt.core.tests.compiler.parser.CompletionParserTest" time="0"/>
  <testcase name="testZB_1FJ4D46_2 - 1.4" classname="org.eclipse.jdt.core.tests.compiler.parser.CompletionParserTest" time="0.001"/>
  <testcase name="testZ_1FGPF3D_1 - 1.4" classname="org.eclipse.jdt.core.tests.compiler.parser.CompletionParserTest" time="0"/>
  <testcase name="testZ_1FGPF3D_2 - 1.4" classname="org.eclipse.jdt.core.tests.compiler.parser.CompletionParserTest" time="0"/>
  <testcase name="test0001 - 1.4" classname="org.eclipse.jdt.core.tests.compiler.parser.CompletionParserTest2" time="0"/>
  <testcase name="test0001 - 1.4" classname="org.eclipse.jdt.core.tests.compiler.parser.CompletionParserTestKeyword" time="0.001"/>
  <testcase name="test0001 - 1.4" classname="org.eclipse.jdt.core.tests.compiler.parser.StatementRecoveryTest" time="0.001"/>
  <testcase name="test0001 - 1.4" classname="org.eclipse.jdt.core.tests.compiler.parser.ComplianceDiagnoseTest" time="0.001"/>
  <testcase name="test0002_Diet - 1.4" classname="org.eclipse.jdt.core.tests.compiler.parser.CompletionParserTest2" time="0.001"/>
  <testcase name="test0002_Method - 1.4" classname="org.eclipse.jdt.core.tests.compiler.parser.CompletionParserTest2" time="0"/>
  <testcase name="test0003_Diet - 1.4" classname="org.eclipse.jdt.core.tests.compiler.parser.CompletionParserTest2" time="0"/>
  <testcase name="test0003_Method - 1.4" classname="org.eclipse.jdt.core.tests.compiler.parser.CompletionParserTest2" time="0"/>
  <testcase name="test0004 - 1.4" classname="org.eclipse.jdt.core.tests.compiler.parser.CompletionParserTest2" time="0"/>
  <testcase name="test0004 - 1.4" classname="org.eclipse.jdt.core.tests.compiler.parser.CompletionParserTestKeyword" time="0"/>
  <testcase name="test0004 - 1.4" classname="org.eclipse.jdt.core.tests.compiler.parser.StatementRecoveryTest" time="0.001"/>
  <testcase name="test0004 - 1.4" classname="org.eclipse.jdt.core.tests.compiler.parser.ComplianceDiagnoseTest" time="0.001"/>
  <testcase name="test0005_Diet - 1.4" classname="org.eclipse.jdt.core.tests.compiler.parser.CompletionParserTest2" time="0"/>
  <testcase name="test0005_Method - 1.4" classname="org.eclipse.jdt.core.tests.compiler.parser.CompletionParserTest2" time="0"/>
  <testcase name="test0006_Diet - 1.4" classname="org.eclipse.jdt.core.tests.compiler.parser.CompletionParserTest2" time="0.001"/>
  <testcase name="test0006_Method - 1.4" classname="org.eclipse.jdt.core.tests.compiler.parser.CompletionParserTest2" time="0"/>
  <testcase name="test0007 - 1.4" classname="org.eclipse.jdt.core.tests.compiler.parser.CompletionParserTest2" time="0"/>
  <testcase name="test0007 - 1.4" classname="org.eclipse.jdt.core.tests.compiler.parser.CompletionParserTestKeyword" time="0"/>
  <testcase name="test0007 - 1.4" classname="org.eclipse.jdt.core.tests.compiler.parser.StatementRecoveryTest" time="0.001"/>
  <testcase name="test0007 - 1.4" classname="org.eclipse.jdt.core.tests.compiler.parser.ComplianceDiagnoseTest" time="0.001"/>
  <testcase name="test0008_Diet - 1.4" classname="org.eclipse.jdt.core.tests.compiler.parser.CompletionParserTest2" time="0"/>
  <testcase name="test0008_Method - 1.4" classname="org.eclipse.jdt.core.tests.compiler.parser.CompletionParserTest2" time="0"/>
  <testcase name="test0009_Diet - 1.4" classname="org.eclipse.jdt.core.tests.compiler.parser.CompletionParserTest2" time="0"/>
  <testcase name="test0009_Method - 1.4" classname="org.eclipse.jdt.core.tests.compiler.parser.CompletionParserTest2" time="0"/>
  <testcase name="test0010 - 1.4" classname="org.eclipse.jdt.core.tests.compiler.parser.CompletionParserTest2" time="0.001"/>
  <testcase name="test0010 - 1.4" classname="org.eclipse.jdt.core.tests.compiler.parser.CompletionParserTestKeyword" time="0"/>
  <testcase name="test0010 - 1.4" classname="org.eclipse.jdt.core.tests.compiler.parser.StatementRecoveryTest" time="0.001"/>
  <testcase name="test0010 - 1.4" classname="org.eclipse.jdt.core.tests.compiler.parser.ComplianceDiagnoseTest" time="0"/>
  <testcase name="test0011_Diet - 1.4" classname="org.eclipse.jdt.core.tests.compiler.parser.CompletionParserTest2" time="0"/>
  <testcase name="test0011_Method - 1.4" classname="org.eclipse.jdt.core.tests.compiler.parser.CompletionParserTest2" time="0"/>
  <testcase name="test0012_Diet - 1.4" classname="org.eclipse.jdt.core.tests.compiler.parser.CompletionParserTest2" time="0"/>
  <testcase name="test0012_Method - 1.4" classname="org.eclipse.jdt.core.tests.compiler.parser.CompletionParserTest2" time="0"/>
  <testcase name="test0013 - 1.4" classname="org.eclipse.jdt.core.tests.compiler.parser.CompletionParserTest2" time="0"/>
  <testcase name="test0013 - 1.4" classname="org.eclipse.jdt.core.tests.compiler.parser.CompletionParserTestKeyword" time="0"/>
  <testcase name="test0013 - 1.4" classname="org.eclipse.jdt.core.tests.compiler.parser.StatementRecoveryTest" time="0.002"/>
  <testcase name="test0013 - 1.4" classname="org.eclipse.jdt.core.tests.compiler.parser.ComplianceDiagnoseTest" time="0.001"/>
  <testcase name="test0014_Diet - 1.4" classname="org.eclipse.jdt.core.tests.compiler.parser.CompletionParserTest2" time="0"/>
  <testcase name="test0014_Method - 1.4" classname="org.eclipse.jdt.core.tests.compiler.parser.CompletionParserTest2" time="0.001"/>
  <testcase name="test0015_Diet - 1.4" classname="org.eclipse.jdt.core.tests.compiler.parser.CompletionParserTest2" time="0"/>
  <testcase name="test0015_Method - 1.4" classname="org.eclipse.jdt.core.tests.compiler.parser.CompletionParserTest2" time="0"/>
  <testcase name="test0016 - 1.4" classname="org.eclipse.jdt.core.tests.compiler.parser.CompletionParserTest2" time="0"/>
  <testcase name="test0016 - 1.4" classname="org.eclipse.jdt.core.tests.compiler.parser.CompletionParserTestKeyword" time="0"/>
  <testcase name="test0016 - 1.4" classname="org.eclipse.jdt.core.tests.compiler.parser.StatementRecoveryTest" time="0.002"/>
  <testcase name="test0016 - 1.4" classname="org.eclipse.jdt.core.tests.compiler.parser.ComplianceDiagnoseTest" time="0.001"/>
  <testcase name="test0017_Diet - 1.4" classname="org.eclipse.jdt.core.tests.compiler.parser.CompletionParserTest2" time="0"/>
  <testcase name="test0017_Method - 1.4" classname="org.eclipse.jdt.core.tests.compiler.parser.CompletionParserTest2" time="0"/>
  <testcase name="test0018_Diet - 1.4" classname="org.eclipse.jdt.core.tests.compiler.parser.CompletionParserTest2" time="0"/>
  <testcase name="test0018_Method - 1.4" classname="org.eclipse.jdt.core.tests.compiler.parser.CompletionParserTest2" time="0.001"/>
  <testcase name="test0019 - 1.4" classname="org.eclipse.jdt.core.tests.compiler.parser.CompletionParserTest2" time="0"/>
  <testcase name="test0019 - 1.4" classname="org.eclipse.jdt.core.tests.compiler.parser.CompletionParserTestKeyword" time="0"/>
  <testcase name="test0019 - 1.4" classname="org.eclipse.jdt.core.tests.compiler.parser.StatementRecoveryTest" time="0.002"/>
  <testcase name="test0019 - 1.4" classname="org.eclipse.jdt.core.tests.compiler.parser.ComplianceDiagnoseTest" time="0.001"/>
  <testcase name="test0020_Diet - 1.4" classname="org.eclipse.jdt.core.tests.compiler.parser.CompletionParserTest2" time="0"/>
  <testcase name="test0020_Method - 1.4" classname="org.eclipse.jdt.core.tests.compiler.parser.CompletionParserTest2" time="0"/>
  <testcase name="test0021_Diet - 1.4" classname="org.eclipse.jdt.core.tests.compiler.parser.CompletionParserTest2" time="0.001"/>
  <testcase name="test0021_Diet - 1.4" classname="org.eclipse.jdt.core.tests.compiler.parser.CompletionParserTestKeyword" time="0"/>
  <testcase name="test0021_Method - 1.4" classname="org.eclipse.jdt.core.tests.compiler.parser.CompletionParserTest2" time="0"/>
  <testcase name="test0021_Method - 1.4" classname="org.eclipse.jdt.core.tests.compiler.parser.CompletionParserTestKeyword" time="0"/>
  <testcase name="test0022 - 1.4" classname="org.eclipse.jdt.core.tests.compiler.parser.CompletionParserTest2" time="0"/>
  <testcase name="test0022 - 1.4" classname="org.eclipse.jdt.core.tests.compiler.parser.StatementRecoveryTest" time="0.001"/>
  <testcase name="test0022 - 1.4" classname="org.eclipse.jdt.core.tests.compiler.parser.ComplianceDiagnoseTest" time="0.001"/>
  <testcase name="test0023_Diet - 1.4" classname="org.eclipse.jdt.core.tests.compiler.parser.CompletionParserTest2" time="0.001"/>
  <testcase name="test0023_Diet - 1.4" classname="org.eclipse.jdt.core.tests.compiler.parser.CompletionParserTestKeyword" time="0"/>
  <testcase name="test0023_Method - 1.4" classname="org.eclipse.jdt.core.tests.compiler.parser.CompletionParserTest2" time="0"/>
  <testcase name="test0023_Method - 1.4" classname="org.eclipse.jdt.core.tests.compiler.parser.CompletionParserTestKeyword" time="0"/>
  <testcase name="test0024_Diet - 1.4" classname="org.eclipse.jdt.core.tests.compiler.parser.CompletionParserTest2" time="0"/>
  <testcase name="test0024_Diet - 1.4" classname="org.eclipse.jdt.core.tests.compiler.parser.CompletionParserTestKeyword" time="0"/>
  <testcase name="test0024_Method - 1.4" classname="org.eclipse.jdt.core.tests.compiler.parser.CompletionParserTest2" time="0"/>
  <testcase name="test0024_Method - 1.4" classname="org.eclipse.jdt.core.tests.compiler.parser.CompletionParserTestKeyword" time="0"/>
  <testcase name="test0025 - 1.4" classname="org.eclipse.jdt.core.tests.compiler.parser.CompletionParserTest2" time="0"/>
  <testcase name="test0025 - 1.4" classname="org.eclipse.jdt.core.tests.compiler.parser.StatementRecoveryTest" time="0.001"/>
  <testcase name="test0025 - 1.4" classname="org.eclipse.jdt.core.tests.compiler.parser.ComplianceDiagnoseTest" time="0"/>
  <testcase name="test0026_Diet - 1.4" classname="org.eclipse.jdt.core.tests.compiler.parser.CompletionParserTest2" time="0"/>
  <testcase name="test0026_Diet - 1.4" classname="org.eclipse.jdt.core.tests.compiler.parser.CompletionParserTestKeyword" time="0"/>
  <testcase name="test0026_Method - 1.4" classname="org.eclipse.jdt.core.tests.compiler.parser.CompletionParserTest2" time="0"/>
  <testcase name="test0026_Method - 1.4" classname="org.eclipse.jdt.core.tests.compiler.parser.CompletionParserTestKeyword" time="0"/>
  <testcase name="test0027_Diet - 1.4" classname="org.eclipse.jdt.core.tests.compiler.parser.CompletionParserTest2" time="0.001"/>
  <testcase name="test0027_Diet - 1.4" classname="org.eclipse.jdt.core.tests.compiler.parser.CompletionParserTestKeyword" time="0.001"/>
  <testcase name="test0027_Method - 1.4" classname="org.eclipse.jdt.core.tests.compiler.parser.CompletionParserTest2" time="0"/>
  <testcase name="test0027_Method - 1.4" classname="org.eclipse.jdt.core.tests.compiler.parser.CompletionParserTestKeyword" time="0"/>
  <testcase name="test0028 - 1.4" classname="org.eclipse.jdt.core.tests.compiler.parser.CompletionParserTest2" time="0"/>
  <testcase name="test0028 - 1.4" classname="org.eclipse.jdt.core.tests.compiler.parser.StatementRecoveryTest" time="0.002"/>
  <testcase name="test0028 - 1.4" classname="org.eclipse.jdt.core.tests.compiler.parser.ComplianceDiagnoseTest" time="0.001"/>
  <testcase name="test0029_Diet - 1.4" classname="org.eclipse.jdt.core.tests.compiler.parser.CompletionParserTest2" time="0"/>
  <testcase name="test0029_Method - 1.4" classname="org.eclipse.jdt.core.tests.compiler.parser.CompletionParserTest2" time="0"/>
  <testcase name="test0030_Diet - 1.4" classname="org.eclipse.jdt.core.tests.compiler.parser.CompletionParserTest2" time="0"/>
  <testcase name="test0030_Method - 1.4" classname="org.eclipse.jdt.core.tests.compiler.parser.CompletionParserTest2" time="0"/>
  <testcase name="test0031_Diet - 1.4" classname="org.eclipse.jdt.core.tests.compiler.parser.CompletionParserTest2" time="0.001"/>
  <testcase name="test0031_Method - 1.4" classname="org.eclipse.jdt.core.tests.compiler.parser.CompletionParserTest2" time="0"/>
  <testcase name="test0032_Diet - 1.4" classname="org.eclipse.jdt.core.tests.compiler.parser.CompletionParserTest2" time="0"/>
  <testcase name="test0032_Method - 1.4" classname="org.eclipse.jdt.core.tests.compiler.parser.CompletionParserTest2" time="0.001"/>
  <testcase name="test0033_Diet - 1.4" classname="org.eclipse.jdt.core.tests.compiler.parser.CompletionParserTest2" time="0"/>
  <testcase name="test0033_Method - 1.4" classname="org.eclipse.jdt.core.tests.compiler.parser.CompletionParserTest2" time="0"/>
  <testcase name="test0034_Diet - 1.4" classname="org.eclipse.jdt.core.tests.compiler.parser.CompletionParserTest2" time="0.001"/>
  <testcase name="test0034_Method - 1.4" classname="org.eclipse.jdt.core.tests.compiler.parser.CompletionParserTest2" time="0"/>
  <testcase name="test0035_Diet - 1.4" classname="org.eclipse.jdt.core.tests.compiler.parser.CompletionParserTest2" time="0"/>
  <testcase name="test0035_Method - 1.4" classname="org.eclipse.jdt.core.tests.compiler.parser.CompletionParserTest2" time="0"/>
  <testcase name="test0036_Diet - 1.4" classname="org.eclipse.jdt.core.tests.compiler.parser.CompletionParserTest2" time="0"/>
  <testcase name="test0036_Method - 1.4" classname="org.eclipse.jdt.core.tests.compiler.parser.CompletionParserTest2" time="0"/>
  <testcase name="test0037 - 1.4" classname="org.eclipse.jdt.core.tests.compiler.parser.CompletionParserTest2" time="0"/>
  <testcase name="test0037 - 1.4" classname="org.eclipse.jdt.core.tests.compiler.parser.StatementRecoveryTest" time="0.001"/>
  <testcase name="test0037 - 1.4" classname="org.eclipse.jdt.core.tests.compiler.parser.ComplianceDiagnoseTest" time="0.001"/>
  <testcase name="test0038_Diet - 1.4" classname="org.eclipse.jdt.core.tests.compiler.parser.CompletionParserTest2" time="0"/>
  <testcase name="test0038_Diet - 1.4" classname="org.eclipse.jdt.core.tests.compiler.parser.CompletionParserTestKeyword" time="0"/>
  <testcase name="test0038_Method - 1.4" classname="org.eclipse.jdt.core.tests.compiler.parser.CompletionParserTest2" time="0"/>
  <testcase name="test0038_Method - 1.4" classname="org.eclipse.jdt.core.tests.compiler.parser.CompletionParserTestKeyword" time="0"/>
  <testcase name="test0039_Diet - 1.4" classname="org.eclipse.jdt.core.tests.compiler.parser.CompletionParserTest2" time="0"/>
  <testcase name="test0039_Diet - 1.4" classname="org.eclipse.jdt.core.tests.compiler.parser.CompletionParserTestKeyword" time="0"/>
  <testcase name="test0039_Method - 1.4" classname="org.eclipse.jdt.core.tests.compiler.parser.CompletionParserTest2" time="0.001"/>
  <testcase name="test0039_Method - 1.4" classname="org.eclipse.jdt.core.tests.compiler.parser.CompletionParserTestKeyword" time="0"/>
  <testcase name="test0040 - 1.4" classname="org.eclipse.jdt.core.tests.compiler.parser.CompletionParserTest2" time="0"/>
  <testcase name="test0040 - 1.4" classname="org.eclipse.jdt.core.tests.compiler.parser.StatementRecoveryTest" time="0.002"/>
  <testcase name="test0040 - 1.4" classname="org.eclipse.jdt.core.tests.compiler.parser.ComplianceDiagnoseTest" time="0"/>
  <testcase name="test0041_Diet - 1.4" classname="org.eclipse.jdt.core.tests.compiler.parser.CompletionParserTest2" time="0"/>
  <testcase name="test0041_Diet - 1.4" classname="org.eclipse.jdt.core.tests.compiler.parser.CompletionParserTestKeyword" time="0"/>
  <testcase name="test0041_Method - 1.4" classname="org.eclipse.jdt.core.tests.compiler.parser.CompletionParserTest2" time="0.001"/>
  <testcase name="test0041_Method - 1.4" classname="org.eclipse.jdt.core.tests.compiler.parser.CompletionParserTestKeyword" time="0"/>
  <testcase name="test0042_Diet - 1.4" classname="org.eclipse.jdt.core.tests.compiler.parser.CompletionParserTest2" time="0"/>
  <testcase name="test0042_Diet - 1.4" classname="org.eclipse.jdt.core.tests.compiler.parser.CompletionParserTestKeyword" time="0"/>
  <testcase name="test0042_Method - 1.4" classname="org.eclipse.jdt.core.tests.compiler.parser.CompletionParserTest2" time="0"/>
  <testcase name="test0042_Method - 1.4" classname="org.eclipse.jdt.core.tests.compiler.parser.CompletionParserTestKeyword" time="0"/>
  <testcase name="test0043 - 1.4" classname="org.eclipse.jdt.core.tests.compiler.parser.CompletionParserTest2" time="0.001"/>
  <testcase name="test0043 - 1.4" classname="org.eclipse.jdt.core.tests.compiler.parser.StatementRecoveryTest" time="0.001"/>
  <testcase name="test0043 - 1.4" classname="org.eclipse.jdt.core.tests.compiler.parser.ComplianceDiagnoseTest" time="0"/>
  <testcase name="test0044_Diet - 1.4" classname="org.eclipse.jdt.core.tests.compiler.parser.CompletionParserTest2" time="0"/>
  <testcase name="test0044_Diet - 1.4" classname="org.eclipse.jdt.core.tests.compiler.parser.CompletionParserTestKeyword" time="0"/>
  <testcase name="test0044_Method - 1.4" classname="org.eclipse.jdt.core.tests.compiler.parser.CompletionParserTest2" time="0"/>
  <testcase name="test0044_Method - 1.4" classname="org.eclipse.jdt.core.tests.compiler.parser.CompletionParserTestKeyword" time="0"/>
  <testcase name="test0045_Diet - 1.4" classname="org.eclipse.jdt.core.tests.compiler.parser.CompletionParserTest2" time="0"/>
  <testcase name="test0045_Diet - 1.4" classname="org.eclipse.jdt.core.tests.compiler.parser.CompletionParserTestKeyword" time="0"/>
  <testcase name="test0045_Method - 1.4" classname="org.eclipse.jdt.core.tests.compiler.parser.CompletionParserTest2" time="0.001"/>
  <testcase name="test0045_Method - 1.4" classname="org.eclipse.jdt.core.tests.compiler.parser.CompletionParserTestKeyword" time="0.001"/>
  <testcase name="test0046 - 1.4" classname="org.eclipse.jdt.core.tests.compiler.parser.CompletionParserTest2" time="0"/>
  <testcase name="test0046 - 1.4" classname="org.eclipse.jdt.core.tests.compiler.parser.StatementRecoveryTest" time="0.001"/>
  <testcase name="test0046 - 1.4" classname="org.eclipse.jdt.core.tests.compiler.parser.ComplianceDiagnoseTest" time="0.001"/>
  <testcase name="test0047_Diet - 1.4" classname="org.eclipse.jdt.core.tests.compiler.parser.CompletionParserTest2" time="0"/>
  <testcase name="test0047_Method - 1.4" classname="org.eclipse.jdt.core.tests.compiler.parser.CompletionParserTest2" time="0.001"/>
  <testcase name="test0048_Diet - 1.4" classname="org.eclipse.jdt.core.tests.compiler.parser.CompletionParserTest2" time="0"/>
  <testcase name="test0048_Method - 1.4" classname="org.eclipse.jdt.core.tests.compiler.parser.CompletionParserTest2" time="0"/>
  <testcase name="test0049 - 1.4" classname="org.eclipse.jdt.core.tests.compiler.parser.CompletionParserTest2" time="0.001"/>
  <testcase name="test0049 - 1.4" classname="org.eclipse.jdt.core.tests.compiler.parser.CompletionParserTestKeyword" time="0"/>
  <testcase name="test0049 - 1.4" classname="org.eclipse.jdt.core.tests.compiler.parser.ComplianceDiagnoseTest" time="0.002"/>
  <testcase name="test0050_Diet - 1.4" classname="org.eclipse.jdt.core.tests.compiler.parser.CompletionParserTest2" time="0"/>
  <testcase name="test0050_Method - 1.4" classname="org.eclipse.jdt.core.tests.compiler.parser.CompletionParserTest2" time="0"/>
  <testcase name="test0051_Diet - 1.4" classname="org.eclipse.jdt.core.tests.compiler.parser.CompletionParserTest2" time="0"/>
  <testcase name="test0051_Method - 1.4" classname="org.eclipse.jdt.core.tests.compiler.parser.CompletionParserTest2" time="0"/>
  <testcase name="test0052 - 1.4" classname="org.eclipse.jdt.core.tests.compiler.parser.CompletionParserTest2" time="0"/>
  <testcase name="test0052 - 1.4" classname="org.eclipse.jdt.core.tests.compiler.parser.CompletionParserTestKeyword" time="0"/>
  <testcase name="test0052 - 1.4" classname="org.eclipse.jdt.core.tests.compiler.parser.ComplianceDiagnoseTest" time="0.001"/>
  <testcase name="test0053_Diet - 1.4" classname="org.eclipse.jdt.core.tests.compiler.parser.CompletionParserTest2" time="0"/>
  <testcase name="test0053_Method - 1.4" classname="org.eclipse.jdt.core.tests.compiler.parser.CompletionParserTest2" time="0"/>
  <testcase name="test0054_Diet - 1.4" classname="org.eclipse.jdt.core.tests.compiler.parser.CompletionParserTest2" time="0"/>
  <testcase name="test0054_Method - 1.4" classname="org.eclipse.jdt.core.tests.compiler.parser.CompletionParserTest2" time="0"/>
  <testcase name="test0055 - 1.4" classname="org.eclipse.jdt.core.tests.compiler.parser.CompletionParserTest2" time="0"/>
  <testcase name="test0055 - 1.4" classname="org.eclipse.jdt.core.tests.compiler.parser.ComplianceDiagnoseTest" time="0.002"/>
  <testcase name="test0056_Diet - 1.4" classname="org.eclipse.jdt.core.tests.compiler.parser.CompletionParserTest2" time="0"/>
  <testcase name="test0056_Diet - 1.4" classname="org.eclipse.jdt.core.tests.compiler.parser.CompletionParserTestKeyword" time="0"/>
  <testcase name="test0056_Method - 1.4" classname="org.eclipse.jdt.core.tests.compiler.parser.CompletionParserTest2" time="0"/>
  <testcase name="test0056_Method - 1.4" classname="org.eclipse.jdt.core.tests.compiler.parser.CompletionParserTestKeyword" time="0.001"/>
  <testcase name="test0057_Diet - 1.4" classname="org.eclipse.jdt.core.tests.compiler.parser.CompletionParserTest2" time="0"/>
  <testcase name="test0057_Diet - 1.4" classname="org.eclipse.jdt.core.tests.compiler.parser.CompletionParserTestKeyword" time="0"/>
  <testcase name="test0057_Method - 1.4" classname="org.eclipse.jdt.core.tests.compiler.parser.CompletionParserTest2" time="0"/>
  <testcase name="test0057_Method - 1.4" classname="org.eclipse.jdt.core.tests.compiler.parser.CompletionParserTestKeyword" time="0"/>
  <testcase name="test0058 - 1.4" classname="org.eclipse.jdt.core.tests.compiler.parser.CompletionParserTest2" time="0"/>
  <testcase name="test0058 - 1.4" classname="org.eclipse.jdt.core.tests.compiler.parser.ComplianceDiagnoseTest" time="0"/>
  <testcase name="test0059_Diet - 1.4" classname="org.eclipse.jdt.core.tests.compiler.parser.CompletionParserTest2" time="0"/>
  <testcase name="test0059_Diet - 1.4" classname="org.eclipse.jdt.core.tests.compiler.parser.CompletionParserTestKeyword" time="0"/>
  <testcase name="test0059_Method - 1.4" classname="org.eclipse.jdt.core.tests.compiler.parser.CompletionParserTest2" time="0.001"/>
  <testcase name="test0059_Method - 1.4" classname="org.eclipse.jdt.core.tests.compiler.parser.CompletionParserTestKeyword" time="0"/>
  <testcase name="test0060_Diet - 1.4" classname="org.eclipse.jdt.core.tests.compiler.parser.CompletionParserTest2" time="0"/>
  <testcase name="test0060_Method - 1.4" classname="org.eclipse.jdt.core.tests.compiler.parser.CompletionParserTest2" time="0"/>
  <testcase name="test0061 - 1.4" classname="org.eclipse.jdt.core.tests.compiler.parser.CompletionParserTest2" time="0"/>
  <testcase name="test0061 - 1.4" classname="org.eclipse.jdt.core.tests.compiler.parser.CompletionParserTestKeyword" time="0"/>
  <testcase name="test0061 - 1.4" classname="org.eclipse.jdt.core.tests.compiler.parser.ComplianceDiagnoseTest" time="0.001"/>
  <testcase name="test0062_Diet - 1.4" classname="org.eclipse.jdt.core.tests.compiler.parser.CompletionParserTest2" time="0"/>
  <testcase name="test0062_Method - 1.4" classname="org.eclipse.jdt.core.tests.compiler.parser.CompletionParserTest2" time="0"/>
  <testcase name="test0063_Diet - 1.4" classname="org.eclipse.jdt.core.tests.compiler.parser.CompletionParserTest2" time="0"/>
  <testcase name="test0063_Method - 1.4" classname="org.eclipse.jdt.core.tests.compiler.parser.CompletionParserTest2" time="0"/>
  <testcase name="test0064 - 1.4" classname="org.eclipse.jdt.core.tests.compiler.parser.CompletionParserTest2" time="0"/>
  <testcase name="test0064 - 1.4" classname="org.eclipse.jdt.core.tests.compiler.parser.CompletionParserTestKeyword" time="0"/>
  <testcase name="test0064 - 1.4" classname="org.eclipse.jdt.core.tests.compiler.parser.ComplianceDiagnoseTest" time="0.001"/>
  <testcase name="test0065_Diet - 1.4" classname="org.eclipse.jdt.core.tests.compiler.parser.CompletionParserTest2" time="0"/>
  <testcase name="test0065_Method - 1.4" classname="org.eclipse.jdt.core.tests.compiler.parser.CompletionParserTest2" time="0"/>
  <testcase name="test0066_Diet - 1.4" classname="org.eclipse.jdt.core.tests.compiler.parser.CompletionParserTest2" time="0.001"/>
  <testcase name="test0066_Method - 1.4" classname="org.eclipse.jdt.core.tests.compiler.parser.CompletionParserTest2" time="0"/>
  <testcase name="test0067_Diet - 1.4" classname="org.eclipse.jdt.core.tests.compiler.parser.CompletionParserTest2" time="0"/>
  <testcase name="test0067_Method - 1.4" classname="org.eclipse.jdt.core.tests.compiler.parser.CompletionParserTest2" time="0"/>
  <testcase name="test0068_Diet - 1.4" classname="org.eclipse.jdt.core.tests.compiler.parser.CompletionParserTest2" time="0"/>
  <testcase name="test0068_Method - 1.4" classname="org.eclipse.jdt.core.tests.compiler.parser.CompletionParserTest2" time="0"/>
  <testcase name="test0069_Diet - 1.4" classname="org.eclipse.jdt.core.tests.compiler.parser.CompletionParserTest2" time="0"/>
  <testcase name="test0069_Method - 1.4" classname="org.eclipse.jdt.core.tests.compiler.parser.CompletionParserTest2" time="0.001"/>
  <testcase name="test0070_Diet - 1.4" classname="org.eclipse.jdt.core.tests.compiler.parser.CompletionParserTest2" time="0"/>
  <testcase name="test0070_Method - 1.4" classname="org.eclipse.jdt.core.tests.compiler.parser.CompletionParserTest2" time="0"/>
  <testcase name="test0071_Diet - 1.4" classname="org.eclipse.jdt.core.tests.compiler.parser.CompletionParserTest2" time="0.001"/>
  <testcase name="test0071_Method - 1.4" classname="org.eclipse.jdt.core.tests.compiler.parser.CompletionParserTest2" time="0"/>
  <testcase name="test0072_Diet - 1.4" classname="org.eclipse.jdt.core.tests.compiler.parser.CompletionParserTest2" time="0"/>
  <testcase name="test0072_Method - 1.4" classname="org.eclipse.jdt.core.tests.compiler.parser.CompletionParserTest2" time="0.001"/>
  <testcase name="test0073 - 1.4" classname="org.eclipse.jdt.core.tests.compiler.parser.CompletionParserTest2" time="0"/>
  <testcase name="test0073 - 1.4" classname="org.eclipse.jdt.core.tests.compiler.parser.CompletionParserTestKeyword" time="0"/>
  <testcase name="test0074_Diet - 1.4" classname="org.eclipse.jdt.core.tests.compiler.parser.CompletionParserTest2" time="0"/>
  <testcase name="test0074_Method - 1.4" classname="org.eclipse.jdt.core.tests.compiler.parser.CompletionParserTest2" time="0"/>
  <testcase name="test0075_Diet - 1.4" classname="org.eclipse.jdt.core.tests.compiler.parser.CompletionParserTest2" time="0.001"/>
  <testcase name="test0075_Method - 1.4" classname="org.eclipse.jdt.core.tests.compiler.parser.CompletionParserTest2" time="0"/>
  <testcase name="test0076 - 1.4" classname="org.eclipse.jdt.core.tests.compiler.parser.CompletionParserTest2" time="0"/>
  <testcase name="test0076 - 1.4" classname="org.eclipse.jdt.core.tests.compiler.parser.CompletionParserTestKeyword" time="0"/>
  <testcase name="test0077_Diet - 1.4" classname="org.eclipse.jdt.core.tests.compiler.parser.CompletionParserTest2" time="0"/>
  <testcase name="test0077_Method - 1.4" classname="org.eclipse.jdt.core.tests.compiler.parser.CompletionParserTest2" time="0"/>
  <testcase name="test0078_Diet - 1.4" classname="org.eclipse.jdt.core.tests.compiler.parser.CompletionParserTest2" time="0"/>
  <testcase name="test0078_Method - 1.4" classname="org.eclipse.jdt.core.tests.compiler.parser.CompletionParserTest2" time="0"/>
  <testcase name="test0079_Diet - 1.4" classname="org.eclipse.jdt.core.tests.compiler.parser.CompletionParserTest2" time="0"/>
  <testcase name="test0079_Method - 1.4" classname="org.eclipse.jdt.core.tests.compiler.parser.CompletionParserTest2" time="0"/>
  <testcase name="test0080_Diet - 1.4" classname="org.eclipse.jdt.core.tests.compiler.parser.CompletionParserTest2" time="0"/>
  <testcase name="test0080_Diet - 1.4" classname="org.eclipse.jdt.core.tests.compiler.parser.CompletionParserTestKeyword" time="0.001"/>
  <testcase name="test0080_Method - 1.4" classname="org.eclipse.jdt.core.tests.compiler.parser.CompletionParserTest2" time="0.001"/>
  <testcase name="test0080_Method - 1.4" classname="org.eclipse.jdt.core.tests.compiler.parser.CompletionParserTestKeyword" time="0"/>
  <testcase name="test0081_Diet - 1.4" classname="org.eclipse.jdt.core.tests.compiler.parser.CompletionParserTest2" time="0"/>
  <testcase name="test0081_Diet - 1.4" classname="org.eclipse.jdt.core.tests.compiler.parser.CompletionParserTestKeyword" time="0"/>
  <testcase name="test0081_Method - 1.4" classname="org.eclipse.jdt.core.tests.compiler.parser.CompletionParserTest2" time="0"/>
  <testcase name="test0081_Method - 1.4" classname="org.eclipse.jdt.core.tests.compiler.parser.CompletionParserTestKeyword" time="0"/>
  <testcase name="test0082_Diet - 1.4" classname="org.eclipse.jdt.core.tests.compiler.parser.CompletionParserTest2" time="0.001"/>
  <testcase name="test0082_Diet - 1.4" classname="org.eclipse.jdt.core.tests.compiler.parser.CompletionParserTestKeyword" time="0"/>
  <testcase name="test0082_Method - 1.4" classname="org.eclipse.jdt.core.tests.compiler.parser.CompletionParserTest2" time="0"/>
  <testcase name="test0082_Method - 1.4" classname="org.eclipse.jdt.core.tests.compiler.parser.CompletionParserTestKeyword" time="0"/>
  <testcase name="test0083_Diet - 1.4" classname="org.eclipse.jdt.core.tests.compiler.parser.CompletionParserTest2" time="0"/>
  <testcase name="test0083_Method - 1.4" classname="org.eclipse.jdt.core.tests.compiler.parser.CompletionParserTest2" time="0"/>
  <testcase name="test0084_Diet - 1.4" classname="org.eclipse.jdt.core.tests.compiler.parser.CompletionParserTest2" time="0"/>
  <testcase name="test0084_Method - 1.4" classname="org.eclipse.jdt.core.tests.compiler.parser.CompletionParserTest2" time="0"/>
  <testcase name="test0085_Diet - 1.4" classname="org.eclipse.jdt.core.tests.compiler.parser.CompletionParserTest2" time="0"/>
  <testcase name="test0085_Method - 1.4" classname="org.eclipse.jdt.core.tests.compiler.parser.CompletionParserTest2" time="0"/>
  <testcase name="test0086_Diet - 1.4" classname="org.eclipse.jdt.core.tests.compiler.parser.CompletionParserTest2" time="0"/>
  <testcase name="test0086_Method - 1.4" classname="org.eclipse.jdt.core.tests.compiler.parser.CompletionParserTest2" time="0"/>
  <testcase name="test0087_Diet - 1.4" classname="org.eclipse.jdt.core.tests.compiler.parser.CompletionParserTest2" time="0.001"/>
  <testcase name="test0087_Method - 1.4" classname="org.eclipse.jdt.core.tests.compiler.parser.CompletionParserTest2" time="0"/>
  <testcase name="test0088_Diet - 1.4" classname="org.eclipse.jdt.core.tests.compiler.parser.CompletionParserTest2" time="0"/>
  <testcase name="test0088_Method - 1.4" classname="org.eclipse.jdt.core.tests.compiler.parser.CompletionParserTest2" time="0.001"/>
  <testcase name="test0089_Diet - 1.4" classname="org.eclipse.jdt.core.tests.compiler.parser.CompletionParserTest2" time="0"/>
  <testcase name="test0089_Method - 1.4" classname="org.eclipse.jdt.core.tests.compiler.parser.CompletionParserTest2" time="0"/>
  <testcase name="test0090_Diet - 1.4" classname="org.eclipse.jdt.core.tests.compiler.parser.CompletionParserTest2" time="0.001"/>
  <testcase name="test0090_Diet - 1.4" classname="org.eclipse.jdt.core.tests.compiler.parser.CompletionParserTestKeyword" time="0"/>
  <testcase name="test0090_Method - 1.4" classname="org.eclipse.jdt.core.tests.compiler.parser.CompletionParserTest2" time="0"/>
  <testcase name="test0090_Method - 1.4" classname="org.eclipse.jdt.core.tests.compiler.parser.CompletionParserTestKeyword" time="0"/>
  <testcase name="test0091 - 1.4" classname="org.eclipse.jdt.core.tests.compiler.parser.CompletionParserTest2" time="0"/>
  <testcase name="test0092_Diet - 1.4" classname="org.eclipse.jdt.core.tests.compiler.parser.CompletionParserTest2" time="0"/>
  <testcase name="test0092_Diet - 1.4" classname="org.eclipse.jdt.core.tests.compiler.parser.CompletionParserTestKeyword" time="0"/>
  <testcase name="test0092_Method - 1.4" classname="org.eclipse.jdt.core.tests.compiler.parser.CompletionParserTest2" time="0"/>
  <testcase name="test0092_Method - 1.4" classname="org.eclipse.jdt.core.tests.compiler.parser.CompletionParserTestKeyword" time="0"/>
  <testcase name="test0093_Diet - 1.4" classname="org.eclipse.jdt.core.tests.compiler.parser.CompletionParserTest2" time="0"/>
  <testcase name="test0093_Diet - 1.4" classname="org.eclipse.jdt.core.tests.compiler.parser.CompletionParserTestKeyword" time="0"/>
  <testcase name="test0093_Method - 1.4" classname="org.eclipse.jdt.core.tests.compiler.parser.CompletionParserTest2" time="0.001"/>
  <testcase name="test0093_Method - 1.4" classname="org.eclipse.jdt.core.tests.compiler.parser.CompletionParserTestKeyword" time="0"/>
  <testcase name="test0094 - 1.4" classname="org.eclipse.jdt.core.tests.compiler.parser.CompletionParserTest2" time="0"/>
  <testcase name="test0095_Diet - 1.4" classname="org.eclipse.jdt.core.tests.compiler.parser.CompletionParserTest2" time="0"/>
  <testcase name="test0095_Diet - 1.4" classname="org.eclipse.jdt.core.tests.compiler.parser.CompletionParserTestKeyword" time="0"/>
  <testcase name="test0095_Method - 1.4" classname="org.eclipse.jdt.core.tests.compiler.parser.CompletionParserTest2" time="0"/>
  <testcase name="test0095_Method - 1.4" classname="org.eclipse.jdt.core.tests.compiler.parser.CompletionParserTestKeyword" time="0"/>
  <testcase name="test0096_Diet - 1.4" classname="org.eclipse.jdt.core.tests.compiler.parser.CompletionParserTest2" time="0"/>
  <testcase name="test0096_Diet - 1.4" classname="org.eclipse.jdt.core.tests.compiler.parser.CompletionParserTestKeyword" time="0"/>
  <testcase name="test0096_Method - 1.4" classname="org.eclipse.jdt.core.tests.compiler.parser.CompletionParserTest2" time="0"/>
  <testcase name="test0096_Method - 1.4" classname="org.eclipse.jdt.core.tests.compiler.parser.CompletionParserTestKeyword" time="0"/>
  <testcase name="test0097_Diet - 1.4" classname="org.eclipse.jdt.core.tests.compiler.parser.CompletionParserTest2" time="0"/>
  <testcase name="test0097_Diet - 1.4" classname="org.eclipse.jdt.core.tests.compiler.parser.CompletionParserTestKeyword" time="0"/>
  <testcase name="test0097_Method - 1.4" classname="org.eclipse.jdt.core.tests.compiler.parser.CompletionParserTest2" time="0.001"/>
  <testcase name="test0097_Method - 1.4" classname="org.eclipse.jdt.core.tests.compiler.parser.CompletionParserTestKeyword" time="0"/>
  <testcase name="test0098_Diet - 1.4" classname="org.eclipse.jdt.core.tests.compiler.parser.CompletionParserTest2" time="0"/>
  <testcase name="test0098_Diet - 1.4" classname="org.eclipse.jdt.core.tests.compiler.parser.CompletionParserTestKeyword" time="0.001"/>
  <testcase name="test0098_Method - 1.4" classname="org.eclipse.jdt.core.tests.compiler.parser.CompletionParserTest2" time="0"/>
  <testcase name="test0098_Method - 1.4" classname="org.eclipse.jdt.core.tests.compiler.parser.CompletionParserTestKeyword" time="0"/>
  <testcase name="test0099_Diet - 1.4" classname="org.eclipse.jdt.core.tests.compiler.parser.CompletionParserTest2" time="0"/>
  <testcase name="test0099_Diet - 1.4" classname="org.eclipse.jdt.core.tests.compiler.parser.CompletionParserTestKeyword" time="0"/>
  <testcase name="test0099_Method - 1.4" classname="org.eclipse.jdt.core.tests.compiler.parser.CompletionParserTest2" time="0"/>
  <testcase name="test0099_Method - 1.4" classname="org.eclipse.jdt.core.tests.compiler.parser.CompletionParserTestKeyword" time="0"/>
  <testcase name="test0100_Diet - 1.4" classname="org.eclipse.jdt.core.tests.compiler.parser.CompletionParserTest2" time="0"/>
  <testcase name="test0100_Diet - 1.4" classname="org.eclipse.jdt.core.tests.compiler.parser.CompletionParserTestKeyword" time="0.001"/>
  <testcase name="test0100_Method - 1.4" classname="org.eclipse.jdt.core.tests.compiler.parser.CompletionParserTest2" time="0"/>
  <testcase name="test0100_Method - 1.4" classname="org.eclipse.jdt.core.tests.compiler.parser.CompletionParserTestKeyword" time="0"/>
  <testcase name="test0101_Diet - 1.4" classname="org.eclipse.jdt.core.tests.compiler.parser.CompletionParserTest2" time="0.001"/>
  <testcase name="test0101_Method - 1.4" classname="org.eclipse.jdt.core.tests.compiler.parser.CompletionParserTest2" time="0"/>
  <testcase name="test0102_Diet - 1.4" classname="org.eclipse.jdt.core.tests.compiler.parser.CompletionParserTest2" time="0"/>
  <testcase name="test0102_Method - 1.4" classname="org.eclipse.jdt.core.tests.compiler.parser.CompletionParserTest2" time="0"/>
  <testcase name="test0103_Diet - 1.4" classname="org.eclipse.jdt.core.tests.compiler.parser.CompletionParserTest2" time="0"/>
  <testcase name="test0103_Method - 1.4" classname="org.eclipse.jdt.core.tests.compiler.parser.CompletionParserTest2" time="0"/>
  <testcase name="test0104_Diet - 1.4" classname="org.eclipse.jdt.core.tests.compiler.parser.CompletionParserTest2" time="0"/>
  <testcase name="test0104_Method - 1.4" classname="org.eclipse.jdt.core.tests.compiler.parser.CompletionParserTest2" time="0.001"/>
  <testcase name="test0105_Diet - 1.4" classname="org.eclipse.jdt.core.tests.compiler.parser.CompletionParserTest2" time="0"/>
  <testcase name="test0105_Method - 1.4" classname="org.eclipse.jdt.core.tests.compiler.parser.CompletionParserTest2" time="0"/>
  <testcase name="test0106_Diet - 1.4" classname="org.eclipse.jdt.core.tests.compiler.parser.CompletionParserTest2" time="0.001"/>
  <testcase name="test0106_Method - 1.4" classname="org.eclipse.jdt.core.tests.compiler.parser.CompletionParserTest2" time="0"/>
  <testcase name="test0107_Diet - 1.4" classname="org.eclipse.jdt.core.tests.compiler.parser.CompletionParserTest2" time="0"/>
  <testcase name="test0107_Diet - 1.4" classname="org.eclipse.jdt.core.tests.compiler.parser.CompletionParserTestKeyword" time="0"/>
  <testcase name="test0107_Method - 1.4" classname="org.eclipse.jdt.core.tests.compiler.parser.CompletionParserTest2" time="0.001"/>
  <testcase name="test0107_Method - 1.4" classname="org.eclipse.jdt.core.tests.compiler.parser.CompletionParserTestKeyword" time="0"/>
  <testcase name="test0108_Diet - 1.4" classname="org.eclipse.jdt.core.tests.compiler.parser.CompletionParserTest2" time="0"/>
  <testcase name="test0108_Diet - 1.4" classname="org.eclipse.jdt.core.tests.compiler.parser.CompletionParserTestKeyword" time="0.001"/>
  <testcase name="test0108_Method - 1.4" classname="org.eclipse.jdt.core.tests.compiler.parser.CompletionParserTest2" time="0"/>
  <testcase name="test0108_Method - 1.4" classname="org.eclipse.jdt.core.tests.compiler.parser.CompletionParserTestKeyword" time="0"/>
  <testcase name="test0109_Diet - 1.4" classname="org.eclipse.jdt.core.tests.compiler.parser.CompletionParserTest2" time="0"/>
  <testcase name="test0109_Diet - 1.4" classname="org.eclipse.jdt.core.tests.compiler.parser.CompletionParserTestKeyword" time="0"/>
  <testcase name="test0109_Method - 1.4" classname="org.eclipse.jdt.core.tests.compiler.parser.CompletionParserTest2" time="0.001"/>
  <testcase name="test0109_Method - 1.4" classname="org.eclipse.jdt.core.tests.compiler.parser.CompletionParserTestKeyword" time="0"/>
  <testcase name="test0110_Diet - 1.4" classname="org.eclipse.jdt.core.tests.compiler.parser.CompletionParserTest2" time="0"/>
  <testcase name="test0110_Diet - 1.4" classname="org.eclipse.jdt.core.tests.compiler.parser.CompletionParserTestKeyword" time="0"/>
  <testcase name="test0110_Method - 1.4" classname="org.eclipse.jdt.core.tests.compiler.parser.CompletionParserTest2" time="0"/>
  <testcase name="test0110_Method - 1.4" classname="org.eclipse.jdt.core.tests.compiler.parser.CompletionParserTestKeyword" time="0"/>
  <testcase name="test0111_Diet - 1.4" classname="org.eclipse.jdt.core.tests.compiler.parser.CompletionParserTest2" time="0.001"/>
  <testcase name="test0111_Method - 1.4" classname="org.eclipse.jdt.core.tests.compiler.parser.CompletionParserTest2" time="0"/>
  <testcase name="test0112_Diet - 1.4" classname="org.eclipse.jdt.core.tests.compiler.parser.CompletionParserTest2" time="0"/>
  <testcase name="test0112_Method - 1.4" classname="org.eclipse.jdt.core.tests.compiler.parser.CompletionParserTest2" time="0"/>
  <testcase name="test0113_Diet - 1.4" classname="org.eclipse.jdt.core.tests.compiler.parser.CompletionParserTest2" time="0"/>
  <testcase name="test0113_Method - 1.4" classname="org.eclipse.jdt.core.tests.compiler.parser.CompletionParserTest2" time="0"/>
  <testcase name="test0114_Diet - 1.4" classname="org.eclipse.jdt.core.tests.compiler.parser.CompletionParserTest2" time="0"/>
  <testcase name="test0114_Method - 1.4" classname="org.eclipse.jdt.core.tests.compiler.parser.CompletionParserTest2" time="0.001"/>
  <testcase name="test0115_Diet - 1.4" classname="org.eclipse.jdt.core.tests.compiler.parser.CompletionParserTest2" time="0"/>
  <testcase name="test0115_Method - 1.4" classname="org.eclipse.jdt.core.tests.compiler.parser.CompletionParserTest2" time="0"/>
  <testcase name="test0116_Diet - 1.4" classname="org.eclipse.jdt.core.tests.compiler.parser.CompletionParserTest2" time="0"/>
  <testcase name="test0116_Method - 1.4" classname="org.eclipse.jdt.core.tests.compiler.parser.CompletionParserTest2" time="0"/>
  <testcase name="test0117_Diet - 1.4" classname="org.eclipse.jdt.core.tests.compiler.parser.CompletionParserTest2" time="0"/>
  <testcase name="test0117_Method - 1.4" classname="org.eclipse.jdt.core.tests.compiler.parser.CompletionParserTest2" time="0"/>
  <testcase name="test0118_Diet - 1.4" classname="org.eclipse.jdt.core.tests.compiler.parser.CompletionParserTest2" time="0"/>
  <testcase name="test0118_Method - 1.4" classname="org.eclipse.jdt.core.tests.compiler.parser.CompletionParserTest2" time="0"/>
  <testcase name="test0119_Diet - 1.4" classname="org.eclipse.jdt.core.tests.compiler.parser.CompletionParserTest2" time="0"/>
  <testcase name="test0119_Method - 1.4" classname="org.eclipse.jdt.core.tests.compiler.parser.CompletionParserTest2" time="0.001"/>
  <testcase name="test0120_Diet - 1.4" classname="org.eclipse.jdt.core.tests.compiler.parser.CompletionParserTest2" time="0"/>
  <testcase name="test0120_Method - 1.4" classname="org.eclipse.jdt.core.tests.compiler.parser.CompletionParserTest2" time="0"/>
  <testcase name="test0121_Diet - 1.4" classname="org.eclipse.jdt.core.tests.compiler.parser.CompletionParserTest2" time="0.001"/>
  <testcase name="test0121_Method - 1.4" classname="org.eclipse.jdt.core.tests.compiler.parser.CompletionParserTest2" time="0"/>
  <testcase name="test0122_Diet - 1.4" classname="org.eclipse.jdt.core.tests.compiler.parser.CompletionParserTest2" time="0"/>
  <testcase name="test0122_Method - 1.4" classname="org.eclipse.jdt.core.tests.compiler.parser.CompletionParserTest2" time="0"/>
  <testcase name="test0123_Diet - 1.4" classname="org.eclipse.jdt.core.tests.compiler.parser.CompletionParserTest2" time="0.001"/>
  <testcase name="test0123_Method - 1.4" classname="org.eclipse.jdt.core.tests.compiler.parser.CompletionParserTest2" time="0"/>
  <testcase name="test0124_Diet - 1.4" classname="org.eclipse.jdt.core.tests.compiler.parser.CompletionParserTest2" time="0"/>
  <testcase name="test0124_Method - 1.4" classname="org.eclipse.jdt.core.tests.compiler.parser.CompletionParserTest2" time="0"/>
  <testcase name="test0125_Diet - 1.4" classname="org.eclipse.jdt.core.tests.compiler.parser.CompletionParserTest2" time="0.001"/>
  <testcase name="test0125_Method - 1.4" classname="org.eclipse.jdt.core.tests.compiler.parser.CompletionParserTest2" time="0"/>
  <testcase name="test0126_Diet - 1.4" classname="org.eclipse.jdt.core.tests.compiler.parser.CompletionParserTest2" time="0"/>
  <testcase name="test0126_Method - 1.4" classname="org.eclipse.jdt.core.tests.compiler.parser.CompletionParserTest2" time="0"/>
  <testcase name="test0127 - 1.4" classname="org.eclipse.jdt.core.tests.compiler.parser.CompletionParserTest2" time="0"/>
  <testcase name="test0127 - 1.4" classname="org.eclipse.jdt.core.tests.compiler.parser.CompletionParserTestKeyword" time="0"/>
  <testcase name="test0128_Diet - 1.4" classname="org.eclipse.jdt.core.tests.compiler.parser.CompletionParserTest2" time="0"/>
  <testcase name="test0128_Method - 1.4" classname="org.eclipse.jdt.core.tests.compiler.parser.CompletionParserTest2" time="0"/>
  <testcase name="test0129_Diet - 1.4" classname="org.eclipse.jdt.core.tests.compiler.parser.CompletionParserTest2" time="0"/>
  <testcase name="test0129_Method - 1.4" classname="org.eclipse.jdt.core.tests.compiler.parser.CompletionParserTest2" time="0"/>
  <testcase name="test0130_Diet - 1.4" classname="org.eclipse.jdt.core.tests.compiler.parser.CompletionParserTest2" time="0"/>
  <testcase name="test0130_Method - 1.4" classname="org.eclipse.jdt.core.tests.compiler.parser.CompletionParserTest2" time="0"/>
  <testcase name="test0131_Diet - 1.4" classname="org.eclipse.jdt.core.tests.compiler.parser.CompletionParserTest2" time="0"/>
  <testcase name="test0131_Method - 1.4" classname="org.eclipse.jdt.core.tests.compiler.parser.CompletionParserTest2" time="0"/>
  <testcase name="test0132_Diet - 1.4" classname="org.eclipse.jdt.core.tests.compiler.parser.CompletionParserTest2" time="0.001"/>
  <testcase name="test0132_Method - 1.4" classname="org.eclipse.jdt.core.tests.compiler.parser.CompletionParserTest2" time="0"/>
  <testcase name="test0133_Diet - 1.4" classname="org.eclipse.jdt.core.tests.compiler.parser.CompletionParserTest2" time="0"/>
  <testcase name="test0133_Method - 1.4" classname="org.eclipse.jdt.core.tests.compiler.parser.CompletionParserTest2" time="0.001"/>
  <testcase name="test0134 - 1.4" classname="org.eclipse.jdt.core.tests.compiler.parser.CompletionParserTest2" time="0"/>
  <testcase name="test0134 - 1.4" classname="org.eclipse.jdt.core.tests.compiler.parser.CompletionParserTestKeyword" time="0.001"/>
  <testcase name="test0135_Diet - 1.4" classname="org.eclipse.jdt.core.tests.compiler.parser.CompletionParserTest2" time="0"/>
  <testcase name="test0135_Method - 1.4" classname="org.eclipse.jdt.core.tests.compiler.parser.CompletionParserTest2" time="0"/>
  <testcase name="test0136 - 1.4" classname="org.eclipse.jdt.core.tests.compiler.parser.CompletionParserTest2" time="0"/>
  <testcase name="test0136 - 1.4" classname="org.eclipse.jdt.core.tests.compiler.parser.CompletionParserTestKeyword" time="0"/>
  <testcase name="test0137_Diet - 1.4" classname="org.eclipse.jdt.core.tests.compiler.parser.CompletionParserTest2" time="0"/>
  <testcase name="test0137_Method - 1.4" classname="org.eclipse.jdt.core.tests.compiler.parser.CompletionParserTest2" time="0.001"/>
  <testcase name="test0138_Diet - 1.4" classname="org.eclipse.jdt.core.tests.compiler.parser.CompletionParserTest2" time="0"/>
  <testcase name="test0138_Method - 1.4" classname="org.eclipse.jdt.core.tests.compiler.parser.CompletionParserTest2" time="0"/>
  <testcase name="test0139 - 1.4" classname="org.eclipse.jdt.core.tests.compiler.parser.CompletionParserTest2" time="0.001"/>
  <testcase name="test0139 - 1.4" classname="org.eclipse.jdt.core.tests.compiler.parser.CompletionParserTestKeyword" time="0"/>
  <testcase name="test0140 - 1.4" classname="org.eclipse.jdt.core.tests.compiler.parser.CompletionParserTest2" time="0"/>
  <testcase name="test0140 - 1.4" classname="org.eclipse.jdt.core.tests.compiler.parser.CompletionParserTestKeyword" time="0"/>
  <testcase name="test0141 - 1.4" classname="org.eclipse.jdt.core.tests.compiler.parser.CompletionParserTest2" time="0"/>
  <testcase name="test0141 - 1.4" classname="org.eclipse.jdt.core.tests.compiler.parser.CompletionParserTestKeyword" time="0"/>
  <testcase name="test0142_Diet - 1.4" classname="org.eclipse.jdt.core.tests.compiler.parser.CompletionParserTest2" time="0"/>
  <testcase name="test0142_Method - 1.4" classname="org.eclipse.jdt.core.tests.compiler.parser.CompletionParserTest2" time="0"/>
  <testcase name="test0143_Diet - 1.4" classname="org.eclipse.jdt.core.tests.compiler.parser.CompletionParserTest2" time="0"/>
  <testcase name="test0143_Method - 1.4" classname="org.eclipse.jdt.core.tests.compiler.parser.CompletionParserTest2" time="0"/>
  <testcase name="test0144_Diet - 1.4" classname="org.eclipse.jdt.core.tests.compiler.parser.CompletionParserTest2" time="0"/>
  <testcase name="test0144_Method - 1.4" classname="org.eclipse.jdt.core.tests.compiler.parser.CompletionParserTest2" time="0"/>
  <testcase name="test0145_Diet - 1.4" classname="org.eclipse.jdt.core.tests.compiler.parser.CompletionParserTest2" time="0.001"/>
  <testcase name="test0145_Method - 1.4" classname="org.eclipse.jdt.core.tests.compiler.parser.CompletionParserTest2" time="0"/>
  <testcase name="test0146_Diet - 1.4" classname="org.eclipse.jdt.core.tests.compiler.parser.CompletionParserTest2" time="0"/>
  <testcase name="test0146_Method - 1.4" classname="org.eclipse.jdt.core.tests.compiler.parser.CompletionParserTest2" time="0"/>
  <testcase name="test0147 - 1.4" classname="org.eclipse.jdt.core.tests.compiler.parser.CompletionParserTest2" time="0"/>
  <testcase name="test0148 - 1.4" classname="org.eclipse.jdt.core.tests.compiler.parser.CompletionParserTest2" time="0"/>
  <testcase name="test0149_Diet - 1.4" classname="org.eclipse.jdt.core.tests.compiler.parser.CompletionParserTest2" time="0.001"/>
  <testcase name="test0149_Method - 1.4" classname="org.eclipse.jdt.core.tests.compiler.parser.CompletionParserTest2" time="0"/>
  <testcase name="test0150_Diet - 1.4" classname="org.eclipse.jdt.core.tests.compiler.parser.CompletionParserTest2" time="0.001"/>
  <testcase name="test0150_Method - 1.4" classname="org.eclipse.jdt.core.tests.compiler.parser.CompletionParserTest2" time="0"/>
  <testcase name="test0151_Diet - 1.4" classname="org.eclipse.jdt.core.tests.compiler.parser.CompletionParserTest2" time="0"/>
  <testcase name="test0151_Method - 1.4" classname="org.eclipse.jdt.core.tests.compiler.parser.CompletionParserTest2" time="0.001"/>
  <testcase name="test0152 - 1.4" classname="org.eclipse.jdt.core.tests.compiler.parser.CompletionParserTest2" time="0"/>
  <testcase name="test0152 - 1.4" classname="org.eclipse.jdt.core.tests.compiler.parser.CompletionParserTestKeyword" time="0"/>
  <testcase name="test0153_Diet - 1.4" classname="org.eclipse.jdt.core.tests.compiler.parser.CompletionParserTest2" time="0"/>
  <testcase name="test0153_Method - 1.4" classname="org.eclipse.jdt.core.tests.compiler.parser.CompletionParserTest2" time="0"/>
  <testcase name="test0154_Diet - 1.4" classname="org.eclipse.jdt.core.tests.compiler.parser.CompletionParserTest2" time="0"/>
  <testcase name="test0154_Method - 1.4" classname="org.eclipse.jdt.core.tests.compiler.parser.CompletionParserTest2" time="0"/>
  <testcase name="test0155_Diet - 1.4" classname="org.eclipse.jdt.core.tests.compiler.parser.CompletionParserTest2" time="0"/>
  <testcase name="test0155_Method - 1.4" classname="org.eclipse.jdt.core.tests.compiler.parser.CompletionParserTest2" time="0.001"/>
  <testcase name="test0156_Diet - 1.4" classname="org.eclipse.jdt.core.tests.compiler.parser.CompletionParserTest2" time="0"/>
  <testcase name="test0156_Method - 1.4" classname="org.eclipse.jdt.core.tests.compiler.parser.CompletionParserTest2" time="0"/>
  <testcase name="test0157_Diet - 1.4" classname="org.eclipse.jdt.core.tests.compiler.parser.CompletionParserTest2" time="0"/>
  <testcase name="test0157_Method - 1.4" classname="org.eclipse.jdt.core.tests.compiler.parser.CompletionParserTest2" time="0"/>
  <testcase name="test0158_Diet - 1.4" classname="org.eclipse.jdt.core.tests.compiler.parser.CompletionParserTest2" time="0"/>
  <testcase name="test0158_Method - 1.4" classname="org.eclipse.jdt.core.tests.compiler.parser.CompletionParserTest2" time="0"/>
  <testcase name="test0159 - 1.4" classname="org.eclipse.jdt.core.tests.compiler.parser.CompletionParserTest2" time="0"/>
  <testcase name="test0159 - 1.4" classname="org.eclipse.jdt.core.tests.compiler.parser.CompletionParserTestKeyword" time="0"/>
  <testcase name="test0160 - 1.4" classname="org.eclipse.jdt.core.tests.compiler.parser.CompletionParserTest2" time="0.001"/>
  <testcase name="test0160 - 1.4" classname="org.eclipse.jdt.core.tests.compiler.parser.CompletionParserTestKeyword" time="0"/>
  <testcase name="test0161 - 1.4" classname="org.eclipse.jdt.core.tests.compiler.parser.CompletionParserTest2" time="0"/>
  <testcase name="test0161 - 1.4" classname="org.eclipse.jdt.core.tests.compiler.parser.CompletionParserTestKeyword" time="0"/>
  <testcase name="test0162 - 1.4" classname="org.eclipse.jdt.core.tests.compiler.parser.CompletionParserTest2" time="0"/>
  <testcase name="test0162 - 1.4" classname="org.eclipse.jdt.core.tests.compiler.parser.CompletionParserTestKeyword" time="0.001"/>
  <testcase name="test0163 - 1.4" classname="org.eclipse.jdt.core.tests.compiler.parser.CompletionParserTest2" time="0.001"/>
  <testcase name="test0163 - 1.4" classname="org.eclipse.jdt.core.tests.compiler.parser.CompletionParserTestKeyword" time="0"/>
  <testcase name="test0164 - 1.4" classname="org.eclipse.jdt.core.tests.compiler.parser.CompletionParserTest2" time="0"/>
  <testcase name="test0164 - 1.4" classname="org.eclipse.jdt.core.tests.compiler.parser.CompletionParserTestKeyword" time="0"/>
  <testcase name="test0165_Diet - 1.4" classname="org.eclipse.jdt.core.tests.compiler.parser.CompletionParserTest2" time="0"/>
  <testcase name="test0165_Method - 1.4" classname="org.eclipse.jdt.core.tests.compiler.parser.CompletionParserTest2" time="0"/>
  <testcase name="test0166_Diet - 1.4" classname="org.eclipse.jdt.core.tests.compiler.parser.CompletionParserTest2" time="0"/>
  <testcase name="test0166_Method - 1.4" classname="org.eclipse.jdt.core.tests.compiler.parser.CompletionParserTest2" time="0"/>
  <testcase name="test0167_Diet - 1.4" classname="org.eclipse.jdt.core.tests.compiler.parser.CompletionParserTest2" time="0.001"/>
  <testcase name="test0167_Method - 1.4" classname="org.eclipse.jdt.core.tests.compiler.parser.CompletionParserTest2" time="0"/>
  <testcase name="test0168_Diet - 1.4" classname="org.eclipse.jdt.core.tests.compiler.parser.CompletionParserTest2" time="0"/>
  <testcase name="test0168_Method - 1.4" classname="org.eclipse.jdt.core.tests.compiler.parser.CompletionParserTest2" time="0.001"/>
  <testcase name="test0169_Diet - 1.4" classname="org.eclipse.jdt.core.tests.compiler.parser.CompletionParserTest2" time="0"/>
  <testcase name="test0169_Method - 1.4" classname="org.eclipse.jdt.core.tests.compiler.parser.CompletionParserTest2" time="0"/>
  <testcase name="test0170_Diet - 1.4" classname="org.eclipse.jdt.core.tests.compiler.parser.CompletionParserTest2" time="0.001"/>
  <testcase name="test0170_Method - 1.4" classname="org.eclipse.jdt.core.tests.compiler.parser.CompletionParserTest2" time="0"/>
  <testcase name="test0171_Diet - 1.4" classname="org.eclipse.jdt.core.tests.compiler.parser.CompletionParserTest2" time="0"/>
  <testcase name="test0171_Method - 1.4" classname="org.eclipse.jdt.core.tests.compiler.parser.CompletionParserTest2" time="0"/>
  <testcase name="test0172 - 1.4" classname="org.eclipse.jdt.core.tests.compiler.parser.CompletionParserTest2" time="0"/>
  <testcase name="test0172 - 1.4" classname="org.eclipse.jdt.core.tests.compiler.parser.CompletionParserTestKeyword" time="0"/>
  <testcase name="test0173_Diet - 1.4" classname="org.eclipse.jdt.core.tests.compiler.parser.CompletionParserTest2" time="0"/>
  <testcase name="test0173_Method - 1.4" classname="org.eclipse.jdt.core.tests.compiler.parser.CompletionParserTest2" time="0"/>
  <testcase name="test0174_Diet - 1.4" classname="org.eclipse.jdt.core.tests.compiler.parser.CompletionParserTest2" time="0"/>
  <testcase name="test0175_Diet - 1.4" classname="org.eclipse.jdt.core.tests.compiler.parser.CompletionParserTest2" time="0"/>
  <testcase name="test0176_Diet - 1.4" classname="org.eclipse.jdt.core.tests.compiler.parser.CompletionParserTest2" time="0.001"/>
  <testcase name="test0177_Diet - 1.4" classname="org.eclipse.jdt.core.tests.compiler.parser.CompletionParserTest2" time="0"/>
  <testcase name="test0178_Method - 1.4" classname="org.eclipse.jdt.core.tests.compiler.parser.CompletionParserTest2" time="0"/>
  <testcase name="test0002 - 1.4" classname="org.eclipse.jdt.core.tests.compiler.parser.CompletionParserTestKeyword" time="0"/>
  <testcase name="test0002 - 1.4" classname="org.eclipse.jdt.core.tests.compiler.parser.StatementRecoveryTest" time="0.001"/>
  <testcase name="test0002 - 1.4" classname="org.eclipse.jdt.core.tests.compiler.parser.ComplianceDiagnoseTest" time="0.001"/>
  <testcase name="test0003 - 1.4" classname="org.eclipse.jdt.core.tests.compiler.parser.CompletionParserTestKeyword" time="0"/>
  <testcase name="test0003 - 1.4" classname="org.eclipse.jdt.core.tests.compiler.parser.StatementRecoveryTest" time="0.002"/>
  <testcase name="test0003 - 1.4" classname="org.eclipse.jdt.core.tests.compiler.parser.ComplianceDiagnoseTest" time="0"/>
  <testcase name="test0005 - 1.4" classname="org.eclipse.jdt.core.tests.compiler.parser.CompletionParserTestKeyword" time="0.001"/>
  <testcase name="test0005 - 1.4" classname="org.eclipse.jdt.core.tests.compiler.parser.StatementRecoveryTest" time="0.001"/>
  <testcase name="test0005 - 1.4" classname="org.eclipse.jdt.core.tests.compiler.parser.ComplianceDiagnoseTest" time="0.001"/>
  <testcase name="test0006 - 1.4" classname="org.eclipse.jdt.core.tests.compiler.parser.CompletionParserTestKeyword" time="0"/>
  <testcase name="test0006 - 1.4" classname="org.eclipse.jdt.core.tests.compiler.parser.StatementRecoveryTest" time="0.001"/>
  <testcase name="test0006 - 1.4" classname="org.eclipse.jdt.core.tests.compiler.parser.ComplianceDiagnoseTest" time="0.001"/>
  <testcase name="test0008 - 1.4" classname="org.eclipse.jdt.core.tests.compiler.parser.CompletionParserTestKeyword" time="0"/>
  <testcase name="test0008 - 1.4" classname="org.eclipse.jdt.core.tests.compiler.parser.StatementRecoveryTest" time="0.002"/>
  <testcase name="test0008 - 1.4" classname="org.eclipse.jdt.core.tests.compiler.parser.ComplianceDiagnoseTest" time="0.001"/>
  <testcase name="test0009 - 1.4" classname="org.eclipse.jdt.core.tests.compiler.parser.CompletionParserTestKeyword" time="0.001"/>
  <testcase name="test0009 - 1.4" classname="org.eclipse.jdt.core.tests.compiler.parser.StatementRecoveryTest" time="0.001"/>
  <testcase name="test0009 - 1.4" classname="org.eclipse.jdt.core.tests.compiler.parser.ComplianceDiagnoseTest" time="0"/>
  <testcase name="test0011 - 1.4" classname="org.eclipse.jdt.core.tests.compiler.parser.CompletionParserTestKeyword" time="0"/>
  <testcase name="test0011 - 1.4" classname="org.eclipse.jdt.core.tests.compiler.parser.StatementRecoveryTest" time="0.001"/>
  <testcase name="test0011 - 1.4" classname="org.eclipse.jdt.core.tests.compiler.parser.ComplianceDiagnoseTest" time="0.001"/>
  <testcase name="test0012 - 1.4" classname="org.eclipse.jdt.core.tests.compiler.parser.CompletionParserTestKeyword" time="0"/>
  <testcase name="test0012 - 1.4" classname="org.eclipse.jdt.core.tests.compiler.parser.StatementRecoveryTest" time="0.001"/>
  <testcase name="test0012 - 1.4" classname="org.eclipse.jdt.core.tests.compiler.parser.ComplianceDiagnoseTest" time="0.248"/>
  <testcase name="test0014 - 1.4" classname="org.eclipse.jdt.core.tests.compiler.parser.CompletionParserTestKeyword" time="0"/>
  <testcase name="test0014 - 1.4" classname="org.eclipse.jdt.core.tests.compiler.parser.StatementRecoveryTest" time="0.001"/>
  <testcase name="test0014 - 1.4" classname="org.eclipse.jdt.core.tests.compiler.parser.ComplianceDiagnoseTest" time="0.001"/>
  <testcase name="test0015 - 1.4" classname="org.eclipse.jdt.core.tests.compiler.parser.CompletionParserTestKeyword" time="0"/>
  <testcase name="test0015 - 1.4" classname="org.eclipse.jdt.core.tests.compiler.parser.StatementRecoveryTest" time="0.001"/>
  <testcase name="test0015 - 1.4" classname="org.eclipse.jdt.core.tests.compiler.parser.ComplianceDiagnoseTest" time="0.001"/>
  <testcase name="test0017 - 1.4" classname="org.eclipse.jdt.core.tests.compiler.parser.CompletionParserTestKeyword" time="0"/>
  <testcase name="test0017 - 1.4" classname="org.eclipse.jdt.core.tests.compiler.parser.StatementRecoveryTest" time="0.001"/>
  <testcase name="test0017 - 1.4" classname="org.eclipse.jdt.core.tests.compiler.parser.ComplianceDiagnoseTest" time="0.001"/>
  <testcase name="test0018 - 1.4" classname="org.eclipse.jdt.core.tests.compiler.parser.CompletionParserTestKeyword" time="0"/>
  <testcase name="test0018 - 1.4" classname="org.eclipse.jdt.core.tests.compiler.parser.StatementRecoveryTest" time="0.002"/>
  <testcase name="test0018 - 1.4" classname="org.eclipse.jdt.core.tests.compiler.parser.ComplianceDiagnoseTest" time="0.001"/>
  <testcase name="test0020 - 1.4" classname="org.eclipse.jdt.core.tests.compiler.parser.CompletionParserTestKeyword" time="0.001"/>
  <testcase name="test0020 - 1.4" classname="org.eclipse.jdt.core.tests.compiler.parser.StatementRecoveryTest" time="0.002"/>
  <testcase name="test0020 - 1.4" classname="org.eclipse.jdt.core.tests.compiler.parser.ComplianceDiagnoseTest" time="0"/>
  <testcase name="test0022_Diet - 1.4" classname="org.eclipse.jdt.core.tests.compiler.parser.CompletionParserTestKeyword" time="0"/>
  <testcase name="test0022_Method - 1.4" classname="org.eclipse.jdt.core.tests.compiler.parser.CompletionParserTestKeyword" time="0"/>
  <testcase name="test0025_Diet - 1.4" classname="org.eclipse.jdt.core.tests.compiler.parser.CompletionParserTestKeyword" time="0"/>
  <testcase name="test0025_Method - 1.4" classname="org.eclipse.jdt.core.tests.compiler.parser.CompletionParserTestKeyword" time="0.001"/>
  <testcase name="test0028_Diet - 1.4" classname="org.eclipse.jdt.core.tests.compiler.parser.CompletionParserTestKeyword" time="0"/>
  <testcase name="test0028_Method - 1.4" classname="org.eclipse.jdt.core.tests.compiler.parser.CompletionParserTestKeyword" time="0.001"/>
  <testcase name="test0029 - 1.4" classname="org.eclipse.jdt.core.tests.compiler.parser.CompletionParserTestKeyword" time="0"/>
  <testcase name="test0029 - 1.4" classname="org.eclipse.jdt.core.tests.compiler.parser.StatementRecoveryTest" time="0.001"/>
  <testcase name="test0029 - 1.4" classname="org.eclipse.jdt.core.tests.compiler.parser.ComplianceDiagnoseTest" time="0.001"/>
  <testcase name="test0030 - 1.4" classname="org.eclipse.jdt.core.tests.compiler.parser.CompletionParserTestKeyword" time="0"/>
  <testcase name="test0030 - 1.4" classname="org.eclipse.jdt.core.tests.compiler.parser.StatementRecoveryTest" time="0.002"/>
  <testcase name="test0031 - 1.4" classname="org.eclipse.jdt.core.tests.compiler.parser.CompletionParserTestKeyword" time="0"/>
  <testcase name="test0031 - 1.4" classname="org.eclipse.jdt.core.tests.compiler.parser.StatementRecoveryTest" time="0.002"/>
  <testcase name="test0031 - 1.4" classname="org.eclipse.jdt.core.tests.compiler.parser.ComplianceDiagnoseTest" time="0.001"/>
  <testcase name="test0032 - 1.4" classname="org.eclipse.jdt.core.tests.compiler.parser.CompletionParserTestKeyword" time="0.001"/>
  <testcase name="test0032 - 1.4" classname="org.eclipse.jdt.core.tests.compiler.parser.StatementRecoveryTest" time="0.002"/>
  <testcase name="test0033 - 1.4" classname="org.eclipse.jdt.core.tests.compiler.parser.CompletionParserTestKeyword" time="0"/>
  <testcase name="test0033 - 1.4" classname="org.eclipse.jdt.core.tests.compiler.parser.StatementRecoveryTest" time="0.001"/>
  <testcase name="test0033 - 1.4" classname="org.eclipse.jdt.core.tests.compiler.parser.ComplianceDiagnoseTest" time="0.001"/>
  <testcase name="test0034 - 1.4" classname="org.eclipse.jdt.core.tests.compiler.parser.CompletionParserTestKeyword" time="0"/>
  <testcase name="test0034 - 1.4" classname="org.eclipse.jdt.core.tests.compiler.parser.StatementRecoveryTest" time="0.001"/>
  <testcase name="test0034 - 1.4" classname="org.eclipse.jdt.core.tests.compiler.parser.ComplianceDiagnoseTest" time="0.001"/>
  <testcase name="test0035 - 1.4" classname="org.eclipse.jdt.core.tests.compiler.parser.CompletionParserTestKeyword" time="0"/>
  <testcase name="test0035 - 1.4" classname="org.eclipse.jdt.core.tests.compiler.parser.StatementRecoveryTest" time="0.001"/>
  <testcase name="test0035 - 1.4" classname="org.eclipse.jdt.core.tests.compiler.parser.ComplianceDiagnoseTest" time="0"/>
  <testcase name="test0036 - 1.4" classname="org.eclipse.jdt.core.tests.compiler.parser.CompletionParserTestKeyword" time="0"/>
  <testcase name="test0036 - 1.4" classname="org.eclipse.jdt.core.tests.compiler.parser.StatementRecoveryTest" time="0.001"/>
  <testcase name="test0036 - 1.4" classname="org.eclipse.jdt.core.tests.compiler.parser.ComplianceDiagnoseTest" time="0"/>
  <testcase name="test0037_Diet - 1.4" classname="org.eclipse.jdt.core.tests.compiler.parser.CompletionParserTestKeyword" time="0"/>
  <testcase name="test0037_Method - 1.4" classname="org.eclipse.jdt.core.tests.compiler.parser.CompletionParserTestKeyword" time="0"/>
  <testcase name="test0040_Diet - 1.4" classname="org.eclipse.jdt.core.tests.compiler.parser.CompletionParserTestKeyword" time="0.001"/>
  <testcase name="test0040_Method - 1.4" classname="org.eclipse.jdt.core.tests.compiler.parser.CompletionParserTestKeyword" time="0"/>
  <testcase name="test0043_Diet - 1.4" classname="org.eclipse.jdt.core.tests.compiler.parser.CompletionParserTestKeyword" time="0"/>
  <testcase name="test0043_Method - 1.4" classname="org.eclipse.jdt.core.tests.compiler.parser.CompletionParserTestKeyword" time="0.001"/>
  <testcase name="test0046_Diet - 1.4" classname="org.eclipse.jdt.core.tests.compiler.parser.CompletionParserTestKeyword" time="0"/>
  <testcase name="test0046_Method - 1.4" classname="org.eclipse.jdt.core.tests.compiler.parser.CompletionParserTestKeyword" time="0"/>
  <testcase name="test0047 - 1.4" classname="org.eclipse.jdt.core.tests.compiler.parser.CompletionParserTestKeyword" time="0.001"/>
  <testcase name="test0047 - 1.4" classname="org.eclipse.jdt.core.tests.compiler.parser.StatementRecoveryTest" time="0.001"/>
  <testcase name="test0047 - 1.4" classname="org.eclipse.jdt.core.tests.compiler.parser.ComplianceDiagnoseTest" time="0.001"/>
  <testcase name="test0048 - 1.4" classname="org.eclipse.jdt.core.tests.compiler.parser.CompletionParserTestKeyword" time="0"/>
  <testcase name="test0048 - 1.4" classname="org.eclipse.jdt.core.tests.compiler.parser.ComplianceDiagnoseTest" time="0"/>
  <testcase name="test0050 - 1.4" classname="org.eclipse.jdt.core.tests.compiler.parser.CompletionParserTestKeyword" time="0"/>
  <testcase name="test0050 - 1.4" classname="org.eclipse.jdt.core.tests.compiler.parser.ComplianceDiagnoseTest" time="0.001"/>
  <testcase name="test0051 - 1.4" classname="org.eclipse.jdt.core.tests.compiler.parser.CompletionParserTestKeyword" time="0"/>
  <testcase name="test0051 - 1.4" classname="org.eclipse.jdt.core.tests.compiler.parser.ComplianceDiagnoseTest" time="0.001"/>
  <testcase name="test0053 - 1.4" classname="org.eclipse.jdt.core.tests.compiler.parser.CompletionParserTestKeyword" time="0"/>
  <testcase name="test0053 - 1.4" classname="org.eclipse.jdt.core.tests.compiler.parser.ComplianceDiagnoseTest" time="0.003"/>
  <testcase name="test0054 - 1.4" classname="org.eclipse.jdt.core.tests.compiler.parser.CompletionParserTestKeyword" time="0"/>
  <testcase name="test0054 - 1.4" classname="org.eclipse.jdt.core.tests.compiler.parser.ComplianceDiagnoseTest" time="0.001"/>
  <testcase name="test0055_Diet - 1.4" classname="org.eclipse.jdt.core.tests.compiler.parser.CompletionParserTestKeyword" time="0.001"/>
  <testcase name="test0055_Method - 1.4" classname="org.eclipse.jdt.core.tests.compiler.parser.CompletionParserTestKeyword" time="0"/>
  <testcase name="test0058_Diet - 1.4" classname="org.eclipse.jdt.core.tests.compiler.parser.CompletionParserTestKeyword" time="0"/>
  <testcase name="test0058_Method - 1.4" classname="org.eclipse.jdt.core.tests.compiler.parser.CompletionParserTestKeyword" time="0"/>
  <testcase name="test0060 - 1.4" classname="org.eclipse.jdt.core.tests.compiler.parser.CompletionParserTestKeyword" time="0"/>
  <testcase name="test0060 - 1.4" classname="org.eclipse.jdt.core.tests.compiler.parser.ComplianceDiagnoseTest" time="0"/>
  <testcase name="test0062 - 1.4" classname="org.eclipse.jdt.core.tests.compiler.parser.CompletionParserTestKeyword" time="0"/>
  <testcase name="test0062 - 1.4" classname="org.eclipse.jdt.core.tests.compiler.parser.ComplianceDiagnoseTest" time="0.001"/>
  <testcase name="test0063 - 1.4" classname="org.eclipse.jdt.core.tests.compiler.parser.CompletionParserTestKeyword" time="0"/>
  <testcase name="test0063 - 1.4" classname="org.eclipse.jdt.core.tests.compiler.parser.ComplianceDiagnoseTest" time="0"/>
  <testcase name="test0065 - 1.4" classname="org.eclipse.jdt.core.tests.compiler.parser.CompletionParserTestKeyword" time="0"/>
  <testcase name="test0066 - 1.4" classname="org.eclipse.jdt.core.tests.compiler.parser.CompletionParserTestKeyword" time="0"/>
  <testcase name="test0067 - 1.4" classname="org.eclipse.jdt.core.tests.compiler.parser.CompletionParserTestKeyword" time="0"/>
  <testcase name="test0068 - 1.4" classname="org.eclipse.jdt.core.tests.compiler.parser.CompletionParserTestKeyword" time="0"/>
  <testcase name="test0069 - 1.4" classname="org.eclipse.jdt.core.tests.compiler.parser.CompletionParserTestKeyword" time="0"/>
  <testcase name="test0070 - 1.4" classname="org.eclipse.jdt.core.tests.compiler.parser.CompletionParserTestKeyword" time="0"/>
  <testcase name="test0071 - 1.4" classname="org.eclipse.jdt.core.tests.compiler.parser.CompletionParserTestKeyword" time="0"/>
  <testcase name="test0072 - 1.4" classname="org.eclipse.jdt.core.tests.compiler.parser.CompletionParserTestKeyword" time="0"/>
  <testcase name="test0074 - 1.4" classname="org.eclipse.jdt.core.tests.compiler.parser.CompletionParserTestKeyword" time="0"/>
  <testcase name="test0075 - 1.4" classname="org.eclipse.jdt.core.tests.compiler.parser.CompletionParserTestKeyword" time="0"/>
  <testcase name="test0077 - 1.4" classname="org.eclipse.jdt.core.tests.compiler.parser.CompletionParserTestKeyword" time="0"/>
  <testcase name="test0078 - 1.4" classname="org.eclipse.jdt.core.tests.compiler.parser.CompletionParserTestKeyword" time="0"/>
  <testcase name="test0079 - 1.4" classname="org.eclipse.jdt.core.tests.compiler.parser.CompletionParserTestKeyword" time="0"/>
  <testcase name="test0083 - 1.4" classname="org.eclipse.jdt.core.tests.compiler.parser.CompletionParserTestKeyword" time="0"/>
  <testcase name="test0084 - 1.4" classname="org.eclipse.jdt.core.tests.compiler.parser.CompletionParserTestKeyword" time="0.001"/>
  <testcase name="test0085 - 1.4" classname="org.eclipse.jdt.core.tests.compiler.parser.CompletionParserTestKeyword" time="0"/>
  <testcase name="test0086 - 1.4" classname="org.eclipse.jdt.core.tests.compiler.parser.CompletionParserTestKeyword" time="0"/>
  <testcase name="test0087 - 1.4" classname="org.eclipse.jdt.core.tests.compiler.parser.CompletionParserTestKeyword" time="0"/>
  <testcase name="test0088 - 1.4" classname="org.eclipse.jdt.core.tests.compiler.parser.CompletionParserTestKeyword" time="0.001"/>
  <testcase name="test0089 - 1.4" classname="org.eclipse.jdt.core.tests.compiler.parser.CompletionParserTestKeyword" time="0"/>
  <testcase name="test0091_Diet - 1.4" classname="org.eclipse.jdt.core.tests.compiler.parser.CompletionParserTestKeyword" time="0.001"/>
  <testcase name="test0091_Method - 1.4" classname="org.eclipse.jdt.core.tests.compiler.parser.CompletionParserTestKeyword" time="0"/>
  <testcase name="test0094_Diet - 1.4" classname="org.eclipse.jdt.core.tests.compiler.parser.CompletionParserTestKeyword" time="0"/>
  <testcase name="test0094_Method - 1.4" classname="org.eclipse.jdt.core.tests.compiler.parser.CompletionParserTestKeyword" time="0.001"/>
  <testcase name="test0101 - 1.4" classname="org.eclipse.jdt.core.tests.compiler.parser.CompletionParserTestKeyword" time="0"/>
  <testcase name="test0102 - 1.4" classname="org.eclipse.jdt.core.tests.compiler.parser.CompletionParserTestKeyword" time="0.001"/>
  <testcase name="test0103 - 1.4" classname="org.eclipse.jdt.core.tests.compiler.parser.CompletionParserTestKeyword" time="0"/>
  <testcase name="test0104 - 1.4" classname="org.eclipse.jdt.core.tests.compiler.parser.CompletionParserTestKeyword" time="0"/>
  <testcase name="test0105 - 1.4" classname="org.eclipse.jdt.core.tests.compiler.parser.CompletionParserTestKeyword" time="0"/>
  <testcase name="test0106 - 1.4" classname="org.eclipse.jdt.core.tests.compiler.parser.CompletionParserTestKeyword" time="0"/>
  <testcase name="test0111 - 1.4" classname="org.eclipse.jdt.core.tests.compiler.parser.CompletionParserTestKeyword" time="0"/>
  <testcase name="test0112 - 1.4" classname="org.eclipse.jdt.core.tests.compiler.parser.CompletionParserTestKeyword" time="0.001"/>
  <testcase name="test0113 - 1.4" classname="org.eclipse.jdt.core.tests.compiler.parser.CompletionParserTestKeyword" time="0"/>
  <testcase name="test0114 - 1.4" classname="org.eclipse.jdt.core.tests.compiler.parser.CompletionParserTestKeyword" time="0"/>
  <testcase name="test0115 - 1.4" classname="org.eclipse.jdt.core.tests.compiler.parser.CompletionParserTestKeyword" time="0"/>
  <testcase name="test0116 - 1.4" classname="org.eclipse.jdt.core.tests.compiler.parser.CompletionParserTestKeyword" time="0"/>
  <testcase name="test0117 - 1.4" classname="org.eclipse.jdt.core.tests.compiler.parser.CompletionParserTestKeyword" time="0"/>
  <testcase name="test0118 - 1.4" classname="org.eclipse.jdt.core.tests.compiler.parser.CompletionParserTestKeyword" time="0"/>
  <testcase name="test0119 - 1.4" classname="org.eclipse.jdt.core.tests.compiler.parser.CompletionParserTestKeyword" time="0.001"/>
  <testcase name="test0120 - 1.4" classname="org.eclipse.jdt.core.tests.compiler.parser.CompletionParserTestKeyword" time="0"/>
  <testcase name="test0121 - 1.4" classname="org.eclipse.jdt.core.tests.compiler.parser.CompletionParserTestKeyword" time="0"/>
  <testcase name="test0122 - 1.4" classname="org.eclipse.jdt.core.tests.compiler.parser.CompletionParserTestKeyword" time="0"/>
  <testcase name="test0123 - 1.4" classname="org.eclipse.jdt.core.tests.compiler.parser.CompletionParserTestKeyword" time="0"/>
  <testcase name="test0124 - 1.4" classname="org.eclipse.jdt.core.tests.compiler.parser.CompletionParserTestKeyword" time="0"/>
  <testcase name="test0125 - 1.4" classname="org.eclipse.jdt.core.tests.compiler.parser.CompletionParserTestKeyword" time="0"/>
  <testcase name="test0126 - 1.4" classname="org.eclipse.jdt.core.tests.compiler.parser.CompletionParserTestKeyword" time="0"/>
  <testcase name="test0128 - 1.4" classname="org.eclipse.jdt.core.tests.compiler.parser.CompletionParserTestKeyword" time="0"/>
  <testcase name="test0129 - 1.4" classname="org.eclipse.jdt.core.tests.compiler.parser.CompletionParserTestKeyword" time="0"/>
  <testcase name="test0130 - 1.4" classname="org.eclipse.jdt.core.tests.compiler.parser.CompletionParserTestKeyword" time="0.001"/>
  <testcase name="test0131 - 1.4" classname="org.eclipse.jdt.core.tests.compiler.parser.CompletionParserTestKeyword" time="0"/>
  <testcase name="test0132 - 1.4" classname="org.eclipse.jdt.core.tests.compiler.parser.CompletionParserTestKeyword" time="0"/>
  <testcase name="test0133 - 1.4" classname="org.eclipse.jdt.core.tests.compiler.parser.CompletionParserTestKeyword" time="0"/>
  <testcase name="test0135 - 1.4" classname="org.eclipse.jdt.core.tests.compiler.parser.CompletionParserTestKeyword" time="0"/>
  <testcase name="test0137 - 1.4" classname="org.eclipse.jdt.core.tests.compiler.parser.CompletionParserTestKeyword" time="0"/>
  <testcase name="test0138 - 1.4" classname="org.eclipse.jdt.core.tests.compiler.parser.CompletionParserTestKeyword" time="0.001"/>
  <testcase name="test0142 - 1.4" classname="org.eclipse.jdt.core.tests.compiler.parser.CompletionParserTestKeyword" time="0"/>
  <testcase name="test0143 - 1.4" classname="org.eclipse.jdt.core.tests.compiler.parser.CompletionParserTestKeyword" time="0"/>
  <testcase name="test0144 - 1.4" classname="org.eclipse.jdt.core.tests.compiler.parser.CompletionParserTestKeyword" time="0"/>
  <testcase name="test0145 - 1.4" classname="org.eclipse.jdt.core.tests.compiler.parser.CompletionParserTestKeyword" time="0"/>
  <testcase name="test0146 - 1.4" classname="org.eclipse.jdt.core.tests.compiler.parser.CompletionParserTestKeyword" time="0"/>
  <testcase name="test0147_Diet - 1.4" classname="org.eclipse.jdt.core.tests.compiler.parser.CompletionParserTestKeyword" time="0"/>
  <testcase name="test0147_Method - 1.4" classname="org.eclipse.jdt.core.tests.compiler.parser.CompletionParserTestKeyword" time="0"/>
  <testcase name="test0148_Diet - 1.4" classname="org.eclipse.jdt.core.tests.compiler.parser.CompletionParserTestKeyword" time="0.001"/>
  <testcase name="test0148_Method - 1.4" classname="org.eclipse.jdt.core.tests.compiler.parser.CompletionParserTestKeyword" time="0"/>
  <testcase name="test0149 - 1.4" classname="org.eclipse.jdt.core.tests.compiler.parser.CompletionParserTestKeyword" time="0"/>
  <testcase name="test0150 - 1.4" classname="org.eclipse.jdt.core.tests.compiler.parser.CompletionParserTestKeyword" time="0"/>
  <testcase name="test0151 - 1.4" classname="org.eclipse.jdt.core.tests.compiler.parser.CompletionParserTestKeyword" time="0"/>
  <testcase name="test0153 - 1.4" classname="org.eclipse.jdt.core.tests.compiler.parser.CompletionParserTestKeyword" time="0"/>
  <testcase name="test0154 - 1.4" classname="org.eclipse.jdt.core.tests.compiler.parser.CompletionParserTestKeyword" time="0"/>
  <testcase name="test0155 - 1.4" classname="org.eclipse.jdt.core.tests.compiler.parser.CompletionParserTestKeyword" time="0"/>
  <testcase name="test0156 - 1.4" classname="org.eclipse.jdt.core.tests.compiler.parser.CompletionParserTestKeyword" time="0"/>
  <testcase name="test0157 - 1.4" classname="org.eclipse.jdt.core.tests.compiler.parser.CompletionParserTestKeyword" time="0"/>
  <testcase name="test0158 - 1.4" classname="org.eclipse.jdt.core.tests.compiler.parser.CompletionParserTestKeyword" time="0.001"/>
  <testcase name="test0165 - 1.4" classname="org.eclipse.jdt.core.tests.compiler.parser.CompletionParserTestKeyword" time="0"/>
  <testcase name="test0166 - 1.4" classname="org.eclipse.jdt.core.tests.compiler.parser.CompletionParserTestKeyword" time="0"/>
  <testcase name="test0167 - 1.4" classname="org.eclipse.jdt.core.tests.compiler.parser.CompletionParserTestKeyword" time="0"/>
  <testcase name="test0168 - 1.4" classname="org.eclipse.jdt.core.tests.compiler.parser.CompletionParserTestKeyword" time="0"/>
  <testcase name="test0169 - 1.4" classname="org.eclipse.jdt.core.tests.compiler.parser.CompletionParserTestKeyword" time="0"/>
  <testcase name="test0170 - 1.4" classname="org.eclipse.jdt.core.tests.compiler.parser.CompletionParserTestKeyword" time="0"/>
  <testcase name="test0171 - 1.4" classname="org.eclipse.jdt.core.tests.compiler.parser.CompletionParserTestKeyword" time="0"/>
  <testcase name="test0173 - 1.4" classname="org.eclipse.jdt.core.tests.compiler.parser.CompletionParserTestKeyword" time="0"/>
  <testcase name="test0174 - 1.4" classname="org.eclipse.jdt.core.tests.compiler.parser.CompletionParserTestKeyword" time="0"/>
  <testcase name="test0175 - 1.4" classname="org.eclipse.jdt.core.tests.compiler.parser.CompletionParserTestKeyword" time="0"/>
  <testcase name="test0176 - 1.4" classname="org.eclipse.jdt.core.tests.compiler.parser.CompletionParserTestKeyword" time="0"/>
  <testcase name="test0177 - 1.4" classname="org.eclipse.jdt.core.tests.compiler.parser.CompletionParserTestKeyword" time="0"/>
  <testcase name="test0178 - 1.4" classname="org.eclipse.jdt.core.tests.compiler.parser.CompletionParserTestKeyword" time="0"/>
  <testcase name="test0179 - 1.4" classname="org.eclipse.jdt.core.tests.compiler.parser.CompletionParserTestKeyword" time="0"/>
  <testcase name="test0180 - 1.4" classname="org.eclipse.jdt.core.tests.compiler.parser.CompletionParserTestKeyword" time="0"/>
  <testcase name="test0181_Diet - 1.4" classname="org.eclipse.jdt.core.tests.compiler.parser.CompletionParserTestKeyword" time="0"/>
  <testcase name="test0181_Method - 1.4" classname="org.eclipse.jdt.core.tests.compiler.parser.CompletionParserTestKeyword" time="0.001"/>
  <testcase name="test0182_Diet - 1.4" classname="org.eclipse.jdt.core.tests.compiler.parser.CompletionParserTestKeyword" time="0"/>
  <testcase name="test0182_Method - 1.4" classname="org.eclipse.jdt.core.tests.compiler.parser.CompletionParserTestKeyword" time="0"/>
  <testcase name="test0183_Diet - 1.4" classname="org.eclipse.jdt.core.tests.compiler.parser.CompletionParserTestKeyword" time="0"/>
  <testcase name="test0183_Method - 1.4" classname="org.eclipse.jdt.core.tests.compiler.parser.CompletionParserTestKeyword" time="0"/>
  <testcase name="test0184_Diet - 1.4" classname="org.eclipse.jdt.core.tests.compiler.parser.CompletionParserTestKeyword" time="0"/>
  <testcase name="test0184_Method - 1.4" classname="org.eclipse.jdt.core.tests.compiler.parser.CompletionParserTestKeyword" time="0"/>
  <testcase name="test0185_Diet - 1.4" classname="org.eclipse.jdt.core.tests.compiler.parser.CompletionParserTestKeyword" time="0.001"/>
  <testcase name="test0185_Method - 1.4" classname="org.eclipse.jdt.core.tests.compiler.parser.CompletionParserTestKeyword" time="0"/>
  <testcase name="test0186_Diet - 1.4" classname="org.eclipse.jdt.core.tests.compiler.parser.CompletionParserTestKeyword" time="0"/>
  <testcase name="test0186_Method - 1.4" classname="org.eclipse.jdt.core.tests.compiler.parser.CompletionParserTestKeyword" time="0"/>
  <testcase name="test0187_Diet - 1.4" classname="org.eclipse.jdt.core.tests.compiler.parser.CompletionParserTestKeyword" time="0"/>
  <testcase name="test0187_Method - 1.4" classname="org.eclipse.jdt.core.tests.compiler.parser.CompletionParserTestKeyword" time="0"/>
  <testcase name="test0188_Diet - 1.4" classname="org.eclipse.jdt.core.tests.compiler.parser.CompletionParserTestKeyword" time="0"/>
  <testcase name="test0188_Method - 1.4" classname="org.eclipse.jdt.core.tests.compiler.parser.CompletionParserTestKeyword" time="0.001"/>
  <testcase name="test0189_Diet - 1.4" classname="org.eclipse.jdt.core.tests.compiler.parser.CompletionParserTestKeyword" time="0"/>
  <testcase name="test0189_Method - 1.4" classname="org.eclipse.jdt.core.tests.compiler.parser.CompletionParserTestKeyword" time="0"/>
  <testcase name="test0190_Diet - 1.4" classname="org.eclipse.jdt.core.tests.compiler.parser.CompletionParserTestKeyword" time="0.001"/>
  <testcase name="test0190_Method - 1.4" classname="org.eclipse.jdt.core.tests.compiler.parser.CompletionParserTestKeyword" time="0"/>
  <testcase name="test0191_Diet - 1.4" classname="org.eclipse.jdt.core.tests.compiler.parser.CompletionParserTestKeyword" time="0"/>
  <testcase name="test0191_Method - 1.4" classname="org.eclipse.jdt.core.tests.compiler.parser.CompletionParserTestKeyword" time="0"/>
  <testcase name="test0192_Diet - 1.4" classname="org.eclipse.jdt.core.tests.compiler.parser.CompletionParserTestKeyword" time="0"/>
  <testcase name="test0192_Method - 1.4" classname="org.eclipse.jdt.core.tests.compiler.parser.CompletionParserTestKeyword" time="0"/>
  <testcase name="test0193_Diet - 1.4" classname="org.eclipse.jdt.core.tests.compiler.parser.CompletionParserTestKeyword" time="0"/>
  <testcase name="test0193_Method - 1.4" classname="org.eclipse.jdt.core.tests.compiler.parser.CompletionParserTestKeyword" time="0"/>
  <testcase name="test0194 - 1.4" classname="org.eclipse.jdt.core.tests.compiler.parser.CompletionParserTestKeyword" time="0"/>
  <testcase name="test0195 - 1.4" classname="org.eclipse.jdt.core.tests.compiler.parser.CompletionParserTestKeyword" time="0"/>
  <testcase name="test0196 - 1.4" classname="org.eclipse.jdt.core.tests.compiler.parser.CompletionParserTestKeyword" time="0"/>
  <testcase name="test0197 - 1.4" classname="org.eclipse.jdt.core.tests.compiler.parser.CompletionParserTestKeyword" time="0"/>
  <testcase name="test0198 - 1.4" classname="org.eclipse.jdt.core.tests.compiler.parser.CompletionParserTestKeyword" time="0"/>
  <testcase name="test0199 - 1.4" classname="org.eclipse.jdt.core.tests.compiler.parser.CompletionParserTestKeyword" time="0"/>
  <testcase name="test0200 - 1.4" classname="org.eclipse.jdt.core.tests.compiler.parser.CompletionParserTestKeyword" time="0.001"/>
  <testcase name="test0201 - 1.4" classname="org.eclipse.jdt.core.tests.compiler.parser.CompletionParserTestKeyword" time="0"/>
  <testcase name="test0202 - 1.4" classname="org.eclipse.jdt.core.tests.compiler.parser.CompletionParserTestKeyword" time="0"/>
  <testcase name="test0203 - 1.4" classname="org.eclipse.jdt.core.tests.compiler.parser.CompletionParserTestKeyword" time="0"/>
  <testcase name="test0204 - 1.4" classname="org.eclipse.jdt.core.tests.compiler.parser.CompletionParserTestKeyword" time="0"/>
  <testcase name="test0205 - 1.4" classname="org.eclipse.jdt.core.tests.compiler.parser.CompletionParserTestKeyword" time="0"/>
  <testcase name="test0206 - 1.4" classname="org.eclipse.jdt.core.tests.compiler.parser.CompletionParserTestKeyword" time="0"/>
  <testcase name="test0207 - 1.4" classname="org.eclipse.jdt.core.tests.compiler.parser.CompletionParserTestKeyword" time="0"/>
  <testcase name="test0208 - 1.4" classname="org.eclipse.jdt.core.tests.compiler.parser.CompletionParserTestKeyword" time="0"/>
  <testcase name="test0209 - 1.4" classname="org.eclipse.jdt.core.tests.compiler.parser.CompletionParserTestKeyword" time="0"/>
  <testcase name="test0210 - 1.4" classname="org.eclipse.jdt.core.tests.compiler.parser.CompletionParserTestKeyword" time="0"/>
  <testcase name="test0211 - 1.4" classname="org.eclipse.jdt.core.tests.compiler.parser.CompletionParserTestKeyword" time="0.001"/>
  <testcase name="test0212 - 1.4" classname="org.eclipse.jdt.core.tests.compiler.parser.CompletionParserTestKeyword" time="0"/>
  <testcase name="test0213 - 1.4" classname="org.eclipse.jdt.core.tests.compiler.parser.CompletionParserTestKeyword" time="0"/>
  <testcase name="test0214_Diet - 1.4" classname="org.eclipse.jdt.core.tests.compiler.parser.CompletionParserTestKeyword" time="0"/>
  <testcase name="test0214_Method - 1.4" classname="org.eclipse.jdt.core.tests.compiler.parser.CompletionParserTestKeyword" time="0"/>
  <testcase name="test0216_Diet - 1.4" classname="org.eclipse.jdt.core.tests.compiler.parser.CompletionParserTestKeyword" time="0"/>
  <testcase name="test0216_Method - 1.4" classname="org.eclipse.jdt.core.tests.compiler.parser.CompletionParserTestKeyword" time="0"/>
  <testcase name="test0217_Diet - 1.4" classname="org.eclipse.jdt.core.tests.compiler.parser.CompletionParserTestKeyword" time="0"/>
  <testcase name="test0217_Method - 1.4" classname="org.eclipse.jdt.core.tests.compiler.parser.CompletionParserTestKeyword" time="0"/>
  <testcase name="test0218_Diet - 1.4" classname="org.eclipse.jdt.core.tests.compiler.parser.CompletionParserTestKeyword" time="0.001"/>
  <testcase name="test0218_Method - 1.4" classname="org.eclipse.jdt.core.tests.compiler.parser.CompletionParserTestKeyword" time="0"/>
  <testcase name="test0219_Diet - 1.4" classname="org.eclipse.jdt.core.tests.compiler.parser.CompletionParserTestKeyword" time="0.002"/>
  <testcase name="test0219_Method - 1.4" classname="org.eclipse.jdt.core.tests.compiler.parser.CompletionParserTestKeyword" time="0"/>
  <testcase name="test0220_Diet - 1.4" classname="org.eclipse.jdt.core.tests.compiler.parser.CompletionParserTestKeyword" time="0.001"/>
  <testcase name="test0220_Method - 1.4" classname="org.eclipse.jdt.core.tests.compiler.parser.CompletionParserTestKeyword" time="0"/>
  <testcase name="test0221_Diet - 1.4" classname="org.eclipse.jdt.core.tests.compiler.parser.CompletionParserTestKeyword" time="0"/>
  <testcase name="test0221_Method - 1.4" classname="org.eclipse.jdt.core.tests.compiler.parser.CompletionParserTestKeyword" time="0"/>
  <testcase name="test0222_Diet - 1.4" classname="org.eclipse.jdt.core.tests.compiler.parser.CompletionParserTestKeyword" time="0"/>
  <testcase name="test0222_Method - 1.4" classname="org.eclipse.jdt.core.tests.compiler.parser.CompletionParserTestKeyword" time="0"/>
  <testcase name="test0223 - 1.4" classname="org.eclipse.jdt.core.tests.compiler.parser.CompletionParserTestKeyword" time="0"/>
  <testcase name="test0224 - 1.4" classname="org.eclipse.jdt.core.tests.compiler.parser.CompletionParserTestKeyword" time="0"/>
  <testcase name="test0225 - 1.4" classname="org.eclipse.jdt.core.tests.compiler.parser.CompletionParserTestKeyword" time="0"/>
  <testcase name="test0226 - 1.4" classname="org.eclipse.jdt.core.tests.compiler.parser.CompletionParserTestKeyword" time="0"/>
  <testcase name="test0227 - 1.4" classname="org.eclipse.jdt.core.tests.compiler.parser.CompletionParserTestKeyword" time="0.001"/>
  <testcase name="test0228 - 1.4" classname="org.eclipse.jdt.core.tests.compiler.parser.CompletionParserTestKeyword" time="0"/>
  <testcase name="test0229 - 1.4" classname="org.eclipse.jdt.core.tests.compiler.parser.CompletionParserTestKeyword" time="0"/>
  <testcase name="test0230 - 1.4" classname="org.eclipse.jdt.core.tests.compiler.parser.CompletionParserTestKeyword" time="0"/>
  <testcase name="test0231_Diet - 1.4" classname="org.eclipse.jdt.core.tests.compiler.parser.CompletionParserTestKeyword" time="0"/>
  <testcase name="test0231_Method - 1.4" classname="org.eclipse.jdt.core.tests.compiler.parser.CompletionParserTestKeyword" time="0"/>
  <testcase name="test0232_Diet - 1.4" classname="org.eclipse.jdt.core.tests.compiler.parser.CompletionParserTestKeyword" time="0"/>
  <testcase name="test0232_Method - 1.4" classname="org.eclipse.jdt.core.tests.compiler.parser.CompletionParserTestKeyword" time="0.001"/>
  <testcase name="test0233_Diet - 1.4" classname="org.eclipse.jdt.core.tests.compiler.parser.CompletionParserTestKeyword" time="0"/>
  <testcase name="test0233_Method - 1.4" classname="org.eclipse.jdt.core.tests.compiler.parser.CompletionParserTestKeyword" time="0"/>
  <testcase name="test0234_Diet - 1.4" classname="org.eclipse.jdt.core.tests.compiler.parser.CompletionParserTestKeyword" time="0.001"/>
  <testcase name="test0234_Method - 1.4" classname="org.eclipse.jdt.core.tests.compiler.parser.CompletionParserTestKeyword" time="0"/>
  <testcase name="test0235_Diet - 1.4" classname="org.eclipse.jdt.core.tests.compiler.parser.CompletionParserTestKeyword" time="0"/>
  <testcase name="test0235_Method - 1.4" classname="org.eclipse.jdt.core.tests.compiler.parser.CompletionParserTestKeyword" time="0.001"/>
  <testcase name="test0236_Diet - 1.4" classname="org.eclipse.jdt.core.tests.compiler.parser.CompletionParserTestKeyword" time="0"/>
  <testcase name="test0236_Method - 1.4" classname="org.eclipse.jdt.core.tests.compiler.parser.CompletionParserTestKeyword" time="0"/>
  <testcase name="test0237_Diet - 1.4" classname="org.eclipse.jdt.core.tests.compiler.parser.CompletionParserTestKeyword" time="0.001"/>
  <testcase name="test0237_Method - 1.4" classname="org.eclipse.jdt.core.tests.compiler.parser.CompletionParserTestKeyword" time="0"/>
  <testcase name="test0238_Diet - 1.4" classname="org.eclipse.jdt.core.tests.compiler.parser.CompletionParserTestKeyword" time="0"/>
  <testcase name="test0238_Method - 1.4" classname="org.eclipse.jdt.core.tests.compiler.parser.CompletionParserTestKeyword" time="0.001"/>
  <testcase name="test0239_Diet - 1.4" classname="org.eclipse.jdt.core.tests.compiler.parser.CompletionParserTestKeyword" time="0"/>
  <testcase name="test0239_Method - 1.4" classname="org.eclipse.jdt.core.tests.compiler.parser.CompletionParserTestKeyword" time="0"/>
  <testcase name="test0240_Diet - 1.4" classname="org.eclipse.jdt.core.tests.compiler.parser.CompletionParserTestKeyword" time="0.001"/>
  <testcase name="test0240_Method - 1.4" classname="org.eclipse.jdt.core.tests.compiler.parser.CompletionParserTestKeyword" time="0"/>
  <testcase name="test0241 - 1.4" classname="org.eclipse.jdt.core.tests.compiler.parser.CompletionParserTestKeyword" time="0"/>
  <testcase name="test0242 - 1.4" classname="org.eclipse.jdt.core.tests.compiler.parser.CompletionParserTestKeyword" time="0"/>
  <testcase name="test0243 - 1.4" classname="org.eclipse.jdt.core.tests.compiler.parser.CompletionParserTestKeyword" time="0"/>
  <testcase name="test0244 - 1.4" classname="org.eclipse.jdt.core.tests.compiler.parser.CompletionParserTestKeyword" time="0"/>
  <testcase name="test0245 - 1.4" classname="org.eclipse.jdt.core.tests.compiler.parser.CompletionParserTestKeyword" time="0"/>
  <testcase name="test0246 - 1.4" classname="org.eclipse.jdt.core.tests.compiler.parser.CompletionParserTestKeyword" time="0.001"/>
  <testcase name="test0247 - 1.4" classname="org.eclipse.jdt.core.tests.compiler.parser.CompletionParserTestKeyword" time="0.001"/>
  <testcase name="test0248 - 1.4" classname="org.eclipse.jdt.core.tests.compiler.parser.CompletionParserTestKeyword" time="0"/>
  <testcase name="test0249_Diet - 1.4" classname="org.eclipse.jdt.core.tests.compiler.parser.CompletionParserTestKeyword" time="0"/>
  <testcase name="test0249_Method - 1.4" classname="org.eclipse.jdt.core.tests.compiler.parser.CompletionParserTestKeyword" time="0.001"/>
  <testcase name="test0250_Diet - 1.4" classname="org.eclipse.jdt.core.tests.compiler.parser.CompletionParserTestKeyword" time="0"/>
  <testcase name="test0250_Method - 1.4" classname="org.eclipse.jdt.core.tests.compiler.parser.CompletionParserTestKeyword" time="0"/>
  <testcase name="test0251_Diet - 1.4" classname="org.eclipse.jdt.core.tests.compiler.parser.CompletionParserTestKeyword" time="0.001"/>
  <testcase name="test0251_Method - 1.4" classname="org.eclipse.jdt.core.tests.compiler.parser.CompletionParserTestKeyword" time="0"/>
  <testcase name="test0252_Diet - 1.4" classname="org.eclipse.jdt.core.tests.compiler.parser.CompletionParserTestKeyword" time="0"/>
  <testcase name="test0252_Method - 1.4" classname="org.eclipse.jdt.core.tests.compiler.parser.CompletionParserTestKeyword" time="0"/>
  <testcase name="test0253_Diet - 1.4" classname="org.eclipse.jdt.core.tests.compiler.parser.CompletionParserTestKeyword" time="0"/>
  <testcase name="test0253_Method - 1.4" classname="org.eclipse.jdt.core.tests.compiler.parser.CompletionParserTestKeyword" time="0"/>
  <testcase name="test0254 - 1.4" classname="org.eclipse.jdt.core.tests.compiler.parser.CompletionParserTestKeyword" time="0"/>
  <testcase name="test0255 - 1.4" classname="org.eclipse.jdt.core.tests.compiler.parser.CompletionParserTestKeyword" time="0.001"/>
  <testcase name="test0256 - 1.4" classname="org.eclipse.jdt.core.tests.compiler.parser.CompletionParserTestKeyword" time="0"/>
  <testcase name="test0257 - 1.4" classname="org.eclipse.jdt.core.tests.compiler.parser.CompletionParserTestKeyword" time="0"/>
  <testcase name="test0258 - 1.4" classname="org.eclipse.jdt.core.tests.compiler.parser.CompletionParserTestKeyword" time="0"/>
  <testcase name="test0259 - 1.4" classname="org.eclipse.jdt.core.tests.compiler.parser.CompletionParserTestKeyword" time="0.001"/>
  <testcase name="test0260 - 1.4" classname="org.eclipse.jdt.core.tests.compiler.parser.CompletionParserTestKeyword" time="0"/>
  <testcase name="test0261 - 1.4" classname="org.eclipse.jdt.core.tests.compiler.parser.CompletionParserTestKeyword" time="0"/>
  <testcase name="test0262 - 1.4" classname="org.eclipse.jdt.core.tests.compiler.parser.CompletionParserTestKeyword" time="0"/>
  <testcase name="test0263 - 1.4" classname="org.eclipse.jdt.core.tests.compiler.parser.CompletionParserTestKeyword" time="0"/>
  <testcase name="test0264 - 1.4" classname="org.eclipse.jdt.core.tests.compiler.parser.CompletionParserTestKeyword" time="0"/>
  <testcase name="test0265 - 1.4" classname="org.eclipse.jdt.core.tests.compiler.parser.CompletionParserTestKeyword" time="0"/>
  <testcase name="test0266 - 1.4" classname="org.eclipse.jdt.core.tests.compiler.parser.CompletionParserTestKeyword" time="0.001"/>
  <testcase name="test0267 - 1.4" classname="org.eclipse.jdt.core.tests.compiler.parser.CompletionParserTestKeyword" time="0"/>
  <testcase name="test0268 - 1.4" classname="org.eclipse.jdt.core.tests.compiler.parser.CompletionParserTestKeyword" time="0"/>
  <testcase name="test0269 - 1.4" classname="org.eclipse.jdt.core.tests.compiler.parser.CompletionParserTestKeyword" time="0"/>
  <testcase name="test0270 - 1.4" classname="org.eclipse.jdt.core.tests.compiler.parser.CompletionParserTestKeyword" time="0.001"/>
  <testcase name="test0271 - 1.4" classname="org.eclipse.jdt.core.tests.compiler.parser.CompletionParserTestKeyword" time="0"/>
  <testcase name="test0272 - 1.4" classname="org.eclipse.jdt.core.tests.compiler.parser.CompletionParserTestKeyword" time="0"/>
  <testcase name="test0273 - 1.4" classname="org.eclipse.jdt.core.tests.compiler.parser.CompletionParserTestKeyword" time="0"/>
  <testcase name="test0274_Diet - 1.4" classname="org.eclipse.jdt.core.tests.compiler.parser.CompletionParserTestKeyword" time="0"/>
  <testcase name="test0274_Method - 1.4" classname="org.eclipse.jdt.core.tests.compiler.parser.CompletionParserTestKeyword" time="0"/>
  <testcase name="test0275_Diet - 1.4" classname="org.eclipse.jdt.core.tests.compiler.parser.CompletionParserTestKeyword" time="0"/>
  <testcase name="test0275_Method - 1.4" classname="org.eclipse.jdt.core.tests.compiler.parser.CompletionParserTestKeyword" time="0"/>
  <testcase name="test0276_Diet - 1.4" classname="org.eclipse.jdt.core.tests.compiler.parser.CompletionParserTestKeyword" time="0"/>
  <testcase name="test0276_Method - 1.4" classname="org.eclipse.jdt.core.tests.compiler.parser.CompletionParserTestKeyword" time="0"/>
  <testcase name="test0277 - 1.4" classname="org.eclipse.jdt.core.tests.compiler.parser.CompletionParserTestKeyword" time="0"/>
  <testcase name="test0278 - 1.4" classname="org.eclipse.jdt.core.tests.compiler.parser.CompletionParserTestKeyword" time="0"/>
  <testcase name="test0279 - 1.4" classname="org.eclipse.jdt.core.tests.compiler.parser.CompletionParserTestKeyword" time="0"/>
  <testcase name="test0280 - 1.4" classname="org.eclipse.jdt.core.tests.compiler.parser.CompletionParserTestKeyword" time="0"/>
  <testcase name="test0281 - 1.4" classname="org.eclipse.jdt.core.tests.compiler.parser.CompletionParserTestKeyword" time="0.001"/>
  <testcase name="test0282 - 1.4" classname="org.eclipse.jdt.core.tests.compiler.parser.CompletionParserTestKeyword" time="0"/>
  <testcase name="test0283 - 1.4" classname="org.eclipse.jdt.core.tests.compiler.parser.CompletionParserTestKeyword" time="0"/>
  <testcase name="test0284_Diet - 1.4" classname="org.eclipse.jdt.core.tests.compiler.parser.CompletionParserTestKeyword" time="0"/>
  <testcase name="test0284_Method - 1.4" classname="org.eclipse.jdt.core.tests.compiler.parser.CompletionParserTestKeyword" time="0"/>
  <testcase name="test0285_Diet - 1.4" classname="org.eclipse.jdt.core.tests.compiler.parser.CompletionParserTestKeyword" time="0"/>
  <testcase name="test0285_Method - 1.4" classname="org.eclipse.jdt.core.tests.compiler.parser.CompletionParserTestKeyword" time="0"/>
  <testcase name="test0286_Diet - 1.4" classname="org.eclipse.jdt.core.tests.compiler.parser.CompletionParserTestKeyword" time="0.001"/>
  <testcase name="test0286_Method - 1.4" classname="org.eclipse.jdt.core.tests.compiler.parser.CompletionParserTestKeyword" time="0"/>
  <testcase name="test0287_Diet - 1.4" classname="org.eclipse.jdt.core.tests.compiler.parser.CompletionParserTestKeyword" time="0"/>
  <testcase name="test0287_Method - 1.4" classname="org.eclipse.jdt.core.tests.compiler.parser.CompletionParserTestKeyword" time="0"/>
  <testcase name="test0288_Diet - 1.4" classname="org.eclipse.jdt.core.tests.compiler.parser.CompletionParserTestKeyword" time="0"/>
  <testcase name="test0288_Method - 1.4" classname="org.eclipse.jdt.core.tests.compiler.parser.CompletionParserTestKeyword" time="0"/>
  <testcase name="test0289_Diet - 1.4" classname="org.eclipse.jdt.core.tests.compiler.parser.CompletionParserTestKeyword" time="0"/>
  <testcase name="test0289_Method - 1.4" classname="org.eclipse.jdt.core.tests.compiler.parser.CompletionParserTestKeyword" time="0.001"/>
  <testcase name="test0290_Diet - 1.4" classname="org.eclipse.jdt.core.tests.compiler.parser.CompletionParserTestKeyword" time="0"/>
  <testcase name="test0290_Method - 1.4" classname="org.eclipse.jdt.core.tests.compiler.parser.CompletionParserTestKeyword" time="0"/>
  <testcase name="test0291_Diet - 1.4" classname="org.eclipse.jdt.core.tests.compiler.parser.CompletionParserTestKeyword" time="0"/>
  <testcase name="test0291_Method - 1.4" classname="org.eclipse.jdt.core.tests.compiler.parser.CompletionParserTestKeyword" time="0.001"/>
  <testcase name="test0292_Diet - 1.4" classname="org.eclipse.jdt.core.tests.compiler.parser.CompletionParserTestKeyword" time="0"/>
  <testcase name="test0292_Method - 1.4" classname="org.eclipse.jdt.core.tests.compiler.parser.CompletionParserTestKeyword" time="0"/>
  <testcase name="test0293_Diet - 1.4" classname="org.eclipse.jdt.core.tests.compiler.parser.CompletionParserTestKeyword" time="0.001"/>
  <testcase name="test0293_Method - 1.4" classname="org.eclipse.jdt.core.tests.compiler.parser.CompletionParserTestKeyword" time="0"/>
  <testcase name="test0294_Diet - 1.4" classname="org.eclipse.jdt.core.tests.compiler.parser.CompletionParserTestKeyword" time="0"/>
  <testcase name="test0294_Method - 1.4" classname="org.eclipse.jdt.core.tests.compiler.parser.CompletionParserTestKeyword" time="0.001"/>
  <testcase name="test0295 - 1.4" classname="org.eclipse.jdt.core.tests.compiler.parser.CompletionParserTestKeyword" time="0"/>
  <testcase name="test0296 - 1.4" classname="org.eclipse.jdt.core.tests.compiler.parser.CompletionParserTestKeyword" time="0"/>
  <testcase name="test0297 - 1.4" classname="org.eclipse.jdt.core.tests.compiler.parser.CompletionParserTestKeyword" time="0"/>
  <testcase name="test0298 - 1.4" classname="org.eclipse.jdt.core.tests.compiler.parser.CompletionParserTestKeyword" time="0"/>
  <testcase name="test0299 - 1.4" classname="org.eclipse.jdt.core.tests.compiler.parser.CompletionParserTestKeyword" time="0"/>
  <testcase name="test0300 - 1.4" classname="org.eclipse.jdt.core.tests.compiler.parser.CompletionParserTestKeyword" time="0"/>
  <testcase name="test0301_Diet - 1.4" classname="org.eclipse.jdt.core.tests.compiler.parser.CompletionParserTestKeyword" time="0.001"/>
  <testcase name="test0301_Method - 1.4" classname="org.eclipse.jdt.core.tests.compiler.parser.CompletionParserTestKeyword" time="0"/>
  <testcase name="test0302_Diet - 1.4" classname="org.eclipse.jdt.core.tests.compiler.parser.CompletionParserTestKeyword" time="0"/>
  <testcase name="test0302_Method - 1.4" classname="org.eclipse.jdt.core.tests.compiler.parser.CompletionParserTestKeyword" time="0.001"/>
  <testcase name="test0303_Diet - 1.4" classname="org.eclipse.jdt.core.tests.compiler.parser.CompletionParserTestKeyword" time="0"/>
  <testcase name="test0303_Method - 1.4" classname="org.eclipse.jdt.core.tests.compiler.parser.CompletionParserTestKeyword" time="0"/>
  <testcase name="test0304_Diet - 1.4" classname="org.eclipse.jdt.core.tests.compiler.parser.CompletionParserTestKeyword" time="0"/>
  <testcase name="test0304_Method - 1.4" classname="org.eclipse.jdt.core.tests.compiler.parser.CompletionParserTestKeyword" time="0"/>
  <testcase name="test0305 - 1.4" classname="org.eclipse.jdt.core.tests.compiler.parser.CompletionParserTestKeyword" time="0"/>
  <testcase name="test0306 - 1.4" classname="org.eclipse.jdt.core.tests.compiler.parser.CompletionParserTestKeyword" time="0"/>
  <testcase name="test0307 - 1.4" classname="org.eclipse.jdt.core.tests.compiler.parser.CompletionParserTestKeyword" time="0.001"/>
  <testcase name="test0308 - 1.4" classname="org.eclipse.jdt.core.tests.compiler.parser.CompletionParserTestKeyword" time="0"/>
  <testcase name="test0309 - 1.4" classname="org.eclipse.jdt.core.tests.compiler.parser.CompletionParserTestKeyword" time="0"/>
  <testcase name="test0310 - 1.4" classname="org.eclipse.jdt.core.tests.compiler.parser.CompletionParserTestKeyword" time="0"/>
  <testcase name="test0311 - 1.4" classname="org.eclipse.jdt.core.tests.compiler.parser.CompletionParserTestKeyword" time="0.001"/>
  <testcase name="test0312 - 1.4" classname="org.eclipse.jdt.core.tests.compiler.parser.CompletionParserTestKeyword" time="0"/>
  <testcase name="test0313 - 1.4" classname="org.eclipse.jdt.core.tests.compiler.parser.CompletionParserTestKeyword" time="0"/>
  <testcase name="test0314 - 1.4" classname="org.eclipse.jdt.core.tests.compiler.parser.CompletionParserTestKeyword" time="0"/>
  <testcase name="test0315 - 1.4" classname="org.eclipse.jdt.core.tests.compiler.parser.CompletionParserTestKeyword" time="0.001"/>
  <testcase name="test0316 - 1.4" classname="org.eclipse.jdt.core.tests.compiler.parser.CompletionParserTestKeyword" time="0"/>
  <testcase name="test0317 - 1.4" classname="org.eclipse.jdt.core.tests.compiler.parser.CompletionParserTestKeyword" time="0"/>
  <testcase name="test0318 - 1.4" classname="org.eclipse.jdt.core.tests.compiler.parser.CompletionParserTestKeyword" time="0"/>
  <testcase name="test0319 - 1.4" classname="org.eclipse.jdt.core.tests.compiler.parser.CompletionParserTestKeyword" time="0"/>
  <testcase name="test0320 - 1.4" classname="org.eclipse.jdt.core.tests.compiler.parser.CompletionParserTestKeyword" time="0"/>
  <testcase name="test0321 - 1.4" classname="org.eclipse.jdt.core.tests.compiler.parser.CompletionParserTestKeyword" time="0"/>
  <testcase name="test0322 - 1.4" classname="org.eclipse.jdt.core.tests.compiler.parser.CompletionParserTestKeyword" time="0"/>
  <testcase name="test0323 - 1.4" classname="org.eclipse.jdt.core.tests.compiler.parser.CompletionParserTestKeyword" time="0"/>
  <testcase name="test0324 - 1.4" classname="org.eclipse.jdt.core.tests.compiler.parser.CompletionParserTestKeyword" time="0"/>
  <testcase name="test0325 - 1.4" classname="org.eclipse.jdt.core.tests.compiler.parser.CompletionParserTestKeyword" time="0"/>
  <testcase name="test0326 - 1.4" classname="org.eclipse.jdt.core.tests.compiler.parser.CompletionParserTestKeyword" time="0"/>
  <testcase name="test0327 - 1.4" classname="org.eclipse.jdt.core.tests.compiler.parser.CompletionParserTestKeyword" time="0"/>
  <testcase name="test0328 - 1.4" classname="org.eclipse.jdt.core.tests.compiler.parser.CompletionParserTestKeyword" time="0"/>
  <testcase name="test0329 - 1.4" classname="org.eclipse.jdt.core.tests.compiler.parser.CompletionParserTestKeyword" time="0"/>
  <testcase name="test0330 - 1.4" classname="org.eclipse.jdt.core.tests.compiler.parser.CompletionParserTestKeyword" time="0.001"/>
  <testcase name="test0331 - 1.4" classname="org.eclipse.jdt.core.tests.compiler.parser.CompletionParserTestKeyword" time="0"/>
  <testcase name="test0332 - 1.4" classname="org.eclipse.jdt.core.tests.compiler.parser.CompletionParserTestKeyword" time="0.001"/>
  <testcase name="test0333 - 1.4" classname="org.eclipse.jdt.core.tests.compiler.parser.CompletionParserTestKeyword" time="0"/>
  <testcase name="test0334 - 1.4" classname="org.eclipse.jdt.core.tests.compiler.parser.CompletionParserTestKeyword" time="0"/>
  <testcase name="test0335 - 1.4" classname="org.eclipse.jdt.core.tests.compiler.parser.CompletionParserTestKeyword" time="0"/>
  <testcase name="test0336 - 1.4" classname="org.eclipse.jdt.core.tests.compiler.parser.CompletionParserTestKeyword" time="0"/>
  <testcase name="test0337 - 1.4" classname="org.eclipse.jdt.core.tests.compiler.parser.CompletionParserTestKeyword" time="0"/>
  <testcase name="test0338 - 1.4" classname="org.eclipse.jdt.core.tests.compiler.parser.CompletionParserTestKeyword" time="0"/>
  <testcase name="test0339 - 1.4" classname="org.eclipse.jdt.core.tests.compiler.parser.CompletionParserTestKeyword" time="0"/>
  <testcase name="test0340 - 1.4" classname="org.eclipse.jdt.core.tests.compiler.parser.CompletionParserTestKeyword" time="0"/>
  <testcase name="test0341_Diet - 1.4" classname="org.eclipse.jdt.core.tests.compiler.parser.CompletionParserTestKeyword" time="0"/>
  <testcase name="test0341_Method - 1.4" classname="org.eclipse.jdt.core.tests.compiler.parser.CompletionParserTestKeyword" time="0.001"/>
  <testcase name="test0342_Diet - 1.4" classname="org.eclipse.jdt.core.tests.compiler.parser.CompletionParserTestKeyword" time="0"/>
  <testcase name="test0342_Method - 1.4" classname="org.eclipse.jdt.core.tests.compiler.parser.CompletionParserTestKeyword" time="0"/>
  <testcase name="test0343 - 1.4" classname="org.eclipse.jdt.core.tests.compiler.parser.CompletionParserTestKeyword" time="0"/>
  <testcase name="test0344 - 1.4" classname="org.eclipse.jdt.core.tests.compiler.parser.CompletionParserTestKeyword" time="0"/>
  <testcase name="test0345 - 1.4" classname="org.eclipse.jdt.core.tests.compiler.parser.CompletionParserTestKeyword" time="0"/>
  <testcase name="test0346 - 1.4" classname="org.eclipse.jdt.core.tests.compiler.parser.CompletionParserTestKeyword" time="0"/>
  <testcase name="test0347 - 1.4" classname="org.eclipse.jdt.core.tests.compiler.parser.CompletionParserTestKeyword" time="0"/>
  <testcase name="test0348 - 1.4" classname="org.eclipse.jdt.core.tests.compiler.parser.CompletionParserTestKeyword" time="0"/>
  <testcase name="test0349 - 1.4" classname="org.eclipse.jdt.core.tests.compiler.parser.CompletionParserTestKeyword" time="0"/>
  <testcase name="test0350 - 1.4" classname="org.eclipse.jdt.core.tests.compiler.parser.CompletionParserTestKeyword" time="0"/>
  <testcase name="test0351 - 1.4" classname="org.eclipse.jdt.core.tests.compiler.parser.CompletionParserTestKeyword" time="0"/>
  <testcase name="test0352 - 1.4" classname="org.eclipse.jdt.core.tests.compiler.parser.CompletionParserTestKeyword" time="0"/>
  <testcase name="test0353 - 1.4" classname="org.eclipse.jdt.core.tests.compiler.parser.CompletionParserTestKeyword" time="0"/>
  <testcase name="test0354 - 1.4" classname="org.eclipse.jdt.core.tests.compiler.parser.CompletionParserTestKeyword" time="0"/>
  <testcase name="test0355 - 1.4" classname="org.eclipse.jdt.core.tests.compiler.parser.CompletionParserTestKeyword" time="0"/>
  <testcase name="test0356 - 1.4" classname="org.eclipse.jdt.core.tests.compiler.parser.CompletionParserTestKeyword" time="0"/>
  <testcase name="test0357 - 1.4" classname="org.eclipse.jdt.core.tests.compiler.parser.CompletionParserTestKeyword" time="0"/>
  <testcase name="test0358 - 1.4" classname="org.eclipse.jdt.core.tests.compiler.parser.CompletionParserTestKeyword" time="0"/>
  <testcase name="test0359 - 1.4" classname="org.eclipse.jdt.core.tests.compiler.parser.CompletionParserTestKeyword" time="0"/>
  <testcase name="test0360 - 1.4" classname="org.eclipse.jdt.core.tests.compiler.parser.CompletionParserTestKeyword" time="0"/>
  <testcase name="test0361 - 1.4" classname="org.eclipse.jdt.core.tests.compiler.parser.CompletionParserTestKeyword" time="0"/>
  <testcase name="test0362 - 1.4" classname="org.eclipse.jdt.core.tests.compiler.parser.CompletionParserTestKeyword" time="0"/>
  <testcase name="test0363 - 1.4" classname="org.eclipse.jdt.core.tests.compiler.parser.CompletionParserTestKeyword" time="0"/>
  <testcase name="test0364 - 1.4" classname="org.eclipse.jdt.core.tests.compiler.parser.CompletionParserTestKeyword" time="0"/>
  <testcase name="test0365 - 1.4" classname="org.eclipse.jdt.core.tests.compiler.parser.CompletionParserTestKeyword" time="0"/>
  <testcase name="test0366 - 1.4" classname="org.eclipse.jdt.core.tests.compiler.parser.CompletionParserTestKeyword" time="0"/>
  <testcase name="test0367 - 1.4" classname="org.eclipse.jdt.core.tests.compiler.parser.CompletionParserTestKeyword" time="0"/>
  <testcase name="test0368 - 1.4" classname="org.eclipse.jdt.core.tests.compiler.parser.CompletionParserTestKeyword" time="0"/>
  <testcase name="test0369 - 1.4" classname="org.eclipse.jdt.core.tests.compiler.parser.CompletionParserTestKeyword" time="0"/>
  <testcase name="test0370 - 1.4" classname="org.eclipse.jdt.core.tests.compiler.parser.CompletionParserTestKeyword" time="0"/>
  <testcase name="test0371 - 1.4" classname="org.eclipse.jdt.core.tests.compiler.parser.CompletionParserTestKeyword" time="0"/>
  <testcase name="test0372 - 1.4" classname="org.eclipse.jdt.core.tests.compiler.parser.CompletionParserTestKeyword" time="0"/>
  <testcase name="test0373 - 1.4" classname="org.eclipse.jdt.core.tests.compiler.parser.CompletionParserTestKeyword" time="0"/>
  <testcase name="test0374 - 1.4" classname="org.eclipse.jdt.core.tests.compiler.parser.CompletionParserTestKeyword" time="0"/>
  <testcase name="test0375_Diet - 1.4" classname="org.eclipse.jdt.core.tests.compiler.parser.CompletionParserTestKeyword" time="0"/>
  <testcase name="test0375_Method - 1.4" classname="org.eclipse.jdt.core.tests.compiler.parser.CompletionParserTestKeyword" time="0"/>
  <testcase name="test0376_Diet - 1.4" classname="org.eclipse.jdt.core.tests.compiler.parser.CompletionParserTestKeyword" time="0"/>
  <testcase name="test0376_Method - 1.4" classname="org.eclipse.jdt.core.tests.compiler.parser.CompletionParserTestKeyword" time="0.001"/>
  <testcase name="test0377_Diet - 1.4" classname="org.eclipse.jdt.core.tests.compiler.parser.CompletionParserTestKeyword" time="0"/>
  <testcase name="test0377_Method - 1.4" classname="org.eclipse.jdt.core.tests.compiler.parser.CompletionParserTestKeyword" time="0"/>
  <testcase name="test0378_Diet - 1.4" classname="org.eclipse.jdt.core.tests.compiler.parser.CompletionParserTestKeyword" time="0"/>
  <testcase name="test0378_Method - 1.4" classname="org.eclipse.jdt.core.tests.compiler.parser.CompletionParserTestKeyword" time="0"/>
  <testcase name="test0379_Diet - 1.4" classname="org.eclipse.jdt.core.tests.compiler.parser.CompletionParserTestKeyword" time="0"/>
  <testcase name="test0379_Method - 1.4" classname="org.eclipse.jdt.core.tests.compiler.parser.CompletionParserTestKeyword" time="0"/>
  <testcase name="test0380_Diet - 1.4" classname="org.eclipse.jdt.core.tests.compiler.parser.CompletionParserTestKeyword" time="0"/>
  <testcase name="test0380_Method - 1.4" classname="org.eclipse.jdt.core.tests.compiler.parser.CompletionParserTestKeyword" time="0"/>
  <testcase name="test0381_Diet - 1.4" classname="org.eclipse.jdt.core.tests.compiler.parser.CompletionParserTestKeyword" time="0"/>
  <testcase name="test0381_Method - 1.4" classname="org.eclipse.jdt.core.tests.compiler.parser.CompletionParserTestKeyword" time="0"/>
  <testcase name="test0382_Diet - 1.4" classname="org.eclipse.jdt.core.tests.compiler.parser.CompletionParserTestKeyword" time="0.001"/>
  <testcase name="test0382_Method - 1.4" classname="org.eclipse.jdt.core.tests.compiler.parser.CompletionParserTestKeyword" time="0"/>
  <testcase name="test0384_Diet - 1.4" classname="org.eclipse.jdt.core.tests.compiler.parser.CompletionParserTestKeyword" time="0"/>
  <testcase name="test0384_Method - 1.4" classname="org.eclipse.jdt.core.tests.compiler.parser.CompletionParserTestKeyword" time="0"/>
  <testcase name="test0385_Diet - 1.4" classname="org.eclipse.jdt.core.tests.compiler.parser.CompletionParserTestKeyword" time="0"/>
  <testcase name="test0385_Method - 1.4" classname="org.eclipse.jdt.core.tests.compiler.parser.CompletionParserTestKeyword" time="0"/>
  <testcase name="test0386_Diet - 1.4" classname="org.eclipse.jdt.core.tests.compiler.parser.CompletionParserTestKeyword" time="0"/>
  <testcase name="test0386_Method - 1.4" classname="org.eclipse.jdt.core.tests.compiler.parser.CompletionParserTestKeyword" time="0.001"/>
  <testcase name="test0387_Diet - 1.4" classname="org.eclipse.jdt.core.tests.compiler.parser.CompletionParserTestKeyword" time="0"/>
  <testcase name="test0387_Method - 1.4" classname="org.eclipse.jdt.core.tests.compiler.parser.CompletionParserTestKeyword" time="0"/>
  <testcase name="test0388_Diet - 1.4" classname="org.eclipse.jdt.core.tests.compiler.parser.CompletionParserTestKeyword" time="0"/>
  <testcase name="test0388_Method - 1.4" classname="org.eclipse.jdt.core.tests.compiler.parser.CompletionParserTestKeyword" time="0.001"/>
  <testcase name="test01 - 1.4" classname="org.eclipse.jdt.core.tests.compiler.parser.CompletionRecoveryTest" time="0"/>
  <testcase name="test01 - 1.4" classname="org.eclipse.jdt.core.tests.compiler.parser.DietCompletionTest" time="0"/>
  <testcase name="test01 - 1.4" classname="org.eclipse.jdt.core.tests.compiler.parser.SelectionTest" time="0"/>
  <testcase name="test01 - 1.4" classname="org.eclipse.jdt.core.tests.compiler.parser.SelectionJavadocTest" time="0.001"/>
  <testcase name="test01 - 1.4" classname="org.eclipse.jdt.core.tests.compiler.parser.DietRecoveryTest" time="0.005"/>
  <testcase name="test01 - 1.4" classname="org.eclipse.jdt.core.tests.compiler.parser.SourceElementParserTest" time="0"/>
  <testcase name="test01 - 1.4" classname="org.eclipse.jdt.core.tests.compiler.parser.DocumentElementParserTest" time="0"/>
  <testcase name="test01 - 1.4" classname="org.eclipse.jdt.core.tests.compiler.parser.SyntaxErrorTest" time="0"/>
  <testcase name="test01 - 1.4" classname="org.eclipse.jdt.core.tests.compiler.parser.DualParseSyntaxErrorTest" time="0.001"/>
  <testcase name="test02 - 1.4" classname="org.eclipse.jdt.core.tests.compiler.parser.CompletionRecoveryTest" time="0.001"/>
  <testcase name="test02 - 1.4" classname="org.eclipse.jdt.core.tests.compiler.parser.DietCompletionTest" time="0"/>
  <testcase name="test02 - 1.4" classname="org.eclipse.jdt.core.tests.compiler.parser.SelectionTest" time="0"/>
  <testcase name="test02 - 1.4" classname="org.eclipse.jdt.core.tests.compiler.parser.SelectionJavadocTest" time="0"/>
  <testcase name="test02 - 1.4" classname="org.eclipse.jdt.core.tests.compiler.parser.DietRecoveryTest" time="0.005"/>
  <testcase name="test02 - 1.4" classname="org.eclipse.jdt.core.tests.compiler.parser.SourceElementParserTest" time="0.001"/>
  <testcase name="test02 - 1.4" classname="org.eclipse.jdt.core.tests.compiler.parser.SyntaxErrorTest" time="0"/>
  <testcase name="test02 - 1.4" classname="org.eclipse.jdt.core.tests.compiler.parser.DualParseSyntaxErrorTest" time="0"/>
  <testcase name="test03 - 1.4" classname="org.eclipse.jdt.core.tests.compiler.parser.CompletionRecoveryTest" time="0"/>
  <testcase name="test03 - 1.4" classname="org.eclipse.jdt.core.tests.compiler.parser.DietCompletionTest" time="0"/>
  <testcase name="test03 - 1.4" classname="org.eclipse.jdt.core.tests.compiler.parser.SelectionTest" time="0"/>
  <testcase name="test03 - 1.4" classname="org.eclipse.jdt.core.tests.compiler.parser.SelectionJavadocTest" time="0"/>
  <testcase name="test03 - 1.4" classname="org.eclipse.jdt.core.tests.compiler.parser.DietRecoveryTest" time="0.004"/>
  <testcase name="test03 - 1.4" classname="org.eclipse.jdt.core.tests.compiler.parser.SourceElementParserTest" time="0.001"/>
  <testcase name="test03 - 1.4" classname="org.eclipse.jdt.core.tests.compiler.parser.SyntaxErrorTest" time="0.001"/>
  <testcase name="test03 - 1.4" classname="org.eclipse.jdt.core.tests.compiler.parser.DualParseSyntaxErrorTest" time="0"/>
  <testcase name="test04 - 1.4" classname="org.eclipse.jdt.core.tests.compiler.parser.CompletionRecoveryTest" time="0"/>
  <testcase name="test04 - 1.4" classname="org.eclipse.jdt.core.tests.compiler.parser.DietCompletionTest" time="0"/>
  <testcase name="test04 - 1.4" classname="org.eclipse.jdt.core.tests.compiler.parser.SelectionTest" time="0"/>
  <testcase name="test04 - 1.4" classname="org.eclipse.jdt.core.tests.compiler.parser.SelectionJavadocTest" time="0"/>
  <testcase name="test04 - 1.4" classname="org.eclipse.jdt.core.tests.compiler.parser.DietRecoveryTest" time="0.005"/>
  <testcase name="test04 - 1.4" classname="org.eclipse.jdt.core.tests.compiler.parser.SourceElementParserTest" time="0"/>
  <testcase name="test04 - 1.4" classname="org.eclipse.jdt.core.tests.compiler.parser.SyntaxErrorTest" time="0"/>
  <testcase name="test04 - 1.4" classname="org.eclipse.jdt.core.tests.compiler.parser.DualParseSyntaxErrorTest" time="0"/>
  <testcase name="test05 - 1.4" classname="org.eclipse.jdt.core.tests.compiler.parser.CompletionRecoveryTest" time="0.001"/>
  <testcase name="test05 - 1.4" classname="org.eclipse.jdt.core.tests.compiler.parser.DietCompletionTest" time="0"/>
  <testcase name="test05 - 1.4" classname="org.eclipse.jdt.core.tests.compiler.parser.SelectionTest" time="0.001"/>
  <testcase name="test05 - 1.4" classname="org.eclipse.jdt.core.tests.compiler.parser.SelectionJavadocTest" time="0"/>
  <testcase name="test05 - 1.4" classname="org.eclipse.jdt.core.tests.compiler.parser.DietRecoveryTest" time="0.003"/>
  <testcase name="test05 - 1.4" classname="org.eclipse.jdt.core.tests.compiler.parser.SourceElementParserTest" time="0"/>
  <testcase name="test05 - 1.4" classname="org.eclipse.jdt.core.tests.compiler.parser.SyntaxErrorTest" time="0.001"/>
  <testcase name="test05 - 1.4" classname="org.eclipse.jdt.core.tests.compiler.parser.DualParseSyntaxErrorTest" time="0"/>
  <testcase name="test06 - 1.4" classname="org.eclipse.jdt.core.tests.compiler.parser.CompletionRecoveryTest" time="0"/>
  <testcase name="test06 - 1.4" classname="org.eclipse.jdt.core.tests.compiler.parser.DietCompletionTest" time="0"/>
  <testcase name="test06 - 1.4" classname="org.eclipse.jdt.core.tests.compiler.parser.SelectionTest" time="0.001"/>
  <testcase name="test06 - 1.4" classname="org.eclipse.jdt.core.tests.compiler.parser.SelectionJavadocTest" time="0"/>
  <testcase name="test06 - 1.4" classname="org.eclipse.jdt.core.tests.compiler.parser.DietRecoveryTest" time="0.004"/>
  <testcase name="test06 - 1.4" classname="org.eclipse.jdt.core.tests.compiler.parser.SourceElementParserTest" time="0.001"/>
  <testcase name="test06 - 1.4" classname="org.eclipse.jdt.core.tests.compiler.parser.SyntaxErrorTest" time="0"/>
  <testcase name="test06 - 1.4" classname="org.eclipse.jdt.core.tests.compiler.parser.DualParseSyntaxErrorTest" time="0.001"/>
  <testcase name="test07 - 1.4" classname="org.eclipse.jdt.core.tests.compiler.parser.CompletionRecoveryTest" time="0"/>
  <testcase name="test07 - 1.4" classname="org.eclipse.jdt.core.tests.compiler.parser.DietCompletionTest" time="0"/>
  <testcase name="test07 - 1.4" classname="org.eclipse.jdt.core.tests.compiler.parser.SelectionTest" time="0"/>
  <testcase name="test07 - 1.4" classname="org.eclipse.jdt.core.tests.compiler.parser.SelectionJavadocTest" time="0.002"/>
  <testcase name="test07 - 1.4" classname="org.eclipse.jdt.core.tests.compiler.parser.DietRecoveryTest" time="0.003"/>
  <testcase name="test07 - 1.4" classname="org.eclipse.jdt.core.tests.compiler.parser.SourceElementParserTest" time="0"/>
  <testcase name="test07 - 1.4" classname="org.eclipse.jdt.core.tests.compiler.parser.SyntaxErrorTest" time="0.001"/>
  <testcase name="test07 - 1.4" classname="org.eclipse.jdt.core.tests.compiler.parser.DualParseSyntaxErrorTest" time="0"/>
  <testcase name="test08 - 1.4" classname="org.eclipse.jdt.core.tests.compiler.parser.CompletionRecoveryTest" time="0"/>
  <testcase name="test08 - 1.4" classname="org.eclipse.jdt.core.tests.compiler.parser.DietCompletionTest" time="0"/>
  <testcase name="test08 - 1.4" classname="org.eclipse.jdt.core.tests.compiler.parser.SelectionTest" time="0.001"/>
  <testcase name="test08 - 1.4" classname="org.eclipse.jdt.core.tests.compiler.parser.SelectionJavadocTest" time="0.002"/>
  <testcase name="test08 - 1.4" classname="org.eclipse.jdt.core.tests.compiler.parser.DietRecoveryTest" time="0.004"/>
  <testcase name="test08 - 1.4" classname="org.eclipse.jdt.core.tests.compiler.parser.SourceElementParserTest" time="0"/>
  <testcase name="test08 - 1.4" classname="org.eclipse.jdt.core.tests.compiler.parser.SyntaxErrorTest" time="0"/>
  <testcase name="test08 - 1.4" classname="org.eclipse.jdt.core.tests.compiler.parser.DualParseSyntaxErrorTest" time="0.001"/>
  <testcase name="test09 - 1.4" classname="org.eclipse.jdt.core.tests.compiler.parser.CompletionRecoveryTest" time="0"/>
  <testcase name="test09 - 1.4" classname="org.eclipse.jdt.core.tests.compiler.parser.DietCompletionTest" time="0.001"/>
  <testcase name="test09 - 1.4" classname="org.eclipse.jdt.core.tests.compiler.parser.SelectionTest" time="0"/>
  <testcase name="test09 - 1.4" classname="org.eclipse.jdt.core.tests.compiler.parser.SelectionJavadocTest" time="0.002"/>
  <testcase name="test09 - 1.4" classname="org.eclipse.jdt.core.tests.compiler.parser.DietRecoveryTest" time="0.003"/>
  <testcase name="test09 - 1.4" classname="org.eclipse.jdt.core.tests.compiler.parser.SourceElementParserTest" time="0.001"/>
  <testcase name="test09 - 1.4" classname="org.eclipse.jdt.core.tests.compiler.parser.SyntaxErrorTest" time="0.001"/>
  <testcase name="test09 - 1.4" classname="org.eclipse.jdt.core.tests.compiler.parser.DualParseSyntaxErrorTest" time="0"/>
  <testcase name="test10 - 1.4" classname="org.eclipse.jdt.core.tests.compiler.parser.CompletionRecoveryTest" time="0.001"/>
  <testcase name="test10 - 1.4" classname="org.eclipse.jdt.core.tests.compiler.parser.DietCompletionTest" time="0"/>
  <testcase name="test10 - 1.4" classname="org.eclipse.jdt.core.tests.compiler.parser.SelectionTest" time="0.001"/>
  <testcase name="test10 - 1.4" classname="org.eclipse.jdt.core.tests.compiler.parser.SelectionJavadocTest" time="0.003"/>
  <testcase name="test10 - 1.4" classname="org.eclipse.jdt.core.tests.compiler.parser.DietRecoveryTest" time="0.003"/>
  <testcase name="test10 - 1.4" classname="org.eclipse.jdt.core.tests.compiler.parser.SourceElementParserTest" time="0"/>
  <testcase name="test10 - 1.4" classname="org.eclipse.jdt.core.tests.compiler.parser.SyntaxErrorTest" time="0"/>
  <testcase name="test10 - 1.4" classname="org.eclipse.jdt.core.tests.compiler.parser.DualParseSyntaxErrorTest" time="0"/>
  <testcase name="test11 - 1.4" classname="org.eclipse.jdt.core.tests.compiler.parser.CompletionRecoveryTest" time="0"/>
  <testcase name="test11 - 1.4" classname="org.eclipse.jdt.core.tests.compiler.parser.DietCompletionTest" time="0"/>
  <testcase name="test11 - 1.4" classname="org.eclipse.jdt.core.tests.compiler.parser.SelectionTest" time="0"/>
  <testcase name="test11 - 1.4" classname="org.eclipse.jdt.core.tests.compiler.parser.SelectionJavadocTest" time="0"/>
  <testcase name="test11 - 1.4" classname="org.eclipse.jdt.core.tests.compiler.parser.DietRecoveryTest" time="0.004"/>
  <testcase name="test11 - 1.4" classname="org.eclipse.jdt.core.tests.compiler.parser.SourceElementParserTest" time="0.001"/>
  <testcase name="test11 - 1.4" classname="org.eclipse.jdt.core.tests.compiler.parser.SyntaxErrorTest" time="0"/>
  <testcase name="test12 - 1.4" classname="org.eclipse.jdt.core.tests.compiler.parser.CompletionRecoveryTest" time="0"/>
  <testcase name="test12 - 1.4" classname="org.eclipse.jdt.core.tests.compiler.parser.DietCompletionTest" time="0"/>
  <testcase name="test12 - 1.4" classname="org.eclipse.jdt.core.tests.compiler.parser.SelectionTest" time="0"/>
  <testcase name="test12 - 1.4" classname="org.eclipse.jdt.core.tests.compiler.parser.SelectionJavadocTest" time="0.001"/>
  <testcase name="test12 - 1.4" classname="org.eclipse.jdt.core.tests.compiler.parser.DietRecoveryTest" time="0.004"/>
  <testcase name="test12 - 1.4" classname="org.eclipse.jdt.core.tests.compiler.parser.SourceElementParserTest" time="0"/>
  <testcase name="test12 - 1.4" classname="org.eclipse.jdt.core.tests.compiler.parser.SyntaxErrorTest" time="0.001"/>
  <testcase name="test13 - 1.4" classname="org.eclipse.jdt.core.tests.compiler.parser.CompletionRecoveryTest" time="0.001"/>
  <testcase name="test13 - 1.4" classname="org.eclipse.jdt.core.tests.compiler.parser.DietCompletionTest" time="0.001"/>
  <testcase name="test13 - 1.4" classname="org.eclipse.jdt.core.tests.compiler.parser.SelectionTest" time="0.001"/>
  <testcase name="test13 - 1.4" classname="org.eclipse.jdt.core.tests.compiler.parser.SelectionJavadocTest" time="0"/>
  <testcase name="test13 - 1.4" classname="org.eclipse.jdt.core.tests.compiler.parser.DietRecoveryTest" time="0.001"/>
  <testcase name="test13 - 1.4" classname="org.eclipse.jdt.core.tests.compiler.parser.SourceElementParserTest" time="0"/>
  <testcase name="test13 - 1.4" classname="org.eclipse.jdt.core.tests.compiler.parser.SyntaxErrorTest" time="0"/>
  <testcase name="test14 - 1.4" classname="org.eclipse.jdt.core.tests.compiler.parser.CompletionRecoveryTest" time="0"/>
  <testcase name="test14 - 1.4" classname="org.eclipse.jdt.core.tests.compiler.parser.DietCompletionTest" time="0"/>
  <testcase name="test14 - 1.4" classname="org.eclipse.jdt.core.tests.compiler.parser.SelectionTest" time="0"/>
  <testcase name="test14 - 1.4" classname="org.eclipse.jdt.core.tests.compiler.parser.SelectionJavadocTest" time="0.002"/>
  <testcase name="test14 - 1.4" classname="org.eclipse.jdt.core.tests.compiler.parser.DietRecoveryTest" time="0.002"/>
  <testcase name="test14 - 1.4" classname="org.eclipse.jdt.core.tests.compiler.parser.SourceElementParserTest" time="0"/>
  <testcase name="test14 - 1.4" classname="org.eclipse.jdt.core.tests.compiler.parser.SyntaxErrorTest" time="0.001"/>
  <testcase name="test15 - 1.4" classname="org.eclipse.jdt.core.tests.compiler.parser.CompletionRecoveryTest" time="0"/>
  <testcase name="test15 - 1.4" classname="org.eclipse.jdt.core.tests.compiler.parser.DietCompletionTest" time="0"/>
  <testcase name="test15 - 1.4" classname="org.eclipse.jdt.core.tests.compiler.parser.SelectionTest" time="0"/>
  <testcase name="test15 - 1.4" classname="org.eclipse.jdt.core.tests.compiler.parser.SelectionJavadocTest" time="0.002"/>
  <testcase name="test15 - 1.4" classname="org.eclipse.jdt.core.tests.compiler.parser.DietRecoveryTest" time="0.001"/>
  <testcase name="test15 - 1.4" classname="org.eclipse.jdt.core.tests.compiler.parser.SourceElementParserTest" time="0.001"/>
  <testcase name="test15 - 1.4" classname="org.eclipse.jdt.core.tests.compiler.parser.SyntaxErrorTest" time="0"/>
  <testcase name="test16 - 1.4" classname="org.eclipse.jdt.core.tests.compiler.parser.CompletionRecoveryTest" time="0"/>
  <testcase name="test16 - 1.4" classname="org.eclipse.jdt.core.tests.compiler.parser.DietCompletionTest" time="0"/>
  <testcase name="test16 - 1.4" classname="org.eclipse.jdt.core.tests.compiler.parser.SelectionTest" time="0"/>
  <testcase name="test16 - 1.4" classname="org.eclipse.jdt.core.tests.compiler.parser.SelectionJavadocTest" time="0"/>
  <testcase name="test16 - 1.4" classname="org.eclipse.jdt.core.tests.compiler.parser.DietRecoveryTest" time="0.002"/>
  <testcase name="test16 - 1.4" classname="org.eclipse.jdt.core.tests.compiler.parser.SourceElementParserTest" time="0"/>
  <testcase name="test17 - 1.4" classname="org.eclipse.jdt.core.tests.compiler.parser.CompletionRecoveryTest" time="0.001"/>
  <testcase name="test17 - 1.4" classname="org.eclipse.jdt.core.tests.compiler.parser.DietCompletionTest" time="0"/>
  <testcase name="test17 - 1.4" classname="org.eclipse.jdt.core.tests.compiler.parser.SelectionTest" time="0.001"/>
  <testcase name="test17 - 1.4" classname="org.eclipse.jdt.core.tests.compiler.parser.SelectionJavadocTest" time="0.002"/>
  <testcase name="test17 - 1.4" classname="org.eclipse.jdt.core.tests.compiler.parser.DietRecoveryTest" time="0.002"/>
  <testcase name="test17 - 1.4" classname="org.eclipse.jdt.core.tests.compiler.parser.SourceElementParserTest" time="0"/>
  <testcase name="test18 - 1.4" classname="org.eclipse.jdt.core.tests.compiler.parser.CompletionRecoveryTest" time="0"/>
  <testcase name="test18 - 1.4" classname="org.eclipse.jdt.core.tests.compiler.parser.DietCompletionTest" time="0"/>
  <testcase name="test18 - 1.4" classname="org.eclipse.jdt.core.tests.compiler.parser.SelectionTest" time="0"/>
  <testcase name="test18 - 1.4" classname="org.eclipse.jdt.core.tests.compiler.parser.SelectionJavadocTest" time="0.002"/>
  <testcase name="test18 - 1.4" classname="org.eclipse.jdt.core.tests.compiler.parser.DietRecoveryTest" time="0.001"/>
  <testcase name="test18 - 1.4" classname="org.eclipse.jdt.core.tests.compiler.parser.SourceElementParserTest" time="0"/>
  <testcase name="test19 - 1.4" classname="org.eclipse.jdt.core.tests.compiler.parser.CompletionRecoveryTest" time="0"/>
  <testcase name="test19 - 1.4" classname="org.eclipse.jdt.core.tests.compiler.parser.DietCompletionTest" time="0"/>
  <testcase name="test19 - 1.4" classname="org.eclipse.jdt.core.tests.compiler.parser.SelectionTest" time="0"/>
  <testcase name="test19 - 1.4" classname="org.eclipse.jdt.core.tests.compiler.parser.SelectionJavadocTest" time="0.001"/>
  <testcase name="test19 - 1.4" classname="org.eclipse.jdt.core.tests.compiler.parser.DietRecoveryTest" time="0.002"/>
  <testcase name="test19 - 1.4" classname="org.eclipse.jdt.core.tests.compiler.parser.SourceElementParserTest" time="0.001"/>
  <testcase name="test20 - 1.4" classname="org.eclipse.jdt.core.tests.compiler.parser.CompletionRecoveryTest" time="0.001"/>
  <testcase name="test20 - 1.4" classname="org.eclipse.jdt.core.tests.compiler.parser.DietCompletionTest" time="0"/>
  <testcase name="test20 - 1.4" classname="org.eclipse.jdt.core.tests.compiler.parser.SelectionTest" time="0"/>
  <testcase name="test20 - 1.4" classname="org.eclipse.jdt.core.tests.compiler.parser.SelectionJavadocTest" time="0.001"/>
  <testcase name="test20 - 1.4" classname="org.eclipse.jdt.core.tests.compiler.parser.DietRecoveryTest" time="0.002"/>
  <testcase name="test20 - 1.4" classname="org.eclipse.jdt.core.tests.compiler.parser.SourceElementParserTest" time="0"/>
  <testcase name="test21 - 1.4" classname="org.eclipse.jdt.core.tests.compiler.parser.CompletionRecoveryTest" time="0"/>
  <testcase name="test21 - 1.4" classname="org.eclipse.jdt.core.tests.compiler.parser.DietCompletionTest" time="0"/>
  <testcase name="test21 - 1.4" classname="org.eclipse.jdt.core.tests.compiler.parser.SelectionTest" time="0.001"/>
  <testcase name="test21 - 1.4" classname="org.eclipse.jdt.core.tests.compiler.parser.SelectionJavadocTest" time="0.001"/>
  <testcase name="test21 - 1.4" classname="org.eclipse.jdt.core.tests.compiler.parser.DietRecoveryTest" time="0.001"/>
  <testcase name="test21 - 1.4" classname="org.eclipse.jdt.core.tests.compiler.parser.SourceElementParserTest" time="0"/>
  <testcase name="test22 - 1.4" classname="org.eclipse.jdt.core.tests.compiler.parser.CompletionRecoveryTest" time="0"/>
  <testcase name="test22 - 1.4" classname="org.eclipse.jdt.core.tests.compiler.parser.DietCompletionTest" time="0"/>
  <testcase name="test22 - 1.4" classname="org.eclipse.jdt.core.tests.compiler.parser.SelectionTest" time="0"/>
  <testcase name="test22 - 1.4" classname="org.eclipse.jdt.core.tests.compiler.parser.SelectionJavadocTest" time="0.001"/>
  <testcase name="test22 - 1.4" classname="org.eclipse.jdt.core.tests.compiler.parser.DietRecoveryTest" time="0.002"/>
  <testcase name="test22 - 1.4" classname="org.eclipse.jdt.core.tests.compiler.parser.SourceElementParserTest" time="0"/>
  <testcase name="test23 - 1.4" classname="org.eclipse.jdt.core.tests.compiler.parser.CompletionRecoveryTest" time="0"/>
  <testcase name="test23 - 1.4" classname="org.eclipse.jdt.core.tests.compiler.parser.DietCompletionTest" time="0"/>
  <testcase name="test23 - 1.4" classname="org.eclipse.jdt.core.tests.compiler.parser.SelectionTest" time="0.001"/>
  <testcase name="test23 - 1.4" classname="org.eclipse.jdt.core.tests.compiler.parser.SelectionJavadocTest" time="0.001"/>
  <testcase name="test23 - 1.4" classname="org.eclipse.jdt.core.tests.compiler.parser.DietRecoveryTest" time="0.003"/>
  <testcase name="test23 - 1.4" classname="org.eclipse.jdt.core.tests.compiler.parser.SourceElementParserTest" time="0.001"/>
  <testcase name="test24 - 1.4" classname="org.eclipse.jdt.core.tests.compiler.parser.CompletionRecoveryTest" time="0"/>
  <testcase name="test24 - 1.4" classname="org.eclipse.jdt.core.tests.compiler.parser.DietCompletionTest" time="0"/>
  <testcase name="test24 - 1.4" classname="org.eclipse.jdt.core.tests.compiler.parser.SelectionTest" time="0"/>
  <testcase name="test24 - 1.4" classname="org.eclipse.jdt.core.tests.compiler.parser.SelectionJavadocTest" time="0.001"/>
  <testcase name="test24 - 1.4" classname="org.eclipse.jdt.core.tests.compiler.parser.DietRecoveryTest" time="0.003"/>
  <testcase name="test24 - 1.4" classname="org.eclipse.jdt.core.tests.compiler.parser.SourceElementParserTest" time="0"/>
  <testcase name="test25 - 1.4" classname="org.eclipse.jdt.core.tests.compiler.parser.CompletionRecoveryTest" time="0"/>
  <testcase name="test25 - 1.4" classname="org.eclipse.jdt.core.tests.compiler.parser.DietCompletionTest" time="0"/>
  <testcase name="test25 - 1.4" classname="org.eclipse.jdt.core.tests.compiler.parser.SelectionTest" time="0"/>
  <testcase name="test25 - 1.4" classname="org.eclipse.jdt.core.tests.compiler.parser.SelectionJavadocTest" time="0.001"/>
  <testcase name="test25 - 1.4" classname="org.eclipse.jdt.core.tests.compiler.parser.DietRecoveryTest" time="0.003"/>
  <testcase name="test25 - 1.4" classname="org.eclipse.jdt.core.tests.compiler.parser.SourceElementParserTest" time="0"/>
  <testcase name="test26 - 1.4" classname="org.eclipse.jdt.core.tests.compiler.parser.CompletionRecoveryTest" time="0"/>
  <testcase name="test26 - 1.4" classname="org.eclipse.jdt.core.tests.compiler.parser.DietCompletionTest" time="0"/>
  <testcase name="test26 - 1.4" classname="org.eclipse.jdt.core.tests.compiler.parser.SelectionTest" time="0.001"/>
  <testcase name="test26 - 1.4" classname="org.eclipse.jdt.core.tests.compiler.parser.SelectionJavadocTest" time="0"/>
  <testcase name="test26 - 1.4" classname="org.eclipse.jdt.core.tests.compiler.parser.DietRecoveryTest" time="0.003"/>
  <testcase name="test26 - 1.4" classname="org.eclipse.jdt.core.tests.compiler.parser.SourceElementParserTest" time="0.001"/>
  <testcase name="test27 - 1.4" classname="org.eclipse.jdt.core.tests.compiler.parser.DietCompletionTest" time="0"/>
  <testcase name="test27 - 1.4" classname="org.eclipse.jdt.core.tests.compiler.parser.SelectionTest" time="0"/>
  <testcase name="test27 - 1.4" classname="org.eclipse.jdt.core.tests.compiler.parser.DietRecoveryTest" time="0.002"/>
  <testcase name="test27 - 1.4" classname="org.eclipse.jdt.core.tests.compiler.parser.SourceElementParserTest" time="0"/>
  <testcase name="test28 - 1.4" classname="org.eclipse.jdt.core.tests.compiler.parser.DietCompletionTest" time="0"/>
  <testcase name="test28 - 1.4" classname="org.eclipse.jdt.core.tests.compiler.parser.SelectionTest" time="0"/>
  <testcase name="test28 - 1.4" classname="org.eclipse.jdt.core.tests.compiler.parser.DietRecoveryTest" time="0.001"/>
  <testcase name="test28 - 1.4" classname="org.eclipse.jdt.core.tests.compiler.parser.SourceElementParserTest" time="0.001"/>
  <testcase name="test29 - 1.4" classname="org.eclipse.jdt.core.tests.compiler.parser.DietCompletionTest" time="0"/>
  <testcase name="test29 - 1.4" classname="org.eclipse.jdt.core.tests.compiler.parser.SelectionTest" time="0.001"/>
  <testcase name="test29 - 1.4" classname="org.eclipse.jdt.core.tests.compiler.parser.DietRecoveryTest" time="0.001"/>
  <testcase name="test29 - 1.4" classname="org.eclipse.jdt.core.tests.compiler.parser.SourceElementParserTest" time="0"/>
  <testcase name="test30 - 1.4" classname="org.eclipse.jdt.core.tests.compiler.parser.DietCompletionTest" time="0"/>
  <testcase name="test30 - 1.4" classname="org.eclipse.jdt.core.tests.compiler.parser.SelectionTest" time="0"/>
  <testcase name="test30 - 1.4" classname="org.eclipse.jdt.core.tests.compiler.parser.DietRecoveryTest" time="0.002"/>
  <testcase name="test30 - 1.4" classname="org.eclipse.jdt.core.tests.compiler.parser.SourceElementParserTest" time="0"/>
  <testcase name="test31 - 1.4" classname="org.eclipse.jdt.core.tests.compiler.parser.DietCompletionTest" time="0"/>
  <testcase name="test31 - 1.4" classname="org.eclipse.jdt.core.tests.compiler.parser.SelectionTest" time="0"/>
  <testcase name="test31 - 1.4" classname="org.eclipse.jdt.core.tests.compiler.parser.DietRecoveryTest" time="0.004"/>
  <testcase name="test31 - 1.4" classname="org.eclipse.jdt.core.tests.compiler.parser.SourceElementParserTest" time="0.001"/>
  <testcase name="test32 - 1.4" classname="org.eclipse.jdt.core.tests.compiler.parser.DietCompletionTest" time="0.001"/>
  <testcase name="test32 - 1.4" classname="org.eclipse.jdt.core.tests.compiler.parser.SelectionTest" time="0.001"/>
  <testcase name="test32 - 1.4" classname="org.eclipse.jdt.core.tests.compiler.parser.SourceElementParserTest" time="0"/>
  <testcase name="test33 - 1.4" classname="org.eclipse.jdt.core.tests.compiler.parser.DietCompletionTest" time="0"/>
  <testcase name="test33 - 1.4" classname="org.eclipse.jdt.core.tests.compiler.parser.SelectionTest" time="0"/>
  <testcase name="test33 - 1.4" classname="org.eclipse.jdt.core.tests.compiler.parser.DietRecoveryTest" time="0.002"/>
  <testcase name="test33 - 1.4" classname="org.eclipse.jdt.core.tests.compiler.parser.SourceElementParserTest" time="0"/>
  <testcase name="test34 - 1.4" classname="org.eclipse.jdt.core.tests.compiler.parser.DietCompletionTest" time="0"/>
  <testcase name="test34 - 1.4" classname="org.eclipse.jdt.core.tests.compiler.parser.SelectionTest" time="0"/>
  <testcase name="test34 - 1.4" classname="org.eclipse.jdt.core.tests.compiler.parser.DietRecoveryTest" time="0.003"/>
  <testcase name="test34 - 1.4" classname="org.eclipse.jdt.core.tests.compiler.parser.SourceElementParserTest" time="0.001"/>
  <testcase name="test34a - 1.4" classname="org.eclipse.jdt.core.tests.compiler.parser.DietCompletionTest" time="0"/>
  <testcase name="test34b - 1.4" classname="org.eclipse.jdt.core.tests.compiler.parser.DietCompletionTest" time="0.001"/>
  <testcase name="test34c - 1.4" classname="org.eclipse.jdt.core.tests.compiler.parser.DietCompletionTest" time="0"/>
  <testcase name="test35 - 1.4" classname="org.eclipse.jdt.core.tests.compiler.parser.DietCompletionTest" time="0"/>
  <testcase name="test35 - 1.4" classname="org.eclipse.jdt.core.tests.compiler.parser.SelectionTest" time="0.001"/>
  <testcase name="test35 - 1.4" classname="org.eclipse.jdt.core.tests.compiler.parser.DietRecoveryTest" time="0.002"/>
  <testcase name="test35 - 1.4" classname="org.eclipse.jdt.core.tests.compiler.parser.SourceElementParserTest" time="0.001"/>
  <testcase name="test36 - 1.4" classname="org.eclipse.jdt.core.tests.compiler.parser.DietCompletionTest" time="0"/>
  <testcase name="test36 - 1.4" classname="org.eclipse.jdt.core.tests.compiler.parser.SelectionTest" time="0"/>
  <testcase name="test36 - 1.4" classname="org.eclipse.jdt.core.tests.compiler.parser.DietRecoveryTest" time="0.001"/>
  <testcase name="test36 - 1.4" classname="org.eclipse.jdt.core.tests.compiler.parser.SourceElementParserTest" time="0.001"/>
  <testcase name="test37 - 1.4" classname="org.eclipse.jdt.core.tests.compiler.parser.DietCompletionTest" time="0"/>
  <testcase name="test37 - 1.4" classname="org.eclipse.jdt.core.tests.compiler.parser.SelectionTest" time="0"/>
  <testcase name="test37 - 1.4" classname="org.eclipse.jdt.core.tests.compiler.parser.DietRecoveryTest" time="0.001"/>
  <testcase name="test37 - 1.4" classname="org.eclipse.jdt.core.tests.compiler.parser.SourceElementParserTest" time="0"/>
  <testcase name="test38 - 1.4" classname="org.eclipse.jdt.core.tests.compiler.parser.DietCompletionTest" time="0"/>
  <testcase name="test38 - 1.4" classname="org.eclipse.jdt.core.tests.compiler.parser.SelectionTest" time="0.001"/>
  <testcase name="test38 - 1.4" classname="org.eclipse.jdt.core.tests.compiler.parser.DietRecoveryTest" time="0.002"/>
  <testcase name="test38 - 1.4" classname="org.eclipse.jdt.core.tests.compiler.parser.SourceElementParserTest" time="0"/>
  <testcase name="test39 - 1.4" classname="org.eclipse.jdt.core.tests.compiler.parser.DietCompletionTest" time="0"/>
  <testcase name="test39 - 1.4" classname="org.eclipse.jdt.core.tests.compiler.parser.SelectionTest" time="0"/>
  <testcase name="test39 - 1.4" classname="org.eclipse.jdt.core.tests.compiler.parser.DietRecoveryTest" time="0.001"/>
  <testcase name="test39 - 1.4" classname="org.eclipse.jdt.core.tests.compiler.parser.SourceElementParserTest" time="0.001"/>
  <testcase name="test40 - 1.4" classname="org.eclipse.jdt.core.tests.compiler.parser.DietCompletionTest" time="0"/>
  <testcase name="test40 - 1.4" classname="org.eclipse.jdt.core.tests.compiler.parser.SelectionTest" time="0"/>
  <testcase name="test40 - 1.4" classname="org.eclipse.jdt.core.tests.compiler.parser.DietRecoveryTest" time="0.002"/>
  <testcase name="test40 - 1.4" classname="org.eclipse.jdt.core.tests.compiler.parser.SourceElementParserTest" time="0"/>
  <testcase name="test41 - 1.4" classname="org.eclipse.jdt.core.tests.compiler.parser.DietCompletionTest" time="0"/>
  <testcase name="test41 - 1.4" classname="org.eclipse.jdt.core.tests.compiler.parser.SelectionTest" time="0.001"/>
  <testcase name="test41 - 1.4" classname="org.eclipse.jdt.core.tests.compiler.parser.DietRecoveryTest" time="0.004"/>
  <testcase name="test41 - 1.4" classname="org.eclipse.jdt.core.tests.compiler.parser.SourceElementParserTest" time="0.001"/>
  <testcase name="test42 - 1.4" classname="org.eclipse.jdt.core.tests.compiler.parser.DietCompletionTest" time="0"/>
  <testcase name="test42 - 1.4" classname="org.eclipse.jdt.core.tests.compiler.parser.SelectionTest" time="0"/>
  <testcase name="test42 - 1.4" classname="org.eclipse.jdt.core.tests.compiler.parser.DietRecoveryTest" time="0.003"/>
  <testcase name="test42 - 1.4" classname="org.eclipse.jdt.core.tests.compiler.parser.SourceElementParserTest" time="0"/>
  <testcase name="test43 - 1.4" classname="org.eclipse.jdt.core.tests.compiler.parser.DietCompletionTest" time="0"/>
  <testcase name="test43 - 1.4" classname="org.eclipse.jdt.core.tests.compiler.parser.SelectionTest" time="0"/>
  <testcase name="test43 - 1.4" classname="org.eclipse.jdt.core.tests.compiler.parser.DietRecoveryTest" time="0.004"/>
  <testcase name="test43 - 1.4" classname="org.eclipse.jdt.core.tests.compiler.parser.SourceElementParserTest" time="0.001"/>
  <testcase name="test44 - 1.4" classname="org.eclipse.jdt.core.tests.compiler.parser.DietCompletionTest" time="0.001"/>
  <testcase name="test44 - 1.4" classname="org.eclipse.jdt.core.tests.compiler.parser.SelectionTest" time="0.001"/>
  <testcase name="test44 - 1.4" classname="org.eclipse.jdt.core.tests.compiler.parser.DietRecoveryTest" time="0.002"/>
  <testcase name="test44 - 1.4" classname="org.eclipse.jdt.core.tests.compiler.parser.SourceElementParserTest" time="0"/>
  <testcase name="test45 - 1.4" classname="org.eclipse.jdt.core.tests.compiler.parser.DietCompletionTest" time="0"/>
  <testcase name="test45 - 1.4" classname="org.eclipse.jdt.core.tests.compiler.parser.SelectionTest" time="0"/>
  <testcase name="test45 - 1.4" classname="org.eclipse.jdt.core.tests.compiler.parser.DietRecoveryTest" time="0.001"/>
  <testcase name="test45 - 1.4" classname="org.eclipse.jdt.core.tests.compiler.parser.SourceElementParserTest" time="0"/>
  <testcase name="test46 - 1.4" classname="org.eclipse.jdt.core.tests.compiler.parser.DietCompletionTest" time="0"/>
  <testcase name="test46 - 1.4" classname="org.eclipse.jdt.core.tests.compiler.parser.SelectionTest" time="0"/>
  <testcase name="test46 - 1.4" classname="org.eclipse.jdt.core.tests.compiler.parser.DietRecoveryTest" time="0.005"/>
  <testcase name="test46 - 1.4" classname="org.eclipse.jdt.core.tests.compiler.parser.SourceElementParserTest" time="0"/>
  <testcase name="test47 - 1.4" classname="org.eclipse.jdt.core.tests.compiler.parser.DietCompletionTest" time="0"/>
  <testcase name="test47 - 1.4" classname="org.eclipse.jdt.core.tests.compiler.parser.SelectionTest" time="0.001"/>
  <testcase name="test47 - 1.4" classname="org.eclipse.jdt.core.tests.compiler.parser.DietRecoveryTest" time="0.002"/>
  <testcase name="test47 - 1.4" classname="org.eclipse.jdt.core.tests.compiler.parser.SourceElementParserTest" time="0"/>
  <testcase name="test48 - 1.4" classname="org.eclipse.jdt.core.tests.compiler.parser.DietCompletionTest" time="0"/>
  <testcase name="test48 - 1.4" classname="org.eclipse.jdt.core.tests.compiler.parser.SelectionTest" time="0"/>
  <testcase name="test48 - 1.4" classname="org.eclipse.jdt.core.tests.compiler.parser.DietRecoveryTest" time="0.001"/>
  <testcase name="test48 - 1.4" classname="org.eclipse.jdt.core.tests.compiler.parser.SourceElementParserTest" time="0"/>
  <testcase name="test49 - 1.4" classname="org.eclipse.jdt.core.tests.compiler.parser.DietCompletionTest" time="0"/>
  <testcase name="test49 - 1.4" classname="org.eclipse.jdt.core.tests.compiler.parser.SelectionTest" time="0"/>
  <testcase name="test49 - 1.4" classname="org.eclipse.jdt.core.tests.compiler.parser.DietRecoveryTest" time="0.003"/>
  <testcase name="test49 - 1.4" classname="org.eclipse.jdt.core.tests.compiler.parser.SourceElementParserTest" time="0"/>
  <testcase name="test50 - 1.4" classname="org.eclipse.jdt.core.tests.compiler.parser.DietCompletionTest" time="0"/>
  <testcase name="test50 - 1.4" classname="org.eclipse.jdt.core.tests.compiler.parser.SelectionTest" time="0"/>
  <testcase name="test50 - 1.4" classname="org.eclipse.jdt.core.tests.compiler.parser.DietRecoveryTest" time="0.002"/>
  <testcase name="test50 - 1.4" classname="org.eclipse.jdt.core.tests.compiler.parser.SourceElementParserTest" time="0"/>
  <testcase name="test51 - 1.4" classname="org.eclipse.jdt.core.tests.compiler.parser.DietCompletionTest" time="0.001"/>
  <testcase name="test51 - 1.4" classname="org.eclipse.jdt.core.tests.compiler.parser.SelectionTest" time="0"/>
  <testcase name="test51 - 1.4" classname="org.eclipse.jdt.core.tests.compiler.parser.DietRecoveryTest" time="0.002"/>
  <testcase name="test51 - 1.4" classname="org.eclipse.jdt.core.tests.compiler.parser.SourceElementParserTest" time="0.001"/>
  <testcase name="test52 - 1.4" classname="org.eclipse.jdt.core.tests.compiler.parser.DietCompletionTest" time="0"/>
  <testcase name="test52 - 1.4" classname="org.eclipse.jdt.core.tests.compiler.parser.SelectionTest" time="0"/>
  <testcase name="test52 - 1.4" classname="org.eclipse.jdt.core.tests.compiler.parser.DietRecoveryTest" time="0.002"/>
  <testcase name="test52 - 1.4" classname="org.eclipse.jdt.core.tests.compiler.parser.SourceElementParserTest" time="0.001"/>
  <testcase name="test53 - 1.4" classname="org.eclipse.jdt.core.tests.compiler.parser.DietCompletionTest" time="0"/>
  <testcase name="test53 - 1.4" classname="org.eclipse.jdt.core.tests.compiler.parser.SelectionTest" time="0"/>
  <testcase name="test53 - 1.4" classname="org.eclipse.jdt.core.tests.compiler.parser.DietRecoveryTest" time="0.002"/>
  <testcase name="test53 - 1.4" classname="org.eclipse.jdt.core.tests.compiler.parser.SourceElementParserTest" time="0"/>
  <testcase name="test54 - 1.4" classname="org.eclipse.jdt.core.tests.compiler.parser.DietCompletionTest" time="0.001"/>
  <testcase name="test54 - 1.4" classname="org.eclipse.jdt.core.tests.compiler.parser.SelectionTest" time="0.001"/>
  <testcase name="test54 - 1.4" classname="org.eclipse.jdt.core.tests.compiler.parser.DietRecoveryTest" time="0.003"/>
  <testcase name="test54 - 1.4" classname="org.eclipse.jdt.core.tests.compiler.parser.SourceElementParserTest" time="0.001"/>
  <testcase name="test55 - 1.4" classname="org.eclipse.jdt.core.tests.compiler.parser.DietCompletionTest" time="0"/>
  <testcase name="test55 - 1.4" classname="org.eclipse.jdt.core.tests.compiler.parser.SelectionTest" time="0"/>
  <testcase name="test55 - 1.4" classname="org.eclipse.jdt.core.tests.compiler.parser.DietRecoveryTest" time="0.001"/>
  <testcase name="test55 - 1.4" classname="org.eclipse.jdt.core.tests.compiler.parser.SourceElementParserTest" time="0.001"/>
  <testcase name="testPrimarySuper - 1.4" classname="org.eclipse.jdt.core.tests.compiler.parser.ExplicitConstructorInvocationCompletionTest" time="0"/>
  <testcase name="testPrimarySuper - 1.4" classname="org.eclipse.jdt.core.tests.compiler.parser.ExplicitConstructorInvocationSelectionTest" time="0"/>
  <testcase name="testPrimaryThis - 1.4" classname="org.eclipse.jdt.core.tests.compiler.parser.ExplicitConstructorInvocationCompletionTest" time="0.001"/>
  <testcase name="testSuper - 1.4" classname="org.eclipse.jdt.core.tests.compiler.parser.ExplicitConstructorInvocationCompletionTest" time="0"/>
  <testcase name="testSuper - 1.4" classname="org.eclipse.jdt.core.tests.compiler.parser.MethodInvocationCompletionTest" time="0"/>
  <testcase name="testSuper - 1.4" classname="org.eclipse.jdt.core.tests.compiler.parser.ExplicitConstructorInvocationSelectionTest" time="0"/>
  <testcase name="testThis - 1.4" classname="org.eclipse.jdt.core.tests.compiler.parser.ExplicitConstructorInvocationCompletionTest" time="0"/>
  <testcase name="testThis - 1.4" classname="org.eclipse.jdt.core.tests.compiler.parser.ExplicitConstructorInvocationSelectionTest" time="0.001"/>
  <testcase name="testWrapperNameSuper - 1.4" classname="org.eclipse.jdt.core.tests.compiler.parser.ExplicitConstructorInvocationCompletionTest" time="0.001"/>
  <testcase name="testWrapperNameThis - 1.4" classname="org.eclipse.jdt.core.tests.compiler.parser.ExplicitConstructorInvocationCompletionTest" time="0"/>
  <testcase name="testWrapperPrimarySuper - 1.4" classname="org.eclipse.jdt.core.tests.compiler.parser.ExplicitConstructorInvocationCompletionTest" time="0"/>
  <testcase name="testWrapperSuper - 1.4" classname="org.eclipse.jdt.core.tests.compiler.parser.ExplicitConstructorInvocationCompletionTest" time="0"/>
  <testcase name="testWrapperThis - 1.4" classname="org.eclipse.jdt.core.tests.compiler.parser.ExplicitConstructorInvocationCompletionTest" time="0"/>
  <testcase name="testAdditiveExpressionMinus - 1.4" classname="org.eclipse.jdt.core.tests.compiler.parser.FieldAccessCompletionTest" time="0"/>
  <testcase name="testAdditiveExpressionPlus - 1.4" classname="org.eclipse.jdt.core.tests.compiler.parser.FieldAccessCompletionTest" time="0"/>
  <testcase name="testAndExpression - 1.4" classname="org.eclipse.jdt.core.tests.compiler.parser.FieldAccessCompletionTest" time="0.001"/>
  <testcase name="testArgumentList - 1.4" classname="org.eclipse.jdt.core.tests.compiler.parser.FieldAccessCompletionTest" time="0"/>
  <testcase name="testArrayAccess - 1.4" classname="org.eclipse.jdt.core.tests.compiler.parser.FieldAccessCompletionTest" time="0"/>
  <testcase name="testArrayAccessPrimaryNoNewArray - 1.4" classname="org.eclipse.jdt.core.tests.compiler.parser.FieldAccessCompletionTest" time="0.001"/>
  <testcase name="testArrayInitializer - 1.4" classname="org.eclipse.jdt.core.tests.compiler.parser.FieldAccessCompletionTest" time="0"/>
  <testcase name="testArrayInitializerComma - 1.4" classname="org.eclipse.jdt.core.tests.compiler.parser.FieldAccessCompletionTest" time="0"/>
  <testcase name="testAssignment - 1.4" classname="org.eclipse.jdt.core.tests.compiler.parser.FieldAccessCompletionTest" time="0"/>
  <testcase name="testBlock - 1.4" classname="org.eclipse.jdt.core.tests.compiler.parser.FieldAccessCompletionTest" time="0"/>
  <testcase name="testBlock - 1.4" classname="org.eclipse.jdt.core.tests.compiler.parser.ReferenceTypeCompletionTest" time="0"/>
  <testcase name="testBlockStatements - 1.4" classname="org.eclipse.jdt.core.tests.compiler.parser.FieldAccessCompletionTest" time="0"/>
  <testcase name="testBlockStatements - 1.4" classname="org.eclipse.jdt.core.tests.compiler.parser.ReferenceTypeCompletionTest" time="0"/>
  <testcase name="testBlockStatementsInConstructorBody - 1.4" classname="org.eclipse.jdt.core.tests.compiler.parser.FieldAccessCompletionTest" time="0"/>
  <testcase name="testBlockStatementsInInitializer - 1.4" classname="org.eclipse.jdt.core.tests.compiler.parser.FieldAccessCompletionTest" time="0.001"/>
  <testcase name="testBlockStatementsInStaticInitializer - 1.4" classname="org.eclipse.jdt.core.tests.compiler.parser.FieldAccessCompletionTest" time="0"/>
  <testcase name="testCastExpression - 1.4" classname="org.eclipse.jdt.core.tests.compiler.parser.FieldAccessCompletionTest" time="0"/>
  <testcase name="testCastExpressionUnaryExpression - 1.4" classname="org.eclipse.jdt.core.tests.compiler.parser.FieldAccessCompletionTest" time="0.001"/>
  <testcase name="testClassInstanceCreationExpression - 1.4" classname="org.eclipse.jdt.core.tests.compiler.parser.FieldAccessCompletionTest" time="0"/>
  <testcase name="testClassInstanceCreationExpressionName - 1.4" classname="org.eclipse.jdt.core.tests.compiler.parser.FieldAccessCompletionTest" time="0"/>
  <testcase name="testClassInstanceCreationExpressionPrimary - 1.4" classname="org.eclipse.jdt.core.tests.compiler.parser.FieldAccessCompletionTest" time="0"/>
  <testcase name="testConditionalAndExpression - 1.4" classname="org.eclipse.jdt.core.tests.compiler.parser.FieldAccessCompletionTest" time="0"/>
  <testcase name="testConditionalExpression - 1.4" classname="org.eclipse.jdt.core.tests.compiler.parser.FieldAccessCompletionTest" time="0"/>
  <testcase name="testConditionalExpressionConditionalExpression - 1.4" classname="org.eclipse.jdt.core.tests.compiler.parser.FieldAccessCompletionTest" time="0"/>
  <testcase name="testConditionalOrExpression - 1.4" classname="org.eclipse.jdt.core.tests.compiler.parser.FieldAccessCompletionTest" time="0.001"/>
  <testcase name="testConstructorBody - 1.4" classname="org.eclipse.jdt.core.tests.compiler.parser.FieldAccessCompletionTest" time="0"/>
  <testcase name="testConstructorBody - 1.4" classname="org.eclipse.jdt.core.tests.compiler.parser.ReferenceTypeCompletionTest" time="0.001"/>
  <testcase name="testDimWithOrWithOutExpr - 1.4" classname="org.eclipse.jdt.core.tests.compiler.parser.FieldAccessCompletionTest" time="0"/>
  <testcase name="testDoExpression - 1.4" classname="org.eclipse.jdt.core.tests.compiler.parser.FieldAccessCompletionTest" time="0.001"/>
  <testcase name="testDoStatement - 1.4" classname="org.eclipse.jdt.core.tests.compiler.parser.FieldAccessCompletionTest" time="0"/>
  <testcase name="testEqualityExpression - 1.4" classname="org.eclipse.jdt.core.tests.compiler.parser.FieldAccessCompletionTest" time="0"/>
  <testcase name="testEqualityExpressionNot - 1.4" classname="org.eclipse.jdt.core.tests.compiler.parser.FieldAccessCompletionTest" time="0.001"/>
  <testcase name="testExclusiveOrExpression - 1.4" classname="org.eclipse.jdt.core.tests.compiler.parser.FieldAccessCompletionTest" time="0"/>
  <testcase name="testExplicitConstructorInvocationInConstructorBody - 1.4" classname="org.eclipse.jdt.core.tests.compiler.parser.FieldAccessCompletionTest" time="0"/>
  <testcase name="testForInit - 1.4" classname="org.eclipse.jdt.core.tests.compiler.parser.FieldAccessCompletionTest" time="0.001"/>
  <testcase name="testForStatement - 1.4" classname="org.eclipse.jdt.core.tests.compiler.parser.FieldAccessCompletionTest" time="0"/>
  <testcase name="testForStatement - 1.4" classname="org.eclipse.jdt.core.tests.compiler.parser.ReferenceTypeCompletionTest" time="0"/>
  <testcase name="testForStatementExpression - 1.4" classname="org.eclipse.jdt.core.tests.compiler.parser.FieldAccessCompletionTest" time="0"/>
  <testcase name="testForUpdate - 1.4" classname="org.eclipse.jdt.core.tests.compiler.parser.FieldAccessCompletionTest" time="0.001"/>
  <testcase name="testIfExpresionThen - 1.4" classname="org.eclipse.jdt.core.tests.compiler.parser.FieldAccessCompletionTest" time="0"/>
  <testcase name="testIfExpresionThenElse - 1.4" classname="org.eclipse.jdt.core.tests.compiler.parser.FieldAccessCompletionTest" time="0"/>
  <testcase name="testIfThenElseStatement - 1.4" classname="org.eclipse.jdt.core.tests.compiler.parser.FieldAccessCompletionTest" time="0.001"/>
  <testcase name="testIfThenStatement - 1.4" classname="org.eclipse.jdt.core.tests.compiler.parser.FieldAccessCompletionTest" time="0"/>
  <testcase name="testIfThenStatementElse - 1.4" classname="org.eclipse.jdt.core.tests.compiler.parser.FieldAccessCompletionTest" time="0"/>
  <testcase name="testInclusiveOrExpression - 1.4" classname="org.eclipse.jdt.core.tests.compiler.parser.FieldAccessCompletionTest" time="0"/>
  <testcase name="testLabeledStatement - 1.4" classname="org.eclipse.jdt.core.tests.compiler.parser.FieldAccessCompletionTest" time="0.001"/>
  <testcase name="testMethodBody - 1.4" classname="org.eclipse.jdt.core.tests.compiler.parser.FieldAccessCompletionTest" time="0"/>
  <testcase name="testMethodBody - 1.4" classname="org.eclipse.jdt.core.tests.compiler.parser.ReferenceTypeCompletionTest" time="0"/>
  <testcase name="testMethodInvocation - 1.4" classname="org.eclipse.jdt.core.tests.compiler.parser.FieldAccessCompletionTest" time="0"/>
  <testcase name="testMethodInvocationPrimary - 1.4" classname="org.eclipse.jdt.core.tests.compiler.parser.FieldAccessCompletionTest" time="0"/>
  <testcase name="testMethodInvocationSuper - 1.4" classname="org.eclipse.jdt.core.tests.compiler.parser.FieldAccessCompletionTest" time="0"/>
  <testcase name="testMultiplicativeExpressionMultiplication - 1.4" classname="org.eclipse.jdt.core.tests.compiler.parser.FieldAccessCompletionTest" time="0"/>
  <testcase name="testMultiplicativeExpressionRemainder - 1.4" classname="org.eclipse.jdt.core.tests.compiler.parser.FieldAccessCompletionTest" time="0"/>
  <testcase name="testMultiplicativeExpressiondDivision - 1.4" classname="org.eclipse.jdt.core.tests.compiler.parser.FieldAccessCompletionTest" time="0"/>
  <testcase name="testPreIncrementExpressionMinusMinus - 1.4" classname="org.eclipse.jdt.core.tests.compiler.parser.FieldAccessCompletionTest" time="0"/>
  <testcase name="testPreIncrementExpressionPlusPlus - 1.4" classname="org.eclipse.jdt.core.tests.compiler.parser.FieldAccessCompletionTest" time="0"/>
  <testcase name="testPrimaryNoNewArray - 1.4" classname="org.eclipse.jdt.core.tests.compiler.parser.FieldAccessCompletionTest" time="0.001"/>
  <testcase name="testRelationalExpressionGreaterThan - 1.4" classname="org.eclipse.jdt.core.tests.compiler.parser.FieldAccessCompletionTest" time="0"/>
  <testcase name="testRelationalExpressionGreaterThanOrEquals - 1.4" classname="org.eclipse.jdt.core.tests.compiler.parser.FieldAccessCompletionTest" time="0"/>
  <testcase name="testRelationalExpressionLessThan - 1.4" classname="org.eclipse.jdt.core.tests.compiler.parser.FieldAccessCompletionTest" time="0.001"/>
  <testcase name="testRelationalExpressionLessThanOrEqual - 1.4" classname="org.eclipse.jdt.core.tests.compiler.parser.FieldAccessCompletionTest" time="0"/>
  <testcase name="testReturnStatement - 1.4" classname="org.eclipse.jdt.core.tests.compiler.parser.FieldAccessCompletionTest" time="0"/>
  <testcase name="testShiftExpressionLeft - 1.4" classname="org.eclipse.jdt.core.tests.compiler.parser.FieldAccessCompletionTest" time="0"/>
  <testcase name="testShiftExpressionRight - 1.4" classname="org.eclipse.jdt.core.tests.compiler.parser.FieldAccessCompletionTest" time="0"/>
  <testcase name="testShiftExpressionRightUnSigned - 1.4" classname="org.eclipse.jdt.core.tests.compiler.parser.FieldAccessCompletionTest" time="0"/>
  <testcase name="testStatementExpressionList - 1.4" classname="org.eclipse.jdt.core.tests.compiler.parser.FieldAccessCompletionTest" time="0"/>
  <testcase name="testSwitchBlockStatement - 1.4" classname="org.eclipse.jdt.core.tests.compiler.parser.FieldAccessCompletionTest" time="0"/>
  <testcase name="testSwitchBlockStatement - 1.4" classname="org.eclipse.jdt.core.tests.compiler.parser.ReferenceTypeCompletionTest" time="0"/>
  <testcase name="testSwitchExpression - 1.4" classname="org.eclipse.jdt.core.tests.compiler.parser.FieldAccessCompletionTest" time="0"/>
  <testcase name="testSwitchLabel - 1.4" classname="org.eclipse.jdt.core.tests.compiler.parser.FieldAccessCompletionTest" time="0"/>
  <testcase name="testSynchronizedStatement - 1.4" classname="org.eclipse.jdt.core.tests.compiler.parser.FieldAccessCompletionTest" time="0.001"/>
  <testcase name="testThrowExpression - 1.4" classname="org.eclipse.jdt.core.tests.compiler.parser.FieldAccessCompletionTest" time="0"/>
  <testcase name="testUnaryExpressionBitwiseComplement - 1.4" classname="org.eclipse.jdt.core.tests.compiler.parser.FieldAccessCompletionTest" time="0"/>
  <testcase name="testUnaryExpressionLogicalComplement - 1.4" classname="org.eclipse.jdt.core.tests.compiler.parser.FieldAccessCompletionTest" time="0.001"/>
  <testcase name="testUnaryExpressionMinus - 1.4" classname="org.eclipse.jdt.core.tests.compiler.parser.FieldAccessCompletionTest" time="0"/>
  <testcase name="testUnaryExpressionPlus - 1.4" classname="org.eclipse.jdt.core.tests.compiler.parser.FieldAccessCompletionTest" time="0"/>
  <testcase name="testVariableDeclarator - 1.4" classname="org.eclipse.jdt.core.tests.compiler.parser.FieldAccessCompletionTest" time="0"/>
  <testcase name="testVariableInitializers - 1.4" classname="org.eclipse.jdt.core.tests.compiler.parser.FieldAccessCompletionTest" time="0"/>
  <testcase name="testWhileExpression - 1.4" classname="org.eclipse.jdt.core.tests.compiler.parser.FieldAccessCompletionTest" time="0"/>
  <testcase name="testWhileStatement - 1.4" classname="org.eclipse.jdt.core.tests.compiler.parser.FieldAccessCompletionTest" time="0"/>
  <testcase name="testAnonymousFirstMethod - 1.4" classname="org.eclipse.jdt.core.tests.compiler.parser.InnerTypeCompletionTest" time="0"/>
  <testcase name="testAnonymousNoStatementBefore - 1.4" classname="org.eclipse.jdt.core.tests.compiler.parser.InnerTypeCompletionTest" time="0"/>
  <testcase name="testAnonymousOneFieldBefore - 1.4" classname="org.eclipse.jdt.core.tests.compiler.parser.InnerTypeCompletionTest" time="0.001"/>
  <testcase name="testAnonymousOneStatementBefore - 1.4" classname="org.eclipse.jdt.core.tests.compiler.parser.InnerTypeCompletionTest" time="0"/>
  <testcase name="testAnonymousSecondMethod - 1.4" classname="org.eclipse.jdt.core.tests.compiler.parser.InnerTypeCompletionTest" time="0"/>
  <testcase name="testLocalTypeFirstMethod - 1.4" classname="org.eclipse.jdt.core.tests.compiler.parser.InnerTypeCompletionTest" time="0.001"/>
  <testcase name="testLocalTypeNoStatementBefore - 1.4" classname="org.eclipse.jdt.core.tests.compiler.parser.InnerTypeCompletionTest" time="0"/>
  <testcase name="testLocalTypeOneFieldBefore - 1.4" classname="org.eclipse.jdt.core.tests.compiler.parser.InnerTypeCompletionTest" time="0"/>
  <testcase name="testLocalTypeOneStatementBefore - 1.4" classname="org.eclipse.jdt.core.tests.compiler.parser.InnerTypeCompletionTest" time="0"/>
  <testcase name="testLocalTypeSecondMethod - 1.4" classname="org.eclipse.jdt.core.tests.compiler.parser.InnerTypeCompletionTest" time="0"/>
  <testcase name="test020 - 1.4" classname="org.eclipse.jdt.core.tests.compiler.parser.JavadocCompletionParserTest" time="0"/>
  <testcase name="test020 - 1.4" classname="org.eclipse.jdt.core.tests.compiler.parser.ParserTest" time="0.002"/>
  <testcase name="test021 - 1.4" classname="org.eclipse.jdt.core.tests.compiler.parser.JavadocCompletionParserTest" time="0"/>
  <testcase name="test021 - 1.4" classname="org.eclipse.jdt.core.tests.compiler.parser.ParserTest" time="0.194"/>
  <testcase name="test022 - 1.4" classname="org.eclipse.jdt.core.tests.compiler.parser.JavadocCompletionParserTest" time="0"/>
  <testcase name="test022 - 1.4" classname="org.eclipse.jdt.core.tests.compiler.parser.ParserTest" time="0.003"/>
  <testcase name="test023 - 1.4" classname="org.eclipse.jdt.core.tests.compiler.parser.JavadocCompletionParserTest" time="0"/>
  <testcase name="test023 - 1.4" classname="org.eclipse.jdt.core.tests.compiler.parser.ParserTest" time="0"/>
  <testcase name="test024 - 1.4" classname="org.eclipse.jdt.core.tests.compiler.parser.JavadocCompletionParserTest" time="0"/>
  <testcase name="test024 - 1.4" classname="org.eclipse.jdt.core.tests.compiler.parser.ParserTest" time="0"/>
  <testcase name="test025 - 1.4" classname="org.eclipse.jdt.core.tests.compiler.parser.JavadocCompletionParserTest" time="0"/>
  <testcase name="test025 - 1.4" classname="org.eclipse.jdt.core.tests.compiler.parser.ParserTest" time="0.001"/>
  <testcase name="test026 - 1.4" classname="org.eclipse.jdt.core.tests.compiler.parser.JavadocCompletionParserTest" time="0"/>
  <testcase name="test026 - 1.4" classname="org.eclipse.jdt.core.tests.compiler.parser.ParserTest" time="0.001"/>
  <testcase name="test027 - 1.4" classname="org.eclipse.jdt.core.tests.compiler.parser.JavadocCompletionParserTest" time="0"/>
  <testcase name="test027 - 1.4" classname="org.eclipse.jdt.core.tests.compiler.parser.ParserTest" time="0.001"/>
  <testcase name="test028 - 1.4" classname="org.eclipse.jdt.core.tests.compiler.parser.JavadocCompletionParserTest" time="0"/>
  <testcase name="test029 - 1.4" classname="org.eclipse.jdt.core.tests.compiler.parser.JavadocCompletionParserTest" time="0"/>
  <testcase name="test030 - 1.4" classname="org.eclipse.jdt.core.tests.compiler.parser.JavadocCompletionParserTest" time="0.001"/>
  <testcase name="test031 - 1.4" classname="org.eclipse.jdt.core.tests.compiler.parser.JavadocCompletionParserTest" time="0"/>
  <testcase name="test032 - 1.4" classname="org.eclipse.jdt.core.tests.compiler.parser.JavadocCompletionParserTest" time="0"/>
  <testcase name="test1FTEO9L - 1.4" classname="org.eclipse.jdt.core.tests.compiler.parser.LabelStatementCompletionTest" time="0.001"/>
  <testcase name="testInCaseWithIdentifier - 1.4" classname="org.eclipse.jdt.core.tests.compiler.parser.LabelStatementCompletionTest" time="0"/>
  <testcase name="testInCaseWithNumberConstant - 1.4" classname="org.eclipse.jdt.core.tests.compiler.parser.LabelStatementCompletionTest" time="0"/>
  <testcase name="testInLabeledInnerClass - 1.4" classname="org.eclipse.jdt.core.tests.compiler.parser.LabelStatementCompletionTest" time="0"/>
  <testcase name="testInLabeledInnerClassWithErrorBefore - 1.4" classname="org.eclipse.jdt.core.tests.compiler.parser.LabelStatementCompletionTest" time="0"/>
  <testcase name="testOneLevelDeep - 1.4" classname="org.eclipse.jdt.core.tests.compiler.parser.LabelStatementCompletionTest" time="0"/>
  <testcase name="testSecondLabel - 1.4" classname="org.eclipse.jdt.core.tests.compiler.parser.LabelStatementCompletionTest" time="0"/>
  <testcase name="testTwoLevelDeep - 1.4" classname="org.eclipse.jdt.core.tests.compiler.parser.LabelStatementCompletionTest" time="0"/>
  <testcase name="test1FVVWS8_1 - 1.4" classname="org.eclipse.jdt.core.tests.compiler.parser.MethodInvocationCompletionTest" time="0"/>
  <testcase name="test1FVVWS8_2 - 1.4" classname="org.eclipse.jdt.core.tests.compiler.parser.MethodInvocationCompletionTest" time="0.001"/>
  <testcase name="test1FW2ZTB_1 - 1.4" classname="org.eclipse.jdt.core.tests.compiler.parser.MethodInvocationCompletionTest" time="0"/>
  <testcase name="test1FW2ZTB_2 - 1.4" classname="org.eclipse.jdt.core.tests.compiler.parser.MethodInvocationCompletionTest" time="0"/>
  <testcase name="test1FW35YZ_1 - 1.4" classname="org.eclipse.jdt.core.tests.compiler.parser.MethodInvocationCompletionTest" time="0.001"/>
  <testcase name="test1FW35YZ_2 - 1.4" classname="org.eclipse.jdt.core.tests.compiler.parser.MethodInvocationCompletionTest" time="0"/>
  <testcase name="test1FWYBKF - 1.4" classname="org.eclipse.jdt.core.tests.compiler.parser.MethodInvocationCompletionTest" time="0"/>
  <testcase name="test1GAJBUQ - 1.4" classname="org.eclipse.jdt.core.tests.compiler.parser.MethodInvocationCompletionTest" time="0"/>
  <testcase name="testAfterEmptyAnonymous - 1.4" classname="org.eclipse.jdt.core.tests.compiler.parser.MethodInvocationCompletionTest" time="0"/>
  <testcase name="testAfterFirstParameter - 1.4" classname="org.eclipse.jdt.core.tests.compiler.parser.MethodInvocationCompletionTest" time="0"/>
  <testcase name="testBeforeFirstParameter - 1.4" classname="org.eclipse.jdt.core.tests.compiler.parser.MethodInvocationCompletionTest" time="0"/>
  <testcase name="testBeforeLastParameter - 1.4" classname="org.eclipse.jdt.core.tests.compiler.parser.MethodInvocationCompletionTest" time="0.001"/>
  <testcase name="testBeforeSecondParameter - 1.4" classname="org.eclipse.jdt.core.tests.compiler.parser.MethodInvocationCompletionTest" time="0"/>
  <testcase name="testEmptyInFirstParameter - 1.4" classname="org.eclipse.jdt.core.tests.compiler.parser.MethodInvocationCompletionTest" time="0"/>
  <testcase name="testInFirstParameter - 1.4" classname="org.eclipse.jdt.core.tests.compiler.parser.MethodInvocationCompletionTest" time="0"/>
  <testcase name="testLabeledWithExpressionReceiver - 1.4" classname="org.eclipse.jdt.core.tests.compiler.parser.MethodInvocationCompletionTest" time="0"/>
  <testcase name="testLabeledWithoutReceiver - 1.4" classname="org.eclipse.jdt.core.tests.compiler.parser.MethodInvocationCompletionTest" time="0"/>
  <testcase name="testNoReceiver - 1.4" classname="org.eclipse.jdt.core.tests.compiler.parser.MethodInvocationCompletionTest" time="0.001"/>
  <testcase name="testSpaceThenFirstParameter - 1.4" classname="org.eclipse.jdt.core.tests.compiler.parser.MethodInvocationCompletionTest" time="0"/>
  <testcase name="testWithExpressionReceiver - 1.4" classname="org.eclipse.jdt.core.tests.compiler.parser.MethodInvocationCompletionTest" time="0"/>
  <testcase name="testWithNameReceiver - 1.4" classname="org.eclipse.jdt.core.tests.compiler.parser.MethodInvocationCompletionTest" time="0"/>
  <testcase name="testWithNameReceiverAfterConditionalExpression - 1.4" classname="org.eclipse.jdt.core.tests.compiler.parser.MethodInvocationCompletionTest" time="0"/>
  <testcase name="testWithNameReceiverAndTwoArgs - 1.4" classname="org.eclipse.jdt.core.tests.compiler.parser.MethodInvocationCompletionTest" time="0"/>
  <testcase name="testWithQualifiedNameReceiver - 1.4" classname="org.eclipse.jdt.core.tests.compiler.parser.MethodInvocationCompletionTest" time="0.001"/>
  <testcase name="test1FTZ849 - 1.4" classname="org.eclipse.jdt.core.tests.compiler.parser.NameReferenceCompletionTest" time="0"/>
  <testcase name="test1FUUP73 - 1.4" classname="org.eclipse.jdt.core.tests.compiler.parser.NameReferenceCompletionTest" time="0"/>
  <testcase name="test1FVRQQA_1 - 1.4" classname="org.eclipse.jdt.core.tests.compiler.parser.NameReferenceCompletionTest" time="0"/>
  <testcase name="test1FVRQQA_2 - 1.4" classname="org.eclipse.jdt.core.tests.compiler.parser.NameReferenceCompletionTest" time="0"/>
  <testcase name="test1FVT66Q_1 - 1.4" classname="org.eclipse.jdt.core.tests.compiler.parser.NameReferenceCompletionTest" time="0"/>
  <testcase name="test1FVT66Q_2 - 1.4" classname="org.eclipse.jdt.core.tests.compiler.parser.NameReferenceCompletionTest" time="0.001"/>
  <testcase name="test1G8DE30 - 1.4" classname="org.eclipse.jdt.core.tests.compiler.parser.NameReferenceCompletionTest" time="0"/>
  <testcase name="testEmptyNameReference - 1.4" classname="org.eclipse.jdt.core.tests.compiler.parser.NameReferenceCompletionTest" time="0"/>
  <testcase name="testEmptyNameReferenceAfterCast - 1.4" classname="org.eclipse.jdt.core.tests.compiler.parser.NameReferenceCompletionTest" time="0.001"/>
  <testcase name="testEmptyNameReferenceAfterPlus - 1.4" classname="org.eclipse.jdt.core.tests.compiler.parser.NameReferenceCompletionTest" time="0"/>
  <testcase name="testEmptyNameReferenceInArrayDim - 1.4" classname="org.eclipse.jdt.core.tests.compiler.parser.NameReferenceCompletionTest" time="0"/>
  <testcase name="testEmptyNameReferenceInInnerClass - 1.4" classname="org.eclipse.jdt.core.tests.compiler.parser.NameReferenceCompletionTest" time="0"/>
  <testcase name="testInIfThenStatement - 1.4" classname="org.eclipse.jdt.core.tests.compiler.parser.NameReferenceCompletionTest" time="0.001"/>
  <testcase name="testInnerClassFieldInitializer - 1.4" classname="org.eclipse.jdt.core.tests.compiler.parser.NameReferenceCompletionTest" time="0"/>
  <testcase name="testInvocationFieldInitializer - 1.4" classname="org.eclipse.jdt.core.tests.compiler.parser.NameReferenceCompletionTest" time="0"/>
  <testcase name="testMethodInvocationAnonymousInnerClass - 1.4" classname="org.eclipse.jdt.core.tests.compiler.parser.NameReferenceCompletionTest" time="0"/>
  <testcase name="testQualifiedNameReferenceShrinkAll - 1.4" classname="org.eclipse.jdt.core.tests.compiler.parser.NameReferenceCompletionTest" time="0"/>
  <testcase name="testQualifiedNameReferenceShrinkAllButOne - 1.4" classname="org.eclipse.jdt.core.tests.compiler.parser.NameReferenceCompletionTest" time="0"/>
  <testcase name="testQualifiedNameReferenceShrinkAllButOne2 - 1.4" classname="org.eclipse.jdt.core.tests.compiler.parser.NameReferenceCompletionTest" time="0"/>
  <testcase name="testQualifiedNameReferenceShrinkNone - 1.4" classname="org.eclipse.jdt.core.tests.compiler.parser.NameReferenceCompletionTest" time="0.001"/>
  <testcase name="testQualifiedNameReferenceShrinkNone2 - 1.4" classname="org.eclipse.jdt.core.tests.compiler.parser.NameReferenceCompletionTest" time="0"/>
  <testcase name="testQualifiedNameReferenceShrinkOne - 1.4" classname="org.eclipse.jdt.core.tests.compiler.parser.NameReferenceCompletionTest" time="0"/>
  <testcase name="testQualifiedNameReferenceShrinkOne2 - 1.4" classname="org.eclipse.jdt.core.tests.compiler.parser.NameReferenceCompletionTest" time="0"/>
  <testcase name="testUnicode - 1.4" classname="org.eclipse.jdt.core.tests.compiler.parser.NameReferenceCompletionTest" time="0.001"/>
  <testcase name="test1FTZCIG - 1.4" classname="org.eclipse.jdt.core.tests.compiler.parser.ReferenceTypeCompletionTest" time="0"/>
  <testcase name="testCatchClause1 - 1.4" classname="org.eclipse.jdt.core.tests.compiler.parser.ReferenceTypeCompletionTest" time="0"/>
  <testcase name="testCatchClause2 - 1.4" classname="org.eclipse.jdt.core.tests.compiler.parser.ReferenceTypeCompletionTest" time="0"/>
  <testcase name="testCatchClause3 - 1.4" classname="org.eclipse.jdt.core.tests.compiler.parser.ReferenceTypeCompletionTest" time="0"/>
  <testcase name="testClassBody - 1.4" classname="org.eclipse.jdt.core.tests.compiler.parser.ReferenceTypeCompletionTest" time="0"/>
  <testcase name="testClassBodyDeclarations - 1.4" classname="org.eclipse.jdt.core.tests.compiler.parser.ReferenceTypeCompletionTest" time="0.001"/>
  <testcase name="testClassInstanceCreationExpression1 - 1.4" classname="org.eclipse.jdt.core.tests.compiler.parser.ReferenceTypeCompletionTest" time="0"/>
  <testcase name="testClassInstanceCreationExpression2 - 1.4" classname="org.eclipse.jdt.core.tests.compiler.parser.ReferenceTypeCompletionTest" time="0"/>
  <testcase name="testClassInstanceCreationExpression3 - 1.4" classname="org.eclipse.jdt.core.tests.compiler.parser.ReferenceTypeCompletionTest" time="0"/>
  <testcase name="testClassInstanceCreationExpression4 - 1.4" classname="org.eclipse.jdt.core.tests.compiler.parser.ReferenceTypeCompletionTest" time="0.001"/>
  <testcase name="testClassInstanceCreationExpressionName1 - 1.4" classname="org.eclipse.jdt.core.tests.compiler.parser.ReferenceTypeCompletionTest" time="0"/>
  <testcase name="testClassInstanceCreationExpressionName2 - 1.4" classname="org.eclipse.jdt.core.tests.compiler.parser.ReferenceTypeCompletionTest" time="0"/>
  <testcase name="testClassInstanceCreationExpressionName3 - 1.4" classname="org.eclipse.jdt.core.tests.compiler.parser.ReferenceTypeCompletionTest" time="0"/>
  <testcase name="testClassInstanceCreationExpressionName4 - 1.4" classname="org.eclipse.jdt.core.tests.compiler.parser.ReferenceTypeCompletionTest" time="0.001"/>
  <testcase name="testClassInstanceCreationExpressionPrimary1 - 1.4" classname="org.eclipse.jdt.core.tests.compiler.parser.ReferenceTypeCompletionTest" time="0"/>
  <testcase name="testClassInstanceCreationExpressionPrimary2 - 1.4" classname="org.eclipse.jdt.core.tests.compiler.parser.ReferenceTypeCompletionTest" time="0"/>
  <testcase name="testClassInstanceCreationExpressionPrimary3 - 1.4" classname="org.eclipse.jdt.core.tests.compiler.parser.ReferenceTypeCompletionTest" time="0.001"/>
  <testcase name="testClassInstanceCreationExpressionPrimary4 - 1.4" classname="org.eclipse.jdt.core.tests.compiler.parser.ReferenceTypeCompletionTest" time="0"/>
  <testcase name="testClassTypeList - 1.4" classname="org.eclipse.jdt.core.tests.compiler.parser.ReferenceTypeCompletionTest" time="0"/>
  <testcase name="testConstructorDeclarator - 1.4" classname="org.eclipse.jdt.core.tests.compiler.parser.ReferenceTypeCompletionTest" time="0"/>
  <testcase name="testDeepReference - 1.4" classname="org.eclipse.jdt.core.tests.compiler.parser.ReferenceTypeCompletionTest" time="0"/>
  <testcase name="testExtendsClass - 1.4" classname="org.eclipse.jdt.core.tests.compiler.parser.ReferenceTypeCompletionTest" time="0"/>
  <testcase name="testExtendsInterface - 1.4" classname="org.eclipse.jdt.core.tests.compiler.parser.ReferenceTypeCompletionTest" time="0.001"/>
  <testcase name="testFieldDeclarationWithModifiers - 1.4" classname="org.eclipse.jdt.core.tests.compiler.parser.ReferenceTypeCompletionTest" time="0"/>
  <testcase name="testFieldDeclarationWithoutModifiers - 1.4" classname="org.eclipse.jdt.core.tests.compiler.parser.ReferenceTypeCompletionTest" time="0"/>
  <testcase name="testFormalParameter - 1.4" classname="org.eclipse.jdt.core.tests.compiler.parser.ReferenceTypeCompletionTest" time="0.001"/>
  <testcase name="testFormalParameterList - 1.4" classname="org.eclipse.jdt.core.tests.compiler.parser.ReferenceTypeCompletionTest" time="0"/>
  <testcase name="testImplements - 1.4" classname="org.eclipse.jdt.core.tests.compiler.parser.ReferenceTypeCompletionTest" time="0"/>
  <testcase name="testInstanceOf - 1.4" classname="org.eclipse.jdt.core.tests.compiler.parser.ReferenceTypeCompletionTest" time="0"/>
  <testcase name="testInterfaceBody - 1.4" classname="org.eclipse.jdt.core.tests.compiler.parser.ReferenceTypeCompletionTest" time="0"/>
  <testcase name="testInterfaceMemberDeclarations - 1.4" classname="org.eclipse.jdt.core.tests.compiler.parser.ReferenceTypeCompletionTest" time="0.001"/>
  <testcase name="testInterfaceTypeList - 1.4" classname="org.eclipse.jdt.core.tests.compiler.parser.ReferenceTypeCompletionTest" time="0"/>
  <testcase name="testLocalVariableDeclaration - 1.4" classname="org.eclipse.jdt.core.tests.compiler.parser.ReferenceTypeCompletionTest" time="0"/>
  <testcase name="testMethodDeclarator - 1.4" classname="org.eclipse.jdt.core.tests.compiler.parser.ReferenceTypeCompletionTest" time="0"/>
  <testcase name="testMethodHeaderWithModifiers - 1.4" classname="org.eclipse.jdt.core.tests.compiler.parser.ReferenceTypeCompletionTest" time="0.001"/>
  <testcase name="testMethodHeaderWithoutModifiers - 1.4" classname="org.eclipse.jdt.core.tests.compiler.parser.ReferenceTypeCompletionTest" time="0"/>
  <testcase name="testQualifiedTypeReferenceShrinkAll - 1.4" classname="org.eclipse.jdt.core.tests.compiler.parser.ReferenceTypeCompletionTest" time="0"/>
  <testcase name="testQualifiedTypeReferenceShrinkAllButOne - 1.4" classname="org.eclipse.jdt.core.tests.compiler.parser.ReferenceTypeCompletionTest" time="0"/>
  <testcase name="testQualifiedTypeReferenceShrinkNone - 1.4" classname="org.eclipse.jdt.core.tests.compiler.parser.ReferenceTypeCompletionTest" time="0"/>
  <testcase name="testQualifiedTypeReferenceShrinkOne - 1.4" classname="org.eclipse.jdt.core.tests.compiler.parser.ReferenceTypeCompletionTest" time="0"/>
  <testcase name="testThrows - 1.4" classname="org.eclipse.jdt.core.tests.compiler.parser.ReferenceTypeCompletionTest" time="0"/>
  <testcase name="testNameSuper - 1.4" classname="org.eclipse.jdt.core.tests.compiler.parser.ExplicitConstructorInvocationSelectionTest" time="0.001"/>
  <testcase name="testNameThis - 1.4" classname="org.eclipse.jdt.core.tests.compiler.parser.ExplicitConstructorInvocationSelectionTest" time="0"/>
  <testcase name="testBug30946 - 1.4" classname="org.eclipse.jdt.core.tests.compiler.parser.SelectionTest2" time="1.009"/>
  <testcase name="test100 - 1.4" classname="org.eclipse.jdt.core.tests.compiler.parser.DietRecoveryTest" time="0.004"/>
  <testcase name="test102 - 1.4" classname="org.eclipse.jdt.core.tests.compiler.parser.DietRecoveryTest" time="0.004"/>
  <testcase name="test103 - 1.4" classname="org.eclipse.jdt.core.tests.compiler.parser.DietRecoveryTest" time="0.004"/>
  <testcase name="test104 - 1.4" classname="org.eclipse.jdt.core.tests.compiler.parser.DietRecoveryTest" time="0.011"/>
  <testcase name="test105 - 1.4" classname="org.eclipse.jdt.core.tests.compiler.parser.DietRecoveryTest" time="0.003"/>
  <testcase name="test106 - 1.4" classname="org.eclipse.jdt.core.tests.compiler.parser.DietRecoveryTest" time="0"/>
  <testcase name="test107 - 1.4" classname="org.eclipse.jdt.core.tests.compiler.parser.DietRecoveryTest" time="0.002"/>
  <testcase name="test108 - 1.4" classname="org.eclipse.jdt.core.tests.compiler.parser.DietRecoveryTest" time="0.002"/>
  <testcase name="test109 - 1.4" classname="org.eclipse.jdt.core.tests.compiler.parser.DietRecoveryTest" time="0.004"/>
  <testcase name="test110 - 1.4" classname="org.eclipse.jdt.core.tests.compiler.parser.DietRecoveryTest" time="0.003"/>
  <testcase name="test111 - 1.4" classname="org.eclipse.jdt.core.tests.compiler.parser.DietRecoveryTest" time="0.002"/>
  <testcase name="test112 - 1.4" classname="org.eclipse.jdt.core.tests.compiler.parser.DietRecoveryTest" time="0.006"/>
  <testcase name="test113 - 1.4" classname="org.eclipse.jdt.core.tests.compiler.parser.DietRecoveryTest" time="0.006"/>
  <testcase name="test114 - 1.4" classname="org.eclipse.jdt.core.tests.compiler.parser.DietRecoveryTest" time="0.002"/>
  <testcase name="test115 - 1.4" classname="org.eclipse.jdt.core.tests.compiler.parser.DietRecoveryTest" time="0.002"/>
  <testcase name="test116 - 1.4" classname="org.eclipse.jdt.core.tests.compiler.parser.DietRecoveryTest" time="0.003"/>
  <testcase name="test117 - 1.4" classname="org.eclipse.jdt.core.tests.compiler.parser.DietRecoveryTest" time="0.005"/>
  <testcase name="test117_2 - 1.4" classname="org.eclipse.jdt.core.tests.compiler.parser.DietRecoveryTest" time="0.002"/>
  <testcase name="test118 - 1.4" classname="org.eclipse.jdt.core.tests.compiler.parser.DietRecoveryTest" time="0.002"/>
  <testcase name="test119 - 1.4" classname="org.eclipse.jdt.core.tests.compiler.parser.DietRecoveryTest" time="0.003"/>
  <testcase name="test120 - 1.4" classname="org.eclipse.jdt.core.tests.compiler.parser.DietRecoveryTest" time="0.002"/>
  <testcase name="test121 - 1.4" classname="org.eclipse.jdt.core.tests.compiler.parser.DietRecoveryTest" time="0.002"/>
  <testcase name="test122 - 1.4" classname="org.eclipse.jdt.core.tests.compiler.parser.DietRecoveryTest" time="0.003"/>
  <testcase name="test123 - 1.4" classname="org.eclipse.jdt.core.tests.compiler.parser.DietRecoveryTest" time="0.004"/>
  <testcase name="test125 - 1.4" classname="org.eclipse.jdt.core.tests.compiler.parser.DietRecoveryTest" time="2.69"/>
  <testcase name="test126 - 1.4" classname="org.eclipse.jdt.core.tests.compiler.parser.DietRecoveryTest" time="0.003"/>
  <testcase name="test127 - 1.4" classname="org.eclipse.jdt.core.tests.compiler.parser.DietRecoveryTest" time="0.001"/>
  <testcase name="test128 - 1.4" classname="org.eclipse.jdt.core.tests.compiler.parser.DietRecoveryTest" time="0.002"/>
  <testcase name="test405778 - 1.4" classname="org.eclipse.jdt.core.tests.compiler.parser.DietRecoveryTest" time="0.001"/>
  <testcase name="test405778a - 1.4" classname="org.eclipse.jdt.core.tests.compiler.parser.DietRecoveryTest" time="0.002"/>
  <testcase name="test456861 - 1.4" classname="org.eclipse.jdt.core.tests.compiler.parser.DietRecoveryTest" time="0.001"/>
  <testcase name="test56 - 1.4" classname="org.eclipse.jdt.core.tests.compiler.parser.DietRecoveryTest" time="0.003"/>
  <testcase name="test56 - 1.4" classname="org.eclipse.jdt.core.tests.compiler.parser.SourceElementParserTest" time="0.001"/>
  <testcase name="test57 - 1.4" classname="org.eclipse.jdt.core.tests.compiler.parser.DietRecoveryTest" time="0.004"/>
  <testcase name="test57 - 1.4" classname="org.eclipse.jdt.core.tests.compiler.parser.SourceElementParserTest" time="0"/>
  <testcase name="test58 - 1.4" classname="org.eclipse.jdt.core.tests.compiler.parser.DietRecoveryTest" time="0.001"/>
  <testcase name="test58 - 1.4" classname="org.eclipse.jdt.core.tests.compiler.parser.SourceElementParserTest" time="0.001"/>
  <testcase name="test59 - 1.4" classname="org.eclipse.jdt.core.tests.compiler.parser.DietRecoveryTest" time="0.001"/>
  <testcase name="test59 - 1.4" classname="org.eclipse.jdt.core.tests.compiler.parser.SourceElementParserTest" time="0"/>
  <testcase name="test60 - 1.4" classname="org.eclipse.jdt.core.tests.compiler.parser.DietRecoveryTest" time="0.002"/>
  <testcase name="test60 - 1.4" classname="org.eclipse.jdt.core.tests.compiler.parser.SourceElementParserTest" time="0.001"/>
  <testcase name="test61 - 1.4" classname="org.eclipse.jdt.core.tests.compiler.parser.DietRecoveryTest" time="0.002"/>
  <testcase name="test61 - 1.4" classname="org.eclipse.jdt.core.tests.compiler.parser.SourceElementParserTest" time="0"/>
  <testcase name="test62 - 1.4" classname="org.eclipse.jdt.core.tests.compiler.parser.DietRecoveryTest" time="0.003"/>
  <testcase name="test62 - 1.4" classname="org.eclipse.jdt.core.tests.compiler.parser.SourceElementParserTest" time="0"/>
  <testcase name="test63 - 1.4" classname="org.eclipse.jdt.core.tests.compiler.parser.DietRecoveryTest" time="0.001"/>
  <testcase name="test63 - 1.4" classname="org.eclipse.jdt.core.tests.compiler.parser.SourceElementParserTest" time="0"/>
  <testcase name="test64 - 1.4" classname="org.eclipse.jdt.core.tests.compiler.parser.DietRecoveryTest" time="0.004"/>
  <testcase name="test64 - 1.4" classname="org.eclipse.jdt.core.tests.compiler.parser.SourceElementParserTest" time="0.001"/>
  <testcase name="test65 - 1.4" classname="org.eclipse.jdt.core.tests.compiler.parser.DietRecoveryTest" time="0.004"/>
  <testcase name="test65 - 1.4" classname="org.eclipse.jdt.core.tests.compiler.parser.SourceElementParserTest" time="0"/>
  <testcase name="test66 - 1.4" classname="org.eclipse.jdt.core.tests.compiler.parser.DietRecoveryTest" time="0.001"/>
  <testcase name="test66 - 1.4" classname="org.eclipse.jdt.core.tests.compiler.parser.SourceElementParserTest" time="0"/>
  <testcase name="test67 - 1.4" classname="org.eclipse.jdt.core.tests.compiler.parser.DietRecoveryTest" time="0.002"/>
  <testcase name="test67 - 1.4" classname="org.eclipse.jdt.core.tests.compiler.parser.SourceElementParserTest" time="0"/>
  <testcase name="test68 - 1.4" classname="org.eclipse.jdt.core.tests.compiler.parser.DietRecoveryTest" time="0.001"/>
  <testcase name="test68 - 1.4" classname="org.eclipse.jdt.core.tests.compiler.parser.SourceElementParserTest" time="0"/>
  <testcase name="test69 - 1.4" classname="org.eclipse.jdt.core.tests.compiler.parser.DietRecoveryTest" time="0.001"/>
  <testcase name="test69 - 1.4" classname="org.eclipse.jdt.core.tests.compiler.parser.SourceElementParserTest" time="0"/>
  <testcase name="test70 - 1.4" classname="org.eclipse.jdt.core.tests.compiler.parser.DietRecoveryTest" time="0.002"/>
  <testcase name="test70 - 1.4" classname="org.eclipse.jdt.core.tests.compiler.parser.SourceElementParserTest" time="0"/>
  <testcase name="test71 - 1.4" classname="org.eclipse.jdt.core.tests.compiler.parser.DietRecoveryTest" time="0.001"/>
  <testcase name="test71 - 1.4" classname="org.eclipse.jdt.core.tests.compiler.parser.SourceElementParserTest" time="0"/>
  <testcase name="test72 - 1.4" classname="org.eclipse.jdt.core.tests.compiler.parser.DietRecoveryTest" time="0.001"/>
  <testcase name="test72 - 1.4" classname="org.eclipse.jdt.core.tests.compiler.parser.SourceElementParserTest" time="0"/>
  <testcase name="test73 - 1.4" classname="org.eclipse.jdt.core.tests.compiler.parser.DietRecoveryTest" time="0.003"/>
  <testcase name="test73 - 1.4" classname="org.eclipse.jdt.core.tests.compiler.parser.SourceElementParserTest" time="0"/>
  <testcase name="test74 - 1.4" classname="org.eclipse.jdt.core.tests.compiler.parser.DietRecoveryTest" time="0.002"/>
  <testcase name="test74 - 1.4" classname="org.eclipse.jdt.core.tests.compiler.parser.SourceElementParserTest" time="0.001"/>
  <testcase name="test75 - 1.4" classname="org.eclipse.jdt.core.tests.compiler.parser.DietRecoveryTest" time="0.008"/>
  <testcase name="test75 - 1.4" classname="org.eclipse.jdt.core.tests.compiler.parser.SourceElementParserTest" time="0.001"/>
  <testcase name="test76 - 1.4" classname="org.eclipse.jdt.core.tests.compiler.parser.DietRecoveryTest" time="0.003"/>
  <testcase name="test76 - 1.4" classname="org.eclipse.jdt.core.tests.compiler.parser.SourceElementParserTest" time="0"/>
  <testcase name="test77 - 1.4" classname="org.eclipse.jdt.core.tests.compiler.parser.DietRecoveryTest" time="0.004"/>
  <testcase name="test78 - 1.4" classname="org.eclipse.jdt.core.tests.compiler.parser.DietRecoveryTest" time="0.003"/>
  <testcase name="test79 - 1.4" classname="org.eclipse.jdt.core.tests.compiler.parser.DietRecoveryTest" time="0.003"/>
  <testcase name="test80 - 1.4" classname="org.eclipse.jdt.core.tests.compiler.parser.DietRecoveryTest" time="0.002"/>
  <testcase name="test81 - 1.4" classname="org.eclipse.jdt.core.tests.compiler.parser.DietRecoveryTest" time="0.003"/>
  <testcase name="test81 - 1.4" classname="org.eclipse.jdt.core.tests.compiler.parser.SourceElementParserTest" time="0.001"/>
  <testcase name="test82 - 1.4" classname="org.eclipse.jdt.core.tests.compiler.parser.DietRecoveryTest" time="0.002"/>
  <testcase name="test83 - 1.4" classname="org.eclipse.jdt.core.tests.compiler.parser.DietRecoveryTest" time="0.001"/>
  <testcase name="test84 - 1.4" classname="org.eclipse.jdt.core.tests.compiler.parser.DietRecoveryTest" time="0.001"/>
  <testcase name="test85 - 1.4" classname="org.eclipse.jdt.core.tests.compiler.parser.DietRecoveryTest" time="0.002"/>
  <testcase name="test86 - 1.4" classname="org.eclipse.jdt.core.tests.compiler.parser.DietRecoveryTest" time="0.001"/>
  <testcase name="test87 - 1.4" classname="org.eclipse.jdt.core.tests.compiler.parser.DietRecoveryTest" time="0.002"/>
  <testcase name="test88 - 1.4" classname="org.eclipse.jdt.core.tests.compiler.parser.DietRecoveryTest" time="0.003"/>
  <testcase name="test89 - 1.4" classname="org.eclipse.jdt.core.tests.compiler.parser.DietRecoveryTest" time="0.002"/>
  <testcase name="test90 - 1.4" classname="org.eclipse.jdt.core.tests.compiler.parser.DietRecoveryTest" time="0.004"/>
  <testcase name="test91 - 1.4" classname="org.eclipse.jdt.core.tests.compiler.parser.DietRecoveryTest" time="0.001"/>
  <testcase name="test92 - 1.4" classname="org.eclipse.jdt.core.tests.compiler.parser.DietRecoveryTest" time="0.001"/>
  <testcase name="test93 - 1.4" classname="org.eclipse.jdt.core.tests.compiler.parser.DietRecoveryTest" time="0.002"/>
  <testcase name="test94 - 1.4" classname="org.eclipse.jdt.core.tests.compiler.parser.DietRecoveryTest" time="0.005"/>
  <testcase name="test95 - 1.4" classname="org.eclipse.jdt.core.tests.compiler.parser.DietRecoveryTest" time="0.001"/>
  <testcase name="test96 - 1.4" classname="org.eclipse.jdt.core.tests.compiler.parser.DietRecoveryTest" time="0.002"/>
  <testcase name="test97 - 1.4" classname="org.eclipse.jdt.core.tests.compiler.parser.DietRecoveryTest" time="0.001"/>
  <testcase name="test98 - 1.4" classname="org.eclipse.jdt.core.tests.compiler.parser.DietRecoveryTest" time="0.003"/>
  <testcase name="test99 - 1.4" classname="org.eclipse.jdt.core.tests.compiler.parser.DietRecoveryTest" time="0.022"/>
  <testcase name="test0021 - 1.4" classname="org.eclipse.jdt.core.tests.compiler.parser.StatementRecoveryTest" time="0"/>
  <testcase name="test0021 - 1.4" classname="org.eclipse.jdt.core.tests.compiler.parser.ComplianceDiagnoseTest" time="0"/>
  <testcase name="test0023 - 1.4" classname="org.eclipse.jdt.core.tests.compiler.parser.StatementRecoveryTest" time="0.001"/>
  <testcase name="test0023 - 1.4" classname="org.eclipse.jdt.core.tests.compiler.parser.ComplianceDiagnoseTest" time="0.001"/>
  <testcase name="test0024 - 1.4" classname="org.eclipse.jdt.core.tests.compiler.parser.StatementRecoveryTest" time="0.002"/>
  <testcase name="test0026 - 1.4" classname="org.eclipse.jdt.core.tests.compiler.parser.StatementRecoveryTest" time="0.001"/>
  <testcase name="test0026 - 1.4" classname="org.eclipse.jdt.core.tests.compiler.parser.ComplianceDiagnoseTest" time="0.002"/>
  <testcase name="test0027 - 1.4" classname="org.eclipse.jdt.core.tests.compiler.parser.StatementRecoveryTest" time="0.002"/>
  <testcase name="test0027 - 1.4" classname="org.eclipse.jdt.core.tests.compiler.parser.ComplianceDiagnoseTest" time="0.001"/>
  <testcase name="test0038 - 1.4" classname="org.eclipse.jdt.core.tests.compiler.parser.StatementRecoveryTest" time="0.002"/>
  <testcase name="test0038 - 1.4" classname="org.eclipse.jdt.core.tests.compiler.parser.ComplianceDiagnoseTest" time="0.001"/>
  <testcase name="test0039 - 1.4" classname="org.eclipse.jdt.core.tests.compiler.parser.StatementRecoveryTest" time="0.001"/>
  <testcase name="test0039 - 1.4" classname="org.eclipse.jdt.core.tests.compiler.parser.ComplianceDiagnoseTest" time="0"/>
  <testcase name="test0041 - 1.4" classname="org.eclipse.jdt.core.tests.compiler.parser.StatementRecoveryTest" time="0.003"/>
  <testcase name="test0041 - 1.4" classname="org.eclipse.jdt.core.tests.compiler.parser.ComplianceDiagnoseTest" time="0"/>
  <testcase name="test0042 - 1.4" classname="org.eclipse.jdt.core.tests.compiler.parser.StatementRecoveryTest" time="0.001"/>
  <testcase name="test0042 - 1.4" classname="org.eclipse.jdt.core.tests.compiler.parser.ComplianceDiagnoseTest" time="0.001"/>
  <testcase name="test0044 - 1.4" classname="org.eclipse.jdt.core.tests.compiler.parser.StatementRecoveryTest" time="0.001"/>
  <testcase name="test0044 - 1.4" classname="org.eclipse.jdt.core.tests.compiler.parser.ComplianceDiagnoseTest" time="0.002"/>
  <testcase name="test0045 - 1.4" classname="org.eclipse.jdt.core.tests.compiler.parser.StatementRecoveryTest" time="0.002"/>
  <testcase name="test0045 - 1.4" classname="org.eclipse.jdt.core.tests.compiler.parser.ComplianceDiagnoseTest" time="0.001"/>
  <testcase name="testBug430336 - 1.4" classname="org.eclipse.jdt.core.tests.compiler.parser.StatementRecoveryTest" time="0.002"/>
  <testcase name="testBug99662 - 1.4" classname="org.eclipse.jdt.core.tests.compiler.parser.SourceElementParserTest" time="0.001"/>
  <testcase name="test018 - 1.4" classname="org.eclipse.jdt.core.tests.compiler.parser.ParserTest" time="0"/>
  <testcase name="test019 - 1.4" classname="org.eclipse.jdt.core.tests.compiler.parser.ParserTest" time="0"/>
  <testcase name="testBug485477 - 1.4" classname="org.eclipse.jdt.core.tests.compiler.parser.ParserTest" time="0.002"/>
  <testcase name="test0056 - 1.4" classname="org.eclipse.jdt.core.tests.compiler.parser.ComplianceDiagnoseTest" time="0.006"/>
  <testcase name="test0057 - 1.4" classname="org.eclipse.jdt.core.tests.compiler.parser.ComplianceDiagnoseTest" time="0.001"/>
  <testcase name="test0059 - 1.4" classname="org.eclipse.jdt.core.tests.compiler.parser.ComplianceDiagnoseTest" time="0"/>
  <testcase name="test401850 - 1.4" classname="org.eclipse.jdt.core.tests.compiler.parser.ComplianceDiagnoseTest" time="0"/>
  <testcase name="test406846 - 1.4" classname="org.eclipse.jdt.core.tests.compiler.parser.ComplianceDiagnoseTest" time="0.003"/>
  <testcase name="test421477 - 1.4" classname="org.eclipse.jdt.core.tests.compiler.parser.ComplianceDiagnoseTest" time="0.001"/>
  <testcase name="test428605 - 1.4" classname="org.eclipse.jdt.core.tests.compiler.parser.ComplianceDiagnoseTest" time="0"/>
  <testcase name="test429110 - 1.4" classname="org.eclipse.jdt.core.tests.compiler.parser.ComplianceDiagnoseTest" time="0"/>
  <testcase name="testBug391201 - 1.4" classname="org.eclipse.jdt.core.tests.compiler.parser.ComplianceDiagnoseTest" time="0"/>
  <testcase name="testBug399773 - 1.4" classname="org.eclipse.jdt.core.tests.compiler.parser.ComplianceDiagnoseTest" time="0.001"/>
  <testcase name="testBug399778 - 1.4" classname="org.eclipse.jdt.core.tests.compiler.parser.ComplianceDiagnoseTest" time="0"/>
  <testcase name="testBug399778a - 1.4" classname="org.eclipse.jdt.core.tests.compiler.parser.ComplianceDiagnoseTest" time="0"/>
  <testcase name="testBug399780 - 1.4" classname="org.eclipse.jdt.core.tests.compiler.parser.ComplianceDiagnoseTest" time="0.001"/>
  <testcase name="testBug399781 - 1.4" classname="org.eclipse.jdt.core.tests.compiler.parser.ComplianceDiagnoseTest" time="0.002"/>
  <testcase name="testBug440285 - 1.4" classname="org.eclipse.jdt.core.tests.compiler.parser.ComplianceDiagnoseTest" time="0"/>
  <testcase name="testBug531714_001 - 1.4" classname="org.eclipse.jdt.core.tests.compiler.parser.ComplianceDiagnoseTest" time="0.001"/>
  <testcase name="testBug531714_002 - 1.4" classname="org.eclipse.jdt.core.tests.compiler.parser.ComplianceDiagnoseTest" time="0.001"/>
  <testcase name="testInIfStatement - 1.5" classname="org.eclipse.jdt.core.tests.compiler.parser.AllocationExpressionCompletionTest" time="0"/>
  <testcase name="testInIfStatement - 1.5" classname="org.eclipse.jdt.core.tests.compiler.parser.MethodInvocationCompletionTest" time="0"/>
  <testcase name="testNoQualificationQualifiedTypeName - 1.5" classname="org.eclipse.jdt.core.tests.compiler.parser.AllocationExpressionCompletionTest" time="0"/>
  <testcase name="testNoQualificationSimpleTypeName - 1.5" classname="org.eclipse.jdt.core.tests.compiler.parser.AllocationExpressionCompletionTest" time="0"/>
  <testcase name="testQualifiedWithName - 1.5" classname="org.eclipse.jdt.core.tests.compiler.parser.AllocationExpressionCompletionTest" time="0.001"/>
  <testcase name="testQualifiedWithPrimary - 1.5" classname="org.eclipse.jdt.core.tests.compiler.parser.AllocationExpressionCompletionTest" time="0"/>
  <testcase name="testArrayType - 1.5" classname="org.eclipse.jdt.core.tests.compiler.parser.ClassLiteralAccessCompletionTest" time="0"/>
  <testcase name="testArrayTypeWithNonEmptyIdentifier - 1.5" classname="org.eclipse.jdt.core.tests.compiler.parser.ClassLiteralAccessCompletionTest" time="0"/>
  <testcase name="testPrimitiveArrayType - 1.5" classname="org.eclipse.jdt.core.tests.compiler.parser.ClassLiteralAccessCompletionTest" time="0"/>
  <testcase name="testPrimitiveArrayTypeWithNonEmptyIdentifier - 1.5" classname="org.eclipse.jdt.core.tests.compiler.parser.ClassLiteralAccessCompletionTest" time="0"/>
  <testcase name="testPrimitiveType - 1.5" classname="org.eclipse.jdt.core.tests.compiler.parser.ClassLiteralAccessCompletionTest" time="0.001"/>
  <testcase name="testPrimitiveTypeWithNonEmptyIdentifier - 1.5" classname="org.eclipse.jdt.core.tests.compiler.parser.ClassLiteralAccessCompletionTest" time="0"/>
  <testcase name="test001 - 1.5" classname="org.eclipse.jdt.core.tests.compiler.parser.CompletionParserTest" time="0"/>
  <testcase name="test001 - 1.5" classname="org.eclipse.jdt.core.tests.compiler.parser.JavadocCompletionParserTest" time="0"/>
  <testcase name="test001 - 1.5" classname="org.eclipse.jdt.core.tests.compiler.parser.ParserTest" time="0"/>
  <testcase name="test002 - 1.5" classname="org.eclipse.jdt.core.tests.compiler.parser.CompletionParserTest" time="0.001"/>
  <testcase name="test002 - 1.5" classname="org.eclipse.jdt.core.tests.compiler.parser.JavadocCompletionParserTest" time="0"/>
  <testcase name="test002 - 1.5" classname="org.eclipse.jdt.core.tests.compiler.parser.ParserTest" time="0"/>
  <testcase name="test003 - 1.5" classname="org.eclipse.jdt.core.tests.compiler.parser.CompletionParserTest" time="0"/>
  <testcase name="test003 - 1.5" classname="org.eclipse.jdt.core.tests.compiler.parser.JavadocCompletionParserTest" time="0"/>
  <testcase name="test003 - 1.5" classname="org.eclipse.jdt.core.tests.compiler.parser.ParserTest" time="0"/>
  <testcase name="test004 - 1.5" classname="org.eclipse.jdt.core.tests.compiler.parser.CompletionParserTest" time="0"/>
  <testcase name="test004 - 1.5" classname="org.eclipse.jdt.core.tests.compiler.parser.JavadocCompletionParserTest" time="0"/>
  <testcase name="test004 - 1.5" classname="org.eclipse.jdt.core.tests.compiler.parser.ParserTest" time="0"/>
  <testcase name="test005 - 1.5" classname="org.eclipse.jdt.core.tests.compiler.parser.CompletionParserTest" time="0.001"/>
  <testcase name="test005 - 1.5" classname="org.eclipse.jdt.core.tests.compiler.parser.JavadocCompletionParserTest" time="0"/>
  <testcase name="test005 - 1.5" classname="org.eclipse.jdt.core.tests.compiler.parser.ParserTest" time="0"/>
  <testcase name="test006 - 1.5" classname="org.eclipse.jdt.core.tests.compiler.parser.CompletionParserTest" time="0"/>
  <testcase name="test006 - 1.5" classname="org.eclipse.jdt.core.tests.compiler.parser.JavadocCompletionParserTest" time="0"/>
  <testcase name="test006 - 1.5" classname="org.eclipse.jdt.core.tests.compiler.parser.ParserTest" time="0.001"/>
  <testcase name="test007 - 1.5" classname="org.eclipse.jdt.core.tests.compiler.parser.CompletionParserTest" time="0"/>
  <testcase name="test007 - 1.5" classname="org.eclipse.jdt.core.tests.compiler.parser.JavadocCompletionParserTest" time="0.001"/>
  <testcase name="test007 - 1.5" classname="org.eclipse.jdt.core.tests.compiler.parser.ParserTest" time="0"/>
  <testcase name="test008 - 1.5" classname="org.eclipse.jdt.core.tests.compiler.parser.CompletionParserTest" time="0"/>
  <testcase name="test008 - 1.5" classname="org.eclipse.jdt.core.tests.compiler.parser.JavadocCompletionParserTest" time="0"/>
  <testcase name="test008 - 1.5" classname="org.eclipse.jdt.core.tests.compiler.parser.ParserTest" time="0.001"/>
  <testcase name="test009 - 1.5" classname="org.eclipse.jdt.core.tests.compiler.parser.CompletionParserTest" time="0"/>
  <testcase name="test009 - 1.5" classname="org.eclipse.jdt.core.tests.compiler.parser.ParserTest" time="0"/>
  <testcase name="test010 - 1.5" classname="org.eclipse.jdt.core.tests.compiler.parser.CompletionParserTest" time="0"/>
  <testcase name="test010 - 1.5" classname="org.eclipse.jdt.core.tests.compiler.parser.JavadocCompletionParserTest" time="0"/>
  <testcase name="test010 - 1.5" classname="org.eclipse.jdt.core.tests.compiler.parser.ParserTest" time="0.001"/>
  <testcase name="test011 - 1.5" classname="org.eclipse.jdt.core.tests.compiler.parser.CompletionParserTest" time="0"/>
  <testcase name="test011 - 1.5" classname="org.eclipse.jdt.core.tests.compiler.parser.JavadocCompletionParserTest" time="0"/>
  <testcase name="test012 - 1.5" classname="org.eclipse.jdt.core.tests.compiler.parser.CompletionParserTest" time="0.001"/>
  <testcase name="test012 - 1.5" classname="org.eclipse.jdt.core.tests.compiler.parser.JavadocCompletionParserTest" time="0.001"/>
  <testcase name="test012 - 1.5" classname="org.eclipse.jdt.core.tests.compiler.parser.ParserTest" time="0"/>
  <testcase name="test013 - 1.5" classname="org.eclipse.jdt.core.tests.compiler.parser.CompletionParserTest" time="0"/>
  <testcase name="test013 - 1.5" classname="org.eclipse.jdt.core.tests.compiler.parser.JavadocCompletionParserTest" time="0"/>
  <testcase name="test013 - 1.5" classname="org.eclipse.jdt.core.tests.compiler.parser.ParserTest" time="0"/>
  <testcase name="test014 - 1.5" classname="org.eclipse.jdt.core.tests.compiler.parser.CompletionParserTest" time="0"/>
  <testcase name="test014 - 1.5" classname="org.eclipse.jdt.core.tests.compiler.parser.JavadocCompletionParserTest" time="0"/>
  <testcase name="test014 - 1.5" classname="org.eclipse.jdt.core.tests.compiler.parser.ParserTest" time="0.001"/>
  <testcase name="test015 - 1.5" classname="org.eclipse.jdt.core.tests.compiler.parser.CompletionParserTest" time="0.001"/>
  <testcase name="test015 - 1.5" classname="org.eclipse.jdt.core.tests.compiler.parser.JavadocCompletionParserTest" time="0"/>
  <testcase name="test015 - 1.5" classname="org.eclipse.jdt.core.tests.compiler.parser.ParserTest" time="0"/>
  <testcase name="test016 - 1.5" classname="org.eclipse.jdt.core.tests.compiler.parser.CompletionParserTest" time="0"/>
  <testcase name="test016 - 1.5" classname="org.eclipse.jdt.core.tests.compiler.parser.ParserTest" time="0.001"/>
  <testcase name="test017 - 1.5" classname="org.eclipse.jdt.core.tests.compiler.parser.CompletionParserTest" time="0"/>
  <testcase name="test017 - 1.5" classname="org.eclipse.jdt.core.tests.compiler.parser.ParserTest" time="0"/>
  <testcase name="testA - 1.5" classname="org.eclipse.jdt.core.tests.compiler.parser.CompletionParserTest" time="0.001"/>
  <testcase name="testAA_1 - 1.5" classname="org.eclipse.jdt.core.tests.compiler.parser.CompletionParserTest" time="0"/>
  <testcase name="testAA_2 - 1.5" classname="org.eclipse.jdt.core.tests.compiler.parser.CompletionParserTest" time="0"/>
  <testcase name="testAA_3 - 1.5" classname="org.eclipse.jdt.core.tests.compiler.parser.CompletionParserTest" time="0"/>
  <testcase name="testAA_4 - 1.5" classname="org.eclipse.jdt.core.tests.compiler.parser.CompletionParserTest" time="0"/>
  <testcase name="testAB_1FHU9LU - 1.5" classname="org.eclipse.jdt.core.tests.compiler.parser.CompletionParserTest" time="0.001"/>
  <testcase name="testAC_1FJ8D9Z_1 - 1.5" classname="org.eclipse.jdt.core.tests.compiler.parser.CompletionParserTest" time="0"/>
  <testcase name="testAC_1FJ8D9Z_2 - 1.5" classname="org.eclipse.jdt.core.tests.compiler.parser.CompletionParserTest" time="0"/>
  <testcase name="testAC_1FJ8D9Z_3 - 1.5" classname="org.eclipse.jdt.core.tests.compiler.parser.CompletionParserTest" time="0.001"/>
  <testcase name="testB - 1.5" classname="org.eclipse.jdt.core.tests.compiler.parser.CompletionParserTest" time="0"/>
  <testcase name="testBA_1 - 1.5" classname="org.eclipse.jdt.core.tests.compiler.parser.CompletionParserTest" time="0"/>
  <testcase name="testBA_2 - 1.5" classname="org.eclipse.jdt.core.tests.compiler.parser.CompletionParserTest" time="0"/>
  <testcase name="testBB_1FHJ8H9 - 1.5" classname="org.eclipse.jdt.core.tests.compiler.parser.CompletionParserTest" time="0"/>
  <testcase name="testBC_1FJ4GSG_1 - 1.5" classname="org.eclipse.jdt.core.tests.compiler.parser.CompletionParserTest" time="0"/>
  <testcase name="testBC_1FJ4GSG_2 - 1.5" classname="org.eclipse.jdt.core.tests.compiler.parser.CompletionParserTest" time="0"/>
  <testcase name="testBC_1FJ4GSG_3 - 1.5" classname="org.eclipse.jdt.core.tests.compiler.parser.CompletionParserTest" time="0.001"/>
  <testcase name="testBug292087a - 1.5" classname="org.eclipse.jdt.core.tests.compiler.parser.CompletionParserTest" time="0"/>
  <testcase name="testBug292087b - 1.5" classname="org.eclipse.jdt.core.tests.compiler.parser.CompletionParserTest" time="0"/>
  <testcase name="testBug310423 - 1.5" classname="org.eclipse.jdt.core.tests.compiler.parser.CompletionParserTest" time="0"/>
  <testcase name="testBug338789 - 1.5" classname="org.eclipse.jdt.core.tests.compiler.parser.CompletionParserTest" time="0"/>
  <testcase name="testBug338789b - 1.5" classname="org.eclipse.jdt.core.tests.compiler.parser.CompletionParserTest" time="0"/>
  <testcase name="testBug343637 - 1.5" classname="org.eclipse.jdt.core.tests.compiler.parser.CompletionParserTest" time="0"/>
  <testcase name="testBug346415 - 1.5" classname="org.eclipse.jdt.core.tests.compiler.parser.CompletionParserTest" time="0"/>
  <testcase name="testBug346454 - 1.5" classname="org.eclipse.jdt.core.tests.compiler.parser.CompletionParserTest" time="0"/>
  <testcase name="testBug346454b - 1.5" classname="org.eclipse.jdt.core.tests.compiler.parser.CompletionParserTest" time="0.001"/>
  <testcase name="testC - 1.5" classname="org.eclipse.jdt.core.tests.compiler.parser.CompletionParserTest" time="0"/>
  <testcase name="testCA_1FGPJQZ - 1.5" classname="org.eclipse.jdt.core.tests.compiler.parser.CompletionParserTest" time="0"/>
  <testcase name="testCB_1FHSKQ9_1 - 1.5" classname="org.eclipse.jdt.core.tests.compiler.parser.CompletionParserTest" time="0"/>
  <testcase name="testCB_1FHSKQ9_2 - 1.5" classname="org.eclipse.jdt.core.tests.compiler.parser.CompletionParserTest" time="0"/>
  <testcase name="testCC_1FJ64I9 - 1.5" classname="org.eclipse.jdt.core.tests.compiler.parser.CompletionParserTest" time="0"/>
  <testcase name="testDA_1 - 1.5" classname="org.eclipse.jdt.core.tests.compiler.parser.CompletionParserTest" time="0"/>
  <testcase name="testDA_2 - 1.5" classname="org.eclipse.jdt.core.tests.compiler.parser.CompletionParserTest" time="0.001"/>
  <testcase name="testDA_3 - 1.5" classname="org.eclipse.jdt.core.tests.compiler.parser.CompletionParserTest" time="0"/>
  <testcase name="testDA_4 - 1.5" classname="org.eclipse.jdt.core.tests.compiler.parser.CompletionParserTest" time="0"/>
  <testcase name="testDA_5 - 1.5" classname="org.eclipse.jdt.core.tests.compiler.parser.CompletionParserTest" time="0"/>
  <testcase name="testDB_1FHSLDR - 1.5" classname="org.eclipse.jdt.core.tests.compiler.parser.CompletionParserTest" time="0.001"/>
  <testcase name="testDC_1FJJ0JR_1 - 1.5" classname="org.eclipse.jdt.core.tests.compiler.parser.CompletionParserTest" time="0"/>
  <testcase name="testD_1 - 1.5" classname="org.eclipse.jdt.core.tests.compiler.parser.CompletionParserTest" time="0"/>
  <testcase name="testD_2 - 1.5" classname="org.eclipse.jdt.core.tests.compiler.parser.CompletionParserTest" time="0.001"/>
  <testcase name="testEA_1 - 1.5" classname="org.eclipse.jdt.core.tests.compiler.parser.CompletionParserTest" time="0"/>
  <testcase name="testEA_2 - 1.5" classname="org.eclipse.jdt.core.tests.compiler.parser.CompletionParserTest" time="0"/>
  <testcase name="testEB_1FI74S3 - 1.5" classname="org.eclipse.jdt.core.tests.compiler.parser.CompletionParserTest" time="0.001"/>
  <testcase name="testEC_1FSBZ2Y - 1.5" classname="org.eclipse.jdt.core.tests.compiler.parser.CompletionParserTest" time="0"/>
  <testcase name="testE_1FG1YDS_1 - 1.5" classname="org.eclipse.jdt.core.tests.compiler.parser.CompletionParserTest" time="0"/>
  <testcase name="testE_1FG1YDS_2 - 1.5" classname="org.eclipse.jdt.core.tests.compiler.parser.CompletionParserTest" time="0"/>
  <testcase name="testE_1FG1YDS_3 - 1.5" classname="org.eclipse.jdt.core.tests.compiler.parser.CompletionParserTest" time="0"/>
  <testcase name="testF - 1.5" classname="org.eclipse.jdt.core.tests.compiler.parser.CompletionParserTest" time="0"/>
  <testcase name="testFA_1 - 1.5" classname="org.eclipse.jdt.core.tests.compiler.parser.CompletionParserTest" time="0"/>
  <testcase name="testFA_2 - 1.5" classname="org.eclipse.jdt.core.tests.compiler.parser.CompletionParserTest" time="0.001"/>
  <testcase name="testFB_1FI74S3 - 1.5" classname="org.eclipse.jdt.core.tests.compiler.parser.CompletionParserTest" time="0"/>
  <testcase name="testFC_1FSBZ9B - 1.5" classname="org.eclipse.jdt.core.tests.compiler.parser.CompletionParserTest" time="0"/>
  <testcase name="testG - 1.5" classname="org.eclipse.jdt.core.tests.compiler.parser.CompletionParserTest" time="0"/>
  <testcase name="testGA - 1.5" classname="org.eclipse.jdt.core.tests.compiler.parser.CompletionParserTest" time="0"/>
  <testcase name="testGB_1FI74S3 - 1.5" classname="org.eclipse.jdt.core.tests.compiler.parser.CompletionParserTest" time="0"/>
  <testcase name="testGC_1FSHLHV_1 - 1.5" classname="org.eclipse.jdt.core.tests.compiler.parser.CompletionParserTest" time="0"/>
  <testcase name="testGC_1FSHLHV_2 - 1.5" classname="org.eclipse.jdt.core.tests.compiler.parser.CompletionParserTest" time="0"/>
  <testcase name="testGC_1FSHLHV_3 - 1.5" classname="org.eclipse.jdt.core.tests.compiler.parser.CompletionParserTest" time="0"/>
  <testcase name="testGC_1FSHLHV_4 - 1.5" classname="org.eclipse.jdt.core.tests.compiler.parser.CompletionParserTest" time="0"/>
  <testcase name="testH - 1.5" classname="org.eclipse.jdt.core.tests.compiler.parser.CompletionParserTest" time="0"/>
  <testcase name="testHA_1 - 1.5" classname="org.eclipse.jdt.core.tests.compiler.parser.CompletionParserTest" time="0"/>
  <testcase name="testHA_2 - 1.5" classname="org.eclipse.jdt.core.tests.compiler.parser.CompletionParserTest" time="0"/>
  <testcase name="testHB_1FHSLDR - 1.5" classname="org.eclipse.jdt.core.tests.compiler.parser.CompletionParserTest" time="0.001"/>
  <testcase name="testHC_1FMPYO3_1 - 1.5" classname="org.eclipse.jdt.core.tests.compiler.parser.CompletionParserTest" time="0"/>
  <testcase name="testHC_1FMPYO3_2 - 1.5" classname="org.eclipse.jdt.core.tests.compiler.parser.CompletionParserTest" time="0"/>
  <testcase name="testI - 1.5" classname="org.eclipse.jdt.core.tests.compiler.parser.CompletionParserTest" time="0.001"/>
  <testcase name="testIA_1FGNBPR_1 - 1.5" classname="org.eclipse.jdt.core.tests.compiler.parser.CompletionParserTest" time="0"/>
  <testcase name="testIA_1FGNBPR_2 - 1.5" classname="org.eclipse.jdt.core.tests.compiler.parser.CompletionParserTest" time="0"/>
  <testcase name="testIB - 1.5" classname="org.eclipse.jdt.core.tests.compiler.parser.CompletionParserTest" time="0.001"/>
  <testcase name="testIC_1FMGUPR - 1.5" classname="org.eclipse.jdt.core.tests.compiler.parser.CompletionParserTest" time="0"/>
  <testcase name="testJ - 1.5" classname="org.eclipse.jdt.core.tests.compiler.parser.CompletionParserTest" time="0"/>
  <testcase name="testJA_1FGQVW2_1 - 1.5" classname="org.eclipse.jdt.core.tests.compiler.parser.CompletionParserTest" time="0.001"/>
  <testcase name="testJA_1FGQVW2_2 - 1.5" classname="org.eclipse.jdt.core.tests.compiler.parser.CompletionParserTest" time="0"/>
  <testcase name="testJB - 1.5" classname="org.eclipse.jdt.core.tests.compiler.parser.CompletionParserTest" time="0"/>
  <testcase name="testJC_1FLG1ZC - 1.5" classname="org.eclipse.jdt.core.tests.compiler.parser.CompletionParserTest" time="0"/>
  <testcase name="testKA_1FH5SU5 - 1.5" classname="org.eclipse.jdt.core.tests.compiler.parser.CompletionParserTest" time="0"/>
  <testcase name="testKB - 1.5" classname="org.eclipse.jdt.core.tests.compiler.parser.CompletionParserTest" time="0"/>
  <testcase name="testKC_1FLG1ZC - 1.5" classname="org.eclipse.jdt.core.tests.compiler.parser.CompletionParserTest" time="0.001"/>
  <testcase name="testK_1 - 1.5" classname="org.eclipse.jdt.core.tests.compiler.parser.CompletionParserTest" time="0"/>
  <testcase name="testK_2 - 1.5" classname="org.eclipse.jdt.core.tests.compiler.parser.CompletionParserTest" time="0"/>
  <testcase name="testK_3 - 1.5" classname="org.eclipse.jdt.core.tests.compiler.parser.CompletionParserTest" time="0"/>
  <testcase name="testK_4 - 1.5" classname="org.eclipse.jdt.core.tests.compiler.parser.CompletionParserTest" time="0"/>
  <testcase name="testLA_1FGLMOF - 1.5" classname="org.eclipse.jdt.core.tests.compiler.parser.CompletionParserTest" time="0.001"/>
  <testcase name="testLB - 1.5" classname="org.eclipse.jdt.core.tests.compiler.parser.CompletionParserTest" time="0"/>
  <testcase name="testLC_1FLG1E2 - 1.5" classname="org.eclipse.jdt.core.tests.compiler.parser.CompletionParserTest" time="0"/>
  <testcase name="testL_1 - 1.5" classname="org.eclipse.jdt.core.tests.compiler.parser.CompletionParserTest" time="0"/>
  <testcase name="testL_2 - 1.5" classname="org.eclipse.jdt.core.tests.compiler.parser.CompletionParserTest" time="0"/>
  <testcase name="testL_3 - 1.5" classname="org.eclipse.jdt.core.tests.compiler.parser.CompletionParserTest" time="0"/>
  <testcase name="testMA_1 - 1.5" classname="org.eclipse.jdt.core.tests.compiler.parser.CompletionParserTest" time="0"/>
  <testcase name="testMA_2 - 1.5" classname="org.eclipse.jdt.core.tests.compiler.parser.CompletionParserTest" time="0.001"/>
  <testcase name="testMA_3 - 1.5" classname="org.eclipse.jdt.core.tests.compiler.parser.CompletionParserTest" time="0"/>
  <testcase name="testMB_1FHSLMQ_1 - 1.5" classname="org.eclipse.jdt.core.tests.compiler.parser.CompletionParserTest" time="0"/>
  <testcase name="testMB_1FHSLMQ_2 - 1.5" classname="org.eclipse.jdt.core.tests.compiler.parser.CompletionParserTest" time="0"/>
  <testcase name="testMC_1FJ8D9Z - 1.5" classname="org.eclipse.jdt.core.tests.compiler.parser.CompletionParserTest" time="0"/>
  <testcase name="testM_1FGGLMT - 1.5" classname="org.eclipse.jdt.core.tests.compiler.parser.CompletionParserTest" time="0"/>
  <testcase name="testN - 1.5" classname="org.eclipse.jdt.core.tests.compiler.parser.CompletionParserTest" time="0"/>
  <testcase name="testNA_1 - 1.5" classname="org.eclipse.jdt.core.tests.compiler.parser.CompletionParserTest" time="0"/>
  <testcase name="testNA_2 - 1.5" classname="org.eclipse.jdt.core.tests.compiler.parser.CompletionParserTest" time="0"/>
  <testcase name="testNA_3 - 1.5" classname="org.eclipse.jdt.core.tests.compiler.parser.CompletionParserTest" time="0"/>
  <testcase name="testNB - 1.5" classname="org.eclipse.jdt.core.tests.compiler.parser.CompletionParserTest" time="0"/>
  <testcase name="testNC_1FJ8D9Z - 1.5" classname="org.eclipse.jdt.core.tests.compiler.parser.CompletionParserTest" time="0"/>
  <testcase name="testOA_1 - 1.5" classname="org.eclipse.jdt.core.tests.compiler.parser.CompletionParserTest" time="0"/>
  <testcase name="testOA_2 - 1.5" classname="org.eclipse.jdt.core.tests.compiler.parser.CompletionParserTest" time="0"/>
  <testcase name="testOB_1 - 1.5" classname="org.eclipse.jdt.core.tests.compiler.parser.CompletionParserTest" time="0"/>
  <testcase name="testOB_2 - 1.5" classname="org.eclipse.jdt.core.tests.compiler.parser.CompletionParserTest" time="0"/>
  <testcase name="testOC_1FM7J7F - 1.5" classname="org.eclipse.jdt.core.tests.compiler.parser.CompletionParserTest" time="0"/>
  <testcase name="testO_1FG1YU0 - 1.5" classname="org.eclipse.jdt.core.tests.compiler.parser.CompletionParserTest" time="0"/>
  <testcase name="testPA_1 - 1.5" classname="org.eclipse.jdt.core.tests.compiler.parser.CompletionParserTest" time="0.001"/>
  <testcase name="testPA_2 - 1.5" classname="org.eclipse.jdt.core.tests.compiler.parser.CompletionParserTest" time="0"/>
  <testcase name="testPB - 1.5" classname="org.eclipse.jdt.core.tests.compiler.parser.CompletionParserTest" time="0"/>
  <testcase name="testPC_1FSU4EF - 1.5" classname="org.eclipse.jdt.core.tests.compiler.parser.CompletionParserTest" time="0"/>
  <testcase name="testP_1FG1YU0 - 1.5" classname="org.eclipse.jdt.core.tests.compiler.parser.CompletionParserTest" time="0"/>
  <testcase name="testQA_1 - 1.5" classname="org.eclipse.jdt.core.tests.compiler.parser.CompletionParserTest" time="0"/>
  <testcase name="testQA_2 - 1.5" classname="org.eclipse.jdt.core.tests.compiler.parser.CompletionParserTest" time="0.001"/>
  <testcase name="testQA_3 - 1.5" classname="org.eclipse.jdt.core.tests.compiler.parser.CompletionParserTest" time="0"/>
  <testcase name="testQA_4 - 1.5" classname="org.eclipse.jdt.core.tests.compiler.parser.CompletionParserTest" time="0"/>
  <testcase name="testQB_1FIK820 - 1.5" classname="org.eclipse.jdt.core.tests.compiler.parser.CompletionParserTest" time="0"/>
  <testcase name="testQ_1FG1YU0 - 1.5" classname="org.eclipse.jdt.core.tests.compiler.parser.CompletionParserTest" time="0"/>
  <testcase name="testRA_1 - 1.5" classname="org.eclipse.jdt.core.tests.compiler.parser.CompletionParserTest" time="0"/>
  <testcase name="testRA_2 - 1.5" classname="org.eclipse.jdt.core.tests.compiler.parser.CompletionParserTest" time="0"/>
  <testcase name="testRA_3 - 1.5" classname="org.eclipse.jdt.core.tests.compiler.parser.CompletionParserTest" time="0.001"/>
  <testcase name="testRB_1FI74S3 - 1.5" classname="org.eclipse.jdt.core.tests.compiler.parser.CompletionParserTest" time="0"/>
  <testcase name="testR_1FGD31E - 1.5" classname="org.eclipse.jdt.core.tests.compiler.parser.CompletionParserTest" time="0"/>
  <testcase name="testSA - 1.5" classname="org.eclipse.jdt.core.tests.compiler.parser.CompletionParserTest" time="0"/>
  <testcase name="testSB_1FILFDG - 1.5" classname="org.eclipse.jdt.core.tests.compiler.parser.CompletionParserTest" time="0"/>
  <testcase name="testS_1FGF64P_1 - 1.5" classname="org.eclipse.jdt.core.tests.compiler.parser.CompletionParserTest" time="0"/>
  <testcase name="testS_1FGF64P_2 - 1.5" classname="org.eclipse.jdt.core.tests.compiler.parser.CompletionParserTest" time="0"/>
  <testcase name="testS_1FGF64P_3 - 1.5" classname="org.eclipse.jdt.core.tests.compiler.parser.CompletionParserTest" time="0.001"/>
  <testcase name="testTA_1FHISJJ_1 - 1.5" classname="org.eclipse.jdt.core.tests.compiler.parser.CompletionParserTest" time="0"/>
  <testcase name="testTA_1FHISJJ_2 - 1.5" classname="org.eclipse.jdt.core.tests.compiler.parser.CompletionParserTest" time="0"/>
  <testcase name="testTA_1FHISJJ_3 - 1.5" classname="org.eclipse.jdt.core.tests.compiler.parser.CompletionParserTest" time="0"/>
  <testcase name="testTB_1FHSLMQ - 1.5" classname="org.eclipse.jdt.core.tests.compiler.parser.CompletionParserTest" time="0.001"/>
  <testcase name="testT_1FGF64P - 1.5" classname="org.eclipse.jdt.core.tests.compiler.parser.CompletionParserTest" time="0"/>
  <testcase name="testUA_1FHISJJ_1 - 1.5" classname="org.eclipse.jdt.core.tests.compiler.parser.CompletionParserTest" time="0"/>
  <testcase name="testUA_1FHISJJ_2 - 1.5" classname="org.eclipse.jdt.core.tests.compiler.parser.CompletionParserTest" time="0.001"/>
  <testcase name="testUB_1FSBZ02 - 1.5" classname="org.eclipse.jdt.core.tests.compiler.parser.CompletionParserTest" time="0"/>
  <testcase name="testU_1FGGUME - 1.5" classname="org.eclipse.jdt.core.tests.compiler.parser.CompletionParserTest" time="0"/>
  <testcase name="testVA_1FHISJJ_1 - 1.5" classname="org.eclipse.jdt.core.tests.compiler.parser.CompletionParserTest" time="0"/>
  <testcase name="testVA_1FHISJJ_2 - 1.5" classname="org.eclipse.jdt.core.tests.compiler.parser.CompletionParserTest" time="0"/>
  <testcase name="testVB_1 - 1.5" classname="org.eclipse.jdt.core.tests.compiler.parser.CompletionParserTest" time="0"/>
  <testcase name="testVB_3 - 1.5" classname="org.eclipse.jdt.core.tests.compiler.parser.CompletionParserTest" time="0"/>
  <testcase name="testV_1FGGUOO_1 - 1.5" classname="org.eclipse.jdt.core.tests.compiler.parser.CompletionParserTest" time="0.001"/>
  <testcase name="testV_1FGGUOO_2 - 1.5" classname="org.eclipse.jdt.core.tests.compiler.parser.CompletionParserTest" time="0"/>
  <testcase name="testWA_1 - 1.5" classname="org.eclipse.jdt.core.tests.compiler.parser.CompletionParserTest" time="0"/>
  <testcase name="testWA_2 - 1.5" classname="org.eclipse.jdt.core.tests.compiler.parser.CompletionParserTest" time="0"/>
  <testcase name="testWB_1FI313C - 1.5" classname="org.eclipse.jdt.core.tests.compiler.parser.CompletionParserTest" time="0.001"/>
  <testcase name="testW_1FGGUS4 - 1.5" classname="org.eclipse.jdt.core.tests.compiler.parser.CompletionParserTest" time="0"/>
  <testcase name="testXA_1FGGUQF_1FHSL8H_2 - 1.5" classname="org.eclipse.jdt.core.tests.compiler.parser.CompletionParserTest" time="0"/>
  <testcase name="testXA_1FGGUQF_1FHSL8H_3 - 1.5" classname="org.eclipse.jdt.core.tests.compiler.parser.CompletionParserTest" time="0"/>
  <testcase name="testXA_1FGGUQF_1FHSL8H_4 - 1.5" classname="org.eclipse.jdt.core.tests.compiler.parser.CompletionParserTest" time="0"/>
  <testcase name="testXB_1FIYM5I_1 - 1.5" classname="org.eclipse.jdt.core.tests.compiler.parser.CompletionParserTest" time="0"/>
  <testcase name="testXB_1FIYM5I_2 - 1.5" classname="org.eclipse.jdt.core.tests.compiler.parser.CompletionParserTest" time="0"/>
  <testcase name="testXB_1FIYM5I_3 - 1.5" classname="org.eclipse.jdt.core.tests.compiler.parser.CompletionParserTest" time="0.001"/>
  <testcase name="testXB_1FIYM5I_4 - 1.5" classname="org.eclipse.jdt.core.tests.compiler.parser.CompletionParserTest" time="0"/>
  <testcase name="testX_1FGGV8C_1 - 1.5" classname="org.eclipse.jdt.core.tests.compiler.parser.CompletionParserTest" time="0"/>
  <testcase name="testX_1FGGV8C_2 - 1.5" classname="org.eclipse.jdt.core.tests.compiler.parser.CompletionParserTest" time="0"/>
  <testcase name="testX_1FGGV8C_3 - 1.5" classname="org.eclipse.jdt.core.tests.compiler.parser.CompletionParserTest" time="0"/>
  <testcase name="testX_1FGGV8C_4 - 1.5" classname="org.eclipse.jdt.core.tests.compiler.parser.CompletionParserTest" time="0"/>
  <testcase name="testX_1FGPE8E - 1.5" classname="org.eclipse.jdt.core.tests.compiler.parser.CompletionParserTest" time="0"/>
  <testcase name="testYA_1FGRIUH - 1.5" classname="org.eclipse.jdt.core.tests.compiler.parser.CompletionParserTest" time="0.001"/>
  <testcase name="testYB_1FJ4D46_1 - 1.5" classname="org.eclipse.jdt.core.tests.compiler.parser.CompletionParserTest" time="0"/>
  <testcase name="testY_1FGPESI - 1.5" classname="org.eclipse.jdt.core.tests.compiler.parser.CompletionParserTest" time="0"/>
  <testcase name="testZA_1 - 1.5" classname="org.eclipse.jdt.core.tests.compiler.parser.CompletionParserTest" time="0"/>
  <testcase name="testZA_2 - 1.5" classname="org.eclipse.jdt.core.tests.compiler.parser.CompletionParserTest" time="0"/>
  <testcase name="testZA_3 - 1.5" classname="org.eclipse.jdt.core.tests.compiler.parser.CompletionParserTest" time="0"/>
  <testcase name="testZB_1FJ4D46_1 - 1.5" classname="org.eclipse.jdt.core.tests.compiler.parser.CompletionParserTest" time="0"/>
  <testcase name="testZB_1FJ4D46_2 - 1.5" classname="org.eclipse.jdt.core.tests.compiler.parser.CompletionParserTest" time="0"/>
  <testcase name="testZ_1FGPF3D_1 - 1.5" classname="org.eclipse.jdt.core.tests.compiler.parser.CompletionParserTest" time="0"/>
  <testcase name="testZ_1FGPF3D_2 - 1.5" classname="org.eclipse.jdt.core.tests.compiler.parser.CompletionParserTest" time="0"/>
  <testcase name="test0001 - 1.5" classname="org.eclipse.jdt.core.tests.compiler.parser.CompletionParserTest2" time="0"/>
  <testcase name="test0001 - 1.5" classname="org.eclipse.jdt.core.tests.compiler.parser.CompletionParserTestKeyword" time="0"/>
  <testcase name="test0001 - 1.5" classname="org.eclipse.jdt.core.tests.compiler.parser.StatementRecoveryTest" time="0.001"/>
  <testcase name="test0001 - 1.5" classname="org.eclipse.jdt.core.tests.compiler.parser.ComplianceDiagnoseTest" time="0.001"/>
  <testcase name="test0001 - 1.5" classname="org.eclipse.jdt.core.tests.compiler.parser.GenericsCompletionParserTest" time="0.001"/>
  <testcase name="test0001 - 1.5" classname="org.eclipse.jdt.core.tests.compiler.parser.EnumCompletionParserTest" time="0"/>
  <testcase name="test0001 - 1.5" classname="org.eclipse.jdt.core.tests.compiler.parser.AnnotationCompletionParserTest" time="0.001"/>
  <testcase name="test0001 - 1.5" classname="org.eclipse.jdt.core.tests.compiler.parser.GenericsSelectionTest" time="0"/>
  <testcase name="test0001 - 1.5" classname="org.eclipse.jdt.core.tests.compiler.parser.AnnotationSelectionTest" time="0"/>
  <testcase name="test0001 - 1.5" classname="org.eclipse.jdt.core.tests.compiler.parser.EnumSelectionTest" time="0"/>
  <testcase name="test0001 - 1.5" classname="org.eclipse.jdt.core.tests.compiler.parser.GenericDietRecoveryTest" time="0.002"/>
  <testcase name="test0001 - 1.5" classname="org.eclipse.jdt.core.tests.compiler.parser.EnumDietRecoveryTest" time="0.002"/>
  <testcase name="test0001 - 1.5" classname="org.eclipse.jdt.core.tests.compiler.parser.AnnotationDietRecoveryTest" time="0.002"/>
  <testcase name="test0001 - 1.5" classname="org.eclipse.jdt.core.tests.compiler.parser.StatementRecoveryTest_1_5" time="0.003"/>
  <testcase name="test0002_Diet - 1.5" classname="org.eclipse.jdt.core.tests.compiler.parser.CompletionParserTest2" time="0"/>
  <testcase name="test0002_Method - 1.5" classname="org.eclipse.jdt.core.tests.compiler.parser.CompletionParserTest2" time="0"/>
  <testcase name="test0003_Diet - 1.5" classname="org.eclipse.jdt.core.tests.compiler.parser.CompletionParserTest2" time="0"/>
  <testcase name="test0003_Method - 1.5" classname="org.eclipse.jdt.core.tests.compiler.parser.CompletionParserTest2" time="0"/>
  <testcase name="test0004 - 1.5" classname="org.eclipse.jdt.core.tests.compiler.parser.CompletionParserTest2" time="0"/>
  <testcase name="test0004 - 1.5" classname="org.eclipse.jdt.core.tests.compiler.parser.CompletionParserTestKeyword" time="0"/>
  <testcase name="test0004 - 1.5" classname="org.eclipse.jdt.core.tests.compiler.parser.StatementRecoveryTest" time="0.001"/>
  <testcase name="test0004 - 1.5" classname="org.eclipse.jdt.core.tests.compiler.parser.ComplianceDiagnoseTest" time="0.001"/>
  <testcase name="test0004 - 1.5" classname="org.eclipse.jdt.core.tests.compiler.parser.GenericsCompletionParserTest" time="0"/>
  <testcase name="test0004 - 1.5" classname="org.eclipse.jdt.core.tests.compiler.parser.EnumCompletionParserTest" time="0"/>
  <testcase name="test0004 - 1.5" classname="org.eclipse.jdt.core.tests.compiler.parser.AnnotationCompletionParserTest" time="0"/>
  <testcase name="test0004 - 1.5" classname="org.eclipse.jdt.core.tests.compiler.parser.GenericsSelectionTest" time="0"/>
  <testcase name="test0004 - 1.5" classname="org.eclipse.jdt.core.tests.compiler.parser.AnnotationSelectionTest" time="0"/>
  <testcase name="test0004 - 1.5" classname="org.eclipse.jdt.core.tests.compiler.parser.GenericDietRecoveryTest" time="0.002"/>
  <testcase name="test0004 - 1.5" classname="org.eclipse.jdt.core.tests.compiler.parser.EnumDietRecoveryTest" time="0.002"/>
  <testcase name="test0004 - 1.5" classname="org.eclipse.jdt.core.tests.compiler.parser.AnnotationDietRecoveryTest" time="0.002"/>
  <testcase name="test0004 - 1.5" classname="org.eclipse.jdt.core.tests.compiler.parser.StatementRecoveryTest_1_5" time="0.003"/>
  <testcase name="test0005_Diet - 1.5" classname="org.eclipse.jdt.core.tests.compiler.parser.CompletionParserTest2" time="0.001"/>
  <testcase name="test0005_Method - 1.5" classname="org.eclipse.jdt.core.tests.compiler.parser.CompletionParserTest2" time="0"/>
  <testcase name="test0006_Diet - 1.5" classname="org.eclipse.jdt.core.tests.compiler.parser.CompletionParserTest2" time="0"/>
  <testcase name="test0006_Method - 1.5" classname="org.eclipse.jdt.core.tests.compiler.parser.CompletionParserTest2" time="0"/>
  <testcase name="test0007 - 1.5" classname="org.eclipse.jdt.core.tests.compiler.parser.CompletionParserTest2" time="0.001"/>
  <testcase name="test0007 - 1.5" classname="org.eclipse.jdt.core.tests.compiler.parser.CompletionParserTestKeyword" time="0"/>
  <testcase name="test0007 - 1.5" classname="org.eclipse.jdt.core.tests.compiler.parser.StatementRecoveryTest" time="0.001"/>
  <testcase name="test0007 - 1.5" classname="org.eclipse.jdt.core.tests.compiler.parser.ComplianceDiagnoseTest" time="0.001"/>
  <testcase name="test0007 - 1.5" classname="org.eclipse.jdt.core.tests.compiler.parser.GenericsCompletionParserTest" time="0.001"/>
  <testcase name="test0007 - 1.5" classname="org.eclipse.jdt.core.tests.compiler.parser.EnumCompletionParserTest" time="0"/>
  <testcase name="test0007 - 1.5" classname="org.eclipse.jdt.core.tests.compiler.parser.AnnotationCompletionParserTest" time="0"/>
  <testcase name="test0007 - 1.5" classname="org.eclipse.jdt.core.tests.compiler.parser.GenericsSelectionTest" time="0"/>
  <testcase name="test0007 - 1.5" classname="org.eclipse.jdt.core.tests.compiler.parser.AnnotationSelectionTest" time="0"/>
  <testcase name="test0007 - 1.5" classname="org.eclipse.jdt.core.tests.compiler.parser.GenericDietRecoveryTest" time="0.004"/>
  <testcase name="test0007 - 1.5" classname="org.eclipse.jdt.core.tests.compiler.parser.EnumDietRecoveryTest" time="0.003"/>
  <testcase name="test0007 - 1.5" classname="org.eclipse.jdt.core.tests.compiler.parser.AnnotationDietRecoveryTest" time="0.003"/>
  <testcase name="test0007 - 1.5" classname="org.eclipse.jdt.core.tests.compiler.parser.StatementRecoveryTest_1_5" time="0.003"/>
  <testcase name="test0008_Diet - 1.5" classname="org.eclipse.jdt.core.tests.compiler.parser.CompletionParserTest2" time="0"/>
  <testcase name="test0008_Method - 1.5" classname="org.eclipse.jdt.core.tests.compiler.parser.CompletionParserTest2" time="0"/>
  <testcase name="test0009_Diet - 1.5" classname="org.eclipse.jdt.core.tests.compiler.parser.CompletionParserTest2" time="0"/>
  <testcase name="test0009_Method - 1.5" classname="org.eclipse.jdt.core.tests.compiler.parser.CompletionParserTest2" time="0.001"/>
  <testcase name="test0010 - 1.5" classname="org.eclipse.jdt.core.tests.compiler.parser.CompletionParserTest2" time="0"/>
  <testcase name="test0010 - 1.5" classname="org.eclipse.jdt.core.tests.compiler.parser.CompletionParserTestKeyword" time="0"/>
  <testcase name="test0010 - 1.5" classname="org.eclipse.jdt.core.tests.compiler.parser.StatementRecoveryTest" time="0.001"/>
  <testcase name="test0010 - 1.5" classname="org.eclipse.jdt.core.tests.compiler.parser.ComplianceDiagnoseTest" time="0.001"/>
  <testcase name="test0010 - 1.5" classname="org.eclipse.jdt.core.tests.compiler.parser.GenericsCompletionParserTest" time="0.001"/>
  <testcase name="test0010 - 1.5" classname="org.eclipse.jdt.core.tests.compiler.parser.EnumCompletionParserTest" time="0"/>
  <testcase name="test0010 - 1.5" classname="org.eclipse.jdt.core.tests.compiler.parser.AnnotationCompletionParserTest" time="0.001"/>
  <testcase name="test0010 - 1.5" classname="org.eclipse.jdt.core.tests.compiler.parser.GenericsSelectionTest" time="0"/>
  <testcase name="test0010 - 1.5" classname="org.eclipse.jdt.core.tests.compiler.parser.AnnotationSelectionTest" time="0"/>
  <testcase name="test0010 - 1.5" classname="org.eclipse.jdt.core.tests.compiler.parser.GenericDietRecoveryTest" time="0.004"/>
  <testcase name="test0010 - 1.5" classname="org.eclipse.jdt.core.tests.compiler.parser.EnumDietRecoveryTest" time="0.003"/>
  <testcase name="test0010 - 1.5" classname="org.eclipse.jdt.core.tests.compiler.parser.AnnotationDietRecoveryTest" time="0.003"/>
  <testcase name="test0011_Diet - 1.5" classname="org.eclipse.jdt.core.tests.compiler.parser.CompletionParserTest2" time="0"/>
  <testcase name="test0011_Method - 1.5" classname="org.eclipse.jdt.core.tests.compiler.parser.CompletionParserTest2" time="0"/>
  <testcase name="test0012_Diet - 1.5" classname="org.eclipse.jdt.core.tests.compiler.parser.CompletionParserTest2" time="0"/>
  <testcase name="test0012_Method - 1.5" classname="org.eclipse.jdt.core.tests.compiler.parser.CompletionParserTest2" time="0"/>
  <testcase name="test0013 - 1.5" classname="org.eclipse.jdt.core.tests.compiler.parser.CompletionParserTest2" time="0"/>
  <testcase name="test0013 - 1.5" classname="org.eclipse.jdt.core.tests.compiler.parser.CompletionParserTestKeyword" time="0"/>
  <testcase name="test0013 - 1.5" classname="org.eclipse.jdt.core.tests.compiler.parser.StatementRecoveryTest" time="0.001"/>
  <testcase name="test0013 - 1.5" classname="org.eclipse.jdt.core.tests.compiler.parser.ComplianceDiagnoseTest" time="0.001"/>
  <testcase name="test0013 - 1.5" classname="org.eclipse.jdt.core.tests.compiler.parser.GenericsCompletionParserTest" time="0.001"/>
  <testcase name="test0013 - 1.5" classname="org.eclipse.jdt.core.tests.compiler.parser.EnumCompletionParserTest" time="0"/>
  <testcase name="test0013 - 1.5" classname="org.eclipse.jdt.core.tests.compiler.parser.GenericsSelectionTest" time="0"/>
  <testcase name="test0013 - 1.5" classname="org.eclipse.jdt.core.tests.compiler.parser.AnnotationSelectionTest" time="0"/>
  <testcase name="test0013 - 1.5" classname="org.eclipse.jdt.core.tests.compiler.parser.GenericDietRecoveryTest" time="0.002"/>
  <testcase name="test0013 - 1.5" classname="org.eclipse.jdt.core.tests.compiler.parser.EnumDietRecoveryTest" time="0.003"/>
  <testcase name="test0013 - 1.5" classname="org.eclipse.jdt.core.tests.compiler.parser.AnnotationDietRecoveryTest" time="0.001"/>
  <testcase name="test0014_Diet - 1.5" classname="org.eclipse.jdt.core.tests.compiler.parser.CompletionParserTest2" time="0"/>
  <testcase name="test0014_Method - 1.5" classname="org.eclipse.jdt.core.tests.compiler.parser.CompletionParserTest2" time="0"/>
  <testcase name="test0015_Diet - 1.5" classname="org.eclipse.jdt.core.tests.compiler.parser.CompletionParserTest2" time="0.001"/>
  <testcase name="test0015_Method - 1.5" classname="org.eclipse.jdt.core.tests.compiler.parser.CompletionParserTest2" time="0"/>
  <testcase name="test0016 - 1.5" classname="org.eclipse.jdt.core.tests.compiler.parser.CompletionParserTest2" time="0"/>
  <testcase name="test0016 - 1.5" classname="org.eclipse.jdt.core.tests.compiler.parser.CompletionParserTestKeyword" time="0.001"/>
  <testcase name="test0016 - 1.5" classname="org.eclipse.jdt.core.tests.compiler.parser.StatementRecoveryTest" time="0.001"/>
  <testcase name="test0016 - 1.5" classname="org.eclipse.jdt.core.tests.compiler.parser.ComplianceDiagnoseTest" time="0.001"/>
  <testcase name="test0016 - 1.5" classname="org.eclipse.jdt.core.tests.compiler.parser.GenericsCompletionParserTest" time="0.001"/>
  <testcase name="test0016 - 1.5" classname="org.eclipse.jdt.core.tests.compiler.parser.AnnotationCompletionParserTest" time="0.001"/>
  <testcase name="test0016 - 1.5" classname="org.eclipse.jdt.core.tests.compiler.parser.GenericsSelectionTest" time="0"/>
  <testcase name="test0016 - 1.5" classname="org.eclipse.jdt.core.tests.compiler.parser.AnnotationSelectionTest" time="0.001"/>
  <testcase name="test0016 - 1.5" classname="org.eclipse.jdt.core.tests.compiler.parser.GenericDietRecoveryTest" time="0.005"/>
  <testcase name="test0016 - 1.5" classname="org.eclipse.jdt.core.tests.compiler.parser.EnumDietRecoveryTest" time="0.003"/>
  <testcase name="test0016 - 1.5" classname="org.eclipse.jdt.core.tests.compiler.parser.AnnotationDietRecoveryTest" time="0.004"/>
  <testcase name="test0017_Diet - 1.5" classname="org.eclipse.jdt.core.tests.compiler.parser.CompletionParserTest2" time="0"/>
  <testcase name="test0017_Method - 1.5" classname="org.eclipse.jdt.core.tests.compiler.parser.CompletionParserTest2" time="0"/>
  <testcase name="test0018_Diet - 1.5" classname="org.eclipse.jdt.core.tests.compiler.parser.CompletionParserTest2" time="0"/>
  <testcase name="test0018_Method - 1.5" classname="org.eclipse.jdt.core.tests.compiler.parser.CompletionParserTest2" time="0"/>
  <testcase name="test0019 - 1.5" classname="org.eclipse.jdt.core.tests.compiler.parser.CompletionParserTest2" time="0"/>
  <testcase name="test0019 - 1.5" classname="org.eclipse.jdt.core.tests.compiler.parser.CompletionParserTestKeyword" time="0"/>
  <testcase name="test0019 - 1.5" classname="org.eclipse.jdt.core.tests.compiler.parser.StatementRecoveryTest" time="0.001"/>
  <testcase name="test0019 - 1.5" classname="org.eclipse.jdt.core.tests.compiler.parser.ComplianceDiagnoseTest" time="0.001"/>
  <testcase name="test0019 - 1.5" classname="org.eclipse.jdt.core.tests.compiler.parser.GenericsCompletionParserTest" time="0"/>
  <testcase name="test0019 - 1.5" classname="org.eclipse.jdt.core.tests.compiler.parser.AnnotationCompletionParserTest" time="0.001"/>
  <testcase name="test0019 - 1.5" classname="org.eclipse.jdt.core.tests.compiler.parser.GenericsSelectionTest" time="0"/>
  <testcase name="test0019 - 1.5" classname="org.eclipse.jdt.core.tests.compiler.parser.GenericDietRecoveryTest" time="0.005"/>
  <testcase name="test0019 - 1.5" classname="org.eclipse.jdt.core.tests.compiler.parser.AnnotationDietRecoveryTest" time="0.004"/>
  <testcase name="test0020_Diet - 1.5" classname="org.eclipse.jdt.core.tests.compiler.parser.CompletionParserTest2" time="0.001"/>
  <testcase name="test0020_Method - 1.5" classname="org.eclipse.jdt.core.tests.compiler.parser.CompletionParserTest2" time="0"/>
  <testcase name="test0021_Diet - 1.5" classname="org.eclipse.jdt.core.tests.compiler.parser.CompletionParserTest2" time="0"/>
  <testcase name="test0021_Diet - 1.5" classname="org.eclipse.jdt.core.tests.compiler.parser.CompletionParserTestKeyword" time="0"/>
  <testcase name="test0021_Method - 1.5" classname="org.eclipse.jdt.core.tests.compiler.parser.CompletionParserTest2" time="0"/>
  <testcase name="test0021_Method - 1.5" classname="org.eclipse.jdt.core.tests.compiler.parser.CompletionParserTestKeyword" time="0.001"/>
  <testcase name="test0022 - 1.5" classname="org.eclipse.jdt.core.tests.compiler.parser.CompletionParserTest2" time="0.001"/>
  <testcase name="test0022 - 1.5" classname="org.eclipse.jdt.core.tests.compiler.parser.StatementRecoveryTest" time="0.001"/>
  <testcase name="test0022 - 1.5" classname="org.eclipse.jdt.core.tests.compiler.parser.ComplianceDiagnoseTest" time="0"/>
  <testcase name="test0022 - 1.5" classname="org.eclipse.jdt.core.tests.compiler.parser.GenericsCompletionParserTest" time="0.001"/>
  <testcase name="test0022 - 1.5" classname="org.eclipse.jdt.core.tests.compiler.parser.AnnotationCompletionParserTest" time="0"/>
  <testcase name="test0022 - 1.5" classname="org.eclipse.jdt.core.tests.compiler.parser.GenericsSelectionTest" time="0.001"/>
  <testcase name="test0022 - 1.5" classname="org.eclipse.jdt.core.tests.compiler.parser.GenericDietRecoveryTest" time="0.004"/>
  <testcase name="test0022 - 1.5" classname="org.eclipse.jdt.core.tests.compiler.parser.AnnotationDietRecoveryTest" time="0.006"/>
  <testcase name="test0023_Diet - 1.5" classname="org.eclipse.jdt.core.tests.compiler.parser.CompletionParserTest2" time="0"/>
  <testcase name="test0023_Diet - 1.5" classname="org.eclipse.jdt.core.tests.compiler.parser.CompletionParserTestKeyword" time="0"/>
  <testcase name="test0023_Method - 1.5" classname="org.eclipse.jdt.core.tests.compiler.parser.CompletionParserTest2" time="0"/>
  <testcase name="test0023_Method - 1.5" classname="org.eclipse.jdt.core.tests.compiler.parser.CompletionParserTestKeyword" time="0"/>
  <testcase name="test0024_Diet - 1.5" classname="org.eclipse.jdt.core.tests.compiler.parser.CompletionParserTest2" time="0"/>
  <testcase name="test0024_Diet - 1.5" classname="org.eclipse.jdt.core.tests.compiler.parser.CompletionParserTestKeyword" time="0.001"/>
  <testcase name="test0024_Diet - 1.5" classname="org.eclipse.jdt.core.tests.compiler.parser.AnnotationCompletionParserTest" time="0"/>
  <testcase name="test0024_Method - 1.5" classname="org.eclipse.jdt.core.tests.compiler.parser.CompletionParserTest2" time="0.001"/>
  <testcase name="test0024_Method - 1.5" classname="org.eclipse.jdt.core.tests.compiler.parser.CompletionParserTestKeyword" time="0"/>
  <testcase name="test0024_Method - 1.5" classname="org.eclipse.jdt.core.tests.compiler.parser.AnnotationCompletionParserTest" time="0"/>
  <testcase name="test0025 - 1.5" classname="org.eclipse.jdt.core.tests.compiler.parser.CompletionParserTest2" time="0"/>
  <testcase name="test0025 - 1.5" classname="org.eclipse.jdt.core.tests.compiler.parser.StatementRecoveryTest" time="0.001"/>
  <testcase name="test0025 - 1.5" classname="org.eclipse.jdt.core.tests.compiler.parser.ComplianceDiagnoseTest" time="0.001"/>
  <testcase name="test0025 - 1.5" classname="org.eclipse.jdt.core.tests.compiler.parser.GenericsCompletionParserTest" time="0.001"/>
  <testcase name="test0025 - 1.5" classname="org.eclipse.jdt.core.tests.compiler.parser.AnnotationCompletionParserTest" time="0.001"/>
  <testcase name="test0025 - 1.5" classname="org.eclipse.jdt.core.tests.compiler.parser.GenericDietRecoveryTest" time="0.005"/>
  <testcase name="test0025 - 1.5" classname="org.eclipse.jdt.core.tests.compiler.parser.AnnotationDietRecoveryTest" time="0.004"/>
  <testcase name="test0026_Diet - 1.5" classname="org.eclipse.jdt.core.tests.compiler.parser.CompletionParserTest2" time="0.001"/>
  <testcase name="test0026_Diet - 1.5" classname="org.eclipse.jdt.core.tests.compiler.parser.CompletionParserTestKeyword" time="0"/>
  <testcase name="test0026_Method - 1.5" classname="org.eclipse.jdt.core.tests.compiler.parser.CompletionParserTest2" time="0"/>
  <testcase name="test0026_Method - 1.5" classname="org.eclipse.jdt.core.tests.compiler.parser.CompletionParserTestKeyword" time="0.001"/>
  <testcase name="test0027_Diet - 1.5" classname="org.eclipse.jdt.core.tests.compiler.parser.CompletionParserTest2" time="0"/>
  <testcase name="test0027_Diet - 1.5" classname="org.eclipse.jdt.core.tests.compiler.parser.CompletionParserTestKeyword" time="0"/>
  <testcase name="test0027_Method - 1.5" classname="org.eclipse.jdt.core.tests.compiler.parser.CompletionParserTest2" time="0"/>
  <testcase name="test0027_Method - 1.5" classname="org.eclipse.jdt.core.tests.compiler.parser.CompletionParserTestKeyword" time="0"/>
  <testcase name="test0028 - 1.5" classname="org.eclipse.jdt.core.tests.compiler.parser.CompletionParserTest2" time="0.001"/>
  <testcase name="test0028 - 1.5" classname="org.eclipse.jdt.core.tests.compiler.parser.StatementRecoveryTest" time="0.002"/>
  <testcase name="test0028 - 1.5" classname="org.eclipse.jdt.core.tests.compiler.parser.ComplianceDiagnoseTest" time="0.001"/>
  <testcase name="test0028 - 1.5" classname="org.eclipse.jdt.core.tests.compiler.parser.GenericsCompletionParserTest" time="0.001"/>
  <testcase name="test0028 - 1.5" classname="org.eclipse.jdt.core.tests.compiler.parser.AnnotationDietRecoveryTest" time="0.002"/>
  <testcase name="test0029_Diet - 1.5" classname="org.eclipse.jdt.core.tests.compiler.parser.CompletionParserTest2" time="0"/>
  <testcase name="test0029_Diet - 1.5" classname="org.eclipse.jdt.core.tests.compiler.parser.AnnotationCompletionParserTest" time="0"/>
  <testcase name="test0029_Method - 1.5" classname="org.eclipse.jdt.core.tests.compiler.parser.CompletionParserTest2" time="0"/>
  <testcase name="test0029_Method - 1.5" classname="org.eclipse.jdt.core.tests.compiler.parser.AnnotationCompletionParserTest" time="0"/>
  <testcase name="test0030_Diet - 1.5" classname="org.eclipse.jdt.core.tests.compiler.parser.CompletionParserTest2" time="0"/>
  <testcase name="test0030_Diet - 1.5" classname="org.eclipse.jdt.core.tests.compiler.parser.GenericsCompletionParserTest" time="0"/>
  <testcase name="test0030_Method - 1.5" classname="org.eclipse.jdt.core.tests.compiler.parser.CompletionParserTest2" time="0.001"/>
  <testcase name="test0030_Method - 1.5" classname="org.eclipse.jdt.core.tests.compiler.parser.GenericsCompletionParserTest" time="0.001"/>
  <testcase name="test0031_Diet - 1.5" classname="org.eclipse.jdt.core.tests.compiler.parser.CompletionParserTest2" time="0"/>
  <testcase name="test0031_Diet - 1.5" classname="org.eclipse.jdt.core.tests.compiler.parser.GenericsCompletionParserTest" time="0"/>
  <testcase name="test0031_Method - 1.5" classname="org.eclipse.jdt.core.tests.compiler.parser.CompletionParserTest2" time="0"/>
  <testcase name="test0031_Method - 1.5" classname="org.eclipse.jdt.core.tests.compiler.parser.GenericsCompletionParserTest" time="0"/>
  <testcase name="test0032_Diet - 1.5" classname="org.eclipse.jdt.core.tests.compiler.parser.CompletionParserTest2" time="0"/>
  <testcase name="test0032_Diet - 1.5" classname="org.eclipse.jdt.core.tests.compiler.parser.GenericsCompletionParserTest" time="0.001"/>
  <testcase name="test0032_Method - 1.5" classname="org.eclipse.jdt.core.tests.compiler.parser.CompletionParserTest2" time="0.001"/>
  <testcase name="test0032_Method - 1.5" classname="org.eclipse.jdt.core.tests.compiler.parser.GenericsCompletionParserTest" time="0"/>
  <testcase name="test0033_Diet - 1.5" classname="org.eclipse.jdt.core.tests.compiler.parser.CompletionParserTest2" time="0"/>
  <testcase name="test0033_Diet - 1.5" classname="org.eclipse.jdt.core.tests.compiler.parser.GenericsCompletionParserTest" time="0"/>
  <testcase name="test0033_Method - 1.5" classname="org.eclipse.jdt.core.tests.compiler.parser.CompletionParserTest2" time="0"/>
  <testcase name="test0033_Method - 1.5" classname="org.eclipse.jdt.core.tests.compiler.parser.GenericsCompletionParserTest" time="0"/>
  <testcase name="test0034_Diet - 1.5" classname="org.eclipse.jdt.core.tests.compiler.parser.CompletionParserTest2" time="0"/>
  <testcase name="test0034_Diet - 1.5" classname="org.eclipse.jdt.core.tests.compiler.parser.GenericsCompletionParserTest" time="0"/>
  <testcase name="test0034_Diet - 1.5" classname="org.eclipse.jdt.core.tests.compiler.parser.AnnotationCompletionParserTest" time="0.001"/>
  <testcase name="test0034_Method - 1.5" classname="org.eclipse.jdt.core.tests.compiler.parser.CompletionParserTest2" time="0.001"/>
  <testcase name="test0034_Method - 1.5" classname="org.eclipse.jdt.core.tests.compiler.parser.GenericsCompletionParserTest" time="0"/>
  <testcase name="test0034_Method - 1.5" classname="org.eclipse.jdt.core.tests.compiler.parser.AnnotationCompletionParserTest" time="0"/>
  <testcase name="test0035_Diet - 1.5" classname="org.eclipse.jdt.core.tests.compiler.parser.CompletionParserTest2" time="0"/>
  <testcase name="test0035_Diet - 1.5" classname="org.eclipse.jdt.core.tests.compiler.parser.GenericsCompletionParserTest" time="0"/>
  <testcase name="test0035_Diet - 1.5" classname="org.eclipse.jdt.core.tests.compiler.parser.AnnotationCompletionParserTest" time="0"/>
  <testcase name="test0035_Method - 1.5" classname="org.eclipse.jdt.core.tests.compiler.parser.CompletionParserTest2" time="0"/>
  <testcase name="test0035_Method - 1.5" classname="org.eclipse.jdt.core.tests.compiler.parser.GenericsCompletionParserTest" time="0"/>
  <testcase name="test0035_Method - 1.5" classname="org.eclipse.jdt.core.tests.compiler.parser.AnnotationCompletionParserTest" time="0"/>
  <testcase name="test0036_Diet - 1.5" classname="org.eclipse.jdt.core.tests.compiler.parser.CompletionParserTest2" time="0"/>
  <testcase name="test0036_Diet - 1.5" classname="org.eclipse.jdt.core.tests.compiler.parser.GenericsCompletionParserTest" time="0"/>
  <testcase name="test0036_Method - 1.5" classname="org.eclipse.jdt.core.tests.compiler.parser.CompletionParserTest2" time="0.001"/>
  <testcase name="test0036_Method - 1.5" classname="org.eclipse.jdt.core.tests.compiler.parser.GenericsCompletionParserTest" time="0"/>
  <testcase name="test0037 - 1.5" classname="org.eclipse.jdt.core.tests.compiler.parser.CompletionParserTest2" time="0"/>
  <testcase name="test0037 - 1.5" classname="org.eclipse.jdt.core.tests.compiler.parser.StatementRecoveryTest" time="0"/>
  <testcase name="test0037 - 1.5" classname="org.eclipse.jdt.core.tests.compiler.parser.ComplianceDiagnoseTest" time="0"/>
  <testcase name="test0037 - 1.5" classname="org.eclipse.jdt.core.tests.compiler.parser.AnnotationCompletionParserTest" time="0"/>
  <testcase name="test0037 - 1.5" classname="org.eclipse.jdt.core.tests.compiler.parser.AnnotationDietRecoveryTest" time="0.001"/>
  <testcase name="test0038_Diet - 1.5" classname="org.eclipse.jdt.core.tests.compiler.parser.CompletionParserTest2" time="0"/>
  <testcase name="test0038_Diet - 1.5" classname="org.eclipse.jdt.core.tests.compiler.parser.CompletionParserTestKeyword" time="0.001"/>
  <testcase name="test0038_Diet - 1.5" classname="org.eclipse.jdt.core.tests.compiler.parser.GenericsCompletionParserTest" time="0"/>
  <testcase name="test0038_Method - 1.5" classname="org.eclipse.jdt.core.tests.compiler.parser.CompletionParserTest2" time="0"/>
  <testcase name="test0038_Method - 1.5" classname="org.eclipse.jdt.core.tests.compiler.parser.CompletionParserTestKeyword" time="0"/>
  <testcase name="test0038_Method - 1.5" classname="org.eclipse.jdt.core.tests.compiler.parser.GenericsCompletionParserTest" time="0.001"/>
  <testcase name="test0039_Diet - 1.5" classname="org.eclipse.jdt.core.tests.compiler.parser.CompletionParserTest2" time="0.001"/>
  <testcase name="test0039_Diet - 1.5" classname="org.eclipse.jdt.core.tests.compiler.parser.CompletionParserTestKeyword" time="0"/>
  <testcase name="test0039_Diet - 1.5" classname="org.eclipse.jdt.core.tests.compiler.parser.GenericsCompletionParserTest" time="0"/>
  <testcase name="test0039_Method - 1.5" classname="org.eclipse.jdt.core.tests.compiler.parser.CompletionParserTest2" time="0"/>
  <testcase name="test0039_Method - 1.5" classname="org.eclipse.jdt.core.tests.compiler.parser.CompletionParserTestKeyword" time="0"/>
  <testcase name="test0039_Method - 1.5" classname="org.eclipse.jdt.core.tests.compiler.parser.GenericsCompletionParserTest" time="0"/>
  <testcase name="test0040 - 1.5" classname="org.eclipse.jdt.core.tests.compiler.parser.CompletionParserTest2" time="0"/>
  <testcase name="test0040 - 1.5" classname="org.eclipse.jdt.core.tests.compiler.parser.StatementRecoveryTest" time="0.001"/>
  <testcase name="test0040 - 1.5" classname="org.eclipse.jdt.core.tests.compiler.parser.ComplianceDiagnoseTest" time="0.001"/>
  <testcase name="test0040 - 1.5" classname="org.eclipse.jdt.core.tests.compiler.parser.AnnotationDietRecoveryTest" time="0.002"/>
  <testcase name="test0041_Diet - 1.5" classname="org.eclipse.jdt.core.tests.compiler.parser.CompletionParserTest2" time="0"/>
  <testcase name="test0041_Diet - 1.5" classname="org.eclipse.jdt.core.tests.compiler.parser.CompletionParserTestKeyword" time="0"/>
  <testcase name="test0041_Diet - 1.5" classname="org.eclipse.jdt.core.tests.compiler.parser.GenericsCompletionParserTest" time="0"/>
  <testcase name="test0041_Diet - 1.5" classname="org.eclipse.jdt.core.tests.compiler.parser.AnnotationCompletionParserTest" time="0.001"/>
  <testcase name="test0041_Method - 1.5" classname="org.eclipse.jdt.core.tests.compiler.parser.CompletionParserTest2" time="0.001"/>
  <testcase name="test0041_Method - 1.5" classname="org.eclipse.jdt.core.tests.compiler.parser.CompletionParserTestKeyword" time="0"/>
  <testcase name="test0041_Method - 1.5" classname="org.eclipse.jdt.core.tests.compiler.parser.GenericsCompletionParserTest" time="0"/>
  <testcase name="test0041_Method - 1.5" classname="org.eclipse.jdt.core.tests.compiler.parser.AnnotationCompletionParserTest" time="0"/>
  <testcase name="test0042_Diet - 1.5" classname="org.eclipse.jdt.core.tests.compiler.parser.CompletionParserTest2" time="0"/>
  <testcase name="test0042_Diet - 1.5" classname="org.eclipse.jdt.core.tests.compiler.parser.CompletionParserTestKeyword" time="0"/>
  <testcase name="test0042_Diet - 1.5" classname="org.eclipse.jdt.core.tests.compiler.parser.GenericsCompletionParserTest" time="0.001"/>
  <testcase name="test0042_Method - 1.5" classname="org.eclipse.jdt.core.tests.compiler.parser.CompletionParserTest2" time="0"/>
  <testcase name="test0042_Method - 1.5" classname="org.eclipse.jdt.core.tests.compiler.parser.CompletionParserTestKeyword" time="0"/>
  <testcase name="test0042_Method - 1.5" classname="org.eclipse.jdt.core.tests.compiler.parser.GenericsCompletionParserTest" time="0"/>
  <testcase name="test0043 - 1.5" classname="org.eclipse.jdt.core.tests.compiler.parser.CompletionParserTest2" time="0"/>
  <testcase name="test0043 - 1.5" classname="org.eclipse.jdt.core.tests.compiler.parser.StatementRecoveryTest" time="0.001"/>
  <testcase name="test0043 - 1.5" classname="org.eclipse.jdt.core.tests.compiler.parser.ComplianceDiagnoseTest" time="0"/>
  <testcase name="test0043 - 1.5" classname="org.eclipse.jdt.core.tests.compiler.parser.AnnotationCompletionParserTest" time="0.001"/>
  <testcase name="test0044_Diet - 1.5" classname="org.eclipse.jdt.core.tests.compiler.parser.CompletionParserTest2" time="0.001"/>
  <testcase name="test0044_Diet - 1.5" classname="org.eclipse.jdt.core.tests.compiler.parser.CompletionParserTestKeyword" time="0"/>
  <testcase name="test0044_Diet - 1.5" classname="org.eclipse.jdt.core.tests.compiler.parser.GenericsCompletionParserTest" time="0"/>
  <testcase name="test0044_Method - 1.5" classname="org.eclipse.jdt.core.tests.compiler.parser.CompletionParserTest2" time="0"/>
  <testcase name="test0044_Method - 1.5" classname="org.eclipse.jdt.core.tests.compiler.parser.CompletionParserTestKeyword" time="0"/>
  <testcase name="test0044_Method - 1.5" classname="org.eclipse.jdt.core.tests.compiler.parser.GenericsCompletionParserTest" time="0"/>
  <testcase name="test0045_Diet - 1.5" classname="org.eclipse.jdt.core.tests.compiler.parser.CompletionParserTest2" time="0"/>
  <testcase name="test0045_Diet - 1.5" classname="org.eclipse.jdt.core.tests.compiler.parser.CompletionParserTestKeyword" time="0.001"/>
  <testcase name="test0045_Diet - 1.5" classname="org.eclipse.jdt.core.tests.compiler.parser.GenericsCompletionParserTest" time="0"/>
  <testcase name="test0045_Method - 1.5" classname="org.eclipse.jdt.core.tests.compiler.parser.CompletionParserTest2" time="0"/>
  <testcase name="test0045_Method - 1.5" classname="org.eclipse.jdt.core.tests.compiler.parser.CompletionParserTestKeyword" time="0"/>
  <testcase name="test0045_Method - 1.5" classname="org.eclipse.jdt.core.tests.compiler.parser.GenericsCompletionParserTest" time="0"/>
  <testcase name="test0046 - 1.5" classname="org.eclipse.jdt.core.tests.compiler.parser.CompletionParserTest2" time="0.001"/>
  <testcase name="test0046 - 1.5" classname="org.eclipse.jdt.core.tests.compiler.parser.StatementRecoveryTest" time="0.001"/>
  <testcase name="test0046 - 1.5" classname="org.eclipse.jdt.core.tests.compiler.parser.ComplianceDiagnoseTest" time="0.003"/>
  <testcase name="test0047_Diet - 1.5" classname="org.eclipse.jdt.core.tests.compiler.parser.CompletionParserTest2" time="0"/>
  <testcase name="test0047_Diet - 1.5" classname="org.eclipse.jdt.core.tests.compiler.parser.GenericsCompletionParserTest" time="0"/>
  <testcase name="test0047_Diet - 1.5" classname="org.eclipse.jdt.core.tests.compiler.parser.AnnotationCompletionParserTest" time="0"/>
  <testcase name="test0047_Method - 1.5" classname="org.eclipse.jdt.core.tests.compiler.parser.CompletionParserTest2" time="0"/>
  <testcase name="test0047_Method - 1.5" classname="org.eclipse.jdt.core.tests.compiler.parser.GenericsCompletionParserTest" time="0"/>
  <testcase name="test0047_Method - 1.5" classname="org.eclipse.jdt.core.tests.compiler.parser.AnnotationCompletionParserTest" time="0"/>
  <testcase name="test0048_Diet - 1.5" classname="org.eclipse.jdt.core.tests.compiler.parser.CompletionParserTest2" time="0"/>
  <testcase name="test0048_Diet - 1.5" classname="org.eclipse.jdt.core.tests.compiler.parser.GenericsCompletionParserTest" time="0"/>
  <testcase name="test0048_Method - 1.5" classname="org.eclipse.jdt.core.tests.compiler.parser.CompletionParserTest2" time="0.001"/>
  <testcase name="test0048_Method - 1.5" classname="org.eclipse.jdt.core.tests.compiler.parser.GenericsCompletionParserTest" time="0"/>
  <testcase name="test0049 - 1.5" classname="org.eclipse.jdt.core.tests.compiler.parser.CompletionParserTest2" time="0"/>
  <testcase name="test0049 - 1.5" classname="org.eclipse.jdt.core.tests.compiler.parser.CompletionParserTestKeyword" time="0"/>
  <testcase name="test0049 - 1.5" classname="org.eclipse.jdt.core.tests.compiler.parser.ComplianceDiagnoseTest" time="0.001"/>
  <testcase name="test0049 - 1.5" classname="org.eclipse.jdt.core.tests.compiler.parser.AnnotationCompletionParserTest" time="0"/>
  <testcase name="test0050_Diet - 1.5" classname="org.eclipse.jdt.core.tests.compiler.parser.CompletionParserTest2" time="0"/>
  <testcase name="test0050_Diet - 1.5" classname="org.eclipse.jdt.core.tests.compiler.parser.GenericsCompletionParserTest" time="0"/>
  <testcase name="test0050_Method - 1.5" classname="org.eclipse.jdt.core.tests.compiler.parser.CompletionParserTest2" time="0"/>
  <testcase name="test0050_Method - 1.5" classname="org.eclipse.jdt.core.tests.compiler.parser.GenericsCompletionParserTest" time="0"/>
  <testcase name="test0051_Diet - 1.5" classname="org.eclipse.jdt.core.tests.compiler.parser.CompletionParserTest2" time="0.001"/>
  <testcase name="test0051_Diet - 1.5" classname="org.eclipse.jdt.core.tests.compiler.parser.GenericsCompletionParserTest" time="0.001"/>
  <testcase name="test0051_Method - 1.5" classname="org.eclipse.jdt.core.tests.compiler.parser.CompletionParserTest2" time="0"/>
  <testcase name="test0051_Method - 1.5" classname="org.eclipse.jdt.core.tests.compiler.parser.GenericsCompletionParserTest" time="0"/>
  <testcase name="test0052 - 1.5" classname="org.eclipse.jdt.core.tests.compiler.parser.CompletionParserTest2" time="0"/>
  <testcase name="test0052 - 1.5" classname="org.eclipse.jdt.core.tests.compiler.parser.CompletionParserTestKeyword" time="0"/>
  <testcase name="test0052 - 1.5" classname="org.eclipse.jdt.core.tests.compiler.parser.ComplianceDiagnoseTest" time="0.001"/>
  <testcase name="test0053_Diet - 1.5" classname="org.eclipse.jdt.core.tests.compiler.parser.CompletionParserTest2" time="0"/>
  <testcase name="test0053_Diet - 1.5" classname="org.eclipse.jdt.core.tests.compiler.parser.GenericsCompletionParserTest" time="0"/>
  <testcase name="test0053_Diet - 1.5" classname="org.eclipse.jdt.core.tests.compiler.parser.AnnotationCompletionParserTest" time="0.001"/>
  <testcase name="test0053_Method - 1.5" classname="org.eclipse.jdt.core.tests.compiler.parser.CompletionParserTest2" time="0.001"/>
  <testcase name="test0053_Method - 1.5" classname="org.eclipse.jdt.core.tests.compiler.parser.GenericsCompletionParserTest" time="0"/>
  <testcase name="test0053_Method - 1.5" classname="org.eclipse.jdt.core.tests.compiler.parser.AnnotationCompletionParserTest" time="0"/>
  <testcase name="test0054_Diet - 1.5" classname="org.eclipse.jdt.core.tests.compiler.parser.CompletionParserTest2" time="0"/>
  <testcase name="test0054_Diet - 1.5" classname="org.eclipse.jdt.core.tests.compiler.parser.GenericsCompletionParserTest" time="0.001"/>
  <testcase name="test0054_Method - 1.5" classname="org.eclipse.jdt.core.tests.compiler.parser.CompletionParserTest2" time="0"/>
  <testcase name="test0054_Method - 1.5" classname="org.eclipse.jdt.core.tests.compiler.parser.GenericsCompletionParserTest" time="0"/>
  <testcase name="test0055 - 1.5" classname="org.eclipse.jdt.core.tests.compiler.parser.CompletionParserTest2" time="0"/>
  <testcase name="test0055 - 1.5" classname="org.eclipse.jdt.core.tests.compiler.parser.ComplianceDiagnoseTest" time="0.002"/>
  <testcase name="test0055 - 1.5" classname="org.eclipse.jdt.core.tests.compiler.parser.AnnotationCompletionParserTest" time="0.001"/>
  <testcase name="test0056_Diet - 1.5" classname="org.eclipse.jdt.core.tests.compiler.parser.CompletionParserTest2" time="0"/>
  <testcase name="test0056_Diet - 1.5" classname="org.eclipse.jdt.core.tests.compiler.parser.CompletionParserTestKeyword" time="0"/>
  <testcase name="test0056_Diet - 1.5" classname="org.eclipse.jdt.core.tests.compiler.parser.GenericsCompletionParserTest" time="0"/>
  <testcase name="test0056_Method - 1.5" classname="org.eclipse.jdt.core.tests.compiler.parser.CompletionParserTest2" time="0"/>
  <testcase name="test0056_Method - 1.5" classname="org.eclipse.jdt.core.tests.compiler.parser.CompletionParserTestKeyword" time="0"/>
  <testcase name="test0056_Method - 1.5" classname="org.eclipse.jdt.core.tests.compiler.parser.GenericsCompletionParserTest" time="0"/>
  <testcase name="test0057_Diet - 1.5" classname="org.eclipse.jdt.core.tests.compiler.parser.CompletionParserTest2" time="0"/>
  <testcase name="test0057_Diet - 1.5" classname="org.eclipse.jdt.core.tests.compiler.parser.CompletionParserTestKeyword" time="0"/>
  <testcase name="test0057_Diet - 1.5" classname="org.eclipse.jdt.core.tests.compiler.parser.GenericsCompletionParserTest" time="0"/>
  <testcase name="test0057_Method - 1.5" classname="org.eclipse.jdt.core.tests.compiler.parser.CompletionParserTest2" time="0"/>
  <testcase name="test0057_Method - 1.5" classname="org.eclipse.jdt.core.tests.compiler.parser.CompletionParserTestKeyword" time="0"/>
  <testcase name="test0057_Method - 1.5" classname="org.eclipse.jdt.core.tests.compiler.parser.GenericsCompletionParserTest" time="0"/>
  <testcase name="test0058 - 1.5" classname="org.eclipse.jdt.core.tests.compiler.parser.CompletionParserTest2" time="0.001"/>
  <testcase name="test0058 - 1.5" classname="org.eclipse.jdt.core.tests.compiler.parser.ComplianceDiagnoseTest" time="0.001"/>
  <testcase name="test0059_Diet - 1.5" classname="org.eclipse.jdt.core.tests.compiler.parser.CompletionParserTest2" time="0"/>
  <testcase name="test0059_Diet - 1.5" classname="org.eclipse.jdt.core.tests.compiler.parser.CompletionParserTestKeyword" time="0"/>
  <testcase name="test0059_Diet - 1.5" classname="org.eclipse.jdt.core.tests.compiler.parser.AnnotationCompletionParserTest" time="0"/>
  <testcase name="test0059_Method - 1.5" classname="org.eclipse.jdt.core.tests.compiler.parser.CompletionParserTest2" time="0"/>
  <testcase name="test0059_Method - 1.5" classname="org.eclipse.jdt.core.tests.compiler.parser.CompletionParserTestKeyword" time="0"/>
  <testcase name="test0059_Method - 1.5" classname="org.eclipse.jdt.core.tests.compiler.parser.AnnotationCompletionParserTest" time="0"/>
  <testcase name="test0060_Diet - 1.5" classname="org.eclipse.jdt.core.tests.compiler.parser.CompletionParserTest2" time="0"/>
  <testcase name="test0060_Method - 1.5" classname="org.eclipse.jdt.core.tests.compiler.parser.CompletionParserTest2" time="0.001"/>
  <testcase name="test0061 - 1.5" classname="org.eclipse.jdt.core.tests.compiler.parser.CompletionParserTest2" time="0"/>
  <testcase name="test0061 - 1.5" classname="org.eclipse.jdt.core.tests.compiler.parser.CompletionParserTestKeyword" time="0"/>
  <testcase name="test0061 - 1.5" classname="org.eclipse.jdt.core.tests.compiler.parser.ComplianceDiagnoseTest" time="0"/>
  <testcase name="test0061 - 1.5" classname="org.eclipse.jdt.core.tests.compiler.parser.GenericsCompletionParserTest" time="0"/>
  <testcase name="test0061 - 1.5" classname="org.eclipse.jdt.core.tests.compiler.parser.AnnotationCompletionParserTest" time="0"/>
  <testcase name="test0062_Diet - 1.5" classname="org.eclipse.jdt.core.tests.compiler.parser.CompletionParserTest2" time="0"/>
  <testcase name="test0062_Method - 1.5" classname="org.eclipse.jdt.core.tests.compiler.parser.CompletionParserTest2" time="0"/>
  <testcase name="test0063_Diet - 1.5" classname="org.eclipse.jdt.core.tests.compiler.parser.CompletionParserTest2" time="0"/>
  <testcase name="test0063_Method - 1.5" classname="org.eclipse.jdt.core.tests.compiler.parser.CompletionParserTest2" time="0"/>
  <testcase name="test0064 - 1.5" classname="org.eclipse.jdt.core.tests.compiler.parser.CompletionParserTest2" time="0"/>
  <testcase name="test0064 - 1.5" classname="org.eclipse.jdt.core.tests.compiler.parser.CompletionParserTestKeyword" time="0"/>
  <testcase name="test0064 - 1.5" classname="org.eclipse.jdt.core.tests.compiler.parser.ComplianceDiagnoseTest" time="0.001"/>
  <testcase name="test0064 - 1.5" classname="org.eclipse.jdt.core.tests.compiler.parser.GenericsCompletionParserTest" time="0"/>
  <testcase name="test0065_Diet - 1.5" classname="org.eclipse.jdt.core.tests.compiler.parser.CompletionParserTest2" time="0"/>
  <testcase name="test0065_Diet - 1.5" classname="org.eclipse.jdt.core.tests.compiler.parser.AnnotationCompletionParserTest" time="0.001"/>
  <testcase name="test0065_Method - 1.5" classname="org.eclipse.jdt.core.tests.compiler.parser.CompletionParserTest2" time="0"/>
  <testcase name="test0065_Method - 1.5" classname="org.eclipse.jdt.core.tests.compiler.parser.AnnotationCompletionParserTest" time="0"/>
  <testcase name="test0066_Diet - 1.5" classname="org.eclipse.jdt.core.tests.compiler.parser.CompletionParserTest2" time="0.001"/>
  <testcase name="test0066_Method - 1.5" classname="org.eclipse.jdt.core.tests.compiler.parser.CompletionParserTest2" time="0"/>
  <testcase name="test0067_Diet - 1.5" classname="org.eclipse.jdt.core.tests.compiler.parser.CompletionParserTest2" time="0"/>
  <testcase name="test0067_Method - 1.5" classname="org.eclipse.jdt.core.tests.compiler.parser.CompletionParserTest2" time="0"/>
  <testcase name="test0068_Diet - 1.5" classname="org.eclipse.jdt.core.tests.compiler.parser.CompletionParserTest2" time="0.001"/>
  <testcase name="test0068_Method - 1.5" classname="org.eclipse.jdt.core.tests.compiler.parser.CompletionParserTest2" time="0"/>
  <testcase name="test0069_Diet - 1.5" classname="org.eclipse.jdt.core.tests.compiler.parser.CompletionParserTest2" time="0"/>
  <testcase name="test0069_Method - 1.5" classname="org.eclipse.jdt.core.tests.compiler.parser.CompletionParserTest2" time="0"/>
  <testcase name="test0070_Diet - 1.5" classname="org.eclipse.jdt.core.tests.compiler.parser.CompletionParserTest2" time="0.001"/>
  <testcase name="test0070_Diet - 1.5" classname="org.eclipse.jdt.core.tests.compiler.parser.AnnotationCompletionParserTest" time="0"/>
  <testcase name="test0070_Method - 1.5" classname="org.eclipse.jdt.core.tests.compiler.parser.CompletionParserTest2" time="0"/>
  <testcase name="test0070_Method - 1.5" classname="org.eclipse.jdt.core.tests.compiler.parser.AnnotationCompletionParserTest" time="0.001"/>
  <testcase name="test0071_Diet - 1.5" classname="org.eclipse.jdt.core.tests.compiler.parser.CompletionParserTest2" time="0"/>
  <testcase name="test0071_Diet - 1.5" classname="org.eclipse.jdt.core.tests.compiler.parser.AnnotationCompletionParserTest" time="0"/>
  <testcase name="test0071_Method - 1.5" classname="org.eclipse.jdt.core.tests.compiler.parser.CompletionParserTest2" time="0"/>
  <testcase name="test0071_Method - 1.5" classname="org.eclipse.jdt.core.tests.compiler.parser.AnnotationCompletionParserTest" time="0.001"/>
  <testcase name="test0072_Diet - 1.5" classname="org.eclipse.jdt.core.tests.compiler.parser.CompletionParserTest2" time="0.001"/>
  <testcase name="test0072_Method - 1.5" classname="org.eclipse.jdt.core.tests.compiler.parser.CompletionParserTest2" time="0"/>
  <testcase name="test0073 - 1.5" classname="org.eclipse.jdt.core.tests.compiler.parser.CompletionParserTest2" time="0"/>
  <testcase name="test0073 - 1.5" classname="org.eclipse.jdt.core.tests.compiler.parser.CompletionParserTestKeyword" time="0"/>
  <testcase name="test0073 - 1.5" classname="org.eclipse.jdt.core.tests.compiler.parser.GenericsCompletionParserTest" time="0"/>
  <testcase name="test0073 - 1.5" classname="org.eclipse.jdt.core.tests.compiler.parser.AnnotationCompletionParserTest" time="0.001"/>
  <testcase name="test0074_Diet - 1.5" classname="org.eclipse.jdt.core.tests.compiler.parser.CompletionParserTest2" time="0"/>
  <testcase name="test0074_Method - 1.5" classname="org.eclipse.jdt.core.tests.compiler.parser.CompletionParserTest2" time="0.001"/>
  <testcase name="test0075_Diet - 1.5" classname="org.eclipse.jdt.core.tests.compiler.parser.CompletionParserTest2" time="0"/>
  <testcase name="test0075_Method - 1.5" classname="org.eclipse.jdt.core.tests.compiler.parser.CompletionParserTest2" time="0"/>
  <testcase name="test0076 - 1.5" classname="org.eclipse.jdt.core.tests.compiler.parser.CompletionParserTest2" time="0"/>
  <testcase name="test0076 - 1.5" classname="org.eclipse.jdt.core.tests.compiler.parser.CompletionParserTestKeyword" time="0"/>
  <testcase name="test0076 - 1.5" classname="org.eclipse.jdt.core.tests.compiler.parser.GenericsCompletionParserTest" time="0"/>
  <testcase name="test0076 - 1.5" classname="org.eclipse.jdt.core.tests.compiler.parser.AnnotationCompletionParserTest" time="0"/>
  <testcase name="test0077_Diet - 1.5" classname="org.eclipse.jdt.core.tests.compiler.parser.CompletionParserTest2" time="0"/>
  <testcase name="test0077_Method - 1.5" classname="org.eclipse.jdt.core.tests.compiler.parser.CompletionParserTest2" time="0"/>
  <testcase name="test0078_Diet - 1.5" classname="org.eclipse.jdt.core.tests.compiler.parser.CompletionParserTest2" time="0"/>
  <testcase name="test0078_Method - 1.5" classname="org.eclipse.jdt.core.tests.compiler.parser.CompletionParserTest2" time="0"/>
  <testcase name="test0079_Diet - 1.5" classname="org.eclipse.jdt.core.tests.compiler.parser.CompletionParserTest2" time="0"/>
  <testcase name="test0079_Method - 1.5" classname="org.eclipse.jdt.core.tests.compiler.parser.CompletionParserTest2" time="0"/>
  <testcase name="test0080_Diet - 1.5" classname="org.eclipse.jdt.core.tests.compiler.parser.CompletionParserTest2" time="0"/>
  <testcase name="test0080_Diet - 1.5" classname="org.eclipse.jdt.core.tests.compiler.parser.CompletionParserTestKeyword" time="0"/>
  <testcase name="test0080_Method - 1.5" classname="org.eclipse.jdt.core.tests.compiler.parser.CompletionParserTest2" time="0"/>
  <testcase name="test0080_Method - 1.5" classname="org.eclipse.jdt.core.tests.compiler.parser.CompletionParserTestKeyword" time="0"/>
  <testcase name="test0081_Diet - 1.5" classname="org.eclipse.jdt.core.tests.compiler.parser.CompletionParserTest2" time="0"/>
  <testcase name="test0081_Diet - 1.5" classname="org.eclipse.jdt.core.tests.compiler.parser.CompletionParserTestKeyword" time="0"/>
  <testcase name="test0081_Method - 1.5" classname="org.eclipse.jdt.core.tests.compiler.parser.CompletionParserTest2" time="0"/>
  <testcase name="test0081_Method - 1.5" classname="org.eclipse.jdt.core.tests.compiler.parser.CompletionParserTestKeyword" time="0"/>
  <testcase name="test0082_Diet - 1.5" classname="org.eclipse.jdt.core.tests.compiler.parser.CompletionParserTest2" time="0"/>
  <testcase name="test0082_Diet - 1.5" classname="org.eclipse.jdt.core.tests.compiler.parser.CompletionParserTestKeyword" time="0"/>
  <testcase name="test0082_Method - 1.5" classname="org.eclipse.jdt.core.tests.compiler.parser.CompletionParserTest2" time="0"/>
  <testcase name="test0082_Method - 1.5" classname="org.eclipse.jdt.core.tests.compiler.parser.CompletionParserTestKeyword" time="0"/>
  <testcase name="test0083_Diet - 1.5" classname="org.eclipse.jdt.core.tests.compiler.parser.CompletionParserTest2" time="0"/>
  <testcase name="test0083_Method - 1.5" classname="org.eclipse.jdt.core.tests.compiler.parser.CompletionParserTest2" time="0"/>
  <testcase name="test0084_Diet - 1.5" classname="org.eclipse.jdt.core.tests.compiler.parser.CompletionParserTest2" time="0"/>
  <testcase name="test0084_Method - 1.5" classname="org.eclipse.jdt.core.tests.compiler.parser.CompletionParserTest2" time="0"/>
  <testcase name="test0085_Diet - 1.5" classname="org.eclipse.jdt.core.tests.compiler.parser.CompletionParserTest2" time="0"/>
  <testcase name="test0085_Method - 1.5" classname="org.eclipse.jdt.core.tests.compiler.parser.CompletionParserTest2" time="0"/>
  <testcase name="test0086_Diet - 1.5" classname="org.eclipse.jdt.core.tests.compiler.parser.CompletionParserTest2" time="0"/>
  <testcase name="test0086_Method - 1.5" classname="org.eclipse.jdt.core.tests.compiler.parser.CompletionParserTest2" time="0"/>
  <testcase name="test0087_Diet - 1.5" classname="org.eclipse.jdt.core.tests.compiler.parser.CompletionParserTest2" time="0"/>
  <testcase name="test0087_Method - 1.5" classname="org.eclipse.jdt.core.tests.compiler.parser.CompletionParserTest2" time="0"/>
  <testcase name="test0088_Diet - 1.5" classname="org.eclipse.jdt.core.tests.compiler.parser.CompletionParserTest2" time="0"/>
  <testcase name="test0088_Method - 1.5" classname="org.eclipse.jdt.core.tests.compiler.parser.CompletionParserTest2" time="0"/>
  <testcase name="test0089_Diet - 1.5" classname="org.eclipse.jdt.core.tests.compiler.parser.CompletionParserTest2" time="0"/>
  <testcase name="test0089_Method - 1.5" classname="org.eclipse.jdt.core.tests.compiler.parser.CompletionParserTest2" time="0.001"/>
  <testcase name="test0090_Diet - 1.5" classname="org.eclipse.jdt.core.tests.compiler.parser.CompletionParserTest2" time="0"/>
  <testcase name="test0090_Diet - 1.5" classname="org.eclipse.jdt.core.tests.compiler.parser.CompletionParserTestKeyword" time="0"/>
  <testcase name="test0090_Method - 1.5" classname="org.eclipse.jdt.core.tests.compiler.parser.CompletionParserTest2" time="0"/>
  <testcase name="test0090_Method - 1.5" classname="org.eclipse.jdt.core.tests.compiler.parser.CompletionParserTestKeyword" time="0"/>
  <testcase name="test0091 - 1.5" classname="org.eclipse.jdt.core.tests.compiler.parser.CompletionParserTest2" time="0.001"/>
  <testcase name="test0091 - 1.5" classname="org.eclipse.jdt.core.tests.compiler.parser.GenericsCompletionParserTest" time="0"/>
  <testcase name="test0091 - 1.5" classname="org.eclipse.jdt.core.tests.compiler.parser.AnnotationCompletionParserTest" time="0.001"/>
  <testcase name="test0092_Diet - 1.5" classname="org.eclipse.jdt.core.tests.compiler.parser.CompletionParserTest2" time="0"/>
  <testcase name="test0092_Diet - 1.5" classname="org.eclipse.jdt.core.tests.compiler.parser.CompletionParserTestKeyword" time="0"/>
  <testcase name="test0092_Method - 1.5" classname="org.eclipse.jdt.core.tests.compiler.parser.CompletionParserTest2" time="0"/>
  <testcase name="test0092_Method - 1.5" classname="org.eclipse.jdt.core.tests.compiler.parser.CompletionParserTestKeyword" time="0"/>
  <testcase name="test0093_Diet - 1.5" classname="org.eclipse.jdt.core.tests.compiler.parser.CompletionParserTest2" time="0"/>
  <testcase name="test0093_Diet - 1.5" classname="org.eclipse.jdt.core.tests.compiler.parser.CompletionParserTestKeyword" time="0"/>
  <testcase name="test0093_Method - 1.5" classname="org.eclipse.jdt.core.tests.compiler.parser.CompletionParserTest2" time="0.001"/>
  <testcase name="test0093_Method - 1.5" classname="org.eclipse.jdt.core.tests.compiler.parser.CompletionParserTestKeyword" time="0"/>
  <testcase name="test0094 - 1.5" classname="org.eclipse.jdt.core.tests.compiler.parser.CompletionParserTest2" time="0"/>
  <testcase name="test0094 - 1.5" classname="org.eclipse.jdt.core.tests.compiler.parser.GenericsCompletionParserTest" time="0"/>
  <testcase name="test0094 - 1.5" classname="org.eclipse.jdt.core.tests.compiler.parser.AnnotationCompletionParserTest" time="0.001"/>
  <testcase name="test0095_Diet - 1.5" classname="org.eclipse.jdt.core.tests.compiler.parser.CompletionParserTest2" time="0"/>
  <testcase name="test0095_Diet - 1.5" classname="org.eclipse.jdt.core.tests.compiler.parser.CompletionParserTestKeyword" time="0"/>
  <testcase name="test0095_Method - 1.5" classname="org.eclipse.jdt.core.tests.compiler.parser.CompletionParserTest2" time="0"/>
  <testcase name="test0095_Method - 1.5" classname="org.eclipse.jdt.core.tests.compiler.parser.CompletionParserTestKeyword" time="0"/>
  <testcase name="test0096_Diet - 1.5" classname="org.eclipse.jdt.core.tests.compiler.parser.CompletionParserTest2" time="0"/>
  <testcase name="test0096_Diet - 1.5" classname="org.eclipse.jdt.core.tests.compiler.parser.CompletionParserTestKeyword" time="0"/>
  <testcase name="test0096_Method - 1.5" classname="org.eclipse.jdt.core.tests.compiler.parser.CompletionParserTest2" time="0"/>
  <testcase name="test0096_Method - 1.5" classname="org.eclipse.jdt.core.tests.compiler.parser.CompletionParserTestKeyword" time="0.001"/>
  <testcase name="test0097_Diet - 1.5" classname="org.eclipse.jdt.core.tests.compiler.parser.CompletionParserTest2" time="0"/>
  <testcase name="test0097_Diet - 1.5" classname="org.eclipse.jdt.core.tests.compiler.parser.CompletionParserTestKeyword" time="0"/>
  <testcase name="test0097_Method - 1.5" classname="org.eclipse.jdt.core.tests.compiler.parser.CompletionParserTest2" time="0"/>
  <testcase name="test0097_Method - 1.5" classname="org.eclipse.jdt.core.tests.compiler.parser.CompletionParserTestKeyword" time="0"/>
  <testcase name="test0098_Diet - 1.5" classname="org.eclipse.jdt.core.tests.compiler.parser.CompletionParserTest2" time="0"/>
  <testcase name="test0098_Diet - 1.5" classname="org.eclipse.jdt.core.tests.compiler.parser.CompletionParserTestKeyword" time="0"/>
  <testcase name="test0098_Method - 1.5" classname="org.eclipse.jdt.core.tests.compiler.parser.CompletionParserTest2" time="0"/>
  <testcase name="test0098_Method - 1.5" classname="org.eclipse.jdt.core.tests.compiler.parser.CompletionParserTestKeyword" time="0"/>
  <testcase name="test0099_Diet - 1.5" classname="org.eclipse.jdt.core.tests.compiler.parser.CompletionParserTest2" time="0"/>
  <testcase name="test0099_Diet - 1.5" classname="org.eclipse.jdt.core.tests.compiler.parser.CompletionParserTestKeyword" time="0"/>
  <testcase name="test0099_Diet - 1.5" classname="org.eclipse.jdt.core.tests.compiler.parser.GenericsCompletionParserTest" time="0.001"/>
  <testcase name="test0099_Method - 1.5" classname="org.eclipse.jdt.core.tests.compiler.parser.CompletionParserTest2" time="0"/>
  <testcase name="test0099_Method - 1.5" classname="org.eclipse.jdt.core.tests.compiler.parser.CompletionParserTestKeyword" time="0"/>
  <testcase name="test0099_Method - 1.5" classname="org.eclipse.jdt.core.tests.compiler.parser.GenericsCompletionParserTest" time="0"/>
  <testcase name="test0100_Diet - 1.5" classname="org.eclipse.jdt.core.tests.compiler.parser.CompletionParserTest2" time="0"/>
  <testcase name="test0100_Diet - 1.5" classname="org.eclipse.jdt.core.tests.compiler.parser.CompletionParserTestKeyword" time="0"/>
  <testcase name="test0100_Diet - 1.5" classname="org.eclipse.jdt.core.tests.compiler.parser.GenericsCompletionParserTest" time="0"/>
  <testcase name="test0100_Method - 1.5" classname="org.eclipse.jdt.core.tests.compiler.parser.CompletionParserTest2" time="0"/>
  <testcase name="test0100_Method - 1.5" classname="org.eclipse.jdt.core.tests.compiler.parser.CompletionParserTestKeyword" time="0"/>
  <testcase name="test0100_Method - 1.5" classname="org.eclipse.jdt.core.tests.compiler.parser.GenericsCompletionParserTest" time="0"/>
  <testcase name="test0101_Diet - 1.5" classname="org.eclipse.jdt.core.tests.compiler.parser.CompletionParserTest2" time="0"/>
  <testcase name="test0101_Diet - 1.5" classname="org.eclipse.jdt.core.tests.compiler.parser.GenericsCompletionParserTest" time="0"/>
  <testcase name="test0101_Method - 1.5" classname="org.eclipse.jdt.core.tests.compiler.parser.CompletionParserTest2" time="0"/>
  <testcase name="test0101_Method - 1.5" classname="org.eclipse.jdt.core.tests.compiler.parser.GenericsCompletionParserTest" time="0"/>
  <testcase name="test0102_Diet - 1.5" classname="org.eclipse.jdt.core.tests.compiler.parser.CompletionParserTest2" time="0.001"/>
  <testcase name="test0102_Diet - 1.5" classname="org.eclipse.jdt.core.tests.compiler.parser.GenericsCompletionParserTest" time="0"/>
  <testcase name="test0102_Method - 1.5" classname="org.eclipse.jdt.core.tests.compiler.parser.CompletionParserTest2" time="0"/>
  <testcase name="test0102_Method - 1.5" classname="org.eclipse.jdt.core.tests.compiler.parser.GenericsCompletionParserTest" time="0.001"/>
  <testcase name="test0103_Diet - 1.5" classname="org.eclipse.jdt.core.tests.compiler.parser.CompletionParserTest2" time="0"/>
  <testcase name="test0103_Diet - 1.5" classname="org.eclipse.jdt.core.tests.compiler.parser.GenericsCompletionParserTest" time="0"/>
  <testcase name="test0103_Method - 1.5" classname="org.eclipse.jdt.core.tests.compiler.parser.CompletionParserTest2" time="0"/>
  <testcase name="test0103_Method - 1.5" classname="org.eclipse.jdt.core.tests.compiler.parser.GenericsCompletionParserTest" time="0"/>
  <testcase name="test0104_Diet - 1.5" classname="org.eclipse.jdt.core.tests.compiler.parser.CompletionParserTest2" time="0"/>
  <testcase name="test0104_Diet - 1.5" classname="org.eclipse.jdt.core.tests.compiler.parser.GenericsCompletionParserTest" time="0"/>
  <testcase name="test0104_Method - 1.5" classname="org.eclipse.jdt.core.tests.compiler.parser.CompletionParserTest2" time="0"/>
  <testcase name="test0104_Method - 1.5" classname="org.eclipse.jdt.core.tests.compiler.parser.GenericsCompletionParserTest" time="0.001"/>
  <testcase name="test0105_Diet - 1.5" classname="org.eclipse.jdt.core.tests.compiler.parser.CompletionParserTest2" time="0"/>
  <testcase name="test0105_Diet - 1.5" classname="org.eclipse.jdt.core.tests.compiler.parser.GenericsCompletionParserTest" time="0"/>
  <testcase name="test0105_Diet - 1.5" classname="org.eclipse.jdt.core.tests.compiler.parser.AnnotationCompletionParserTest" time="0"/>
  <testcase name="test0105_Method - 1.5" classname="org.eclipse.jdt.core.tests.compiler.parser.CompletionParserTest2" time="0"/>
  <testcase name="test0105_Method - 1.5" classname="org.eclipse.jdt.core.tests.compiler.parser.GenericsCompletionParserTest" time="0"/>
  <testcase name="test0105_Method - 1.5" classname="org.eclipse.jdt.core.tests.compiler.parser.AnnotationCompletionParserTest" time="0"/>
  <testcase name="test0106_Diet - 1.5" classname="org.eclipse.jdt.core.tests.compiler.parser.CompletionParserTest2" time="0"/>
  <testcase name="test0106_Diet - 1.5" classname="org.eclipse.jdt.core.tests.compiler.parser.GenericsCompletionParserTest" time="0"/>
  <testcase name="test0106_Diet - 1.5" classname="org.eclipse.jdt.core.tests.compiler.parser.AnnotationCompletionParserTest" time="0.001"/>
  <testcase name="test0106_Method - 1.5" classname="org.eclipse.jdt.core.tests.compiler.parser.CompletionParserTest2" time="0"/>
  <testcase name="test0106_Method - 1.5" classname="org.eclipse.jdt.core.tests.compiler.parser.GenericsCompletionParserTest" time="0"/>
  <testcase name="test0106_Method - 1.5" classname="org.eclipse.jdt.core.tests.compiler.parser.AnnotationCompletionParserTest" time="0"/>
  <testcase name="test0107_Diet - 1.5" classname="org.eclipse.jdt.core.tests.compiler.parser.CompletionParserTest2" time="0"/>
  <testcase name="test0107_Diet - 1.5" classname="org.eclipse.jdt.core.tests.compiler.parser.CompletionParserTestKeyword" time="0"/>
  <testcase name="test0107_Diet - 1.5" classname="org.eclipse.jdt.core.tests.compiler.parser.GenericsCompletionParserTest" time="0"/>
  <testcase name="test0107_Diet - 1.5" classname="org.eclipse.jdt.core.tests.compiler.parser.AnnotationCompletionParserTest" time="0"/>
  <testcase name="test0107_Method - 1.5" classname="org.eclipse.jdt.core.tests.compiler.parser.CompletionParserTest2" time="0"/>
  <testcase name="test0107_Method - 1.5" classname="org.eclipse.jdt.core.tests.compiler.parser.CompletionParserTestKeyword" time="0"/>
  <testcase name="test0107_Method - 1.5" classname="org.eclipse.jdt.core.tests.compiler.parser.GenericsCompletionParserTest" time="0"/>
  <testcase name="test0107_Method - 1.5" classname="org.eclipse.jdt.core.tests.compiler.parser.AnnotationCompletionParserTest" time="0.001"/>
  <testcase name="test0108_Diet - 1.5" classname="org.eclipse.jdt.core.tests.compiler.parser.CompletionParserTest2" time="0"/>
  <testcase name="test0108_Diet - 1.5" classname="org.eclipse.jdt.core.tests.compiler.parser.CompletionParserTestKeyword" time="0"/>
  <testcase name="test0108_Diet - 1.5" classname="org.eclipse.jdt.core.tests.compiler.parser.GenericsCompletionParserTest" time="0.001"/>
  <testcase name="test0108_Diet - 1.5" classname="org.eclipse.jdt.core.tests.compiler.parser.AnnotationCompletionParserTest" time="0"/>
  <testcase name="test0108_Method - 1.5" classname="org.eclipse.jdt.core.tests.compiler.parser.CompletionParserTest2" time="0"/>
  <testcase name="test0108_Method - 1.5" classname="org.eclipse.jdt.core.tests.compiler.parser.CompletionParserTestKeyword" time="0"/>
  <testcase name="test0108_Method - 1.5" classname="org.eclipse.jdt.core.tests.compiler.parser.GenericsCompletionParserTest" time="0"/>
  <testcase name="test0108_Method - 1.5" classname="org.eclipse.jdt.core.tests.compiler.parser.AnnotationCompletionParserTest" time="0"/>
  <testcase name="test0109_Diet - 1.5" classname="org.eclipse.jdt.core.tests.compiler.parser.CompletionParserTest2" time="0"/>
  <testcase name="test0109_Diet - 1.5" classname="org.eclipse.jdt.core.tests.compiler.parser.CompletionParserTestKeyword" time="0"/>
  <testcase name="test0109_Diet - 1.5" classname="org.eclipse.jdt.core.tests.compiler.parser.GenericsCompletionParserTest" time="0"/>
  <testcase name="test0109_Diet - 1.5" classname="org.eclipse.jdt.core.tests.compiler.parser.AnnotationCompletionParserTest" time="0"/>
  <testcase name="test0109_Method - 1.5" classname="org.eclipse.jdt.core.tests.compiler.parser.CompletionParserTest2" time="0"/>
  <testcase name="test0109_Method - 1.5" classname="org.eclipse.jdt.core.tests.compiler.parser.CompletionParserTestKeyword" time="0.001"/>
  <testcase name="test0109_Method - 1.5" classname="org.eclipse.jdt.core.tests.compiler.parser.GenericsCompletionParserTest" time="0"/>
  <testcase name="test0109_Method - 1.5" classname="org.eclipse.jdt.core.tests.compiler.parser.AnnotationCompletionParserTest" time="0"/>
  <testcase name="test0110_Diet - 1.5" classname="org.eclipse.jdt.core.tests.compiler.parser.CompletionParserTest2" time="0.001"/>
  <testcase name="test0110_Diet - 1.5" classname="org.eclipse.jdt.core.tests.compiler.parser.CompletionParserTestKeyword" time="0"/>
  <testcase name="test0110_Diet - 1.5" classname="org.eclipse.jdt.core.tests.compiler.parser.GenericsCompletionParserTest" time="0.001"/>
  <testcase name="test0110_Diet - 1.5" classname="org.eclipse.jdt.core.tests.compiler.parser.AnnotationCompletionParserTest" time="0.001"/>
  <testcase name="test0110_Method - 1.5" classname="org.eclipse.jdt.core.tests.compiler.parser.CompletionParserTest2" time="0"/>
  <testcase name="test0110_Method - 1.5" classname="org.eclipse.jdt.core.tests.compiler.parser.CompletionParserTestKeyword" time="0"/>
  <testcase name="test0110_Method - 1.5" classname="org.eclipse.jdt.core.tests.compiler.parser.GenericsCompletionParserTest" time="0"/>
  <testcase name="test0110_Method - 1.5" classname="org.eclipse.jdt.core.tests.compiler.parser.AnnotationCompletionParserTest" time="0"/>
  <testcase name="test0111_Diet - 1.5" classname="org.eclipse.jdt.core.tests.compiler.parser.CompletionParserTest2" time="0"/>
  <testcase name="test0111_Diet - 1.5" classname="org.eclipse.jdt.core.tests.compiler.parser.GenericsCompletionParserTest" time="0"/>
  <testcase name="test0111_Diet - 1.5" classname="org.eclipse.jdt.core.tests.compiler.parser.AnnotationCompletionParserTest" time="0.001"/>
  <testcase name="test0111_Method - 1.5" classname="org.eclipse.jdt.core.tests.compiler.parser.CompletionParserTest2" time="0"/>
  <testcase name="test0111_Method - 1.5" classname="org.eclipse.jdt.core.tests.compiler.parser.GenericsCompletionParserTest" time="0"/>
  <testcase name="test0111_Method - 1.5" classname="org.eclipse.jdt.core.tests.compiler.parser.AnnotationCompletionParserTest" time="0"/>
  <testcase name="test0112_Diet - 1.5" classname="org.eclipse.jdt.core.tests.compiler.parser.CompletionParserTest2" time="0.001"/>
  <testcase name="test0112_Diet - 1.5" classname="org.eclipse.jdt.core.tests.compiler.parser.GenericsCompletionParserTest" time="0"/>
  <testcase name="test0112_Diet - 1.5" classname="org.eclipse.jdt.core.tests.compiler.parser.AnnotationCompletionParserTest" time="0.001"/>
  <testcase name="test0112_Method - 1.5" classname="org.eclipse.jdt.core.tests.compiler.parser.CompletionParserTest2" time="0"/>
  <testcase name="test0112_Method - 1.5" classname="org.eclipse.jdt.core.tests.compiler.parser.GenericsCompletionParserTest" time="0"/>
  <testcase name="test0112_Method - 1.5" classname="org.eclipse.jdt.core.tests.compiler.parser.AnnotationCompletionParserTest" time="0"/>
  <testcase name="test0113_Diet - 1.5" classname="org.eclipse.jdt.core.tests.compiler.parser.CompletionParserTest2" time="0"/>
  <testcase name="test0113_Diet - 1.5" classname="org.eclipse.jdt.core.tests.compiler.parser.GenericsCompletionParserTest" time="0"/>
  <testcase name="test0113_Diet - 1.5" classname="org.eclipse.jdt.core.tests.compiler.parser.AnnotationCompletionParserTest" time="0"/>
  <testcase name="test0113_Method - 1.5" classname="org.eclipse.jdt.core.tests.compiler.parser.CompletionParserTest2" time="0"/>
  <testcase name="test0113_Method - 1.5" classname="org.eclipse.jdt.core.tests.compiler.parser.GenericsCompletionParserTest" time="0.001"/>
  <testcase name="test0113_Method - 1.5" classname="org.eclipse.jdt.core.tests.compiler.parser.AnnotationCompletionParserTest" time="0.001"/>
  <testcase name="test0114_Diet - 1.5" classname="org.eclipse.jdt.core.tests.compiler.parser.CompletionParserTest2" time="0"/>
  <testcase name="test0114_Diet - 1.5" classname="org.eclipse.jdt.core.tests.compiler.parser.GenericsCompletionParserTest" time="0"/>
  <testcase name="test0114_Diet - 1.5" classname="org.eclipse.jdt.core.tests.compiler.parser.AnnotationCompletionParserTest" time="0"/>
  <testcase name="test0114_Method - 1.5" classname="org.eclipse.jdt.core.tests.compiler.parser.CompletionParserTest2" time="0"/>
  <testcase name="test0114_Method - 1.5" classname="org.eclipse.jdt.core.tests.compiler.parser.GenericsCompletionParserTest" time="0"/>
  <testcase name="test0114_Method - 1.5" classname="org.eclipse.jdt.core.tests.compiler.parser.AnnotationCompletionParserTest" time="0"/>
  <testcase name="test0115_Diet - 1.5" classname="org.eclipse.jdt.core.tests.compiler.parser.CompletionParserTest2" time="0"/>
  <testcase name="test0115_Diet - 1.5" classname="org.eclipse.jdt.core.tests.compiler.parser.GenericsCompletionParserTest" time="0"/>
  <testcase name="test0115_Method - 1.5" classname="org.eclipse.jdt.core.tests.compiler.parser.CompletionParserTest2" time="0"/>
  <testcase name="test0115_Method - 1.5" classname="org.eclipse.jdt.core.tests.compiler.parser.GenericsCompletionParserTest" time="0.001"/>
  <testcase name="test0116_Diet - 1.5" classname="org.eclipse.jdt.core.tests.compiler.parser.CompletionParserTest2" time="0"/>
  <testcase name="test0116_Diet - 1.5" classname="org.eclipse.jdt.core.tests.compiler.parser.GenericsCompletionParserTest" time="0"/>
  <testcase name="test0116_Method - 1.5" classname="org.eclipse.jdt.core.tests.compiler.parser.CompletionParserTest2" time="0.001"/>
  <testcase name="test0116_Method - 1.5" classname="org.eclipse.jdt.core.tests.compiler.parser.GenericsCompletionParserTest" time="0"/>
  <testcase name="test0117_Diet - 1.5" classname="org.eclipse.jdt.core.tests.compiler.parser.CompletionParserTest2" time="0"/>
  <testcase name="test0117_Diet - 1.5" classname="org.eclipse.jdt.core.tests.compiler.parser.GenericsCompletionParserTest" time="0"/>
  <testcase name="test0117_Method - 1.5" classname="org.eclipse.jdt.core.tests.compiler.parser.CompletionParserTest2" time="0"/>
  <testcase name="test0117_Method - 1.5" classname="org.eclipse.jdt.core.tests.compiler.parser.GenericsCompletionParserTest" time="0"/>
  <testcase name="test0118_Diet - 1.5" classname="org.eclipse.jdt.core.tests.compiler.parser.CompletionParserTest2" time="0"/>
  <testcase name="test0118_Diet - 1.5" classname="org.eclipse.jdt.core.tests.compiler.parser.GenericsCompletionParserTest" time="0"/>
  <testcase name="test0118_Method - 1.5" classname="org.eclipse.jdt.core.tests.compiler.parser.CompletionParserTest2" time="0"/>
  <testcase name="test0118_Method - 1.5" classname="org.eclipse.jdt.core.tests.compiler.parser.GenericsCompletionParserTest" time="0"/>
  <testcase name="test0119_Diet - 1.5" classname="org.eclipse.jdt.core.tests.compiler.parser.CompletionParserTest2" time="0"/>
  <testcase name="test0119_Diet - 1.5" classname="org.eclipse.jdt.core.tests.compiler.parser.GenericsCompletionParserTest" time="0.001"/>
  <testcase name="test0119_Diet - 1.5" classname="org.eclipse.jdt.core.tests.compiler.parser.AnnotationCompletionParserTest" time="0"/>
  <testcase name="test0119_Method - 1.5" classname="org.eclipse.jdt.core.tests.compiler.parser.CompletionParserTest2" time="0"/>
  <testcase name="test0119_Method - 1.5" classname="org.eclipse.jdt.core.tests.compiler.parser.GenericsCompletionParserTest" time="0"/>
  <testcase name="test0119_Method - 1.5" classname="org.eclipse.jdt.core.tests.compiler.parser.AnnotationCompletionParserTest" time="0"/>
  <testcase name="test0120_Diet - 1.5" classname="org.eclipse.jdt.core.tests.compiler.parser.CompletionParserTest2" time="0"/>
  <testcase name="test0120_Diet - 1.5" classname="org.eclipse.jdt.core.tests.compiler.parser.GenericsCompletionParserTest" time="0"/>
  <testcase name="test0120_Diet - 1.5" classname="org.eclipse.jdt.core.tests.compiler.parser.AnnotationCompletionParserTest" time="0"/>
  <testcase name="test0120_Method - 1.5" classname="org.eclipse.jdt.core.tests.compiler.parser.CompletionParserTest2" time="0"/>
  <testcase name="test0120_Method - 1.5" classname="org.eclipse.jdt.core.tests.compiler.parser.GenericsCompletionParserTest" time="0"/>
  <testcase name="test0120_Method - 1.5" classname="org.eclipse.jdt.core.tests.compiler.parser.AnnotationCompletionParserTest" time="0"/>
  <testcase name="test0121_Diet - 1.5" classname="org.eclipse.jdt.core.tests.compiler.parser.CompletionParserTest2" time="0"/>
  <testcase name="test0121_Diet - 1.5" classname="org.eclipse.jdt.core.tests.compiler.parser.GenericsCompletionParserTest" time="0"/>
  <testcase name="test0121_Method - 1.5" classname="org.eclipse.jdt.core.tests.compiler.parser.CompletionParserTest2" time="0"/>
  <testcase name="test0121_Method - 1.5" classname="org.eclipse.jdt.core.tests.compiler.parser.GenericsCompletionParserTest" time="0"/>
  <testcase name="test0122_Diet - 1.5" classname="org.eclipse.jdt.core.tests.compiler.parser.CompletionParserTest2" time="0"/>
  <testcase name="test0122_Diet - 1.5" classname="org.eclipse.jdt.core.tests.compiler.parser.GenericsCompletionParserTest" time="0"/>
  <testcase name="test0122_Method - 1.5" classname="org.eclipse.jdt.core.tests.compiler.parser.CompletionParserTest2" time="0"/>
  <testcase name="test0122_Method - 1.5" classname="org.eclipse.jdt.core.tests.compiler.parser.GenericsCompletionParserTest" time="0.001"/>
  <testcase name="test0123_Diet - 1.5" classname="org.eclipse.jdt.core.tests.compiler.parser.CompletionParserTest2" time="0"/>
  <testcase name="test0123_Diet - 1.5" classname="org.eclipse.jdt.core.tests.compiler.parser.GenericsCompletionParserTest" time="0"/>
  <testcase name="test0123_Method - 1.5" classname="org.eclipse.jdt.core.tests.compiler.parser.CompletionParserTest2" time="0.001"/>
  <testcase name="test0123_Method - 1.5" classname="org.eclipse.jdt.core.tests.compiler.parser.GenericsCompletionParserTest" time="0"/>
  <testcase name="test0124_Diet - 1.5" classname="org.eclipse.jdt.core.tests.compiler.parser.CompletionParserTest2" time="0"/>
  <testcase name="test0124_Diet - 1.5" classname="org.eclipse.jdt.core.tests.compiler.parser.GenericsCompletionParserTest" time="0"/>
  <testcase name="test0124_Method - 1.5" classname="org.eclipse.jdt.core.tests.compiler.parser.CompletionParserTest2" time="0"/>
  <testcase name="test0124_Method - 1.5" classname="org.eclipse.jdt.core.tests.compiler.parser.GenericsCompletionParserTest" time="0.001"/>
  <testcase name="test0125_Diet - 1.5" classname="org.eclipse.jdt.core.tests.compiler.parser.CompletionParserTest2" time="0"/>
  <testcase name="test0125_Diet - 1.5" classname="org.eclipse.jdt.core.tests.compiler.parser.GenericsCompletionParserTest" time="0"/>
  <testcase name="test0125_Method - 1.5" classname="org.eclipse.jdt.core.tests.compiler.parser.CompletionParserTest2" time="0"/>
  <testcase name="test0125_Method - 1.5" classname="org.eclipse.jdt.core.tests.compiler.parser.GenericsCompletionParserTest" time="0"/>
  <testcase name="test0126_Diet - 1.5" classname="org.eclipse.jdt.core.tests.compiler.parser.CompletionParserTest2" time="0"/>
  <testcase name="test0126_Diet - 1.5" classname="org.eclipse.jdt.core.tests.compiler.parser.GenericsCompletionParserTest" time="0"/>
  <testcase name="test0126_Method - 1.5" classname="org.eclipse.jdt.core.tests.compiler.parser.CompletionParserTest2" time="0"/>
  <testcase name="test0126_Method - 1.5" classname="org.eclipse.jdt.core.tests.compiler.parser.GenericsCompletionParserTest" time="0"/>
  <testcase name="test0127 - 1.5" classname="org.eclipse.jdt.core.tests.compiler.parser.CompletionParserTest2" time="0"/>
  <testcase name="test0127 - 1.5" classname="org.eclipse.jdt.core.tests.compiler.parser.CompletionParserTestKeyword" time="0"/>
  <testcase name="test0127 - 1.5" classname="org.eclipse.jdt.core.tests.compiler.parser.AnnotationCompletionParserTest" time="0.001"/>
  <testcase name="test0128_Diet - 1.5" classname="org.eclipse.jdt.core.tests.compiler.parser.CompletionParserTest2" time="0"/>
  <testcase name="test0128_Diet - 1.5" classname="org.eclipse.jdt.core.tests.compiler.parser.GenericsCompletionParserTest" time="0.001"/>
  <testcase name="test0128_Method - 1.5" classname="org.eclipse.jdt.core.tests.compiler.parser.CompletionParserTest2" time="0"/>
  <testcase name="test0128_Method - 1.5" classname="org.eclipse.jdt.core.tests.compiler.parser.GenericsCompletionParserTest" time="0"/>
  <testcase name="test0129_Diet - 1.5" classname="org.eclipse.jdt.core.tests.compiler.parser.CompletionParserTest2" time="0"/>
  <testcase name="test0129_Diet - 1.5" classname="org.eclipse.jdt.core.tests.compiler.parser.GenericsCompletionParserTest" time="0"/>
  <testcase name="test0129_Method - 1.5" classname="org.eclipse.jdt.core.tests.compiler.parser.CompletionParserTest2" time="0"/>
  <testcase name="test0129_Method - 1.5" classname="org.eclipse.jdt.core.tests.compiler.parser.GenericsCompletionParserTest" time="0"/>
  <testcase name="test0130_Diet - 1.5" classname="org.eclipse.jdt.core.tests.compiler.parser.CompletionParserTest2" time="0"/>
  <testcase name="test0130_Diet - 1.5" classname="org.eclipse.jdt.core.tests.compiler.parser.GenericsCompletionParserTest" time="0.001"/>
  <testcase name="test0130_Method - 1.5" classname="org.eclipse.jdt.core.tests.compiler.parser.CompletionParserTest2" time="0"/>
  <testcase name="test0130_Method - 1.5" classname="org.eclipse.jdt.core.tests.compiler.parser.GenericsCompletionParserTest" time="0"/>
  <testcase name="test0131_Diet - 1.5" classname="org.eclipse.jdt.core.tests.compiler.parser.CompletionParserTest2" time="0.001"/>
  <testcase name="test0131_Diet - 1.5" classname="org.eclipse.jdt.core.tests.compiler.parser.GenericsCompletionParserTest" time="0"/>
  <testcase name="test0131_Method - 1.5" classname="org.eclipse.jdt.core.tests.compiler.parser.CompletionParserTest2" time="0"/>
  <testcase name="test0131_Method - 1.5" classname="org.eclipse.jdt.core.tests.compiler.parser.GenericsCompletionParserTest" time="0.001"/>
  <testcase name="test0132_Diet - 1.5" classname="org.eclipse.jdt.core.tests.compiler.parser.CompletionParserTest2" time="0"/>
  <testcase name="test0132_Diet - 1.5" classname="org.eclipse.jdt.core.tests.compiler.parser.GenericsCompletionParserTest" time="0"/>
  <testcase name="test0132_Method - 1.5" classname="org.eclipse.jdt.core.tests.compiler.parser.CompletionParserTest2" time="0.001"/>
  <testcase name="test0132_Method - 1.5" classname="org.eclipse.jdt.core.tests.compiler.parser.GenericsCompletionParserTest" time="0"/>
  <testcase name="test0133_Diet - 1.5" classname="org.eclipse.jdt.core.tests.compiler.parser.CompletionParserTest2" time="0"/>
  <testcase name="test0133_Diet - 1.5" classname="org.eclipse.jdt.core.tests.compiler.parser.GenericsCompletionParserTest" time="0"/>
  <testcase name="test0133_Method - 1.5" classname="org.eclipse.jdt.core.tests.compiler.parser.CompletionParserTest2" time="0"/>
  <testcase name="test0133_Method - 1.5" classname="org.eclipse.jdt.core.tests.compiler.parser.GenericsCompletionParserTest" time="0"/>
  <testcase name="test0134 - 1.5" classname="org.eclipse.jdt.core.tests.compiler.parser.CompletionParserTest2" time="0"/>
  <testcase name="test0134 - 1.5" classname="org.eclipse.jdt.core.tests.compiler.parser.CompletionParserTestKeyword" time="0"/>
  <testcase name="test0135_Diet - 1.5" classname="org.eclipse.jdt.core.tests.compiler.parser.CompletionParserTest2" time="0"/>
  <testcase name="test0135_Diet - 1.5" classname="org.eclipse.jdt.core.tests.compiler.parser.GenericsCompletionParserTest" time="0.001"/>
  <testcase name="test0135_Method - 1.5" classname="org.eclipse.jdt.core.tests.compiler.parser.CompletionParserTest2" time="0"/>
  <testcase name="test0135_Method - 1.5" classname="org.eclipse.jdt.core.tests.compiler.parser.GenericsCompletionParserTest" time="0"/>
  <testcase name="test0136 - 1.5" classname="org.eclipse.jdt.core.tests.compiler.parser.CompletionParserTest2" time="0"/>
  <testcase name="test0136 - 1.5" classname="org.eclipse.jdt.core.tests.compiler.parser.CompletionParserTestKeyword" time="0"/>
  <testcase name="test0137_Diet - 1.5" classname="org.eclipse.jdt.core.tests.compiler.parser.CompletionParserTest2" time="0"/>
  <testcase name="test0137_Diet - 1.5" classname="org.eclipse.jdt.core.tests.compiler.parser.GenericsCompletionParserTest" time="0.001"/>
  <testcase name="test0137_Method - 1.5" classname="org.eclipse.jdt.core.tests.compiler.parser.CompletionParserTest2" time="0.001"/>
  <testcase name="test0137_Method - 1.5" classname="org.eclipse.jdt.core.tests.compiler.parser.GenericsCompletionParserTest" time="0"/>
  <testcase name="test0138_Diet - 1.5" classname="org.eclipse.jdt.core.tests.compiler.parser.CompletionParserTest2" time="0"/>
  <testcase name="test0138_Diet - 1.5" classname="org.eclipse.jdt.core.tests.compiler.parser.GenericsCompletionParserTest" time="0"/>
  <testcase name="test0138_Method - 1.5" classname="org.eclipse.jdt.core.tests.compiler.parser.CompletionParserTest2" time="0"/>
  <testcase name="test0138_Method - 1.5" classname="org.eclipse.jdt.core.tests.compiler.parser.GenericsCompletionParserTest" time="0"/>
  <testcase name="test0139 - 1.5" classname="org.eclipse.jdt.core.tests.compiler.parser.CompletionParserTest2" time="0"/>
  <testcase name="test0139 - 1.5" classname="org.eclipse.jdt.core.tests.compiler.parser.CompletionParserTestKeyword" time="0"/>
  <testcase name="test0140 - 1.5" classname="org.eclipse.jdt.core.tests.compiler.parser.CompletionParserTest2" time="0"/>
  <testcase name="test0140 - 1.5" classname="org.eclipse.jdt.core.tests.compiler.parser.CompletionParserTestKeyword" time="0.001"/>
  <testcase name="test0141 - 1.5" classname="org.eclipse.jdt.core.tests.compiler.parser.CompletionParserTest2" time="0"/>
  <testcase name="test0141 - 1.5" classname="org.eclipse.jdt.core.tests.compiler.parser.CompletionParserTestKeyword" time="0"/>
  <testcase name="test0142_Diet - 1.5" classname="org.eclipse.jdt.core.tests.compiler.parser.CompletionParserTest2" time="0"/>
  <testcase name="test0142_Diet - 1.5" classname="org.eclipse.jdt.core.tests.compiler.parser.GenericsCompletionParserTest" time="0"/>
  <testcase name="test0142_Method - 1.5" classname="org.eclipse.jdt.core.tests.compiler.parser.CompletionParserTest2" time="0"/>
  <testcase name="test0142_Method - 1.5" classname="org.eclipse.jdt.core.tests.compiler.parser.GenericsCompletionParserTest" time="0"/>
  <testcase name="test0143_Diet - 1.5" classname="org.eclipse.jdt.core.tests.compiler.parser.CompletionParserTest2" time="0"/>
  <testcase name="test0143_Diet - 1.5" classname="org.eclipse.jdt.core.tests.compiler.parser.GenericsCompletionParserTest" time="0"/>
  <testcase name="test0143_Method - 1.5" classname="org.eclipse.jdt.core.tests.compiler.parser.CompletionParserTest2" time="0"/>
  <testcase name="test0143_Method - 1.5" classname="org.eclipse.jdt.core.tests.compiler.parser.GenericsCompletionParserTest" time="0"/>
  <testcase name="test0144_Diet - 1.5" classname="org.eclipse.jdt.core.tests.compiler.parser.CompletionParserTest2" time="0"/>
  <testcase name="test0144_Diet - 1.5" classname="org.eclipse.jdt.core.tests.compiler.parser.GenericsCompletionParserTest" time="0"/>
  <testcase name="test0144_Method - 1.5" classname="org.eclipse.jdt.core.tests.compiler.parser.CompletionParserTest2" time="0"/>
  <testcase name="test0144_Method - 1.5" classname="org.eclipse.jdt.core.tests.compiler.parser.GenericsCompletionParserTest" time="0"/>
  <testcase name="test0145_Diet - 1.5" classname="org.eclipse.jdt.core.tests.compiler.parser.CompletionParserTest2" time="0"/>
  <testcase name="test0145_Diet - 1.5" classname="org.eclipse.jdt.core.tests.compiler.parser.GenericsCompletionParserTest" time="0"/>
  <testcase name="test0145_Method - 1.5" classname="org.eclipse.jdt.core.tests.compiler.parser.CompletionParserTest2" time="0"/>
  <testcase name="test0145_Method - 1.5" classname="org.eclipse.jdt.core.tests.compiler.parser.GenericsCompletionParserTest" time="0"/>
  <testcase name="test0146_Diet - 1.5" classname="org.eclipse.jdt.core.tests.compiler.parser.CompletionParserTest2" time="0"/>
  <testcase name="test0146_Method - 1.5" classname="org.eclipse.jdt.core.tests.compiler.parser.CompletionParserTest2" time="0"/>
  <testcase name="test0147 - 1.5" classname="org.eclipse.jdt.core.tests.compiler.parser.CompletionParserTest2" time="0"/>
  <testcase name="test0147 - 1.5" classname="org.eclipse.jdt.core.tests.compiler.parser.GenericsCompletionParserTest" time="0.001"/>
  <testcase name="test0148 - 1.5" classname="org.eclipse.jdt.core.tests.compiler.parser.CompletionParserTest2" time="0"/>
  <testcase name="test0148 - 1.5" classname="org.eclipse.jdt.core.tests.compiler.parser.GenericsCompletionParserTest" time="0"/>
  <testcase name="test0149_Diet - 1.5" classname="org.eclipse.jdt.core.tests.compiler.parser.CompletionParserTest2" time="0"/>
  <testcase name="test0149_Method - 1.5" classname="org.eclipse.jdt.core.tests.compiler.parser.CompletionParserTest2" time="0.001"/>
  <testcase name="test0150_Diet - 1.5" classname="org.eclipse.jdt.core.tests.compiler.parser.CompletionParserTest2" time="0"/>
  <testcase name="test0150_Method - 1.5" classname="org.eclipse.jdt.core.tests.compiler.parser.CompletionParserTest2" time="0"/>
  <testcase name="test0151_Diet - 1.5" classname="org.eclipse.jdt.core.tests.compiler.parser.CompletionParserTest2" time="0"/>
  <testcase name="test0151_Method - 1.5" classname="org.eclipse.jdt.core.tests.compiler.parser.CompletionParserTest2" time="0"/>
  <testcase name="test0152 - 1.5" classname="org.eclipse.jdt.core.tests.compiler.parser.CompletionParserTest2" time="0"/>
  <testcase name="test0152 - 1.5" classname="org.eclipse.jdt.core.tests.compiler.parser.CompletionParserTestKeyword" time="0"/>
  <testcase name="test0152 - 1.5" classname="org.eclipse.jdt.core.tests.compiler.parser.GenericsCompletionParserTest" time="0"/>
  <testcase name="test0153_Diet - 1.5" classname="org.eclipse.jdt.core.tests.compiler.parser.CompletionParserTest2" time="0"/>
  <testcase name="test0153_Method - 1.5" classname="org.eclipse.jdt.core.tests.compiler.parser.CompletionParserTest2" time="0"/>
  <testcase name="test0154_Diet - 1.5" classname="org.eclipse.jdt.core.tests.compiler.parser.CompletionParserTest2" time="0"/>
  <testcase name="test0154_Method - 1.5" classname="org.eclipse.jdt.core.tests.compiler.parser.CompletionParserTest2" time="0"/>
  <testcase name="test0155_Diet - 1.5" classname="org.eclipse.jdt.core.tests.compiler.parser.CompletionParserTest2" time="0"/>
  <testcase name="test0155_Method - 1.5" classname="org.eclipse.jdt.core.tests.compiler.parser.CompletionParserTest2" time="0"/>
  <testcase name="test0156_Diet - 1.5" classname="org.eclipse.jdt.core.tests.compiler.parser.CompletionParserTest2" time="0.001"/>
  <testcase name="test0156_Method - 1.5" classname="org.eclipse.jdt.core.tests.compiler.parser.CompletionParserTest2" time="0"/>
  <testcase name="test0157_Diet - 1.5" classname="org.eclipse.jdt.core.tests.compiler.parser.CompletionParserTest2" time="0"/>
  <testcase name="test0157_Method - 1.5" classname="org.eclipse.jdt.core.tests.compiler.parser.CompletionParserTest2" time="0"/>
  <testcase name="test0158_Diet - 1.5" classname="org.eclipse.jdt.core.tests.compiler.parser.CompletionParserTest2" time="0"/>
  <testcase name="test0158_Method - 1.5" classname="org.eclipse.jdt.core.tests.compiler.parser.CompletionParserTest2" time="0"/>
  <testcase name="test0159 - 1.5" classname="org.eclipse.jdt.core.tests.compiler.parser.CompletionParserTest2" time="0"/>
  <testcase name="test0159 - 1.5" classname="org.eclipse.jdt.core.tests.compiler.parser.CompletionParserTestKeyword" time="0"/>
  <testcase name="test0160 - 1.5" classname="org.eclipse.jdt.core.tests.compiler.parser.CompletionParserTest2" time="0"/>
  <testcase name="test0160 - 1.5" classname="org.eclipse.jdt.core.tests.compiler.parser.CompletionParserTestKeyword" time="0"/>
  <testcase name="test0161 - 1.5" classname="org.eclipse.jdt.core.tests.compiler.parser.CompletionParserTest2" time="0"/>
  <testcase name="test0161 - 1.5" classname="org.eclipse.jdt.core.tests.compiler.parser.CompletionParserTestKeyword" time="0"/>
  <testcase name="test0161 - 1.5" classname="org.eclipse.jdt.core.tests.compiler.parser.GenericsCompletionParserTest" time="0"/>
  <testcase name="test0162 - 1.5" classname="org.eclipse.jdt.core.tests.compiler.parser.CompletionParserTest2" time="0"/>
  <testcase name="test0162 - 1.5" classname="org.eclipse.jdt.core.tests.compiler.parser.CompletionParserTestKeyword" time="0"/>
  <testcase name="test0162 - 1.5" classname="org.eclipse.jdt.core.tests.compiler.parser.GenericsCompletionParserTest" time="0"/>
  <testcase name="test0163 - 1.5" classname="org.eclipse.jdt.core.tests.compiler.parser.CompletionParserTest2" time="0.001"/>
  <testcase name="test0163 - 1.5" classname="org.eclipse.jdt.core.tests.compiler.parser.CompletionParserTestKeyword" time="0"/>
  <testcase name="test0163 - 1.5" classname="org.eclipse.jdt.core.tests.compiler.parser.GenericsCompletionParserTest" time="0.001"/>
  <testcase name="test0164 - 1.5" classname="org.eclipse.jdt.core.tests.compiler.parser.CompletionParserTest2" time="0"/>
  <testcase name="test0164 - 1.5" classname="org.eclipse.jdt.core.tests.compiler.parser.CompletionParserTestKeyword" time="0"/>
  <testcase name="test0164 - 1.5" classname="org.eclipse.jdt.core.tests.compiler.parser.GenericsCompletionParserTest" time="0"/>
  <testcase name="test0165_Diet - 1.5" classname="org.eclipse.jdt.core.tests.compiler.parser.CompletionParserTest2" time="0"/>
  <testcase name="test0165_Diet - 1.5" classname="org.eclipse.jdt.core.tests.compiler.parser.GenericsCompletionParserTest" time="0"/>
  <testcase name="test0165_Method - 1.5" classname="org.eclipse.jdt.core.tests.compiler.parser.CompletionParserTest2" time="0"/>
  <testcase name="test0165_Method - 1.5" classname="org.eclipse.jdt.core.tests.compiler.parser.GenericsCompletionParserTest" time="0.001"/>
  <testcase name="test0166_Diet - 1.5" classname="org.eclipse.jdt.core.tests.compiler.parser.CompletionParserTest2" time="0"/>
  <testcase name="test0166_Diet - 1.5" classname="org.eclipse.jdt.core.tests.compiler.parser.GenericsCompletionParserTest" time="0"/>
  <testcase name="test0166_Method - 1.5" classname="org.eclipse.jdt.core.tests.compiler.parser.CompletionParserTest2" time="0"/>
  <testcase name="test0166_Method - 1.5" classname="org.eclipse.jdt.core.tests.compiler.parser.GenericsCompletionParserTest" time="0"/>
  <testcase name="test0167_Diet - 1.5" classname="org.eclipse.jdt.core.tests.compiler.parser.CompletionParserTest2" time="0"/>
  <testcase name="test0167_Diet - 1.5" classname="org.eclipse.jdt.core.tests.compiler.parser.GenericsCompletionParserTest" time="0"/>
  <testcase name="test0167_Method - 1.5" classname="org.eclipse.jdt.core.tests.compiler.parser.CompletionParserTest2" time="0"/>
  <testcase name="test0167_Method - 1.5" classname="org.eclipse.jdt.core.tests.compiler.parser.GenericsCompletionParserTest" time="0.001"/>
  <testcase name="test0168_Diet - 1.5" classname="org.eclipse.jdt.core.tests.compiler.parser.CompletionParserTest2" time="0"/>
  <testcase name="test0168_Diet - 1.5" classname="org.eclipse.jdt.core.tests.compiler.parser.GenericsCompletionParserTest" time="0"/>
  <testcase name="test0168_Method - 1.5" classname="org.eclipse.jdt.core.tests.compiler.parser.CompletionParserTest2" time="0"/>
  <testcase name="test0168_Method - 1.5" classname="org.eclipse.jdt.core.tests.compiler.parser.GenericsCompletionParserTest" time="0.001"/>
  <testcase name="test0169_Diet - 1.5" classname="org.eclipse.jdt.core.tests.compiler.parser.CompletionParserTest2" time="0.001"/>
  <testcase name="test0169_Method - 1.5" classname="org.eclipse.jdt.core.tests.compiler.parser.CompletionParserTest2" time="0"/>
  <testcase name="test0170_Diet - 1.5" classname="org.eclipse.jdt.core.tests.compiler.parser.CompletionParserTest2" time="0"/>
  <testcase name="test0170_Method - 1.5" classname="org.eclipse.jdt.core.tests.compiler.parser.CompletionParserTest2" time="0"/>
  <testcase name="test0171_Diet - 1.5" classname="org.eclipse.jdt.core.tests.compiler.parser.CompletionParserTest2" time="0"/>
  <testcase name="test0171_Diet - 1.5" classname="org.eclipse.jdt.core.tests.compiler.parser.GenericsCompletionParserTest" time="0.001"/>
  <testcase name="test0171_Method - 1.5" classname="org.eclipse.jdt.core.tests.compiler.parser.CompletionParserTest2" time="0"/>
  <testcase name="test0171_Method - 1.5" classname="org.eclipse.jdt.core.tests.compiler.parser.GenericsCompletionParserTest" time="0"/>
  <testcase name="test0172 - 1.5" classname="org.eclipse.jdt.core.tests.compiler.parser.CompletionParserTest2" time="0"/>
  <testcase name="test0172 - 1.5" classname="org.eclipse.jdt.core.tests.compiler.parser.CompletionParserTestKeyword" time="0"/>
  <testcase name="test0173_Diet - 1.5" classname="org.eclipse.jdt.core.tests.compiler.parser.CompletionParserTest2" time="0"/>
  <testcase name="test0173_Diet - 1.5" classname="org.eclipse.jdt.core.tests.compiler.parser.GenericsCompletionParserTest" time="0"/>
  <testcase name="test0173_Method - 1.5" classname="org.eclipse.jdt.core.tests.compiler.parser.CompletionParserTest2" time="0"/>
  <testcase name="test0173_Method - 1.5" classname="org.eclipse.jdt.core.tests.compiler.parser.GenericsCompletionParserTest" time="0"/>
  <testcase name="test0174_Diet - 1.5" classname="org.eclipse.jdt.core.tests.compiler.parser.CompletionParserTest2" time="0"/>
  <testcase name="test0174_Diet - 1.5" classname="org.eclipse.jdt.core.tests.compiler.parser.GenericsCompletionParserTest" time="0"/>
  <testcase name="test0175_Diet - 1.5" classname="org.eclipse.jdt.core.tests.compiler.parser.CompletionParserTest2" time="0.001"/>
  <testcase name="test0175_Diet - 1.5" classname="org.eclipse.jdt.core.tests.compiler.parser.GenericsCompletionParserTest" time="0"/>
  <testcase name="test0176_Diet - 1.5" classname="org.eclipse.jdt.core.tests.compiler.parser.CompletionParserTest2" time="0"/>
  <testcase name="test0176_Diet - 1.5" classname="org.eclipse.jdt.core.tests.compiler.parser.GenericsCompletionParserTest" time="0"/>
  <testcase name="test0177_Diet - 1.5" classname="org.eclipse.jdt.core.tests.compiler.parser.CompletionParserTest2" time="0"/>
  <testcase name="test0178_Method - 1.5" classname="org.eclipse.jdt.core.tests.compiler.parser.CompletionParserTest2" time="0.001"/>
  <testcase name="test0002 - 1.5" classname="org.eclipse.jdt.core.tests.compiler.parser.CompletionParserTestKeyword" time="0"/>
  <testcase name="test0002 - 1.5" classname="org.eclipse.jdt.core.tests.compiler.parser.StatementRecoveryTest" time="0.001"/>
  <testcase name="test0002 - 1.5" classname="org.eclipse.jdt.core.tests.compiler.parser.ComplianceDiagnoseTest" time="0"/>
  <testcase name="test0002 - 1.5" classname="org.eclipse.jdt.core.tests.compiler.parser.GenericsCompletionParserTest" time="0"/>
  <testcase name="test0002 - 1.5" classname="org.eclipse.jdt.core.tests.compiler.parser.EnumCompletionParserTest" time="0"/>
  <testcase name="test0002 - 1.5" classname="org.eclipse.jdt.core.tests.compiler.parser.AnnotationCompletionParserTest" time="0"/>
  <testcase name="test0002 - 1.5" classname="org.eclipse.jdt.core.tests.compiler.parser.GenericsSelectionTest" time="0"/>
  <testcase name="test0002 - 1.5" classname="org.eclipse.jdt.core.tests.compiler.parser.AnnotationSelectionTest" time="0.001"/>
  <testcase name="test0002 - 1.5" classname="org.eclipse.jdt.core.tests.compiler.parser.GenericDietRecoveryTest" time="0.002"/>
  <testcase name="test0002 - 1.5" classname="org.eclipse.jdt.core.tests.compiler.parser.EnumDietRecoveryTest" time="0.002"/>
  <testcase name="test0002 - 1.5" classname="org.eclipse.jdt.core.tests.compiler.parser.AnnotationDietRecoveryTest" time="0.001"/>
  <testcase name="test0002 - 1.5" classname="org.eclipse.jdt.core.tests.compiler.parser.StatementRecoveryTest_1_5" time="0.004"/>
  <testcase name="test0003 - 1.5" classname="org.eclipse.jdt.core.tests.compiler.parser.CompletionParserTestKeyword" time="0"/>
  <testcase name="test0003 - 1.5" classname="org.eclipse.jdt.core.tests.compiler.parser.StatementRecoveryTest" time="0.001"/>
  <testcase name="test0003 - 1.5" classname="org.eclipse.jdt.core.tests.compiler.parser.ComplianceDiagnoseTest" time="0.207"/>
  <testcase name="test0003 - 1.5" classname="org.eclipse.jdt.core.tests.compiler.parser.GenericsCompletionParserTest" time="0"/>
  <testcase name="test0003 - 1.5" classname="org.eclipse.jdt.core.tests.compiler.parser.EnumCompletionParserTest" time="0"/>
  <testcase name="test0003 - 1.5" classname="org.eclipse.jdt.core.tests.compiler.parser.AnnotationCompletionParserTest" time="0"/>
  <testcase name="test0003 - 1.5" classname="org.eclipse.jdt.core.tests.compiler.parser.GenericsSelectionTest" time="0"/>
  <testcase name="test0003 - 1.5" classname="org.eclipse.jdt.core.tests.compiler.parser.AnnotationSelectionTest" time="0"/>
  <testcase name="test0003 - 1.5" classname="org.eclipse.jdt.core.tests.compiler.parser.GenericDietRecoveryTest" time="0.002"/>
  <testcase name="test0003 - 1.5" classname="org.eclipse.jdt.core.tests.compiler.parser.EnumDietRecoveryTest" time="0.002"/>
  <testcase name="test0003 - 1.5" classname="org.eclipse.jdt.core.tests.compiler.parser.AnnotationDietRecoveryTest" time="0.002"/>
  <testcase name="test0003 - 1.5" classname="org.eclipse.jdt.core.tests.compiler.parser.StatementRecoveryTest_1_5" time="0.003"/>
  <testcase name="test0005 - 1.5" classname="org.eclipse.jdt.core.tests.compiler.parser.CompletionParserTestKeyword" time="0"/>
  <testcase name="test0005 - 1.5" classname="org.eclipse.jdt.core.tests.compiler.parser.StatementRecoveryTest" time="0.001"/>
  <testcase name="test0005 - 1.5" classname="org.eclipse.jdt.core.tests.compiler.parser.ComplianceDiagnoseTest" time="0.001"/>
  <testcase name="test0005 - 1.5" classname="org.eclipse.jdt.core.tests.compiler.parser.GenericsCompletionParserTest" time="0.001"/>
  <testcase name="test0005 - 1.5" classname="org.eclipse.jdt.core.tests.compiler.parser.EnumCompletionParserTest" time="0"/>
  <testcase name="test0005 - 1.5" classname="org.eclipse.jdt.core.tests.compiler.parser.AnnotationCompletionParserTest" time="0"/>
  <testcase name="test0005 - 1.5" classname="org.eclipse.jdt.core.tests.compiler.parser.GenericsSelectionTest" time="0"/>
  <testcase name="test0005 - 1.5" classname="org.eclipse.jdt.core.tests.compiler.parser.GenericDietRecoveryTest" time="0.005"/>
  <testcase name="test0005 - 1.5" classname="org.eclipse.jdt.core.tests.compiler.parser.EnumDietRecoveryTest" time="0.002"/>
  <testcase name="test0005 - 1.5" classname="org.eclipse.jdt.core.tests.compiler.parser.AnnotationDietRecoveryTest" time="0.003"/>
  <testcase name="test0005 - 1.5" classname="org.eclipse.jdt.core.tests.compiler.parser.StatementRecoveryTest_1_5" time="0.003"/>
  <testcase name="test0006 - 1.5" classname="org.eclipse.jdt.core.tests.compiler.parser.CompletionParserTestKeyword" time="0"/>
  <testcase name="test0006 - 1.5" classname="org.eclipse.jdt.core.tests.compiler.parser.StatementRecoveryTest" time="0.001"/>
  <testcase name="test0006 - 1.5" classname="org.eclipse.jdt.core.tests.compiler.parser.ComplianceDiagnoseTest" time="0.001"/>
  <testcase name="test0006 - 1.5" classname="org.eclipse.jdt.core.tests.compiler.parser.GenericsCompletionParserTest" time="0"/>
  <testcase name="test0006 - 1.5" classname="org.eclipse.jdt.core.tests.compiler.parser.EnumCompletionParserTest" time="0.001"/>
  <testcase name="test0006 - 1.5" classname="org.eclipse.jdt.core.tests.compiler.parser.AnnotationCompletionParserTest" time="0"/>
  <testcase name="test0006 - 1.5" classname="org.eclipse.jdt.core.tests.compiler.parser.GenericsSelectionTest" time="0"/>
  <testcase name="test0006 - 1.5" classname="org.eclipse.jdt.core.tests.compiler.parser.AnnotationSelectionTest" time="0"/>
  <testcase name="test0006 - 1.5" classname="org.eclipse.jdt.core.tests.compiler.parser.GenericDietRecoveryTest" time="0.004"/>
  <testcase name="test0006 - 1.5" classname="org.eclipse.jdt.core.tests.compiler.parser.EnumDietRecoveryTest" time="0.003"/>
  <testcase name="test0006 - 1.5" classname="org.eclipse.jdt.core.tests.compiler.parser.AnnotationDietRecoveryTest" time="0.003"/>
  <testcase name="test0006 - 1.5" classname="org.eclipse.jdt.core.tests.compiler.parser.StatementRecoveryTest_1_5" time="0.003"/>
  <testcase name="test0008 - 1.5" classname="org.eclipse.jdt.core.tests.compiler.parser.CompletionParserTestKeyword" time="0"/>
  <testcase name="test0008 - 1.5" classname="org.eclipse.jdt.core.tests.compiler.parser.StatementRecoveryTest" time="0.001"/>
  <testcase name="test0008 - 1.5" classname="org.eclipse.jdt.core.tests.compiler.parser.ComplianceDiagnoseTest" time="0.001"/>
  <testcase name="test0008 - 1.5" classname="org.eclipse.jdt.core.tests.compiler.parser.GenericsCompletionParserTest" time="0"/>
  <testcase name="test0008 - 1.5" classname="org.eclipse.jdt.core.tests.compiler.parser.EnumCompletionParserTest" time="0.001"/>
  <testcase name="test0008 - 1.5" classname="org.eclipse.jdt.core.tests.compiler.parser.AnnotationCompletionParserTest" time="0"/>
  <testcase name="test0008 - 1.5" classname="org.eclipse.jdt.core.tests.compiler.parser.GenericsSelectionTest" time="0"/>
  <testcase name="test0008 - 1.5" classname="org.eclipse.jdt.core.tests.compiler.parser.AnnotationSelectionTest" time="0"/>
  <testcase name="test0008 - 1.5" classname="org.eclipse.jdt.core.tests.compiler.parser.GenericDietRecoveryTest" time="0.003"/>
  <testcase name="test0008 - 1.5" classname="org.eclipse.jdt.core.tests.compiler.parser.EnumDietRecoveryTest" time="0.002"/>
  <testcase name="test0008 - 1.5" classname="org.eclipse.jdt.core.tests.compiler.parser.AnnotationDietRecoveryTest" time="0.004"/>
  <testcase name="test0008 - 1.5" classname="org.eclipse.jdt.core.tests.compiler.parser.StatementRecoveryTest_1_5" time="0.002"/>
  <testcase name="test0009 - 1.5" classname="org.eclipse.jdt.core.tests.compiler.parser.CompletionParserTestKeyword" time="0"/>
  <testcase name="test0009 - 1.5" classname="org.eclipse.jdt.core.tests.compiler.parser.StatementRecoveryTest" time="0.001"/>
  <testcase name="test0009 - 1.5" classname="org.eclipse.jdt.core.tests.compiler.parser.ComplianceDiagnoseTest" time="0.003"/>
  <testcase name="test0009 - 1.5" classname="org.eclipse.jdt.core.tests.compiler.parser.GenericsCompletionParserTest" time="0"/>
  <testcase name="test0009 - 1.5" classname="org.eclipse.jdt.core.tests.compiler.parser.EnumCompletionParserTest" time="0"/>
  <testcase name="test0009 - 1.5" classname="org.eclipse.jdt.core.tests.compiler.parser.AnnotationCompletionParserTest" time="0"/>
  <testcase name="test0009 - 1.5" classname="org.eclipse.jdt.core.tests.compiler.parser.GenericsSelectionTest" time="0"/>
  <testcase name="test0009 - 1.5" classname="org.eclipse.jdt.core.tests.compiler.parser.AnnotationSelectionTest" time="0"/>
  <testcase name="test0009 - 1.5" classname="org.eclipse.jdt.core.tests.compiler.parser.GenericDietRecoveryTest" time="0.004"/>
  <testcase name="test0009 - 1.5" classname="org.eclipse.jdt.core.tests.compiler.parser.EnumDietRecoveryTest" time="0.002"/>
  <testcase name="test0009 - 1.5" classname="org.eclipse.jdt.core.tests.compiler.parser.AnnotationDietRecoveryTest" time="0.005"/>
  <testcase name="test0011 - 1.5" classname="org.eclipse.jdt.core.tests.compiler.parser.CompletionParserTestKeyword" time="0"/>
  <testcase name="test0011 - 1.5" classname="org.eclipse.jdt.core.tests.compiler.parser.StatementRecoveryTest" time="0.001"/>
  <testcase name="test0011 - 1.5" classname="org.eclipse.jdt.core.tests.compiler.parser.ComplianceDiagnoseTest" time="0.001"/>
  <testcase name="test0011 - 1.5" classname="org.eclipse.jdt.core.tests.compiler.parser.GenericsCompletionParserTest" time="0"/>
  <testcase name="test0011 - 1.5" classname="org.eclipse.jdt.core.tests.compiler.parser.EnumCompletionParserTest" time="0.001"/>
  <testcase name="test0011 - 1.5" classname="org.eclipse.jdt.core.tests.compiler.parser.AnnotationCompletionParserTest" time="0"/>
  <testcase name="test0011 - 1.5" classname="org.eclipse.jdt.core.tests.compiler.parser.GenericsSelectionTest" time="0"/>
  <testcase name="test0011 - 1.5" classname="org.eclipse.jdt.core.tests.compiler.parser.AnnotationSelectionTest" time="0"/>
  <testcase name="test0011 - 1.5" classname="org.eclipse.jdt.core.tests.compiler.parser.GenericDietRecoveryTest" time="0.002"/>
  <testcase name="test0011 - 1.5" classname="org.eclipse.jdt.core.tests.compiler.parser.EnumDietRecoveryTest" time="0.003"/>
  <testcase name="test0011 - 1.5" classname="org.eclipse.jdt.core.tests.compiler.parser.AnnotationDietRecoveryTest" time="0.002"/>
  <testcase name="test0012 - 1.5" classname="org.eclipse.jdt.core.tests.compiler.parser.CompletionParserTestKeyword" time="0"/>
  <testcase name="test0012 - 1.5" classname="org.eclipse.jdt.core.tests.compiler.parser.StatementRecoveryTest" time="0.001"/>
  <testcase name="test0012 - 1.5" classname="org.eclipse.jdt.core.tests.compiler.parser.ComplianceDiagnoseTest" time="0.002"/>
  <testcase name="test0012 - 1.5" classname="org.eclipse.jdt.core.tests.compiler.parser.GenericsCompletionParserTest" time="0"/>
  <testcase name="test0012 - 1.5" classname="org.eclipse.jdt.core.tests.compiler.parser.EnumCompletionParserTest" time="0"/>
  <testcase name="test0012 - 1.5" classname="org.eclipse.jdt.core.tests.compiler.parser.AnnotationCompletionParserTest" time="0"/>
  <testcase name="test0012 - 1.5" classname="org.eclipse.jdt.core.tests.compiler.parser.GenericsSelectionTest" time="0"/>
  <testcase name="test0012 - 1.5" classname="org.eclipse.jdt.core.tests.compiler.parser.AnnotationSelectionTest" time="0"/>
  <testcase name="test0012 - 1.5" classname="org.eclipse.jdt.core.tests.compiler.parser.GenericDietRecoveryTest" time="0.002"/>
  <testcase name="test0012 - 1.5" classname="org.eclipse.jdt.core.tests.compiler.parser.EnumDietRecoveryTest" time="0.003"/>
  <testcase name="test0012 - 1.5" classname="org.eclipse.jdt.core.tests.compiler.parser.AnnotationDietRecoveryTest" time="0.003"/>
  <testcase name="test0014 - 1.5" classname="org.eclipse.jdt.core.tests.compiler.parser.CompletionParserTestKeyword" time="0"/>
  <testcase name="test0014 - 1.5" classname="org.eclipse.jdt.core.tests.compiler.parser.StatementRecoveryTest" time="0.001"/>
  <testcase name="test0014 - 1.5" classname="org.eclipse.jdt.core.tests.compiler.parser.ComplianceDiagnoseTest" time="0.001"/>
  <testcase name="test0014 - 1.5" classname="org.eclipse.jdt.core.tests.compiler.parser.GenericsCompletionParserTest" time="0"/>
  <testcase name="test0014 - 1.5" classname="org.eclipse.jdt.core.tests.compiler.parser.EnumCompletionParserTest" time="0.001"/>
  <testcase name="test0014 - 1.5" classname="org.eclipse.jdt.core.tests.compiler.parser.AnnotationCompletionParserTest" time="0"/>
  <testcase name="test0014 - 1.5" classname="org.eclipse.jdt.core.tests.compiler.parser.GenericsSelectionTest" time="0"/>
  <testcase name="test0014 - 1.5" classname="org.eclipse.jdt.core.tests.compiler.parser.AnnotationSelectionTest" time="0"/>
  <testcase name="test0014 - 1.5" classname="org.eclipse.jdt.core.tests.compiler.parser.GenericDietRecoveryTest" time="0.003"/>
  <testcase name="test0014 - 1.5" classname="org.eclipse.jdt.core.tests.compiler.parser.EnumDietRecoveryTest" time="0.003"/>
  <testcase name="test0014 - 1.5" classname="org.eclipse.jdt.core.tests.compiler.parser.AnnotationDietRecoveryTest" time="0.002"/>
  <testcase name="test0015 - 1.5" classname="org.eclipse.jdt.core.tests.compiler.parser.CompletionParserTestKeyword" time="0"/>
  <testcase name="test0015 - 1.5" classname="org.eclipse.jdt.core.tests.compiler.parser.StatementRecoveryTest" time="0.001"/>
  <testcase name="test0015 - 1.5" classname="org.eclipse.jdt.core.tests.compiler.parser.ComplianceDiagnoseTest" time="0.001"/>
  <testcase name="test0015 - 1.5" classname="org.eclipse.jdt.core.tests.compiler.parser.GenericsCompletionParserTest" time="0"/>
  <testcase name="test0015 - 1.5" classname="org.eclipse.jdt.core.tests.compiler.parser.AnnotationCompletionParserTest" time="0"/>
  <testcase name="test0015 - 1.5" classname="org.eclipse.jdt.core.tests.compiler.parser.GenericsSelectionTest" time="0"/>
  <testcase name="test0015 - 1.5" classname="org.eclipse.jdt.core.tests.compiler.parser.AnnotationSelectionTest" time="0"/>
  <testcase name="test0015 - 1.5" classname="org.eclipse.jdt.core.tests.compiler.parser.GenericDietRecoveryTest" time="0.003"/>
  <testcase name="test0015 - 1.5" classname="org.eclipse.jdt.core.tests.compiler.parser.EnumDietRecoveryTest" time="0.004"/>
  <testcase name="test0015 - 1.5" classname="org.eclipse.jdt.core.tests.compiler.parser.AnnotationDietRecoveryTest" time="0.002"/>
  <testcase name="test0017 - 1.5" classname="org.eclipse.jdt.core.tests.compiler.parser.CompletionParserTestKeyword" time="0"/>
  <testcase name="test0017 - 1.5" classname="org.eclipse.jdt.core.tests.compiler.parser.StatementRecoveryTest" time="0.002"/>
  <testcase name="test0017 - 1.5" classname="org.eclipse.jdt.core.tests.compiler.parser.ComplianceDiagnoseTest" time="0.001"/>
  <testcase name="test0017 - 1.5" classname="org.eclipse.jdt.core.tests.compiler.parser.GenericsCompletionParserTest" time="0"/>
  <testcase name="test0017 - 1.5" classname="org.eclipse.jdt.core.tests.compiler.parser.AnnotationCompletionParserTest" time="0"/>
  <testcase name="test0017 - 1.5" classname="org.eclipse.jdt.core.tests.compiler.parser.GenericsSelectionTest" time="0"/>
  <testcase name="test0017 - 1.5" classname="org.eclipse.jdt.core.tests.compiler.parser.AnnotationSelectionTest" time="0"/>
  <testcase name="test0017 - 1.5" classname="org.eclipse.jdt.core.tests.compiler.parser.GenericDietRecoveryTest" time="0.005"/>
  <testcase name="test0017 - 1.5" classname="org.eclipse.jdt.core.tests.compiler.parser.EnumDietRecoveryTest" time="0.001"/>
  <testcase name="test0017 - 1.5" classname="org.eclipse.jdt.core.tests.compiler.parser.AnnotationDietRecoveryTest" time="0.004"/>
  <testcase name="test0018 - 1.5" classname="org.eclipse.jdt.core.tests.compiler.parser.CompletionParserTestKeyword" time="0"/>
  <testcase name="test0018 - 1.5" classname="org.eclipse.jdt.core.tests.compiler.parser.StatementRecoveryTest" time="0.001"/>
  <testcase name="test0018 - 1.5" classname="org.eclipse.jdt.core.tests.compiler.parser.ComplianceDiagnoseTest" time="0.001"/>
  <testcase name="test0018 - 1.5" classname="org.eclipse.jdt.core.tests.compiler.parser.GenericsCompletionParserTest" time="0"/>
  <testcase name="test0018 - 1.5" classname="org.eclipse.jdt.core.tests.compiler.parser.AnnotationCompletionParserTest" time="0"/>
  <testcase name="test0018 - 1.5" classname="org.eclipse.jdt.core.tests.compiler.parser.GenericsSelectionTest" time="0.001"/>
  <testcase name="test0018 - 1.5" classname="org.eclipse.jdt.core.tests.compiler.parser.GenericDietRecoveryTest" time="0.006"/>
  <testcase name="test0018 - 1.5" classname="org.eclipse.jdt.core.tests.compiler.parser.AnnotationDietRecoveryTest" time="0.004"/>
  <testcase name="test0020 - 1.5" classname="org.eclipse.jdt.core.tests.compiler.parser.CompletionParserTestKeyword" time="0"/>
  <testcase name="test0020 - 1.5" classname="org.eclipse.jdt.core.tests.compiler.parser.StatementRecoveryTest" time="0.002"/>
  <testcase name="test0020 - 1.5" classname="org.eclipse.jdt.core.tests.compiler.parser.ComplianceDiagnoseTest" time="0"/>
  <testcase name="test0020 - 1.5" classname="org.eclipse.jdt.core.tests.compiler.parser.GenericsCompletionParserTest" time="0"/>
  <testcase name="test0020 - 1.5" classname="org.eclipse.jdt.core.tests.compiler.parser.AnnotationCompletionParserTest" time="0"/>
  <testcase name="test0020 - 1.5" classname="org.eclipse.jdt.core.tests.compiler.parser.GenericsSelectionTest" time="0"/>
  <testcase name="test0020 - 1.5" classname="org.eclipse.jdt.core.tests.compiler.parser.GenericDietRecoveryTest" time="0.002"/>
  <testcase name="test0020 - 1.5" classname="org.eclipse.jdt.core.tests.compiler.parser.AnnotationDietRecoveryTest" time="0.005"/>
  <testcase name="test0022_Diet - 1.5" classname="org.eclipse.jdt.core.tests.compiler.parser.CompletionParserTestKeyword" time="0"/>
  <testcase name="test0022_Method - 1.5" classname="org.eclipse.jdt.core.tests.compiler.parser.CompletionParserTestKeyword" time="0"/>
  <testcase name="test0025_Diet - 1.5" classname="org.eclipse.jdt.core.tests.compiler.parser.CompletionParserTestKeyword" time="0"/>
  <testcase name="test0025_Method - 1.5" classname="org.eclipse.jdt.core.tests.compiler.parser.CompletionParserTestKeyword" time="0"/>
  <testcase name="test0028_Diet - 1.5" classname="org.eclipse.jdt.core.tests.compiler.parser.CompletionParserTestKeyword" time="0"/>
  <testcase name="test0028_Diet - 1.5" classname="org.eclipse.jdt.core.tests.compiler.parser.AnnotationCompletionParserTest" time="0"/>
  <testcase name="test0028_Method - 1.5" classname="org.eclipse.jdt.core.tests.compiler.parser.CompletionParserTestKeyword" time="0"/>
  <testcase name="test0028_Method - 1.5" classname="org.eclipse.jdt.core.tests.compiler.parser.AnnotationCompletionParserTest" time="0"/>
  <testcase name="test0029 - 1.5" classname="org.eclipse.jdt.core.tests.compiler.parser.CompletionParserTestKeyword" time="0"/>
  <testcase name="test0029 - 1.5" classname="org.eclipse.jdt.core.tests.compiler.parser.StatementRecoveryTest" time="0.001"/>
  <testcase name="test0029 - 1.5" classname="org.eclipse.jdt.core.tests.compiler.parser.ComplianceDiagnoseTest" time="0.001"/>
  <testcase name="test0029 - 1.5" classname="org.eclipse.jdt.core.tests.compiler.parser.GenericsCompletionParserTest" time="0"/>
  <testcase name="test0030 - 1.5" classname="org.eclipse.jdt.core.tests.compiler.parser.CompletionParserTestKeyword" time="0"/>
  <testcase name="test0030 - 1.5" classname="org.eclipse.jdt.core.tests.compiler.parser.StatementRecoveryTest" time="0.002"/>
  <testcase name="test0030 - 1.5" classname="org.eclipse.jdt.core.tests.compiler.parser.AnnotationCompletionParserTest" time="0"/>
  <testcase name="test0030 - 1.5" classname="org.eclipse.jdt.core.tests.compiler.parser.AnnotationDietRecoveryTest" time="0.003"/>
  <testcase name="test0031 - 1.5" classname="org.eclipse.jdt.core.tests.compiler.parser.CompletionParserTestKeyword" time="0"/>
  <testcase name="test0031 - 1.5" classname="org.eclipse.jdt.core.tests.compiler.parser.StatementRecoveryTest" time="0.002"/>
  <testcase name="test0031 - 1.5" classname="org.eclipse.jdt.core.tests.compiler.parser.ComplianceDiagnoseTest" time="0.001"/>
  <testcase name="test0031 - 1.5" classname="org.eclipse.jdt.core.tests.compiler.parser.AnnotationCompletionParserTest" time="0"/>
  <testcase name="test0031 - 1.5" classname="org.eclipse.jdt.core.tests.compiler.parser.AnnotationDietRecoveryTest" time="0.004"/>
  <testcase name="test0032 - 1.5" classname="org.eclipse.jdt.core.tests.compiler.parser.CompletionParserTestKeyword" time="0"/>
  <testcase name="test0032 - 1.5" classname="org.eclipse.jdt.core.tests.compiler.parser.StatementRecoveryTest" time="0.001"/>
  <testcase name="test0032 - 1.5" classname="org.eclipse.jdt.core.tests.compiler.parser.AnnotationCompletionParserTest" time="0.001"/>
  <testcase name="test0032 - 1.5" classname="org.eclipse.jdt.core.tests.compiler.parser.AnnotationDietRecoveryTest" time="0.003"/>
  <testcase name="test0033 - 1.5" classname="org.eclipse.jdt.core.tests.compiler.parser.CompletionParserTestKeyword" time="0"/>
  <testcase name="test0033 - 1.5" classname="org.eclipse.jdt.core.tests.compiler.parser.StatementRecoveryTest" time="0"/>
  <testcase name="test0033 - 1.5" classname="org.eclipse.jdt.core.tests.compiler.parser.ComplianceDiagnoseTest" time="0"/>
  <testcase name="test0033 - 1.5" classname="org.eclipse.jdt.core.tests.compiler.parser.AnnotationCompletionParserTest" time="0"/>
  <testcase name="test0033 - 1.5" classname="org.eclipse.jdt.core.tests.compiler.parser.AnnotationDietRecoveryTest" time="0.003"/>
  <testcase name="test0034 - 1.5" classname="org.eclipse.jdt.core.tests.compiler.parser.CompletionParserTestKeyword" time="0.001"/>
  <testcase name="test0034 - 1.5" classname="org.eclipse.jdt.core.tests.compiler.parser.StatementRecoveryTest" time="0.001"/>
  <testcase name="test0034 - 1.5" classname="org.eclipse.jdt.core.tests.compiler.parser.ComplianceDiagnoseTest" time="0.001"/>
  <testcase name="test0034 - 1.5" classname="org.eclipse.jdt.core.tests.compiler.parser.AnnotationDietRecoveryTest" time="0.002"/>
  <testcase name="test0035 - 1.5" classname="org.eclipse.jdt.core.tests.compiler.parser.CompletionParserTestKeyword" time="0"/>
  <testcase name="test0035 - 1.5" classname="org.eclipse.jdt.core.tests.compiler.parser.StatementRecoveryTest" time="0.002"/>
  <testcase name="test0035 - 1.5" classname="org.eclipse.jdt.core.tests.compiler.parser.ComplianceDiagnoseTest" time="0.001"/>
  <testcase name="test0035 - 1.5" classname="org.eclipse.jdt.core.tests.compiler.parser.AnnotationDietRecoveryTest" time="0.003"/>
  <testcase name="test0036 - 1.5" classname="org.eclipse.jdt.core.tests.compiler.parser.CompletionParserTestKeyword" time="0"/>
  <testcase name="test0036 - 1.5" classname="org.eclipse.jdt.core.tests.compiler.parser.StatementRecoveryTest" time="0"/>
  <testcase name="test0036 - 1.5" classname="org.eclipse.jdt.core.tests.compiler.parser.ComplianceDiagnoseTest" time="0"/>
  <testcase name="test0036 - 1.5" classname="org.eclipse.jdt.core.tests.compiler.parser.AnnotationCompletionParserTest" time="0"/>
  <testcase name="test0036 - 1.5" classname="org.eclipse.jdt.core.tests.compiler.parser.AnnotationDietRecoveryTest" time="0.001"/>
  <testcase name="test0037_Diet - 1.5" classname="org.eclipse.jdt.core.tests.compiler.parser.CompletionParserTestKeyword" time="0"/>
  <testcase name="test0037_Diet - 1.5" classname="org.eclipse.jdt.core.tests.compiler.parser.GenericsCompletionParserTest" time="0.001"/>
  <testcase name="test0037_Method - 1.5" classname="org.eclipse.jdt.core.tests.compiler.parser.CompletionParserTestKeyword" time="0"/>
  <testcase name="test0037_Method - 1.5" classname="org.eclipse.jdt.core.tests.compiler.parser.GenericsCompletionParserTest" time="0"/>
  <testcase name="test0040_Diet - 1.5" classname="org.eclipse.jdt.core.tests.compiler.parser.CompletionParserTestKeyword" time="0"/>
  <testcase name="test0040_Diet - 1.5" classname="org.eclipse.jdt.core.tests.compiler.parser.GenericsCompletionParserTest" time="0"/>
  <testcase name="test0040_Diet - 1.5" classname="org.eclipse.jdt.core.tests.compiler.parser.AnnotationCompletionParserTest" time="0"/>
  <testcase name="test0040_Method - 1.5" classname="org.eclipse.jdt.core.tests.compiler.parser.CompletionParserTestKeyword" time="0.001"/>
  <testcase name="test0040_Method - 1.5" classname="org.eclipse.jdt.core.tests.compiler.parser.GenericsCompletionParserTest" time="0"/>
  <testcase name="test0040_Method - 1.5" classname="org.eclipse.jdt.core.tests.compiler.parser.AnnotationCompletionParserTest" time="0"/>
  <testcase name="test0043_Diet - 1.5" classname="org.eclipse.jdt.core.tests.compiler.parser.CompletionParserTestKeyword" time="0"/>
  <testcase name="test0043_Diet - 1.5" classname="org.eclipse.jdt.core.tests.compiler.parser.GenericsCompletionParserTest" time="0"/>
  <testcase name="test0043_Method - 1.5" classname="org.eclipse.jdt.core.tests.compiler.parser.CompletionParserTestKeyword" time="0"/>
  <testcase name="test0043_Method - 1.5" classname="org.eclipse.jdt.core.tests.compiler.parser.GenericsCompletionParserTest" time="0.001"/>
  <testcase name="test0046_Diet - 1.5" classname="org.eclipse.jdt.core.tests.compiler.parser.CompletionParserTestKeyword" time="0"/>
  <testcase name="test0046_Diet - 1.5" classname="org.eclipse.jdt.core.tests.compiler.parser.GenericsCompletionParserTest" time="0"/>
  <testcase name="test0046_Diet - 1.5" classname="org.eclipse.jdt.core.tests.compiler.parser.AnnotationCompletionParserTest" time="0"/>
  <testcase name="test0046_Method - 1.5" classname="org.eclipse.jdt.core.tests.compiler.parser.CompletionParserTestKeyword" time="0"/>
  <testcase name="test0046_Method - 1.5" classname="org.eclipse.jdt.core.tests.compiler.parser.GenericsCompletionParserTest" time="0"/>
  <testcase name="test0046_Method - 1.5" classname="org.eclipse.jdt.core.tests.compiler.parser.AnnotationCompletionParserTest" time="0"/>
  <testcase name="test0047 - 1.5" classname="org.eclipse.jdt.core.tests.compiler.parser.CompletionParserTestKeyword" time="0"/>
  <testcase name="test0047 - 1.5" classname="org.eclipse.jdt.core.tests.compiler.parser.StatementRecoveryTest" time="0.002"/>
  <testcase name="test0047 - 1.5" classname="org.eclipse.jdt.core.tests.compiler.parser.ComplianceDiagnoseTest" time="0.002"/>
  <testcase name="test0048 - 1.5" classname="org.eclipse.jdt.core.tests.compiler.parser.CompletionParserTestKeyword" time="0"/>
  <testcase name="test0048 - 1.5" classname="org.eclipse.jdt.core.tests.compiler.parser.ComplianceDiagnoseTest" time="0.001"/>
  <testcase name="test0048 - 1.5" classname="org.eclipse.jdt.core.tests.compiler.parser.AnnotationCompletionParserTest" time="0.001"/>
  <testcase name="test0050 - 1.5" classname="org.eclipse.jdt.core.tests.compiler.parser.CompletionParserTestKeyword" time="0"/>
  <testcase name="test0050 - 1.5" classname="org.eclipse.jdt.core.tests.compiler.parser.ComplianceDiagnoseTest" time="0"/>
  <testcase name="test0050 - 1.5" classname="org.eclipse.jdt.core.tests.compiler.parser.AnnotationCompletionParserTest" time="0.001"/>
  <testcase name="test0051 - 1.5" classname="org.eclipse.jdt.core.tests.compiler.parser.CompletionParserTestKeyword" time="0"/>
  <testcase name="test0051 - 1.5" classname="org.eclipse.jdt.core.tests.compiler.parser.ComplianceDiagnoseTest" time="0.001"/>
  <testcase name="test0051 - 1.5" classname="org.eclipse.jdt.core.tests.compiler.parser.AnnotationCompletionParserTest" time="0"/>
  <testcase name="test0053 - 1.5" classname="org.eclipse.jdt.core.tests.compiler.parser.CompletionParserTestKeyword" time="0"/>
  <testcase name="test0053 - 1.5" classname="org.eclipse.jdt.core.tests.compiler.parser.ComplianceDiagnoseTest" time="0.003"/>
  <testcase name="test0054 - 1.5" classname="org.eclipse.jdt.core.tests.compiler.parser.CompletionParserTestKeyword" time="0"/>
  <testcase name="test0054 - 1.5" classname="org.eclipse.jdt.core.tests.compiler.parser.ComplianceDiagnoseTest" time="0.001"/>
  <testcase name="test0054 - 1.5" classname="org.eclipse.jdt.core.tests.compiler.parser.AnnotationCompletionParserTest" time="0"/>
  <testcase name="test0055_Diet - 1.5" classname="org.eclipse.jdt.core.tests.compiler.parser.CompletionParserTestKeyword" time="0"/>
  <testcase name="test0055_Diet - 1.5" classname="org.eclipse.jdt.core.tests.compiler.parser.GenericsCompletionParserTest" time="0"/>
  <testcase name="test0055_Method - 1.5" classname="org.eclipse.jdt.core.tests.compiler.parser.CompletionParserTestKeyword" time="0"/>
  <testcase name="test0055_Method - 1.5" classname="org.eclipse.jdt.core.tests.compiler.parser.GenericsCompletionParserTest" time="0"/>
  <testcase name="test0058_Diet - 1.5" classname="org.eclipse.jdt.core.tests.compiler.parser.CompletionParserTestKeyword" time="0"/>
  <testcase name="test0058_Diet - 1.5" classname="org.eclipse.jdt.core.tests.compiler.parser.GenericsCompletionParserTest" time="0"/>
  <testcase name="test0058_Diet - 1.5" classname="org.eclipse.jdt.core.tests.compiler.parser.AnnotationCompletionParserTest" time="0"/>
  <testcase name="test0058_Method - 1.5" classname="org.eclipse.jdt.core.tests.compiler.parser.CompletionParserTestKeyword" time="0.001"/>
  <testcase name="test0058_Method - 1.5" classname="org.eclipse.jdt.core.tests.compiler.parser.GenericsCompletionParserTest" time="0"/>
  <testcase name="test0058_Method - 1.5" classname="org.eclipse.jdt.core.tests.compiler.parser.AnnotationCompletionParserTest" time="0"/>
  <testcase name="test0060 - 1.5" classname="org.eclipse.jdt.core.tests.compiler.parser.CompletionParserTestKeyword" time="0"/>
  <testcase name="test0060 - 1.5" classname="org.eclipse.jdt.core.tests.compiler.parser.ComplianceDiagnoseTest" time="0.001"/>
  <testcase name="test0060 - 1.5" classname="org.eclipse.jdt.core.tests.compiler.parser.GenericsCompletionParserTest" time="0"/>
  <testcase name="test0060 - 1.5" classname="org.eclipse.jdt.core.tests.compiler.parser.AnnotationCompletionParserTest" time="0.001"/>
  <testcase name="test0062 - 1.5" classname="org.eclipse.jdt.core.tests.compiler.parser.CompletionParserTestKeyword" time="0"/>
  <testcase name="test0062 - 1.5" classname="org.eclipse.jdt.core.tests.compiler.parser.ComplianceDiagnoseTest" time="0"/>
  <testcase name="test0062 - 1.5" classname="org.eclipse.jdt.core.tests.compiler.parser.GenericsCompletionParserTest" time="0"/>
  <testcase name="test0062 - 1.5" classname="org.eclipse.jdt.core.tests.compiler.parser.AnnotationCompletionParserTest" time="0"/>
  <testcase name="test0063 - 1.5" classname="org.eclipse.jdt.core.tests.compiler.parser.CompletionParserTestKeyword" time="0"/>
  <testcase name="test0063 - 1.5" classname="org.eclipse.jdt.core.tests.compiler.parser.ComplianceDiagnoseTest" time="0.001"/>
  <testcase name="test0063 - 1.5" classname="org.eclipse.jdt.core.tests.compiler.parser.GenericsCompletionParserTest" time="0"/>
  <testcase name="test0063 - 1.5" classname="org.eclipse.jdt.core.tests.compiler.parser.AnnotationCompletionParserTest" time="0.001"/>
  <testcase name="test0065 - 1.5" classname="org.eclipse.jdt.core.tests.compiler.parser.CompletionParserTestKeyword" time="0"/>
  <testcase name="test0065 - 1.5" classname="org.eclipse.jdt.core.tests.compiler.parser.GenericsCompletionParserTest" time="0"/>
  <testcase name="test0066 - 1.5" classname="org.eclipse.jdt.core.tests.compiler.parser.CompletionParserTestKeyword" time="0"/>
  <testcase name="test0066 - 1.5" classname="org.eclipse.jdt.core.tests.compiler.parser.GenericsCompletionParserTest" time="0"/>
  <testcase name="test0066 - 1.5" classname="org.eclipse.jdt.core.tests.compiler.parser.AnnotationCompletionParserTest" time="0"/>
  <testcase name="test0067 - 1.5" classname="org.eclipse.jdt.core.tests.compiler.parser.CompletionParserTestKeyword" time="0"/>
  <testcase name="test0067 - 1.5" classname="org.eclipse.jdt.core.tests.compiler.parser.GenericsCompletionParserTest" time="0"/>
  <testcase name="test0067 - 1.5" classname="org.eclipse.jdt.core.tests.compiler.parser.AnnotationCompletionParserTest" time="0.001"/>
  <testcase name="test0068 - 1.5" classname="org.eclipse.jdt.core.tests.compiler.parser.CompletionParserTestKeyword" time="0"/>
  <testcase name="test0068 - 1.5" classname="org.eclipse.jdt.core.tests.compiler.parser.GenericsCompletionParserTest" time="0.001"/>
  <testcase name="test0068 - 1.5" classname="org.eclipse.jdt.core.tests.compiler.parser.AnnotationCompletionParserTest" time="0"/>
  <testcase name="test0069 - 1.5" classname="org.eclipse.jdt.core.tests.compiler.parser.CompletionParserTestKeyword" time="0"/>
  <testcase name="test0069 - 1.5" classname="org.eclipse.jdt.core.tests.compiler.parser.GenericsCompletionParserTest" time="0"/>
  <testcase name="test0069 - 1.5" classname="org.eclipse.jdt.core.tests.compiler.parser.AnnotationCompletionParserTest" time="0"/>
  <testcase name="test0070 - 1.5" classname="org.eclipse.jdt.core.tests.compiler.parser.CompletionParserTestKeyword" time="0"/>
  <testcase name="test0070 - 1.5" classname="org.eclipse.jdt.core.tests.compiler.parser.GenericsCompletionParserTest" time="0"/>
  <testcase name="test0071 - 1.5" classname="org.eclipse.jdt.core.tests.compiler.parser.CompletionParserTestKeyword" time="0"/>
  <testcase name="test0071 - 1.5" classname="org.eclipse.jdt.core.tests.compiler.parser.GenericsCompletionParserTest" time="0.001"/>
  <testcase name="test0072 - 1.5" classname="org.eclipse.jdt.core.tests.compiler.parser.CompletionParserTestKeyword" time="0"/>
  <testcase name="test0072 - 1.5" classname="org.eclipse.jdt.core.tests.compiler.parser.GenericsCompletionParserTest" time="0"/>
  <testcase name="test0072 - 1.5" classname="org.eclipse.jdt.core.tests.compiler.parser.AnnotationCompletionParserTest" time="0"/>
  <testcase name="test0074 - 1.5" classname="org.eclipse.jdt.core.tests.compiler.parser.CompletionParserTestKeyword" time="0"/>
  <testcase name="test0074 - 1.5" classname="org.eclipse.jdt.core.tests.compiler.parser.GenericsCompletionParserTest" time="0.001"/>
  <testcase name="test0074 - 1.5" classname="org.eclipse.jdt.core.tests.compiler.parser.AnnotationCompletionParserTest" time="0"/>
  <testcase name="test0075 - 1.5" classname="org.eclipse.jdt.core.tests.compiler.parser.CompletionParserTestKeyword" time="0"/>
  <testcase name="test0075 - 1.5" classname="org.eclipse.jdt.core.tests.compiler.parser.GenericsCompletionParserTest" time="0"/>
  <testcase name="test0075 - 1.5" classname="org.eclipse.jdt.core.tests.compiler.parser.AnnotationCompletionParserTest" time="0"/>
  <testcase name="test0077 - 1.5" classname="org.eclipse.jdt.core.tests.compiler.parser.CompletionParserTestKeyword" time="0"/>
  <testcase name="test0077 - 1.5" classname="org.eclipse.jdt.core.tests.compiler.parser.GenericsCompletionParserTest" time="0.001"/>
  <testcase name="test0078 - 1.5" classname="org.eclipse.jdt.core.tests.compiler.parser.CompletionParserTestKeyword" time="0"/>
  <testcase name="test0078 - 1.5" classname="org.eclipse.jdt.core.tests.compiler.parser.GenericsCompletionParserTest" time="0"/>
  <testcase name="test0078 - 1.5" classname="org.eclipse.jdt.core.tests.compiler.parser.AnnotationCompletionParserTest" time="0"/>
  <testcase name="test0079 - 1.5" classname="org.eclipse.jdt.core.tests.compiler.parser.CompletionParserTestKeyword" time="0.001"/>
  <testcase name="test0079 - 1.5" classname="org.eclipse.jdt.core.tests.compiler.parser.GenericsCompletionParserTest" time="0"/>
  <testcase name="test0079 - 1.5" classname="org.eclipse.jdt.core.tests.compiler.parser.AnnotationCompletionParserTest" time="0"/>
  <testcase name="test0083 - 1.5" classname="org.eclipse.jdt.core.tests.compiler.parser.CompletionParserTestKeyword" time="0"/>
  <testcase name="test0083 - 1.5" classname="org.eclipse.jdt.core.tests.compiler.parser.GenericsCompletionParserTest" time="0"/>
  <testcase name="test0083 - 1.5" classname="org.eclipse.jdt.core.tests.compiler.parser.AnnotationCompletionParserTest" time="0"/>
  <testcase name="test0084 - 1.5" classname="org.eclipse.jdt.core.tests.compiler.parser.CompletionParserTestKeyword" time="0"/>
  <testcase name="test0084 - 1.5" classname="org.eclipse.jdt.core.tests.compiler.parser.GenericsCompletionParserTest" time="0.001"/>
  <testcase name="test0084 - 1.5" classname="org.eclipse.jdt.core.tests.compiler.parser.AnnotationCompletionParserTest" time="0"/>
  <testcase name="test0085 - 1.5" classname="org.eclipse.jdt.core.tests.compiler.parser.CompletionParserTestKeyword" time="0"/>
  <testcase name="test0085 - 1.5" classname="org.eclipse.jdt.core.tests.compiler.parser.GenericsCompletionParserTest" time="0"/>
  <testcase name="test0085 - 1.5" classname="org.eclipse.jdt.core.tests.compiler.parser.AnnotationCompletionParserTest" time="0.001"/>
  <testcase name="test0086 - 1.5" classname="org.eclipse.jdt.core.tests.compiler.parser.CompletionParserTestKeyword" time="0"/>
  <testcase name="test0086 - 1.5" classname="org.eclipse.jdt.core.tests.compiler.parser.GenericsCompletionParserTest" time="0"/>
  <testcase name="test0086 - 1.5" classname="org.eclipse.jdt.core.tests.compiler.parser.AnnotationCompletionParserTest" time="0"/>
  <testcase name="test0087 - 1.5" classname="org.eclipse.jdt.core.tests.compiler.parser.CompletionParserTestKeyword" time="0"/>
  <testcase name="test0087 - 1.5" classname="org.eclipse.jdt.core.tests.compiler.parser.GenericsCompletionParserTest" time="0.001"/>
  <testcase name="test0087 - 1.5" classname="org.eclipse.jdt.core.tests.compiler.parser.AnnotationCompletionParserTest" time="0"/>
  <testcase name="test0088 - 1.5" classname="org.eclipse.jdt.core.tests.compiler.parser.CompletionParserTestKeyword" time="0"/>
  <testcase name="test0088 - 1.5" classname="org.eclipse.jdt.core.tests.compiler.parser.GenericsCompletionParserTest" time="0"/>
  <testcase name="test0088 - 1.5" classname="org.eclipse.jdt.core.tests.compiler.parser.AnnotationCompletionParserTest" time="0"/>
  <testcase name="test0089 - 1.5" classname="org.eclipse.jdt.core.tests.compiler.parser.CompletionParserTestKeyword" time="0"/>
  <testcase name="test0089 - 1.5" classname="org.eclipse.jdt.core.tests.compiler.parser.GenericsCompletionParserTest" time="0"/>
  <testcase name="test0089 - 1.5" classname="org.eclipse.jdt.core.tests.compiler.parser.AnnotationCompletionParserTest" time="0"/>
  <testcase name="test0091_Diet - 1.5" classname="org.eclipse.jdt.core.tests.compiler.parser.CompletionParserTestKeyword" time="0"/>
  <testcase name="test0091_Method - 1.5" classname="org.eclipse.jdt.core.tests.compiler.parser.CompletionParserTestKeyword" time="0"/>
  <testcase name="test0094_Diet - 1.5" classname="org.eclipse.jdt.core.tests.compiler.parser.CompletionParserTestKeyword" time="0"/>
  <testcase name="test0094_Method - 1.5" classname="org.eclipse.jdt.core.tests.compiler.parser.CompletionParserTestKeyword" time="0"/>
  <testcase name="test0101 - 1.5" classname="org.eclipse.jdt.core.tests.compiler.parser.CompletionParserTestKeyword" time="0"/>
  <testcase name="test0101 - 1.5" classname="org.eclipse.jdt.core.tests.compiler.parser.AnnotationCompletionParserTest" time="0"/>
  <testcase name="test0102 - 1.5" classname="org.eclipse.jdt.core.tests.compiler.parser.CompletionParserTestKeyword" time="0"/>
  <testcase name="test0102 - 1.5" classname="org.eclipse.jdt.core.tests.compiler.parser.AnnotationCompletionParserTest" time="0.001"/>
  <testcase name="test0103 - 1.5" classname="org.eclipse.jdt.core.tests.compiler.parser.CompletionParserTestKeyword" time="0"/>
  <testcase name="test0103 - 1.5" classname="org.eclipse.jdt.core.tests.compiler.parser.AnnotationCompletionParserTest" time="0"/>
  <testcase name="test0104 - 1.5" classname="org.eclipse.jdt.core.tests.compiler.parser.CompletionParserTestKeyword" time="0"/>
  <testcase name="test0104 - 1.5" classname="org.eclipse.jdt.core.tests.compiler.parser.AnnotationCompletionParserTest" time="0.001"/>
  <testcase name="test0105 - 1.5" classname="org.eclipse.jdt.core.tests.compiler.parser.CompletionParserTestKeyword" time="0"/>
  <testcase name="test0106 - 1.5" classname="org.eclipse.jdt.core.tests.compiler.parser.CompletionParserTestKeyword" time="0"/>
  <testcase name="test0111 - 1.5" classname="org.eclipse.jdt.core.tests.compiler.parser.CompletionParserTestKeyword" time="0"/>
  <testcase name="test0112 - 1.5" classname="org.eclipse.jdt.core.tests.compiler.parser.CompletionParserTestKeyword" time="0"/>
  <testcase name="test0113 - 1.5" classname="org.eclipse.jdt.core.tests.compiler.parser.CompletionParserTestKeyword" time="0"/>
  <testcase name="test0114 - 1.5" classname="org.eclipse.jdt.core.tests.compiler.parser.CompletionParserTestKeyword" time="0"/>
  <testcase name="test0115 - 1.5" classname="org.eclipse.jdt.core.tests.compiler.parser.CompletionParserTestKeyword" time="0"/>
  <testcase name="test0115 - 1.5" classname="org.eclipse.jdt.core.tests.compiler.parser.AnnotationCompletionParserTest" time="0.001"/>
  <testcase name="test0116 - 1.5" classname="org.eclipse.jdt.core.tests.compiler.parser.CompletionParserTestKeyword" time="0"/>
  <testcase name="test0116 - 1.5" classname="org.eclipse.jdt.core.tests.compiler.parser.AnnotationCompletionParserTest" time="0"/>
  <testcase name="test0117 - 1.5" classname="org.eclipse.jdt.core.tests.compiler.parser.CompletionParserTestKeyword" time="0"/>
  <testcase name="test0117 - 1.5" classname="org.eclipse.jdt.core.tests.compiler.parser.AnnotationCompletionParserTest" time="0"/>
  <testcase name="test0118 - 1.5" classname="org.eclipse.jdt.core.tests.compiler.parser.CompletionParserTestKeyword" time="0"/>
  <testcase name="test0118 - 1.5" classname="org.eclipse.jdt.core.tests.compiler.parser.AnnotationCompletionParserTest" time="0.001"/>
  <testcase name="test0119 - 1.5" classname="org.eclipse.jdt.core.tests.compiler.parser.CompletionParserTestKeyword" time="0.001"/>
  <testcase name="test0120 - 1.5" classname="org.eclipse.jdt.core.tests.compiler.parser.CompletionParserTestKeyword" time="0"/>
  <testcase name="test0121 - 1.5" classname="org.eclipse.jdt.core.tests.compiler.parser.CompletionParserTestKeyword" time="0"/>
  <testcase name="test0121 - 1.5" classname="org.eclipse.jdt.core.tests.compiler.parser.AnnotationCompletionParserTest" time="0"/>
  <testcase name="test0122 - 1.5" classname="org.eclipse.jdt.core.tests.compiler.parser.CompletionParserTestKeyword" time="0"/>
  <testcase name="test0122 - 1.5" classname="org.eclipse.jdt.core.tests.compiler.parser.AnnotationCompletionParserTest" time="0"/>
  <testcase name="test0123 - 1.5" classname="org.eclipse.jdt.core.tests.compiler.parser.CompletionParserTestKeyword" time="0"/>
  <testcase name="test0123 - 1.5" classname="org.eclipse.jdt.core.tests.compiler.parser.AnnotationCompletionParserTest" time="0"/>
  <testcase name="test0124 - 1.5" classname="org.eclipse.jdt.core.tests.compiler.parser.CompletionParserTestKeyword" time="0"/>
  <testcase name="test0124 - 1.5" classname="org.eclipse.jdt.core.tests.compiler.parser.AnnotationCompletionParserTest" time="0.001"/>
  <testcase name="test0125 - 1.5" classname="org.eclipse.jdt.core.tests.compiler.parser.CompletionParserTestKeyword" time="0"/>
  <testcase name="test0125 - 1.5" classname="org.eclipse.jdt.core.tests.compiler.parser.AnnotationCompletionParserTest" time="0"/>
  <testcase name="test0126 - 1.5" classname="org.eclipse.jdt.core.tests.compiler.parser.CompletionParserTestKeyword" time="0"/>
  <testcase name="test0126 - 1.5" classname="org.eclipse.jdt.core.tests.compiler.parser.AnnotationCompletionParserTest" time="0"/>
  <testcase name="test0128 - 1.5" classname="org.eclipse.jdt.core.tests.compiler.parser.CompletionParserTestKeyword" time="0"/>
  <testcase name="test0128 - 1.5" classname="org.eclipse.jdt.core.tests.compiler.parser.AnnotationCompletionParserTest" time="0"/>
  <testcase name="test0129 - 1.5" classname="org.eclipse.jdt.core.tests.compiler.parser.CompletionParserTestKeyword" time="0"/>
  <testcase name="test0129 - 1.5" classname="org.eclipse.jdt.core.tests.compiler.parser.AnnotationCompletionParserTest" time="0"/>
  <testcase name="test0130 - 1.5" classname="org.eclipse.jdt.core.tests.compiler.parser.CompletionParserTestKeyword" time="0"/>
  <testcase name="test0131 - 1.5" classname="org.eclipse.jdt.core.tests.compiler.parser.CompletionParserTestKeyword" time="0"/>
  <testcase name="test0132 - 1.5" classname="org.eclipse.jdt.core.tests.compiler.parser.CompletionParserTestKeyword" time="0"/>
  <testcase name="test0133 - 1.5" classname="org.eclipse.jdt.core.tests.compiler.parser.CompletionParserTestKeyword" time="0"/>
  <testcase name="test0135 - 1.5" classname="org.eclipse.jdt.core.tests.compiler.parser.CompletionParserTestKeyword" time="0.001"/>
  <testcase name="test0137 - 1.5" classname="org.eclipse.jdt.core.tests.compiler.parser.CompletionParserTestKeyword" time="0"/>
  <testcase name="test0138 - 1.5" classname="org.eclipse.jdt.core.tests.compiler.parser.CompletionParserTestKeyword" time="0"/>
  <testcase name="test0142 - 1.5" classname="org.eclipse.jdt.core.tests.compiler.parser.CompletionParserTestKeyword" time="0"/>
  <testcase name="test0143 - 1.5" classname="org.eclipse.jdt.core.tests.compiler.parser.CompletionParserTestKeyword" time="0"/>
  <testcase name="test0144 - 1.5" classname="org.eclipse.jdt.core.tests.compiler.parser.CompletionParserTestKeyword" time="0"/>
  <testcase name="test0145 - 1.5" classname="org.eclipse.jdt.core.tests.compiler.parser.CompletionParserTestKeyword" time="0"/>
  <testcase name="test0146 - 1.5" classname="org.eclipse.jdt.core.tests.compiler.parser.CompletionParserTestKeyword" time="0"/>
  <testcase name="test0146 - 1.5" classname="org.eclipse.jdt.core.tests.compiler.parser.GenericsCompletionParserTest" time="0"/>
  <testcase name="test0147_Diet - 1.5" classname="org.eclipse.jdt.core.tests.compiler.parser.CompletionParserTestKeyword" time="0"/>
  <testcase name="test0147_Method - 1.5" classname="org.eclipse.jdt.core.tests.compiler.parser.CompletionParserTestKeyword" time="0"/>
  <testcase name="test0148_Diet - 1.5" classname="org.eclipse.jdt.core.tests.compiler.parser.CompletionParserTestKeyword" time="0"/>
  <testcase name="test0148_Method - 1.5" classname="org.eclipse.jdt.core.tests.compiler.parser.CompletionParserTestKeyword" time="0"/>
  <testcase name="test0149 - 1.5" classname="org.eclipse.jdt.core.tests.compiler.parser.CompletionParserTestKeyword" time="0"/>
  <testcase name="test0149 - 1.5" classname="org.eclipse.jdt.core.tests.compiler.parser.GenericsCompletionParserTest" time="0"/>
  <testcase name="test0150 - 1.5" classname="org.eclipse.jdt.core.tests.compiler.parser.CompletionParserTestKeyword" time="0"/>
  <testcase name="test0150 - 1.5" classname="org.eclipse.jdt.core.tests.compiler.parser.GenericsCompletionParserTest" time="0"/>
  <testcase name="test0151 - 1.5" classname="org.eclipse.jdt.core.tests.compiler.parser.CompletionParserTestKeyword" time="0"/>
  <testcase name="test0151 - 1.5" classname="org.eclipse.jdt.core.tests.compiler.parser.GenericsCompletionParserTest" time="0"/>
  <testcase name="test0153 - 1.5" classname="org.eclipse.jdt.core.tests.compiler.parser.CompletionParserTestKeyword" time="0"/>
  <testcase name="test0153 - 1.5" classname="org.eclipse.jdt.core.tests.compiler.parser.GenericsCompletionParserTest" time="0"/>
  <testcase name="test0154 - 1.5" classname="org.eclipse.jdt.core.tests.compiler.parser.CompletionParserTestKeyword" time="0"/>
  <testcase name="test0154 - 1.5" classname="org.eclipse.jdt.core.tests.compiler.parser.GenericsCompletionParserTest" time="0.001"/>
  <testcase name="test0155 - 1.5" classname="org.eclipse.jdt.core.tests.compiler.parser.CompletionParserTestKeyword" time="0"/>
  <testcase name="test0155 - 1.5" classname="org.eclipse.jdt.core.tests.compiler.parser.GenericsCompletionParserTest" time="0"/>
  <testcase name="test0156 - 1.5" classname="org.eclipse.jdt.core.tests.compiler.parser.CompletionParserTestKeyword" time="0"/>
  <testcase name="test0156 - 1.5" classname="org.eclipse.jdt.core.tests.compiler.parser.GenericsCompletionParserTest" time="0"/>
  <testcase name="test0157 - 1.5" classname="org.eclipse.jdt.core.tests.compiler.parser.CompletionParserTestKeyword" time="0.001"/>
  <testcase name="test0157 - 1.5" classname="org.eclipse.jdt.core.tests.compiler.parser.GenericsCompletionParserTest" time="0"/>
  <testcase name="test0158 - 1.5" classname="org.eclipse.jdt.core.tests.compiler.parser.CompletionParserTestKeyword" time="0"/>
  <testcase name="test0158 - 1.5" classname="org.eclipse.jdt.core.tests.compiler.parser.GenericsCompletionParserTest" time="0"/>
  <testcase name="test0165 - 1.5" classname="org.eclipse.jdt.core.tests.compiler.parser.CompletionParserTestKeyword" time="0"/>
  <testcase name="test0166 - 1.5" classname="org.eclipse.jdt.core.tests.compiler.parser.CompletionParserTestKeyword" time="0"/>
  <testcase name="test0167 - 1.5" classname="org.eclipse.jdt.core.tests.compiler.parser.CompletionParserTestKeyword" time="0"/>
  <testcase name="test0168 - 1.5" classname="org.eclipse.jdt.core.tests.compiler.parser.CompletionParserTestKeyword" time="0.001"/>
  <testcase name="test0169 - 1.5" classname="org.eclipse.jdt.core.tests.compiler.parser.CompletionParserTestKeyword" time="0"/>
  <testcase name="test0169 - 1.5" classname="org.eclipse.jdt.core.tests.compiler.parser.GenericsCompletionParserTest" time="0"/>
  <testcase name="test0170 - 1.5" classname="org.eclipse.jdt.core.tests.compiler.parser.CompletionParserTestKeyword" time="0"/>
  <testcase name="test0170 - 1.5" classname="org.eclipse.jdt.core.tests.compiler.parser.GenericsCompletionParserTest" time="0"/>
  <testcase name="test0171 - 1.5" classname="org.eclipse.jdt.core.tests.compiler.parser.CompletionParserTestKeyword" time="0"/>
  <testcase name="test0173 - 1.5" classname="org.eclipse.jdt.core.tests.compiler.parser.CompletionParserTestKeyword" time="0.001"/>
  <testcase name="test0174 - 1.5" classname="org.eclipse.jdt.core.tests.compiler.parser.CompletionParserTestKeyword" time="0"/>
  <testcase name="test0175 - 1.5" classname="org.eclipse.jdt.core.tests.compiler.parser.CompletionParserTestKeyword" time="0"/>
  <testcase name="test0176 - 1.5" classname="org.eclipse.jdt.core.tests.compiler.parser.CompletionParserTestKeyword" time="0"/>
  <testcase name="test0177 - 1.5" classname="org.eclipse.jdt.core.tests.compiler.parser.CompletionParserTestKeyword" time="0"/>
  <testcase name="test0177 - 1.5" classname="org.eclipse.jdt.core.tests.compiler.parser.GenericsCompletionParserTest" time="0"/>
  <testcase name="test0178 - 1.5" classname="org.eclipse.jdt.core.tests.compiler.parser.CompletionParserTestKeyword" time="0"/>
  <testcase name="test0178 - 1.5" classname="org.eclipse.jdt.core.tests.compiler.parser.GenericsCompletionParserTest" time="0"/>
  <testcase name="test0179 - 1.5" classname="org.eclipse.jdt.core.tests.compiler.parser.CompletionParserTestKeyword" time="0"/>
  <testcase name="test0179 - 1.5" classname="org.eclipse.jdt.core.tests.compiler.parser.GenericsCompletionParserTest" time="0"/>
  <testcase name="test0180 - 1.5" classname="org.eclipse.jdt.core.tests.compiler.parser.CompletionParserTestKeyword" time="0"/>
  <testcase name="test0180 - 1.5" classname="org.eclipse.jdt.core.tests.compiler.parser.GenericsCompletionParserTest" time="0"/>
  <testcase name="test0181_Diet - 1.5" classname="org.eclipse.jdt.core.tests.compiler.parser.CompletionParserTestKeyword" time="0"/>
  <testcase name="test0181_Method - 1.5" classname="org.eclipse.jdt.core.tests.compiler.parser.CompletionParserTestKeyword" time="0"/>
  <testcase name="test0182_Diet - 1.5" classname="org.eclipse.jdt.core.tests.compiler.parser.CompletionParserTestKeyword" time="0"/>
  <testcase name="test0182_Method - 1.5" classname="org.eclipse.jdt.core.tests.compiler.parser.CompletionParserTestKeyword" time="0.001"/>
  <testcase name="test0183_Diet - 1.5" classname="org.eclipse.jdt.core.tests.compiler.parser.CompletionParserTestKeyword" time="0"/>
  <testcase name="test0183_Method - 1.5" classname="org.eclipse.jdt.core.tests.compiler.parser.CompletionParserTestKeyword" time="0"/>
  <testcase name="test0184_Diet - 1.5" classname="org.eclipse.jdt.core.tests.compiler.parser.CompletionParserTestKeyword" time="0"/>
  <testcase name="test0184_Diet - 1.5" classname="org.eclipse.jdt.core.tests.compiler.parser.GenericsCompletionParserTest" time="0"/>
  <testcase name="test0184_Method - 1.5" classname="org.eclipse.jdt.core.tests.compiler.parser.CompletionParserTestKeyword" time="0"/>
  <testcase name="test0184_Method - 1.5" classname="org.eclipse.jdt.core.tests.compiler.parser.GenericsCompletionParserTest" time="0"/>
  <testcase name="test0185_Diet - 1.5" classname="org.eclipse.jdt.core.tests.compiler.parser.CompletionParserTestKeyword" time="0"/>
  <testcase name="test0185_Method - 1.5" classname="org.eclipse.jdt.core.tests.compiler.parser.CompletionParserTestKeyword" time="0"/>
  <testcase name="test0186_Diet - 1.5" classname="org.eclipse.jdt.core.tests.compiler.parser.CompletionParserTestKeyword" time="0"/>
  <testcase name="test0186_Method - 1.5" classname="org.eclipse.jdt.core.tests.compiler.parser.CompletionParserTestKeyword" time="0"/>
  <testcase name="test0187_Diet - 1.5" classname="org.eclipse.jdt.core.tests.compiler.parser.CompletionParserTestKeyword" time="0.001"/>
  <testcase name="test0187_Diet - 1.5" classname="org.eclipse.jdt.core.tests.compiler.parser.GenericsCompletionParserTest" time="0"/>
  <testcase name="test0187_Method - 1.5" classname="org.eclipse.jdt.core.tests.compiler.parser.CompletionParserTestKeyword" time="0"/>
  <testcase name="test0187_Method - 1.5" classname="org.eclipse.jdt.core.tests.compiler.parser.GenericsCompletionParserTest" time="0.001"/>
  <testcase name="test0188_Diet - 1.5" classname="org.eclipse.jdt.core.tests.compiler.parser.CompletionParserTestKeyword" time="0"/>
  <testcase name="test0188_Diet - 1.5" classname="org.eclipse.jdt.core.tests.compiler.parser.GenericsCompletionParserTest" time="0"/>
  <testcase name="test0188_Method - 1.5" classname="org.eclipse.jdt.core.tests.compiler.parser.CompletionParserTestKeyword" time="0"/>
  <testcase name="test0188_Method - 1.5" classname="org.eclipse.jdt.core.tests.compiler.parser.GenericsCompletionParserTest" time="0"/>
  <testcase name="test0189_Diet - 1.5" classname="org.eclipse.jdt.core.tests.compiler.parser.CompletionParserTestKeyword" time="0"/>
  <testcase name="test0189_Diet - 1.5" classname="org.eclipse.jdt.core.tests.compiler.parser.GenericsCompletionParserTest" time="0"/>
  <testcase name="test0189_Method - 1.5" classname="org.eclipse.jdt.core.tests.compiler.parser.CompletionParserTestKeyword" time="0.001"/>
  <testcase name="test0189_Method - 1.5" classname="org.eclipse.jdt.core.tests.compiler.parser.GenericsCompletionParserTest" time="0"/>
  <testcase name="test0190_Diet - 1.5" classname="org.eclipse.jdt.core.tests.compiler.parser.CompletionParserTestKeyword" time="0"/>
  <testcase name="test0190_Diet - 1.5" classname="org.eclipse.jdt.core.tests.compiler.parser.GenericsCompletionParserTest" time="0"/>
  <testcase name="test0190_Method - 1.5" classname="org.eclipse.jdt.core.tests.compiler.parser.CompletionParserTestKeyword" time="0"/>
  <testcase name="test0190_Method - 1.5" classname="org.eclipse.jdt.core.tests.compiler.parser.GenericsCompletionParserTest" time="0"/>
  <testcase name="test0191_Diet - 1.5" classname="org.eclipse.jdt.core.tests.compiler.parser.CompletionParserTestKeyword" time="0"/>
  <testcase name="test0191_Diet - 1.5" classname="org.eclipse.jdt.core.tests.compiler.parser.GenericsCompletionParserTest" time="0.001"/>
  <testcase name="test0191_Method - 1.5" classname="org.eclipse.jdt.core.tests.compiler.parser.CompletionParserTestKeyword" time="0"/>
  <testcase name="test0191_Method - 1.5" classname="org.eclipse.jdt.core.tests.compiler.parser.GenericsCompletionParserTest" time="0"/>
  <testcase name="test0192_Diet - 1.5" classname="org.eclipse.jdt.core.tests.compiler.parser.CompletionParserTestKeyword" time="0.001"/>
  <testcase name="test0192_Diet - 1.5" classname="org.eclipse.jdt.core.tests.compiler.parser.GenericsCompletionParserTest" time="0"/>
  <testcase name="test0192_Method - 1.5" classname="org.eclipse.jdt.core.tests.compiler.parser.CompletionParserTestKeyword" time="0"/>
  <testcase name="test0192_Method - 1.5" classname="org.eclipse.jdt.core.tests.compiler.parser.GenericsCompletionParserTest" time="0"/>
  <testcase name="test0193_Diet - 1.5" classname="org.eclipse.jdt.core.tests.compiler.parser.CompletionParserTestKeyword" time="0"/>
  <testcase name="test0193_Diet - 1.5" classname="org.eclipse.jdt.core.tests.compiler.parser.GenericsCompletionParserTest" time="0"/>
  <testcase name="test0193_Method - 1.5" classname="org.eclipse.jdt.core.tests.compiler.parser.CompletionParserTestKeyword" time="0"/>
  <testcase name="test0193_Method - 1.5" classname="org.eclipse.jdt.core.tests.compiler.parser.GenericsCompletionParserTest" time="0"/>
  <testcase name="test0194 - 1.5" classname="org.eclipse.jdt.core.tests.compiler.parser.CompletionParserTestKeyword" time="0"/>
  <testcase name="test0195 - 1.5" classname="org.eclipse.jdt.core.tests.compiler.parser.CompletionParserTestKeyword" time="0"/>
  <testcase name="test0196 - 1.5" classname="org.eclipse.jdt.core.tests.compiler.parser.CompletionParserTestKeyword" time="0.001"/>
  <testcase name="test0196 - 1.5" classname="org.eclipse.jdt.core.tests.compiler.parser.GenericsCompletionParserTest" time="0"/>
  <testcase name="test0197 - 1.5" classname="org.eclipse.jdt.core.tests.compiler.parser.CompletionParserTestKeyword" time="0"/>
  <testcase name="test0197 - 1.5" classname="org.eclipse.jdt.core.tests.compiler.parser.GenericsCompletionParserTest" time="0.001"/>
  <testcase name="test0198 - 1.5" classname="org.eclipse.jdt.core.tests.compiler.parser.CompletionParserTestKeyword" time="0"/>
  <testcase name="test0198 - 1.5" classname="org.eclipse.jdt.core.tests.compiler.parser.GenericsCompletionParserTest" time="0"/>
  <testcase name="test0199 - 1.5" classname="org.eclipse.jdt.core.tests.compiler.parser.CompletionParserTestKeyword" time="0"/>
  <testcase name="test0199 - 1.5" classname="org.eclipse.jdt.core.tests.compiler.parser.GenericsCompletionParserTest" time="0"/>
  <testcase name="test0200 - 1.5" classname="org.eclipse.jdt.core.tests.compiler.parser.CompletionParserTestKeyword" time="0"/>
  <testcase name="test0200 - 1.5" classname="org.eclipse.jdt.core.tests.compiler.parser.GenericsCompletionParserTest" time="0"/>
  <testcase name="test0201 - 1.5" classname="org.eclipse.jdt.core.tests.compiler.parser.CompletionParserTestKeyword" time="0"/>
  <testcase name="test0201 - 1.5" classname="org.eclipse.jdt.core.tests.compiler.parser.GenericsCompletionParserTest" time="0"/>
  <testcase name="test0202 - 1.5" classname="org.eclipse.jdt.core.tests.compiler.parser.CompletionParserTestKeyword" time="0"/>
  <testcase name="test0203 - 1.5" classname="org.eclipse.jdt.core.tests.compiler.parser.CompletionParserTestKeyword" time="0"/>
  <testcase name="test0204 - 1.5" classname="org.eclipse.jdt.core.tests.compiler.parser.CompletionParserTestKeyword" time="0"/>
  <testcase name="test0205 - 1.5" classname="org.eclipse.jdt.core.tests.compiler.parser.CompletionParserTestKeyword" time="0.001"/>
  <testcase name="test0205 - 1.5" classname="org.eclipse.jdt.core.tests.compiler.parser.GenericsCompletionParserTest" time="0"/>
  <testcase name="test0206 - 1.5" classname="org.eclipse.jdt.core.tests.compiler.parser.CompletionParserTestKeyword" time="0"/>
  <testcase name="test0207 - 1.5" classname="org.eclipse.jdt.core.tests.compiler.parser.CompletionParserTestKeyword" time="0"/>
  <testcase name="test0208 - 1.5" classname="org.eclipse.jdt.core.tests.compiler.parser.CompletionParserTestKeyword" time="0"/>
  <testcase name="test0209 - 1.5" classname="org.eclipse.jdt.core.tests.compiler.parser.CompletionParserTestKeyword" time="0"/>
  <testcase name="test0210 - 1.5" classname="org.eclipse.jdt.core.tests.compiler.parser.CompletionParserTestKeyword" time="0"/>
  <testcase name="test0211 - 1.5" classname="org.eclipse.jdt.core.tests.compiler.parser.CompletionParserTestKeyword" time="0.001"/>
  <testcase name="test0211 - 1.5" classname="org.eclipse.jdt.core.tests.compiler.parser.GenericsCompletionParserTest" time="0"/>
  <testcase name="test0212 - 1.5" classname="org.eclipse.jdt.core.tests.compiler.parser.CompletionParserTestKeyword" time="0"/>
  <testcase name="test0212 - 1.5" classname="org.eclipse.jdt.core.tests.compiler.parser.GenericsCompletionParserTest" time="0"/>
  <testcase name="test0213 - 1.5" classname="org.eclipse.jdt.core.tests.compiler.parser.CompletionParserTestKeyword" time="0"/>
  <testcase name="test0214_Diet - 1.5" classname="org.eclipse.jdt.core.tests.compiler.parser.CompletionParserTestKeyword" time="0"/>
  <testcase name="test0214_Diet - 1.5" classname="org.eclipse.jdt.core.tests.compiler.parser.GenericsCompletionParserTest" time="0"/>
  <testcase name="test0214_Method - 1.5" classname="org.eclipse.jdt.core.tests.compiler.parser.CompletionParserTestKeyword" time="0"/>
  <testcase name="test0214_Method - 1.5" classname="org.eclipse.jdt.core.tests.compiler.parser.GenericsCompletionParserTest" time="0"/>
  <testcase name="test0216_Diet - 1.5" classname="org.eclipse.jdt.core.tests.compiler.parser.CompletionParserTestKeyword" time="0.001"/>
  <testcase name="test0216_Diet - 1.5" classname="org.eclipse.jdt.core.tests.compiler.parser.GenericsCompletionParserTest" time="0"/>
  <testcase name="test0216_Method - 1.5" classname="org.eclipse.jdt.core.tests.compiler.parser.CompletionParserTestKeyword" time="0"/>
  <testcase name="test0217_Diet - 1.5" classname="org.eclipse.jdt.core.tests.compiler.parser.CompletionParserTestKeyword" time="0"/>
  <testcase name="test0217_Method - 1.5" classname="org.eclipse.jdt.core.tests.compiler.parser.CompletionParserTestKeyword" time="0"/>
  <testcase name="test0217_Method - 1.5" classname="org.eclipse.jdt.core.tests.compiler.parser.GenericsCompletionParserTest" time="0"/>
  <testcase name="test0218_Diet - 1.5" classname="org.eclipse.jdt.core.tests.compiler.parser.CompletionParserTestKeyword" time="0.001"/>
  <testcase name="test0218_Diet - 1.5" classname="org.eclipse.jdt.core.tests.compiler.parser.GenericsCompletionParserTest" time="0.001"/>
  <testcase name="test0218_Method - 1.5" classname="org.eclipse.jdt.core.tests.compiler.parser.CompletionParserTestKeyword" time="0"/>
  <testcase name="test0219_Diet - 1.5" classname="org.eclipse.jdt.core.tests.compiler.parser.CompletionParserTestKeyword" time="0"/>
  <testcase name="test0219_Diet - 1.5" classname="org.eclipse.jdt.core.tests.compiler.parser.GenericsCompletionParserTest" time="0"/>
  <testcase name="test0219_Method - 1.5" classname="org.eclipse.jdt.core.tests.compiler.parser.CompletionParserTestKeyword" time="0"/>
  <testcase name="test0220_Diet - 1.5" classname="org.eclipse.jdt.core.tests.compiler.parser.CompletionParserTestKeyword" time="0.001"/>
  <testcase name="test0220_Diet - 1.5" classname="org.eclipse.jdt.core.tests.compiler.parser.GenericsCompletionParserTest" time="0.001"/>
  <testcase name="test0220_Method - 1.5" classname="org.eclipse.jdt.core.tests.compiler.parser.CompletionParserTestKeyword" time="0"/>
  <testcase name="test0221_Diet - 1.5" classname="org.eclipse.jdt.core.tests.compiler.parser.CompletionParserTestKeyword" time="0"/>
  <testcase name="test0221_Method - 1.5" classname="org.eclipse.jdt.core.tests.compiler.parser.CompletionParserTestKeyword" time="0"/>
  <testcase name="test0222_Diet - 1.5" classname="org.eclipse.jdt.core.tests.compiler.parser.CompletionParserTestKeyword" time="0"/>
  <testcase name="test0222_Method - 1.5" classname="org.eclipse.jdt.core.tests.compiler.parser.CompletionParserTestKeyword" time="0.001"/>
  <testcase name="test0223 - 1.5" classname="org.eclipse.jdt.core.tests.compiler.parser.CompletionParserTestKeyword" time="0"/>
  <testcase name="test0224 - 1.5" classname="org.eclipse.jdt.core.tests.compiler.parser.CompletionParserTestKeyword" time="0"/>
  <testcase name="test0225 - 1.5" classname="org.eclipse.jdt.core.tests.compiler.parser.CompletionParserTestKeyword" time="0"/>
  <testcase name="test0226 - 1.5" classname="org.eclipse.jdt.core.tests.compiler.parser.CompletionParserTestKeyword" time="0"/>
  <testcase name="test0227 - 1.5" classname="org.eclipse.jdt.core.tests.compiler.parser.CompletionParserTestKeyword" time="0"/>
  <testcase name="test0228 - 1.5" classname="org.eclipse.jdt.core.tests.compiler.parser.CompletionParserTestKeyword" time="0.001"/>
  <testcase name="test0229 - 1.5" classname="org.eclipse.jdt.core.tests.compiler.parser.CompletionParserTestKeyword" time="0"/>
  <testcase name="test0230 - 1.5" classname="org.eclipse.jdt.core.tests.compiler.parser.CompletionParserTestKeyword" time="0"/>
  <testcase name="test0231_Diet - 1.5" classname="org.eclipse.jdt.core.tests.compiler.parser.CompletionParserTestKeyword" time="0"/>
  <testcase name="test0231_Method - 1.5" classname="org.eclipse.jdt.core.tests.compiler.parser.CompletionParserTestKeyword" time="0"/>
  <testcase name="test0232_Diet - 1.5" classname="org.eclipse.jdt.core.tests.compiler.parser.CompletionParserTestKeyword" time="0"/>
  <testcase name="test0232_Method - 1.5" classname="org.eclipse.jdt.core.tests.compiler.parser.CompletionParserTestKeyword" time="0"/>
  <testcase name="test0233_Diet - 1.5" classname="org.eclipse.jdt.core.tests.compiler.parser.CompletionParserTestKeyword" time="0"/>
  <testcase name="test0233_Method - 1.5" classname="org.eclipse.jdt.core.tests.compiler.parser.CompletionParserTestKeyword" time="0"/>
  <testcase name="test0234_Diet - 1.5" classname="org.eclipse.jdt.core.tests.compiler.parser.CompletionParserTestKeyword" time="0"/>
  <testcase name="test0234_Method - 1.5" classname="org.eclipse.jdt.core.tests.compiler.parser.CompletionParserTestKeyword" time="0"/>
  <testcase name="test0235_Diet - 1.5" classname="org.eclipse.jdt.core.tests.compiler.parser.CompletionParserTestKeyword" time="0"/>
  <testcase name="test0235_Method - 1.5" classname="org.eclipse.jdt.core.tests.compiler.parser.CompletionParserTestKeyword" time="0"/>
  <testcase name="test0236_Diet - 1.5" classname="org.eclipse.jdt.core.tests.compiler.parser.CompletionParserTestKeyword" time="0"/>
  <testcase name="test0236_Method - 1.5" classname="org.eclipse.jdt.core.tests.compiler.parser.CompletionParserTestKeyword" time="0"/>
  <testcase name="test0237_Diet - 1.5" classname="org.eclipse.jdt.core.tests.compiler.parser.CompletionParserTestKeyword" time="0.001"/>
  <testcase name="test0237_Method - 1.5" classname="org.eclipse.jdt.core.tests.compiler.parser.CompletionParserTestKeyword" time="0"/>
  <testcase name="test0238_Diet - 1.5" classname="org.eclipse.jdt.core.tests.compiler.parser.CompletionParserTestKeyword" time="0"/>
  <testcase name="test0238_Method - 1.5" classname="org.eclipse.jdt.core.tests.compiler.parser.CompletionParserTestKeyword" time="0"/>
  <testcase name="test0239_Diet - 1.5" classname="org.eclipse.jdt.core.tests.compiler.parser.CompletionParserTestKeyword" time="0"/>
  <testcase name="test0239_Method - 1.5" classname="org.eclipse.jdt.core.tests.compiler.parser.CompletionParserTestKeyword" time="0.001"/>
  <testcase name="test0240_Diet - 1.5" classname="org.eclipse.jdt.core.tests.compiler.parser.CompletionParserTestKeyword" time="0"/>
  <testcase name="test0240_Method - 1.5" classname="org.eclipse.jdt.core.tests.compiler.parser.CompletionParserTestKeyword" time="0"/>
  <testcase name="test0241 - 1.5" classname="org.eclipse.jdt.core.tests.compiler.parser.CompletionParserTestKeyword" time="0"/>
  <testcase name="test0242 - 1.5" classname="org.eclipse.jdt.core.tests.compiler.parser.CompletionParserTestKeyword" time="0"/>
  <testcase name="test0243 - 1.5" classname="org.eclipse.jdt.core.tests.compiler.parser.CompletionParserTestKeyword" time="0"/>
  <testcase name="test0244 - 1.5" classname="org.eclipse.jdt.core.tests.compiler.parser.CompletionParserTestKeyword" time="0"/>
  <testcase name="test0245 - 1.5" classname="org.eclipse.jdt.core.tests.compiler.parser.CompletionParserTestKeyword" time="0"/>
  <testcase name="test0246 - 1.5" classname="org.eclipse.jdt.core.tests.compiler.parser.CompletionParserTestKeyword" time="0"/>
  <testcase name="test0247 - 1.5" classname="org.eclipse.jdt.core.tests.compiler.parser.CompletionParserTestKeyword" time="0"/>
  <testcase name="test0248 - 1.5" classname="org.eclipse.jdt.core.tests.compiler.parser.CompletionParserTestKeyword" time="0"/>
  <testcase name="test0249_Diet - 1.5" classname="org.eclipse.jdt.core.tests.compiler.parser.CompletionParserTestKeyword" time="0.001"/>
  <testcase name="test0249_Method - 1.5" classname="org.eclipse.jdt.core.tests.compiler.parser.CompletionParserTestKeyword" time="0"/>
  <testcase name="test0250_Diet - 1.5" classname="org.eclipse.jdt.core.tests.compiler.parser.CompletionParserTestKeyword" time="0"/>
  <testcase name="test0250_Method - 1.5" classname="org.eclipse.jdt.core.tests.compiler.parser.CompletionParserTestKeyword" time="0"/>
  <testcase name="test0251_Diet - 1.5" classname="org.eclipse.jdt.core.tests.compiler.parser.CompletionParserTestKeyword" time="0"/>
  <testcase name="test0251_Method - 1.5" classname="org.eclipse.jdt.core.tests.compiler.parser.CompletionParserTestKeyword" time="0.001"/>
  <testcase name="test0252_Diet - 1.5" classname="org.eclipse.jdt.core.tests.compiler.parser.CompletionParserTestKeyword" time="0"/>
  <testcase name="test0252_Method - 1.5" classname="org.eclipse.jdt.core.tests.compiler.parser.CompletionParserTestKeyword" time="0"/>
  <testcase name="test0253_Diet - 1.5" classname="org.eclipse.jdt.core.tests.compiler.parser.CompletionParserTestKeyword" time="0"/>
  <testcase name="test0253_Method - 1.5" classname="org.eclipse.jdt.core.tests.compiler.parser.CompletionParserTestKeyword" time="0"/>
  <testcase name="test0254 - 1.5" classname="org.eclipse.jdt.core.tests.compiler.parser.CompletionParserTestKeyword" time="0.001"/>
  <testcase name="test0255 - 1.5" classname="org.eclipse.jdt.core.tests.compiler.parser.CompletionParserTestKeyword" time="0"/>
  <testcase name="test0256 - 1.5" classname="org.eclipse.jdt.core.tests.compiler.parser.CompletionParserTestKeyword" time="0"/>
  <testcase name="test0257 - 1.5" classname="org.eclipse.jdt.core.tests.compiler.parser.CompletionParserTestKeyword" time="0"/>
  <testcase name="test0258 - 1.5" classname="org.eclipse.jdt.core.tests.compiler.parser.CompletionParserTestKeyword" time="0"/>
  <testcase name="test0259 - 1.5" classname="org.eclipse.jdt.core.tests.compiler.parser.CompletionParserTestKeyword" time="0"/>
  <testcase name="test0260 - 1.5" classname="org.eclipse.jdt.core.tests.compiler.parser.CompletionParserTestKeyword" time="0"/>
  <testcase name="test0261 - 1.5" classname="org.eclipse.jdt.core.tests.compiler.parser.CompletionParserTestKeyword" time="0"/>
  <testcase name="test0262 - 1.5" classname="org.eclipse.jdt.core.tests.compiler.parser.CompletionParserTestKeyword" time="0"/>
  <testcase name="test0263 - 1.5" classname="org.eclipse.jdt.core.tests.compiler.parser.CompletionParserTestKeyword" time="0"/>
  <testcase name="test0264 - 1.5" classname="org.eclipse.jdt.core.tests.compiler.parser.CompletionParserTestKeyword" time="0"/>
  <testcase name="test0265 - 1.5" classname="org.eclipse.jdt.core.tests.compiler.parser.CompletionParserTestKeyword" time="0.001"/>
  <testcase name="test0266 - 1.5" classname="org.eclipse.jdt.core.tests.compiler.parser.CompletionParserTestKeyword" time="0"/>
  <testcase name="test0267 - 1.5" classname="org.eclipse.jdt.core.tests.compiler.parser.CompletionParserTestKeyword" time="0"/>
  <testcase name="test0268 - 1.5" classname="org.eclipse.jdt.core.tests.compiler.parser.CompletionParserTestKeyword" time="0"/>
  <testcase name="test0269 - 1.5" classname="org.eclipse.jdt.core.tests.compiler.parser.CompletionParserTestKeyword" time="0"/>
  <testcase name="test0270 - 1.5" classname="org.eclipse.jdt.core.tests.compiler.parser.CompletionParserTestKeyword" time="0"/>
  <testcase name="test0271 - 1.5" classname="org.eclipse.jdt.core.tests.compiler.parser.CompletionParserTestKeyword" time="0"/>
  <testcase name="test0272 - 1.5" classname="org.eclipse.jdt.core.tests.compiler.parser.CompletionParserTestKeyword" time="0"/>
  <testcase name="test0273 - 1.5" classname="org.eclipse.jdt.core.tests.compiler.parser.CompletionParserTestKeyword" time="0.001"/>
  <testcase name="test0274_Diet - 1.5" classname="org.eclipse.jdt.core.tests.compiler.parser.CompletionParserTestKeyword" time="0"/>
  <testcase name="test0274_Method - 1.5" classname="org.eclipse.jdt.core.tests.compiler.parser.CompletionParserTestKeyword" time="0"/>
  <testcase name="test0275_Diet - 1.5" classname="org.eclipse.jdt.core.tests.compiler.parser.CompletionParserTestKeyword" time="0.001"/>
  <testcase name="test0275_Method - 1.5" classname="org.eclipse.jdt.core.tests.compiler.parser.CompletionParserTestKeyword" time="0"/>
  <testcase name="test0276_Diet - 1.5" classname="org.eclipse.jdt.core.tests.compiler.parser.CompletionParserTestKeyword" time="0"/>
  <testcase name="test0276_Method - 1.5" classname="org.eclipse.jdt.core.tests.compiler.parser.CompletionParserTestKeyword" time="0"/>
  <testcase name="test0277 - 1.5" classname="org.eclipse.jdt.core.tests.compiler.parser.CompletionParserTestKeyword" time="0.001"/>
  <testcase name="test0278 - 1.5" classname="org.eclipse.jdt.core.tests.compiler.parser.CompletionParserTestKeyword" time="0"/>
  <testcase name="test0279 - 1.5" classname="org.eclipse.jdt.core.tests.compiler.parser.CompletionParserTestKeyword" time="0"/>
  <testcase name="test0280 - 1.5" classname="org.eclipse.jdt.core.tests.compiler.parser.CompletionParserTestKeyword" time="0"/>
  <testcase name="test0281 - 1.5" classname="org.eclipse.jdt.core.tests.compiler.parser.CompletionParserTestKeyword" time="0.001"/>
  <testcase name="test0282 - 1.5" classname="org.eclipse.jdt.core.tests.compiler.parser.CompletionParserTestKeyword" time="0"/>
  <testcase name="test0283 - 1.5" classname="org.eclipse.jdt.core.tests.compiler.parser.CompletionParserTestKeyword" time="0"/>
  <testcase name="test0284_Diet - 1.5" classname="org.eclipse.jdt.core.tests.compiler.parser.CompletionParserTestKeyword" time="0"/>
  <testcase name="test0284_Method - 1.5" classname="org.eclipse.jdt.core.tests.compiler.parser.CompletionParserTestKeyword" time="0"/>
  <testcase name="test0285_Diet - 1.5" classname="org.eclipse.jdt.core.tests.compiler.parser.CompletionParserTestKeyword" time="0"/>
  <testcase name="test0285_Method - 1.5" classname="org.eclipse.jdt.core.tests.compiler.parser.CompletionParserTestKeyword" time="0"/>
  <testcase name="test0286_Diet - 1.5" classname="org.eclipse.jdt.core.tests.compiler.parser.CompletionParserTestKeyword" time="0"/>
  <testcase name="test0286_Method - 1.5" classname="org.eclipse.jdt.core.tests.compiler.parser.CompletionParserTestKeyword" time="0"/>
  <testcase name="test0287_Diet - 1.5" classname="org.eclipse.jdt.core.tests.compiler.parser.CompletionParserTestKeyword" time="0"/>
  <testcase name="test0287_Method - 1.5" classname="org.eclipse.jdt.core.tests.compiler.parser.CompletionParserTestKeyword" time="0"/>
  <testcase name="test0288_Diet - 1.5" classname="org.eclipse.jdt.core.tests.compiler.parser.CompletionParserTestKeyword" time="0"/>
  <testcase name="test0288_Method - 1.5" classname="org.eclipse.jdt.core.tests.compiler.parser.CompletionParserTestKeyword" time="0"/>
  <testcase name="test0289_Diet - 1.5" classname="org.eclipse.jdt.core.tests.compiler.parser.CompletionParserTestKeyword" time="0"/>
  <testcase name="test0289_Method - 1.5" classname="org.eclipse.jdt.core.tests.compiler.parser.CompletionParserTestKeyword" time="0"/>
  <testcase name="test0290_Diet - 1.5" classname="org.eclipse.jdt.core.tests.compiler.parser.CompletionParserTestKeyword" time="0"/>
  <testcase name="test0290_Method - 1.5" classname="org.eclipse.jdt.core.tests.compiler.parser.CompletionParserTestKeyword" time="0"/>
  <testcase name="test0291_Diet - 1.5" classname="org.eclipse.jdt.core.tests.compiler.parser.CompletionParserTestKeyword" time="0"/>
  <testcase name="test0291_Method - 1.5" classname="org.eclipse.jdt.core.tests.compiler.parser.CompletionParserTestKeyword" time="0"/>
  <testcase name="test0292_Diet - 1.5" classname="org.eclipse.jdt.core.tests.compiler.parser.CompletionParserTestKeyword" time="0"/>
  <testcase name="test0292_Method - 1.5" classname="org.eclipse.jdt.core.tests.compiler.parser.CompletionParserTestKeyword" time="0"/>
  <testcase name="test0293_Diet - 1.5" classname="org.eclipse.jdt.core.tests.compiler.parser.CompletionParserTestKeyword" time="0.001"/>
  <testcase name="test0293_Method - 1.5" classname="org.eclipse.jdt.core.tests.compiler.parser.CompletionParserTestKeyword" time="0"/>
  <testcase name="test0294_Diet - 1.5" classname="org.eclipse.jdt.core.tests.compiler.parser.CompletionParserTestKeyword" time="0"/>
  <testcase name="test0294_Method - 1.5" classname="org.eclipse.jdt.core.tests.compiler.parser.CompletionParserTestKeyword" time="0"/>
  <testcase name="test0295 - 1.5" classname="org.eclipse.jdt.core.tests.compiler.parser.CompletionParserTestKeyword" time="0"/>
  <testcase name="test0296 - 1.5" classname="org.eclipse.jdt.core.tests.compiler.parser.CompletionParserTestKeyword" time="0.001"/>
  <testcase name="test0297 - 1.5" classname="org.eclipse.jdt.core.tests.compiler.parser.CompletionParserTestKeyword" time="0"/>
  <testcase name="test0298 - 1.5" classname="org.eclipse.jdt.core.tests.compiler.parser.CompletionParserTestKeyword" time="0"/>
  <testcase name="test0299 - 1.5" classname="org.eclipse.jdt.core.tests.compiler.parser.CompletionParserTestKeyword" time="0"/>
  <testcase name="test0300 - 1.5" classname="org.eclipse.jdt.core.tests.compiler.parser.CompletionParserTestKeyword" time="0"/>
  <testcase name="test0301_Diet - 1.5" classname="org.eclipse.jdt.core.tests.compiler.parser.CompletionParserTestKeyword" time="0"/>
  <testcase name="test0301_Method - 1.5" classname="org.eclipse.jdt.core.tests.compiler.parser.CompletionParserTestKeyword" time="0"/>
  <testcase name="test0302_Diet - 1.5" classname="org.eclipse.jdt.core.tests.compiler.parser.CompletionParserTestKeyword" time="0"/>
  <testcase name="test0302_Method - 1.5" classname="org.eclipse.jdt.core.tests.compiler.parser.CompletionParserTestKeyword" time="0"/>
  <testcase name="test0303_Diet - 1.5" classname="org.eclipse.jdt.core.tests.compiler.parser.CompletionParserTestKeyword" time="0.001"/>
  <testcase name="test0303_Method - 1.5" classname="org.eclipse.jdt.core.tests.compiler.parser.CompletionParserTestKeyword" time="0"/>
  <testcase name="test0304_Diet - 1.5" classname="org.eclipse.jdt.core.tests.compiler.parser.CompletionParserTestKeyword" time="0"/>
  <testcase name="test0304_Method - 1.5" classname="org.eclipse.jdt.core.tests.compiler.parser.CompletionParserTestKeyword" time="0"/>
  <testcase name="test0305 - 1.5" classname="org.eclipse.jdt.core.tests.compiler.parser.CompletionParserTestKeyword" time="0"/>
  <testcase name="test0306 - 1.5" classname="org.eclipse.jdt.core.tests.compiler.parser.CompletionParserTestKeyword" time="0"/>
  <testcase name="test0307 - 1.5" classname="org.eclipse.jdt.core.tests.compiler.parser.CompletionParserTestKeyword" time="0"/>
  <testcase name="test0308 - 1.5" classname="org.eclipse.jdt.core.tests.compiler.parser.CompletionParserTestKeyword" time="0"/>
  <testcase name="test0309 - 1.5" classname="org.eclipse.jdt.core.tests.compiler.parser.CompletionParserTestKeyword" time="0"/>
  <testcase name="test0310 - 1.5" classname="org.eclipse.jdt.core.tests.compiler.parser.CompletionParserTestKeyword" time="0"/>
  <testcase name="test0311 - 1.5" classname="org.eclipse.jdt.core.tests.compiler.parser.CompletionParserTestKeyword" time="0"/>
  <testcase name="test0312 - 1.5" classname="org.eclipse.jdt.core.tests.compiler.parser.CompletionParserTestKeyword" time="0"/>
  <testcase name="test0313 - 1.5" classname="org.eclipse.jdt.core.tests.compiler.parser.CompletionParserTestKeyword" time="0.001"/>
  <testcase name="test0314 - 1.5" classname="org.eclipse.jdt.core.tests.compiler.parser.CompletionParserTestKeyword" time="0"/>
  <testcase name="test0315 - 1.5" classname="org.eclipse.jdt.core.tests.compiler.parser.CompletionParserTestKeyword" time="0"/>
  <testcase name="test0316 - 1.5" classname="org.eclipse.jdt.core.tests.compiler.parser.CompletionParserTestKeyword" time="0"/>
  <testcase name="test0317 - 1.5" classname="org.eclipse.jdt.core.tests.compiler.parser.CompletionParserTestKeyword" time="0"/>
  <testcase name="test0318 - 1.5" classname="org.eclipse.jdt.core.tests.compiler.parser.CompletionParserTestKeyword" time="0"/>
  <testcase name="test0319 - 1.5" classname="org.eclipse.jdt.core.tests.compiler.parser.CompletionParserTestKeyword" time="0"/>
  <testcase name="test0320 - 1.5" classname="org.eclipse.jdt.core.tests.compiler.parser.CompletionParserTestKeyword" time="0"/>
  <testcase name="test0321 - 1.5" classname="org.eclipse.jdt.core.tests.compiler.parser.CompletionParserTestKeyword" time="0"/>
  <testcase name="test0322 - 1.5" classname="org.eclipse.jdt.core.tests.compiler.parser.CompletionParserTestKeyword" time="0.001"/>
  <testcase name="test0323 - 1.5" classname="org.eclipse.jdt.core.tests.compiler.parser.CompletionParserTestKeyword" time="0"/>
  <testcase name="test0324 - 1.5" classname="org.eclipse.jdt.core.tests.compiler.parser.CompletionParserTestKeyword" time="0"/>
  <testcase name="test0325 - 1.5" classname="org.eclipse.jdt.core.tests.compiler.parser.CompletionParserTestKeyword" time="0"/>
  <testcase name="test0326 - 1.5" classname="org.eclipse.jdt.core.tests.compiler.parser.CompletionParserTestKeyword" time="0"/>
  <testcase name="test0327 - 1.5" classname="org.eclipse.jdt.core.tests.compiler.parser.CompletionParserTestKeyword" time="0"/>
  <testcase name="test0328 - 1.5" classname="org.eclipse.jdt.core.tests.compiler.parser.CompletionParserTestKeyword" time="0.001"/>
  <testcase name="test0329 - 1.5" classname="org.eclipse.jdt.core.tests.compiler.parser.CompletionParserTestKeyword" time="0"/>
  <testcase name="test0330 - 1.5" classname="org.eclipse.jdt.core.tests.compiler.parser.CompletionParserTestKeyword" time="0"/>
  <testcase name="test0331 - 1.5" classname="org.eclipse.jdt.core.tests.compiler.parser.CompletionParserTestKeyword" time="0"/>
  <testcase name="test0332 - 1.5" classname="org.eclipse.jdt.core.tests.compiler.parser.CompletionParserTestKeyword" time="0"/>
  <testcase name="test0333 - 1.5" classname="org.eclipse.jdt.core.tests.compiler.parser.CompletionParserTestKeyword" time="0"/>
  <testcase name="test0334 - 1.5" classname="org.eclipse.jdt.core.tests.compiler.parser.CompletionParserTestKeyword" time="0.001"/>
  <testcase name="test0335 - 1.5" classname="org.eclipse.jdt.core.tests.compiler.parser.CompletionParserTestKeyword" time="0"/>
  <testcase name="test0336 - 1.5" classname="org.eclipse.jdt.core.tests.compiler.parser.CompletionParserTestKeyword" time="0"/>
  <testcase name="test0337 - 1.5" classname="org.eclipse.jdt.core.tests.compiler.parser.CompletionParserTestKeyword" time="0"/>
  <testcase name="test0338 - 1.5" classname="org.eclipse.jdt.core.tests.compiler.parser.CompletionParserTestKeyword" time="0"/>
  <testcase name="test0339 - 1.5" classname="org.eclipse.jdt.core.tests.compiler.parser.CompletionParserTestKeyword" time="0.001"/>
  <testcase name="test0340 - 1.5" classname="org.eclipse.jdt.core.tests.compiler.parser.CompletionParserTestKeyword" time="0"/>
  <testcase name="test0341_Diet - 1.5" classname="org.eclipse.jdt.core.tests.compiler.parser.CompletionParserTestKeyword" time="0"/>
  <testcase name="test0341_Method - 1.5" classname="org.eclipse.jdt.core.tests.compiler.parser.CompletionParserTestKeyword" time="0"/>
  <testcase name="test0342_Diet - 1.5" classname="org.eclipse.jdt.core.tests.compiler.parser.CompletionParserTestKeyword" time="0"/>
  <testcase name="test0342_Method - 1.5" classname="org.eclipse.jdt.core.tests.compiler.parser.CompletionParserTestKeyword" time="0.001"/>
  <testcase name="test0343 - 1.5" classname="org.eclipse.jdt.core.tests.compiler.parser.CompletionParserTestKeyword" time="0"/>
  <testcase name="test0344 - 1.5" classname="org.eclipse.jdt.core.tests.compiler.parser.CompletionParserTestKeyword" time="0"/>
  <testcase name="test0345 - 1.5" classname="org.eclipse.jdt.core.tests.compiler.parser.CompletionParserTestKeyword" time="0"/>
  <testcase name="test0346 - 1.5" classname="org.eclipse.jdt.core.tests.compiler.parser.CompletionParserTestKeyword" time="0"/>
  <testcase name="test0347 - 1.5" classname="org.eclipse.jdt.core.tests.compiler.parser.CompletionParserTestKeyword" time="0.001"/>
  <testcase name="test0348 - 1.5" classname="org.eclipse.jdt.core.tests.compiler.parser.CompletionParserTestKeyword" time="0"/>
  <testcase name="test0349 - 1.5" classname="org.eclipse.jdt.core.tests.compiler.parser.CompletionParserTestKeyword" time="0"/>
  <testcase name="test0350 - 1.5" classname="org.eclipse.jdt.core.tests.compiler.parser.CompletionParserTestKeyword" time="0"/>
  <testcase name="test0351 - 1.5" classname="org.eclipse.jdt.core.tests.compiler.parser.CompletionParserTestKeyword" time="0"/>
  <testcase name="test0352 - 1.5" classname="org.eclipse.jdt.core.tests.compiler.parser.CompletionParserTestKeyword" time="0"/>
  <testcase name="test0353 - 1.5" classname="org.eclipse.jdt.core.tests.compiler.parser.CompletionParserTestKeyword" time="0"/>
  <testcase name="test0354 - 1.5" classname="org.eclipse.jdt.core.tests.compiler.parser.CompletionParserTestKeyword" time="0"/>
  <testcase name="test0355 - 1.5" classname="org.eclipse.jdt.core.tests.compiler.parser.CompletionParserTestKeyword" time="0"/>
  <testcase name="test0356 - 1.5" classname="org.eclipse.jdt.core.tests.compiler.parser.CompletionParserTestKeyword" time="0"/>
  <testcase name="test0357 - 1.5" classname="org.eclipse.jdt.core.tests.compiler.parser.CompletionParserTestKeyword" time="0.001"/>
  <testcase name="test0358 - 1.5" classname="org.eclipse.jdt.core.tests.compiler.parser.CompletionParserTestKeyword" time="0"/>
  <testcase name="test0359 - 1.5" classname="org.eclipse.jdt.core.tests.compiler.parser.CompletionParserTestKeyword" time="0"/>
  <testcase name="test0360 - 1.5" classname="org.eclipse.jdt.core.tests.compiler.parser.CompletionParserTestKeyword" time="0"/>
  <testcase name="test0361 - 1.5" classname="org.eclipse.jdt.core.tests.compiler.parser.CompletionParserTestKeyword" time="0"/>
  <testcase name="test0362 - 1.5" classname="org.eclipse.jdt.core.tests.compiler.parser.CompletionParserTestKeyword" time="0"/>
  <testcase name="test0363 - 1.5" classname="org.eclipse.jdt.core.tests.compiler.parser.CompletionParserTestKeyword" time="0"/>
  <testcase name="test0364 - 1.5" classname="org.eclipse.jdt.core.tests.compiler.parser.CompletionParserTestKeyword" time="0"/>
  <testcase name="test0365 - 1.5" classname="org.eclipse.jdt.core.tests.compiler.parser.CompletionParserTestKeyword" time="0"/>
  <testcase name="test0366 - 1.5" classname="org.eclipse.jdt.core.tests.compiler.parser.CompletionParserTestKeyword" time="0"/>
  <testcase name="test0367 - 1.5" classname="org.eclipse.jdt.core.tests.compiler.parser.CompletionParserTestKeyword" time="0"/>
  <testcase name="test0368 - 1.5" classname="org.eclipse.jdt.core.tests.compiler.parser.CompletionParserTestKeyword" time="0"/>
  <testcase name="test0369 - 1.5" classname="org.eclipse.jdt.core.tests.compiler.parser.CompletionParserTestKeyword" time="0"/>
  <testcase name="test0370 - 1.5" classname="org.eclipse.jdt.core.tests.compiler.parser.CompletionParserTestKeyword" time="0"/>
  <testcase name="test0371 - 1.5" classname="org.eclipse.jdt.core.tests.compiler.parser.CompletionParserTestKeyword" time="0"/>
  <testcase name="test0372 - 1.5" classname="org.eclipse.jdt.core.tests.compiler.parser.CompletionParserTestKeyword" time="0"/>
  <testcase name="test0373 - 1.5" classname="org.eclipse.jdt.core.tests.compiler.parser.CompletionParserTestKeyword" time="0.001"/>
  <testcase name="test0374 - 1.5" classname="org.eclipse.jdt.core.tests.compiler.parser.CompletionParserTestKeyword" time="0"/>
  <testcase name="test0375_Diet - 1.5" classname="org.eclipse.jdt.core.tests.compiler.parser.CompletionParserTestKeyword" time="0"/>
  <testcase name="test0375_Method - 1.5" classname="org.eclipse.jdt.core.tests.compiler.parser.CompletionParserTestKeyword" time="0"/>
  <testcase name="test0376_Diet - 1.5" classname="org.eclipse.jdt.core.tests.compiler.parser.CompletionParserTestKeyword" time="0"/>
  <testcase name="test0376_Method - 1.5" classname="org.eclipse.jdt.core.tests.compiler.parser.CompletionParserTestKeyword" time="0.001"/>
  <testcase name="test0377_Diet - 1.5" classname="org.eclipse.jdt.core.tests.compiler.parser.CompletionParserTestKeyword" time="0"/>
  <testcase name="test0377_Method - 1.5" classname="org.eclipse.jdt.core.tests.compiler.parser.CompletionParserTestKeyword" time="0"/>
  <testcase name="test0378_Diet - 1.5" classname="org.eclipse.jdt.core.tests.compiler.parser.CompletionParserTestKeyword" time="0"/>
  <testcase name="test0378_Method - 1.5" classname="org.eclipse.jdt.core.tests.compiler.parser.CompletionParserTestKeyword" time="0"/>
  <testcase name="test0379_Diet - 1.5" classname="org.eclipse.jdt.core.tests.compiler.parser.CompletionParserTestKeyword" time="0.001"/>
  <testcase name="test0379_Method - 1.5" classname="org.eclipse.jdt.core.tests.compiler.parser.CompletionParserTestKeyword" time="0"/>
  <testcase name="test0380_Diet - 1.5" classname="org.eclipse.jdt.core.tests.compiler.parser.CompletionParserTestKeyword" time="0"/>
  <testcase name="test0380_Method - 1.5" classname="org.eclipse.jdt.core.tests.compiler.parser.CompletionParserTestKeyword" time="0"/>
  <testcase name="test0381_Diet - 1.5" classname="org.eclipse.jdt.core.tests.compiler.parser.CompletionParserTestKeyword" time="0"/>
  <testcase name="test0381_Method - 1.5" classname="org.eclipse.jdt.core.tests.compiler.parser.CompletionParserTestKeyword" time="0.001"/>
  <testcase name="test0382_Diet - 1.5" classname="org.eclipse.jdt.core.tests.compiler.parser.CompletionParserTestKeyword" time="0"/>
  <testcase name="test0382_Method - 1.5" classname="org.eclipse.jdt.core.tests.compiler.parser.CompletionParserTestKeyword" time="0"/>
  <testcase name="test0384_Diet - 1.5" classname="org.eclipse.jdt.core.tests.compiler.parser.CompletionParserTestKeyword" time="0"/>
  <testcase name="test0384_Method - 1.5" classname="org.eclipse.jdt.core.tests.compiler.parser.CompletionParserTestKeyword" time="0.001"/>
  <testcase name="test0385_Diet - 1.5" classname="org.eclipse.jdt.core.tests.compiler.parser.CompletionParserTestKeyword" time="0"/>
  <testcase name="test0385_Method - 1.5" classname="org.eclipse.jdt.core.tests.compiler.parser.CompletionParserTestKeyword" time="0"/>
  <testcase name="test0386_Diet - 1.5" classname="org.eclipse.jdt.core.tests.compiler.parser.CompletionParserTestKeyword" time="0"/>
  <testcase name="test0386_Method - 1.5" classname="org.eclipse.jdt.core.tests.compiler.parser.CompletionParserTestKeyword" time="0"/>
  <testcase name="test0387_Diet - 1.5" classname="org.eclipse.jdt.core.tests.compiler.parser.CompletionParserTestKeyword" time="0"/>
  <testcase name="test0387_Method - 1.5" classname="org.eclipse.jdt.core.tests.compiler.parser.CompletionParserTestKeyword" time="0"/>
  <testcase name="test0388_Diet - 1.5" classname="org.eclipse.jdt.core.tests.compiler.parser.CompletionParserTestKeyword" time="0"/>
  <testcase name="test0388_Method - 1.5" classname="org.eclipse.jdt.core.tests.compiler.parser.CompletionParserTestKeyword" time="0"/>
  <testcase name="test01 - 1.5" classname="org.eclipse.jdt.core.tests.compiler.parser.CompletionRecoveryTest" time="0.001"/>
  <testcase name="test01 - 1.5" classname="org.eclipse.jdt.core.tests.compiler.parser.DietCompletionTest" time="0"/>
  <testcase name="test01 - 1.5" classname="org.eclipse.jdt.core.tests.compiler.parser.SelectionTest" time="0"/>
  <testcase name="test01 - 1.5" classname="org.eclipse.jdt.core.tests.compiler.parser.SelectionJavadocTest" time="0.001"/>
  <testcase name="test01 - 1.5" classname="org.eclipse.jdt.core.tests.compiler.parser.DietRecoveryTest" time="0.005"/>
  <testcase name="test01 - 1.5" classname="org.eclipse.jdt.core.tests.compiler.parser.SourceElementParserTest" time="0"/>
  <testcase name="test01 - 1.5" classname="org.eclipse.jdt.core.tests.compiler.parser.DocumentElementParserTest" time="0"/>
  <testcase name="test01 - 1.5" classname="org.eclipse.jdt.core.tests.compiler.parser.SyntaxErrorTest" time="0"/>
  <testcase name="test01 - 1.5" classname="org.eclipse.jdt.core.tests.compiler.parser.DualParseSyntaxErrorTest" time="0"/>
  <testcase name="test02 - 1.5" classname="org.eclipse.jdt.core.tests.compiler.parser.CompletionRecoveryTest" time="0"/>
  <testcase name="test02 - 1.5" classname="org.eclipse.jdt.core.tests.compiler.parser.DietCompletionTest" time="0"/>
  <testcase name="test02 - 1.5" classname="org.eclipse.jdt.core.tests.compiler.parser.SelectionTest" time="0"/>
  <testcase name="test02 - 1.5" classname="org.eclipse.jdt.core.tests.compiler.parser.SelectionJavadocTest" time="0.001"/>
  <testcase name="test02 - 1.5" classname="org.eclipse.jdt.core.tests.compiler.parser.DietRecoveryTest" time="0.003"/>
  <testcase name="test02 - 1.5" classname="org.eclipse.jdt.core.tests.compiler.parser.SourceElementParserTest" time="0"/>
  <testcase name="test02 - 1.5" classname="org.eclipse.jdt.core.tests.compiler.parser.SyntaxErrorTest" time="0.001"/>
  <testcase name="test02 - 1.5" classname="org.eclipse.jdt.core.tests.compiler.parser.DualParseSyntaxErrorTest" time="0"/>
  <testcase name="test03 - 1.5" classname="org.eclipse.jdt.core.tests.compiler.parser.CompletionRecoveryTest" time="0"/>
  <testcase name="test03 - 1.5" classname="org.eclipse.jdt.core.tests.compiler.parser.DietCompletionTest" time="0"/>
  <testcase name="test03 - 1.5" classname="org.eclipse.jdt.core.tests.compiler.parser.SelectionTest" time="0"/>
  <testcase name="test03 - 1.5" classname="org.eclipse.jdt.core.tests.compiler.parser.SelectionJavadocTest" time="0"/>
  <testcase name="test03 - 1.5" classname="org.eclipse.jdt.core.tests.compiler.parser.DietRecoveryTest" time="0.003"/>
  <testcase name="test03 - 1.5" classname="org.eclipse.jdt.core.tests.compiler.parser.SourceElementParserTest" time="0"/>
  <testcase name="test03 - 1.5" classname="org.eclipse.jdt.core.tests.compiler.parser.SyntaxErrorTest" time="0"/>
  <testcase name="test03 - 1.5" classname="org.eclipse.jdt.core.tests.compiler.parser.DualParseSyntaxErrorTest" time="0"/>
  <testcase name="test04 - 1.5" classname="org.eclipse.jdt.core.tests.compiler.parser.CompletionRecoveryTest" time="0"/>
  <testcase name="test04 - 1.5" classname="org.eclipse.jdt.core.tests.compiler.parser.DietCompletionTest" time="0"/>
  <testcase name="test04 - 1.5" classname="org.eclipse.jdt.core.tests.compiler.parser.SelectionTest" time="0"/>
  <testcase name="test04 - 1.5" classname="org.eclipse.jdt.core.tests.compiler.parser.SelectionJavadocTest" time="0.001"/>
  <testcase name="test04 - 1.5" classname="org.eclipse.jdt.core.tests.compiler.parser.DietRecoveryTest" time="0.003"/>
  <testcase name="test04 - 1.5" classname="org.eclipse.jdt.core.tests.compiler.parser.SourceElementParserTest" time="0"/>
  <testcase name="test04 - 1.5" classname="org.eclipse.jdt.core.tests.compiler.parser.SyntaxErrorTest" time="0.001"/>
  <testcase name="test04 - 1.5" classname="org.eclipse.jdt.core.tests.compiler.parser.DualParseSyntaxErrorTest" time="0"/>
  <testcase name="test05 - 1.5" classname="org.eclipse.jdt.core.tests.compiler.parser.CompletionRecoveryTest" time="0"/>
  <testcase name="test05 - 1.5" classname="org.eclipse.jdt.core.tests.compiler.parser.DietCompletionTest" time="0"/>
  <testcase name="test05 - 1.5" classname="org.eclipse.jdt.core.tests.compiler.parser.SelectionTest" time="0"/>
  <testcase name="test05 - 1.5" classname="org.eclipse.jdt.core.tests.compiler.parser.SelectionJavadocTest" time="0"/>
  <testcase name="test05 - 1.5" classname="org.eclipse.jdt.core.tests.compiler.parser.DietRecoveryTest" time="0.002"/>
  <testcase name="test05 - 1.5" classname="org.eclipse.jdt.core.tests.compiler.parser.SourceElementParserTest" time="0"/>
  <testcase name="test05 - 1.5" classname="org.eclipse.jdt.core.tests.compiler.parser.SyntaxErrorTest" time="0"/>
  <testcase name="test05 - 1.5" classname="org.eclipse.jdt.core.tests.compiler.parser.DualParseSyntaxErrorTest" time="0"/>
  <testcase name="test06 - 1.5" classname="org.eclipse.jdt.core.tests.compiler.parser.CompletionRecoveryTest" time="0"/>
  <testcase name="test06 - 1.5" classname="org.eclipse.jdt.core.tests.compiler.parser.DietCompletionTest" time="0"/>
  <testcase name="test06 - 1.5" classname="org.eclipse.jdt.core.tests.compiler.parser.SelectionTest" time="0"/>
  <testcase name="test06 - 1.5" classname="org.eclipse.jdt.core.tests.compiler.parser.SelectionJavadocTest" time="0"/>
  <testcase name="test06 - 1.5" classname="org.eclipse.jdt.core.tests.compiler.parser.DietRecoveryTest" time="0.003"/>
  <testcase name="test06 - 1.5" classname="org.eclipse.jdt.core.tests.compiler.parser.SourceElementParserTest" time="0"/>
  <testcase name="test06 - 1.5" classname="org.eclipse.jdt.core.tests.compiler.parser.SyntaxErrorTest" time="0.001"/>
  <testcase name="test06 - 1.5" classname="org.eclipse.jdt.core.tests.compiler.parser.DualParseSyntaxErrorTest" time="0.001"/>
  <testcase name="test07 - 1.5" classname="org.eclipse.jdt.core.tests.compiler.parser.CompletionRecoveryTest" time="0"/>
  <testcase name="test07 - 1.5" classname="org.eclipse.jdt.core.tests.compiler.parser.DietCompletionTest" time="0"/>
  <testcase name="test07 - 1.5" classname="org.eclipse.jdt.core.tests.compiler.parser.SelectionTest" time="0.001"/>
  <testcase name="test07 - 1.5" classname="org.eclipse.jdt.core.tests.compiler.parser.SelectionJavadocTest" time="0.002"/>
  <testcase name="test07 - 1.5" classname="org.eclipse.jdt.core.tests.compiler.parser.DietRecoveryTest" time="0.002"/>
  <testcase name="test07 - 1.5" classname="org.eclipse.jdt.core.tests.compiler.parser.SourceElementParserTest" time="0.001"/>
  <testcase name="test07 - 1.5" classname="org.eclipse.jdt.core.tests.compiler.parser.SyntaxErrorTest" time="0"/>
  <testcase name="test07 - 1.5" classname="org.eclipse.jdt.core.tests.compiler.parser.DualParseSyntaxErrorTest" time="0"/>
  <testcase name="test08 - 1.5" classname="org.eclipse.jdt.core.tests.compiler.parser.CompletionRecoveryTest" time="0.001"/>
  <testcase name="test08 - 1.5" classname="org.eclipse.jdt.core.tests.compiler.parser.DietCompletionTest" time="0"/>
  <testcase name="test08 - 1.5" classname="org.eclipse.jdt.core.tests.compiler.parser.SelectionTest" time="0"/>
  <testcase name="test08 - 1.5" classname="org.eclipse.jdt.core.tests.compiler.parser.SelectionJavadocTest" time="0.001"/>
  <testcase name="test08 - 1.5" classname="org.eclipse.jdt.core.tests.compiler.parser.DietRecoveryTest" time="0.004"/>
  <testcase name="test08 - 1.5" classname="org.eclipse.jdt.core.tests.compiler.parser.SourceElementParserTest" time="0"/>
  <testcase name="test08 - 1.5" classname="org.eclipse.jdt.core.tests.compiler.parser.SyntaxErrorTest" time="0"/>
  <testcase name="test08 - 1.5" classname="org.eclipse.jdt.core.tests.compiler.parser.DualParseSyntaxErrorTest" time="0"/>
  <testcase name="test09 - 1.5" classname="org.eclipse.jdt.core.tests.compiler.parser.CompletionRecoveryTest" time="0"/>
  <testcase name="test09 - 1.5" classname="org.eclipse.jdt.core.tests.compiler.parser.DietCompletionTest" time="0"/>
  <testcase name="test09 - 1.5" classname="org.eclipse.jdt.core.tests.compiler.parser.SelectionTest" time="0.001"/>
  <testcase name="test09 - 1.5" classname="org.eclipse.jdt.core.tests.compiler.parser.SelectionJavadocTest" time="0.002"/>
  <testcase name="test09 - 1.5" classname="org.eclipse.jdt.core.tests.compiler.parser.DietRecoveryTest" time="0.003"/>
  <testcase name="test09 - 1.5" classname="org.eclipse.jdt.core.tests.compiler.parser.SourceElementParserTest" time="0.001"/>
  <testcase name="test09 - 1.5" classname="org.eclipse.jdt.core.tests.compiler.parser.SyntaxErrorTest" time="0.001"/>
  <testcase name="test09 - 1.5" classname="org.eclipse.jdt.core.tests.compiler.parser.DualParseSyntaxErrorTest" time="0"/>
  <testcase name="test10 - 1.5" classname="org.eclipse.jdt.core.tests.compiler.parser.CompletionRecoveryTest" time="0"/>
  <testcase name="test10 - 1.5" classname="org.eclipse.jdt.core.tests.compiler.parser.DietCompletionTest" time="0"/>
  <testcase name="test10 - 1.5" classname="org.eclipse.jdt.core.tests.compiler.parser.SelectionTest" time="0"/>
  <testcase name="test10 - 1.5" classname="org.eclipse.jdt.core.tests.compiler.parser.SelectionJavadocTest" time="0.001"/>
  <testcase name="test10 - 1.5" classname="org.eclipse.jdt.core.tests.compiler.parser.DietRecoveryTest" time="0.003"/>
  <testcase name="test10 - 1.5" classname="org.eclipse.jdt.core.tests.compiler.parser.SourceElementParserTest" time="0"/>
  <testcase name="test10 - 1.5" classname="org.eclipse.jdt.core.tests.compiler.parser.SyntaxErrorTest" time="0.001"/>
  <testcase name="test10 - 1.5" classname="org.eclipse.jdt.core.tests.compiler.parser.DualParseSyntaxErrorTest" time="0"/>
  <testcase name="test11 - 1.5" classname="org.eclipse.jdt.core.tests.compiler.parser.CompletionRecoveryTest" time="0"/>
  <testcase name="test11 - 1.5" classname="org.eclipse.jdt.core.tests.compiler.parser.DietCompletionTest" time="0"/>
  <testcase name="test11 - 1.5" classname="org.eclipse.jdt.core.tests.compiler.parser.SelectionTest" time="0"/>
  <testcase name="test11 - 1.5" classname="org.eclipse.jdt.core.tests.compiler.parser.SelectionJavadocTest" time="0"/>
  <testcase name="test11 - 1.5" classname="org.eclipse.jdt.core.tests.compiler.parser.DietRecoveryTest" time="0.003"/>
  <testcase name="test11 - 1.5" classname="org.eclipse.jdt.core.tests.compiler.parser.SourceElementParserTest" time="0"/>
  <testcase name="test11 - 1.5" classname="org.eclipse.jdt.core.tests.compiler.parser.SyntaxErrorTest" time="0"/>
  <testcase name="test12 - 1.5" classname="org.eclipse.jdt.core.tests.compiler.parser.CompletionRecoveryTest" time="0.001"/>
  <testcase name="test12 - 1.5" classname="org.eclipse.jdt.core.tests.compiler.parser.DietCompletionTest" time="0"/>
  <testcase name="test12 - 1.5" classname="org.eclipse.jdt.core.tests.compiler.parser.SelectionTest" time="0.001"/>
  <testcase name="test12 - 1.5" classname="org.eclipse.jdt.core.tests.compiler.parser.SelectionJavadocTest" time="0"/>
  <testcase name="test12 - 1.5" classname="org.eclipse.jdt.core.tests.compiler.parser.DietRecoveryTest" time="0.002"/>
  <testcase name="test12 - 1.5" classname="org.eclipse.jdt.core.tests.compiler.parser.SourceElementParserTest" time="0"/>
  <testcase name="test12 - 1.5" classname="org.eclipse.jdt.core.tests.compiler.parser.SyntaxErrorTest" time="0"/>
  <testcase name="test13 - 1.5" classname="org.eclipse.jdt.core.tests.compiler.parser.CompletionRecoveryTest" time="0"/>
  <testcase name="test13 - 1.5" classname="org.eclipse.jdt.core.tests.compiler.parser.DietCompletionTest" time="0"/>
  <testcase name="test13 - 1.5" classname="org.eclipse.jdt.core.tests.compiler.parser.SelectionTest" time="0"/>
  <testcase name="test13 - 1.5" classname="org.eclipse.jdt.core.tests.compiler.parser.SelectionJavadocTest" time="0.001"/>
  <testcase name="test13 - 1.5" classname="org.eclipse.jdt.core.tests.compiler.parser.DietRecoveryTest" time="0.001"/>
  <testcase name="test13 - 1.5" classname="org.eclipse.jdt.core.tests.compiler.parser.SourceElementParserTest" time="0"/>
  <testcase name="test13 - 1.5" classname="org.eclipse.jdt.core.tests.compiler.parser.SyntaxErrorTest" time="0.001"/>
  <testcase name="test14 - 1.5" classname="org.eclipse.jdt.core.tests.compiler.parser.CompletionRecoveryTest" time="0"/>
  <testcase name="test14 - 1.5" classname="org.eclipse.jdt.core.tests.compiler.parser.DietCompletionTest" time="0"/>
  <testcase name="test14 - 1.5" classname="org.eclipse.jdt.core.tests.compiler.parser.SelectionTest" time="0"/>
  <testcase name="test14 - 1.5" classname="org.eclipse.jdt.core.tests.compiler.parser.SelectionJavadocTest" time="0"/>
  <testcase name="test14 - 1.5" classname="org.eclipse.jdt.core.tests.compiler.parser.DietRecoveryTest" time="0.001"/>
  <testcase name="test14 - 1.5" classname="org.eclipse.jdt.core.tests.compiler.parser.SourceElementParserTest" time="0"/>
  <testcase name="test14 - 1.5" classname="org.eclipse.jdt.core.tests.compiler.parser.SyntaxErrorTest" time="0"/>
  <testcase name="test15 - 1.5" classname="org.eclipse.jdt.core.tests.compiler.parser.CompletionRecoveryTest" time="0"/>
  <testcase name="test15 - 1.5" classname="org.eclipse.jdt.core.tests.compiler.parser.DietCompletionTest" time="0"/>
  <testcase name="test15 - 1.5" classname="org.eclipse.jdt.core.tests.compiler.parser.SelectionTest" time="0"/>
  <testcase name="test15 - 1.5" classname="org.eclipse.jdt.core.tests.compiler.parser.SelectionJavadocTest" time="0.001"/>
  <testcase name="test15 - 1.5" classname="org.eclipse.jdt.core.tests.compiler.parser.DietRecoveryTest" time="0.001"/>
  <testcase name="test15 - 1.5" classname="org.eclipse.jdt.core.tests.compiler.parser.SourceElementParserTest" time="0.001"/>
  <testcase name="test15 - 1.5" classname="org.eclipse.jdt.core.tests.compiler.parser.SyntaxErrorTest" time="0.001"/>
  <testcase name="test16 - 1.5" classname="org.eclipse.jdt.core.tests.compiler.parser.CompletionRecoveryTest" time="0"/>
  <testcase name="test16 - 1.5" classname="org.eclipse.jdt.core.tests.compiler.parser.DietCompletionTest" time="0"/>
  <testcase name="test16 - 1.5" classname="org.eclipse.jdt.core.tests.compiler.parser.SelectionTest" time="0"/>
  <testcase name="test16 - 1.5" classname="org.eclipse.jdt.core.tests.compiler.parser.SelectionJavadocTest" time="0.001"/>
  <testcase name="test16 - 1.5" classname="org.eclipse.jdt.core.tests.compiler.parser.DietRecoveryTest" time="0.002"/>
  <testcase name="test16 - 1.5" classname="org.eclipse.jdt.core.tests.compiler.parser.SourceElementParserTest" time="0"/>
  <testcase name="test17 - 1.5" classname="org.eclipse.jdt.core.tests.compiler.parser.CompletionRecoveryTest" time="0"/>
  <testcase name="test17 - 1.5" classname="org.eclipse.jdt.core.tests.compiler.parser.DietCompletionTest" time="0"/>
  <testcase name="test17 - 1.5" classname="org.eclipse.jdt.core.tests.compiler.parser.SelectionTest" time="0.001"/>
  <testcase name="test17 - 1.5" classname="org.eclipse.jdt.core.tests.compiler.parser.SelectionJavadocTest" time="0.001"/>
  <testcase name="test17 - 1.5" classname="org.eclipse.jdt.core.tests.compiler.parser.DietRecoveryTest" time="0.002"/>
  <testcase name="test17 - 1.5" classname="org.eclipse.jdt.core.tests.compiler.parser.SourceElementParserTest" time="0.001"/>
  <testcase name="test18 - 1.5" classname="org.eclipse.jdt.core.tests.compiler.parser.CompletionRecoveryTest" time="0"/>
  <testcase name="test18 - 1.5" classname="org.eclipse.jdt.core.tests.compiler.parser.DietCompletionTest" time="0"/>
  <testcase name="test18 - 1.5" classname="org.eclipse.jdt.core.tests.compiler.parser.SelectionTest" time="0"/>
  <testcase name="test18 - 1.5" classname="org.eclipse.jdt.core.tests.compiler.parser.SelectionJavadocTest" time="0.001"/>
  <testcase name="test18 - 1.5" classname="org.eclipse.jdt.core.tests.compiler.parser.DietRecoveryTest" time="0.001"/>
  <testcase name="test18 - 1.5" classname="org.eclipse.jdt.core.tests.compiler.parser.SourceElementParserTest" time="0"/>
  <testcase name="test19 - 1.5" classname="org.eclipse.jdt.core.tests.compiler.parser.CompletionRecoveryTest" time="0"/>
  <testcase name="test19 - 1.5" classname="org.eclipse.jdt.core.tests.compiler.parser.DietCompletionTest" time="0"/>
  <testcase name="test19 - 1.5" classname="org.eclipse.jdt.core.tests.compiler.parser.SelectionTest" time="0"/>
  <testcase name="test19 - 1.5" classname="org.eclipse.jdt.core.tests.compiler.parser.SelectionJavadocTest" time="0.001"/>
  <testcase name="test19 - 1.5" classname="org.eclipse.jdt.core.tests.compiler.parser.DietRecoveryTest" time="0.002"/>
  <testcase name="test19 - 1.5" classname="org.eclipse.jdt.core.tests.compiler.parser.SourceElementParserTest" time="0.001"/>
  <testcase name="test20 - 1.5" classname="org.eclipse.jdt.core.tests.compiler.parser.CompletionRecoveryTest" time="0"/>
  <testcase name="test20 - 1.5" classname="org.eclipse.jdt.core.tests.compiler.parser.DietCompletionTest" time="0"/>
  <testcase name="test20 - 1.5" classname="org.eclipse.jdt.core.tests.compiler.parser.SelectionTest" time="0.001"/>
  <testcase name="test20 - 1.5" classname="org.eclipse.jdt.core.tests.compiler.parser.SelectionJavadocTest" time="0.001"/>
  <testcase name="test20 - 1.5" classname="org.eclipse.jdt.core.tests.compiler.parser.DietRecoveryTest" time="0.002"/>
  <testcase name="test20 - 1.5" classname="org.eclipse.jdt.core.tests.compiler.parser.SourceElementParserTest" time="0"/>
  <testcase name="test21 - 1.5" classname="org.eclipse.jdt.core.tests.compiler.parser.CompletionRecoveryTest" time="0"/>
  <testcase name="test21 - 1.5" classname="org.eclipse.jdt.core.tests.compiler.parser.DietCompletionTest" time="0"/>
  <testcase name="test21 - 1.5" classname="org.eclipse.jdt.core.tests.compiler.parser.SelectionTest" time="0"/>
  <testcase name="test21 - 1.5" classname="org.eclipse.jdt.core.tests.compiler.parser.SelectionJavadocTest" time="0"/>
  <testcase name="test21 - 1.5" classname="org.eclipse.jdt.core.tests.compiler.parser.DietRecoveryTest" time="0.002"/>
  <testcase name="test21 - 1.5" classname="org.eclipse.jdt.core.tests.compiler.parser.SourceElementParserTest" time="0.001"/>
  <testcase name="test22 - 1.5" classname="org.eclipse.jdt.core.tests.compiler.parser.CompletionRecoveryTest" time="0"/>
  <testcase name="test22 - 1.5" classname="org.eclipse.jdt.core.tests.compiler.parser.DietCompletionTest" time="0"/>
  <testcase name="test22 - 1.5" classname="org.eclipse.jdt.core.tests.compiler.parser.SelectionTest" time="0"/>
  <testcase name="test22 - 1.5" classname="org.eclipse.jdt.core.tests.compiler.parser.SelectionJavadocTest" time="0"/>
  <testcase name="test22 - 1.5" classname="org.eclipse.jdt.core.tests.compiler.parser.DietRecoveryTest" time="0.003"/>
  <testcase name="test22 - 1.5" classname="org.eclipse.jdt.core.tests.compiler.parser.SourceElementParserTest" time="0"/>
  <testcase name="test23 - 1.5" classname="org.eclipse.jdt.core.tests.compiler.parser.CompletionRecoveryTest" time="0"/>
  <testcase name="test23 - 1.5" classname="org.eclipse.jdt.core.tests.compiler.parser.DietCompletionTest" time="0.001"/>
  <testcase name="test23 - 1.5" classname="org.eclipse.jdt.core.tests.compiler.parser.SelectionTest" time="0"/>
  <testcase name="test23 - 1.5" classname="org.eclipse.jdt.core.tests.compiler.parser.SelectionJavadocTest" time="0.001"/>
  <testcase name="test23 - 1.5" classname="org.eclipse.jdt.core.tests.compiler.parser.DietRecoveryTest" time="0.003"/>
  <testcase name="test23 - 1.5" classname="org.eclipse.jdt.core.tests.compiler.parser.SourceElementParserTest" time="0.001"/>
  <testcase name="test24 - 1.5" classname="org.eclipse.jdt.core.tests.compiler.parser.CompletionRecoveryTest" time="0"/>
  <testcase name="test24 - 1.5" classname="org.eclipse.jdt.core.tests.compiler.parser.DietCompletionTest" time="0"/>
  <testcase name="test24 - 1.5" classname="org.eclipse.jdt.core.tests.compiler.parser.SelectionTest" time="0"/>
  <testcase name="test24 - 1.5" classname="org.eclipse.jdt.core.tests.compiler.parser.SelectionJavadocTest" time="0"/>
  <testcase name="test24 - 1.5" classname="org.eclipse.jdt.core.tests.compiler.parser.DietRecoveryTest" time="0.002"/>
  <testcase name="test24 - 1.5" classname="org.eclipse.jdt.core.tests.compiler.parser.SourceElementParserTest" time="0"/>
  <testcase name="test25 - 1.5" classname="org.eclipse.jdt.core.tests.compiler.parser.CompletionRecoveryTest" time="0"/>
  <testcase name="test25 - 1.5" classname="org.eclipse.jdt.core.tests.compiler.parser.DietCompletionTest" time="0"/>
  <testcase name="test25 - 1.5" classname="org.eclipse.jdt.core.tests.compiler.parser.SelectionTest" time="0"/>
  <testcase name="test25 - 1.5" classname="org.eclipse.jdt.core.tests.compiler.parser.SelectionJavadocTest" time="0.001"/>
  <testcase name="test25 - 1.5" classname="org.eclipse.jdt.core.tests.compiler.parser.DietRecoveryTest" time="0.003"/>
  <testcase name="test25 - 1.5" classname="org.eclipse.jdt.core.tests.compiler.parser.SourceElementParserTest" time="0.001"/>
  <testcase name="test26 - 1.5" classname="org.eclipse.jdt.core.tests.compiler.parser.CompletionRecoveryTest" time="0"/>
  <testcase name="test26 - 1.5" classname="org.eclipse.jdt.core.tests.compiler.parser.DietCompletionTest" time="0"/>
  <testcase name="test26 - 1.5" classname="org.eclipse.jdt.core.tests.compiler.parser.SelectionTest" time="0"/>
  <testcase name="test26 - 1.5" classname="org.eclipse.jdt.core.tests.compiler.parser.SelectionJavadocTest" time="0"/>
  <testcase name="test26 - 1.5" classname="org.eclipse.jdt.core.tests.compiler.parser.DietRecoveryTest" time="0.003"/>
  <testcase name="test26 - 1.5" classname="org.eclipse.jdt.core.tests.compiler.parser.SourceElementParserTest" time="0"/>
  <testcase name="test27 - 1.5" classname="org.eclipse.jdt.core.tests.compiler.parser.DietCompletionTest" time="0"/>
  <testcase name="test27 - 1.5" classname="org.eclipse.jdt.core.tests.compiler.parser.SelectionTest" time="0.001"/>
  <testcase name="test27 - 1.5" classname="org.eclipse.jdt.core.tests.compiler.parser.DietRecoveryTest" time="0.002"/>
  <testcase name="test27 - 1.5" classname="org.eclipse.jdt.core.tests.compiler.parser.SourceElementParserTest" time="0"/>
  <testcase name="test28 - 1.5" classname="org.eclipse.jdt.core.tests.compiler.parser.DietCompletionTest" time="0.001"/>
  <testcase name="test28 - 1.5" classname="org.eclipse.jdt.core.tests.compiler.parser.SelectionTest" time="0"/>
  <testcase name="test28 - 1.5" classname="org.eclipse.jdt.core.tests.compiler.parser.DietRecoveryTest" time="0.001"/>
  <testcase name="test28 - 1.5" classname="org.eclipse.jdt.core.tests.compiler.parser.SourceElementParserTest" time="0"/>
  <testcase name="test29 - 1.5" classname="org.eclipse.jdt.core.tests.compiler.parser.DietCompletionTest" time="0"/>
  <testcase name="test29 - 1.5" classname="org.eclipse.jdt.core.tests.compiler.parser.SelectionTest" time="0"/>
  <testcase name="test29 - 1.5" classname="org.eclipse.jdt.core.tests.compiler.parser.DietRecoveryTest" time="0.001"/>
  <testcase name="test29 - 1.5" classname="org.eclipse.jdt.core.tests.compiler.parser.SourceElementParserTest" time="0"/>
  <testcase name="test30 - 1.5" classname="org.eclipse.jdt.core.tests.compiler.parser.DietCompletionTest" time="0"/>
  <testcase name="test30 - 1.5" classname="org.eclipse.jdt.core.tests.compiler.parser.SelectionTest" time="0"/>
  <testcase name="test30 - 1.5" classname="org.eclipse.jdt.core.tests.compiler.parser.DietRecoveryTest" time="0.002"/>
  <testcase name="test30 - 1.5" classname="org.eclipse.jdt.core.tests.compiler.parser.SourceElementParserTest" time="0"/>
  <testcase name="test31 - 1.5" classname="org.eclipse.jdt.core.tests.compiler.parser.DietCompletionTest" time="0"/>
  <testcase name="test31 - 1.5" classname="org.eclipse.jdt.core.tests.compiler.parser.SelectionTest" time="0"/>
  <testcase name="test31 - 1.5" classname="org.eclipse.jdt.core.tests.compiler.parser.DietRecoveryTest" time="0.003"/>
  <testcase name="test31 - 1.5" classname="org.eclipse.jdt.core.tests.compiler.parser.SourceElementParserTest" time="0"/>
  <testcase name="test32 - 1.5" classname="org.eclipse.jdt.core.tests.compiler.parser.DietCompletionTest" time="0"/>
  <testcase name="test32 - 1.5" classname="org.eclipse.jdt.core.tests.compiler.parser.SelectionTest" time="0"/>
  <testcase name="test32 - 1.5" classname="org.eclipse.jdt.core.tests.compiler.parser.SourceElementParserTest" time="0.001"/>
  <testcase name="test33 - 1.5" classname="org.eclipse.jdt.core.tests.compiler.parser.DietCompletionTest" time="0"/>
  <testcase name="test33 - 1.5" classname="org.eclipse.jdt.core.tests.compiler.parser.SelectionTest" time="0"/>
  <testcase name="test33 - 1.5" classname="org.eclipse.jdt.core.tests.compiler.parser.DietRecoveryTest" time="0.002"/>
  <testcase name="test33 - 1.5" classname="org.eclipse.jdt.core.tests.compiler.parser.SourceElementParserTest" time="0.001"/>
  <testcase name="test34 - 1.5" classname="org.eclipse.jdt.core.tests.compiler.parser.DietCompletionTest" time="0"/>
  <testcase name="test34 - 1.5" classname="org.eclipse.jdt.core.tests.compiler.parser.SelectionTest" time="0.001"/>
  <testcase name="test34 - 1.5" classname="org.eclipse.jdt.core.tests.compiler.parser.DietRecoveryTest" time="0.002"/>
  <testcase name="test34 - 1.5" classname="org.eclipse.jdt.core.tests.compiler.parser.SourceElementParserTest" time="0"/>
  <testcase name="test34a - 1.5" classname="org.eclipse.jdt.core.tests.compiler.parser.DietCompletionTest" time="0"/>
  <testcase name="test34b - 1.5" classname="org.eclipse.jdt.core.tests.compiler.parser.DietCompletionTest" time="0"/>
  <testcase name="test34c - 1.5" classname="org.eclipse.jdt.core.tests.compiler.parser.DietCompletionTest" time="0"/>
  <testcase name="test35 - 1.5" classname="org.eclipse.jdt.core.tests.compiler.parser.DietCompletionTest" time="0"/>
  <testcase name="test35 - 1.5" classname="org.eclipse.jdt.core.tests.compiler.parser.SelectionTest" time="0"/>
  <testcase name="test35 - 1.5" classname="org.eclipse.jdt.core.tests.compiler.parser.DietRecoveryTest" time="0.001"/>
  <testcase name="test35 - 1.5" classname="org.eclipse.jdt.core.tests.compiler.parser.SourceElementParserTest" time="0.001"/>
  <testcase name="test36 - 1.5" classname="org.eclipse.jdt.core.tests.compiler.parser.DietCompletionTest" time="0"/>
  <testcase name="test36 - 1.5" classname="org.eclipse.jdt.core.tests.compiler.parser.SelectionTest" time="0"/>
  <testcase name="test36 - 1.5" classname="org.eclipse.jdt.core.tests.compiler.parser.DietRecoveryTest" time="0.001"/>
  <testcase name="test36 - 1.5" classname="org.eclipse.jdt.core.tests.compiler.parser.SourceElementParserTest" time="0"/>
  <testcase name="test37 - 1.5" classname="org.eclipse.jdt.core.tests.compiler.parser.DietCompletionTest" time="0"/>
  <testcase name="test37 - 1.5" classname="org.eclipse.jdt.core.tests.compiler.parser.SelectionTest" time="0"/>
  <testcase name="test37 - 1.5" classname="org.eclipse.jdt.core.tests.compiler.parser.DietRecoveryTest" time="0.001"/>
  <testcase name="test37 - 1.5" classname="org.eclipse.jdt.core.tests.compiler.parser.SourceElementParserTest" time="0"/>
  <testcase name="test38 - 1.5" classname="org.eclipse.jdt.core.tests.compiler.parser.DietCompletionTest" time="0"/>
  <testcase name="test38 - 1.5" classname="org.eclipse.jdt.core.tests.compiler.parser.SelectionTest" time="0"/>
  <testcase name="test38 - 1.5" classname="org.eclipse.jdt.core.tests.compiler.parser.DietRecoveryTest" time="0.001"/>
  <testcase name="test38 - 1.5" classname="org.eclipse.jdt.core.tests.compiler.parser.SourceElementParserTest" time="0"/>
  <testcase name="test39 - 1.5" classname="org.eclipse.jdt.core.tests.compiler.parser.DietCompletionTest" time="0"/>
  <testcase name="test39 - 1.5" classname="org.eclipse.jdt.core.tests.compiler.parser.SelectionTest" time="0"/>
  <testcase name="test39 - 1.5" classname="org.eclipse.jdt.core.tests.compiler.parser.DietRecoveryTest" time="0.001"/>
  <testcase name="test39 - 1.5" classname="org.eclipse.jdt.core.tests.compiler.parser.SourceElementParserTest" time="0.001"/>
  <testcase name="test40 - 1.5" classname="org.eclipse.jdt.core.tests.compiler.parser.DietCompletionTest" time="0"/>
  <testcase name="test40 - 1.5" classname="org.eclipse.jdt.core.tests.compiler.parser.SelectionTest" time="0"/>
  <testcase name="test40 - 1.5" classname="org.eclipse.jdt.core.tests.compiler.parser.DietRecoveryTest" time="0.002"/>
  <testcase name="test40 - 1.5" classname="org.eclipse.jdt.core.tests.compiler.parser.SourceElementParserTest" time="0"/>
  <testcase name="test41 - 1.5" classname="org.eclipse.jdt.core.tests.compiler.parser.DietCompletionTest" time="0"/>
  <testcase name="test41 - 1.5" classname="org.eclipse.jdt.core.tests.compiler.parser.SelectionTest" time="0"/>
  <testcase name="test41 - 1.5" classname="org.eclipse.jdt.core.tests.compiler.parser.DietRecoveryTest" time="0.003"/>
  <testcase name="test41 - 1.5" classname="org.eclipse.jdt.core.tests.compiler.parser.SourceElementParserTest" time="0"/>
  <testcase name="test42 - 1.5" classname="org.eclipse.jdt.core.tests.compiler.parser.DietCompletionTest" time="0"/>
  <testcase name="test42 - 1.5" classname="org.eclipse.jdt.core.tests.compiler.parser.SelectionTest" time="0.001"/>
  <testcase name="test42 - 1.5" classname="org.eclipse.jdt.core.tests.compiler.parser.DietRecoveryTest" time="0.002"/>
  <testcase name="test42 - 1.5" classname="org.eclipse.jdt.core.tests.compiler.parser.SourceElementParserTest" time="0.001"/>
  <testcase name="test43 - 1.5" classname="org.eclipse.jdt.core.tests.compiler.parser.DietCompletionTest" time="0"/>
  <testcase name="test43 - 1.5" classname="org.eclipse.jdt.core.tests.compiler.parser.SelectionTest" time="0"/>
  <testcase name="test43 - 1.5" classname="org.eclipse.jdt.core.tests.compiler.parser.DietRecoveryTest" time="0.003"/>
  <testcase name="test43 - 1.5" classname="org.eclipse.jdt.core.tests.compiler.parser.SourceElementParserTest" time="0"/>
  <testcase name="test44 - 1.5" classname="org.eclipse.jdt.core.tests.compiler.parser.DietCompletionTest" time="0.001"/>
  <testcase name="test44 - 1.5" classname="org.eclipse.jdt.core.tests.compiler.parser.SelectionTest" time="0"/>
  <testcase name="test44 - 1.5" classname="org.eclipse.jdt.core.tests.compiler.parser.DietRecoveryTest" time="0.002"/>
  <testcase name="test44 - 1.5" classname="org.eclipse.jdt.core.tests.compiler.parser.SourceElementParserTest" time="0"/>
  <testcase name="test45 - 1.5" classname="org.eclipse.jdt.core.tests.compiler.parser.DietCompletionTest" time="0"/>
  <testcase name="test45 - 1.5" classname="org.eclipse.jdt.core.tests.compiler.parser.SelectionTest" time="0.001"/>
  <testcase name="test45 - 1.5" classname="org.eclipse.jdt.core.tests.compiler.parser.DietRecoveryTest" time="0.001"/>
  <testcase name="test45 - 1.5" classname="org.eclipse.jdt.core.tests.compiler.parser.SourceElementParserTest" time="0"/>
  <testcase name="test46 - 1.5" classname="org.eclipse.jdt.core.tests.compiler.parser.DietCompletionTest" time="0"/>
  <testcase name="test46 - 1.5" classname="org.eclipse.jdt.core.tests.compiler.parser.SelectionTest" time="0"/>
  <testcase name="test46 - 1.5" classname="org.eclipse.jdt.core.tests.compiler.parser.DietRecoveryTest" time="0.004"/>
  <testcase name="test46 - 1.5" classname="org.eclipse.jdt.core.tests.compiler.parser.SourceElementParserTest" time="0"/>
  <testcase name="test47 - 1.5" classname="org.eclipse.jdt.core.tests.compiler.parser.DietCompletionTest" time="0"/>
  <testcase name="test47 - 1.5" classname="org.eclipse.jdt.core.tests.compiler.parser.SelectionTest" time="0"/>
  <testcase name="test47 - 1.5" classname="org.eclipse.jdt.core.tests.compiler.parser.DietRecoveryTest" time="0.002"/>
  <testcase name="test47 - 1.5" classname="org.eclipse.jdt.core.tests.compiler.parser.SourceElementParserTest" time="0"/>
  <testcase name="test48 - 1.5" classname="org.eclipse.jdt.core.tests.compiler.parser.DietCompletionTest" time="0.001"/>
  <testcase name="test48 - 1.5" classname="org.eclipse.jdt.core.tests.compiler.parser.SelectionTest" time="0"/>
  <testcase name="test48 - 1.5" classname="org.eclipse.jdt.core.tests.compiler.parser.DietRecoveryTest" time="0.001"/>
  <testcase name="test48 - 1.5" classname="org.eclipse.jdt.core.tests.compiler.parser.SourceElementParserTest" time="0.001"/>
  <testcase name="test49 - 1.5" classname="org.eclipse.jdt.core.tests.compiler.parser.DietCompletionTest" time="0"/>
  <testcase name="test49 - 1.5" classname="org.eclipse.jdt.core.tests.compiler.parser.SelectionTest" time="0"/>
  <testcase name="test49 - 1.5" classname="org.eclipse.jdt.core.tests.compiler.parser.DietRecoveryTest" time="0.002"/>
  <testcase name="test49 - 1.5" classname="org.eclipse.jdt.core.tests.compiler.parser.SourceElementParserTest" time="0"/>
  <testcase name="test50 - 1.5" classname="org.eclipse.jdt.core.tests.compiler.parser.DietCompletionTest" time="0"/>
  <testcase name="test50 - 1.5" classname="org.eclipse.jdt.core.tests.compiler.parser.SelectionTest" time="0"/>
  <testcase name="test50 - 1.5" classname="org.eclipse.jdt.core.tests.compiler.parser.DietRecoveryTest" time="0.003"/>
  <testcase name="test50 - 1.5" classname="org.eclipse.jdt.core.tests.compiler.parser.SourceElementParserTest" time="0.001"/>
  <testcase name="test51 - 1.5" classname="org.eclipse.jdt.core.tests.compiler.parser.DietCompletionTest" time="0"/>
  <testcase name="test51 - 1.5" classname="org.eclipse.jdt.core.tests.compiler.parser.SelectionTest" time="0"/>
  <testcase name="test51 - 1.5" classname="org.eclipse.jdt.core.tests.compiler.parser.DietRecoveryTest" time="0.002"/>
  <testcase name="test51 - 1.5" classname="org.eclipse.jdt.core.tests.compiler.parser.SourceElementParserTest" time="0"/>
  <testcase name="test52 - 1.5" classname="org.eclipse.jdt.core.tests.compiler.parser.DietCompletionTest" time="0.001"/>
  <testcase name="test52 - 1.5" classname="org.eclipse.jdt.core.tests.compiler.parser.SelectionTest" time="0.001"/>
  <testcase name="test52 - 1.5" classname="org.eclipse.jdt.core.tests.compiler.parser.DietRecoveryTest" time="0.002"/>
  <testcase name="test52 - 1.5" classname="org.eclipse.jdt.core.tests.compiler.parser.SourceElementParserTest" time="0.001"/>
  <testcase name="test53 - 1.5" classname="org.eclipse.jdt.core.tests.compiler.parser.DietCompletionTest" time="0"/>
  <testcase name="test53 - 1.5" classname="org.eclipse.jdt.core.tests.compiler.parser.SelectionTest" time="0"/>
  <testcase name="test53 - 1.5" classname="org.eclipse.jdt.core.tests.compiler.parser.DietRecoveryTest" time="0.001"/>
  <testcase name="test53 - 1.5" classname="org.eclipse.jdt.core.tests.compiler.parser.SourceElementParserTest" time="0"/>
  <testcase name="test54 - 1.5" classname="org.eclipse.jdt.core.tests.compiler.parser.DietCompletionTest" time="0"/>
  <testcase name="test54 - 1.5" classname="org.eclipse.jdt.core.tests.compiler.parser.SelectionTest" time="0"/>
  <testcase name="test54 - 1.5" classname="org.eclipse.jdt.core.tests.compiler.parser.DietRecoveryTest" time="0.003"/>
  <testcase name="test54 - 1.5" classname="org.eclipse.jdt.core.tests.compiler.parser.SourceElementParserTest" time="0.001"/>
  <testcase name="test55 - 1.5" classname="org.eclipse.jdt.core.tests.compiler.parser.DietCompletionTest" time="0"/>
  <testcase name="test55 - 1.5" classname="org.eclipse.jdt.core.tests.compiler.parser.SelectionTest" time="0"/>
  <testcase name="test55 - 1.5" classname="org.eclipse.jdt.core.tests.compiler.parser.DietRecoveryTest" time="0.001"/>
  <testcase name="test55 - 1.5" classname="org.eclipse.jdt.core.tests.compiler.parser.SourceElementParserTest" time="0.001"/>
  <testcase name="testPrimarySuper - 1.5" classname="org.eclipse.jdt.core.tests.compiler.parser.ExplicitConstructorInvocationCompletionTest" time="0"/>
  <testcase name="testPrimarySuper - 1.5" classname="org.eclipse.jdt.core.tests.compiler.parser.ExplicitConstructorInvocationSelectionTest" time="0"/>
  <testcase name="testPrimaryThis - 1.5" classname="org.eclipse.jdt.core.tests.compiler.parser.ExplicitConstructorInvocationCompletionTest" time="0"/>
  <testcase name="testSuper - 1.5" classname="org.eclipse.jdt.core.tests.compiler.parser.ExplicitConstructorInvocationCompletionTest" time="0"/>
  <testcase name="testSuper - 1.5" classname="org.eclipse.jdt.core.tests.compiler.parser.MethodInvocationCompletionTest" time="0"/>
  <testcase name="testSuper - 1.5" classname="org.eclipse.jdt.core.tests.compiler.parser.ExplicitConstructorInvocationSelectionTest" time="0"/>
  <testcase name="testThis - 1.5" classname="org.eclipse.jdt.core.tests.compiler.parser.ExplicitConstructorInvocationCompletionTest" time="0"/>
  <testcase name="testThis - 1.5" classname="org.eclipse.jdt.core.tests.compiler.parser.ExplicitConstructorInvocationSelectionTest" time="0"/>
  <testcase name="testWrapperNameSuper - 1.5" classname="org.eclipse.jdt.core.tests.compiler.parser.ExplicitConstructorInvocationCompletionTest" time="0"/>
  <testcase name="testWrapperNameThis - 1.5" classname="org.eclipse.jdt.core.tests.compiler.parser.ExplicitConstructorInvocationCompletionTest" time="0"/>
  <testcase name="testWrapperPrimarySuper - 1.5" classname="org.eclipse.jdt.core.tests.compiler.parser.ExplicitConstructorInvocationCompletionTest" time="0"/>
  <testcase name="testWrapperSuper - 1.5" classname="org.eclipse.jdt.core.tests.compiler.parser.ExplicitConstructorInvocationCompletionTest" time="0"/>
  <testcase name="testWrapperThis - 1.5" classname="org.eclipse.jdt.core.tests.compiler.parser.ExplicitConstructorInvocationCompletionTest" time="0"/>
  <testcase name="testAdditiveExpressionMinus - 1.5" classname="org.eclipse.jdt.core.tests.compiler.parser.FieldAccessCompletionTest" time="0"/>
  <testcase name="testAdditiveExpressionPlus - 1.5" classname="org.eclipse.jdt.core.tests.compiler.parser.FieldAccessCompletionTest" time="0"/>
  <testcase name="testAndExpression - 1.5" classname="org.eclipse.jdt.core.tests.compiler.parser.FieldAccessCompletionTest" time="0"/>
  <testcase name="testArgumentList - 1.5" classname="org.eclipse.jdt.core.tests.compiler.parser.FieldAccessCompletionTest" time="0.001"/>
  <testcase name="testArrayAccess - 1.5" classname="org.eclipse.jdt.core.tests.compiler.parser.FieldAccessCompletionTest" time="0"/>
  <testcase name="testArrayAccessPrimaryNoNewArray - 1.5" classname="org.eclipse.jdt.core.tests.compiler.parser.FieldAccessCompletionTest" time="0"/>
  <testcase name="testArrayInitializer - 1.5" classname="org.eclipse.jdt.core.tests.compiler.parser.FieldAccessCompletionTest" time="0"/>
  <testcase name="testArrayInitializerComma - 1.5" classname="org.eclipse.jdt.core.tests.compiler.parser.FieldAccessCompletionTest" time="0.001"/>
  <testcase name="testAssignment - 1.5" classname="org.eclipse.jdt.core.tests.compiler.parser.FieldAccessCompletionTest" time="0"/>
  <testcase name="testBlock - 1.5" classname="org.eclipse.jdt.core.tests.compiler.parser.FieldAccessCompletionTest" time="0"/>
  <testcase name="testBlock - 1.5" classname="org.eclipse.jdt.core.tests.compiler.parser.ReferenceTypeCompletionTest" time="0"/>
  <testcase name="testBlockStatements - 1.5" classname="org.eclipse.jdt.core.tests.compiler.parser.FieldAccessCompletionTest" time="0"/>
  <testcase name="testBlockStatements - 1.5" classname="org.eclipse.jdt.core.tests.compiler.parser.ReferenceTypeCompletionTest" time="0"/>
  <testcase name="testBlockStatementsInConstructorBody - 1.5" classname="org.eclipse.jdt.core.tests.compiler.parser.FieldAccessCompletionTest" time="0"/>
  <testcase name="testBlockStatementsInInitializer - 1.5" classname="org.eclipse.jdt.core.tests.compiler.parser.FieldAccessCompletionTest" time="0"/>
  <testcase name="testBlockStatementsInStaticInitializer - 1.5" classname="org.eclipse.jdt.core.tests.compiler.parser.FieldAccessCompletionTest" time="0"/>
  <testcase name="testCastExpression - 1.5" classname="org.eclipse.jdt.core.tests.compiler.parser.FieldAccessCompletionTest" time="0"/>
  <testcase name="testCastExpressionUnaryExpression - 1.5" classname="org.eclipse.jdt.core.tests.compiler.parser.FieldAccessCompletionTest" time="0.001"/>
  <testcase name="testClassInstanceCreationExpression - 1.5" classname="org.eclipse.jdt.core.tests.compiler.parser.FieldAccessCompletionTest" time="0"/>
  <testcase name="testClassInstanceCreationExpressionName - 1.5" classname="org.eclipse.jdt.core.tests.compiler.parser.FieldAccessCompletionTest" time="0"/>
  <testcase name="testClassInstanceCreationExpressionPrimary - 1.5" classname="org.eclipse.jdt.core.tests.compiler.parser.FieldAccessCompletionTest" time="0"/>
  <testcase name="testConditionalAndExpression - 1.5" classname="org.eclipse.jdt.core.tests.compiler.parser.FieldAccessCompletionTest" time="0"/>
  <testcase name="testConditionalExpression - 1.5" classname="org.eclipse.jdt.core.tests.compiler.parser.FieldAccessCompletionTest" time="0"/>
  <testcase name="testConditionalExpressionConditionalExpression - 1.5" classname="org.eclipse.jdt.core.tests.compiler.parser.FieldAccessCompletionTest" time="0"/>
  <testcase name="testConditionalOrExpression - 1.5" classname="org.eclipse.jdt.core.tests.compiler.parser.FieldAccessCompletionTest" time="0"/>
  <testcase name="testConstructorBody - 1.5" classname="org.eclipse.jdt.core.tests.compiler.parser.FieldAccessCompletionTest" time="0"/>
  <testcase name="testConstructorBody - 1.5" classname="org.eclipse.jdt.core.tests.compiler.parser.ReferenceTypeCompletionTest" time="0.001"/>
  <testcase name="testDimWithOrWithOutExpr - 1.5" classname="org.eclipse.jdt.core.tests.compiler.parser.FieldAccessCompletionTest" time="0"/>
  <testcase name="testDoExpression - 1.5" classname="org.eclipse.jdt.core.tests.compiler.parser.FieldAccessCompletionTest" time="0"/>
  <testcase name="testDoStatement - 1.5" classname="org.eclipse.jdt.core.tests.compiler.parser.FieldAccessCompletionTest" time="0"/>
  <testcase name="testEqualityExpression - 1.5" classname="org.eclipse.jdt.core.tests.compiler.parser.FieldAccessCompletionTest" time="0"/>
  <testcase name="testEqualityExpressionNot - 1.5" classname="org.eclipse.jdt.core.tests.compiler.parser.FieldAccessCompletionTest" time="0"/>
  <testcase name="testExclusiveOrExpression - 1.5" classname="org.eclipse.jdt.core.tests.compiler.parser.FieldAccessCompletionTest" time="0"/>
  <testcase name="testExplicitConstructorInvocationInConstructorBody - 1.5" classname="org.eclipse.jdt.core.tests.compiler.parser.FieldAccessCompletionTest" time="0"/>
  <testcase name="testForInit - 1.5" classname="org.eclipse.jdt.core.tests.compiler.parser.FieldAccessCompletionTest" time="0"/>
  <testcase name="testForStatement - 1.5" classname="org.eclipse.jdt.core.tests.compiler.parser.FieldAccessCompletionTest" time="0"/>
  <testcase name="testForStatement - 1.5" classname="org.eclipse.jdt.core.tests.compiler.parser.ReferenceTypeCompletionTest" time="0"/>
  <testcase name="testForStatementExpression - 1.5" classname="org.eclipse.jdt.core.tests.compiler.parser.FieldAccessCompletionTest" time="0"/>
  <testcase name="testForUpdate - 1.5" classname="org.eclipse.jdt.core.tests.compiler.parser.FieldAccessCompletionTest" time="0"/>
  <testcase name="testIfExpresionThen - 1.5" classname="org.eclipse.jdt.core.tests.compiler.parser.FieldAccessCompletionTest" time="0"/>
  <testcase name="testIfExpresionThenElse - 1.5" classname="org.eclipse.jdt.core.tests.compiler.parser.FieldAccessCompletionTest" time="0"/>
  <testcase name="testIfThenElseStatement - 1.5" classname="org.eclipse.jdt.core.tests.compiler.parser.FieldAccessCompletionTest" time="0"/>
  <testcase name="testIfThenStatement - 1.5" classname="org.eclipse.jdt.core.tests.compiler.parser.FieldAccessCompletionTest" time="0"/>
  <testcase name="testIfThenStatementElse - 1.5" classname="org.eclipse.jdt.core.tests.compiler.parser.FieldAccessCompletionTest" time="0"/>
  <testcase name="testInclusiveOrExpression - 1.5" classname="org.eclipse.jdt.core.tests.compiler.parser.FieldAccessCompletionTest" time="0.001"/>
  <testcase name="testLabeledStatement - 1.5" classname="org.eclipse.jdt.core.tests.compiler.parser.FieldAccessCompletionTest" time="0"/>
  <testcase name="testMethodBody - 1.5" classname="org.eclipse.jdt.core.tests.compiler.parser.FieldAccessCompletionTest" time="0"/>
  <testcase name="testMethodBody - 1.5" classname="org.eclipse.jdt.core.tests.compiler.parser.ReferenceTypeCompletionTest" time="0"/>
  <testcase name="testMethodInvocation - 1.5" classname="org.eclipse.jdt.core.tests.compiler.parser.FieldAccessCompletionTest" time="0"/>
  <testcase name="testMethodInvocationPrimary - 1.5" classname="org.eclipse.jdt.core.tests.compiler.parser.FieldAccessCompletionTest" time="0"/>
  <testcase name="testMethodInvocationSuper - 1.5" classname="org.eclipse.jdt.core.tests.compiler.parser.FieldAccessCompletionTest" time="0"/>
  <testcase name="testMultiplicativeExpressionMultiplication - 1.5" classname="org.eclipse.jdt.core.tests.compiler.parser.FieldAccessCompletionTest" time="0"/>
  <testcase name="testMultiplicativeExpressionRemainder - 1.5" classname="org.eclipse.jdt.core.tests.compiler.parser.FieldAccessCompletionTest" time="0"/>
  <testcase name="testMultiplicativeExpressiondDivision - 1.5" classname="org.eclipse.jdt.core.tests.compiler.parser.FieldAccessCompletionTest" time="0.001"/>
  <testcase name="testPreIncrementExpressionMinusMinus - 1.5" classname="org.eclipse.jdt.core.tests.compiler.parser.FieldAccessCompletionTest" time="0"/>
  <testcase name="testPreIncrementExpressionPlusPlus - 1.5" classname="org.eclipse.jdt.core.tests.compiler.parser.FieldAccessCompletionTest" time="0"/>
  <testcase name="testPrimaryNoNewArray - 1.5" classname="org.eclipse.jdt.core.tests.compiler.parser.FieldAccessCompletionTest" time="0.001"/>
  <testcase name="testRelationalExpressionGreaterThan - 1.5" classname="org.eclipse.jdt.core.tests.compiler.parser.FieldAccessCompletionTest" time="0"/>
  <testcase name="testRelationalExpressionGreaterThanOrEquals - 1.5" classname="org.eclipse.jdt.core.tests.compiler.parser.FieldAccessCompletionTest" time="0"/>
  <testcase name="testRelationalExpressionLessThan - 1.5" classname="org.eclipse.jdt.core.tests.compiler.parser.FieldAccessCompletionTest" time="0"/>
  <testcase name="testRelationalExpressionLessThanOrEqual - 1.5" classname="org.eclipse.jdt.core.tests.compiler.parser.FieldAccessCompletionTest" time="0.001"/>
  <testcase name="testReturnStatement - 1.5" classname="org.eclipse.jdt.core.tests.compiler.parser.FieldAccessCompletionTest" time="0"/>
  <testcase name="testShiftExpressionLeft - 1.5" classname="org.eclipse.jdt.core.tests.compiler.parser.FieldAccessCompletionTest" time="0"/>
  <testcase name="testShiftExpressionRight - 1.5" classname="org.eclipse.jdt.core.tests.compiler.parser.FieldAccessCompletionTest" time="0"/>
  <testcase name="testShiftExpressionRightUnSigned - 1.5" classname="org.eclipse.jdt.core.tests.compiler.parser.FieldAccessCompletionTest" time="0"/>
  <testcase name="testStatementExpressionList - 1.5" classname="org.eclipse.jdt.core.tests.compiler.parser.FieldAccessCompletionTest" time="0"/>
  <testcase name="testSwitchBlockStatement - 1.5" classname="org.eclipse.jdt.core.tests.compiler.parser.FieldAccessCompletionTest" time="0"/>
  <testcase name="testSwitchBlockStatement - 1.5" classname="org.eclipse.jdt.core.tests.compiler.parser.ReferenceTypeCompletionTest" time="0"/>
  <testcase name="testSwitchExpression - 1.5" classname="org.eclipse.jdt.core.tests.compiler.parser.FieldAccessCompletionTest" time="0.001"/>
  <testcase name="testSwitchLabel - 1.5" classname="org.eclipse.jdt.core.tests.compiler.parser.FieldAccessCompletionTest" time="0"/>
  <testcase name="testSynchronizedStatement - 1.5" classname="org.eclipse.jdt.core.tests.compiler.parser.FieldAccessCompletionTest" time="0"/>
  <testcase name="testThrowExpression - 1.5" classname="org.eclipse.jdt.core.tests.compiler.parser.FieldAccessCompletionTest" time="0"/>
  <testcase name="testUnaryExpressionBitwiseComplement - 1.5" classname="org.eclipse.jdt.core.tests.compiler.parser.FieldAccessCompletionTest" time="0"/>
  <testcase name="testUnaryExpressionLogicalComplement - 1.5" classname="org.eclipse.jdt.core.tests.compiler.parser.FieldAccessCompletionTest" time="0"/>
  <testcase name="testUnaryExpressionMinus - 1.5" classname="org.eclipse.jdt.core.tests.compiler.parser.FieldAccessCompletionTest" time="0"/>
  <testcase name="testUnaryExpressionPlus - 1.5" classname="org.eclipse.jdt.core.tests.compiler.parser.FieldAccessCompletionTest" time="0"/>
  <testcase name="testVariableDeclarator - 1.5" classname="org.eclipse.jdt.core.tests.compiler.parser.FieldAccessCompletionTest" time="0"/>
  <testcase name="testVariableInitializers - 1.5" classname="org.eclipse.jdt.core.tests.compiler.parser.FieldAccessCompletionTest" time="0.001"/>
  <testcase name="testWhileExpression - 1.5" classname="org.eclipse.jdt.core.tests.compiler.parser.FieldAccessCompletionTest" time="0"/>
  <testcase name="testWhileStatement - 1.5" classname="org.eclipse.jdt.core.tests.compiler.parser.FieldAccessCompletionTest" time="0"/>
  <testcase name="testAnonymousFirstMethod - 1.5" classname="org.eclipse.jdt.core.tests.compiler.parser.InnerTypeCompletionTest" time="0"/>
  <testcase name="testAnonymousNoStatementBefore - 1.5" classname="org.eclipse.jdt.core.tests.compiler.parser.InnerTypeCompletionTest" time="0"/>
  <testcase name="testAnonymousOneFieldBefore - 1.5" classname="org.eclipse.jdt.core.tests.compiler.parser.InnerTypeCompletionTest" time="0"/>
  <testcase name="testAnonymousOneStatementBefore - 1.5" classname="org.eclipse.jdt.core.tests.compiler.parser.InnerTypeCompletionTest" time="0"/>
  <testcase name="testAnonymousSecondMethod - 1.5" classname="org.eclipse.jdt.core.tests.compiler.parser.InnerTypeCompletionTest" time="0"/>
  <testcase name="testLocalTypeFirstMethod - 1.5" classname="org.eclipse.jdt.core.tests.compiler.parser.InnerTypeCompletionTest" time="0"/>
  <testcase name="testLocalTypeNoStatementBefore - 1.5" classname="org.eclipse.jdt.core.tests.compiler.parser.InnerTypeCompletionTest" time="0"/>
  <testcase name="testLocalTypeOneFieldBefore - 1.5" classname="org.eclipse.jdt.core.tests.compiler.parser.InnerTypeCompletionTest" time="0.001"/>
  <testcase name="testLocalTypeOneStatementBefore - 1.5" classname="org.eclipse.jdt.core.tests.compiler.parser.InnerTypeCompletionTest" time="0"/>
  <testcase name="testLocalTypeSecondMethod - 1.5" classname="org.eclipse.jdt.core.tests.compiler.parser.InnerTypeCompletionTest" time="0"/>
  <testcase name="test020 - 1.5" classname="org.eclipse.jdt.core.tests.compiler.parser.JavadocCompletionParserTest" time="0.001"/>
  <testcase name="test020 - 1.5" classname="org.eclipse.jdt.core.tests.compiler.parser.ParserTest" time="0.001"/>
  <testcase name="test021 - 1.5" classname="org.eclipse.jdt.core.tests.compiler.parser.JavadocCompletionParserTest" time="0"/>
  <testcase name="test021 - 1.5" classname="org.eclipse.jdt.core.tests.compiler.parser.ParserTest" time="0.151"/>
  <testcase name="test022 - 1.5" classname="org.eclipse.jdt.core.tests.compiler.parser.JavadocCompletionParserTest" time="0"/>
  <testcase name="test022 - 1.5" classname="org.eclipse.jdt.core.tests.compiler.parser.ParserTest" time="0"/>
  <testcase name="test023 - 1.5" classname="org.eclipse.jdt.core.tests.compiler.parser.JavadocCompletionParserTest" time="0"/>
  <testcase name="test023 - 1.5" classname="org.eclipse.jdt.core.tests.compiler.parser.ParserTest" time="0.001"/>
  <testcase name="test024 - 1.5" classname="org.eclipse.jdt.core.tests.compiler.parser.JavadocCompletionParserTest" time="0.001"/>
  <testcase name="test024 - 1.5" classname="org.eclipse.jdt.core.tests.compiler.parser.ParserTest" time="0.001"/>
  <testcase name="test025 - 1.5" classname="org.eclipse.jdt.core.tests.compiler.parser.JavadocCompletionParserTest" time="0"/>
  <testcase name="test025 - 1.5" classname="org.eclipse.jdt.core.tests.compiler.parser.ParserTest" time="0.001"/>
  <testcase name="test026 - 1.5" classname="org.eclipse.jdt.core.tests.compiler.parser.JavadocCompletionParserTest" time="0"/>
  <testcase name="test026 - 1.5" classname="org.eclipse.jdt.core.tests.compiler.parser.ParserTest" time="0.001"/>
  <testcase name="test027 - 1.5" classname="org.eclipse.jdt.core.tests.compiler.parser.JavadocCompletionParserTest" time="0"/>
  <testcase name="test027 - 1.5" classname="org.eclipse.jdt.core.tests.compiler.parser.ParserTest" time="0.001"/>
  <testcase name="test028 - 1.5" classname="org.eclipse.jdt.core.tests.compiler.parser.JavadocCompletionParserTest" time="0"/>
  <testcase name="test029 - 1.5" classname="org.eclipse.jdt.core.tests.compiler.parser.JavadocCompletionParserTest" time="0"/>
  <testcase name="test030 - 1.5" classname="org.eclipse.jdt.core.tests.compiler.parser.JavadocCompletionParserTest" time="0"/>
  <testcase name="test031 - 1.5" classname="org.eclipse.jdt.core.tests.compiler.parser.JavadocCompletionParserTest" time="0"/>
  <testcase name="test032 - 1.5" classname="org.eclipse.jdt.core.tests.compiler.parser.JavadocCompletionParserTest" time="0"/>
  <testcase name="test1FTEO9L - 1.5" classname="org.eclipse.jdt.core.tests.compiler.parser.LabelStatementCompletionTest" time="0.001"/>
  <testcase name="testInCaseWithIdentifier - 1.5" classname="org.eclipse.jdt.core.tests.compiler.parser.LabelStatementCompletionTest" time="0"/>
  <testcase name="testInCaseWithNumberConstant - 1.5" classname="org.eclipse.jdt.core.tests.compiler.parser.LabelStatementCompletionTest" time="0"/>
  <testcase name="testInLabeledInnerClass - 1.5" classname="org.eclipse.jdt.core.tests.compiler.parser.LabelStatementCompletionTest" time="0"/>
  <testcase name="testInLabeledInnerClassWithErrorBefore - 1.5" classname="org.eclipse.jdt.core.tests.compiler.parser.LabelStatementCompletionTest" time="0"/>
  <testcase name="testOneLevelDeep - 1.5" classname="org.eclipse.jdt.core.tests.compiler.parser.LabelStatementCompletionTest" time="0"/>
  <testcase name="testSecondLabel - 1.5" classname="org.eclipse.jdt.core.tests.compiler.parser.LabelStatementCompletionTest" time="0.001"/>
  <testcase name="testTwoLevelDeep - 1.5" classname="org.eclipse.jdt.core.tests.compiler.parser.LabelStatementCompletionTest" time="0"/>
  <testcase name="test1FVVWS8_1 - 1.5" classname="org.eclipse.jdt.core.tests.compiler.parser.MethodInvocationCompletionTest" time="0"/>
  <testcase name="test1FVVWS8_2 - 1.5" classname="org.eclipse.jdt.core.tests.compiler.parser.MethodInvocationCompletionTest" time="0"/>
  <testcase name="test1FW2ZTB_1 - 1.5" classname="org.eclipse.jdt.core.tests.compiler.parser.MethodInvocationCompletionTest" time="0"/>
  <testcase name="test1FW2ZTB_2 - 1.5" classname="org.eclipse.jdt.core.tests.compiler.parser.MethodInvocationCompletionTest" time="0"/>
  <testcase name="test1FW35YZ_1 - 1.5" classname="org.eclipse.jdt.core.tests.compiler.parser.MethodInvocationCompletionTest" time="0"/>
  <testcase name="test1FW35YZ_2 - 1.5" classname="org.eclipse.jdt.core.tests.compiler.parser.MethodInvocationCompletionTest" time="0.001"/>
  <testcase name="test1FWYBKF - 1.5" classname="org.eclipse.jdt.core.tests.compiler.parser.MethodInvocationCompletionTest" time="0"/>
  <testcase name="test1GAJBUQ - 1.5" classname="org.eclipse.jdt.core.tests.compiler.parser.MethodInvocationCompletionTest" time="0"/>
  <testcase name="testAfterEmptyAnonymous - 1.5" classname="org.eclipse.jdt.core.tests.compiler.parser.MethodInvocationCompletionTest" time="0"/>
  <testcase name="testAfterFirstParameter - 1.5" classname="org.eclipse.jdt.core.tests.compiler.parser.MethodInvocationCompletionTest" time="0"/>
  <testcase name="testBeforeFirstParameter - 1.5" classname="org.eclipse.jdt.core.tests.compiler.parser.MethodInvocationCompletionTest" time="0"/>
  <testcase name="testBeforeLastParameter - 1.5" classname="org.eclipse.jdt.core.tests.compiler.parser.MethodInvocationCompletionTest" time="0"/>
  <testcase name="testBeforeSecondParameter - 1.5" classname="org.eclipse.jdt.core.tests.compiler.parser.MethodInvocationCompletionTest" time="0"/>
  <testcase name="testEmptyInFirstParameter - 1.5" classname="org.eclipse.jdt.core.tests.compiler.parser.MethodInvocationCompletionTest" time="0"/>
  <testcase name="testInFirstParameter - 1.5" classname="org.eclipse.jdt.core.tests.compiler.parser.MethodInvocationCompletionTest" time="0"/>
  <testcase name="testLabeledWithExpressionReceiver - 1.5" classname="org.eclipse.jdt.core.tests.compiler.parser.MethodInvocationCompletionTest" time="0"/>
  <testcase name="testLabeledWithoutReceiver - 1.5" classname="org.eclipse.jdt.core.tests.compiler.parser.MethodInvocationCompletionTest" time="0"/>
  <testcase name="testNoReceiver - 1.5" classname="org.eclipse.jdt.core.tests.compiler.parser.MethodInvocationCompletionTest" time="0"/>
  <testcase name="testSpaceThenFirstParameter - 1.5" classname="org.eclipse.jdt.core.tests.compiler.parser.MethodInvocationCompletionTest" time="0"/>
  <testcase name="testWithExpressionReceiver - 1.5" classname="org.eclipse.jdt.core.tests.compiler.parser.MethodInvocationCompletionTest" time="0"/>
  <testcase name="testWithNameReceiver - 1.5" classname="org.eclipse.jdt.core.tests.compiler.parser.MethodInvocationCompletionTest" time="0"/>
  <testcase name="testWithNameReceiverAfterConditionalExpression - 1.5" classname="org.eclipse.jdt.core.tests.compiler.parser.MethodInvocationCompletionTest" time="0"/>
  <testcase name="testWithNameReceiverAndTwoArgs - 1.5" classname="org.eclipse.jdt.core.tests.compiler.parser.MethodInvocationCompletionTest" time="0.001"/>
  <testcase name="testWithQualifiedNameReceiver - 1.5" classname="org.eclipse.jdt.core.tests.compiler.parser.MethodInvocationCompletionTest" time="0"/>
  <testcase name="test1FTZ849 - 1.5" classname="org.eclipse.jdt.core.tests.compiler.parser.NameReferenceCompletionTest" time="0"/>
  <testcase name="test1FUUP73 - 1.5" classname="org.eclipse.jdt.core.tests.compiler.parser.NameReferenceCompletionTest" time="0.001"/>
  <testcase name="test1FVRQQA_1 - 1.5" classname="org.eclipse.jdt.core.tests.compiler.parser.NameReferenceCompletionTest" time="0"/>
  <testcase name="test1FVRQQA_2 - 1.5" classname="org.eclipse.jdt.core.tests.compiler.parser.NameReferenceCompletionTest" time="0"/>
  <testcase name="test1FVT66Q_1 - 1.5" classname="org.eclipse.jdt.core.tests.compiler.parser.NameReferenceCompletionTest" time="0"/>
  <testcase name="test1FVT66Q_2 - 1.5" classname="org.eclipse.jdt.core.tests.compiler.parser.NameReferenceCompletionTest" time="0.001"/>
  <testcase name="test1G8DE30 - 1.5" classname="org.eclipse.jdt.core.tests.compiler.parser.NameReferenceCompletionTest" time="0"/>
  <testcase name="testEmptyNameReference - 1.5" classname="org.eclipse.jdt.core.tests.compiler.parser.NameReferenceCompletionTest" time="0"/>
  <testcase name="testEmptyNameReferenceAfterCast - 1.5" classname="org.eclipse.jdt.core.tests.compiler.parser.NameReferenceCompletionTest" time="0"/>
  <testcase name="testEmptyNameReferenceAfterPlus - 1.5" classname="org.eclipse.jdt.core.tests.compiler.parser.NameReferenceCompletionTest" time="0"/>
  <testcase name="testEmptyNameReferenceInArrayDim - 1.5" classname="org.eclipse.jdt.core.tests.compiler.parser.NameReferenceCompletionTest" time="0"/>
  <testcase name="testEmptyNameReferenceInInnerClass - 1.5" classname="org.eclipse.jdt.core.tests.compiler.parser.NameReferenceCompletionTest" time="0"/>
  <testcase name="testInIfThenStatement - 1.5" classname="org.eclipse.jdt.core.tests.compiler.parser.NameReferenceCompletionTest" time="0"/>
  <testcase name="testInnerClassFieldInitializer - 1.5" classname="org.eclipse.jdt.core.tests.compiler.parser.NameReferenceCompletionTest" time="0"/>
  <testcase name="testInvocationFieldInitializer - 1.5" classname="org.eclipse.jdt.core.tests.compiler.parser.NameReferenceCompletionTest" time="0"/>
  <testcase name="testMethodInvocationAnonymousInnerClass - 1.5" classname="org.eclipse.jdt.core.tests.compiler.parser.NameReferenceCompletionTest" time="0"/>
  <testcase name="testQualifiedNameReferenceShrinkAll - 1.5" classname="org.eclipse.jdt.core.tests.compiler.parser.NameReferenceCompletionTest" time="0"/>
  <testcase name="testQualifiedNameReferenceShrinkAllButOne - 1.5" classname="org.eclipse.jdt.core.tests.compiler.parser.NameReferenceCompletionTest" time="0"/>
  <testcase name="testQualifiedNameReferenceShrinkAllButOne2 - 1.5" classname="org.eclipse.jdt.core.tests.compiler.parser.NameReferenceCompletionTest" time="0"/>
  <testcase name="testQualifiedNameReferenceShrinkNone - 1.5" classname="org.eclipse.jdt.core.tests.compiler.parser.NameReferenceCompletionTest" time="0.001"/>
  <testcase name="testQualifiedNameReferenceShrinkNone2 - 1.5" classname="org.eclipse.jdt.core.tests.compiler.parser.NameReferenceCompletionTest" time="0"/>
  <testcase name="testQualifiedNameReferenceShrinkOne - 1.5" classname="org.eclipse.jdt.core.tests.compiler.parser.NameReferenceCompletionTest" time="0"/>
  <testcase name="testQualifiedNameReferenceShrinkOne2 - 1.5" classname="org.eclipse.jdt.core.tests.compiler.parser.NameReferenceCompletionTest" time="0"/>
  <testcase name="testUnicode - 1.5" classname="org.eclipse.jdt.core.tests.compiler.parser.NameReferenceCompletionTest" time="0.001"/>
  <testcase name="test1FTZCIG - 1.5" classname="org.eclipse.jdt.core.tests.compiler.parser.ReferenceTypeCompletionTest" time="0"/>
  <testcase name="testCatchClause1 - 1.5" classname="org.eclipse.jdt.core.tests.compiler.parser.ReferenceTypeCompletionTest" time="0.001"/>
  <testcase name="testCatchClause2 - 1.5" classname="org.eclipse.jdt.core.tests.compiler.parser.ReferenceTypeCompletionTest" time="0"/>
  <testcase name="testCatchClause3 - 1.5" classname="org.eclipse.jdt.core.tests.compiler.parser.ReferenceTypeCompletionTest" time="0"/>
  <testcase name="testClassBody - 1.5" classname="org.eclipse.jdt.core.tests.compiler.parser.ReferenceTypeCompletionTest" time="0"/>
  <testcase name="testClassBodyDeclarations - 1.5" classname="org.eclipse.jdt.core.tests.compiler.parser.ReferenceTypeCompletionTest" time="0"/>
  <testcase name="testClassInstanceCreationExpression1 - 1.5" classname="org.eclipse.jdt.core.tests.compiler.parser.ReferenceTypeCompletionTest" time="0"/>
  <testcase name="testClassInstanceCreationExpression2 - 1.5" classname="org.eclipse.jdt.core.tests.compiler.parser.ReferenceTypeCompletionTest" time="0"/>
  <testcase name="testClassInstanceCreationExpression3 - 1.5" classname="org.eclipse.jdt.core.tests.compiler.parser.ReferenceTypeCompletionTest" time="0.001"/>
  <testcase name="testClassInstanceCreationExpression4 - 1.5" classname="org.eclipse.jdt.core.tests.compiler.parser.ReferenceTypeCompletionTest" time="0"/>
  <testcase name="testClassInstanceCreationExpressionName1 - 1.5" classname="org.eclipse.jdt.core.tests.compiler.parser.ReferenceTypeCompletionTest" time="0"/>
  <testcase name="testClassInstanceCreationExpressionName2 - 1.5" classname="org.eclipse.jdt.core.tests.compiler.parser.ReferenceTypeCompletionTest" time="0"/>
  <testcase name="testClassInstanceCreationExpressionName3 - 1.5" classname="org.eclipse.jdt.core.tests.compiler.parser.ReferenceTypeCompletionTest" time="0.001"/>
  <testcase name="testClassInstanceCreationExpressionName4 - 1.5" classname="org.eclipse.jdt.core.tests.compiler.parser.ReferenceTypeCompletionTest" time="0"/>
  <testcase name="testClassInstanceCreationExpressionPrimary1 - 1.5" classname="org.eclipse.jdt.core.tests.compiler.parser.ReferenceTypeCompletionTest" time="0"/>
  <testcase name="testClassInstanceCreationExpressionPrimary2 - 1.5" classname="org.eclipse.jdt.core.tests.compiler.parser.ReferenceTypeCompletionTest" time="0"/>
  <testcase name="testClassInstanceCreationExpressionPrimary3 - 1.5" classname="org.eclipse.jdt.core.tests.compiler.parser.ReferenceTypeCompletionTest" time="0"/>
  <testcase name="testClassInstanceCreationExpressionPrimary4 - 1.5" classname="org.eclipse.jdt.core.tests.compiler.parser.ReferenceTypeCompletionTest" time="0"/>
  <testcase name="testClassTypeList - 1.5" classname="org.eclipse.jdt.core.tests.compiler.parser.ReferenceTypeCompletionTest" time="0"/>
  <testcase name="testConstructorDeclarator - 1.5" classname="org.eclipse.jdt.core.tests.compiler.parser.ReferenceTypeCompletionTest" time="0"/>
  <testcase name="testDeepReference - 1.5" classname="org.eclipse.jdt.core.tests.compiler.parser.ReferenceTypeCompletionTest" time="0"/>
  <testcase name="testExtendsClass - 1.5" classname="org.eclipse.jdt.core.tests.compiler.parser.ReferenceTypeCompletionTest" time="0"/>
  <testcase name="testExtendsInterface - 1.5" classname="org.eclipse.jdt.core.tests.compiler.parser.ReferenceTypeCompletionTest" time="0"/>
  <testcase name="testFieldDeclarationWithModifiers - 1.5" classname="org.eclipse.jdt.core.tests.compiler.parser.ReferenceTypeCompletionTest" time="0"/>
  <testcase name="testFieldDeclarationWithoutModifiers - 1.5" classname="org.eclipse.jdt.core.tests.compiler.parser.ReferenceTypeCompletionTest" time="0"/>
  <testcase name="testFormalParameter - 1.5" classname="org.eclipse.jdt.core.tests.compiler.parser.ReferenceTypeCompletionTest" time="0"/>
  <testcase name="testFormalParameterList - 1.5" classname="org.eclipse.jdt.core.tests.compiler.parser.ReferenceTypeCompletionTest" time="0"/>
  <testcase name="testImplements - 1.5" classname="org.eclipse.jdt.core.tests.compiler.parser.ReferenceTypeCompletionTest" time="0"/>
  <testcase name="testInstanceOf - 1.5" classname="org.eclipse.jdt.core.tests.compiler.parser.ReferenceTypeCompletionTest" time="0"/>
  <testcase name="testInterfaceBody - 1.5" classname="org.eclipse.jdt.core.tests.compiler.parser.ReferenceTypeCompletionTest" time="0"/>
  <testcase name="testInterfaceMemberDeclarations - 1.5" classname="org.eclipse.jdt.core.tests.compiler.parser.ReferenceTypeCompletionTest" time="0.001"/>
  <testcase name="testInterfaceTypeList - 1.5" classname="org.eclipse.jdt.core.tests.compiler.parser.ReferenceTypeCompletionTest" time="0"/>
  <testcase name="testLocalVariableDeclaration - 1.5" classname="org.eclipse.jdt.core.tests.compiler.parser.ReferenceTypeCompletionTest" time="0"/>
  <testcase name="testMethodDeclarator - 1.5" classname="org.eclipse.jdt.core.tests.compiler.parser.ReferenceTypeCompletionTest" time="0.001"/>
  <testcase name="testMethodHeaderWithModifiers - 1.5" classname="org.eclipse.jdt.core.tests.compiler.parser.ReferenceTypeCompletionTest" time="0"/>
  <testcase name="testMethodHeaderWithoutModifiers - 1.5" classname="org.eclipse.jdt.core.tests.compiler.parser.ReferenceTypeCompletionTest" time="0"/>
  <testcase name="testQualifiedTypeReferenceShrinkAll - 1.5" classname="org.eclipse.jdt.core.tests.compiler.parser.ReferenceTypeCompletionTest" time="0"/>
  <testcase name="testQualifiedTypeReferenceShrinkAllButOne - 1.5" classname="org.eclipse.jdt.core.tests.compiler.parser.ReferenceTypeCompletionTest" time="0"/>
  <testcase name="testQualifiedTypeReferenceShrinkNone - 1.5" classname="org.eclipse.jdt.core.tests.compiler.parser.ReferenceTypeCompletionTest" time="0"/>
  <testcase name="testQualifiedTypeReferenceShrinkOne - 1.5" classname="org.eclipse.jdt.core.tests.compiler.parser.ReferenceTypeCompletionTest" time="0"/>
  <testcase name="testThrows - 1.5" classname="org.eclipse.jdt.core.tests.compiler.parser.ReferenceTypeCompletionTest" time="0"/>
  <testcase name="testNameSuper - 1.5" classname="org.eclipse.jdt.core.tests.compiler.parser.ExplicitConstructorInvocationSelectionTest" time="0.001"/>
  <testcase name="testNameThis - 1.5" classname="org.eclipse.jdt.core.tests.compiler.parser.ExplicitConstructorInvocationSelectionTest" time="0"/>
  <testcase name="testBug30946 - 1.5" classname="org.eclipse.jdt.core.tests.compiler.parser.SelectionTest2" time="1.002"/>
  <testcase name="test100 - 1.5" classname="org.eclipse.jdt.core.tests.compiler.parser.DietRecoveryTest" time="0.004"/>
  <testcase name="test102 - 1.5" classname="org.eclipse.jdt.core.tests.compiler.parser.DietRecoveryTest" time="0.013"/>
  <testcase name="test103 - 1.5" classname="org.eclipse.jdt.core.tests.compiler.parser.DietRecoveryTest" time="0.002"/>
  <testcase name="test104 - 1.5" classname="org.eclipse.jdt.core.tests.compiler.parser.DietRecoveryTest" time="0.007"/>
  <testcase name="test105 - 1.5" classname="org.eclipse.jdt.core.tests.compiler.parser.DietRecoveryTest" time="0.003"/>
  <testcase name="test106 - 1.5" classname="org.eclipse.jdt.core.tests.compiler.parser.DietRecoveryTest" time="0.001"/>
  <testcase name="test107 - 1.5" classname="org.eclipse.jdt.core.tests.compiler.parser.DietRecoveryTest" time="0.002"/>
  <testcase name="test108 - 1.5" classname="org.eclipse.jdt.core.tests.compiler.parser.DietRecoveryTest" time="0.001"/>
  <testcase name="test109 - 1.5" classname="org.eclipse.jdt.core.tests.compiler.parser.DietRecoveryTest" time="0.002"/>
  <testcase name="test110 - 1.5" classname="org.eclipse.jdt.core.tests.compiler.parser.DietRecoveryTest" time="0.002"/>
  <testcase name="test111 - 1.5" classname="org.eclipse.jdt.core.tests.compiler.parser.DietRecoveryTest" time="0.001"/>
  <testcase name="test112 - 1.5" classname="org.eclipse.jdt.core.tests.compiler.parser.DietRecoveryTest" time="0.004"/>
  <testcase name="test113 - 1.5" classname="org.eclipse.jdt.core.tests.compiler.parser.DietRecoveryTest" time="0.002"/>
  <testcase name="test114 - 1.5" classname="org.eclipse.jdt.core.tests.compiler.parser.DietRecoveryTest" time="0.001"/>
  <testcase name="test115 - 1.5" classname="org.eclipse.jdt.core.tests.compiler.parser.DietRecoveryTest" time="0.002"/>
  <testcase name="test116 - 1.5" classname="org.eclipse.jdt.core.tests.compiler.parser.DietRecoveryTest" time="0.001"/>
  <testcase name="test117 - 1.5" classname="org.eclipse.jdt.core.tests.compiler.parser.DietRecoveryTest" time="0.002"/>
  <testcase name="test117_2 - 1.5" classname="org.eclipse.jdt.core.tests.compiler.parser.DietRecoveryTest" time="0.002"/>
  <testcase name="test118 - 1.5" classname="org.eclipse.jdt.core.tests.compiler.parser.DietRecoveryTest" time="0.001"/>
  <testcase name="test119 - 1.5" classname="org.eclipse.jdt.core.tests.compiler.parser.DietRecoveryTest" time="0.003"/>
  <testcase name="test120 - 1.5" classname="org.eclipse.jdt.core.tests.compiler.parser.DietRecoveryTest" time="0.001"/>
  <testcase name="test121 - 1.5" classname="org.eclipse.jdt.core.tests.compiler.parser.DietRecoveryTest" time="0.001"/>
  <testcase name="test122 - 1.5" classname="org.eclipse.jdt.core.tests.compiler.parser.DietRecoveryTest" time="0.002"/>
  <testcase name="test123 - 1.5" classname="org.eclipse.jdt.core.tests.compiler.parser.DietRecoveryTest" time="0.002"/>
  <testcase name="test125 - 1.5" classname="org.eclipse.jdt.core.tests.compiler.parser.DietRecoveryTest" time="2.902"/>
  <testcase name="test126 - 1.5" classname="org.eclipse.jdt.core.tests.compiler.parser.DietRecoveryTest" time="0.001"/>
  <testcase name="test127 - 1.5" classname="org.eclipse.jdt.core.tests.compiler.parser.DietRecoveryTest" time="0"/>
  <testcase name="test128 - 1.5" classname="org.eclipse.jdt.core.tests.compiler.parser.DietRecoveryTest" time="0.002"/>
  <testcase name="test405778 - 1.5" classname="org.eclipse.jdt.core.tests.compiler.parser.DietRecoveryTest" time="0.002"/>
  <testcase name="test405778a - 1.5" classname="org.eclipse.jdt.core.tests.compiler.parser.DietRecoveryTest" time="0.002"/>
  <testcase name="test456861 - 1.5" classname="org.eclipse.jdt.core.tests.compiler.parser.DietRecoveryTest" time="0.001"/>
  <testcase name="test56 - 1.5" classname="org.eclipse.jdt.core.tests.compiler.parser.DietRecoveryTest" time="0.003"/>
  <testcase name="test56 - 1.5" classname="org.eclipse.jdt.core.tests.compiler.parser.SourceElementParserTest" time="0.001"/>
  <testcase name="test57 - 1.5" classname="org.eclipse.jdt.core.tests.compiler.parser.DietRecoveryTest" time="0.003"/>
  <testcase name="test57 - 1.5" classname="org.eclipse.jdt.core.tests.compiler.parser.SourceElementParserTest" time="0"/>
  <testcase name="test58 - 1.5" classname="org.eclipse.jdt.core.tests.compiler.parser.DietRecoveryTest" time="0.001"/>
  <testcase name="test58 - 1.5" classname="org.eclipse.jdt.core.tests.compiler.parser.SourceElementParserTest" time="0.001"/>
  <testcase name="test59 - 1.5" classname="org.eclipse.jdt.core.tests.compiler.parser.DietRecoveryTest" time="0.001"/>
  <testcase name="test59 - 1.5" classname="org.eclipse.jdt.core.tests.compiler.parser.SourceElementParserTest" time="0"/>
  <testcase name="test60 - 1.5" classname="org.eclipse.jdt.core.tests.compiler.parser.DietRecoveryTest" time="0.002"/>
  <testcase name="test60 - 1.5" classname="org.eclipse.jdt.core.tests.compiler.parser.SourceElementParserTest" time="0"/>
  <testcase name="test61 - 1.5" classname="org.eclipse.jdt.core.tests.compiler.parser.DietRecoveryTest" time="0.001"/>
  <testcase name="test61 - 1.5" classname="org.eclipse.jdt.core.tests.compiler.parser.SourceElementParserTest" time="0.001"/>
  <testcase name="test62 - 1.5" classname="org.eclipse.jdt.core.tests.compiler.parser.DietRecoveryTest" time="0.003"/>
  <testcase name="test62 - 1.5" classname="org.eclipse.jdt.core.tests.compiler.parser.SourceElementParserTest" time="0.001"/>
  <testcase name="test63 - 1.5" classname="org.eclipse.jdt.core.tests.compiler.parser.DietRecoveryTest" time="0.001"/>
  <testcase name="test63 - 1.5" classname="org.eclipse.jdt.core.tests.compiler.parser.SourceElementParserTest" time="0"/>
  <testcase name="test64 - 1.5" classname="org.eclipse.jdt.core.tests.compiler.parser.DietRecoveryTest" time="0.003"/>
  <testcase name="test64 - 1.5" classname="org.eclipse.jdt.core.tests.compiler.parser.SourceElementParserTest" time="0.001"/>
  <testcase name="test65 - 1.5" classname="org.eclipse.jdt.core.tests.compiler.parser.DietRecoveryTest" time="0.004"/>
  <testcase name="test65 - 1.5" classname="org.eclipse.jdt.core.tests.compiler.parser.SourceElementParserTest" time="0"/>
  <testcase name="test66 - 1.5" classname="org.eclipse.jdt.core.tests.compiler.parser.DietRecoveryTest" time="0.001"/>
  <testcase name="test66 - 1.5" classname="org.eclipse.jdt.core.tests.compiler.parser.SourceElementParserTest" time="0"/>
  <testcase name="test67 - 1.5" classname="org.eclipse.jdt.core.tests.compiler.parser.DietRecoveryTest" time="0.002"/>
  <testcase name="test67 - 1.5" classname="org.eclipse.jdt.core.tests.compiler.parser.SourceElementParserTest" time="0"/>
  <testcase name="test68 - 1.5" classname="org.eclipse.jdt.core.tests.compiler.parser.DietRecoveryTest" time="0"/>
  <testcase name="test68 - 1.5" classname="org.eclipse.jdt.core.tests.compiler.parser.SourceElementParserTest" time="0"/>
  <testcase name="test69 - 1.5" classname="org.eclipse.jdt.core.tests.compiler.parser.DietRecoveryTest" time="0.002"/>
  <testcase name="test69 - 1.5" classname="org.eclipse.jdt.core.tests.compiler.parser.SourceElementParserTest" time="0"/>
  <testcase name="test70 - 1.5" classname="org.eclipse.jdt.core.tests.compiler.parser.DietRecoveryTest" time="0.002"/>
  <testcase name="test70 - 1.5" classname="org.eclipse.jdt.core.tests.compiler.parser.SourceElementParserTest" time="0"/>
  <testcase name="test71 - 1.5" classname="org.eclipse.jdt.core.tests.compiler.parser.DietRecoveryTest" time="0.001"/>
  <testcase name="test71 - 1.5" classname="org.eclipse.jdt.core.tests.compiler.parser.SourceElementParserTest" time="0.001"/>
  <testcase name="test72 - 1.5" classname="org.eclipse.jdt.core.tests.compiler.parser.DietRecoveryTest" time="0"/>
  <testcase name="test72 - 1.5" classname="org.eclipse.jdt.core.tests.compiler.parser.SourceElementParserTest" time="0"/>
  <testcase name="test73 - 1.5" classname="org.eclipse.jdt.core.tests.compiler.parser.DietRecoveryTest" time="0.002"/>
  <testcase name="test73 - 1.5" classname="org.eclipse.jdt.core.tests.compiler.parser.SourceElementParserTest" time="0"/>
  <testcase name="test74 - 1.5" classname="org.eclipse.jdt.core.tests.compiler.parser.DietRecoveryTest" time="0.001"/>
  <testcase name="test74 - 1.5" classname="org.eclipse.jdt.core.tests.compiler.parser.SourceElementParserTest" time="0"/>
  <testcase name="test75 - 1.5" classname="org.eclipse.jdt.core.tests.compiler.parser.DietRecoveryTest" time="0.006"/>
  <testcase name="test75 - 1.5" classname="org.eclipse.jdt.core.tests.compiler.parser.SourceElementParserTest" time="0.001"/>
  <testcase name="test76 - 1.5" classname="org.eclipse.jdt.core.tests.compiler.parser.DietRecoveryTest" time="0.002"/>
  <testcase name="test76 - 1.5" classname="org.eclipse.jdt.core.tests.compiler.parser.SourceElementParserTest" time="0"/>
  <testcase name="test77 - 1.5" classname="org.eclipse.jdt.core.tests.compiler.parser.DietRecoveryTest" time="0.003"/>
  <testcase name="test78 - 1.5" classname="org.eclipse.jdt.core.tests.compiler.parser.DietRecoveryTest" time="0.003"/>
  <testcase name="test79 - 1.5" classname="org.eclipse.jdt.core.tests.compiler.parser.DietRecoveryTest" time="0.003"/>
  <testcase name="test80 - 1.5" classname="org.eclipse.jdt.core.tests.compiler.parser.DietRecoveryTest" time="0.002"/>
  <testcase name="test81 - 1.5" classname="org.eclipse.jdt.core.tests.compiler.parser.DietRecoveryTest" time="0.002"/>
  <testcase name="test81 - 1.5" classname="org.eclipse.jdt.core.tests.compiler.parser.SourceElementParserTest" time="0"/>
  <testcase name="test82 - 1.5" classname="org.eclipse.jdt.core.tests.compiler.parser.DietRecoveryTest" time="0.002"/>
  <testcase name="test83 - 1.5" classname="org.eclipse.jdt.core.tests.compiler.parser.DietRecoveryTest" time="0.001"/>
  <testcase name="test84 - 1.5" classname="org.eclipse.jdt.core.tests.compiler.parser.DietRecoveryTest" time="0.001"/>
  <testcase name="test85 - 1.5" classname="org.eclipse.jdt.core.tests.compiler.parser.DietRecoveryTest" time="0.002"/>
  <testcase name="test86 - 1.5" classname="org.eclipse.jdt.core.tests.compiler.parser.DietRecoveryTest" time="0.001"/>
  <testcase name="test87 - 1.5" classname="org.eclipse.jdt.core.tests.compiler.parser.DietRecoveryTest" time="0.002"/>
  <testcase name="test88 - 1.5" classname="org.eclipse.jdt.core.tests.compiler.parser.DietRecoveryTest" time="0.003"/>
  <testcase name="test89 - 1.5" classname="org.eclipse.jdt.core.tests.compiler.parser.DietRecoveryTest" time="0.003"/>
  <testcase name="test90 - 1.5" classname="org.eclipse.jdt.core.tests.compiler.parser.DietRecoveryTest" time="0.004"/>
  <testcase name="test91 - 1.5" classname="org.eclipse.jdt.core.tests.compiler.parser.DietRecoveryTest" time="0.001"/>
  <testcase name="test92 - 1.5" classname="org.eclipse.jdt.core.tests.compiler.parser.DietRecoveryTest" time="0.001"/>
  <testcase name="test93 - 1.5" classname="org.eclipse.jdt.core.tests.compiler.parser.DietRecoveryTest" time="0.002"/>
  <testcase name="test94 - 1.5" classname="org.eclipse.jdt.core.tests.compiler.parser.DietRecoveryTest" time="0.005"/>
  <testcase name="test95 - 1.5" classname="org.eclipse.jdt.core.tests.compiler.parser.DietRecoveryTest" time="0"/>
  <testcase name="test96 - 1.5" classname="org.eclipse.jdt.core.tests.compiler.parser.DietRecoveryTest" time="0.001"/>
  <testcase name="test97 - 1.5" classname="org.eclipse.jdt.core.tests.compiler.parser.DietRecoveryTest" time="0.001"/>
  <testcase name="test98 - 1.5" classname="org.eclipse.jdt.core.tests.compiler.parser.DietRecoveryTest" time="0.002"/>
  <testcase name="test99 - 1.5" classname="org.eclipse.jdt.core.tests.compiler.parser.DietRecoveryTest" time="0.02"/>
  <testcase name="test0021 - 1.5" classname="org.eclipse.jdt.core.tests.compiler.parser.StatementRecoveryTest" time="0.001"/>
  <testcase name="test0021 - 1.5" classname="org.eclipse.jdt.core.tests.compiler.parser.ComplianceDiagnoseTest" time="0.001"/>
  <testcase name="test0021 - 1.5" classname="org.eclipse.jdt.core.tests.compiler.parser.GenericsCompletionParserTest" time="0"/>
  <testcase name="test0021 - 1.5" classname="org.eclipse.jdt.core.tests.compiler.parser.AnnotationCompletionParserTest" time="0"/>
  <testcase name="test0021 - 1.5" classname="org.eclipse.jdt.core.tests.compiler.parser.GenericsSelectionTest" time="0"/>
  <testcase name="test0021 - 1.5" classname="org.eclipse.jdt.core.tests.compiler.parser.GenericDietRecoveryTest" time="0.006"/>
  <testcase name="test0021 - 1.5" classname="org.eclipse.jdt.core.tests.compiler.parser.AnnotationDietRecoveryTest" time="0.004"/>
  <testcase name="test0023 - 1.5" classname="org.eclipse.jdt.core.tests.compiler.parser.StatementRecoveryTest" time="0.001"/>
  <testcase name="test0023 - 1.5" classname="org.eclipse.jdt.core.tests.compiler.parser.ComplianceDiagnoseTest" time="0"/>
  <testcase name="test0023 - 1.5" classname="org.eclipse.jdt.core.tests.compiler.parser.GenericsCompletionParserTest" time="0"/>
  <testcase name="test0023 - 1.5" classname="org.eclipse.jdt.core.tests.compiler.parser.AnnotationCompletionParserTest" time="0"/>
  <testcase name="test0023 - 1.5" classname="org.eclipse.jdt.core.tests.compiler.parser.GenericsSelectionTest" time="0"/>
  <testcase name="test0023 - 1.5" classname="org.eclipse.jdt.core.tests.compiler.parser.GenericDietRecoveryTest" time="0.003"/>
  <testcase name="test0023 - 1.5" classname="org.eclipse.jdt.core.tests.compiler.parser.AnnotationDietRecoveryTest" time="0.004"/>
  <testcase name="test0024 - 1.5" classname="org.eclipse.jdt.core.tests.compiler.parser.StatementRecoveryTest" time="0.001"/>
  <testcase name="test0024 - 1.5" classname="org.eclipse.jdt.core.tests.compiler.parser.GenericsCompletionParserTest" time="0"/>
  <testcase name="test0024 - 1.5" classname="org.eclipse.jdt.core.tests.compiler.parser.GenericsSelectionTest" time="0"/>
  <testcase name="test0024 - 1.5" classname="org.eclipse.jdt.core.tests.compiler.parser.GenericDietRecoveryTest" time="0.002"/>
  <testcase name="test0024 - 1.5" classname="org.eclipse.jdt.core.tests.compiler.parser.AnnotationDietRecoveryTest" time="0.005"/>
  <testcase name="test0026 - 1.5" classname="org.eclipse.jdt.core.tests.compiler.parser.StatementRecoveryTest" time="0.001"/>
  <testcase name="test0026 - 1.5" classname="org.eclipse.jdt.core.tests.compiler.parser.ComplianceDiagnoseTest" time="0"/>
  <testcase name="test0026 - 1.5" classname="org.eclipse.jdt.core.tests.compiler.parser.GenericsCompletionParserTest" time="0"/>
  <testcase name="test0026 - 1.5" classname="org.eclipse.jdt.core.tests.compiler.parser.AnnotationCompletionParserTest" time="0"/>
  <testcase name="test0026 - 1.5" classname="org.eclipse.jdt.core.tests.compiler.parser.GenericDietRecoveryTest" time="0.004"/>
  <testcase name="test0026 - 1.5" classname="org.eclipse.jdt.core.tests.compiler.parser.AnnotationDietRecoveryTest" time="0.003"/>
  <testcase name="test0027 - 1.5" classname="org.eclipse.jdt.core.tests.compiler.parser.StatementRecoveryTest" time="0.001"/>
  <testcase name="test0027 - 1.5" classname="org.eclipse.jdt.core.tests.compiler.parser.ComplianceDiagnoseTest" time="0"/>
  <testcase name="test0027 - 1.5" classname="org.eclipse.jdt.core.tests.compiler.parser.GenericsCompletionParserTest" time="0"/>
  <testcase name="test0027 - 1.5" classname="org.eclipse.jdt.core.tests.compiler.parser.AnnotationCompletionParserTest" time="0"/>
  <testcase name="test0027 - 1.5" classname="org.eclipse.jdt.core.tests.compiler.parser.AnnotationDietRecoveryTest" time="0.002"/>
  <testcase name="test0038 - 1.5" classname="org.eclipse.jdt.core.tests.compiler.parser.StatementRecoveryTest" time="0.002"/>
  <testcase name="test0038 - 1.5" classname="org.eclipse.jdt.core.tests.compiler.parser.ComplianceDiagnoseTest" time="0"/>
  <testcase name="test0038 - 1.5" classname="org.eclipse.jdt.core.tests.compiler.parser.AnnotationCompletionParserTest" time="0"/>
  <testcase name="test0038 - 1.5" classname="org.eclipse.jdt.core.tests.compiler.parser.AnnotationDietRecoveryTest" time="0.004"/>
  <testcase name="test0039 - 1.5" classname="org.eclipse.jdt.core.tests.compiler.parser.StatementRecoveryTest" time="0.001"/>
  <testcase name="test0039 - 1.5" classname="org.eclipse.jdt.core.tests.compiler.parser.ComplianceDiagnoseTest" time="0"/>
  <testcase name="test0039 - 1.5" classname="org.eclipse.jdt.core.tests.compiler.parser.AnnotationCompletionParserTest" time="0"/>
  <testcase name="test0039 - 1.5" classname="org.eclipse.jdt.core.tests.compiler.parser.AnnotationDietRecoveryTest" time="0.001"/>
  <testcase name="test0041 - 1.5" classname="org.eclipse.jdt.core.tests.compiler.parser.StatementRecoveryTest" time="0.003"/>
  <testcase name="test0041 - 1.5" classname="org.eclipse.jdt.core.tests.compiler.parser.ComplianceDiagnoseTest" time="0.001"/>
  <testcase name="test0041 - 1.5" classname="org.eclipse.jdt.core.tests.compiler.parser.AnnotationDietRecoveryTest" time="0.003"/>
  <testcase name="test0042 - 1.5" classname="org.eclipse.jdt.core.tests.compiler.parser.StatementRecoveryTest" time="0.001"/>
  <testcase name="test0042 - 1.5" classname="org.eclipse.jdt.core.tests.compiler.parser.ComplianceDiagnoseTest" time="0.002"/>
  <testcase name="test0042 - 1.5" classname="org.eclipse.jdt.core.tests.compiler.parser.AnnotationCompletionParserTest" time="0"/>
  <testcase name="test0044 - 1.5" classname="org.eclipse.jdt.core.tests.compiler.parser.StatementRecoveryTest" time="0.001"/>
  <testcase name="test0044 - 1.5" classname="org.eclipse.jdt.core.tests.compiler.parser.ComplianceDiagnoseTest" time="0.002"/>
  <testcase name="test0044 - 1.5" classname="org.eclipse.jdt.core.tests.compiler.parser.AnnotationCompletionParserTest" time="0"/>
  <testcase name="test0045 - 1.5" classname="org.eclipse.jdt.core.tests.compiler.parser.StatementRecoveryTest" time="0.002"/>
  <testcase name="test0045 - 1.5" classname="org.eclipse.jdt.core.tests.compiler.parser.ComplianceDiagnoseTest" time="0.001"/>
  <testcase name="test0045 - 1.5" classname="org.eclipse.jdt.core.tests.compiler.parser.AnnotationCompletionParserTest" time="0"/>
  <testcase name="testBug430336 - 1.5" classname="org.eclipse.jdt.core.tests.compiler.parser.StatementRecoveryTest" time="0.001"/>
  <testcase name="testBug99662 - 1.5" classname="org.eclipse.jdt.core.tests.compiler.parser.SourceElementParserTest" time="0"/>
  <testcase name="test018 - 1.5" classname="org.eclipse.jdt.core.tests.compiler.parser.ParserTest" time="0.001"/>
  <testcase name="test019 - 1.5" classname="org.eclipse.jdt.core.tests.compiler.parser.ParserTest" time="0"/>
  <testcase name="testBug485477 - 1.5" classname="org.eclipse.jdt.core.tests.compiler.parser.ParserTest" time="0.001"/>
  <testcase name="test0056 - 1.5" classname="org.eclipse.jdt.core.tests.compiler.parser.ComplianceDiagnoseTest" time="0.004"/>
  <testcase name="test0056 - 1.5" classname="org.eclipse.jdt.core.tests.compiler.parser.AnnotationCompletionParserTest" time="0"/>
  <testcase name="test0057 - 1.5" classname="org.eclipse.jdt.core.tests.compiler.parser.ComplianceDiagnoseTest" time="0.001"/>
  <testcase name="test0057 - 1.5" classname="org.eclipse.jdt.core.tests.compiler.parser.AnnotationCompletionParserTest" time="0"/>
  <testcase name="test0059 - 1.5" classname="org.eclipse.jdt.core.tests.compiler.parser.ComplianceDiagnoseTest" time="0.001"/>
  <testcase name="test0059 - 1.5" classname="org.eclipse.jdt.core.tests.compiler.parser.GenericsCompletionParserTest" time="0.001"/>
  <testcase name="test401850 - 1.5" classname="org.eclipse.jdt.core.tests.compiler.parser.ComplianceDiagnoseTest" time="0"/>
  <testcase name="test406846 - 1.5" classname="org.eclipse.jdt.core.tests.compiler.parser.ComplianceDiagnoseTest" time="0.004"/>
  <testcase name="test421477 - 1.5" classname="org.eclipse.jdt.core.tests.compiler.parser.ComplianceDiagnoseTest" time="0.001"/>
  <testcase name="test428605 - 1.5" classname="org.eclipse.jdt.core.tests.compiler.parser.ComplianceDiagnoseTest" time="0.001"/>
  <testcase name="test429110 - 1.5" classname="org.eclipse.jdt.core.tests.compiler.parser.ComplianceDiagnoseTest" time="0"/>
  <testcase name="testBug391201 - 1.5" classname="org.eclipse.jdt.core.tests.compiler.parser.ComplianceDiagnoseTest" time="0.006"/>
  <testcase name="testBug399773 - 1.5" classname="org.eclipse.jdt.core.tests.compiler.parser.ComplianceDiagnoseTest" time="0.001"/>
  <testcase name="testBug399778 - 1.5" classname="org.eclipse.jdt.core.tests.compiler.parser.ComplianceDiagnoseTest" time="0.003"/>
  <testcase name="testBug399778a - 1.5" classname="org.eclipse.jdt.core.tests.compiler.parser.ComplianceDiagnoseTest" time="0.006"/>
  <testcase name="testBug399780 - 1.5" classname="org.eclipse.jdt.core.tests.compiler.parser.ComplianceDiagnoseTest" time="0.001"/>
  <testcase name="testBug399781 - 1.5" classname="org.eclipse.jdt.core.tests.compiler.parser.ComplianceDiagnoseTest" time="0.004"/>
  <testcase name="testBug440285 - 1.5" classname="org.eclipse.jdt.core.tests.compiler.parser.ComplianceDiagnoseTest" time="0"/>
  <testcase name="testBug531714_001 - 1.5" classname="org.eclipse.jdt.core.tests.compiler.parser.ComplianceDiagnoseTest" time="0.002"/>
  <testcase name="testBug531714_002 - 1.5" classname="org.eclipse.jdt.core.tests.compiler.parser.ComplianceDiagnoseTest" time="0.001"/>
  <testcase name="test0049_Diet - 1.5" classname="org.eclipse.jdt.core.tests.compiler.parser.GenericsCompletionParserTest" time="0"/>
  <testcase name="test0049_Method - 1.5" classname="org.eclipse.jdt.core.tests.compiler.parser.GenericsCompletionParserTest" time="0"/>
  <testcase name="test0052_Diet - 1.5" classname="org.eclipse.jdt.core.tests.compiler.parser.GenericsCompletionParserTest" time="0"/>
  <testcase name="test0052_Diet - 1.5" classname="org.eclipse.jdt.core.tests.compiler.parser.AnnotationCompletionParserTest" time="0"/>
  <testcase name="test0052_Method - 1.5" classname="org.eclipse.jdt.core.tests.compiler.parser.GenericsCompletionParserTest" time="0.001"/>
  <testcase name="test0052_Method - 1.5" classname="org.eclipse.jdt.core.tests.compiler.parser.AnnotationCompletionParserTest" time="0"/>
  <testcase name="test0080 - 1.5" classname="org.eclipse.jdt.core.tests.compiler.parser.GenericsCompletionParserTest" time="0"/>
  <testcase name="test0080 - 1.5" classname="org.eclipse.jdt.core.tests.compiler.parser.AnnotationCompletionParserTest" time="0.001"/>
  <testcase name="test0081 - 1.5" classname="org.eclipse.jdt.core.tests.compiler.parser.GenericsCompletionParserTest" time="0"/>
  <testcase name="test0081 - 1.5" classname="org.eclipse.jdt.core.tests.compiler.parser.AnnotationCompletionParserTest" time="0"/>
  <testcase name="test0082 - 1.5" classname="org.eclipse.jdt.core.tests.compiler.parser.GenericsCompletionParserTest" time="0"/>
  <testcase name="test0082 - 1.5" classname="org.eclipse.jdt.core.tests.compiler.parser.AnnotationCompletionParserTest" time="0"/>
  <testcase name="test0090 - 1.5" classname="org.eclipse.jdt.core.tests.compiler.parser.GenericsCompletionParserTest" time="0"/>
  <testcase name="test0090 - 1.5" classname="org.eclipse.jdt.core.tests.compiler.parser.AnnotationCompletionParserTest" time="0"/>
  <testcase name="test0092 - 1.5" classname="org.eclipse.jdt.core.tests.compiler.parser.GenericsCompletionParserTest" time="0"/>
  <testcase name="test0092 - 1.5" classname="org.eclipse.jdt.core.tests.compiler.parser.AnnotationCompletionParserTest" time="0"/>
  <testcase name="test0093 - 1.5" classname="org.eclipse.jdt.core.tests.compiler.parser.GenericsCompletionParserTest" time="0"/>
  <testcase name="test0093 - 1.5" classname="org.eclipse.jdt.core.tests.compiler.parser.AnnotationCompletionParserTest" time="0"/>
  <testcase name="test0095 - 1.5" classname="org.eclipse.jdt.core.tests.compiler.parser.GenericsCompletionParserTest" time="0"/>
  <testcase name="test0095 - 1.5" classname="org.eclipse.jdt.core.tests.compiler.parser.AnnotationCompletionParserTest" time="0"/>
  <testcase name="test0096 - 1.5" classname="org.eclipse.jdt.core.tests.compiler.parser.GenericsCompletionParserTest" time="0.001"/>
  <testcase name="test0096 - 1.5" classname="org.eclipse.jdt.core.tests.compiler.parser.AnnotationCompletionParserTest" time="0"/>
  <testcase name="test0097 - 1.5" classname="org.eclipse.jdt.core.tests.compiler.parser.GenericsCompletionParserTest" time="0"/>
  <testcase name="test0097 - 1.5" classname="org.eclipse.jdt.core.tests.compiler.parser.AnnotationCompletionParserTest" time="0"/>
  <testcase name="test0098 - 1.5" classname="org.eclipse.jdt.core.tests.compiler.parser.GenericsCompletionParserTest" time="0"/>
  <testcase name="test0098 - 1.5" classname="org.eclipse.jdt.core.tests.compiler.parser.AnnotationCompletionParserTest" time="0"/>
  <testcase name="test0127_Diet - 1.5" classname="org.eclipse.jdt.core.tests.compiler.parser.GenericsCompletionParserTest" time="0"/>
  <testcase name="test0127_Method - 1.5" classname="org.eclipse.jdt.core.tests.compiler.parser.GenericsCompletionParserTest" time="0"/>
  <testcase name="test0134_Diet - 1.5" classname="org.eclipse.jdt.core.tests.compiler.parser.GenericsCompletionParserTest" time="0"/>
  <testcase name="test0134_Method - 1.5" classname="org.eclipse.jdt.core.tests.compiler.parser.GenericsCompletionParserTest" time="0"/>
  <testcase name="test0136_Diet - 1.5" classname="org.eclipse.jdt.core.tests.compiler.parser.GenericsCompletionParserTest" time="0"/>
  <testcase name="test0136_Method - 1.5" classname="org.eclipse.jdt.core.tests.compiler.parser.GenericsCompletionParserTest" time="0"/>
  <testcase name="test0139_Diet - 1.5" classname="org.eclipse.jdt.core.tests.compiler.parser.GenericsCompletionParserTest" time="0.001"/>
  <testcase name="test0139_Method - 1.5" classname="org.eclipse.jdt.core.tests.compiler.parser.GenericsCompletionParserTest" time="0"/>
  <testcase name="test0140_Diet - 1.5" classname="org.eclipse.jdt.core.tests.compiler.parser.GenericsCompletionParserTest" time="0"/>
  <testcase name="test0140_Method - 1.5" classname="org.eclipse.jdt.core.tests.compiler.parser.GenericsCompletionParserTest" time="0"/>
  <testcase name="test0141_Diet - 1.5" classname="org.eclipse.jdt.core.tests.compiler.parser.GenericsCompletionParserTest" time="0.001"/>
  <testcase name="test0141_Method - 1.5" classname="org.eclipse.jdt.core.tests.compiler.parser.GenericsCompletionParserTest" time="0"/>
  <testcase name="test0159_Diet - 1.5" classname="org.eclipse.jdt.core.tests.compiler.parser.GenericsCompletionParserTest" time="0"/>
  <testcase name="test0159_Method - 1.5" classname="org.eclipse.jdt.core.tests.compiler.parser.GenericsCompletionParserTest" time="0"/>
  <testcase name="test0160_Diet - 1.5" classname="org.eclipse.jdt.core.tests.compiler.parser.GenericsCompletionParserTest" time="0"/>
  <testcase name="test0160_Method - 1.5" classname="org.eclipse.jdt.core.tests.compiler.parser.GenericsCompletionParserTest" time="0"/>
  <testcase name="test0172_Diet - 1.5" classname="org.eclipse.jdt.core.tests.compiler.parser.GenericsCompletionParserTest" time="0"/>
  <testcase name="test0172_Method - 1.5" classname="org.eclipse.jdt.core.tests.compiler.parser.GenericsCompletionParserTest" time="0"/>
  <testcase name="test0174_Method - 1.5" classname="org.eclipse.jdt.core.tests.compiler.parser.GenericsCompletionParserTest" time="0.001"/>
  <testcase name="test0175_Method - 1.5" classname="org.eclipse.jdt.core.tests.compiler.parser.GenericsCompletionParserTest" time="0"/>
  <testcase name="test0176_Method - 1.5" classname="org.eclipse.jdt.core.tests.compiler.parser.GenericsCompletionParserTest" time="0"/>
  <testcase name="test0181 - 1.5" classname="org.eclipse.jdt.core.tests.compiler.parser.GenericsCompletionParserTest" time="0"/>
  <testcase name="test0182 - 1.5" classname="org.eclipse.jdt.core.tests.compiler.parser.GenericsCompletionParserTest" time="0.001"/>
  <testcase name="test0183 - 1.5" classname="org.eclipse.jdt.core.tests.compiler.parser.GenericsCompletionParserTest" time="0"/>
  <testcase name="test0185 - 1.5" classname="org.eclipse.jdt.core.tests.compiler.parser.GenericsCompletionParserTest" time="0"/>
  <testcase name="test0186 - 1.5" classname="org.eclipse.jdt.core.tests.compiler.parser.GenericsCompletionParserTest" time="0"/>
  <testcase name="test0194_Diet - 1.5" classname="org.eclipse.jdt.core.tests.compiler.parser.GenericsCompletionParserTest" time="0"/>
  <testcase name="test0194_Method - 1.5" classname="org.eclipse.jdt.core.tests.compiler.parser.GenericsCompletionParserTest" time="0.001"/>
  <testcase name="test0195_Diet - 1.5" classname="org.eclipse.jdt.core.tests.compiler.parser.GenericsCompletionParserTest" time="0"/>
  <testcase name="test0195_Method - 1.5" classname="org.eclipse.jdt.core.tests.compiler.parser.GenericsCompletionParserTest" time="0"/>
  <testcase name="test0202_Diet - 1.5" classname="org.eclipse.jdt.core.tests.compiler.parser.GenericsCompletionParserTest" time="0"/>
  <testcase name="test0202_Method - 1.5" classname="org.eclipse.jdt.core.tests.compiler.parser.GenericsCompletionParserTest" time="0"/>
  <testcase name="test0203_Diet - 1.5" classname="org.eclipse.jdt.core.tests.compiler.parser.GenericsCompletionParserTest" time="0.001"/>
  <testcase name="test0203_Method - 1.5" classname="org.eclipse.jdt.core.tests.compiler.parser.GenericsCompletionParserTest" time="0"/>
  <testcase name="test0204_Diet - 1.5" classname="org.eclipse.jdt.core.tests.compiler.parser.GenericsCompletionParserTest" time="0"/>
  <testcase name="test0204_Method - 1.5" classname="org.eclipse.jdt.core.tests.compiler.parser.GenericsCompletionParserTest" time="0.001"/>
  <testcase name="test0206_Diet - 1.5" classname="org.eclipse.jdt.core.tests.compiler.parser.GenericsCompletionParserTest" time="0"/>
  <testcase name="test0206_Method - 1.5" classname="org.eclipse.jdt.core.tests.compiler.parser.GenericsCompletionParserTest" time="0"/>
  <testcase name="test0207_Diet - 1.5" classname="org.eclipse.jdt.core.tests.compiler.parser.GenericsCompletionParserTest" time="0.001"/>
  <testcase name="test0207_Method - 1.5" classname="org.eclipse.jdt.core.tests.compiler.parser.GenericsCompletionParserTest" time="0"/>
  <testcase name="test0208_Diet - 1.5" classname="org.eclipse.jdt.core.tests.compiler.parser.GenericsCompletionParserTest" time="0"/>
  <testcase name="test0208_Method - 1.5" classname="org.eclipse.jdt.core.tests.compiler.parser.GenericsCompletionParserTest" time="0"/>
  <testcase name="test0209_Diet - 1.5" classname="org.eclipse.jdt.core.tests.compiler.parser.GenericsCompletionParserTest" time="0"/>
  <testcase name="test0209_Method - 1.5" classname="org.eclipse.jdt.core.tests.compiler.parser.GenericsCompletionParserTest" time="0"/>
  <testcase name="test0210_Diet - 1.5" classname="org.eclipse.jdt.core.tests.compiler.parser.GenericsCompletionParserTest" time="0"/>
  <testcase name="test0210_Method - 1.5" classname="org.eclipse.jdt.core.tests.compiler.parser.GenericsCompletionParserTest" time="0"/>
  <testcase name="test0213_Diet - 1.5" classname="org.eclipse.jdt.core.tests.compiler.parser.GenericsCompletionParserTest" time="0"/>
  <testcase name="test0213_Method - 1.5" classname="org.eclipse.jdt.core.tests.compiler.parser.GenericsCompletionParserTest" time="0.001"/>
  <testcase name="test0215_Diet - 1.5" classname="org.eclipse.jdt.core.tests.compiler.parser.GenericsCompletionParserTest" time="0"/>
  <testcase name="test0215_Method - 1.5" classname="org.eclipse.jdt.core.tests.compiler.parser.GenericsCompletionParserTest" time="0.001"/>
  <testcase name="testBug351426 - 1.5" classname="org.eclipse.jdt.core.tests.compiler.parser.GenericsCompletionParserTest" time="0"/>
  <testcase name="testBug351426b - 1.5" classname="org.eclipse.jdt.core.tests.compiler.parser.GenericsCompletionParserTest" time="0"/>
  <testcase name="testBug351426c - 1.5" classname="org.eclipse.jdt.core.tests.compiler.parser.GenericsCompletionParserTest" time="0.001"/>
  <testcase name="test0013_Diet - 1.5" classname="org.eclipse.jdt.core.tests.compiler.parser.AnnotationCompletionParserTest" time="0.001"/>
  <testcase name="test0013_Method - 1.5" classname="org.eclipse.jdt.core.tests.compiler.parser.AnnotationCompletionParserTest" time="0"/>
  <testcase name="test0064_Diet - 1.5" classname="org.eclipse.jdt.core.tests.compiler.parser.AnnotationCompletionParserTest" time="0"/>
  <testcase name="test0064_Method - 1.5" classname="org.eclipse.jdt.core.tests.compiler.parser.AnnotationCompletionParserTest" time="0"/>
  <testcase name="test0099 - 1.5" classname="org.eclipse.jdt.core.tests.compiler.parser.AnnotationCompletionParserTest" time="0.001"/>
  <testcase name="test0100 - 1.5" classname="org.eclipse.jdt.core.tests.compiler.parser.AnnotationCompletionParserTest" time="0"/>
  <testcase name="testInIfStatement - 1.6" classname="org.eclipse.jdt.core.tests.compiler.parser.AllocationExpressionCompletionTest" time="0"/>
  <testcase name="testInIfStatement - 1.6" classname="org.eclipse.jdt.core.tests.compiler.parser.MethodInvocationCompletionTest" time="0"/>
  <testcase name="testNoQualificationQualifiedTypeName - 1.6" classname="org.eclipse.jdt.core.tests.compiler.parser.AllocationExpressionCompletionTest" time="0"/>
  <testcase name="testNoQualificationSimpleTypeName - 1.6" classname="org.eclipse.jdt.core.tests.compiler.parser.AllocationExpressionCompletionTest" time="0"/>
  <testcase name="testQualifiedWithName - 1.6" classname="org.eclipse.jdt.core.tests.compiler.parser.AllocationExpressionCompletionTest" time="0"/>
  <testcase name="testQualifiedWithPrimary - 1.6" classname="org.eclipse.jdt.core.tests.compiler.parser.AllocationExpressionCompletionTest" time="0.001"/>
  <testcase name="testArrayType - 1.6" classname="org.eclipse.jdt.core.tests.compiler.parser.ClassLiteralAccessCompletionTest" time="0.001"/>
  <testcase name="testArrayTypeWithNonEmptyIdentifier - 1.6" classname="org.eclipse.jdt.core.tests.compiler.parser.ClassLiteralAccessCompletionTest" time="0"/>
  <testcase name="testPrimitiveArrayType - 1.6" classname="org.eclipse.jdt.core.tests.compiler.parser.ClassLiteralAccessCompletionTest" time="0"/>
  <testcase name="testPrimitiveArrayTypeWithNonEmptyIdentifier - 1.6" classname="org.eclipse.jdt.core.tests.compiler.parser.ClassLiteralAccessCompletionTest" time="0"/>
  <testcase name="testPrimitiveType - 1.6" classname="org.eclipse.jdt.core.tests.compiler.parser.ClassLiteralAccessCompletionTest" time="0.001"/>
  <testcase name="testPrimitiveTypeWithNonEmptyIdentifier - 1.6" classname="org.eclipse.jdt.core.tests.compiler.parser.ClassLiteralAccessCompletionTest" time="0"/>
  <testcase name="test001 - 1.6" classname="org.eclipse.jdt.core.tests.compiler.parser.CompletionParserTest" time="0.001"/>
  <testcase name="test001 - 1.6" classname="org.eclipse.jdt.core.tests.compiler.parser.JavadocCompletionParserTest" time="0"/>
  <testcase name="test001 - 1.6" classname="org.eclipse.jdt.core.tests.compiler.parser.ParserTest" time="0.001"/>
  <testcase name="test002 - 1.6" classname="org.eclipse.jdt.core.tests.compiler.parser.CompletionParserTest" time="0"/>
  <testcase name="test002 - 1.6" classname="org.eclipse.jdt.core.tests.compiler.parser.JavadocCompletionParserTest" time="0.001"/>
  <testcase name="test002 - 1.6" classname="org.eclipse.jdt.core.tests.compiler.parser.ParserTest" time="0.001"/>
  <testcase name="test003 - 1.6" classname="org.eclipse.jdt.core.tests.compiler.parser.CompletionParserTest" time="0"/>
  <testcase name="test003 - 1.6" classname="org.eclipse.jdt.core.tests.compiler.parser.JavadocCompletionParserTest" time="0"/>
  <testcase name="test003 - 1.6" classname="org.eclipse.jdt.core.tests.compiler.parser.ParserTest" time="0.001"/>
  <testcase name="test004 - 1.6" classname="org.eclipse.jdt.core.tests.compiler.parser.CompletionParserTest" time="0.001"/>
  <testcase name="test004 - 1.6" classname="org.eclipse.jdt.core.tests.compiler.parser.JavadocCompletionParserTest" time="0"/>
  <testcase name="test004 - 1.6" classname="org.eclipse.jdt.core.tests.compiler.parser.ParserTest" time="0"/>
  <testcase name="test005 - 1.6" classname="org.eclipse.jdt.core.tests.compiler.parser.CompletionParserTest" time="0"/>
  <testcase name="test005 - 1.6" classname="org.eclipse.jdt.core.tests.compiler.parser.JavadocCompletionParserTest" time="0"/>
  <testcase name="test005 - 1.6" classname="org.eclipse.jdt.core.tests.compiler.parser.ParserTest" time="0.001"/>
  <testcase name="test006 - 1.6" classname="org.eclipse.jdt.core.tests.compiler.parser.CompletionParserTest" time="0"/>
  <testcase name="test006 - 1.6" classname="org.eclipse.jdt.core.tests.compiler.parser.JavadocCompletionParserTest" time="0.001"/>
  <testcase name="test006 - 1.6" classname="org.eclipse.jdt.core.tests.compiler.parser.ParserTest" time="0.001"/>
  <testcase name="test007 - 1.6" classname="org.eclipse.jdt.core.tests.compiler.parser.CompletionParserTest" time="0"/>
  <testcase name="test007 - 1.6" classname="org.eclipse.jdt.core.tests.compiler.parser.JavadocCompletionParserTest" time="0"/>
  <testcase name="test007 - 1.6" classname="org.eclipse.jdt.core.tests.compiler.parser.ParserTest" time="0"/>
  <testcase name="test008 - 1.6" classname="org.eclipse.jdt.core.tests.compiler.parser.CompletionParserTest" time="0"/>
  <testcase name="test008 - 1.6" classname="org.eclipse.jdt.core.tests.compiler.parser.JavadocCompletionParserTest" time="0"/>
  <testcase name="test008 - 1.6" classname="org.eclipse.jdt.core.tests.compiler.parser.ParserTest" time="0"/>
  <testcase name="test009 - 1.6" classname="org.eclipse.jdt.core.tests.compiler.parser.CompletionParserTest" time="0"/>
  <testcase name="test009 - 1.6" classname="org.eclipse.jdt.core.tests.compiler.parser.ParserTest" time="0.001"/>
  <testcase name="test010 - 1.6" classname="org.eclipse.jdt.core.tests.compiler.parser.CompletionParserTest" time="0"/>
  <testcase name="test010 - 1.6" classname="org.eclipse.jdt.core.tests.compiler.parser.JavadocCompletionParserTest" time="0"/>
  <testcase name="test010 - 1.6" classname="org.eclipse.jdt.core.tests.compiler.parser.ParserTest" time="0.001"/>
  <testcase name="test011 - 1.6" classname="org.eclipse.jdt.core.tests.compiler.parser.CompletionParserTest" time="0"/>
  <testcase name="test011 - 1.6" classname="org.eclipse.jdt.core.tests.compiler.parser.JavadocCompletionParserTest" time="0.001"/>
  <testcase name="test012 - 1.6" classname="org.eclipse.jdt.core.tests.compiler.parser.CompletionParserTest" time="0"/>
  <testcase name="test012 - 1.6" classname="org.eclipse.jdt.core.tests.compiler.parser.JavadocCompletionParserTest" time="0"/>
  <testcase name="test012 - 1.6" classname="org.eclipse.jdt.core.tests.compiler.parser.ParserTest" time="0.001"/>
  <testcase name="test013 - 1.6" classname="org.eclipse.jdt.core.tests.compiler.parser.CompletionParserTest" time="0"/>
  <testcase name="test013 - 1.6" classname="org.eclipse.jdt.core.tests.compiler.parser.JavadocCompletionParserTest" time="0"/>
  <testcase name="test013 - 1.6" classname="org.eclipse.jdt.core.tests.compiler.parser.ParserTest" time="0.001"/>
  <testcase name="test014 - 1.6" classname="org.eclipse.jdt.core.tests.compiler.parser.CompletionParserTest" time="0"/>
  <testcase name="test014 - 1.6" classname="org.eclipse.jdt.core.tests.compiler.parser.JavadocCompletionParserTest" time="0"/>
  <testcase name="test014 - 1.6" classname="org.eclipse.jdt.core.tests.compiler.parser.ParserTest" time="0"/>
  <testcase name="test015 - 1.6" classname="org.eclipse.jdt.core.tests.compiler.parser.CompletionParserTest" time="0"/>
  <testcase name="test015 - 1.6" classname="org.eclipse.jdt.core.tests.compiler.parser.JavadocCompletionParserTest" time="0"/>
  <testcase name="test015 - 1.6" classname="org.eclipse.jdt.core.tests.compiler.parser.ParserTest" time="0"/>
  <testcase name="test016 - 1.6" classname="org.eclipse.jdt.core.tests.compiler.parser.CompletionParserTest" time="0"/>
  <testcase name="test016 - 1.6" classname="org.eclipse.jdt.core.tests.compiler.parser.ParserTest" time="0.001"/>
  <testcase name="test017 - 1.6" classname="org.eclipse.jdt.core.tests.compiler.parser.CompletionParserTest" time="0"/>
  <testcase name="test017 - 1.6" classname="org.eclipse.jdt.core.tests.compiler.parser.ParserTest" time="0"/>
  <testcase name="testA - 1.6" classname="org.eclipse.jdt.core.tests.compiler.parser.CompletionParserTest" time="0"/>
  <testcase name="testAA_1 - 1.6" classname="org.eclipse.jdt.core.tests.compiler.parser.CompletionParserTest" time="0.001"/>
  <testcase name="testAA_2 - 1.6" classname="org.eclipse.jdt.core.tests.compiler.parser.CompletionParserTest" time="0"/>
  <testcase name="testAA_3 - 1.6" classname="org.eclipse.jdt.core.tests.compiler.parser.CompletionParserTest" time="0"/>
  <testcase name="testAA_4 - 1.6" classname="org.eclipse.jdt.core.tests.compiler.parser.CompletionParserTest" time="0"/>
  <testcase name="testAB_1FHU9LU - 1.6" classname="org.eclipse.jdt.core.tests.compiler.parser.CompletionParserTest" time="0"/>
  <testcase name="testAC_1FJ8D9Z_1 - 1.6" classname="org.eclipse.jdt.core.tests.compiler.parser.CompletionParserTest" time="0"/>
  <testcase name="testAC_1FJ8D9Z_2 - 1.6" classname="org.eclipse.jdt.core.tests.compiler.parser.CompletionParserTest" time="0"/>
  <testcase name="testAC_1FJ8D9Z_3 - 1.6" classname="org.eclipse.jdt.core.tests.compiler.parser.CompletionParserTest" time="0.001"/>
  <testcase name="testB - 1.6" classname="org.eclipse.jdt.core.tests.compiler.parser.CompletionParserTest" time="0"/>
  <testcase name="testBA_1 - 1.6" classname="org.eclipse.jdt.core.tests.compiler.parser.CompletionParserTest" time="0"/>
  <testcase name="testBA_2 - 1.6" classname="org.eclipse.jdt.core.tests.compiler.parser.CompletionParserTest" time="0"/>
  <testcase name="testBB_1FHJ8H9 - 1.6" classname="org.eclipse.jdt.core.tests.compiler.parser.CompletionParserTest" time="0"/>
  <testcase name="testBC_1FJ4GSG_1 - 1.6" classname="org.eclipse.jdt.core.tests.compiler.parser.CompletionParserTest" time="0"/>
  <testcase name="testBC_1FJ4GSG_2 - 1.6" classname="org.eclipse.jdt.core.tests.compiler.parser.CompletionParserTest" time="0"/>
  <testcase name="testBC_1FJ4GSG_3 - 1.6" classname="org.eclipse.jdt.core.tests.compiler.parser.CompletionParserTest" time="0"/>
  <testcase name="testBug292087a - 1.6" classname="org.eclipse.jdt.core.tests.compiler.parser.CompletionParserTest" time="0"/>
  <testcase name="testBug292087b - 1.6" classname="org.eclipse.jdt.core.tests.compiler.parser.CompletionParserTest" time="0"/>
  <testcase name="testBug310423 - 1.6" classname="org.eclipse.jdt.core.tests.compiler.parser.CompletionParserTest" time="0.001"/>
  <testcase name="testBug338789 - 1.6" classname="org.eclipse.jdt.core.tests.compiler.parser.CompletionParserTest" time="0"/>
  <testcase name="testBug338789b - 1.6" classname="org.eclipse.jdt.core.tests.compiler.parser.CompletionParserTest" time="0"/>
  <testcase name="testBug343637 - 1.6" classname="org.eclipse.jdt.core.tests.compiler.parser.CompletionParserTest" time="0"/>
  <testcase name="testBug346415 - 1.6" classname="org.eclipse.jdt.core.tests.compiler.parser.CompletionParserTest" time="0"/>
  <testcase name="testBug346454 - 1.6" classname="org.eclipse.jdt.core.tests.compiler.parser.CompletionParserTest" time="0"/>
  <testcase name="testBug346454b - 1.6" classname="org.eclipse.jdt.core.tests.compiler.parser.CompletionParserTest" time="0"/>
  <testcase name="testC - 1.6" classname="org.eclipse.jdt.core.tests.compiler.parser.CompletionParserTest" time="0"/>
  <testcase name="testCA_1FGPJQZ - 1.6" classname="org.eclipse.jdt.core.tests.compiler.parser.CompletionParserTest" time="0"/>
  <testcase name="testCB_1FHSKQ9_1 - 1.6" classname="org.eclipse.jdt.core.tests.compiler.parser.CompletionParserTest" time="0"/>
  <testcase name="testCB_1FHSKQ9_2 - 1.6" classname="org.eclipse.jdt.core.tests.compiler.parser.CompletionParserTest" time="0"/>
  <testcase name="testCC_1FJ64I9 - 1.6" classname="org.eclipse.jdt.core.tests.compiler.parser.CompletionParserTest" time="0"/>
  <testcase name="testDA_1 - 1.6" classname="org.eclipse.jdt.core.tests.compiler.parser.CompletionParserTest" time="0.001"/>
  <testcase name="testDA_2 - 1.6" classname="org.eclipse.jdt.core.tests.compiler.parser.CompletionParserTest" time="0"/>
  <testcase name="testDA_3 - 1.6" classname="org.eclipse.jdt.core.tests.compiler.parser.CompletionParserTest" time="0"/>
  <testcase name="testDA_4 - 1.6" classname="org.eclipse.jdt.core.tests.compiler.parser.CompletionParserTest" time="0.001"/>
  <testcase name="testDA_5 - 1.6" classname="org.eclipse.jdt.core.tests.compiler.parser.CompletionParserTest" time="0"/>
  <testcase name="testDB_1FHSLDR - 1.6" classname="org.eclipse.jdt.core.tests.compiler.parser.CompletionParserTest" time="0"/>
  <testcase name="testDC_1FJJ0JR_1 - 1.6" classname="org.eclipse.jdt.core.tests.compiler.parser.CompletionParserTest" time="0.001"/>
  <testcase name="testD_1 - 1.6" classname="org.eclipse.jdt.core.tests.compiler.parser.CompletionParserTest" time="0"/>
  <testcase name="testD_2 - 1.6" classname="org.eclipse.jdt.core.tests.compiler.parser.CompletionParserTest" time="0"/>
  <testcase name="testEA_1 - 1.6" classname="org.eclipse.jdt.core.tests.compiler.parser.CompletionParserTest" time="0.001"/>
  <testcase name="testEA_2 - 1.6" classname="org.eclipse.jdt.core.tests.compiler.parser.CompletionParserTest" time="0"/>
  <testcase name="testEB_1FI74S3 - 1.6" classname="org.eclipse.jdt.core.tests.compiler.parser.CompletionParserTest" time="0"/>
  <testcase name="testEC_1FSBZ2Y - 1.6" classname="org.eclipse.jdt.core.tests.compiler.parser.CompletionParserTest" time="0"/>
  <testcase name="testE_1FG1YDS_1 - 1.6" classname="org.eclipse.jdt.core.tests.compiler.parser.CompletionParserTest" time="0.001"/>
  <testcase name="testE_1FG1YDS_2 - 1.6" classname="org.eclipse.jdt.core.tests.compiler.parser.CompletionParserTest" time="0"/>
  <testcase name="testE_1FG1YDS_3 - 1.6" classname="org.eclipse.jdt.core.tests.compiler.parser.CompletionParserTest" time="0"/>
  <testcase name="testF - 1.6" classname="org.eclipse.jdt.core.tests.compiler.parser.CompletionParserTest" time="0"/>
  <testcase name="testFA_1 - 1.6" classname="org.eclipse.jdt.core.tests.compiler.parser.CompletionParserTest" time="0"/>
  <testcase name="testFA_2 - 1.6" classname="org.eclipse.jdt.core.tests.compiler.parser.CompletionParserTest" time="0"/>
  <testcase name="testFB_1FI74S3 - 1.6" classname="org.eclipse.jdt.core.tests.compiler.parser.CompletionParserTest" time="0"/>
  <testcase name="testFC_1FSBZ9B - 1.6" classname="org.eclipse.jdt.core.tests.compiler.parser.CompletionParserTest" time="0"/>
  <testcase name="testG - 1.6" classname="org.eclipse.jdt.core.tests.compiler.parser.CompletionParserTest" time="0"/>
  <testcase name="testGA - 1.6" classname="org.eclipse.jdt.core.tests.compiler.parser.CompletionParserTest" time="0.001"/>
  <testcase name="testGB_1FI74S3 - 1.6" classname="org.eclipse.jdt.core.tests.compiler.parser.CompletionParserTest" time="0"/>
  <testcase name="testGC_1FSHLHV_1 - 1.6" classname="org.eclipse.jdt.core.tests.compiler.parser.CompletionParserTest" time="0"/>
  <testcase name="testGC_1FSHLHV_2 - 1.6" classname="org.eclipse.jdt.core.tests.compiler.parser.CompletionParserTest" time="0"/>
  <testcase name="testGC_1FSHLHV_3 - 1.6" classname="org.eclipse.jdt.core.tests.compiler.parser.CompletionParserTest" time="0.001"/>
  <testcase name="testGC_1FSHLHV_4 - 1.6" classname="org.eclipse.jdt.core.tests.compiler.parser.CompletionParserTest" time="0"/>
  <testcase name="testH - 1.6" classname="org.eclipse.jdt.core.tests.compiler.parser.CompletionParserTest" time="0"/>
  <testcase name="testHA_1 - 1.6" classname="org.eclipse.jdt.core.tests.compiler.parser.CompletionParserTest" time="0"/>
  <testcase name="testHA_2 - 1.6" classname="org.eclipse.jdt.core.tests.compiler.parser.CompletionParserTest" time="0"/>
  <testcase name="testHB_1FHSLDR - 1.6" classname="org.eclipse.jdt.core.tests.compiler.parser.CompletionParserTest" time="0"/>
  <testcase name="testHC_1FMPYO3_1 - 1.6" classname="org.eclipse.jdt.core.tests.compiler.parser.CompletionParserTest" time="0"/>
  <testcase name="testHC_1FMPYO3_2 - 1.6" classname="org.eclipse.jdt.core.tests.compiler.parser.CompletionParserTest" time="0"/>
  <testcase name="testI - 1.6" classname="org.eclipse.jdt.core.tests.compiler.parser.CompletionParserTest" time="0"/>
  <testcase name="testIA_1FGNBPR_1 - 1.6" classname="org.eclipse.jdt.core.tests.compiler.parser.CompletionParserTest" time="0"/>
  <testcase name="testIA_1FGNBPR_2 - 1.6" classname="org.eclipse.jdt.core.tests.compiler.parser.CompletionParserTest" time="0"/>
  <testcase name="testIB - 1.6" classname="org.eclipse.jdt.core.tests.compiler.parser.CompletionParserTest" time="0"/>
  <testcase name="testIC_1FMGUPR - 1.6" classname="org.eclipse.jdt.core.tests.compiler.parser.CompletionParserTest" time="0"/>
  <testcase name="testJ - 1.6" classname="org.eclipse.jdt.core.tests.compiler.parser.CompletionParserTest" time="0"/>
  <testcase name="testJA_1FGQVW2_1 - 1.6" classname="org.eclipse.jdt.core.tests.compiler.parser.CompletionParserTest" time="0"/>
  <testcase name="testJA_1FGQVW2_2 - 1.6" classname="org.eclipse.jdt.core.tests.compiler.parser.CompletionParserTest" time="0"/>
  <testcase name="testJB - 1.6" classname="org.eclipse.jdt.core.tests.compiler.parser.CompletionParserTest" time="0"/>
  <testcase name="testJC_1FLG1ZC - 1.6" classname="org.eclipse.jdt.core.tests.compiler.parser.CompletionParserTest" time="0"/>
  <testcase name="testKA_1FH5SU5 - 1.6" classname="org.eclipse.jdt.core.tests.compiler.parser.CompletionParserTest" time="0"/>
  <testcase name="testKB - 1.6" classname="org.eclipse.jdt.core.tests.compiler.parser.CompletionParserTest" time="0"/>
  <testcase name="testKC_1FLG1ZC - 1.6" classname="org.eclipse.jdt.core.tests.compiler.parser.CompletionParserTest" time="0.001"/>
  <testcase name="testK_1 - 1.6" classname="org.eclipse.jdt.core.tests.compiler.parser.CompletionParserTest" time="0"/>
  <testcase name="testK_2 - 1.6" classname="org.eclipse.jdt.core.tests.compiler.parser.CompletionParserTest" time="0"/>
  <testcase name="testK_3 - 1.6" classname="org.eclipse.jdt.core.tests.compiler.parser.CompletionParserTest" time="0.001"/>
  <testcase name="testK_4 - 1.6" classname="org.eclipse.jdt.core.tests.compiler.parser.CompletionParserTest" time="0"/>
  <testcase name="testLA_1FGLMOF - 1.6" classname="org.eclipse.jdt.core.tests.compiler.parser.CompletionParserTest" time="0"/>
  <testcase name="testLB - 1.6" classname="org.eclipse.jdt.core.tests.compiler.parser.CompletionParserTest" time="0"/>
  <testcase name="testLC_1FLG1E2 - 1.6" classname="org.eclipse.jdt.core.tests.compiler.parser.CompletionParserTest" time="0"/>
  <testcase name="testL_1 - 1.6" classname="org.eclipse.jdt.core.tests.compiler.parser.CompletionParserTest" time="0"/>
  <testcase name="testL_2 - 1.6" classname="org.eclipse.jdt.core.tests.compiler.parser.CompletionParserTest" time="0"/>
  <testcase name="testL_3 - 1.6" classname="org.eclipse.jdt.core.tests.compiler.parser.CompletionParserTest" time="0"/>
  <testcase name="testMA_1 - 1.6" classname="org.eclipse.jdt.core.tests.compiler.parser.CompletionParserTest" time="0"/>
  <testcase name="testMA_2 - 1.6" classname="org.eclipse.jdt.core.tests.compiler.parser.CompletionParserTest" time="0.001"/>
  <testcase name="testMA_3 - 1.6" classname="org.eclipse.jdt.core.tests.compiler.parser.CompletionParserTest" time="0"/>
  <testcase name="testMB_1FHSLMQ_1 - 1.6" classname="org.eclipse.jdt.core.tests.compiler.parser.CompletionParserTest" time="0"/>
  <testcase name="testMB_1FHSLMQ_2 - 1.6" classname="org.eclipse.jdt.core.tests.compiler.parser.CompletionParserTest" time="0"/>
  <testcase name="testMC_1FJ8D9Z - 1.6" classname="org.eclipse.jdt.core.tests.compiler.parser.CompletionParserTest" time="0"/>
  <testcase name="testM_1FGGLMT - 1.6" classname="org.eclipse.jdt.core.tests.compiler.parser.CompletionParserTest" time="0"/>
  <testcase name="testN - 1.6" classname="org.eclipse.jdt.core.tests.compiler.parser.CompletionParserTest" time="0"/>
  <testcase name="testNA_1 - 1.6" classname="org.eclipse.jdt.core.tests.compiler.parser.CompletionParserTest" time="0"/>
  <testcase name="testNA_2 - 1.6" classname="org.eclipse.jdt.core.tests.compiler.parser.CompletionParserTest" time="0.001"/>
  <testcase name="testNA_3 - 1.6" classname="org.eclipse.jdt.core.tests.compiler.parser.CompletionParserTest" time="0"/>
  <testcase name="testNB - 1.6" classname="org.eclipse.jdt.core.tests.compiler.parser.CompletionParserTest" time="0"/>
  <testcase name="testNC_1FJ8D9Z - 1.6" classname="org.eclipse.jdt.core.tests.compiler.parser.CompletionParserTest" time="0.001"/>
  <testcase name="testOA_1 - 1.6" classname="org.eclipse.jdt.core.tests.compiler.parser.CompletionParserTest" time="0"/>
  <testcase name="testOA_2 - 1.6" classname="org.eclipse.jdt.core.tests.compiler.parser.CompletionParserTest" time="0"/>
  <testcase name="testOB_1 - 1.6" classname="org.eclipse.jdt.core.tests.compiler.parser.CompletionParserTest" time="0.001"/>
  <testcase name="testOB_2 - 1.6" classname="org.eclipse.jdt.core.tests.compiler.parser.CompletionParserTest" time="0"/>
  <testcase name="testOC_1FM7J7F - 1.6" classname="org.eclipse.jdt.core.tests.compiler.parser.CompletionParserTest" time="0"/>
  <testcase name="testO_1FG1YU0 - 1.6" classname="org.eclipse.jdt.core.tests.compiler.parser.CompletionParserTest" time="0"/>
  <testcase name="testPA_1 - 1.6" classname="org.eclipse.jdt.core.tests.compiler.parser.CompletionParserTest" time="0"/>
  <testcase name="testPA_2 - 1.6" classname="org.eclipse.jdt.core.tests.compiler.parser.CompletionParserTest" time="0"/>
  <testcase name="testPB - 1.6" classname="org.eclipse.jdt.core.tests.compiler.parser.CompletionParserTest" time="0.001"/>
  <testcase name="testPC_1FSU4EF - 1.6" classname="org.eclipse.jdt.core.tests.compiler.parser.CompletionParserTest" time="0"/>
  <testcase name="testP_1FG1YU0 - 1.6" classname="org.eclipse.jdt.core.tests.compiler.parser.CompletionParserTest" time="0"/>
  <testcase name="testQA_1 - 1.6" classname="org.eclipse.jdt.core.tests.compiler.parser.CompletionParserTest" time="0"/>
  <testcase name="testQA_2 - 1.6" classname="org.eclipse.jdt.core.tests.compiler.parser.CompletionParserTest" time="0"/>
  <testcase name="testQA_3 - 1.6" classname="org.eclipse.jdt.core.tests.compiler.parser.CompletionParserTest" time="0"/>
  <testcase name="testQA_4 - 1.6" classname="org.eclipse.jdt.core.tests.compiler.parser.CompletionParserTest" time="0"/>
  <testcase name="testQB_1FIK820 - 1.6" classname="org.eclipse.jdt.core.tests.compiler.parser.CompletionParserTest" time="0"/>
  <testcase name="testQ_1FG1YU0 - 1.6" classname="org.eclipse.jdt.core.tests.compiler.parser.CompletionParserTest" time="0"/>
  <testcase name="testRA_1 - 1.6" classname="org.eclipse.jdt.core.tests.compiler.parser.CompletionParserTest" time="0.001"/>
  <testcase name="testRA_2 - 1.6" classname="org.eclipse.jdt.core.tests.compiler.parser.CompletionParserTest" time="0"/>
  <testcase name="testRA_3 - 1.6" classname="org.eclipse.jdt.core.tests.compiler.parser.CompletionParserTest" time="0"/>
  <testcase name="testRB_1FI74S3 - 1.6" classname="org.eclipse.jdt.core.tests.compiler.parser.CompletionParserTest" time="0"/>
  <testcase name="testR_1FGD31E - 1.6" classname="org.eclipse.jdt.core.tests.compiler.parser.CompletionParserTest" time="0"/>
  <testcase name="testSA - 1.6" classname="org.eclipse.jdt.core.tests.compiler.parser.CompletionParserTest" time="0"/>
  <testcase name="testSB_1FILFDG - 1.6" classname="org.eclipse.jdt.core.tests.compiler.parser.CompletionParserTest" time="0"/>
  <testcase name="testS_1FGF64P_1 - 1.6" classname="org.eclipse.jdt.core.tests.compiler.parser.CompletionParserTest" time="0"/>
  <testcase name="testS_1FGF64P_2 - 1.6" classname="org.eclipse.jdt.core.tests.compiler.parser.CompletionParserTest" time="0"/>
  <testcase name="testS_1FGF64P_3 - 1.6" classname="org.eclipse.jdt.core.tests.compiler.parser.CompletionParserTest" time="0"/>
  <testcase name="testTA_1FHISJJ_1 - 1.6" classname="org.eclipse.jdt.core.tests.compiler.parser.CompletionParserTest" time="0"/>
  <testcase name="testTA_1FHISJJ_2 - 1.6" classname="org.eclipse.jdt.core.tests.compiler.parser.CompletionParserTest" time="0.001"/>
  <testcase name="testTA_1FHISJJ_3 - 1.6" classname="org.eclipse.jdt.core.tests.compiler.parser.CompletionParserTest" time="0"/>
  <testcase name="testTB_1FHSLMQ - 1.6" classname="org.eclipse.jdt.core.tests.compiler.parser.CompletionParserTest" time="0"/>
  <testcase name="testT_1FGF64P - 1.6" classname="org.eclipse.jdt.core.tests.compiler.parser.CompletionParserTest" time="0"/>
  <testcase name="testUA_1FHISJJ_1 - 1.6" classname="org.eclipse.jdt.core.tests.compiler.parser.CompletionParserTest" time="0"/>
  <testcase name="testUA_1FHISJJ_2 - 1.6" classname="org.eclipse.jdt.core.tests.compiler.parser.CompletionParserTest" time="0"/>
  <testcase name="testUB_1FSBZ02 - 1.6" classname="org.eclipse.jdt.core.tests.compiler.parser.CompletionParserTest" time="0"/>
  <testcase name="testU_1FGGUME - 1.6" classname="org.eclipse.jdt.core.tests.compiler.parser.CompletionParserTest" time="0"/>
  <testcase name="testVA_1FHISJJ_1 - 1.6" classname="org.eclipse.jdt.core.tests.compiler.parser.CompletionParserTest" time="0"/>
  <testcase name="testVA_1FHISJJ_2 - 1.6" classname="org.eclipse.jdt.core.tests.compiler.parser.CompletionParserTest" time="0"/>
  <testcase name="testVB_1 - 1.6" classname="org.eclipse.jdt.core.tests.compiler.parser.CompletionParserTest" time="0"/>
  <testcase name="testVB_3 - 1.6" classname="org.eclipse.jdt.core.tests.compiler.parser.CompletionParserTest" time="0.001"/>
  <testcase name="testV_1FGGUOO_1 - 1.6" classname="org.eclipse.jdt.core.tests.compiler.parser.CompletionParserTest" time="0"/>
  <testcase name="testV_1FGGUOO_2 - 1.6" classname="org.eclipse.jdt.core.tests.compiler.parser.CompletionParserTest" time="0"/>
  <testcase name="testWA_1 - 1.6" classname="org.eclipse.jdt.core.tests.compiler.parser.CompletionParserTest" time="0"/>
  <testcase name="testWA_2 - 1.6" classname="org.eclipse.jdt.core.tests.compiler.parser.CompletionParserTest" time="0.001"/>
  <testcase name="testWB_1FI313C - 1.6" classname="org.eclipse.jdt.core.tests.compiler.parser.CompletionParserTest" time="0"/>
  <testcase name="testW_1FGGUS4 - 1.6" classname="org.eclipse.jdt.core.tests.compiler.parser.CompletionParserTest" time="0"/>
  <testcase name="testXA_1FGGUQF_1FHSL8H_2 - 1.6" classname="org.eclipse.jdt.core.tests.compiler.parser.CompletionParserTest" time="0"/>
  <testcase name="testXA_1FGGUQF_1FHSL8H_3 - 1.6" classname="org.eclipse.jdt.core.tests.compiler.parser.CompletionParserTest" time="0"/>
  <testcase name="testXA_1FGGUQF_1FHSL8H_4 - 1.6" classname="org.eclipse.jdt.core.tests.compiler.parser.CompletionParserTest" time="0"/>
  <testcase name="testXB_1FIYM5I_1 - 1.6" classname="org.eclipse.jdt.core.tests.compiler.parser.CompletionParserTest" time="0"/>
  <testcase name="testXB_1FIYM5I_2 - 1.6" classname="org.eclipse.jdt.core.tests.compiler.parser.CompletionParserTest" time="0"/>
  <testcase name="testXB_1FIYM5I_3 - 1.6" classname="org.eclipse.jdt.core.tests.compiler.parser.CompletionParserTest" time="0"/>
  <testcase name="testXB_1FIYM5I_4 - 1.6" classname="org.eclipse.jdt.core.tests.compiler.parser.CompletionParserTest" time="0"/>
  <testcase name="testX_1FGGV8C_1 - 1.6" classname="org.eclipse.jdt.core.tests.compiler.parser.CompletionParserTest" time="0.001"/>
  <testcase name="testX_1FGGV8C_2 - 1.6" classname="org.eclipse.jdt.core.tests.compiler.parser.CompletionParserTest" time="0"/>
  <testcase name="testX_1FGGV8C_3 - 1.6" classname="org.eclipse.jdt.core.tests.compiler.parser.CompletionParserTest" time="0"/>
  <testcase name="testX_1FGGV8C_4 - 1.6" classname="org.eclipse.jdt.core.tests.compiler.parser.CompletionParserTest" time="0"/>
  <testcase name="testX_1FGPE8E - 1.6" classname="org.eclipse.jdt.core.tests.compiler.parser.CompletionParserTest" time="0"/>
  <testcase name="testYA_1FGRIUH - 1.6" classname="org.eclipse.jdt.core.tests.compiler.parser.CompletionParserTest" time="0"/>
  <testcase name="testYB_1FJ4D46_1 - 1.6" classname="org.eclipse.jdt.core.tests.compiler.parser.CompletionParserTest" time="0"/>
  <testcase name="testY_1FGPESI - 1.6" classname="org.eclipse.jdt.core.tests.compiler.parser.CompletionParserTest" time="0.001"/>
  <testcase name="testZA_1 - 1.6" classname="org.eclipse.jdt.core.tests.compiler.parser.CompletionParserTest" time="0"/>
  <testcase name="testZA_2 - 1.6" classname="org.eclipse.jdt.core.tests.compiler.parser.CompletionParserTest" time="0"/>
  <testcase name="testZA_3 - 1.6" classname="org.eclipse.jdt.core.tests.compiler.parser.CompletionParserTest" time="0"/>
  <testcase name="testZB_1FJ4D46_1 - 1.6" classname="org.eclipse.jdt.core.tests.compiler.parser.CompletionParserTest" time="0.001"/>
  <testcase name="testZB_1FJ4D46_2 - 1.6" classname="org.eclipse.jdt.core.tests.compiler.parser.CompletionParserTest" time="0"/>
  <testcase name="testZ_1FGPF3D_1 - 1.6" classname="org.eclipse.jdt.core.tests.compiler.parser.CompletionParserTest" time="0"/>
  <testcase name="testZ_1FGPF3D_2 - 1.6" classname="org.eclipse.jdt.core.tests.compiler.parser.CompletionParserTest" time="0"/>
  <testcase name="test0001 - 1.6" classname="org.eclipse.jdt.core.tests.compiler.parser.CompletionParserTest2" time="0.001"/>
  <testcase name="test0001 - 1.6" classname="org.eclipse.jdt.core.tests.compiler.parser.CompletionParserTestKeyword" time="0"/>
  <testcase name="test0001 - 1.6" classname="org.eclipse.jdt.core.tests.compiler.parser.StatementRecoveryTest" time="0.001"/>
  <testcase name="test0001 - 1.6" classname="org.eclipse.jdt.core.tests.compiler.parser.ComplianceDiagnoseTest" time="0"/>
  <testcase name="test0001 - 1.6" classname="org.eclipse.jdt.core.tests.compiler.parser.GenericsCompletionParserTest" time="0"/>
  <testcase name="test0001 - 1.6" classname="org.eclipse.jdt.core.tests.compiler.parser.EnumCompletionParserTest" time="0.001"/>
  <testcase name="test0001 - 1.6" classname="org.eclipse.jdt.core.tests.compiler.parser.AnnotationCompletionParserTest" time="0"/>
  <testcase name="test0001 - 1.6" classname="org.eclipse.jdt.core.tests.compiler.parser.GenericsSelectionTest" time="0"/>
  <testcase name="test0001 - 1.6" classname="org.eclipse.jdt.core.tests.compiler.parser.AnnotationSelectionTest" time="0"/>
  <testcase name="test0001 - 1.6" classname="org.eclipse.jdt.core.tests.compiler.parser.EnumSelectionTest" time="0"/>
  <testcase name="test0001 - 1.6" classname="org.eclipse.jdt.core.tests.compiler.parser.GenericDietRecoveryTest" time="0.001"/>
  <testcase name="test0001 - 1.6" classname="org.eclipse.jdt.core.tests.compiler.parser.EnumDietRecoveryTest" time="0.001"/>
  <testcase name="test0001 - 1.6" classname="org.eclipse.jdt.core.tests.compiler.parser.AnnotationDietRecoveryTest" time="0.001"/>
  <testcase name="test0001 - 1.6" classname="org.eclipse.jdt.core.tests.compiler.parser.StatementRecoveryTest_1_5" time="0.002"/>
  <testcase name="test0002_Diet - 1.6" classname="org.eclipse.jdt.core.tests.compiler.parser.CompletionParserTest2" time="0"/>
  <testcase name="test0002_Method - 1.6" classname="org.eclipse.jdt.core.tests.compiler.parser.CompletionParserTest2" time="0"/>
  <testcase name="test0003_Diet - 1.6" classname="org.eclipse.jdt.core.tests.compiler.parser.CompletionParserTest2" time="0"/>
  <testcase name="test0003_Method - 1.6" classname="org.eclipse.jdt.core.tests.compiler.parser.CompletionParserTest2" time="0.001"/>
  <testcase name="test0004 - 1.6" classname="org.eclipse.jdt.core.tests.compiler.parser.CompletionParserTest2" time="0"/>
  <testcase name="test0004 - 1.6" classname="org.eclipse.jdt.core.tests.compiler.parser.CompletionParserTestKeyword" time="0.001"/>
  <testcase name="test0004 - 1.6" classname="org.eclipse.jdt.core.tests.compiler.parser.StatementRecoveryTest" time="0.001"/>
  <testcase name="test0004 - 1.6" classname="org.eclipse.jdt.core.tests.compiler.parser.ComplianceDiagnoseTest" time="0.001"/>
  <testcase name="test0004 - 1.6" classname="org.eclipse.jdt.core.tests.compiler.parser.GenericsCompletionParserTest" time="0"/>
  <testcase name="test0004 - 1.6" classname="org.eclipse.jdt.core.tests.compiler.parser.EnumCompletionParserTest" time="0.001"/>
  <testcase name="test0004 - 1.6" classname="org.eclipse.jdt.core.tests.compiler.parser.AnnotationCompletionParserTest" time="0"/>
  <testcase name="test0004 - 1.6" classname="org.eclipse.jdt.core.tests.compiler.parser.GenericsSelectionTest" time="0"/>
  <testcase name="test0004 - 1.6" classname="org.eclipse.jdt.core.tests.compiler.parser.AnnotationSelectionTest" time="0"/>
  <testcase name="test0004 - 1.6" classname="org.eclipse.jdt.core.tests.compiler.parser.GenericDietRecoveryTest" time="0.002"/>
  <testcase name="test0004 - 1.6" classname="org.eclipse.jdt.core.tests.compiler.parser.EnumDietRecoveryTest" time="0.001"/>
  <testcase name="test0004 - 1.6" classname="org.eclipse.jdt.core.tests.compiler.parser.AnnotationDietRecoveryTest" time="0.001"/>
  <testcase name="test0004 - 1.6" classname="org.eclipse.jdt.core.tests.compiler.parser.StatementRecoveryTest_1_5" time="0.002"/>
  <testcase name="test0005_Diet - 1.6" classname="org.eclipse.jdt.core.tests.compiler.parser.CompletionParserTest2" time="0"/>
  <testcase name="test0005_Method - 1.6" classname="org.eclipse.jdt.core.tests.compiler.parser.CompletionParserTest2" time="0"/>
  <testcase name="test0006_Diet - 1.6" classname="org.eclipse.jdt.core.tests.compiler.parser.CompletionParserTest2" time="0.001"/>
  <testcase name="test0006_Method - 1.6" classname="org.eclipse.jdt.core.tests.compiler.parser.CompletionParserTest2" time="0"/>
  <testcase name="test0007 - 1.6" classname="org.eclipse.jdt.core.tests.compiler.parser.CompletionParserTest2" time="0"/>
  <testcase name="test0007 - 1.6" classname="org.eclipse.jdt.core.tests.compiler.parser.CompletionParserTestKeyword" time="0"/>
  <testcase name="test0007 - 1.6" classname="org.eclipse.jdt.core.tests.compiler.parser.StatementRecoveryTest" time="0.001"/>
  <testcase name="test0007 - 1.6" classname="org.eclipse.jdt.core.tests.compiler.parser.ComplianceDiagnoseTest" time="0.001"/>
  <testcase name="test0007 - 1.6" classname="org.eclipse.jdt.core.tests.compiler.parser.GenericsCompletionParserTest" time="0"/>
  <testcase name="test0007 - 1.6" classname="org.eclipse.jdt.core.tests.compiler.parser.EnumCompletionParserTest" time="0"/>
  <testcase name="test0007 - 1.6" classname="org.eclipse.jdt.core.tests.compiler.parser.AnnotationCompletionParserTest" time="0"/>
  <testcase name="test0007 - 1.6" classname="org.eclipse.jdt.core.tests.compiler.parser.GenericsSelectionTest" time="0"/>
  <testcase name="test0007 - 1.6" classname="org.eclipse.jdt.core.tests.compiler.parser.AnnotationSelectionTest" time="0.001"/>
  <testcase name="test0007 - 1.6" classname="org.eclipse.jdt.core.tests.compiler.parser.GenericDietRecoveryTest" time="0.002"/>
  <testcase name="test0007 - 1.6" classname="org.eclipse.jdt.core.tests.compiler.parser.EnumDietRecoveryTest" time="0.002"/>
  <testcase name="test0007 - 1.6" classname="org.eclipse.jdt.core.tests.compiler.parser.AnnotationDietRecoveryTest" time="0.002"/>
  <testcase name="test0007 - 1.6" classname="org.eclipse.jdt.core.tests.compiler.parser.StatementRecoveryTest_1_5" time="0.002"/>
  <testcase name="test0008_Diet - 1.6" classname="org.eclipse.jdt.core.tests.compiler.parser.CompletionParserTest2" time="0"/>
  <testcase name="test0008_Method - 1.6" classname="org.eclipse.jdt.core.tests.compiler.parser.CompletionParserTest2" time="0.001"/>
  <testcase name="test0009_Diet - 1.6" classname="org.eclipse.jdt.core.tests.compiler.parser.CompletionParserTest2" time="0"/>
  <testcase name="test0009_Method - 1.6" classname="org.eclipse.jdt.core.tests.compiler.parser.CompletionParserTest2" time="0"/>
  <testcase name="test0010 - 1.6" classname="org.eclipse.jdt.core.tests.compiler.parser.CompletionParserTest2" time="0"/>
  <testcase name="test0010 - 1.6" classname="org.eclipse.jdt.core.tests.compiler.parser.CompletionParserTestKeyword" time="0"/>
  <testcase name="test0010 - 1.6" classname="org.eclipse.jdt.core.tests.compiler.parser.StatementRecoveryTest" time="0"/>
  <testcase name="test0010 - 1.6" classname="org.eclipse.jdt.core.tests.compiler.parser.ComplianceDiagnoseTest" time="0.001"/>
  <testcase name="test0010 - 1.6" classname="org.eclipse.jdt.core.tests.compiler.parser.GenericsCompletionParserTest" time="0"/>
  <testcase name="test0010 - 1.6" classname="org.eclipse.jdt.core.tests.compiler.parser.EnumCompletionParserTest" time="0"/>
  <testcase name="test0010 - 1.6" classname="org.eclipse.jdt.core.tests.compiler.parser.AnnotationCompletionParserTest" time="0.001"/>
  <testcase name="test0010 - 1.6" classname="org.eclipse.jdt.core.tests.compiler.parser.GenericsSelectionTest" time="0.001"/>
  <testcase name="test0010 - 1.6" classname="org.eclipse.jdt.core.tests.compiler.parser.AnnotationSelectionTest" time="0"/>
  <testcase name="test0010 - 1.6" classname="org.eclipse.jdt.core.tests.compiler.parser.GenericDietRecoveryTest" time="0.002"/>
  <testcase name="test0010 - 1.6" classname="org.eclipse.jdt.core.tests.compiler.parser.EnumDietRecoveryTest" time="0.001"/>
  <testcase name="test0010 - 1.6" classname="org.eclipse.jdt.core.tests.compiler.parser.AnnotationDietRecoveryTest" time="0.001"/>
  <testcase name="test0011_Diet - 1.6" classname="org.eclipse.jdt.core.tests.compiler.parser.CompletionParserTest2" time="0.001"/>
  <testcase name="test0011_Method - 1.6" classname="org.eclipse.jdt.core.tests.compiler.parser.CompletionParserTest2" time="0"/>
  <testcase name="test0012_Diet - 1.6" classname="org.eclipse.jdt.core.tests.compiler.parser.CompletionParserTest2" time="0"/>
  <testcase name="test0012_Method - 1.6" classname="org.eclipse.jdt.core.tests.compiler.parser.CompletionParserTest2" time="0"/>
  <testcase name="test0013 - 1.6" classname="org.eclipse.jdt.core.tests.compiler.parser.CompletionParserTest2" time="0"/>
  <testcase name="test0013 - 1.6" classname="org.eclipse.jdt.core.tests.compiler.parser.CompletionParserTestKeyword" time="0"/>
  <testcase name="test0013 - 1.6" classname="org.eclipse.jdt.core.tests.compiler.parser.StatementRecoveryTest" time="0.001"/>
  <testcase name="test0013 - 1.6" classname="org.eclipse.jdt.core.tests.compiler.parser.ComplianceDiagnoseTest" time="0.001"/>
  <testcase name="test0013 - 1.6" classname="org.eclipse.jdt.core.tests.compiler.parser.GenericsCompletionParserTest" time="0"/>
  <testcase name="test0013 - 1.6" classname="org.eclipse.jdt.core.tests.compiler.parser.EnumCompletionParserTest" time="0"/>
  <testcase name="test0013 - 1.6" classname="org.eclipse.jdt.core.tests.compiler.parser.GenericsSelectionTest" time="0"/>
  <testcase name="test0013 - 1.6" classname="org.eclipse.jdt.core.tests.compiler.parser.AnnotationSelectionTest" time="0"/>
  <testcase name="test0013 - 1.6" classname="org.eclipse.jdt.core.tests.compiler.parser.GenericDietRecoveryTest" time="0.001"/>
  <testcase name="test0013 - 1.6" classname="org.eclipse.jdt.core.tests.compiler.parser.EnumDietRecoveryTest" time="0.002"/>
  <testcase name="test0013 - 1.6" classname="org.eclipse.jdt.core.tests.compiler.parser.AnnotationDietRecoveryTest" time="0.001"/>
  <testcase name="test0014_Diet - 1.6" classname="org.eclipse.jdt.core.tests.compiler.parser.CompletionParserTest2" time="0"/>
  <testcase name="test0014_Method - 1.6" classname="org.eclipse.jdt.core.tests.compiler.parser.CompletionParserTest2" time="0"/>
  <testcase name="test0015_Diet - 1.6" classname="org.eclipse.jdt.core.tests.compiler.parser.CompletionParserTest2" time="0"/>
  <testcase name="test0015_Method - 1.6" classname="org.eclipse.jdt.core.tests.compiler.parser.CompletionParserTest2" time="0"/>
  <testcase name="test0016 - 1.6" classname="org.eclipse.jdt.core.tests.compiler.parser.CompletionParserTest2" time="0"/>
  <testcase name="test0016 - 1.6" classname="org.eclipse.jdt.core.tests.compiler.parser.CompletionParserTestKeyword" time="0"/>
  <testcase name="test0016 - 1.6" classname="org.eclipse.jdt.core.tests.compiler.parser.StatementRecoveryTest" time="0.001"/>
  <testcase name="test0016 - 1.6" classname="org.eclipse.jdt.core.tests.compiler.parser.ComplianceDiagnoseTest" time="0.001"/>
  <testcase name="test0016 - 1.6" classname="org.eclipse.jdt.core.tests.compiler.parser.GenericsCompletionParserTest" time="0"/>
  <testcase name="test0016 - 1.6" classname="org.eclipse.jdt.core.tests.compiler.parser.AnnotationCompletionParserTest" time="0"/>
  <testcase name="test0016 - 1.6" classname="org.eclipse.jdt.core.tests.compiler.parser.GenericsSelectionTest" time="0"/>
  <testcase name="test0016 - 1.6" classname="org.eclipse.jdt.core.tests.compiler.parser.AnnotationSelectionTest" time="0"/>
  <testcase name="test0016 - 1.6" classname="org.eclipse.jdt.core.tests.compiler.parser.GenericDietRecoveryTest" time="0.002"/>
  <testcase name="test0016 - 1.6" classname="org.eclipse.jdt.core.tests.compiler.parser.EnumDietRecoveryTest" time="0.002"/>
  <testcase name="test0016 - 1.6" classname="org.eclipse.jdt.core.tests.compiler.parser.AnnotationDietRecoveryTest" time="0.002"/>
  <testcase name="test0017_Diet - 1.6" classname="org.eclipse.jdt.core.tests.compiler.parser.CompletionParserTest2" time="0"/>
  <testcase name="test0017_Method - 1.6" classname="org.eclipse.jdt.core.tests.compiler.parser.CompletionParserTest2" time="0"/>
  <testcase name="test0018_Diet - 1.6" classname="org.eclipse.jdt.core.tests.compiler.parser.CompletionParserTest2" time="0"/>
  <testcase name="test0018_Method - 1.6" classname="org.eclipse.jdt.core.tests.compiler.parser.CompletionParserTest2" time="0"/>
  <testcase name="test0019 - 1.6" classname="org.eclipse.jdt.core.tests.compiler.parser.CompletionParserTest2" time="0.001"/>
  <testcase name="test0019 - 1.6" classname="org.eclipse.jdt.core.tests.compiler.parser.CompletionParserTestKeyword" time="0"/>
  <testcase name="test0019 - 1.6" classname="org.eclipse.jdt.core.tests.compiler.parser.StatementRecoveryTest" time="0.001"/>
  <testcase name="test0019 - 1.6" classname="org.eclipse.jdt.core.tests.compiler.parser.ComplianceDiagnoseTest" time="0.001"/>
  <testcase name="test0019 - 1.6" classname="org.eclipse.jdt.core.tests.compiler.parser.GenericsCompletionParserTest" time="0"/>
  <testcase name="test0019 - 1.6" classname="org.eclipse.jdt.core.tests.compiler.parser.AnnotationCompletionParserTest" time="0"/>
  <testcase name="test0019 - 1.6" classname="org.eclipse.jdt.core.tests.compiler.parser.GenericsSelectionTest" time="0"/>
  <testcase name="test0019 - 1.6" classname="org.eclipse.jdt.core.tests.compiler.parser.GenericDietRecoveryTest" time="0.004"/>
  <testcase name="test0019 - 1.6" classname="org.eclipse.jdt.core.tests.compiler.parser.AnnotationDietRecoveryTest" time="0.002"/>
  <testcase name="test0020_Diet - 1.6" classname="org.eclipse.jdt.core.tests.compiler.parser.CompletionParserTest2" time="0"/>
  <testcase name="test0020_Method - 1.6" classname="org.eclipse.jdt.core.tests.compiler.parser.CompletionParserTest2" time="0"/>
  <testcase name="test0021_Diet - 1.6" classname="org.eclipse.jdt.core.tests.compiler.parser.CompletionParserTest2" time="0"/>
  <testcase name="test0021_Diet - 1.6" classname="org.eclipse.jdt.core.tests.compiler.parser.CompletionParserTestKeyword" time="0"/>
  <testcase name="test0021_Method - 1.6" classname="org.eclipse.jdt.core.tests.compiler.parser.CompletionParserTest2" time="0.001"/>
  <testcase name="test0021_Method - 1.6" classname="org.eclipse.jdt.core.tests.compiler.parser.CompletionParserTestKeyword" time="0"/>
  <testcase name="test0022 - 1.6" classname="org.eclipse.jdt.core.tests.compiler.parser.CompletionParserTest2" time="0"/>
  <testcase name="test0022 - 1.6" classname="org.eclipse.jdt.core.tests.compiler.parser.StatementRecoveryTest" time="0.001"/>
  <testcase name="test0022 - 1.6" classname="org.eclipse.jdt.core.tests.compiler.parser.ComplianceDiagnoseTest" time="0"/>
  <testcase name="test0022 - 1.6" classname="org.eclipse.jdt.core.tests.compiler.parser.GenericsCompletionParserTest" time="0"/>
  <testcase name="test0022 - 1.6" classname="org.eclipse.jdt.core.tests.compiler.parser.AnnotationCompletionParserTest" time="0"/>
  <testcase name="test0022 - 1.6" classname="org.eclipse.jdt.core.tests.compiler.parser.GenericsSelectionTest" time="0"/>
  <testcase name="test0022 - 1.6" classname="org.eclipse.jdt.core.tests.compiler.parser.GenericDietRecoveryTest" time="0.002"/>
  <testcase name="test0022 - 1.6" classname="org.eclipse.jdt.core.tests.compiler.parser.AnnotationDietRecoveryTest" time="0.004"/>
  <testcase name="test0023_Diet - 1.6" classname="org.eclipse.jdt.core.tests.compiler.parser.CompletionParserTest2" time="0"/>
  <testcase name="test0023_Diet - 1.6" classname="org.eclipse.jdt.core.tests.compiler.parser.CompletionParserTestKeyword" time="0"/>
  <testcase name="test0023_Method - 1.6" classname="org.eclipse.jdt.core.tests.compiler.parser.CompletionParserTest2" time="0"/>
  <testcase name="test0023_Method - 1.6" classname="org.eclipse.jdt.core.tests.compiler.parser.CompletionParserTestKeyword" time="0"/>
  <testcase name="test0024_Diet - 1.6" classname="org.eclipse.jdt.core.tests.compiler.parser.CompletionParserTest2" time="0"/>
  <testcase name="test0024_Diet - 1.6" classname="org.eclipse.jdt.core.tests.compiler.parser.CompletionParserTestKeyword" time="0"/>
  <testcase name="test0024_Diet - 1.6" classname="org.eclipse.jdt.core.tests.compiler.parser.AnnotationCompletionParserTest" time="0"/>
  <testcase name="test0024_Method - 1.6" classname="org.eclipse.jdt.core.tests.compiler.parser.CompletionParserTest2" time="0"/>
  <testcase name="test0024_Method - 1.6" classname="org.eclipse.jdt.core.tests.compiler.parser.CompletionParserTestKeyword" time="0"/>
  <testcase name="test0024_Method - 1.6" classname="org.eclipse.jdt.core.tests.compiler.parser.AnnotationCompletionParserTest" time="0"/>
  <testcase name="test0025 - 1.6" classname="org.eclipse.jdt.core.tests.compiler.parser.CompletionParserTest2" time="0"/>
  <testcase name="test0025 - 1.6" classname="org.eclipse.jdt.core.tests.compiler.parser.StatementRecoveryTest" time="0.002"/>
  <testcase name="test0025 - 1.6" classname="org.eclipse.jdt.core.tests.compiler.parser.ComplianceDiagnoseTest" time="0.001"/>
  <testcase name="test0025 - 1.6" classname="org.eclipse.jdt.core.tests.compiler.parser.GenericsCompletionParserTest" time="0"/>
  <testcase name="test0025 - 1.6" classname="org.eclipse.jdt.core.tests.compiler.parser.AnnotationCompletionParserTest" time="0"/>
  <testcase name="test0025 - 1.6" classname="org.eclipse.jdt.core.tests.compiler.parser.GenericDietRecoveryTest" time="0.003"/>
  <testcase name="test0025 - 1.6" classname="org.eclipse.jdt.core.tests.compiler.parser.AnnotationDietRecoveryTest" time="0.003"/>
  <testcase name="test0026_Diet - 1.6" classname="org.eclipse.jdt.core.tests.compiler.parser.CompletionParserTest2" time="0"/>
  <testcase name="test0026_Diet - 1.6" classname="org.eclipse.jdt.core.tests.compiler.parser.CompletionParserTestKeyword" time="0"/>
  <testcase name="test0026_Method - 1.6" classname="org.eclipse.jdt.core.tests.compiler.parser.CompletionParserTest2" time="0"/>
  <testcase name="test0026_Method - 1.6" classname="org.eclipse.jdt.core.tests.compiler.parser.CompletionParserTestKeyword" time="0"/>
  <testcase name="test0027_Diet - 1.6" classname="org.eclipse.jdt.core.tests.compiler.parser.CompletionParserTest2" time="0"/>
  <testcase name="test0027_Diet - 1.6" classname="org.eclipse.jdt.core.tests.compiler.parser.CompletionParserTestKeyword" time="0"/>
  <testcase name="test0027_Method - 1.6" classname="org.eclipse.jdt.core.tests.compiler.parser.CompletionParserTest2" time="0"/>
  <testcase name="test0027_Method - 1.6" classname="org.eclipse.jdt.core.tests.compiler.parser.CompletionParserTestKeyword" time="0"/>
  <testcase name="test0028 - 1.6" classname="org.eclipse.jdt.core.tests.compiler.parser.CompletionParserTest2" time="0"/>
  <testcase name="test0028 - 1.6" classname="org.eclipse.jdt.core.tests.compiler.parser.StatementRecoveryTest" time="0.002"/>
  <testcase name="test0028 - 1.6" classname="org.eclipse.jdt.core.tests.compiler.parser.ComplianceDiagnoseTest" time="0.001"/>
  <testcase name="test0028 - 1.6" classname="org.eclipse.jdt.core.tests.compiler.parser.GenericsCompletionParserTest" time="0"/>
  <testcase name="test0028 - 1.6" classname="org.eclipse.jdt.core.tests.compiler.parser.AnnotationDietRecoveryTest" time="0.001"/>
  <testcase name="test0029_Diet - 1.6" classname="org.eclipse.jdt.core.tests.compiler.parser.CompletionParserTest2" time="0.001"/>
  <testcase name="test0029_Diet - 1.6" classname="org.eclipse.jdt.core.tests.compiler.parser.AnnotationCompletionParserTest" time="0"/>
  <testcase name="test0029_Method - 1.6" classname="org.eclipse.jdt.core.tests.compiler.parser.CompletionParserTest2" time="0"/>
  <testcase name="test0029_Method - 1.6" classname="org.eclipse.jdt.core.tests.compiler.parser.AnnotationCompletionParserTest" time="0"/>
  <testcase name="test0030_Diet - 1.6" classname="org.eclipse.jdt.core.tests.compiler.parser.CompletionParserTest2" time="0"/>
  <testcase name="test0030_Diet - 1.6" classname="org.eclipse.jdt.core.tests.compiler.parser.GenericsCompletionParserTest" time="0.001"/>
  <testcase name="test0030_Method - 1.6" classname="org.eclipse.jdt.core.tests.compiler.parser.CompletionParserTest2" time="0"/>
  <testcase name="test0030_Method - 1.6" classname="org.eclipse.jdt.core.tests.compiler.parser.GenericsCompletionParserTest" time="0"/>
  <testcase name="test0031_Diet - 1.6" classname="org.eclipse.jdt.core.tests.compiler.parser.CompletionParserTest2" time="0.001"/>
  <testcase name="test0031_Diet - 1.6" classname="org.eclipse.jdt.core.tests.compiler.parser.GenericsCompletionParserTest" time="0"/>
  <testcase name="test0031_Method - 1.6" classname="org.eclipse.jdt.core.tests.compiler.parser.CompletionParserTest2" time="0"/>
  <testcase name="test0031_Method - 1.6" classname="org.eclipse.jdt.core.tests.compiler.parser.GenericsCompletionParserTest" time="0.001"/>
  <testcase name="test0032_Diet - 1.6" classname="org.eclipse.jdt.core.tests.compiler.parser.CompletionParserTest2" time="0"/>
  <testcase name="test0032_Diet - 1.6" classname="org.eclipse.jdt.core.tests.compiler.parser.GenericsCompletionParserTest" time="0"/>
  <testcase name="test0032_Method - 1.6" classname="org.eclipse.jdt.core.tests.compiler.parser.CompletionParserTest2" time="0"/>
  <testcase name="test0032_Method - 1.6" classname="org.eclipse.jdt.core.tests.compiler.parser.GenericsCompletionParserTest" time="0"/>
  <testcase name="test0033_Diet - 1.6" classname="org.eclipse.jdt.core.tests.compiler.parser.CompletionParserTest2" time="0"/>
  <testcase name="test0033_Diet - 1.6" classname="org.eclipse.jdt.core.tests.compiler.parser.GenericsCompletionParserTest" time="0"/>
  <testcase name="test0033_Method - 1.6" classname="org.eclipse.jdt.core.tests.compiler.parser.CompletionParserTest2" time="0"/>
  <testcase name="test0033_Method - 1.6" classname="org.eclipse.jdt.core.tests.compiler.parser.GenericsCompletionParserTest" time="0"/>
  <testcase name="test0034_Diet - 1.6" classname="org.eclipse.jdt.core.tests.compiler.parser.CompletionParserTest2" time="0"/>
  <testcase name="test0034_Diet - 1.6" classname="org.eclipse.jdt.core.tests.compiler.parser.GenericsCompletionParserTest" time="0"/>
  <testcase name="test0034_Diet - 1.6" classname="org.eclipse.jdt.core.tests.compiler.parser.AnnotationCompletionParserTest" time="0"/>
  <testcase name="test0034_Method - 1.6" classname="org.eclipse.jdt.core.tests.compiler.parser.CompletionParserTest2" time="0"/>
  <testcase name="test0034_Method - 1.6" classname="org.eclipse.jdt.core.tests.compiler.parser.GenericsCompletionParserTest" time="0"/>
  <testcase name="test0034_Method - 1.6" classname="org.eclipse.jdt.core.tests.compiler.parser.AnnotationCompletionParserTest" time="0"/>
  <testcase name="test0035_Diet - 1.6" classname="org.eclipse.jdt.core.tests.compiler.parser.CompletionParserTest2" time="0"/>
  <testcase name="test0035_Diet - 1.6" classname="org.eclipse.jdt.core.tests.compiler.parser.GenericsCompletionParserTest" time="0"/>
  <testcase name="test0035_Diet - 1.6" classname="org.eclipse.jdt.core.tests.compiler.parser.AnnotationCompletionParserTest" time="0"/>
  <testcase name="test0035_Method - 1.6" classname="org.eclipse.jdt.core.tests.compiler.parser.CompletionParserTest2" time="0"/>
  <testcase name="test0035_Method - 1.6" classname="org.eclipse.jdt.core.tests.compiler.parser.GenericsCompletionParserTest" time="0"/>
  <testcase name="test0035_Method - 1.6" classname="org.eclipse.jdt.core.tests.compiler.parser.AnnotationCompletionParserTest" time="0"/>
  <testcase name="test0036_Diet - 1.6" classname="org.eclipse.jdt.core.tests.compiler.parser.CompletionParserTest2" time="0"/>
  <testcase name="test0036_Diet - 1.6" classname="org.eclipse.jdt.core.tests.compiler.parser.GenericsCompletionParserTest" time="0"/>
  <testcase name="test0036_Method - 1.6" classname="org.eclipse.jdt.core.tests.compiler.parser.CompletionParserTest2" time="0"/>
  <testcase name="test0036_Method - 1.6" classname="org.eclipse.jdt.core.tests.compiler.parser.GenericsCompletionParserTest" time="0.001"/>
  <testcase name="test0037 - 1.6" classname="org.eclipse.jdt.core.tests.compiler.parser.CompletionParserTest2" time="0"/>
  <testcase name="test0037 - 1.6" classname="org.eclipse.jdt.core.tests.compiler.parser.StatementRecoveryTest" time="0.001"/>
  <testcase name="test0037 - 1.6" classname="org.eclipse.jdt.core.tests.compiler.parser.ComplianceDiagnoseTest" time="0.002"/>
  <testcase name="test0037 - 1.6" classname="org.eclipse.jdt.core.tests.compiler.parser.AnnotationCompletionParserTest" time="0"/>
  <testcase name="test0037 - 1.6" classname="org.eclipse.jdt.core.tests.compiler.parser.AnnotationDietRecoveryTest" time="0.001"/>
  <testcase name="test0038_Diet - 1.6" classname="org.eclipse.jdt.core.tests.compiler.parser.CompletionParserTest2" time="0.001"/>
  <testcase name="test0038_Diet - 1.6" classname="org.eclipse.jdt.core.tests.compiler.parser.CompletionParserTestKeyword" time="0"/>
  <testcase name="test0038_Diet - 1.6" classname="org.eclipse.jdt.core.tests.compiler.parser.GenericsCompletionParserTest" time="0"/>
  <testcase name="test0038_Method - 1.6" classname="org.eclipse.jdt.core.tests.compiler.parser.CompletionParserTest2" time="0"/>
  <testcase name="test0038_Method - 1.6" classname="org.eclipse.jdt.core.tests.compiler.parser.CompletionParserTestKeyword" time="0"/>
  <testcase name="test0038_Method - 1.6" classname="org.eclipse.jdt.core.tests.compiler.parser.GenericsCompletionParserTest" time="0.001"/>
  <testcase name="test0039_Diet - 1.6" classname="org.eclipse.jdt.core.tests.compiler.parser.CompletionParserTest2" time="0"/>
  <testcase name="test0039_Diet - 1.6" classname="org.eclipse.jdt.core.tests.compiler.parser.CompletionParserTestKeyword" time="0.001"/>
  <testcase name="test0039_Diet - 1.6" classname="org.eclipse.jdt.core.tests.compiler.parser.GenericsCompletionParserTest" time="0"/>
  <testcase name="test0039_Method - 1.6" classname="org.eclipse.jdt.core.tests.compiler.parser.CompletionParserTest2" time="0"/>
  <testcase name="test0039_Method - 1.6" classname="org.eclipse.jdt.core.tests.compiler.parser.CompletionParserTestKeyword" time="0"/>
  <testcase name="test0039_Method - 1.6" classname="org.eclipse.jdt.core.tests.compiler.parser.GenericsCompletionParserTest" time="0"/>
  <testcase name="test0040 - 1.6" classname="org.eclipse.jdt.core.tests.compiler.parser.CompletionParserTest2" time="0.001"/>
  <testcase name="test0040 - 1.6" classname="org.eclipse.jdt.core.tests.compiler.parser.StatementRecoveryTest" time="0.002"/>
  <testcase name="test0040 - 1.6" classname="org.eclipse.jdt.core.tests.compiler.parser.ComplianceDiagnoseTest" time="0.001"/>
  <testcase name="test0040 - 1.6" classname="org.eclipse.jdt.core.tests.compiler.parser.AnnotationDietRecoveryTest" time="0.001"/>
  <testcase name="test0041_Diet - 1.6" classname="org.eclipse.jdt.core.tests.compiler.parser.CompletionParserTest2" time="0"/>
  <testcase name="test0041_Diet - 1.6" classname="org.eclipse.jdt.core.tests.compiler.parser.CompletionParserTestKeyword" time="0.001"/>
  <testcase name="test0041_Diet - 1.6" classname="org.eclipse.jdt.core.tests.compiler.parser.GenericsCompletionParserTest" time="0"/>
  <testcase name="test0041_Diet - 1.6" classname="org.eclipse.jdt.core.tests.compiler.parser.AnnotationCompletionParserTest" time="0"/>
  <testcase name="test0041_Method - 1.6" classname="org.eclipse.jdt.core.tests.compiler.parser.CompletionParserTest2" time="0"/>
  <testcase name="test0041_Method - 1.6" classname="org.eclipse.jdt.core.tests.compiler.parser.CompletionParserTestKeyword" time="0"/>
  <testcase name="test0041_Method - 1.6" classname="org.eclipse.jdt.core.tests.compiler.parser.GenericsCompletionParserTest" time="0"/>
  <testcase name="test0041_Method - 1.6" classname="org.eclipse.jdt.core.tests.compiler.parser.AnnotationCompletionParserTest" time="0"/>
  <testcase name="test0042_Diet - 1.6" classname="org.eclipse.jdt.core.tests.compiler.parser.CompletionParserTest2" time="0"/>
  <testcase name="test0042_Diet - 1.6" classname="org.eclipse.jdt.core.tests.compiler.parser.CompletionParserTestKeyword" time="0"/>
  <testcase name="test0042_Diet - 1.6" classname="org.eclipse.jdt.core.tests.compiler.parser.GenericsCompletionParserTest" time="0"/>
  <testcase name="test0042_Method - 1.6" classname="org.eclipse.jdt.core.tests.compiler.parser.CompletionParserTest2" time="0"/>
  <testcase name="test0042_Method - 1.6" classname="org.eclipse.jdt.core.tests.compiler.parser.CompletionParserTestKeyword" time="0"/>
  <testcase name="test0042_Method - 1.6" classname="org.eclipse.jdt.core.tests.compiler.parser.GenericsCompletionParserTest" time="0"/>
  <testcase name="test0043 - 1.6" classname="org.eclipse.jdt.core.tests.compiler.parser.CompletionParserTest2" time="0"/>
  <testcase name="test0043 - 1.6" classname="org.eclipse.jdt.core.tests.compiler.parser.StatementRecoveryTest" time="0.001"/>
  <testcase name="test0043 - 1.6" classname="org.eclipse.jdt.core.tests.compiler.parser.ComplianceDiagnoseTest" time="0"/>
  <testcase name="test0043 - 1.6" classname="org.eclipse.jdt.core.tests.compiler.parser.AnnotationCompletionParserTest" time="0"/>
  <testcase name="test0044_Diet - 1.6" classname="org.eclipse.jdt.core.tests.compiler.parser.CompletionParserTest2" time="0"/>
  <testcase name="test0044_Diet - 1.6" classname="org.eclipse.jdt.core.tests.compiler.parser.CompletionParserTestKeyword" time="0"/>
  <testcase name="test0044_Diet - 1.6" classname="org.eclipse.jdt.core.tests.compiler.parser.GenericsCompletionParserTest" time="0"/>
  <testcase name="test0044_Method - 1.6" classname="org.eclipse.jdt.core.tests.compiler.parser.CompletionParserTest2" time="0"/>
  <testcase name="test0044_Method - 1.6" classname="org.eclipse.jdt.core.tests.compiler.parser.CompletionParserTestKeyword" time="0"/>
  <testcase name="test0044_Method - 1.6" classname="org.eclipse.jdt.core.tests.compiler.parser.GenericsCompletionParserTest" time="0"/>
  <testcase name="test0045_Diet - 1.6" classname="org.eclipse.jdt.core.tests.compiler.parser.CompletionParserTest2" time="0"/>
  <testcase name="test0045_Diet - 1.6" classname="org.eclipse.jdt.core.tests.compiler.parser.CompletionParserTestKeyword" time="0"/>
  <testcase name="test0045_Diet - 1.6" classname="org.eclipse.jdt.core.tests.compiler.parser.GenericsCompletionParserTest" time="0"/>
  <testcase name="test0045_Method - 1.6" classname="org.eclipse.jdt.core.tests.compiler.parser.CompletionParserTest2" time="0.001"/>
  <testcase name="test0045_Method - 1.6" classname="org.eclipse.jdt.core.tests.compiler.parser.CompletionParserTestKeyword" time="0"/>
  <testcase name="test0045_Method - 1.6" classname="org.eclipse.jdt.core.tests.compiler.parser.GenericsCompletionParserTest" time="0.001"/>
  <testcase name="test0046 - 1.6" classname="org.eclipse.jdt.core.tests.compiler.parser.CompletionParserTest2" time="0"/>
  <testcase name="test0046 - 1.6" classname="org.eclipse.jdt.core.tests.compiler.parser.StatementRecoveryTest" time="0.001"/>
  <testcase name="test0046 - 1.6" classname="org.eclipse.jdt.core.tests.compiler.parser.ComplianceDiagnoseTest" time="0.002"/>
  <testcase name="test0047_Diet - 1.6" classname="org.eclipse.jdt.core.tests.compiler.parser.CompletionParserTest2" time="0"/>
  <testcase name="test0047_Diet - 1.6" classname="org.eclipse.jdt.core.tests.compiler.parser.GenericsCompletionParserTest" time="0"/>
  <testcase name="test0047_Diet - 1.6" classname="org.eclipse.jdt.core.tests.compiler.parser.AnnotationCompletionParserTest" time="0"/>
  <testcase name="test0047_Method - 1.6" classname="org.eclipse.jdt.core.tests.compiler.parser.CompletionParserTest2" time="0"/>
  <testcase name="test0047_Method - 1.6" classname="org.eclipse.jdt.core.tests.compiler.parser.GenericsCompletionParserTest" time="0"/>
  <testcase name="test0047_Method - 1.6" classname="org.eclipse.jdt.core.tests.compiler.parser.AnnotationCompletionParserTest" time="0.001"/>
  <testcase name="test0048_Diet - 1.6" classname="org.eclipse.jdt.core.tests.compiler.parser.CompletionParserTest2" time="0.001"/>
  <testcase name="test0048_Diet - 1.6" classname="org.eclipse.jdt.core.tests.compiler.parser.GenericsCompletionParserTest" time="0"/>
  <testcase name="test0048_Method - 1.6" classname="org.eclipse.jdt.core.tests.compiler.parser.CompletionParserTest2" time="0"/>
  <testcase name="test0048_Method - 1.6" classname="org.eclipse.jdt.core.tests.compiler.parser.GenericsCompletionParserTest" time="0"/>
  <testcase name="test0049 - 1.6" classname="org.eclipse.jdt.core.tests.compiler.parser.CompletionParserTest2" time="0"/>
  <testcase name="test0049 - 1.6" classname="org.eclipse.jdt.core.tests.compiler.parser.CompletionParserTestKeyword" time="0"/>
  <testcase name="test0049 - 1.6" classname="org.eclipse.jdt.core.tests.compiler.parser.ComplianceDiagnoseTest" time="0.002"/>
  <testcase name="test0049 - 1.6" classname="org.eclipse.jdt.core.tests.compiler.parser.AnnotationCompletionParserTest" time="0"/>
  <testcase name="test0050_Diet - 1.6" classname="org.eclipse.jdt.core.tests.compiler.parser.CompletionParserTest2" time="0"/>
  <testcase name="test0050_Diet - 1.6" classname="org.eclipse.jdt.core.tests.compiler.parser.GenericsCompletionParserTest" time="0"/>
  <testcase name="test0050_Method - 1.6" classname="org.eclipse.jdt.core.tests.compiler.parser.CompletionParserTest2" time="0"/>
  <testcase name="test0050_Method - 1.6" classname="org.eclipse.jdt.core.tests.compiler.parser.GenericsCompletionParserTest" time="0.001"/>
  <testcase name="test0051_Diet - 1.6" classname="org.eclipse.jdt.core.tests.compiler.parser.CompletionParserTest2" time="0"/>
  <testcase name="test0051_Diet - 1.6" classname="org.eclipse.jdt.core.tests.compiler.parser.GenericsCompletionParserTest" time="0"/>
  <testcase name="test0051_Method - 1.6" classname="org.eclipse.jdt.core.tests.compiler.parser.CompletionParserTest2" time="0"/>
  <testcase name="test0051_Method - 1.6" classname="org.eclipse.jdt.core.tests.compiler.parser.GenericsCompletionParserTest" time="0"/>
  <testcase name="test0052 - 1.6" classname="org.eclipse.jdt.core.tests.compiler.parser.CompletionParserTest2" time="0"/>
  <testcase name="test0052 - 1.6" classname="org.eclipse.jdt.core.tests.compiler.parser.CompletionParserTestKeyword" time="0"/>
  <testcase name="test0052 - 1.6" classname="org.eclipse.jdt.core.tests.compiler.parser.ComplianceDiagnoseTest" time="0"/>
  <testcase name="test0053_Diet - 1.6" classname="org.eclipse.jdt.core.tests.compiler.parser.CompletionParserTest2" time="0"/>
  <testcase name="test0053_Diet - 1.6" classname="org.eclipse.jdt.core.tests.compiler.parser.GenericsCompletionParserTest" time="0"/>
  <testcase name="test0053_Diet - 1.6" classname="org.eclipse.jdt.core.tests.compiler.parser.AnnotationCompletionParserTest" time="0.001"/>
  <testcase name="test0053_Method - 1.6" classname="org.eclipse.jdt.core.tests.compiler.parser.CompletionParserTest2" time="0"/>
  <testcase name="test0053_Method - 1.6" classname="org.eclipse.jdt.core.tests.compiler.parser.GenericsCompletionParserTest" time="0"/>
  <testcase name="test0053_Method - 1.6" classname="org.eclipse.jdt.core.tests.compiler.parser.AnnotationCompletionParserTest" time="0"/>
  <testcase name="test0054_Diet - 1.6" classname="org.eclipse.jdt.core.tests.compiler.parser.CompletionParserTest2" time="0"/>
  <testcase name="test0054_Diet - 1.6" classname="org.eclipse.jdt.core.tests.compiler.parser.GenericsCompletionParserTest" time="0"/>
  <testcase name="test0054_Method - 1.6" classname="org.eclipse.jdt.core.tests.compiler.parser.CompletionParserTest2" time="0"/>
  <testcase name="test0054_Method - 1.6" classname="org.eclipse.jdt.core.tests.compiler.parser.GenericsCompletionParserTest" time="0"/>
  <testcase name="test0055 - 1.6" classname="org.eclipse.jdt.core.tests.compiler.parser.CompletionParserTest2" time="0.001"/>
  <testcase name="test0055 - 1.6" classname="org.eclipse.jdt.core.tests.compiler.parser.ComplianceDiagnoseTest" time="0.002"/>
  <testcase name="test0055 - 1.6" classname="org.eclipse.jdt.core.tests.compiler.parser.AnnotationCompletionParserTest" time="0.001"/>
  <testcase name="test0056_Diet - 1.6" classname="org.eclipse.jdt.core.tests.compiler.parser.CompletionParserTest2" time="0"/>
  <testcase name="test0056_Diet - 1.6" classname="org.eclipse.jdt.core.tests.compiler.parser.CompletionParserTestKeyword" time="0"/>
  <testcase name="test0056_Diet - 1.6" classname="org.eclipse.jdt.core.tests.compiler.parser.GenericsCompletionParserTest" time="0.001"/>
  <testcase name="test0056_Method - 1.6" classname="org.eclipse.jdt.core.tests.compiler.parser.CompletionParserTest2" time="0"/>
  <testcase name="test0056_Method - 1.6" classname="org.eclipse.jdt.core.tests.compiler.parser.CompletionParserTestKeyword" time="0"/>
  <testcase name="test0056_Method - 1.6" classname="org.eclipse.jdt.core.tests.compiler.parser.GenericsCompletionParserTest" time="0"/>
  <testcase name="test0057_Diet - 1.6" classname="org.eclipse.jdt.core.tests.compiler.parser.CompletionParserTest2" time="0"/>
  <testcase name="test0057_Diet - 1.6" classname="org.eclipse.jdt.core.tests.compiler.parser.CompletionParserTestKeyword" time="0"/>
  <testcase name="test0057_Diet - 1.6" classname="org.eclipse.jdt.core.tests.compiler.parser.GenericsCompletionParserTest" time="0"/>
  <testcase name="test0057_Method - 1.6" classname="org.eclipse.jdt.core.tests.compiler.parser.CompletionParserTest2" time="0"/>
  <testcase name="test0057_Method - 1.6" classname="org.eclipse.jdt.core.tests.compiler.parser.CompletionParserTestKeyword" time="0"/>
  <testcase name="test0057_Method - 1.6" classname="org.eclipse.jdt.core.tests.compiler.parser.GenericsCompletionParserTest" time="0"/>
  <testcase name="test0058 - 1.6" classname="org.eclipse.jdt.core.tests.compiler.parser.CompletionParserTest2" time="0"/>
  <testcase name="test0058 - 1.6" classname="org.eclipse.jdt.core.tests.compiler.parser.ComplianceDiagnoseTest" time="0.001"/>
  <testcase name="test0059_Diet - 1.6" classname="org.eclipse.jdt.core.tests.compiler.parser.CompletionParserTest2" time="0"/>
  <testcase name="test0059_Diet - 1.6" classname="org.eclipse.jdt.core.tests.compiler.parser.CompletionParserTestKeyword" time="0"/>
  <testcase name="test0059_Diet - 1.6" classname="org.eclipse.jdt.core.tests.compiler.parser.AnnotationCompletionParserTest" time="0"/>
  <testcase name="test0059_Method - 1.6" classname="org.eclipse.jdt.core.tests.compiler.parser.CompletionParserTest2" time="0"/>
  <testcase name="test0059_Method - 1.6" classname="org.eclipse.jdt.core.tests.compiler.parser.CompletionParserTestKeyword" time="0"/>
  <testcase name="test0059_Method - 1.6" classname="org.eclipse.jdt.core.tests.compiler.parser.AnnotationCompletionParserTest" time="0"/>
  <testcase name="test0060_Diet - 1.6" classname="org.eclipse.jdt.core.tests.compiler.parser.CompletionParserTest2" time="0"/>
  <testcase name="test0060_Method - 1.6" classname="org.eclipse.jdt.core.tests.compiler.parser.CompletionParserTest2" time="0"/>
  <testcase name="test0061 - 1.6" classname="org.eclipse.jdt.core.tests.compiler.parser.CompletionParserTest2" time="0"/>
  <testcase name="test0061 - 1.6" classname="org.eclipse.jdt.core.tests.compiler.parser.CompletionParserTestKeyword" time="0"/>
  <testcase name="test0061 - 1.6" classname="org.eclipse.jdt.core.tests.compiler.parser.ComplianceDiagnoseTest" time="0.001"/>
  <testcase name="test0061 - 1.6" classname="org.eclipse.jdt.core.tests.compiler.parser.GenericsCompletionParserTest" time="0"/>
  <testcase name="test0061 - 1.6" classname="org.eclipse.jdt.core.tests.compiler.parser.AnnotationCompletionParserTest" time="0"/>
  <testcase name="test0062_Diet - 1.6" classname="org.eclipse.jdt.core.tests.compiler.parser.CompletionParserTest2" time="0"/>
  <testcase name="test0062_Method - 1.6" classname="org.eclipse.jdt.core.tests.compiler.parser.CompletionParserTest2" time="0"/>
  <testcase name="test0063_Diet - 1.6" classname="org.eclipse.jdt.core.tests.compiler.parser.CompletionParserTest2" time="0"/>
  <testcase name="test0063_Method - 1.6" classname="org.eclipse.jdt.core.tests.compiler.parser.CompletionParserTest2" time="0"/>
  <testcase name="test0064 - 1.6" classname="org.eclipse.jdt.core.tests.compiler.parser.CompletionParserTest2" time="0"/>
  <testcase name="test0064 - 1.6" classname="org.eclipse.jdt.core.tests.compiler.parser.CompletionParserTestKeyword" time="0"/>
  <testcase name="test0064 - 1.6" classname="org.eclipse.jdt.core.tests.compiler.parser.ComplianceDiagnoseTest" time="0"/>
  <testcase name="test0064 - 1.6" classname="org.eclipse.jdt.core.tests.compiler.parser.GenericsCompletionParserTest" time="0"/>
  <testcase name="test0065_Diet - 1.6" classname="org.eclipse.jdt.core.tests.compiler.parser.CompletionParserTest2" time="0"/>
  <testcase name="test0065_Diet - 1.6" classname="org.eclipse.jdt.core.tests.compiler.parser.AnnotationCompletionParserTest" time="0"/>
  <testcase name="test0065_Method - 1.6" classname="org.eclipse.jdt.core.tests.compiler.parser.CompletionParserTest2" time="0"/>
  <testcase name="test0065_Method - 1.6" classname="org.eclipse.jdt.core.tests.compiler.parser.AnnotationCompletionParserTest" time="0.001"/>
  <testcase name="test0066_Diet - 1.6" classname="org.eclipse.jdt.core.tests.compiler.parser.CompletionParserTest2" time="0.001"/>
  <testcase name="test0066_Method - 1.6" classname="org.eclipse.jdt.core.tests.compiler.parser.CompletionParserTest2" time="0"/>
  <testcase name="test0067_Diet - 1.6" classname="org.eclipse.jdt.core.tests.compiler.parser.CompletionParserTest2" time="0"/>
  <testcase name="test0067_Method - 1.6" classname="org.eclipse.jdt.core.tests.compiler.parser.CompletionParserTest2" time="0"/>
  <testcase name="test0068_Diet - 1.6" classname="org.eclipse.jdt.core.tests.compiler.parser.CompletionParserTest2" time="0"/>
  <testcase name="test0068_Method - 1.6" classname="org.eclipse.jdt.core.tests.compiler.parser.CompletionParserTest2" time="0.001"/>
  <testcase name="test0069_Diet - 1.6" classname="org.eclipse.jdt.core.tests.compiler.parser.CompletionParserTest2" time="0"/>
  <testcase name="test0069_Method - 1.6" classname="org.eclipse.jdt.core.tests.compiler.parser.CompletionParserTest2" time="0"/>
  <testcase name="test0070_Diet - 1.6" classname="org.eclipse.jdt.core.tests.compiler.parser.CompletionParserTest2" time="0"/>
  <testcase name="test0070_Diet - 1.6" classname="org.eclipse.jdt.core.tests.compiler.parser.AnnotationCompletionParserTest" time="0"/>
  <testcase name="test0070_Method - 1.6" classname="org.eclipse.jdt.core.tests.compiler.parser.CompletionParserTest2" time="0"/>
  <testcase name="test0070_Method - 1.6" classname="org.eclipse.jdt.core.tests.compiler.parser.AnnotationCompletionParserTest" time="0"/>
  <testcase name="test0071_Diet - 1.6" classname="org.eclipse.jdt.core.tests.compiler.parser.CompletionParserTest2" time="0"/>
  <testcase name="test0071_Diet - 1.6" classname="org.eclipse.jdt.core.tests.compiler.parser.AnnotationCompletionParserTest" time="0.001"/>
  <testcase name="test0071_Method - 1.6" classname="org.eclipse.jdt.core.tests.compiler.parser.CompletionParserTest2" time="0"/>
  <testcase name="test0071_Method - 1.6" classname="org.eclipse.jdt.core.tests.compiler.parser.AnnotationCompletionParserTest" time="0"/>
  <testcase name="test0072_Diet - 1.6" classname="org.eclipse.jdt.core.tests.compiler.parser.CompletionParserTest2" time="0"/>
  <testcase name="test0072_Method - 1.6" classname="org.eclipse.jdt.core.tests.compiler.parser.CompletionParserTest2" time="0.001"/>
  <testcase name="test0073 - 1.6" classname="org.eclipse.jdt.core.tests.compiler.parser.CompletionParserTest2" time="0"/>
  <testcase name="test0073 - 1.6" classname="org.eclipse.jdt.core.tests.compiler.parser.CompletionParserTestKeyword" time="0"/>
  <testcase name="test0073 - 1.6" classname="org.eclipse.jdt.core.tests.compiler.parser.GenericsCompletionParserTest" time="0"/>
  <testcase name="test0073 - 1.6" classname="org.eclipse.jdt.core.tests.compiler.parser.AnnotationCompletionParserTest" time="0.001"/>
  <testcase name="test0074_Diet - 1.6" classname="org.eclipse.jdt.core.tests.compiler.parser.CompletionParserTest2" time="0"/>
  <testcase name="test0074_Method - 1.6" classname="org.eclipse.jdt.core.tests.compiler.parser.CompletionParserTest2" time="0"/>
  <testcase name="test0075_Diet - 1.6" classname="org.eclipse.jdt.core.tests.compiler.parser.CompletionParserTest2" time="0"/>
  <testcase name="test0075_Method - 1.6" classname="org.eclipse.jdt.core.tests.compiler.parser.CompletionParserTest2" time="0.001"/>
  <testcase name="test0076 - 1.6" classname="org.eclipse.jdt.core.tests.compiler.parser.CompletionParserTest2" time="0"/>
  <testcase name="test0076 - 1.6" classname="org.eclipse.jdt.core.tests.compiler.parser.CompletionParserTestKeyword" time="0"/>
  <testcase name="test0076 - 1.6" classname="org.eclipse.jdt.core.tests.compiler.parser.GenericsCompletionParserTest" time="0"/>
  <testcase name="test0076 - 1.6" classname="org.eclipse.jdt.core.tests.compiler.parser.AnnotationCompletionParserTest" time="0"/>
  <testcase name="test0077_Diet - 1.6" classname="org.eclipse.jdt.core.tests.compiler.parser.CompletionParserTest2" time="0"/>
  <testcase name="test0077_Method - 1.6" classname="org.eclipse.jdt.core.tests.compiler.parser.CompletionParserTest2" time="0"/>
  <testcase name="test0078_Diet - 1.6" classname="org.eclipse.jdt.core.tests.compiler.parser.CompletionParserTest2" time="0.001"/>
  <testcase name="test0078_Method - 1.6" classname="org.eclipse.jdt.core.tests.compiler.parser.CompletionParserTest2" time="0"/>
  <testcase name="test0079_Diet - 1.6" classname="org.eclipse.jdt.core.tests.compiler.parser.CompletionParserTest2" time="0"/>
  <testcase name="test0079_Method - 1.6" classname="org.eclipse.jdt.core.tests.compiler.parser.CompletionParserTest2" time="0"/>
  <testcase name="test0080_Diet - 1.6" classname="org.eclipse.jdt.core.tests.compiler.parser.CompletionParserTest2" time="0"/>
  <testcase name="test0080_Diet - 1.6" classname="org.eclipse.jdt.core.tests.compiler.parser.CompletionParserTestKeyword" time="0"/>
  <testcase name="test0080_Method - 1.6" classname="org.eclipse.jdt.core.tests.compiler.parser.CompletionParserTest2" time="0"/>
  <testcase name="test0080_Method - 1.6" classname="org.eclipse.jdt.core.tests.compiler.parser.CompletionParserTestKeyword" time="0.001"/>
  <testcase name="test0081_Diet - 1.6" classname="org.eclipse.jdt.core.tests.compiler.parser.CompletionParserTest2" time="0"/>
  <testcase name="test0081_Diet - 1.6" classname="org.eclipse.jdt.core.tests.compiler.parser.CompletionParserTestKeyword" time="0"/>
  <testcase name="test0081_Method - 1.6" classname="org.eclipse.jdt.core.tests.compiler.parser.CompletionParserTest2" time="0"/>
  <testcase name="test0081_Method - 1.6" classname="org.eclipse.jdt.core.tests.compiler.parser.CompletionParserTestKeyword" time="0"/>
  <testcase name="test0082_Diet - 1.6" classname="org.eclipse.jdt.core.tests.compiler.parser.CompletionParserTest2" time="0"/>
  <testcase name="test0082_Diet - 1.6" classname="org.eclipse.jdt.core.tests.compiler.parser.CompletionParserTestKeyword" time="0"/>
  <testcase name="test0082_Method - 1.6" classname="org.eclipse.jdt.core.tests.compiler.parser.CompletionParserTest2" time="0.001"/>
  <testcase name="test0082_Method - 1.6" classname="org.eclipse.jdt.core.tests.compiler.parser.CompletionParserTestKeyword" time="0"/>
  <testcase name="test0083_Diet - 1.6" classname="org.eclipse.jdt.core.tests.compiler.parser.CompletionParserTest2" time="0"/>
  <testcase name="test0083_Method - 1.6" classname="org.eclipse.jdt.core.tests.compiler.parser.CompletionParserTest2" time="0"/>
  <testcase name="test0084_Diet - 1.6" classname="org.eclipse.jdt.core.tests.compiler.parser.CompletionParserTest2" time="0"/>
  <testcase name="test0084_Method - 1.6" classname="org.eclipse.jdt.core.tests.compiler.parser.CompletionParserTest2" time="0"/>
  <testcase name="test0085_Diet - 1.6" classname="org.eclipse.jdt.core.tests.compiler.parser.CompletionParserTest2" time="0"/>
  <testcase name="test0085_Method - 1.6" classname="org.eclipse.jdt.core.tests.compiler.parser.CompletionParserTest2" time="0"/>
  <testcase name="test0086_Diet - 1.6" classname="org.eclipse.jdt.core.tests.compiler.parser.CompletionParserTest2" time="0"/>
  <testcase name="test0086_Method - 1.6" classname="org.eclipse.jdt.core.tests.compiler.parser.CompletionParserTest2" time="0"/>
  <testcase name="test0087_Diet - 1.6" classname="org.eclipse.jdt.core.tests.compiler.parser.CompletionParserTest2" time="0"/>
  <testcase name="test0087_Method - 1.6" classname="org.eclipse.jdt.core.tests.compiler.parser.CompletionParserTest2" time="0"/>
  <testcase name="test0088_Diet - 1.6" classname="org.eclipse.jdt.core.tests.compiler.parser.CompletionParserTest2" time="0"/>
  <testcase name="test0088_Method - 1.6" classname="org.eclipse.jdt.core.tests.compiler.parser.CompletionParserTest2" time="0"/>
  <testcase name="test0089_Diet - 1.6" classname="org.eclipse.jdt.core.tests.compiler.parser.CompletionParserTest2" time="0"/>
  <testcase name="test0089_Method - 1.6" classname="org.eclipse.jdt.core.tests.compiler.parser.CompletionParserTest2" time="0.001"/>
  <testcase name="test0090_Diet - 1.6" classname="org.eclipse.jdt.core.tests.compiler.parser.CompletionParserTest2" time="0"/>
  <testcase name="test0090_Diet - 1.6" classname="org.eclipse.jdt.core.tests.compiler.parser.CompletionParserTestKeyword" time="0"/>
  <testcase name="test0090_Method - 1.6" classname="org.eclipse.jdt.core.tests.compiler.parser.CompletionParserTest2" time="0"/>
  <testcase name="test0090_Method - 1.6" classname="org.eclipse.jdt.core.tests.compiler.parser.CompletionParserTestKeyword" time="0"/>
  <testcase name="test0091 - 1.6" classname="org.eclipse.jdt.core.tests.compiler.parser.CompletionParserTest2" time="0"/>
  <testcase name="test0091 - 1.6" classname="org.eclipse.jdt.core.tests.compiler.parser.GenericsCompletionParserTest" time="0"/>
  <testcase name="test0091 - 1.6" classname="org.eclipse.jdt.core.tests.compiler.parser.AnnotationCompletionParserTest" time="0.001"/>
  <testcase name="test0092_Diet - 1.6" classname="org.eclipse.jdt.core.tests.compiler.parser.CompletionParserTest2" time="0"/>
  <testcase name="test0092_Diet - 1.6" classname="org.eclipse.jdt.core.tests.compiler.parser.CompletionParserTestKeyword" time="0"/>
  <testcase name="test0092_Method - 1.6" classname="org.eclipse.jdt.core.tests.compiler.parser.CompletionParserTest2" time="0"/>
  <testcase name="test0092_Method - 1.6" classname="org.eclipse.jdt.core.tests.compiler.parser.CompletionParserTestKeyword" time="0"/>
  <testcase name="test0093_Diet - 1.6" classname="org.eclipse.jdt.core.tests.compiler.parser.CompletionParserTest2" time="0"/>
  <testcase name="test0093_Diet - 1.6" classname="org.eclipse.jdt.core.tests.compiler.parser.CompletionParserTestKeyword" time="0"/>
  <testcase name="test0093_Method - 1.6" classname="org.eclipse.jdt.core.tests.compiler.parser.CompletionParserTest2" time="0"/>
  <testcase name="test0093_Method - 1.6" classname="org.eclipse.jdt.core.tests.compiler.parser.CompletionParserTestKeyword" time="0.001"/>
  <testcase name="test0094 - 1.6" classname="org.eclipse.jdt.core.tests.compiler.parser.CompletionParserTest2" time="0"/>
  <testcase name="test0094 - 1.6" classname="org.eclipse.jdt.core.tests.compiler.parser.GenericsCompletionParserTest" time="0"/>
  <testcase name="test0094 - 1.6" classname="org.eclipse.jdt.core.tests.compiler.parser.AnnotationCompletionParserTest" time="0"/>
  <testcase name="test0095_Diet - 1.6" classname="org.eclipse.jdt.core.tests.compiler.parser.CompletionParserTest2" time="0"/>
  <testcase name="test0095_Diet - 1.6" classname="org.eclipse.jdt.core.tests.compiler.parser.CompletionParserTestKeyword" time="0.001"/>
  <testcase name="test0095_Method - 1.6" classname="org.eclipse.jdt.core.tests.compiler.parser.CompletionParserTest2" time="0"/>
  <testcase name="test0095_Method - 1.6" classname="org.eclipse.jdt.core.tests.compiler.parser.CompletionParserTestKeyword" time="0"/>
  <testcase name="test0096_Diet - 1.6" classname="org.eclipse.jdt.core.tests.compiler.parser.CompletionParserTest2" time="0"/>
  <testcase name="test0096_Diet - 1.6" classname="org.eclipse.jdt.core.tests.compiler.parser.CompletionParserTestKeyword" time="0"/>
  <testcase name="test0096_Method - 1.6" classname="org.eclipse.jdt.core.tests.compiler.parser.CompletionParserTest2" time="0"/>
  <testcase name="test0096_Method - 1.6" classname="org.eclipse.jdt.core.tests.compiler.parser.CompletionParserTestKeyword" time="0"/>
  <testcase name="test0097_Diet - 1.6" classname="org.eclipse.jdt.core.tests.compiler.parser.CompletionParserTest2" time="0"/>
  <testcase name="test0097_Diet - 1.6" classname="org.eclipse.jdt.core.tests.compiler.parser.CompletionParserTestKeyword" time="0.001"/>
  <testcase name="test0097_Method - 1.6" classname="org.eclipse.jdt.core.tests.compiler.parser.CompletionParserTest2" time="0"/>
  <testcase name="test0097_Method - 1.6" classname="org.eclipse.jdt.core.tests.compiler.parser.CompletionParserTestKeyword" time="0"/>
  <testcase name="test0098_Diet - 1.6" classname="org.eclipse.jdt.core.tests.compiler.parser.CompletionParserTest2" time="0"/>
  <testcase name="test0098_Diet - 1.6" classname="org.eclipse.jdt.core.tests.compiler.parser.CompletionParserTestKeyword" time="0"/>
  <testcase name="test0098_Method - 1.6" classname="org.eclipse.jdt.core.tests.compiler.parser.CompletionParserTest2" time="0"/>
  <testcase name="test0098_Method - 1.6" classname="org.eclipse.jdt.core.tests.compiler.parser.CompletionParserTestKeyword" time="0"/>
  <testcase name="test0099_Diet - 1.6" classname="org.eclipse.jdt.core.tests.compiler.parser.CompletionParserTest2" time="0"/>
  <testcase name="test0099_Diet - 1.6" classname="org.eclipse.jdt.core.tests.compiler.parser.CompletionParserTestKeyword" time="0"/>
  <testcase name="test0099_Diet - 1.6" classname="org.eclipse.jdt.core.tests.compiler.parser.GenericsCompletionParserTest" time="0"/>
  <testcase name="test0099_Method - 1.6" classname="org.eclipse.jdt.core.tests.compiler.parser.CompletionParserTest2" time="0.001"/>
  <testcase name="test0099_Method - 1.6" classname="org.eclipse.jdt.core.tests.compiler.parser.CompletionParserTestKeyword" time="0"/>
  <testcase name="test0099_Method - 1.6" classname="org.eclipse.jdt.core.tests.compiler.parser.GenericsCompletionParserTest" time="0"/>
  <testcase name="test0100_Diet - 1.6" classname="org.eclipse.jdt.core.tests.compiler.parser.CompletionParserTest2" time="0"/>
  <testcase name="test0100_Diet - 1.6" classname="org.eclipse.jdt.core.tests.compiler.parser.CompletionParserTestKeyword" time="0"/>
  <testcase name="test0100_Diet - 1.6" classname="org.eclipse.jdt.core.tests.compiler.parser.GenericsCompletionParserTest" time="0"/>
  <testcase name="test0100_Method - 1.6" classname="org.eclipse.jdt.core.tests.compiler.parser.CompletionParserTest2" time="0"/>
  <testcase name="test0100_Method - 1.6" classname="org.eclipse.jdt.core.tests.compiler.parser.CompletionParserTestKeyword" time="0"/>
  <testcase name="test0100_Method - 1.6" classname="org.eclipse.jdt.core.tests.compiler.parser.GenericsCompletionParserTest" time="0"/>
  <testcase name="test0101_Diet - 1.6" classname="org.eclipse.jdt.core.tests.compiler.parser.CompletionParserTest2" time="0"/>
  <testcase name="test0101_Diet - 1.6" classname="org.eclipse.jdt.core.tests.compiler.parser.GenericsCompletionParserTest" time="0"/>
  <testcase name="test0101_Method - 1.6" classname="org.eclipse.jdt.core.tests.compiler.parser.CompletionParserTest2" time="0"/>
  <testcase name="test0101_Method - 1.6" classname="org.eclipse.jdt.core.tests.compiler.parser.GenericsCompletionParserTest" time="0"/>
  <testcase name="test0102_Diet - 1.6" classname="org.eclipse.jdt.core.tests.compiler.parser.CompletionParserTest2" time="0.001"/>
  <testcase name="test0102_Diet - 1.6" classname="org.eclipse.jdt.core.tests.compiler.parser.GenericsCompletionParserTest" time="0"/>
  <testcase name="test0102_Method - 1.6" classname="org.eclipse.jdt.core.tests.compiler.parser.CompletionParserTest2" time="0"/>
  <testcase name="test0102_Method - 1.6" classname="org.eclipse.jdt.core.tests.compiler.parser.GenericsCompletionParserTest" time="0.001"/>
  <testcase name="test0103_Diet - 1.6" classname="org.eclipse.jdt.core.tests.compiler.parser.CompletionParserTest2" time="0"/>
  <testcase name="test0103_Diet - 1.6" classname="org.eclipse.jdt.core.tests.compiler.parser.GenericsCompletionParserTest" time="0"/>
  <testcase name="test0103_Method - 1.6" classname="org.eclipse.jdt.core.tests.compiler.parser.CompletionParserTest2" time="0"/>
  <testcase name="test0103_Method - 1.6" classname="org.eclipse.jdt.core.tests.compiler.parser.GenericsCompletionParserTest" time="0"/>
  <testcase name="test0104_Diet - 1.6" classname="org.eclipse.jdt.core.tests.compiler.parser.CompletionParserTest2" time="0"/>
  <testcase name="test0104_Diet - 1.6" classname="org.eclipse.jdt.core.tests.compiler.parser.GenericsCompletionParserTest" time="0"/>
  <testcase name="test0104_Method - 1.6" classname="org.eclipse.jdt.core.tests.compiler.parser.CompletionParserTest2" time="0.001"/>
  <testcase name="test0104_Method - 1.6" classname="org.eclipse.jdt.core.tests.compiler.parser.GenericsCompletionParserTest" time="0.001"/>
  <testcase name="test0105_Diet - 1.6" classname="org.eclipse.jdt.core.tests.compiler.parser.CompletionParserTest2" time="0"/>
  <testcase name="test0105_Diet - 1.6" classname="org.eclipse.jdt.core.tests.compiler.parser.GenericsCompletionParserTest" time="0"/>
  <testcase name="test0105_Diet - 1.6" classname="org.eclipse.jdt.core.tests.compiler.parser.AnnotationCompletionParserTest" time="0"/>
  <testcase name="test0105_Method - 1.6" classname="org.eclipse.jdt.core.tests.compiler.parser.CompletionParserTest2" time="0"/>
  <testcase name="test0105_Method - 1.6" classname="org.eclipse.jdt.core.tests.compiler.parser.GenericsCompletionParserTest" time="0"/>
  <testcase name="test0105_Method - 1.6" classname="org.eclipse.jdt.core.tests.compiler.parser.AnnotationCompletionParserTest" time="0.001"/>
  <testcase name="test0106_Diet - 1.6" classname="org.eclipse.jdt.core.tests.compiler.parser.CompletionParserTest2" time="0"/>
  <testcase name="test0106_Diet - 1.6" classname="org.eclipse.jdt.core.tests.compiler.parser.GenericsCompletionParserTest" time="0"/>
  <testcase name="test0106_Diet - 1.6" classname="org.eclipse.jdt.core.tests.compiler.parser.AnnotationCompletionParserTest" time="0"/>
  <testcase name="test0106_Method - 1.6" classname="org.eclipse.jdt.core.tests.compiler.parser.CompletionParserTest2" time="0"/>
  <testcase name="test0106_Method - 1.6" classname="org.eclipse.jdt.core.tests.compiler.parser.GenericsCompletionParserTest" time="0.001"/>
  <testcase name="test0106_Method - 1.6" classname="org.eclipse.jdt.core.tests.compiler.parser.AnnotationCompletionParserTest" time="0"/>
  <testcase name="test0107_Diet - 1.6" classname="org.eclipse.jdt.core.tests.compiler.parser.CompletionParserTest2" time="0"/>
  <testcase name="test0107_Diet - 1.6" classname="org.eclipse.jdt.core.tests.compiler.parser.CompletionParserTestKeyword" time="0"/>
  <testcase name="test0107_Diet - 1.6" classname="org.eclipse.jdt.core.tests.compiler.parser.GenericsCompletionParserTest" time="0"/>
  <testcase name="test0107_Diet - 1.6" classname="org.eclipse.jdt.core.tests.compiler.parser.AnnotationCompletionParserTest" time="0"/>
  <testcase name="test0107_Method - 1.6" classname="org.eclipse.jdt.core.tests.compiler.parser.CompletionParserTest2" time="0"/>
  <testcase name="test0107_Method - 1.6" classname="org.eclipse.jdt.core.tests.compiler.parser.CompletionParserTestKeyword" time="0"/>
  <testcase name="test0107_Method - 1.6" classname="org.eclipse.jdt.core.tests.compiler.parser.GenericsCompletionParserTest" time="0"/>
  <testcase name="test0107_Method - 1.6" classname="org.eclipse.jdt.core.tests.compiler.parser.AnnotationCompletionParserTest" time="0"/>
  <testcase name="test0108_Diet - 1.6" classname="org.eclipse.jdt.core.tests.compiler.parser.CompletionParserTest2" time="0"/>
  <testcase name="test0108_Diet - 1.6" classname="org.eclipse.jdt.core.tests.compiler.parser.CompletionParserTestKeyword" time="0"/>
  <testcase name="test0108_Diet - 1.6" classname="org.eclipse.jdt.core.tests.compiler.parser.GenericsCompletionParserTest" time="0"/>
  <testcase name="test0108_Diet - 1.6" classname="org.eclipse.jdt.core.tests.compiler.parser.AnnotationCompletionParserTest" time="0"/>
  <testcase name="test0108_Method - 1.6" classname="org.eclipse.jdt.core.tests.compiler.parser.CompletionParserTest2" time="0"/>
  <testcase name="test0108_Method - 1.6" classname="org.eclipse.jdt.core.tests.compiler.parser.CompletionParserTestKeyword" time="0"/>
  <testcase name="test0108_Method - 1.6" classname="org.eclipse.jdt.core.tests.compiler.parser.GenericsCompletionParserTest" time="0.001"/>
  <testcase name="test0108_Method - 1.6" classname="org.eclipse.jdt.core.tests.compiler.parser.AnnotationCompletionParserTest" time="0"/>
  <testcase name="test0109_Diet - 1.6" classname="org.eclipse.jdt.core.tests.compiler.parser.CompletionParserTest2" time="0"/>
  <testcase name="test0109_Diet - 1.6" classname="org.eclipse.jdt.core.tests.compiler.parser.CompletionParserTestKeyword" time="0"/>
  <testcase name="test0109_Diet - 1.6" classname="org.eclipse.jdt.core.tests.compiler.parser.GenericsCompletionParserTest" time="0"/>
  <testcase name="test0109_Diet - 1.6" classname="org.eclipse.jdt.core.tests.compiler.parser.AnnotationCompletionParserTest" time="0"/>
  <testcase name="test0109_Method - 1.6" classname="org.eclipse.jdt.core.tests.compiler.parser.CompletionParserTest2" time="0"/>
  <testcase name="test0109_Method - 1.6" classname="org.eclipse.jdt.core.tests.compiler.parser.CompletionParserTestKeyword" time="0"/>
  <testcase name="test0109_Method - 1.6" classname="org.eclipse.jdt.core.tests.compiler.parser.GenericsCompletionParserTest" time="0"/>
  <testcase name="test0109_Method - 1.6" classname="org.eclipse.jdt.core.tests.compiler.parser.AnnotationCompletionParserTest" time="0"/>
  <testcase name="test0110_Diet - 1.6" classname="org.eclipse.jdt.core.tests.compiler.parser.CompletionParserTest2" time="0"/>
  <testcase name="test0110_Diet - 1.6" classname="org.eclipse.jdt.core.tests.compiler.parser.CompletionParserTestKeyword" time="0"/>
  <testcase name="test0110_Diet - 1.6" classname="org.eclipse.jdt.core.tests.compiler.parser.GenericsCompletionParserTest" time="0"/>
  <testcase name="test0110_Diet - 1.6" classname="org.eclipse.jdt.core.tests.compiler.parser.AnnotationCompletionParserTest" time="0"/>
  <testcase name="test0110_Method - 1.6" classname="org.eclipse.jdt.core.tests.compiler.parser.CompletionParserTest2" time="0"/>
  <testcase name="test0110_Method - 1.6" classname="org.eclipse.jdt.core.tests.compiler.parser.CompletionParserTestKeyword" time="0"/>
  <testcase name="test0110_Method - 1.6" classname="org.eclipse.jdt.core.tests.compiler.parser.GenericsCompletionParserTest" time="0.001"/>
  <testcase name="test0110_Method - 1.6" classname="org.eclipse.jdt.core.tests.compiler.parser.AnnotationCompletionParserTest" time="0"/>
  <testcase name="test0111_Diet - 1.6" classname="org.eclipse.jdt.core.tests.compiler.parser.CompletionParserTest2" time="0.001"/>
  <testcase name="test0111_Diet - 1.6" classname="org.eclipse.jdt.core.tests.compiler.parser.GenericsCompletionParserTest" time="0"/>
  <testcase name="test0111_Diet - 1.6" classname="org.eclipse.jdt.core.tests.compiler.parser.AnnotationCompletionParserTest" time="0.001"/>
  <testcase name="test0111_Method - 1.6" classname="org.eclipse.jdt.core.tests.compiler.parser.CompletionParserTest2" time="0"/>
  <testcase name="test0111_Method - 1.6" classname="org.eclipse.jdt.core.tests.compiler.parser.GenericsCompletionParserTest" time="0"/>
  <testcase name="test0111_Method - 1.6" classname="org.eclipse.jdt.core.tests.compiler.parser.AnnotationCompletionParserTest" time="0"/>
  <testcase name="test0112_Diet - 1.6" classname="org.eclipse.jdt.core.tests.compiler.parser.CompletionParserTest2" time="0"/>
  <testcase name="test0112_Diet - 1.6" classname="org.eclipse.jdt.core.tests.compiler.parser.GenericsCompletionParserTest" time="0"/>
  <testcase name="test0112_Diet - 1.6" classname="org.eclipse.jdt.core.tests.compiler.parser.AnnotationCompletionParserTest" time="0"/>
  <testcase name="test0112_Method - 1.6" classname="org.eclipse.jdt.core.tests.compiler.parser.CompletionParserTest2" time="0"/>
  <testcase name="test0112_Method - 1.6" classname="org.eclipse.jdt.core.tests.compiler.parser.GenericsCompletionParserTest" time="0.001"/>
  <testcase name="test0112_Method - 1.6" classname="org.eclipse.jdt.core.tests.compiler.parser.AnnotationCompletionParserTest" time="0"/>
  <testcase name="test0113_Diet - 1.6" classname="org.eclipse.jdt.core.tests.compiler.parser.CompletionParserTest2" time="0"/>
  <testcase name="test0113_Diet - 1.6" classname="org.eclipse.jdt.core.tests.compiler.parser.GenericsCompletionParserTest" time="0"/>
  <testcase name="test0113_Diet - 1.6" classname="org.eclipse.jdt.core.tests.compiler.parser.AnnotationCompletionParserTest" time="0"/>
  <testcase name="test0113_Method - 1.6" classname="org.eclipse.jdt.core.tests.compiler.parser.CompletionParserTest2" time="0.001"/>
  <testcase name="test0113_Method - 1.6" classname="org.eclipse.jdt.core.tests.compiler.parser.GenericsCompletionParserTest" time="0"/>
  <testcase name="test0113_Method - 1.6" classname="org.eclipse.jdt.core.tests.compiler.parser.AnnotationCompletionParserTest" time="0"/>
  <testcase name="test0114_Diet - 1.6" classname="org.eclipse.jdt.core.tests.compiler.parser.CompletionParserTest2" time="0"/>
  <testcase name="test0114_Diet - 1.6" classname="org.eclipse.jdt.core.tests.compiler.parser.GenericsCompletionParserTest" time="0"/>
  <testcase name="test0114_Diet - 1.6" classname="org.eclipse.jdt.core.tests.compiler.parser.AnnotationCompletionParserTest" time="0"/>
  <testcase name="test0114_Method - 1.6" classname="org.eclipse.jdt.core.tests.compiler.parser.CompletionParserTest2" time="0"/>
  <testcase name="test0114_Method - 1.6" classname="org.eclipse.jdt.core.tests.compiler.parser.GenericsCompletionParserTest" time="0.001"/>
  <testcase name="test0114_Method - 1.6" classname="org.eclipse.jdt.core.tests.compiler.parser.AnnotationCompletionParserTest" time="0.001"/>
  <testcase name="test0115_Diet - 1.6" classname="org.eclipse.jdt.core.tests.compiler.parser.CompletionParserTest2" time="0"/>
  <testcase name="test0115_Diet - 1.6" classname="org.eclipse.jdt.core.tests.compiler.parser.GenericsCompletionParserTest" time="0"/>
  <testcase name="test0115_Method - 1.6" classname="org.eclipse.jdt.core.tests.compiler.parser.CompletionParserTest2" time="0"/>
  <testcase name="test0115_Method - 1.6" classname="org.eclipse.jdt.core.tests.compiler.parser.GenericsCompletionParserTest" time="0"/>
  <testcase name="test0116_Diet - 1.6" classname="org.eclipse.jdt.core.tests.compiler.parser.CompletionParserTest2" time="0"/>
  <testcase name="test0116_Diet - 1.6" classname="org.eclipse.jdt.core.tests.compiler.parser.GenericsCompletionParserTest" time="0.001"/>
  <testcase name="test0116_Method - 1.6" classname="org.eclipse.jdt.core.tests.compiler.parser.CompletionParserTest2" time="0"/>
  <testcase name="test0116_Method - 1.6" classname="org.eclipse.jdt.core.tests.compiler.parser.GenericsCompletionParserTest" time="0"/>
  <testcase name="test0117_Diet - 1.6" classname="org.eclipse.jdt.core.tests.compiler.parser.CompletionParserTest2" time="0"/>
  <testcase name="test0117_Diet - 1.6" classname="org.eclipse.jdt.core.tests.compiler.parser.GenericsCompletionParserTest" time="0"/>
  <testcase name="test0117_Method - 1.6" classname="org.eclipse.jdt.core.tests.compiler.parser.CompletionParserTest2" time="0"/>
  <testcase name="test0117_Method - 1.6" classname="org.eclipse.jdt.core.tests.compiler.parser.GenericsCompletionParserTest" time="0.001"/>
  <testcase name="test0118_Diet - 1.6" classname="org.eclipse.jdt.core.tests.compiler.parser.CompletionParserTest2" time="0.001"/>
  <testcase name="test0118_Diet - 1.6" classname="org.eclipse.jdt.core.tests.compiler.parser.GenericsCompletionParserTest" time="0"/>
  <testcase name="test0118_Method - 1.6" classname="org.eclipse.jdt.core.tests.compiler.parser.CompletionParserTest2" time="0"/>
  <testcase name="test0118_Method - 1.6" classname="org.eclipse.jdt.core.tests.compiler.parser.GenericsCompletionParserTest" time="0"/>
  <testcase name="test0119_Diet - 1.6" classname="org.eclipse.jdt.core.tests.compiler.parser.CompletionParserTest2" time="0"/>
  <testcase name="test0119_Diet - 1.6" classname="org.eclipse.jdt.core.tests.compiler.parser.GenericsCompletionParserTest" time="0"/>
  <testcase name="test0119_Diet - 1.6" classname="org.eclipse.jdt.core.tests.compiler.parser.AnnotationCompletionParserTest" time="0"/>
  <testcase name="test0119_Method - 1.6" classname="org.eclipse.jdt.core.tests.compiler.parser.CompletionParserTest2" time="0"/>
  <testcase name="test0119_Method - 1.6" classname="org.eclipse.jdt.core.tests.compiler.parser.GenericsCompletionParserTest" time="0.001"/>
  <testcase name="test0119_Method - 1.6" classname="org.eclipse.jdt.core.tests.compiler.parser.AnnotationCompletionParserTest" time="0"/>
  <testcase name="test0120_Diet - 1.6" classname="org.eclipse.jdt.core.tests.compiler.parser.CompletionParserTest2" time="0"/>
  <testcase name="test0120_Diet - 1.6" classname="org.eclipse.jdt.core.tests.compiler.parser.GenericsCompletionParserTest" time="0"/>
  <testcase name="test0120_Diet - 1.6" classname="org.eclipse.jdt.core.tests.compiler.parser.AnnotationCompletionParserTest" time="0"/>
  <testcase name="test0120_Method - 1.6" classname="org.eclipse.jdt.core.tests.compiler.parser.CompletionParserTest2" time="0"/>
  <testcase name="test0120_Method - 1.6" classname="org.eclipse.jdt.core.tests.compiler.parser.GenericsCompletionParserTest" time="0"/>
  <testcase name="test0120_Method - 1.6" classname="org.eclipse.jdt.core.tests.compiler.parser.AnnotationCompletionParserTest" time="0"/>
  <testcase name="test0121_Diet - 1.6" classname="org.eclipse.jdt.core.tests.compiler.parser.CompletionParserTest2" time="0"/>
  <testcase name="test0121_Diet - 1.6" classname="org.eclipse.jdt.core.tests.compiler.parser.GenericsCompletionParserTest" time="0"/>
  <testcase name="test0121_Method - 1.6" classname="org.eclipse.jdt.core.tests.compiler.parser.CompletionParserTest2" time="0"/>
  <testcase name="test0121_Method - 1.6" classname="org.eclipse.jdt.core.tests.compiler.parser.GenericsCompletionParserTest" time="0"/>
  <testcase name="test0122_Diet - 1.6" classname="org.eclipse.jdt.core.tests.compiler.parser.CompletionParserTest2" time="0"/>
  <testcase name="test0122_Diet - 1.6" classname="org.eclipse.jdt.core.tests.compiler.parser.GenericsCompletionParserTest" time="0"/>
  <testcase name="test0122_Method - 1.6" classname="org.eclipse.jdt.core.tests.compiler.parser.CompletionParserTest2" time="0"/>
  <testcase name="test0122_Method - 1.6" classname="org.eclipse.jdt.core.tests.compiler.parser.GenericsCompletionParserTest" time="0"/>
  <testcase name="test0123_Diet - 1.6" classname="org.eclipse.jdt.core.tests.compiler.parser.CompletionParserTest2" time="0"/>
  <testcase name="test0123_Diet - 1.6" classname="org.eclipse.jdt.core.tests.compiler.parser.GenericsCompletionParserTest" time="0"/>
  <testcase name="test0123_Method - 1.6" classname="org.eclipse.jdt.core.tests.compiler.parser.CompletionParserTest2" time="0"/>
  <testcase name="test0123_Method - 1.6" classname="org.eclipse.jdt.core.tests.compiler.parser.GenericsCompletionParserTest" time="0"/>
  <testcase name="test0124_Diet - 1.6" classname="org.eclipse.jdt.core.tests.compiler.parser.CompletionParserTest2" time="0"/>
  <testcase name="test0124_Diet - 1.6" classname="org.eclipse.jdt.core.tests.compiler.parser.GenericsCompletionParserTest" time="0"/>
  <testcase name="test0124_Method - 1.6" classname="org.eclipse.jdt.core.tests.compiler.parser.CompletionParserTest2" time="0.001"/>
  <testcase name="test0124_Method - 1.6" classname="org.eclipse.jdt.core.tests.compiler.parser.GenericsCompletionParserTest" time="0"/>
  <testcase name="test0125_Diet - 1.6" classname="org.eclipse.jdt.core.tests.compiler.parser.CompletionParserTest2" time="0"/>
  <testcase name="test0125_Diet - 1.6" classname="org.eclipse.jdt.core.tests.compiler.parser.GenericsCompletionParserTest" time="0"/>
  <testcase name="test0125_Method - 1.6" classname="org.eclipse.jdt.core.tests.compiler.parser.CompletionParserTest2" time="0"/>
  <testcase name="test0125_Method - 1.6" classname="org.eclipse.jdt.core.tests.compiler.parser.GenericsCompletionParserTest" time="0"/>
  <testcase name="test0126_Diet - 1.6" classname="org.eclipse.jdt.core.tests.compiler.parser.CompletionParserTest2" time="0"/>
  <testcase name="test0126_Diet - 1.6" classname="org.eclipse.jdt.core.tests.compiler.parser.GenericsCompletionParserTest" time="0"/>
  <testcase name="test0126_Method - 1.6" classname="org.eclipse.jdt.core.tests.compiler.parser.CompletionParserTest2" time="0"/>
  <testcase name="test0126_Method - 1.6" classname="org.eclipse.jdt.core.tests.compiler.parser.GenericsCompletionParserTest" time="0"/>
  <testcase name="test0127 - 1.6" classname="org.eclipse.jdt.core.tests.compiler.parser.CompletionParserTest2" time="0"/>
  <testcase name="test0127 - 1.6" classname="org.eclipse.jdt.core.tests.compiler.parser.CompletionParserTestKeyword" time="0"/>
  <testcase name="test0127 - 1.6" classname="org.eclipse.jdt.core.tests.compiler.parser.AnnotationCompletionParserTest" time="0"/>
  <testcase name="test0128_Diet - 1.6" classname="org.eclipse.jdt.core.tests.compiler.parser.CompletionParserTest2" time="0"/>
  <testcase name="test0128_Diet - 1.6" classname="org.eclipse.jdt.core.tests.compiler.parser.GenericsCompletionParserTest" time="0"/>
  <testcase name="test0128_Method - 1.6" classname="org.eclipse.jdt.core.tests.compiler.parser.CompletionParserTest2" time="0"/>
  <testcase name="test0128_Method - 1.6" classname="org.eclipse.jdt.core.tests.compiler.parser.GenericsCompletionParserTest" time="0"/>
  <testcase name="test0129_Diet - 1.6" classname="org.eclipse.jdt.core.tests.compiler.parser.CompletionParserTest2" time="0"/>
  <testcase name="test0129_Diet - 1.6" classname="org.eclipse.jdt.core.tests.compiler.parser.GenericsCompletionParserTest" time="0.001"/>
  <testcase name="test0129_Method - 1.6" classname="org.eclipse.jdt.core.tests.compiler.parser.CompletionParserTest2" time="0"/>
  <testcase name="test0129_Method - 1.6" classname="org.eclipse.jdt.core.tests.compiler.parser.GenericsCompletionParserTest" time="0"/>
  <testcase name="test0130_Diet - 1.6" classname="org.eclipse.jdt.core.tests.compiler.parser.CompletionParserTest2" time="0"/>
  <testcase name="test0130_Diet - 1.6" classname="org.eclipse.jdt.core.tests.compiler.parser.GenericsCompletionParserTest" time="0"/>
  <testcase name="test0130_Method - 1.6" classname="org.eclipse.jdt.core.tests.compiler.parser.CompletionParserTest2" time="0"/>
  <testcase name="test0130_Method - 1.6" classname="org.eclipse.jdt.core.tests.compiler.parser.GenericsCompletionParserTest" time="0"/>
  <testcase name="test0131_Diet - 1.6" classname="org.eclipse.jdt.core.tests.compiler.parser.CompletionParserTest2" time="0"/>
  <testcase name="test0131_Diet - 1.6" classname="org.eclipse.jdt.core.tests.compiler.parser.GenericsCompletionParserTest" time="0.001"/>
  <testcase name="test0131_Method - 1.6" classname="org.eclipse.jdt.core.tests.compiler.parser.CompletionParserTest2" time="0"/>
  <testcase name="test0131_Method - 1.6" classname="org.eclipse.jdt.core.tests.compiler.parser.GenericsCompletionParserTest" time="0"/>
  <testcase name="test0132_Diet - 1.6" classname="org.eclipse.jdt.core.tests.compiler.parser.CompletionParserTest2" time="0"/>
  <testcase name="test0132_Diet - 1.6" classname="org.eclipse.jdt.core.tests.compiler.parser.GenericsCompletionParserTest" time="0"/>
  <testcase name="test0132_Method - 1.6" classname="org.eclipse.jdt.core.tests.compiler.parser.CompletionParserTest2" time="0"/>
  <testcase name="test0132_Method - 1.6" classname="org.eclipse.jdt.core.tests.compiler.parser.GenericsCompletionParserTest" time="0"/>
  <testcase name="test0133_Diet - 1.6" classname="org.eclipse.jdt.core.tests.compiler.parser.CompletionParserTest2" time="0.001"/>
  <testcase name="test0133_Diet - 1.6" classname="org.eclipse.jdt.core.tests.compiler.parser.GenericsCompletionParserTest" time="0.001"/>
  <testcase name="test0133_Method - 1.6" classname="org.eclipse.jdt.core.tests.compiler.parser.CompletionParserTest2" time="0"/>
  <testcase name="test0133_Method - 1.6" classname="org.eclipse.jdt.core.tests.compiler.parser.GenericsCompletionParserTest" time="0"/>
  <testcase name="test0134 - 1.6" classname="org.eclipse.jdt.core.tests.compiler.parser.CompletionParserTest2" time="0"/>
  <testcase name="test0134 - 1.6" classname="org.eclipse.jdt.core.tests.compiler.parser.CompletionParserTestKeyword" time="0"/>
  <testcase name="test0135_Diet - 1.6" classname="org.eclipse.jdt.core.tests.compiler.parser.CompletionParserTest2" time="0"/>
  <testcase name="test0135_Diet - 1.6" classname="org.eclipse.jdt.core.tests.compiler.parser.GenericsCompletionParserTest" time="0"/>
  <testcase name="test0135_Method - 1.6" classname="org.eclipse.jdt.core.tests.compiler.parser.CompletionParserTest2" time="0.001"/>
  <testcase name="test0135_Method - 1.6" classname="org.eclipse.jdt.core.tests.compiler.parser.GenericsCompletionParserTest" time="0"/>
  <testcase name="test0136 - 1.6" classname="org.eclipse.jdt.core.tests.compiler.parser.CompletionParserTest2" time="0"/>
  <testcase name="test0136 - 1.6" classname="org.eclipse.jdt.core.tests.compiler.parser.CompletionParserTestKeyword" time="0.001"/>
  <testcase name="test0137_Diet - 1.6" classname="org.eclipse.jdt.core.tests.compiler.parser.CompletionParserTest2" time="0"/>
  <testcase name="test0137_Diet - 1.6" classname="org.eclipse.jdt.core.tests.compiler.parser.GenericsCompletionParserTest" time="0"/>
  <testcase name="test0137_Method - 1.6" classname="org.eclipse.jdt.core.tests.compiler.parser.CompletionParserTest2" time="0"/>
  <testcase name="test0137_Method - 1.6" classname="org.eclipse.jdt.core.tests.compiler.parser.GenericsCompletionParserTest" time="0"/>
  <testcase name="test0138_Diet - 1.6" classname="org.eclipse.jdt.core.tests.compiler.parser.CompletionParserTest2" time="0"/>
  <testcase name="test0138_Diet - 1.6" classname="org.eclipse.jdt.core.tests.compiler.parser.GenericsCompletionParserTest" time="0"/>
  <testcase name="test0138_Method - 1.6" classname="org.eclipse.jdt.core.tests.compiler.parser.CompletionParserTest2" time="0"/>
  <testcase name="test0138_Method - 1.6" classname="org.eclipse.jdt.core.tests.compiler.parser.GenericsCompletionParserTest" time="0"/>
  <testcase name="test0139 - 1.6" classname="org.eclipse.jdt.core.tests.compiler.parser.CompletionParserTest2" time="0"/>
  <testcase name="test0139 - 1.6" classname="org.eclipse.jdt.core.tests.compiler.parser.CompletionParserTestKeyword" time="0"/>
  <testcase name="test0140 - 1.6" classname="org.eclipse.jdt.core.tests.compiler.parser.CompletionParserTest2" time="0"/>
  <testcase name="test0140 - 1.6" classname="org.eclipse.jdt.core.tests.compiler.parser.CompletionParserTestKeyword" time="0"/>
  <testcase name="test0141 - 1.6" classname="org.eclipse.jdt.core.tests.compiler.parser.CompletionParserTest2" time="0"/>
  <testcase name="test0141 - 1.6" classname="org.eclipse.jdt.core.tests.compiler.parser.CompletionParserTestKeyword" time="0"/>
  <testcase name="test0142_Diet - 1.6" classname="org.eclipse.jdt.core.tests.compiler.parser.CompletionParserTest2" time="0"/>
  <testcase name="test0142_Diet - 1.6" classname="org.eclipse.jdt.core.tests.compiler.parser.GenericsCompletionParserTest" time="0"/>
  <testcase name="test0142_Method - 1.6" classname="org.eclipse.jdt.core.tests.compiler.parser.CompletionParserTest2" time="0"/>
  <testcase name="test0142_Method - 1.6" classname="org.eclipse.jdt.core.tests.compiler.parser.GenericsCompletionParserTest" time="0.001"/>
  <testcase name="test0143_Diet - 1.6" classname="org.eclipse.jdt.core.tests.compiler.parser.CompletionParserTest2" time="0.001"/>
  <testcase name="test0143_Diet - 1.6" classname="org.eclipse.jdt.core.tests.compiler.parser.GenericsCompletionParserTest" time="0"/>
  <testcase name="test0143_Method - 1.6" classname="org.eclipse.jdt.core.tests.compiler.parser.CompletionParserTest2" time="0"/>
  <testcase name="test0143_Method - 1.6" classname="org.eclipse.jdt.core.tests.compiler.parser.GenericsCompletionParserTest" time="0"/>
  <testcase name="test0144_Diet - 1.6" classname="org.eclipse.jdt.core.tests.compiler.parser.CompletionParserTest2" time="0"/>
  <testcase name="test0144_Diet - 1.6" classname="org.eclipse.jdt.core.tests.compiler.parser.GenericsCompletionParserTest" time="0"/>
  <testcase name="test0144_Method - 1.6" classname="org.eclipse.jdt.core.tests.compiler.parser.CompletionParserTest2" time="0"/>
  <testcase name="test0144_Method - 1.6" classname="org.eclipse.jdt.core.tests.compiler.parser.GenericsCompletionParserTest" time="0.001"/>
  <testcase name="test0145_Diet - 1.6" classname="org.eclipse.jdt.core.tests.compiler.parser.CompletionParserTest2" time="0"/>
  <testcase name="test0145_Diet - 1.6" classname="org.eclipse.jdt.core.tests.compiler.parser.GenericsCompletionParserTest" time="0"/>
  <testcase name="test0145_Method - 1.6" classname="org.eclipse.jdt.core.tests.compiler.parser.CompletionParserTest2" time="0.001"/>
  <testcase name="test0145_Method - 1.6" classname="org.eclipse.jdt.core.tests.compiler.parser.GenericsCompletionParserTest" time="0"/>
  <testcase name="test0146_Diet - 1.6" classname="org.eclipse.jdt.core.tests.compiler.parser.CompletionParserTest2" time="0"/>
  <testcase name="test0146_Method - 1.6" classname="org.eclipse.jdt.core.tests.compiler.parser.CompletionParserTest2" time="0"/>
  <testcase name="test0147 - 1.6" classname="org.eclipse.jdt.core.tests.compiler.parser.CompletionParserTest2" time="0"/>
  <testcase name="test0147 - 1.6" classname="org.eclipse.jdt.core.tests.compiler.parser.GenericsCompletionParserTest" time="0"/>
  <testcase name="test0148 - 1.6" classname="org.eclipse.jdt.core.tests.compiler.parser.CompletionParserTest2" time="0.001"/>
  <testcase name="test0148 - 1.6" classname="org.eclipse.jdt.core.tests.compiler.parser.GenericsCompletionParserTest" time="0"/>
  <testcase name="test0149_Diet - 1.6" classname="org.eclipse.jdt.core.tests.compiler.parser.CompletionParserTest2" time="0"/>
  <testcase name="test0149_Method - 1.6" classname="org.eclipse.jdt.core.tests.compiler.parser.CompletionParserTest2" time="0"/>
  <testcase name="test0150_Diet - 1.6" classname="org.eclipse.jdt.core.tests.compiler.parser.CompletionParserTest2" time="0"/>
  <testcase name="test0150_Method - 1.6" classname="org.eclipse.jdt.core.tests.compiler.parser.CompletionParserTest2" time="0.001"/>
  <testcase name="test0151_Diet - 1.6" classname="org.eclipse.jdt.core.tests.compiler.parser.CompletionParserTest2" time="0"/>
  <testcase name="test0151_Method - 1.6" classname="org.eclipse.jdt.core.tests.compiler.parser.CompletionParserTest2" time="0"/>
  <testcase name="test0152 - 1.6" classname="org.eclipse.jdt.core.tests.compiler.parser.CompletionParserTest2" time="0.001"/>
  <testcase name="test0152 - 1.6" classname="org.eclipse.jdt.core.tests.compiler.parser.CompletionParserTestKeyword" time="0.001"/>
  <testcase name="test0152 - 1.6" classname="org.eclipse.jdt.core.tests.compiler.parser.GenericsCompletionParserTest" time="0"/>
  <testcase name="test0153_Diet - 1.6" classname="org.eclipse.jdt.core.tests.compiler.parser.CompletionParserTest2" time="0"/>
  <testcase name="test0153_Method - 1.6" classname="org.eclipse.jdt.core.tests.compiler.parser.CompletionParserTest2" time="0"/>
  <testcase name="test0154_Diet - 1.6" classname="org.eclipse.jdt.core.tests.compiler.parser.CompletionParserTest2" time="0"/>
  <testcase name="test0154_Method - 1.6" classname="org.eclipse.jdt.core.tests.compiler.parser.CompletionParserTest2" time="0"/>
  <testcase name="test0155_Diet - 1.6" classname="org.eclipse.jdt.core.tests.compiler.parser.CompletionParserTest2" time="0"/>
  <testcase name="test0155_Method - 1.6" classname="org.eclipse.jdt.core.tests.compiler.parser.CompletionParserTest2" time="0"/>
  <testcase name="test0156_Diet - 1.6" classname="org.eclipse.jdt.core.tests.compiler.parser.CompletionParserTest2" time="0"/>
  <testcase name="test0156_Method - 1.6" classname="org.eclipse.jdt.core.tests.compiler.parser.CompletionParserTest2" time="0"/>
  <testcase name="test0157_Diet - 1.6" classname="org.eclipse.jdt.core.tests.compiler.parser.CompletionParserTest2" time="0.001"/>
  <testcase name="test0157_Method - 1.6" classname="org.eclipse.jdt.core.tests.compiler.parser.CompletionParserTest2" time="0"/>
  <testcase name="test0158_Diet - 1.6" classname="org.eclipse.jdt.core.tests.compiler.parser.CompletionParserTest2" time="0"/>
  <testcase name="test0158_Method - 1.6" classname="org.eclipse.jdt.core.tests.compiler.parser.CompletionParserTest2" time="0"/>
  <testcase name="test0159 - 1.6" classname="org.eclipse.jdt.core.tests.compiler.parser.CompletionParserTest2" time="0.001"/>
  <testcase name="test0159 - 1.6" classname="org.eclipse.jdt.core.tests.compiler.parser.CompletionParserTestKeyword" time="0"/>
  <testcase name="test0160 - 1.6" classname="org.eclipse.jdt.core.tests.compiler.parser.CompletionParserTest2" time="0"/>
  <testcase name="test0160 - 1.6" classname="org.eclipse.jdt.core.tests.compiler.parser.CompletionParserTestKeyword" time="0"/>
  <testcase name="test0161 - 1.6" classname="org.eclipse.jdt.core.tests.compiler.parser.CompletionParserTest2" time="0"/>
  <testcase name="test0161 - 1.6" classname="org.eclipse.jdt.core.tests.compiler.parser.CompletionParserTestKeyword" time="0"/>
  <testcase name="test0161 - 1.6" classname="org.eclipse.jdt.core.tests.compiler.parser.GenericsCompletionParserTest" time="0"/>
  <testcase name="test0162 - 1.6" classname="org.eclipse.jdt.core.tests.compiler.parser.CompletionParserTest2" time="0"/>
  <testcase name="test0162 - 1.6" classname="org.eclipse.jdt.core.tests.compiler.parser.CompletionParserTestKeyword" time="0"/>
  <testcase name="test0162 - 1.6" classname="org.eclipse.jdt.core.tests.compiler.parser.GenericsCompletionParserTest" time="0"/>
  <testcase name="test0163 - 1.6" classname="org.eclipse.jdt.core.tests.compiler.parser.CompletionParserTest2" time="0"/>
  <testcase name="test0163 - 1.6" classname="org.eclipse.jdt.core.tests.compiler.parser.CompletionParserTestKeyword" time="0"/>
  <testcase name="test0163 - 1.6" classname="org.eclipse.jdt.core.tests.compiler.parser.GenericsCompletionParserTest" time="0"/>
  <testcase name="test0164 - 1.6" classname="org.eclipse.jdt.core.tests.compiler.parser.CompletionParserTest2" time="0"/>
  <testcase name="test0164 - 1.6" classname="org.eclipse.jdt.core.tests.compiler.parser.CompletionParserTestKeyword" time="0"/>
  <testcase name="test0164 - 1.6" classname="org.eclipse.jdt.core.tests.compiler.parser.GenericsCompletionParserTest" time="0"/>
  <testcase name="test0165_Diet - 1.6" classname="org.eclipse.jdt.core.tests.compiler.parser.CompletionParserTest2" time="0"/>
  <testcase name="test0165_Diet - 1.6" classname="org.eclipse.jdt.core.tests.compiler.parser.GenericsCompletionParserTest" time="0.001"/>
  <testcase name="test0165_Method - 1.6" classname="org.eclipse.jdt.core.tests.compiler.parser.CompletionParserTest2" time="0"/>
  <testcase name="test0165_Method - 1.6" classname="org.eclipse.jdt.core.tests.compiler.parser.GenericsCompletionParserTest" time="0"/>
  <testcase name="test0166_Diet - 1.6" classname="org.eclipse.jdt.core.tests.compiler.parser.CompletionParserTest2" time="0"/>
  <testcase name="test0166_Diet - 1.6" classname="org.eclipse.jdt.core.tests.compiler.parser.GenericsCompletionParserTest" time="0"/>
  <testcase name="test0166_Method - 1.6" classname="org.eclipse.jdt.core.tests.compiler.parser.CompletionParserTest2" time="0.001"/>
  <testcase name="test0166_Method - 1.6" classname="org.eclipse.jdt.core.tests.compiler.parser.GenericsCompletionParserTest" time="0.001"/>
  <testcase name="test0167_Diet - 1.6" classname="org.eclipse.jdt.core.tests.compiler.parser.CompletionParserTest2" time="0"/>
  <testcase name="test0167_Diet - 1.6" classname="org.eclipse.jdt.core.tests.compiler.parser.GenericsCompletionParserTest" time="0"/>
  <testcase name="test0167_Method - 1.6" classname="org.eclipse.jdt.core.tests.compiler.parser.CompletionParserTest2" time="0"/>
  <testcase name="test0167_Method - 1.6" classname="org.eclipse.jdt.core.tests.compiler.parser.GenericsCompletionParserTest" time="0"/>
  <testcase name="test0168_Diet - 1.6" classname="org.eclipse.jdt.core.tests.compiler.parser.CompletionParserTest2" time="0"/>
  <testcase name="test0168_Diet - 1.6" classname="org.eclipse.jdt.core.tests.compiler.parser.GenericsCompletionParserTest" time="0"/>
  <testcase name="test0168_Method - 1.6" classname="org.eclipse.jdt.core.tests.compiler.parser.CompletionParserTest2" time="0.001"/>
  <testcase name="test0168_Method - 1.6" classname="org.eclipse.jdt.core.tests.compiler.parser.GenericsCompletionParserTest" time="0"/>
  <testcase name="test0169_Diet - 1.6" classname="org.eclipse.jdt.core.tests.compiler.parser.CompletionParserTest2" time="0"/>
  <testcase name="test0169_Method - 1.6" classname="org.eclipse.jdt.core.tests.compiler.parser.CompletionParserTest2" time="0"/>
  <testcase name="test0170_Diet - 1.6" classname="org.eclipse.jdt.core.tests.compiler.parser.CompletionParserTest2" time="0"/>
  <testcase name="test0170_Method - 1.6" classname="org.eclipse.jdt.core.tests.compiler.parser.CompletionParserTest2" time="0.001"/>
  <testcase name="test0171_Diet - 1.6" classname="org.eclipse.jdt.core.tests.compiler.parser.CompletionParserTest2" time="0"/>
  <testcase name="test0171_Diet - 1.6" classname="org.eclipse.jdt.core.tests.compiler.parser.GenericsCompletionParserTest" time="0"/>
  <testcase name="test0171_Method - 1.6" classname="org.eclipse.jdt.core.tests.compiler.parser.CompletionParserTest2" time="0"/>
  <testcase name="test0171_Method - 1.6" classname="org.eclipse.jdt.core.tests.compiler.parser.GenericsCompletionParserTest" time="0"/>
  <testcase name="test0172 - 1.6" classname="org.eclipse.jdt.core.tests.compiler.parser.CompletionParserTest2" time="0"/>
  <testcase name="test0172 - 1.6" classname="org.eclipse.jdt.core.tests.compiler.parser.CompletionParserTestKeyword" time="0"/>
  <testcase name="test0173_Diet - 1.6" classname="org.eclipse.jdt.core.tests.compiler.parser.CompletionParserTest2" time="0"/>
  <testcase name="test0173_Diet - 1.6" classname="org.eclipse.jdt.core.tests.compiler.parser.GenericsCompletionParserTest" time="0"/>
  <testcase name="test0173_Method - 1.6" classname="org.eclipse.jdt.core.tests.compiler.parser.CompletionParserTest2" time="0"/>
  <testcase name="test0173_Method - 1.6" classname="org.eclipse.jdt.core.tests.compiler.parser.GenericsCompletionParserTest" time="0"/>
  <testcase name="test0174_Diet - 1.6" classname="org.eclipse.jdt.core.tests.compiler.parser.CompletionParserTest2" time="0"/>
  <testcase name="test0174_Diet - 1.6" classname="org.eclipse.jdt.core.tests.compiler.parser.GenericsCompletionParserTest" time="0"/>
  <testcase name="test0175_Diet - 1.6" classname="org.eclipse.jdt.core.tests.compiler.parser.CompletionParserTest2" time="0"/>
  <testcase name="test0175_Diet - 1.6" classname="org.eclipse.jdt.core.tests.compiler.parser.GenericsCompletionParserTest" time="0"/>
  <testcase name="test0176_Diet - 1.6" classname="org.eclipse.jdt.core.tests.compiler.parser.CompletionParserTest2" time="0"/>
  <testcase name="test0176_Diet - 1.6" classname="org.eclipse.jdt.core.tests.compiler.parser.GenericsCompletionParserTest" time="0.001"/>
  <testcase name="test0177_Diet - 1.6" classname="org.eclipse.jdt.core.tests.compiler.parser.CompletionParserTest2" time="0"/>
  <testcase name="test0178_Method - 1.6" classname="org.eclipse.jdt.core.tests.compiler.parser.CompletionParserTest2" time="0"/>
  <testcase name="test0002 - 1.6" classname="org.eclipse.jdt.core.tests.compiler.parser.CompletionParserTestKeyword" time="0"/>
  <testcase name="test0002 - 1.6" classname="org.eclipse.jdt.core.tests.compiler.parser.StatementRecoveryTest" time="0.001"/>
  <testcase name="test0002 - 1.6" classname="org.eclipse.jdt.core.tests.compiler.parser.ComplianceDiagnoseTest" time="0"/>
  <testcase name="test0002 - 1.6" classname="org.eclipse.jdt.core.tests.compiler.parser.GenericsCompletionParserTest" time="0"/>
  <testcase name="test0002 - 1.6" classname="org.eclipse.jdt.core.tests.compiler.parser.EnumCompletionParserTest" time="0"/>
  <testcase name="test0002 - 1.6" classname="org.eclipse.jdt.core.tests.compiler.parser.AnnotationCompletionParserTest" time="0"/>
  <testcase name="test0002 - 1.6" classname="org.eclipse.jdt.core.tests.compiler.parser.GenericsSelectionTest" time="0.001"/>
  <testcase name="test0002 - 1.6" classname="org.eclipse.jdt.core.tests.compiler.parser.AnnotationSelectionTest" time="0"/>
  <testcase name="test0002 - 1.6" classname="org.eclipse.jdt.core.tests.compiler.parser.GenericDietRecoveryTest" time="0.002"/>
  <testcase name="test0002 - 1.6" classname="org.eclipse.jdt.core.tests.compiler.parser.EnumDietRecoveryTest" time="0.001"/>
  <testcase name="test0002 - 1.6" classname="org.eclipse.jdt.core.tests.compiler.parser.AnnotationDietRecoveryTest" time="0"/>
  <testcase name="test0002 - 1.6" classname="org.eclipse.jdt.core.tests.compiler.parser.StatementRecoveryTest_1_5" time="0.003"/>
  <testcase name="test0003 - 1.6" classname="org.eclipse.jdt.core.tests.compiler.parser.CompletionParserTestKeyword" time="0"/>
  <testcase name="test0003 - 1.6" classname="org.eclipse.jdt.core.tests.compiler.parser.StatementRecoveryTest" time="0.001"/>
  <testcase name="test0003 - 1.6" classname="org.eclipse.jdt.core.tests.compiler.parser.ComplianceDiagnoseTest" time="0.222"/>
  <testcase name="test0003 - 1.6" classname="org.eclipse.jdt.core.tests.compiler.parser.GenericsCompletionParserTest" time="0"/>
  <testcase name="test0003 - 1.6" classname="org.eclipse.jdt.core.tests.compiler.parser.EnumCompletionParserTest" time="0"/>
  <testcase name="test0003 - 1.6" classname="org.eclipse.jdt.core.tests.compiler.parser.AnnotationCompletionParserTest" time="0"/>
  <testcase name="test0003 - 1.6" classname="org.eclipse.jdt.core.tests.compiler.parser.GenericsSelectionTest" time="0"/>
  <testcase name="test0003 - 1.6" classname="org.eclipse.jdt.core.tests.compiler.parser.AnnotationSelectionTest" time="0"/>
  <testcase name="test0003 - 1.6" classname="org.eclipse.jdt.core.tests.compiler.parser.GenericDietRecoveryTest" time="0.001"/>
  <testcase name="test0003 - 1.6" classname="org.eclipse.jdt.core.tests.compiler.parser.EnumDietRecoveryTest" time="0.001"/>
  <testcase name="test0003 - 1.6" classname="org.eclipse.jdt.core.tests.compiler.parser.AnnotationDietRecoveryTest" time="0.002"/>
  <testcase name="test0003 - 1.6" classname="org.eclipse.jdt.core.tests.compiler.parser.StatementRecoveryTest_1_5" time="0.002"/>
  <testcase name="test0005 - 1.6" classname="org.eclipse.jdt.core.tests.compiler.parser.CompletionParserTestKeyword" time="0"/>
  <testcase name="test0005 - 1.6" classname="org.eclipse.jdt.core.tests.compiler.parser.StatementRecoveryTest" time="0.001"/>
  <testcase name="test0005 - 1.6" classname="org.eclipse.jdt.core.tests.compiler.parser.ComplianceDiagnoseTest" time="0"/>
  <testcase name="test0005 - 1.6" classname="org.eclipse.jdt.core.tests.compiler.parser.GenericsCompletionParserTest" time="0"/>
  <testcase name="test0005 - 1.6" classname="org.eclipse.jdt.core.tests.compiler.parser.EnumCompletionParserTest" time="0"/>
  <testcase name="test0005 - 1.6" classname="org.eclipse.jdt.core.tests.compiler.parser.AnnotationCompletionParserTest" time="0.001"/>
  <testcase name="test0005 - 1.6" classname="org.eclipse.jdt.core.tests.compiler.parser.GenericsSelectionTest" time="0"/>
  <testcase name="test0005 - 1.6" classname="org.eclipse.jdt.core.tests.compiler.parser.GenericDietRecoveryTest" time="0.001"/>
  <testcase name="test0005 - 1.6" classname="org.eclipse.jdt.core.tests.compiler.parser.EnumDietRecoveryTest" time="0.002"/>
  <testcase name="test0005 - 1.6" classname="org.eclipse.jdt.core.tests.compiler.parser.AnnotationDietRecoveryTest" time="0.001"/>
  <testcase name="test0005 - 1.6" classname="org.eclipse.jdt.core.tests.compiler.parser.StatementRecoveryTest_1_5" time="0.002"/>
  <testcase name="test0006 - 1.6" classname="org.eclipse.jdt.core.tests.compiler.parser.CompletionParserTestKeyword" time="0"/>
  <testcase name="test0006 - 1.6" classname="org.eclipse.jdt.core.tests.compiler.parser.StatementRecoveryTest" time="0.001"/>
  <testcase name="test0006 - 1.6" classname="org.eclipse.jdt.core.tests.compiler.parser.ComplianceDiagnoseTest" time="0.001"/>
  <testcase name="test0006 - 1.6" classname="org.eclipse.jdt.core.tests.compiler.parser.GenericsCompletionParserTest" time="0"/>
  <testcase name="test0006 - 1.6" classname="org.eclipse.jdt.core.tests.compiler.parser.EnumCompletionParserTest" time="0.001"/>
  <testcase name="test0006 - 1.6" classname="org.eclipse.jdt.core.tests.compiler.parser.AnnotationCompletionParserTest" time="0"/>
  <testcase name="test0006 - 1.6" classname="org.eclipse.jdt.core.tests.compiler.parser.GenericsSelectionTest" time="0.001"/>
  <testcase name="test0006 - 1.6" classname="org.eclipse.jdt.core.tests.compiler.parser.AnnotationSelectionTest" time="0"/>
  <testcase name="test0006 - 1.6" classname="org.eclipse.jdt.core.tests.compiler.parser.GenericDietRecoveryTest" time="0.001"/>
  <testcase name="test0006 - 1.6" classname="org.eclipse.jdt.core.tests.compiler.parser.EnumDietRecoveryTest" time="0.001"/>
  <testcase name="test0006 - 1.6" classname="org.eclipse.jdt.core.tests.compiler.parser.AnnotationDietRecoveryTest" time="0.002"/>
  <testcase name="test0006 - 1.6" classname="org.eclipse.jdt.core.tests.compiler.parser.StatementRecoveryTest_1_5" time="0.003"/>
  <testcase name="test0008 - 1.6" classname="org.eclipse.jdt.core.tests.compiler.parser.CompletionParserTestKeyword" time="0.001"/>
  <testcase name="test0008 - 1.6" classname="org.eclipse.jdt.core.tests.compiler.parser.StatementRecoveryTest" time="0.001"/>
  <testcase name="test0008 - 1.6" classname="org.eclipse.jdt.core.tests.compiler.parser.ComplianceDiagnoseTest" time="0.001"/>
  <testcase name="test0008 - 1.6" classname="org.eclipse.jdt.core.tests.compiler.parser.GenericsCompletionParserTest" time="0.001"/>
  <testcase name="test0008 - 1.6" classname="org.eclipse.jdt.core.tests.compiler.parser.EnumCompletionParserTest" time="0"/>
  <testcase name="test0008 - 1.6" classname="org.eclipse.jdt.core.tests.compiler.parser.AnnotationCompletionParserTest" time="0.001"/>
  <testcase name="test0008 - 1.6" classname="org.eclipse.jdt.core.tests.compiler.parser.GenericsSelectionTest" time="0"/>
  <testcase name="test0008 - 1.6" classname="org.eclipse.jdt.core.tests.compiler.parser.AnnotationSelectionTest" time="0"/>
  <testcase name="test0008 - 1.6" classname="org.eclipse.jdt.core.tests.compiler.parser.GenericDietRecoveryTest" time="0.002"/>
  <testcase name="test0008 - 1.6" classname="org.eclipse.jdt.core.tests.compiler.parser.EnumDietRecoveryTest" time="0"/>
  <testcase name="test0008 - 1.6" classname="org.eclipse.jdt.core.tests.compiler.parser.AnnotationDietRecoveryTest" time="0.002"/>
  <testcase name="test0008 - 1.6" classname="org.eclipse.jdt.core.tests.compiler.parser.StatementRecoveryTest_1_5" time="0.002"/>
  <testcase name="test0009 - 1.6" classname="org.eclipse.jdt.core.tests.compiler.parser.CompletionParserTestKeyword" time="0"/>
  <testcase name="test0009 - 1.6" classname="org.eclipse.jdt.core.tests.compiler.parser.StatementRecoveryTest" time="0.001"/>
  <testcase name="test0009 - 1.6" classname="org.eclipse.jdt.core.tests.compiler.parser.ComplianceDiagnoseTest" time="0.002"/>
  <testcase name="test0009 - 1.6" classname="org.eclipse.jdt.core.tests.compiler.parser.GenericsCompletionParserTest" time="0"/>
  <testcase name="test0009 - 1.6" classname="org.eclipse.jdt.core.tests.compiler.parser.EnumCompletionParserTest" time="0"/>
  <testcase name="test0009 - 1.6" classname="org.eclipse.jdt.core.tests.compiler.parser.AnnotationCompletionParserTest" time="0"/>
  <testcase name="test0009 - 1.6" classname="org.eclipse.jdt.core.tests.compiler.parser.GenericsSelectionTest" time="0"/>
  <testcase name="test0009 - 1.6" classname="org.eclipse.jdt.core.tests.compiler.parser.AnnotationSelectionTest" time="0"/>
  <testcase name="test0009 - 1.6" classname="org.eclipse.jdt.core.tests.compiler.parser.GenericDietRecoveryTest" time="0.001"/>
  <testcase name="test0009 - 1.6" classname="org.eclipse.jdt.core.tests.compiler.parser.EnumDietRecoveryTest" time="0.001"/>
  <testcase name="test0009 - 1.6" classname="org.eclipse.jdt.core.tests.compiler.parser.AnnotationDietRecoveryTest" time="0.002"/>
  <testcase name="test0011 - 1.6" classname="org.eclipse.jdt.core.tests.compiler.parser.CompletionParserTestKeyword" time="0"/>
  <testcase name="test0011 - 1.6" classname="org.eclipse.jdt.core.tests.compiler.parser.StatementRecoveryTest" time="0.001"/>
  <testcase name="test0011 - 1.6" classname="org.eclipse.jdt.core.tests.compiler.parser.ComplianceDiagnoseTest" time="0.001"/>
  <testcase name="test0011 - 1.6" classname="org.eclipse.jdt.core.tests.compiler.parser.GenericsCompletionParserTest" time="0"/>
  <testcase name="test0011 - 1.6" classname="org.eclipse.jdt.core.tests.compiler.parser.EnumCompletionParserTest" time="0"/>
  <testcase name="test0011 - 1.6" classname="org.eclipse.jdt.core.tests.compiler.parser.AnnotationCompletionParserTest" time="0"/>
  <testcase name="test0011 - 1.6" classname="org.eclipse.jdt.core.tests.compiler.parser.GenericsSelectionTest" time="0"/>
  <testcase name="test0011 - 1.6" classname="org.eclipse.jdt.core.tests.compiler.parser.AnnotationSelectionTest" time="0"/>
  <testcase name="test0011 - 1.6" classname="org.eclipse.jdt.core.tests.compiler.parser.GenericDietRecoveryTest" time="0.001"/>
  <testcase name="test0011 - 1.6" classname="org.eclipse.jdt.core.tests.compiler.parser.EnumDietRecoveryTest" time="0.001"/>
  <testcase name="test0011 - 1.6" classname="org.eclipse.jdt.core.tests.compiler.parser.AnnotationDietRecoveryTest" time="0.001"/>
  <testcase name="test0012 - 1.6" classname="org.eclipse.jdt.core.tests.compiler.parser.CompletionParserTestKeyword" time="0"/>
  <testcase name="test0012 - 1.6" classname="org.eclipse.jdt.core.tests.compiler.parser.StatementRecoveryTest" time="0.001"/>
  <testcase name="test0012 - 1.6" classname="org.eclipse.jdt.core.tests.compiler.parser.ComplianceDiagnoseTest" time="0.002"/>
  <testcase name="test0012 - 1.6" classname="org.eclipse.jdt.core.tests.compiler.parser.GenericsCompletionParserTest" time="0"/>
  <testcase name="test0012 - 1.6" classname="org.eclipse.jdt.core.tests.compiler.parser.EnumCompletionParserTest" time="0"/>
  <testcase name="test0012 - 1.6" classname="org.eclipse.jdt.core.tests.compiler.parser.AnnotationCompletionParserTest" time="0.001"/>
  <testcase name="test0012 - 1.6" classname="org.eclipse.jdt.core.tests.compiler.parser.GenericsSelectionTest" time="0"/>
  <testcase name="test0012 - 1.6" classname="org.eclipse.jdt.core.tests.compiler.parser.AnnotationSelectionTest" time="0"/>
  <testcase name="test0012 - 1.6" classname="org.eclipse.jdt.core.tests.compiler.parser.GenericDietRecoveryTest" time="0.002"/>
  <testcase name="test0012 - 1.6" classname="org.eclipse.jdt.core.tests.compiler.parser.EnumDietRecoveryTest" time="0.002"/>
  <testcase name="test0012 - 1.6" classname="org.eclipse.jdt.core.tests.compiler.parser.AnnotationDietRecoveryTest" time="0.002"/>
  <testcase name="test0014 - 1.6" classname="org.eclipse.jdt.core.tests.compiler.parser.CompletionParserTestKeyword" time="0"/>
  <testcase name="test0014 - 1.6" classname="org.eclipse.jdt.core.tests.compiler.parser.StatementRecoveryTest" time="0"/>
  <testcase name="test0014 - 1.6" classname="org.eclipse.jdt.core.tests.compiler.parser.ComplianceDiagnoseTest" time="0.002"/>
  <testcase name="test0014 - 1.6" classname="org.eclipse.jdt.core.tests.compiler.parser.GenericsCompletionParserTest" time="0"/>
  <testcase name="test0014 - 1.6" classname="org.eclipse.jdt.core.tests.compiler.parser.EnumCompletionParserTest" time="0"/>
  <testcase name="test0014 - 1.6" classname="org.eclipse.jdt.core.tests.compiler.parser.AnnotationCompletionParserTest" time="0"/>
  <testcase name="test0014 - 1.6" classname="org.eclipse.jdt.core.tests.compiler.parser.GenericsSelectionTest" time="0.001"/>
  <testcase name="test0014 - 1.6" classname="org.eclipse.jdt.core.tests.compiler.parser.AnnotationSelectionTest" time="0"/>
  <testcase name="test0014 - 1.6" classname="org.eclipse.jdt.core.tests.compiler.parser.GenericDietRecoveryTest" time="0.002"/>
  <testcase name="test0014 - 1.6" classname="org.eclipse.jdt.core.tests.compiler.parser.EnumDietRecoveryTest" time="0.001"/>
  <testcase name="test0014 - 1.6" classname="org.eclipse.jdt.core.tests.compiler.parser.AnnotationDietRecoveryTest" time="0.001"/>
  <testcase name="test0015 - 1.6" classname="org.eclipse.jdt.core.tests.compiler.parser.CompletionParserTestKeyword" time="0"/>
  <testcase name="test0015 - 1.6" classname="org.eclipse.jdt.core.tests.compiler.parser.StatementRecoveryTest" time="0.001"/>
  <testcase name="test0015 - 1.6" classname="org.eclipse.jdt.core.tests.compiler.parser.ComplianceDiagnoseTest" time="0.001"/>
  <testcase name="test0015 - 1.6" classname="org.eclipse.jdt.core.tests.compiler.parser.GenericsCompletionParserTest" time="0.001"/>
  <testcase name="test0015 - 1.6" classname="org.eclipse.jdt.core.tests.compiler.parser.AnnotationCompletionParserTest" time="0"/>
  <testcase name="test0015 - 1.6" classname="org.eclipse.jdt.core.tests.compiler.parser.GenericsSelectionTest" time="0"/>
  <testcase name="test0015 - 1.6" classname="org.eclipse.jdt.core.tests.compiler.parser.AnnotationSelectionTest" time="0"/>
  <testcase name="test0015 - 1.6" classname="org.eclipse.jdt.core.tests.compiler.parser.GenericDietRecoveryTest" time="0.002"/>
  <testcase name="test0015 - 1.6" classname="org.eclipse.jdt.core.tests.compiler.parser.EnumDietRecoveryTest" time="0.002"/>
  <testcase name="test0015 - 1.6" classname="org.eclipse.jdt.core.tests.compiler.parser.AnnotationDietRecoveryTest" time="0.001"/>
  <testcase name="test0017 - 1.6" classname="org.eclipse.jdt.core.tests.compiler.parser.CompletionParserTestKeyword" time="0"/>
  <testcase name="test0017 - 1.6" classname="org.eclipse.jdt.core.tests.compiler.parser.StatementRecoveryTest" time="0.001"/>
  <testcase name="test0017 - 1.6" classname="org.eclipse.jdt.core.tests.compiler.parser.ComplianceDiagnoseTest" time="0.001"/>
  <testcase name="test0017 - 1.6" classname="org.eclipse.jdt.core.tests.compiler.parser.GenericsCompletionParserTest" time="0.001"/>
  <testcase name="test0017 - 1.6" classname="org.eclipse.jdt.core.tests.compiler.parser.AnnotationCompletionParserTest" time="0.001"/>
  <testcase name="test0017 - 1.6" classname="org.eclipse.jdt.core.tests.compiler.parser.GenericsSelectionTest" time="0"/>
  <testcase name="test0017 - 1.6" classname="org.eclipse.jdt.core.tests.compiler.parser.AnnotationSelectionTest" time="0.001"/>
  <testcase name="test0017 - 1.6" classname="org.eclipse.jdt.core.tests.compiler.parser.GenericDietRecoveryTest" time="0.003"/>
  <testcase name="test0017 - 1.6" classname="org.eclipse.jdt.core.tests.compiler.parser.EnumDietRecoveryTest" time="0"/>
  <testcase name="test0017 - 1.6" classname="org.eclipse.jdt.core.tests.compiler.parser.AnnotationDietRecoveryTest" time="0.003"/>
  <testcase name="test0018 - 1.6" classname="org.eclipse.jdt.core.tests.compiler.parser.CompletionParserTestKeyword" time="0"/>
  <testcase name="test0018 - 1.6" classname="org.eclipse.jdt.core.tests.compiler.parser.StatementRecoveryTest" time="0.001"/>
  <testcase name="test0018 - 1.6" classname="org.eclipse.jdt.core.tests.compiler.parser.ComplianceDiagnoseTest" time="0.001"/>
  <testcase name="test0018 - 1.6" classname="org.eclipse.jdt.core.tests.compiler.parser.GenericsCompletionParserTest" time="0"/>
  <testcase name="test0018 - 1.6" classname="org.eclipse.jdt.core.tests.compiler.parser.AnnotationCompletionParserTest" time="0"/>
  <testcase name="test0018 - 1.6" classname="org.eclipse.jdt.core.tests.compiler.parser.GenericsSelectionTest" time="0"/>
  <testcase name="test0018 - 1.6" classname="org.eclipse.jdt.core.tests.compiler.parser.GenericDietRecoveryTest" time="0.003"/>
  <testcase name="test0018 - 1.6" classname="org.eclipse.jdt.core.tests.compiler.parser.AnnotationDietRecoveryTest" time="0.002"/>
  <testcase name="test0020 - 1.6" classname="org.eclipse.jdt.core.tests.compiler.parser.CompletionParserTestKeyword" time="0"/>
  <testcase name="test0020 - 1.6" classname="org.eclipse.jdt.core.tests.compiler.parser.StatementRecoveryTest" time="0.002"/>
  <testcase name="test0020 - 1.6" classname="org.eclipse.jdt.core.tests.compiler.parser.ComplianceDiagnoseTest" time="0"/>
  <testcase name="test0020 - 1.6" classname="org.eclipse.jdt.core.tests.compiler.parser.GenericsCompletionParserTest" time="0"/>
  <testcase name="test0020 - 1.6" classname="org.eclipse.jdt.core.tests.compiler.parser.AnnotationCompletionParserTest" time="0"/>
  <testcase name="test0020 - 1.6" classname="org.eclipse.jdt.core.tests.compiler.parser.GenericsSelectionTest" time="0"/>
  <testcase name="test0020 - 1.6" classname="org.eclipse.jdt.core.tests.compiler.parser.GenericDietRecoveryTest" time="0.001"/>
  <testcase name="test0020 - 1.6" classname="org.eclipse.jdt.core.tests.compiler.parser.AnnotationDietRecoveryTest" time="0.004"/>
  <testcase name="test0022_Diet - 1.6" classname="org.eclipse.jdt.core.tests.compiler.parser.CompletionParserTestKeyword" time="0"/>
  <testcase name="test0022_Method - 1.6" classname="org.eclipse.jdt.core.tests.compiler.parser.CompletionParserTestKeyword" time="0"/>
  <testcase name="test0025_Diet - 1.6" classname="org.eclipse.jdt.core.tests.compiler.parser.CompletionParserTestKeyword" time="0"/>
  <testcase name="test0025_Method - 1.6" classname="org.eclipse.jdt.core.tests.compiler.parser.CompletionParserTestKeyword" time="0"/>
  <testcase name="test0028_Diet - 1.6" classname="org.eclipse.jdt.core.tests.compiler.parser.CompletionParserTestKeyword" time="0"/>
  <testcase name="test0028_Diet - 1.6" classname="org.eclipse.jdt.core.tests.compiler.parser.AnnotationCompletionParserTest" time="0"/>
  <testcase name="test0028_Method - 1.6" classname="org.eclipse.jdt.core.tests.compiler.parser.CompletionParserTestKeyword" time="0"/>
  <testcase name="test0028_Method - 1.6" classname="org.eclipse.jdt.core.tests.compiler.parser.AnnotationCompletionParserTest" time="0.001"/>
  <testcase name="test0029 - 1.6" classname="org.eclipse.jdt.core.tests.compiler.parser.CompletionParserTestKeyword" time="0"/>
  <testcase name="test0029 - 1.6" classname="org.eclipse.jdt.core.tests.compiler.parser.StatementRecoveryTest" time="0.002"/>
  <testcase name="test0029 - 1.6" classname="org.eclipse.jdt.core.tests.compiler.parser.ComplianceDiagnoseTest" time="0.001"/>
  <testcase name="test0029 - 1.6" classname="org.eclipse.jdt.core.tests.compiler.parser.GenericsCompletionParserTest" time="0"/>
  <testcase name="test0030 - 1.6" classname="org.eclipse.jdt.core.tests.compiler.parser.CompletionParserTestKeyword" time="0"/>
  <testcase name="test0030 - 1.6" classname="org.eclipse.jdt.core.tests.compiler.parser.StatementRecoveryTest" time="0.002"/>
  <testcase name="test0030 - 1.6" classname="org.eclipse.jdt.core.tests.compiler.parser.AnnotationCompletionParserTest" time="0.001"/>
  <testcase name="test0030 - 1.6" classname="org.eclipse.jdt.core.tests.compiler.parser.AnnotationDietRecoveryTest" time="0.002"/>
  <testcase name="test0031 - 1.6" classname="org.eclipse.jdt.core.tests.compiler.parser.CompletionParserTestKeyword" time="0"/>
  <testcase name="test0031 - 1.6" classname="org.eclipse.jdt.core.tests.compiler.parser.StatementRecoveryTest" time="0.002"/>
  <testcase name="test0031 - 1.6" classname="org.eclipse.jdt.core.tests.compiler.parser.ComplianceDiagnoseTest" time="0.001"/>
  <testcase name="test0031 - 1.6" classname="org.eclipse.jdt.core.tests.compiler.parser.AnnotationCompletionParserTest" time="0"/>
  <testcase name="test0031 - 1.6" classname="org.eclipse.jdt.core.tests.compiler.parser.AnnotationDietRecoveryTest" time="0.003"/>
  <testcase name="test0032 - 1.6" classname="org.eclipse.jdt.core.tests.compiler.parser.CompletionParserTestKeyword" time="0"/>
  <testcase name="test0032 - 1.6" classname="org.eclipse.jdt.core.tests.compiler.parser.StatementRecoveryTest" time="0.001"/>
  <testcase name="test0032 - 1.6" classname="org.eclipse.jdt.core.tests.compiler.parser.AnnotationCompletionParserTest" time="0"/>
  <testcase name="test0032 - 1.6" classname="org.eclipse.jdt.core.tests.compiler.parser.AnnotationDietRecoveryTest" time="0.002"/>
  <testcase name="test0033 - 1.6" classname="org.eclipse.jdt.core.tests.compiler.parser.CompletionParserTestKeyword" time="0.001"/>
  <testcase name="test0033 - 1.6" classname="org.eclipse.jdt.core.tests.compiler.parser.StatementRecoveryTest" time="0"/>
  <testcase name="test0033 - 1.6" classname="org.eclipse.jdt.core.tests.compiler.parser.ComplianceDiagnoseTest" time="0"/>
  <testcase name="test0033 - 1.6" classname="org.eclipse.jdt.core.tests.compiler.parser.AnnotationCompletionParserTest" time="0.001"/>
  <testcase name="test0033 - 1.6" classname="org.eclipse.jdt.core.tests.compiler.parser.AnnotationDietRecoveryTest" time="0.002"/>
  <testcase name="test0034 - 1.6" classname="org.eclipse.jdt.core.tests.compiler.parser.CompletionParserTestKeyword" time="0"/>
  <testcase name="test0034 - 1.6" classname="org.eclipse.jdt.core.tests.compiler.parser.StatementRecoveryTest" time="0.001"/>
  <testcase name="test0034 - 1.6" classname="org.eclipse.jdt.core.tests.compiler.parser.ComplianceDiagnoseTest" time="0.001"/>
  <testcase name="test0034 - 1.6" classname="org.eclipse.jdt.core.tests.compiler.parser.AnnotationDietRecoveryTest" time="0.002"/>
  <testcase name="test0035 - 1.6" classname="org.eclipse.jdt.core.tests.compiler.parser.CompletionParserTestKeyword" time="0"/>
  <testcase name="test0035 - 1.6" classname="org.eclipse.jdt.core.tests.compiler.parser.StatementRecoveryTest" time="0.001"/>
  <testcase name="test0035 - 1.6" classname="org.eclipse.jdt.core.tests.compiler.parser.ComplianceDiagnoseTest" time="0.001"/>
  <testcase name="test0035 - 1.6" classname="org.eclipse.jdt.core.tests.compiler.parser.AnnotationDietRecoveryTest" time="0.002"/>
  <testcase name="test0036 - 1.6" classname="org.eclipse.jdt.core.tests.compiler.parser.CompletionParserTestKeyword" time="0"/>
  <testcase name="test0036 - 1.6" classname="org.eclipse.jdt.core.tests.compiler.parser.StatementRecoveryTest" time="0"/>
  <testcase name="test0036 - 1.6" classname="org.eclipse.jdt.core.tests.compiler.parser.ComplianceDiagnoseTest" time="0.001"/>
  <testcase name="test0036 - 1.6" classname="org.eclipse.jdt.core.tests.compiler.parser.AnnotationCompletionParserTest" time="0"/>
  <testcase name="test0036 - 1.6" classname="org.eclipse.jdt.core.tests.compiler.parser.AnnotationDietRecoveryTest" time="0.001"/>
  <testcase name="test0037_Diet - 1.6" classname="org.eclipse.jdt.core.tests.compiler.parser.CompletionParserTestKeyword" time="0.001"/>
  <testcase name="test0037_Diet - 1.6" classname="org.eclipse.jdt.core.tests.compiler.parser.GenericsCompletionParserTest" time="0"/>
  <testcase name="test0037_Method - 1.6" classname="org.eclipse.jdt.core.tests.compiler.parser.CompletionParserTestKeyword" time="0"/>
  <testcase name="test0037_Method - 1.6" classname="org.eclipse.jdt.core.tests.compiler.parser.GenericsCompletionParserTest" time="0"/>
  <testcase name="test0040_Diet - 1.6" classname="org.eclipse.jdt.core.tests.compiler.parser.CompletionParserTestKeyword" time="0"/>
  <testcase name="test0040_Diet - 1.6" classname="org.eclipse.jdt.core.tests.compiler.parser.GenericsCompletionParserTest" time="0.001"/>
  <testcase name="test0040_Diet - 1.6" classname="org.eclipse.jdt.core.tests.compiler.parser.AnnotationCompletionParserTest" time="0"/>
  <testcase name="test0040_Method - 1.6" classname="org.eclipse.jdt.core.tests.compiler.parser.CompletionParserTestKeyword" time="0"/>
  <testcase name="test0040_Method - 1.6" classname="org.eclipse.jdt.core.tests.compiler.parser.GenericsCompletionParserTest" time="0"/>
  <testcase name="test0040_Method - 1.6" classname="org.eclipse.jdt.core.tests.compiler.parser.AnnotationCompletionParserTest" time="0"/>
  <testcase name="test0043_Diet - 1.6" classname="org.eclipse.jdt.core.tests.compiler.parser.CompletionParserTestKeyword" time="0"/>
  <testcase name="test0043_Diet - 1.6" classname="org.eclipse.jdt.core.tests.compiler.parser.GenericsCompletionParserTest" time="0"/>
  <testcase name="test0043_Method - 1.6" classname="org.eclipse.jdt.core.tests.compiler.parser.CompletionParserTestKeyword" time="0"/>
  <testcase name="test0043_Method - 1.6" classname="org.eclipse.jdt.core.tests.compiler.parser.GenericsCompletionParserTest" time="0"/>
  <testcase name="test0046_Diet - 1.6" classname="org.eclipse.jdt.core.tests.compiler.parser.CompletionParserTestKeyword" time="0"/>
  <testcase name="test0046_Diet - 1.6" classname="org.eclipse.jdt.core.tests.compiler.parser.GenericsCompletionParserTest" time="0"/>
  <testcase name="test0046_Diet - 1.6" classname="org.eclipse.jdt.core.tests.compiler.parser.AnnotationCompletionParserTest" time="0.001"/>
  <testcase name="test0046_Method - 1.6" classname="org.eclipse.jdt.core.tests.compiler.parser.CompletionParserTestKeyword" time="0"/>
  <testcase name="test0046_Method - 1.6" classname="org.eclipse.jdt.core.tests.compiler.parser.GenericsCompletionParserTest" time="0"/>
  <testcase name="test0046_Method - 1.6" classname="org.eclipse.jdt.core.tests.compiler.parser.AnnotationCompletionParserTest" time="0"/>
  <testcase name="test0047 - 1.6" classname="org.eclipse.jdt.core.tests.compiler.parser.CompletionParserTestKeyword" time="0"/>
  <testcase name="test0047 - 1.6" classname="org.eclipse.jdt.core.tests.compiler.parser.StatementRecoveryTest" time="0.001"/>
  <testcase name="test0047 - 1.6" classname="org.eclipse.jdt.core.tests.compiler.parser.ComplianceDiagnoseTest" time="0.003"/>
  <testcase name="test0048 - 1.6" classname="org.eclipse.jdt.core.tests.compiler.parser.CompletionParserTestKeyword" time="0"/>
  <testcase name="test0048 - 1.6" classname="org.eclipse.jdt.core.tests.compiler.parser.ComplianceDiagnoseTest" time="0.001"/>
  <testcase name="test0048 - 1.6" classname="org.eclipse.jdt.core.tests.compiler.parser.AnnotationCompletionParserTest" time="0"/>
  <testcase name="test0050 - 1.6" classname="org.eclipse.jdt.core.tests.compiler.parser.CompletionParserTestKeyword" time="0"/>
  <testcase name="test0050 - 1.6" classname="org.eclipse.jdt.core.tests.compiler.parser.ComplianceDiagnoseTest" time="0.001"/>
  <testcase name="test0050 - 1.6" classname="org.eclipse.jdt.core.tests.compiler.parser.AnnotationCompletionParserTest" time="0"/>
  <testcase name="test0051 - 1.6" classname="org.eclipse.jdt.core.tests.compiler.parser.CompletionParserTestKeyword" time="0"/>
  <testcase name="test0051 - 1.6" classname="org.eclipse.jdt.core.tests.compiler.parser.ComplianceDiagnoseTest" time="0.001"/>
  <testcase name="test0051 - 1.6" classname="org.eclipse.jdt.core.tests.compiler.parser.AnnotationCompletionParserTest" time="0"/>
  <testcase name="test0053 - 1.6" classname="org.eclipse.jdt.core.tests.compiler.parser.CompletionParserTestKeyword" time="0"/>
  <testcase name="test0053 - 1.6" classname="org.eclipse.jdt.core.tests.compiler.parser.ComplianceDiagnoseTest" time="0.003"/>
  <testcase name="test0054 - 1.6" classname="org.eclipse.jdt.core.tests.compiler.parser.CompletionParserTestKeyword" time="0"/>
  <testcase name="test0054 - 1.6" classname="org.eclipse.jdt.core.tests.compiler.parser.ComplianceDiagnoseTest" time="0.001"/>
  <testcase name="test0054 - 1.6" classname="org.eclipse.jdt.core.tests.compiler.parser.AnnotationCompletionParserTest" time="0"/>
  <testcase name="test0055_Diet - 1.6" classname="org.eclipse.jdt.core.tests.compiler.parser.CompletionParserTestKeyword" time="0"/>
  <testcase name="test0055_Diet - 1.6" classname="org.eclipse.jdt.core.tests.compiler.parser.GenericsCompletionParserTest" time="0"/>
  <testcase name="test0055_Method - 1.6" classname="org.eclipse.jdt.core.tests.compiler.parser.CompletionParserTestKeyword" time="0"/>
  <testcase name="test0055_Method - 1.6" classname="org.eclipse.jdt.core.tests.compiler.parser.GenericsCompletionParserTest" time="0"/>
  <testcase name="test0058_Diet - 1.6" classname="org.eclipse.jdt.core.tests.compiler.parser.CompletionParserTestKeyword" time="0"/>
  <testcase name="test0058_Diet - 1.6" classname="org.eclipse.jdt.core.tests.compiler.parser.GenericsCompletionParserTest" time="0"/>
  <testcase name="test0058_Diet - 1.6" classname="org.eclipse.jdt.core.tests.compiler.parser.AnnotationCompletionParserTest" time="0"/>
  <testcase name="test0058_Method - 1.6" classname="org.eclipse.jdt.core.tests.compiler.parser.CompletionParserTestKeyword" time="0"/>
  <testcase name="test0058_Method - 1.6" classname="org.eclipse.jdt.core.tests.compiler.parser.GenericsCompletionParserTest" time="0"/>
  <testcase name="test0058_Method - 1.6" classname="org.eclipse.jdt.core.tests.compiler.parser.AnnotationCompletionParserTest" time="0.001"/>
  <testcase name="test0060 - 1.6" classname="org.eclipse.jdt.core.tests.compiler.parser.CompletionParserTestKeyword" time="0"/>
  <testcase name="test0060 - 1.6" classname="org.eclipse.jdt.core.tests.compiler.parser.ComplianceDiagnoseTest" time="0.001"/>
  <testcase name="test0060 - 1.6" classname="org.eclipse.jdt.core.tests.compiler.parser.GenericsCompletionParserTest" time="0"/>
  <testcase name="test0060 - 1.6" classname="org.eclipse.jdt.core.tests.compiler.parser.AnnotationCompletionParserTest" time="0.001"/>
  <testcase name="test0062 - 1.6" classname="org.eclipse.jdt.core.tests.compiler.parser.CompletionParserTestKeyword" time="0"/>
  <testcase name="test0062 - 1.6" classname="org.eclipse.jdt.core.tests.compiler.parser.ComplianceDiagnoseTest" time="0.001"/>
  <testcase name="test0062 - 1.6" classname="org.eclipse.jdt.core.tests.compiler.parser.GenericsCompletionParserTest" time="0"/>
  <testcase name="test0062 - 1.6" classname="org.eclipse.jdt.core.tests.compiler.parser.AnnotationCompletionParserTest" time="0"/>
  <testcase name="test0063 - 1.6" classname="org.eclipse.jdt.core.tests.compiler.parser.CompletionParserTestKeyword" time="0"/>
  <testcase name="test0063 - 1.6" classname="org.eclipse.jdt.core.tests.compiler.parser.ComplianceDiagnoseTest" time="0.002"/>
  <testcase name="test0063 - 1.6" classname="org.eclipse.jdt.core.tests.compiler.parser.GenericsCompletionParserTest" time="0.001"/>
  <testcase name="test0063 - 1.6" classname="org.eclipse.jdt.core.tests.compiler.parser.AnnotationCompletionParserTest" time="0"/>
  <testcase name="test0065 - 1.6" classname="org.eclipse.jdt.core.tests.compiler.parser.CompletionParserTestKeyword" time="0"/>
  <testcase name="test0065 - 1.6" classname="org.eclipse.jdt.core.tests.compiler.parser.GenericsCompletionParserTest" time="0"/>
  <testcase name="test0066 - 1.6" classname="org.eclipse.jdt.core.tests.compiler.parser.CompletionParserTestKeyword" time="0"/>
  <testcase name="test0066 - 1.6" classname="org.eclipse.jdt.core.tests.compiler.parser.GenericsCompletionParserTest" time="0"/>
  <testcase name="test0066 - 1.6" classname="org.eclipse.jdt.core.tests.compiler.parser.AnnotationCompletionParserTest" time="0"/>
  <testcase name="test0067 - 1.6" classname="org.eclipse.jdt.core.tests.compiler.parser.CompletionParserTestKeyword" time="0"/>
  <testcase name="test0067 - 1.6" classname="org.eclipse.jdt.core.tests.compiler.parser.GenericsCompletionParserTest" time="0.001"/>
  <testcase name="test0067 - 1.6" classname="org.eclipse.jdt.core.tests.compiler.parser.AnnotationCompletionParserTest" time="0"/>
  <testcase name="test0068 - 1.6" classname="org.eclipse.jdt.core.tests.compiler.parser.CompletionParserTestKeyword" time="0"/>
  <testcase name="test0068 - 1.6" classname="org.eclipse.jdt.core.tests.compiler.parser.GenericsCompletionParserTest" time="0"/>
  <testcase name="test0068 - 1.6" classname="org.eclipse.jdt.core.tests.compiler.parser.AnnotationCompletionParserTest" time="0"/>
  <testcase name="test0069 - 1.6" classname="org.eclipse.jdt.core.tests.compiler.parser.CompletionParserTestKeyword" time="0"/>
  <testcase name="test0069 - 1.6" classname="org.eclipse.jdt.core.tests.compiler.parser.GenericsCompletionParserTest" time="0"/>
  <testcase name="test0069 - 1.6" classname="org.eclipse.jdt.core.tests.compiler.parser.AnnotationCompletionParserTest" time="0"/>
  <testcase name="test0070 - 1.6" classname="org.eclipse.jdt.core.tests.compiler.parser.CompletionParserTestKeyword" time="0"/>
  <testcase name="test0070 - 1.6" classname="org.eclipse.jdt.core.tests.compiler.parser.GenericsCompletionParserTest" time="0"/>
  <testcase name="test0071 - 1.6" classname="org.eclipse.jdt.core.tests.compiler.parser.CompletionParserTestKeyword" time="0"/>
  <testcase name="test0071 - 1.6" classname="org.eclipse.jdt.core.tests.compiler.parser.GenericsCompletionParserTest" time="0"/>
  <testcase name="test0072 - 1.6" classname="org.eclipse.jdt.core.tests.compiler.parser.CompletionParserTestKeyword" time="0"/>
  <testcase name="test0072 - 1.6" classname="org.eclipse.jdt.core.tests.compiler.parser.GenericsCompletionParserTest" time="0"/>
  <testcase name="test0072 - 1.6" classname="org.eclipse.jdt.core.tests.compiler.parser.AnnotationCompletionParserTest" time="0"/>
  <testcase name="test0074 - 1.6" classname="org.eclipse.jdt.core.tests.compiler.parser.CompletionParserTestKeyword" time="0"/>
  <testcase name="test0074 - 1.6" classname="org.eclipse.jdt.core.tests.compiler.parser.GenericsCompletionParserTest" time="0"/>
  <testcase name="test0074 - 1.6" classname="org.eclipse.jdt.core.tests.compiler.parser.AnnotationCompletionParserTest" time="0"/>
  <testcase name="test0075 - 1.6" classname="org.eclipse.jdt.core.tests.compiler.parser.CompletionParserTestKeyword" time="0"/>
  <testcase name="test0075 - 1.6" classname="org.eclipse.jdt.core.tests.compiler.parser.GenericsCompletionParserTest" time="0"/>
  <testcase name="test0075 - 1.6" classname="org.eclipse.jdt.core.tests.compiler.parser.AnnotationCompletionParserTest" time="0"/>
  <testcase name="test0077 - 1.6" classname="org.eclipse.jdt.core.tests.compiler.parser.CompletionParserTestKeyword" time="0"/>
  <testcase name="test0077 - 1.6" classname="org.eclipse.jdt.core.tests.compiler.parser.GenericsCompletionParserTest" time="0"/>
  <testcase name="test0078 - 1.6" classname="org.eclipse.jdt.core.tests.compiler.parser.CompletionParserTestKeyword" time="0"/>
  <testcase name="test0078 - 1.6" classname="org.eclipse.jdt.core.tests.compiler.parser.GenericsCompletionParserTest" time="0.001"/>
  <testcase name="test0078 - 1.6" classname="org.eclipse.jdt.core.tests.compiler.parser.AnnotationCompletionParserTest" time="0"/>
  <testcase name="test0079 - 1.6" classname="org.eclipse.jdt.core.tests.compiler.parser.CompletionParserTestKeyword" time="0"/>
  <testcase name="test0079 - 1.6" classname="org.eclipse.jdt.core.tests.compiler.parser.GenericsCompletionParserTest" time="0"/>
  <testcase name="test0079 - 1.6" classname="org.eclipse.jdt.core.tests.compiler.parser.AnnotationCompletionParserTest" time="0"/>
  <testcase name="test0083 - 1.6" classname="org.eclipse.jdt.core.tests.compiler.parser.CompletionParserTestKeyword" time="0"/>
  <testcase name="test0083 - 1.6" classname="org.eclipse.jdt.core.tests.compiler.parser.GenericsCompletionParserTest" time="0"/>
  <testcase name="test0083 - 1.6" classname="org.eclipse.jdt.core.tests.compiler.parser.AnnotationCompletionParserTest" time="0"/>
  <testcase name="test0084 - 1.6" classname="org.eclipse.jdt.core.tests.compiler.parser.CompletionParserTestKeyword" time="0"/>
  <testcase name="test0084 - 1.6" classname="org.eclipse.jdt.core.tests.compiler.parser.GenericsCompletionParserTest" time="0"/>
  <testcase name="test0084 - 1.6" classname="org.eclipse.jdt.core.tests.compiler.parser.AnnotationCompletionParserTest" time="0.001"/>
  <testcase name="test0085 - 1.6" classname="org.eclipse.jdt.core.tests.compiler.parser.CompletionParserTestKeyword" time="0"/>
  <testcase name="test0085 - 1.6" classname="org.eclipse.jdt.core.tests.compiler.parser.GenericsCompletionParserTest" time="0.001"/>
  <testcase name="test0085 - 1.6" classname="org.eclipse.jdt.core.tests.compiler.parser.AnnotationCompletionParserTest" time="0"/>
  <testcase name="test0086 - 1.6" classname="org.eclipse.jdt.core.tests.compiler.parser.CompletionParserTestKeyword" time="0"/>
  <testcase name="test0086 - 1.6" classname="org.eclipse.jdt.core.tests.compiler.parser.GenericsCompletionParserTest" time="0"/>
  <testcase name="test0086 - 1.6" classname="org.eclipse.jdt.core.tests.compiler.parser.AnnotationCompletionParserTest" time="0"/>
  <testcase name="test0087 - 1.6" classname="org.eclipse.jdt.core.tests.compiler.parser.CompletionParserTestKeyword" time="0"/>
  <testcase name="test0087 - 1.6" classname="org.eclipse.jdt.core.tests.compiler.parser.GenericsCompletionParserTest" time="0"/>
  <testcase name="test0087 - 1.6" classname="org.eclipse.jdt.core.tests.compiler.parser.AnnotationCompletionParserTest" time="0"/>
  <testcase name="test0088 - 1.6" classname="org.eclipse.jdt.core.tests.compiler.parser.CompletionParserTestKeyword" time="0.001"/>
  <testcase name="test0088 - 1.6" classname="org.eclipse.jdt.core.tests.compiler.parser.GenericsCompletionParserTest" time="0"/>
  <testcase name="test0088 - 1.6" classname="org.eclipse.jdt.core.tests.compiler.parser.AnnotationCompletionParserTest" time="0"/>
  <testcase name="test0089 - 1.6" classname="org.eclipse.jdt.core.tests.compiler.parser.CompletionParserTestKeyword" time="0"/>
  <testcase name="test0089 - 1.6" classname="org.eclipse.jdt.core.tests.compiler.parser.GenericsCompletionParserTest" time="0"/>
  <testcase name="test0089 - 1.6" classname="org.eclipse.jdt.core.tests.compiler.parser.AnnotationCompletionParserTest" time="0"/>
  <testcase name="test0091_Diet - 1.6" classname="org.eclipse.jdt.core.tests.compiler.parser.CompletionParserTestKeyword" time="0"/>
  <testcase name="test0091_Method - 1.6" classname="org.eclipse.jdt.core.tests.compiler.parser.CompletionParserTestKeyword" time="0"/>
  <testcase name="test0094_Diet - 1.6" classname="org.eclipse.jdt.core.tests.compiler.parser.CompletionParserTestKeyword" time="0"/>
  <testcase name="test0094_Method - 1.6" classname="org.eclipse.jdt.core.tests.compiler.parser.CompletionParserTestKeyword" time="0"/>
  <testcase name="test0101 - 1.6" classname="org.eclipse.jdt.core.tests.compiler.parser.CompletionParserTestKeyword" time="0"/>
  <testcase name="test0101 - 1.6" classname="org.eclipse.jdt.core.tests.compiler.parser.AnnotationCompletionParserTest" time="0"/>
  <testcase name="test0102 - 1.6" classname="org.eclipse.jdt.core.tests.compiler.parser.CompletionParserTestKeyword" time="0"/>
  <testcase name="test0102 - 1.6" classname="org.eclipse.jdt.core.tests.compiler.parser.AnnotationCompletionParserTest" time="0"/>
  <testcase name="test0103 - 1.6" classname="org.eclipse.jdt.core.tests.compiler.parser.CompletionParserTestKeyword" time="0"/>
  <testcase name="test0103 - 1.6" classname="org.eclipse.jdt.core.tests.compiler.parser.AnnotationCompletionParserTest" time="0.001"/>
  <testcase name="test0104 - 1.6" classname="org.eclipse.jdt.core.tests.compiler.parser.CompletionParserTestKeyword" time="0"/>
  <testcase name="test0104 - 1.6" classname="org.eclipse.jdt.core.tests.compiler.parser.AnnotationCompletionParserTest" time="0"/>
  <testcase name="test0105 - 1.6" classname="org.eclipse.jdt.core.tests.compiler.parser.CompletionParserTestKeyword" time="0"/>
  <testcase name="test0106 - 1.6" classname="org.eclipse.jdt.core.tests.compiler.parser.CompletionParserTestKeyword" time="0"/>
  <testcase name="test0111 - 1.6" classname="org.eclipse.jdt.core.tests.compiler.parser.CompletionParserTestKeyword" time="0"/>
  <testcase name="test0112 - 1.6" classname="org.eclipse.jdt.core.tests.compiler.parser.CompletionParserTestKeyword" time="0"/>
  <testcase name="test0113 - 1.6" classname="org.eclipse.jdt.core.tests.compiler.parser.CompletionParserTestKeyword" time="0"/>
  <testcase name="test0114 - 1.6" classname="org.eclipse.jdt.core.tests.compiler.parser.CompletionParserTestKeyword" time="0"/>
  <testcase name="test0115 - 1.6" classname="org.eclipse.jdt.core.tests.compiler.parser.CompletionParserTestKeyword" time="0"/>
  <testcase name="test0115 - 1.6" classname="org.eclipse.jdt.core.tests.compiler.parser.AnnotationCompletionParserTest" time="0"/>
  <testcase name="test0116 - 1.6" classname="org.eclipse.jdt.core.tests.compiler.parser.CompletionParserTestKeyword" time="0"/>
  <testcase name="test0116 - 1.6" classname="org.eclipse.jdt.core.tests.compiler.parser.AnnotationCompletionParserTest" time="0"/>
  <testcase name="test0117 - 1.6" classname="org.eclipse.jdt.core.tests.compiler.parser.CompletionParserTestKeyword" time="0"/>
  <testcase name="test0117 - 1.6" classname="org.eclipse.jdt.core.tests.compiler.parser.AnnotationCompletionParserTest" time="0.001"/>
  <testcase name="test0118 - 1.6" classname="org.eclipse.jdt.core.tests.compiler.parser.CompletionParserTestKeyword" time="0"/>
  <testcase name="test0118 - 1.6" classname="org.eclipse.jdt.core.tests.compiler.parser.AnnotationCompletionParserTest" time="0"/>
  <testcase name="test0119 - 1.6" classname="org.eclipse.jdt.core.tests.compiler.parser.CompletionParserTestKeyword" time="0"/>
  <testcase name="test0120 - 1.6" classname="org.eclipse.jdt.core.tests.compiler.parser.CompletionParserTestKeyword" time="0"/>
  <testcase name="test0121 - 1.6" classname="org.eclipse.jdt.core.tests.compiler.parser.CompletionParserTestKeyword" time="0"/>
  <testcase name="test0121 - 1.6" classname="org.eclipse.jdt.core.tests.compiler.parser.AnnotationCompletionParserTest" time="0"/>
  <testcase name="test0122 - 1.6" classname="org.eclipse.jdt.core.tests.compiler.parser.CompletionParserTestKeyword" time="0"/>
  <testcase name="test0122 - 1.6" classname="org.eclipse.jdt.core.tests.compiler.parser.AnnotationCompletionParserTest" time="0.001"/>
  <testcase name="test0123 - 1.6" classname="org.eclipse.jdt.core.tests.compiler.parser.CompletionParserTestKeyword" time="0"/>
  <testcase name="test0123 - 1.6" classname="org.eclipse.jdt.core.tests.compiler.parser.AnnotationCompletionParserTest" time="0"/>
  <testcase name="test0124 - 1.6" classname="org.eclipse.jdt.core.tests.compiler.parser.CompletionParserTestKeyword" time="0"/>
  <testcase name="test0124 - 1.6" classname="org.eclipse.jdt.core.tests.compiler.parser.AnnotationCompletionParserTest" time="0"/>
  <testcase name="test0125 - 1.6" classname="org.eclipse.jdt.core.tests.compiler.parser.CompletionParserTestKeyword" time="0"/>
  <testcase name="test0125 - 1.6" classname="org.eclipse.jdt.core.tests.compiler.parser.AnnotationCompletionParserTest" time="0"/>
  <testcase name="test0126 - 1.6" classname="org.eclipse.jdt.core.tests.compiler.parser.CompletionParserTestKeyword" time="0"/>
  <testcase name="test0126 - 1.6" classname="org.eclipse.jdt.core.tests.compiler.parser.AnnotationCompletionParserTest" time="0"/>
  <testcase name="test0128 - 1.6" classname="org.eclipse.jdt.core.tests.compiler.parser.CompletionParserTestKeyword" time="0"/>
  <testcase name="test0128 - 1.6" classname="org.eclipse.jdt.core.tests.compiler.parser.AnnotationCompletionParserTest" time="0"/>
  <testcase name="test0129 - 1.6" classname="org.eclipse.jdt.core.tests.compiler.parser.CompletionParserTestKeyword" time="0"/>
  <testcase name="test0129 - 1.6" classname="org.eclipse.jdt.core.tests.compiler.parser.AnnotationCompletionParserTest" time="0.001"/>
  <testcase name="test0130 - 1.6" classname="org.eclipse.jdt.core.tests.compiler.parser.CompletionParserTestKeyword" time="0"/>
  <testcase name="test0131 - 1.6" classname="org.eclipse.jdt.core.tests.compiler.parser.CompletionParserTestKeyword" time="0.001"/>
  <testcase name="test0132 - 1.6" classname="org.eclipse.jdt.core.tests.compiler.parser.CompletionParserTestKeyword" time="0"/>
  <testcase name="test0133 - 1.6" classname="org.eclipse.jdt.core.tests.compiler.parser.CompletionParserTestKeyword" time="0"/>
  <testcase name="test0135 - 1.6" classname="org.eclipse.jdt.core.tests.compiler.parser.CompletionParserTestKeyword" time="0"/>
  <testcase name="test0137 - 1.6" classname="org.eclipse.jdt.core.tests.compiler.parser.CompletionParserTestKeyword" time="0"/>
  <testcase name="test0138 - 1.6" classname="org.eclipse.jdt.core.tests.compiler.parser.CompletionParserTestKeyword" time="0"/>
  <testcase name="test0142 - 1.6" classname="org.eclipse.jdt.core.tests.compiler.parser.CompletionParserTestKeyword" time="0"/>
  <testcase name="test0143 - 1.6" classname="org.eclipse.jdt.core.tests.compiler.parser.CompletionParserTestKeyword" time="0"/>
  <testcase name="test0144 - 1.6" classname="org.eclipse.jdt.core.tests.compiler.parser.CompletionParserTestKeyword" time="0"/>
  <testcase name="test0145 - 1.6" classname="org.eclipse.jdt.core.tests.compiler.parser.CompletionParserTestKeyword" time="0.001"/>
  <testcase name="test0146 - 1.6" classname="org.eclipse.jdt.core.tests.compiler.parser.CompletionParserTestKeyword" time="0"/>
  <testcase name="test0146 - 1.6" classname="org.eclipse.jdt.core.tests.compiler.parser.GenericsCompletionParserTest" time="0"/>
  <testcase name="test0147_Diet - 1.6" classname="org.eclipse.jdt.core.tests.compiler.parser.CompletionParserTestKeyword" time="0"/>
  <testcase name="test0147_Method - 1.6" classname="org.eclipse.jdt.core.tests.compiler.parser.CompletionParserTestKeyword" time="0"/>
  <testcase name="test0148_Diet - 1.6" classname="org.eclipse.jdt.core.tests.compiler.parser.CompletionParserTestKeyword" time="0"/>
  <testcase name="test0148_Method - 1.6" classname="org.eclipse.jdt.core.tests.compiler.parser.CompletionParserTestKeyword" time="0"/>
  <testcase name="test0149 - 1.6" classname="org.eclipse.jdt.core.tests.compiler.parser.CompletionParserTestKeyword" time="0"/>
  <testcase name="test0149 - 1.6" classname="org.eclipse.jdt.core.tests.compiler.parser.GenericsCompletionParserTest" time="0"/>
  <testcase name="test0150 - 1.6" classname="org.eclipse.jdt.core.tests.compiler.parser.CompletionParserTestKeyword" time="0"/>
  <testcase name="test0150 - 1.6" classname="org.eclipse.jdt.core.tests.compiler.parser.GenericsCompletionParserTest" time="0"/>
  <testcase name="test0151 - 1.6" classname="org.eclipse.jdt.core.tests.compiler.parser.CompletionParserTestKeyword" time="0"/>
  <testcase name="test0151 - 1.6" classname="org.eclipse.jdt.core.tests.compiler.parser.GenericsCompletionParserTest" time="0"/>
  <testcase name="test0153 - 1.6" classname="org.eclipse.jdt.core.tests.compiler.parser.CompletionParserTestKeyword" time="0"/>
  <testcase name="test0153 - 1.6" classname="org.eclipse.jdt.core.tests.compiler.parser.GenericsCompletionParserTest" time="0.001"/>
  <testcase name="test0154 - 1.6" classname="org.eclipse.jdt.core.tests.compiler.parser.CompletionParserTestKeyword" time="0"/>
  <testcase name="test0154 - 1.6" classname="org.eclipse.jdt.core.tests.compiler.parser.GenericsCompletionParserTest" time="0"/>
  <testcase name="test0155 - 1.6" classname="org.eclipse.jdt.core.tests.compiler.parser.CompletionParserTestKeyword" time="0"/>
  <testcase name="test0155 - 1.6" classname="org.eclipse.jdt.core.tests.compiler.parser.GenericsCompletionParserTest" time="0"/>
  <testcase name="test0156 - 1.6" classname="org.eclipse.jdt.core.tests.compiler.parser.CompletionParserTestKeyword" time="0"/>
  <testcase name="test0156 - 1.6" classname="org.eclipse.jdt.core.tests.compiler.parser.GenericsCompletionParserTest" time="0"/>
  <testcase name="test0157 - 1.6" classname="org.eclipse.jdt.core.tests.compiler.parser.CompletionParserTestKeyword" time="0"/>
  <testcase name="test0157 - 1.6" classname="org.eclipse.jdt.core.tests.compiler.parser.GenericsCompletionParserTest" time="0"/>
  <testcase name="test0158 - 1.6" classname="org.eclipse.jdt.core.tests.compiler.parser.CompletionParserTestKeyword" time="0"/>
  <testcase name="test0158 - 1.6" classname="org.eclipse.jdt.core.tests.compiler.parser.GenericsCompletionParserTest" time="0"/>
  <testcase name="test0165 - 1.6" classname="org.eclipse.jdt.core.tests.compiler.parser.CompletionParserTestKeyword" time="0"/>
  <testcase name="test0166 - 1.6" classname="org.eclipse.jdt.core.tests.compiler.parser.CompletionParserTestKeyword" time="0"/>
  <testcase name="test0167 - 1.6" classname="org.eclipse.jdt.core.tests.compiler.parser.CompletionParserTestKeyword" time="0"/>
  <testcase name="test0168 - 1.6" classname="org.eclipse.jdt.core.tests.compiler.parser.CompletionParserTestKeyword" time="0"/>
  <testcase name="test0169 - 1.6" classname="org.eclipse.jdt.core.tests.compiler.parser.CompletionParserTestKeyword" time="0"/>
  <testcase name="test0169 - 1.6" classname="org.eclipse.jdt.core.tests.compiler.parser.GenericsCompletionParserTest" time="0"/>
  <testcase name="test0170 - 1.6" classname="org.eclipse.jdt.core.tests.compiler.parser.CompletionParserTestKeyword" time="0"/>
  <testcase name="test0170 - 1.6" classname="org.eclipse.jdt.core.tests.compiler.parser.GenericsCompletionParserTest" time="0"/>
  <testcase name="test0171 - 1.6" classname="org.eclipse.jdt.core.tests.compiler.parser.CompletionParserTestKeyword" time="0"/>
  <testcase name="test0173 - 1.6" classname="org.eclipse.jdt.core.tests.compiler.parser.CompletionParserTestKeyword" time="0"/>
  <testcase name="test0174 - 1.6" classname="org.eclipse.jdt.core.tests.compiler.parser.CompletionParserTestKeyword" time="0"/>
  <testcase name="test0175 - 1.6" classname="org.eclipse.jdt.core.tests.compiler.parser.CompletionParserTestKeyword" time="0"/>
  <testcase name="test0176 - 1.6" classname="org.eclipse.jdt.core.tests.compiler.parser.CompletionParserTestKeyword" time="0"/>
  <testcase name="test0177 - 1.6" classname="org.eclipse.jdt.core.tests.compiler.parser.CompletionParserTestKeyword" time="0"/>
  <testcase name="test0177 - 1.6" classname="org.eclipse.jdt.core.tests.compiler.parser.GenericsCompletionParserTest" time="0"/>
  <testcase name="test0178 - 1.6" classname="org.eclipse.jdt.core.tests.compiler.parser.CompletionParserTestKeyword" time="0.001"/>
  <testcase name="test0178 - 1.6" classname="org.eclipse.jdt.core.tests.compiler.parser.GenericsCompletionParserTest" time="0.001"/>
  <testcase name="test0179 - 1.6" classname="org.eclipse.jdt.core.tests.compiler.parser.CompletionParserTestKeyword" time="0"/>
  <testcase name="test0179 - 1.6" classname="org.eclipse.jdt.core.tests.compiler.parser.GenericsCompletionParserTest" time="0"/>
  <testcase name="test0180 - 1.6" classname="org.eclipse.jdt.core.tests.compiler.parser.CompletionParserTestKeyword" time="0"/>
  <testcase name="test0180 - 1.6" classname="org.eclipse.jdt.core.tests.compiler.parser.GenericsCompletionParserTest" time="0"/>
  <testcase name="test0181_Diet - 1.6" classname="org.eclipse.jdt.core.tests.compiler.parser.CompletionParserTestKeyword" time="0"/>
  <testcase name="test0181_Method - 1.6" classname="org.eclipse.jdt.core.tests.compiler.parser.CompletionParserTestKeyword" time="0.001"/>
  <testcase name="test0182_Diet - 1.6" classname="org.eclipse.jdt.core.tests.compiler.parser.CompletionParserTestKeyword" time="0"/>
  <testcase name="test0182_Method - 1.6" classname="org.eclipse.jdt.core.tests.compiler.parser.CompletionParserTestKeyword" time="0"/>
  <testcase name="test0183_Diet - 1.6" classname="org.eclipse.jdt.core.tests.compiler.parser.CompletionParserTestKeyword" time="0"/>
  <testcase name="test0183_Method - 1.6" classname="org.eclipse.jdt.core.tests.compiler.parser.CompletionParserTestKeyword" time="0"/>
  <testcase name="test0184_Diet - 1.6" classname="org.eclipse.jdt.core.tests.compiler.parser.CompletionParserTestKeyword" time="0.001"/>
  <testcase name="test0184_Diet - 1.6" classname="org.eclipse.jdt.core.tests.compiler.parser.GenericsCompletionParserTest" time="0"/>
  <testcase name="test0184_Method - 1.6" classname="org.eclipse.jdt.core.tests.compiler.parser.CompletionParserTestKeyword" time="0"/>
  <testcase name="test0184_Method - 1.6" classname="org.eclipse.jdt.core.tests.compiler.parser.GenericsCompletionParserTest" time="0.001"/>
  <testcase name="test0185_Diet - 1.6" classname="org.eclipse.jdt.core.tests.compiler.parser.CompletionParserTestKeyword" time="0"/>
  <testcase name="test0185_Method - 1.6" classname="org.eclipse.jdt.core.tests.compiler.parser.CompletionParserTestKeyword" time="0"/>
  <testcase name="test0186_Diet - 1.6" classname="org.eclipse.jdt.core.tests.compiler.parser.CompletionParserTestKeyword" time="0"/>
  <testcase name="test0186_Method - 1.6" classname="org.eclipse.jdt.core.tests.compiler.parser.CompletionParserTestKeyword" time="0"/>
  <testcase name="test0187_Diet - 1.6" classname="org.eclipse.jdt.core.tests.compiler.parser.CompletionParserTestKeyword" time="0"/>
  <testcase name="test0187_Diet - 1.6" classname="org.eclipse.jdt.core.tests.compiler.parser.GenericsCompletionParserTest" time="0"/>
  <testcase name="test0187_Method - 1.6" classname="org.eclipse.jdt.core.tests.compiler.parser.CompletionParserTestKeyword" time="0"/>
  <testcase name="test0187_Method - 1.6" classname="org.eclipse.jdt.core.tests.compiler.parser.GenericsCompletionParserTest" time="0"/>
  <testcase name="test0188_Diet - 1.6" classname="org.eclipse.jdt.core.tests.compiler.parser.CompletionParserTestKeyword" time="0"/>
  <testcase name="test0188_Diet - 1.6" classname="org.eclipse.jdt.core.tests.compiler.parser.GenericsCompletionParserTest" time="0"/>
  <testcase name="test0188_Method - 1.6" classname="org.eclipse.jdt.core.tests.compiler.parser.CompletionParserTestKeyword" time="0"/>
  <testcase name="test0188_Method - 1.6" classname="org.eclipse.jdt.core.tests.compiler.parser.GenericsCompletionParserTest" time="0.001"/>
  <testcase name="test0189_Diet - 1.6" classname="org.eclipse.jdt.core.tests.compiler.parser.CompletionParserTestKeyword" time="0"/>
  <testcase name="test0189_Diet - 1.6" classname="org.eclipse.jdt.core.tests.compiler.parser.GenericsCompletionParserTest" time="0"/>
  <testcase name="test0189_Method - 1.6" classname="org.eclipse.jdt.core.tests.compiler.parser.CompletionParserTestKeyword" time="0"/>
  <testcase name="test0189_Method - 1.6" classname="org.eclipse.jdt.core.tests.compiler.parser.GenericsCompletionParserTest" time="0"/>
  <testcase name="test0190_Diet - 1.6" classname="org.eclipse.jdt.core.tests.compiler.parser.CompletionParserTestKeyword" time="0"/>
  <testcase name="test0190_Diet - 1.6" classname="org.eclipse.jdt.core.tests.compiler.parser.GenericsCompletionParserTest" time="0"/>
  <testcase name="test0190_Method - 1.6" classname="org.eclipse.jdt.core.tests.compiler.parser.CompletionParserTestKeyword" time="0"/>
  <testcase name="test0190_Method - 1.6" classname="org.eclipse.jdt.core.tests.compiler.parser.GenericsCompletionParserTest" time="0"/>
  <testcase name="test0191_Diet - 1.6" classname="org.eclipse.jdt.core.tests.compiler.parser.CompletionParserTestKeyword" time="0"/>
  <testcase name="test0191_Diet - 1.6" classname="org.eclipse.jdt.core.tests.compiler.parser.GenericsCompletionParserTest" time="0"/>
  <testcase name="test0191_Method - 1.6" classname="org.eclipse.jdt.core.tests.compiler.parser.CompletionParserTestKeyword" time="0.001"/>
  <testcase name="test0191_Method - 1.6" classname="org.eclipse.jdt.core.tests.compiler.parser.GenericsCompletionParserTest" time="0"/>
  <testcase name="test0192_Diet - 1.6" classname="org.eclipse.jdt.core.tests.compiler.parser.CompletionParserTestKeyword" time="0"/>
  <testcase name="test0192_Diet - 1.6" classname="org.eclipse.jdt.core.tests.compiler.parser.GenericsCompletionParserTest" time="0"/>
  <testcase name="test0192_Method - 1.6" classname="org.eclipse.jdt.core.tests.compiler.parser.CompletionParserTestKeyword" time="0"/>
  <testcase name="test0192_Method - 1.6" classname="org.eclipse.jdt.core.tests.compiler.parser.GenericsCompletionParserTest" time="0"/>
  <testcase name="test0193_Diet - 1.6" classname="org.eclipse.jdt.core.tests.compiler.parser.CompletionParserTestKeyword" time="0"/>
  <testcase name="test0193_Diet - 1.6" classname="org.eclipse.jdt.core.tests.compiler.parser.GenericsCompletionParserTest" time="0"/>
  <testcase name="test0193_Method - 1.6" classname="org.eclipse.jdt.core.tests.compiler.parser.CompletionParserTestKeyword" time="0"/>
  <testcase name="test0193_Method - 1.6" classname="org.eclipse.jdt.core.tests.compiler.parser.GenericsCompletionParserTest" time="0"/>
  <testcase name="test0194 - 1.6" classname="org.eclipse.jdt.core.tests.compiler.parser.CompletionParserTestKeyword" time="0.001"/>
  <testcase name="test0195 - 1.6" classname="org.eclipse.jdt.core.tests.compiler.parser.CompletionParserTestKeyword" time="0"/>
  <testcase name="test0196 - 1.6" classname="org.eclipse.jdt.core.tests.compiler.parser.CompletionParserTestKeyword" time="0"/>
  <testcase name="test0196 - 1.6" classname="org.eclipse.jdt.core.tests.compiler.parser.GenericsCompletionParserTest" time="0.001"/>
  <testcase name="test0197 - 1.6" classname="org.eclipse.jdt.core.tests.compiler.parser.CompletionParserTestKeyword" time="0"/>
  <testcase name="test0197 - 1.6" classname="org.eclipse.jdt.core.tests.compiler.parser.GenericsCompletionParserTest" time="0"/>
  <testcase name="test0198 - 1.6" classname="org.eclipse.jdt.core.tests.compiler.parser.CompletionParserTestKeyword" time="0"/>
  <testcase name="test0198 - 1.6" classname="org.eclipse.jdt.core.tests.compiler.parser.GenericsCompletionParserTest" time="0"/>
  <testcase name="test0199 - 1.6" classname="org.eclipse.jdt.core.tests.compiler.parser.CompletionParserTestKeyword" time="0"/>
  <testcase name="test0199 - 1.6" classname="org.eclipse.jdt.core.tests.compiler.parser.GenericsCompletionParserTest" time="0.001"/>
  <testcase name="test0200 - 1.6" classname="org.eclipse.jdt.core.tests.compiler.parser.CompletionParserTestKeyword" time="0"/>
  <testcase name="test0200 - 1.6" classname="org.eclipse.jdt.core.tests.compiler.parser.GenericsCompletionParserTest" time="0"/>
  <testcase name="test0201 - 1.6" classname="org.eclipse.jdt.core.tests.compiler.parser.CompletionParserTestKeyword" time="0"/>
  <testcase name="test0201 - 1.6" classname="org.eclipse.jdt.core.tests.compiler.parser.GenericsCompletionParserTest" time="0"/>
  <testcase name="test0202 - 1.6" classname="org.eclipse.jdt.core.tests.compiler.parser.CompletionParserTestKeyword" time="0"/>
  <testcase name="test0203 - 1.6" classname="org.eclipse.jdt.core.tests.compiler.parser.CompletionParserTestKeyword" time="0"/>
  <testcase name="test0204 - 1.6" classname="org.eclipse.jdt.core.tests.compiler.parser.CompletionParserTestKeyword" time="0"/>
  <testcase name="test0205 - 1.6" classname="org.eclipse.jdt.core.tests.compiler.parser.CompletionParserTestKeyword" time="0"/>
  <testcase name="test0205 - 1.6" classname="org.eclipse.jdt.core.tests.compiler.parser.GenericsCompletionParserTest" time="0.001"/>
  <testcase name="test0206 - 1.6" classname="org.eclipse.jdt.core.tests.compiler.parser.CompletionParserTestKeyword" time="0"/>
  <testcase name="test0207 - 1.6" classname="org.eclipse.jdt.core.tests.compiler.parser.CompletionParserTestKeyword" time="0"/>
  <testcase name="test0208 - 1.6" classname="org.eclipse.jdt.core.tests.compiler.parser.CompletionParserTestKeyword" time="0.001"/>
  <testcase name="test0209 - 1.6" classname="org.eclipse.jdt.core.tests.compiler.parser.CompletionParserTestKeyword" time="0"/>
  <testcase name="test0210 - 1.6" classname="org.eclipse.jdt.core.tests.compiler.parser.CompletionParserTestKeyword" time="0"/>
  <testcase name="test0211 - 1.6" classname="org.eclipse.jdt.core.tests.compiler.parser.CompletionParserTestKeyword" time="0"/>
  <testcase name="test0211 - 1.6" classname="org.eclipse.jdt.core.tests.compiler.parser.GenericsCompletionParserTest" time="0"/>
  <testcase name="test0212 - 1.6" classname="org.eclipse.jdt.core.tests.compiler.parser.CompletionParserTestKeyword" time="0.001"/>
  <testcase name="test0212 - 1.6" classname="org.eclipse.jdt.core.tests.compiler.parser.GenericsCompletionParserTest" time="0"/>
  <testcase name="test0213 - 1.6" classname="org.eclipse.jdt.core.tests.compiler.parser.CompletionParserTestKeyword" time="0"/>
  <testcase name="test0214_Diet - 1.6" classname="org.eclipse.jdt.core.tests.compiler.parser.CompletionParserTestKeyword" time="0"/>
  <testcase name="test0214_Diet - 1.6" classname="org.eclipse.jdt.core.tests.compiler.parser.GenericsCompletionParserTest" time="0"/>
  <testcase name="test0214_Method - 1.6" classname="org.eclipse.jdt.core.tests.compiler.parser.CompletionParserTestKeyword" time="0"/>
  <testcase name="test0214_Method - 1.6" classname="org.eclipse.jdt.core.tests.compiler.parser.GenericsCompletionParserTest" time="0"/>
  <testcase name="test0216_Diet - 1.6" classname="org.eclipse.jdt.core.tests.compiler.parser.CompletionParserTestKeyword" time="0"/>
  <testcase name="test0216_Diet - 1.6" classname="org.eclipse.jdt.core.tests.compiler.parser.GenericsCompletionParserTest" time="0"/>
  <testcase name="test0216_Method - 1.6" classname="org.eclipse.jdt.core.tests.compiler.parser.CompletionParserTestKeyword" time="0"/>
  <testcase name="test0217_Diet - 1.6" classname="org.eclipse.jdt.core.tests.compiler.parser.CompletionParserTestKeyword" time="0"/>
  <testcase name="test0217_Method - 1.6" classname="org.eclipse.jdt.core.tests.compiler.parser.CompletionParserTestKeyword" time="0"/>
  <testcase name="test0217_Method - 1.6" classname="org.eclipse.jdt.core.tests.compiler.parser.GenericsCompletionParserTest" time="0.001"/>
  <testcase name="test0218_Diet - 1.6" classname="org.eclipse.jdt.core.tests.compiler.parser.CompletionParserTestKeyword" time="0"/>
  <testcase name="test0218_Diet - 1.6" classname="org.eclipse.jdt.core.tests.compiler.parser.GenericsCompletionParserTest" time="0"/>
  <testcase name="test0218_Method - 1.6" classname="org.eclipse.jdt.core.tests.compiler.parser.CompletionParserTestKeyword" time="0"/>
  <testcase name="test0219_Diet - 1.6" classname="org.eclipse.jdt.core.tests.compiler.parser.CompletionParserTestKeyword" time="0"/>
  <testcase name="test0219_Diet - 1.6" classname="org.eclipse.jdt.core.tests.compiler.parser.GenericsCompletionParserTest" time="0"/>
  <testcase name="test0219_Method - 1.6" classname="org.eclipse.jdt.core.tests.compiler.parser.CompletionParserTestKeyword" time="0"/>
  <testcase name="test0220_Diet - 1.6" classname="org.eclipse.jdt.core.tests.compiler.parser.CompletionParserTestKeyword" time="0.001"/>
  <testcase name="test0220_Diet - 1.6" classname="org.eclipse.jdt.core.tests.compiler.parser.GenericsCompletionParserTest" time="0.001"/>
  <testcase name="test0220_Method - 1.6" classname="org.eclipse.jdt.core.tests.compiler.parser.CompletionParserTestKeyword" time="0"/>
  <testcase name="test0221_Diet - 1.6" classname="org.eclipse.jdt.core.tests.compiler.parser.CompletionParserTestKeyword" time="0"/>
  <testcase name="test0221_Method - 1.6" classname="org.eclipse.jdt.core.tests.compiler.parser.CompletionParserTestKeyword" time="0"/>
  <testcase name="test0222_Diet - 1.6" classname="org.eclipse.jdt.core.tests.compiler.parser.CompletionParserTestKeyword" time="0"/>
  <testcase name="test0222_Method - 1.6" classname="org.eclipse.jdt.core.tests.compiler.parser.CompletionParserTestKeyword" time="0"/>
  <testcase name="test0223 - 1.6" classname="org.eclipse.jdt.core.tests.compiler.parser.CompletionParserTestKeyword" time="0"/>
  <testcase name="test0224 - 1.6" classname="org.eclipse.jdt.core.tests.compiler.parser.CompletionParserTestKeyword" time="0"/>
  <testcase name="test0225 - 1.6" classname="org.eclipse.jdt.core.tests.compiler.parser.CompletionParserTestKeyword" time="0"/>
  <testcase name="test0226 - 1.6" classname="org.eclipse.jdt.core.tests.compiler.parser.CompletionParserTestKeyword" time="0"/>
  <testcase name="test0227 - 1.6" classname="org.eclipse.jdt.core.tests.compiler.parser.CompletionParserTestKeyword" time="0"/>
  <testcase name="test0228 - 1.6" classname="org.eclipse.jdt.core.tests.compiler.parser.CompletionParserTestKeyword" time="0"/>
  <testcase name="test0229 - 1.6" classname="org.eclipse.jdt.core.tests.compiler.parser.CompletionParserTestKeyword" time="0.001"/>
  <testcase name="test0230 - 1.6" classname="org.eclipse.jdt.core.tests.compiler.parser.CompletionParserTestKeyword" time="0"/>
  <testcase name="test0231_Diet - 1.6" classname="org.eclipse.jdt.core.tests.compiler.parser.CompletionParserTestKeyword" time="0"/>
  <testcase name="test0231_Method - 1.6" classname="org.eclipse.jdt.core.tests.compiler.parser.CompletionParserTestKeyword" time="0"/>
  <testcase name="test0232_Diet - 1.6" classname="org.eclipse.jdt.core.tests.compiler.parser.CompletionParserTestKeyword" time="0.001"/>
  <testcase name="test0232_Method - 1.6" classname="org.eclipse.jdt.core.tests.compiler.parser.CompletionParserTestKeyword" time="0"/>
  <testcase name="test0233_Diet - 1.6" classname="org.eclipse.jdt.core.tests.compiler.parser.CompletionParserTestKeyword" time="0"/>
  <testcase name="test0233_Method - 1.6" classname="org.eclipse.jdt.core.tests.compiler.parser.CompletionParserTestKeyword" time="0"/>
  <testcase name="test0234_Diet - 1.6" classname="org.eclipse.jdt.core.tests.compiler.parser.CompletionParserTestKeyword" time="0.001"/>
  <testcase name="test0234_Method - 1.6" classname="org.eclipse.jdt.core.tests.compiler.parser.CompletionParserTestKeyword" time="0"/>
  <testcase name="test0235_Diet - 1.6" classname="org.eclipse.jdt.core.tests.compiler.parser.CompletionParserTestKeyword" time="0"/>
  <testcase name="test0235_Method - 1.6" classname="org.eclipse.jdt.core.tests.compiler.parser.CompletionParserTestKeyword" time="0"/>
  <testcase name="test0236_Diet - 1.6" classname="org.eclipse.jdt.core.tests.compiler.parser.CompletionParserTestKeyword" time="0.001"/>
  <testcase name="test0236_Method - 1.6" classname="org.eclipse.jdt.core.tests.compiler.parser.CompletionParserTestKeyword" time="0"/>
  <testcase name="test0237_Diet - 1.6" classname="org.eclipse.jdt.core.tests.compiler.parser.CompletionParserTestKeyword" time="0"/>
  <testcase name="test0237_Method - 1.6" classname="org.eclipse.jdt.core.tests.compiler.parser.CompletionParserTestKeyword" time="0"/>
  <testcase name="test0238_Diet - 1.6" classname="org.eclipse.jdt.core.tests.compiler.parser.CompletionParserTestKeyword" time="0.001"/>
  <testcase name="test0238_Method - 1.6" classname="org.eclipse.jdt.core.tests.compiler.parser.CompletionParserTestKeyword" time="0"/>
  <testcase name="test0239_Diet - 1.6" classname="org.eclipse.jdt.core.tests.compiler.parser.CompletionParserTestKeyword" time="0"/>
  <testcase name="test0239_Method - 1.6" classname="org.eclipse.jdt.core.tests.compiler.parser.CompletionParserTestKeyword" time="0"/>
  <testcase name="test0240_Diet - 1.6" classname="org.eclipse.jdt.core.tests.compiler.parser.CompletionParserTestKeyword" time="0.001"/>
  <testcase name="test0240_Method - 1.6" classname="org.eclipse.jdt.core.tests.compiler.parser.CompletionParserTestKeyword" time="0"/>
  <testcase name="test0241 - 1.6" classname="org.eclipse.jdt.core.tests.compiler.parser.CompletionParserTestKeyword" time="0"/>
  <testcase name="test0242 - 1.6" classname="org.eclipse.jdt.core.tests.compiler.parser.CompletionParserTestKeyword" time="0"/>
  <testcase name="test0243 - 1.6" classname="org.eclipse.jdt.core.tests.compiler.parser.CompletionParserTestKeyword" time="0.001"/>
  <testcase name="test0244 - 1.6" classname="org.eclipse.jdt.core.tests.compiler.parser.CompletionParserTestKeyword" time="0"/>
  <testcase name="test0245 - 1.6" classname="org.eclipse.jdt.core.tests.compiler.parser.CompletionParserTestKeyword" time="0"/>
  <testcase name="test0246 - 1.6" classname="org.eclipse.jdt.core.tests.compiler.parser.CompletionParserTestKeyword" time="0"/>
  <testcase name="test0247 - 1.6" classname="org.eclipse.jdt.core.tests.compiler.parser.CompletionParserTestKeyword" time="0"/>
  <testcase name="test0248 - 1.6" classname="org.eclipse.jdt.core.tests.compiler.parser.CompletionParserTestKeyword" time="0"/>
  <testcase name="test0249_Diet - 1.6" classname="org.eclipse.jdt.core.tests.compiler.parser.CompletionParserTestKeyword" time="0"/>
  <testcase name="test0249_Method - 1.6" classname="org.eclipse.jdt.core.tests.compiler.parser.CompletionParserTestKeyword" time="0"/>
  <testcase name="test0250_Diet - 1.6" classname="org.eclipse.jdt.core.tests.compiler.parser.CompletionParserTestKeyword" time="0"/>
  <testcase name="test0250_Method - 1.6" classname="org.eclipse.jdt.core.tests.compiler.parser.CompletionParserTestKeyword" time="0"/>
  <testcase name="test0251_Diet - 1.6" classname="org.eclipse.jdt.core.tests.compiler.parser.CompletionParserTestKeyword" time="0"/>
  <testcase name="test0251_Method - 1.6" classname="org.eclipse.jdt.core.tests.compiler.parser.CompletionParserTestKeyword" time="0"/>
  <testcase name="test0252_Diet - 1.6" classname="org.eclipse.jdt.core.tests.compiler.parser.CompletionParserTestKeyword" time="0"/>
  <testcase name="test0252_Method - 1.6" classname="org.eclipse.jdt.core.tests.compiler.parser.CompletionParserTestKeyword" time="0"/>
  <testcase name="test0253_Diet - 1.6" classname="org.eclipse.jdt.core.tests.compiler.parser.CompletionParserTestKeyword" time="0"/>
  <testcase name="test0253_Method - 1.6" classname="org.eclipse.jdt.core.tests.compiler.parser.CompletionParserTestKeyword" time="0"/>
  <testcase name="test0254 - 1.6" classname="org.eclipse.jdt.core.tests.compiler.parser.CompletionParserTestKeyword" time="0"/>
  <testcase name="test0255 - 1.6" classname="org.eclipse.jdt.core.tests.compiler.parser.CompletionParserTestKeyword" time="0.001"/>
  <testcase name="test0256 - 1.6" classname="org.eclipse.jdt.core.tests.compiler.parser.CompletionParserTestKeyword" time="0"/>
  <testcase name="test0257 - 1.6" classname="org.eclipse.jdt.core.tests.compiler.parser.CompletionParserTestKeyword" time="0"/>
  <testcase name="test0258 - 1.6" classname="org.eclipse.jdt.core.tests.compiler.parser.CompletionParserTestKeyword" time="0"/>
  <testcase name="test0259 - 1.6" classname="org.eclipse.jdt.core.tests.compiler.parser.CompletionParserTestKeyword" time="0"/>
  <testcase name="test0260 - 1.6" classname="org.eclipse.jdt.core.tests.compiler.parser.CompletionParserTestKeyword" time="0"/>
  <testcase name="test0261 - 1.6" classname="org.eclipse.jdt.core.tests.compiler.parser.CompletionParserTestKeyword" time="0"/>
  <testcase name="test0262 - 1.6" classname="org.eclipse.jdt.core.tests.compiler.parser.CompletionParserTestKeyword" time="0"/>
  <testcase name="test0263 - 1.6" classname="org.eclipse.jdt.core.tests.compiler.parser.CompletionParserTestKeyword" time="0"/>
  <testcase name="test0264 - 1.6" classname="org.eclipse.jdt.core.tests.compiler.parser.CompletionParserTestKeyword" time="0.001"/>
  <testcase name="test0265 - 1.6" classname="org.eclipse.jdt.core.tests.compiler.parser.CompletionParserTestKeyword" time="0"/>
  <testcase name="test0266 - 1.6" classname="org.eclipse.jdt.core.tests.compiler.parser.CompletionParserTestKeyword" time="0"/>
  <testcase name="test0267 - 1.6" classname="org.eclipse.jdt.core.tests.compiler.parser.CompletionParserTestKeyword" time="0"/>
  <testcase name="test0268 - 1.6" classname="org.eclipse.jdt.core.tests.compiler.parser.CompletionParserTestKeyword" time="0"/>
  <testcase name="test0269 - 1.6" classname="org.eclipse.jdt.core.tests.compiler.parser.CompletionParserTestKeyword" time="0"/>
  <testcase name="test0270 - 1.6" classname="org.eclipse.jdt.core.tests.compiler.parser.CompletionParserTestKeyword" time="0"/>
  <testcase name="test0271 - 1.6" classname="org.eclipse.jdt.core.tests.compiler.parser.CompletionParserTestKeyword" time="0"/>
  <testcase name="test0272 - 1.6" classname="org.eclipse.jdt.core.tests.compiler.parser.CompletionParserTestKeyword" time="0"/>
  <testcase name="test0273 - 1.6" classname="org.eclipse.jdt.core.tests.compiler.parser.CompletionParserTestKeyword" time="0"/>
  <testcase name="test0274_Diet - 1.6" classname="org.eclipse.jdt.core.tests.compiler.parser.CompletionParserTestKeyword" time="0"/>
  <testcase name="test0274_Method - 1.6" classname="org.eclipse.jdt.core.tests.compiler.parser.CompletionParserTestKeyword" time="0"/>
  <testcase name="test0275_Diet - 1.6" classname="org.eclipse.jdt.core.tests.compiler.parser.CompletionParserTestKeyword" time="0"/>
  <testcase name="test0275_Method - 1.6" classname="org.eclipse.jdt.core.tests.compiler.parser.CompletionParserTestKeyword" time="0"/>
  <testcase name="test0276_Diet - 1.6" classname="org.eclipse.jdt.core.tests.compiler.parser.CompletionParserTestKeyword" time="0"/>
  <testcase name="test0276_Method - 1.6" classname="org.eclipse.jdt.core.tests.compiler.parser.CompletionParserTestKeyword" time="0"/>
  <testcase name="test0277 - 1.6" classname="org.eclipse.jdt.core.tests.compiler.parser.CompletionParserTestKeyword" time="0"/>
  <testcase name="test0278 - 1.6" classname="org.eclipse.jdt.core.tests.compiler.parser.CompletionParserTestKeyword" time="0"/>
  <testcase name="test0279 - 1.6" classname="org.eclipse.jdt.core.tests.compiler.parser.CompletionParserTestKeyword" time="0"/>
  <testcase name="test0280 - 1.6" classname="org.eclipse.jdt.core.tests.compiler.parser.CompletionParserTestKeyword" time="0"/>
  <testcase name="test0281 - 1.6" classname="org.eclipse.jdt.core.tests.compiler.parser.CompletionParserTestKeyword" time="0"/>
  <testcase name="test0282 - 1.6" classname="org.eclipse.jdt.core.tests.compiler.parser.CompletionParserTestKeyword" time="0.001"/>
  <testcase name="test0283 - 1.6" classname="org.eclipse.jdt.core.tests.compiler.parser.CompletionParserTestKeyword" time="0"/>
  <testcase name="test0284_Diet - 1.6" classname="org.eclipse.jdt.core.tests.compiler.parser.CompletionParserTestKeyword" time="0"/>
  <testcase name="test0284_Method - 1.6" classname="org.eclipse.jdt.core.tests.compiler.parser.CompletionParserTestKeyword" time="0"/>
  <testcase name="test0285_Diet - 1.6" classname="org.eclipse.jdt.core.tests.compiler.parser.CompletionParserTestKeyword" time="0.001"/>
  <testcase name="test0285_Method - 1.6" classname="org.eclipse.jdt.core.tests.compiler.parser.CompletionParserTestKeyword" time="0"/>
  <testcase name="test0286_Diet - 1.6" classname="org.eclipse.jdt.core.tests.compiler.parser.CompletionParserTestKeyword" time="0"/>
  <testcase name="test0286_Method - 1.6" classname="org.eclipse.jdt.core.tests.compiler.parser.CompletionParserTestKeyword" time="0"/>
  <testcase name="test0287_Diet - 1.6" classname="org.eclipse.jdt.core.tests.compiler.parser.CompletionParserTestKeyword" time="0"/>
  <testcase name="test0287_Method - 1.6" classname="org.eclipse.jdt.core.tests.compiler.parser.CompletionParserTestKeyword" time="0"/>
  <testcase name="test0288_Diet - 1.6" classname="org.eclipse.jdt.core.tests.compiler.parser.CompletionParserTestKeyword" time="0"/>
  <testcase name="test0288_Method - 1.6" classname="org.eclipse.jdt.core.tests.compiler.parser.CompletionParserTestKeyword" time="0.001"/>
  <testcase name="test0289_Diet - 1.6" classname="org.eclipse.jdt.core.tests.compiler.parser.CompletionParserTestKeyword" time="0"/>
  <testcase name="test0289_Method - 1.6" classname="org.eclipse.jdt.core.tests.compiler.parser.CompletionParserTestKeyword" time="0"/>
  <testcase name="test0290_Diet - 1.6" classname="org.eclipse.jdt.core.tests.compiler.parser.CompletionParserTestKeyword" time="0"/>
  <testcase name="test0290_Method - 1.6" classname="org.eclipse.jdt.core.tests.compiler.parser.CompletionParserTestKeyword" time="0.001"/>
  <testcase name="test0291_Diet - 1.6" classname="org.eclipse.jdt.core.tests.compiler.parser.CompletionParserTestKeyword" time="0"/>
  <testcase name="test0291_Method - 1.6" classname="org.eclipse.jdt.core.tests.compiler.parser.CompletionParserTestKeyword" time="0"/>
  <testcase name="test0292_Diet - 1.6" classname="org.eclipse.jdt.core.tests.compiler.parser.CompletionParserTestKeyword" time="0"/>
  <testcase name="test0292_Method - 1.6" classname="org.eclipse.jdt.core.tests.compiler.parser.CompletionParserTestKeyword" time="0.001"/>
  <testcase name="test0293_Diet - 1.6" classname="org.eclipse.jdt.core.tests.compiler.parser.CompletionParserTestKeyword" time="0"/>
  <testcase name="test0293_Method - 1.6" classname="org.eclipse.jdt.core.tests.compiler.parser.CompletionParserTestKeyword" time="0"/>
  <testcase name="test0294_Diet - 1.6" classname="org.eclipse.jdt.core.tests.compiler.parser.CompletionParserTestKeyword" time="0"/>
  <testcase name="test0294_Method - 1.6" classname="org.eclipse.jdt.core.tests.compiler.parser.CompletionParserTestKeyword" time="0.001"/>
  <testcase name="test0295 - 1.6" classname="org.eclipse.jdt.core.tests.compiler.parser.CompletionParserTestKeyword" time="0"/>
  <testcase name="test0296 - 1.6" classname="org.eclipse.jdt.core.tests.compiler.parser.CompletionParserTestKeyword" time="0"/>
  <testcase name="test0297 - 1.6" classname="org.eclipse.jdt.core.tests.compiler.parser.CompletionParserTestKeyword" time="0"/>
  <testcase name="test0298 - 1.6" classname="org.eclipse.jdt.core.tests.compiler.parser.CompletionParserTestKeyword" time="0"/>
  <testcase name="test0299 - 1.6" classname="org.eclipse.jdt.core.tests.compiler.parser.CompletionParserTestKeyword" time="0"/>
  <testcase name="test0300 - 1.6" classname="org.eclipse.jdt.core.tests.compiler.parser.CompletionParserTestKeyword" time="0.001"/>
  <testcase name="test0301_Diet - 1.6" classname="org.eclipse.jdt.core.tests.compiler.parser.CompletionParserTestKeyword" time="0"/>
  <testcase name="test0301_Method - 1.6" classname="org.eclipse.jdt.core.tests.compiler.parser.CompletionParserTestKeyword" time="0"/>
  <testcase name="test0302_Diet - 1.6" classname="org.eclipse.jdt.core.tests.compiler.parser.CompletionParserTestKeyword" time="0"/>
  <testcase name="test0302_Method - 1.6" classname="org.eclipse.jdt.core.tests.compiler.parser.CompletionParserTestKeyword" time="0"/>
  <testcase name="test0303_Diet - 1.6" classname="org.eclipse.jdt.core.tests.compiler.parser.CompletionParserTestKeyword" time="0"/>
  <testcase name="test0303_Method - 1.6" classname="org.eclipse.jdt.core.tests.compiler.parser.CompletionParserTestKeyword" time="0"/>
  <testcase name="test0304_Diet - 1.6" classname="org.eclipse.jdt.core.tests.compiler.parser.CompletionParserTestKeyword" time="0"/>
  <testcase name="test0304_Method - 1.6" classname="org.eclipse.jdt.core.tests.compiler.parser.CompletionParserTestKeyword" time="0"/>
  <testcase name="test0305 - 1.6" classname="org.eclipse.jdt.core.tests.compiler.parser.CompletionParserTestKeyword" time="0"/>
  <testcase name="test0306 - 1.6" classname="org.eclipse.jdt.core.tests.compiler.parser.CompletionParserTestKeyword" time="0"/>
  <testcase name="test0307 - 1.6" classname="org.eclipse.jdt.core.tests.compiler.parser.CompletionParserTestKeyword" time="0"/>
  <testcase name="test0308 - 1.6" classname="org.eclipse.jdt.core.tests.compiler.parser.CompletionParserTestKeyword" time="0.001"/>
  <testcase name="test0309 - 1.6" classname="org.eclipse.jdt.core.tests.compiler.parser.CompletionParserTestKeyword" time="0"/>
  <testcase name="test0310 - 1.6" classname="org.eclipse.jdt.core.tests.compiler.parser.CompletionParserTestKeyword" time="0"/>
  <testcase name="test0311 - 1.6" classname="org.eclipse.jdt.core.tests.compiler.parser.CompletionParserTestKeyword" time="0"/>
  <testcase name="test0312 - 1.6" classname="org.eclipse.jdt.core.tests.compiler.parser.CompletionParserTestKeyword" time="0"/>
  <testcase name="test0313 - 1.6" classname="org.eclipse.jdt.core.tests.compiler.parser.CompletionParserTestKeyword" time="0"/>
  <testcase name="test0314 - 1.6" classname="org.eclipse.jdt.core.tests.compiler.parser.CompletionParserTestKeyword" time="0"/>
  <testcase name="test0315 - 1.6" classname="org.eclipse.jdt.core.tests.compiler.parser.CompletionParserTestKeyword" time="0"/>
  <testcase name="test0316 - 1.6" classname="org.eclipse.jdt.core.tests.compiler.parser.CompletionParserTestKeyword" time="0"/>
  <testcase name="test0317 - 1.6" classname="org.eclipse.jdt.core.tests.compiler.parser.CompletionParserTestKeyword" time="0"/>
  <testcase name="test0318 - 1.6" classname="org.eclipse.jdt.core.tests.compiler.parser.CompletionParserTestKeyword" time="0"/>
  <testcase name="test0319 - 1.6" classname="org.eclipse.jdt.core.tests.compiler.parser.CompletionParserTestKeyword" time="0"/>
  <testcase name="test0320 - 1.6" classname="org.eclipse.jdt.core.tests.compiler.parser.CompletionParserTestKeyword" time="0"/>
  <testcase name="test0321 - 1.6" classname="org.eclipse.jdt.core.tests.compiler.parser.CompletionParserTestKeyword" time="0.001"/>
  <testcase name="test0322 - 1.6" classname="org.eclipse.jdt.core.tests.compiler.parser.CompletionParserTestKeyword" time="0"/>
  <testcase name="test0323 - 1.6" classname="org.eclipse.jdt.core.tests.compiler.parser.CompletionParserTestKeyword" time="0"/>
  <testcase name="test0324 - 1.6" classname="org.eclipse.jdt.core.tests.compiler.parser.CompletionParserTestKeyword" time="0"/>
  <testcase name="test0325 - 1.6" classname="org.eclipse.jdt.core.tests.compiler.parser.CompletionParserTestKeyword" time="0"/>
  <testcase name="test0326 - 1.6" classname="org.eclipse.jdt.core.tests.compiler.parser.CompletionParserTestKeyword" time="0"/>
  <testcase name="test0327 - 1.6" classname="org.eclipse.jdt.core.tests.compiler.parser.CompletionParserTestKeyword" time="0"/>
  <testcase name="test0328 - 1.6" classname="org.eclipse.jdt.core.tests.compiler.parser.CompletionParserTestKeyword" time="0"/>
  <testcase name="test0329 - 1.6" classname="org.eclipse.jdt.core.tests.compiler.parser.CompletionParserTestKeyword" time="0"/>
  <testcase name="test0330 - 1.6" classname="org.eclipse.jdt.core.tests.compiler.parser.CompletionParserTestKeyword" time="0.001"/>
  <testcase name="test0331 - 1.6" classname="org.eclipse.jdt.core.tests.compiler.parser.CompletionParserTestKeyword" time="0"/>
  <testcase name="test0332 - 1.6" classname="org.eclipse.jdt.core.tests.compiler.parser.CompletionParserTestKeyword" time="0"/>
  <testcase name="test0333 - 1.6" classname="org.eclipse.jdt.core.tests.compiler.parser.CompletionParserTestKeyword" time="0"/>
  <testcase name="test0334 - 1.6" classname="org.eclipse.jdt.core.tests.compiler.parser.CompletionParserTestKeyword" time="0.001"/>
  <testcase name="test0335 - 1.6" classname="org.eclipse.jdt.core.tests.compiler.parser.CompletionParserTestKeyword" time="0"/>
  <testcase name="test0336 - 1.6" classname="org.eclipse.jdt.core.tests.compiler.parser.CompletionParserTestKeyword" time="0"/>
  <testcase name="test0337 - 1.6" classname="org.eclipse.jdt.core.tests.compiler.parser.CompletionParserTestKeyword" time="0"/>
  <testcase name="test0338 - 1.6" classname="org.eclipse.jdt.core.tests.compiler.parser.CompletionParserTestKeyword" time="0.001"/>
  <testcase name="test0339 - 1.6" classname="org.eclipse.jdt.core.tests.compiler.parser.CompletionParserTestKeyword" time="0"/>
  <testcase name="test0340 - 1.6" classname="org.eclipse.jdt.core.tests.compiler.parser.CompletionParserTestKeyword" time="0"/>
  <testcase name="test0341_Diet - 1.6" classname="org.eclipse.jdt.core.tests.compiler.parser.CompletionParserTestKeyword" time="0"/>
  <testcase name="test0341_Method - 1.6" classname="org.eclipse.jdt.core.tests.compiler.parser.CompletionParserTestKeyword" time="0.001"/>
  <testcase name="test0342_Diet - 1.6" classname="org.eclipse.jdt.core.tests.compiler.parser.CompletionParserTestKeyword" time="0"/>
  <testcase name="test0342_Method - 1.6" classname="org.eclipse.jdt.core.tests.compiler.parser.CompletionParserTestKeyword" time="0"/>
  <testcase name="test0343 - 1.6" classname="org.eclipse.jdt.core.tests.compiler.parser.CompletionParserTestKeyword" time="0"/>
  <testcase name="test0344 - 1.6" classname="org.eclipse.jdt.core.tests.compiler.parser.CompletionParserTestKeyword" time="0.001"/>
  <testcase name="test0345 - 1.6" classname="org.eclipse.jdt.core.tests.compiler.parser.CompletionParserTestKeyword" time="0"/>
  <testcase name="test0346 - 1.6" classname="org.eclipse.jdt.core.tests.compiler.parser.CompletionParserTestKeyword" time="0"/>
  <testcase name="test0347 - 1.6" classname="org.eclipse.jdt.core.tests.compiler.parser.CompletionParserTestKeyword" time="0"/>
  <testcase name="test0348 - 1.6" classname="org.eclipse.jdt.core.tests.compiler.parser.CompletionParserTestKeyword" time="0"/>
  <testcase name="test0349 - 1.6" classname="org.eclipse.jdt.core.tests.compiler.parser.CompletionParserTestKeyword" time="0"/>
  <testcase name="test0350 - 1.6" classname="org.eclipse.jdt.core.tests.compiler.parser.CompletionParserTestKeyword" time="0"/>
  <testcase name="test0351 - 1.6" classname="org.eclipse.jdt.core.tests.compiler.parser.CompletionParserTestKeyword" time="0"/>
  <testcase name="test0352 - 1.6" classname="org.eclipse.jdt.core.tests.compiler.parser.CompletionParserTestKeyword" time="0"/>
  <testcase name="test0353 - 1.6" classname="org.eclipse.jdt.core.tests.compiler.parser.CompletionParserTestKeyword" time="0.001"/>
  <testcase name="test0354 - 1.6" classname="org.eclipse.jdt.core.tests.compiler.parser.CompletionParserTestKeyword" time="0"/>
  <testcase name="test0355 - 1.6" classname="org.eclipse.jdt.core.tests.compiler.parser.CompletionParserTestKeyword" time="0"/>
  <testcase name="test0356 - 1.6" classname="org.eclipse.jdt.core.tests.compiler.parser.CompletionParserTestKeyword" time="0"/>
  <testcase name="test0357 - 1.6" classname="org.eclipse.jdt.core.tests.compiler.parser.CompletionParserTestKeyword" time="0"/>
  <testcase name="test0358 - 1.6" classname="org.eclipse.jdt.core.tests.compiler.parser.CompletionParserTestKeyword" time="0"/>
  <testcase name="test0359 - 1.6" classname="org.eclipse.jdt.core.tests.compiler.parser.CompletionParserTestKeyword" time="0"/>
  <testcase name="test0360 - 1.6" classname="org.eclipse.jdt.core.tests.compiler.parser.CompletionParserTestKeyword" time="0"/>
  <testcase name="test0361 - 1.6" classname="org.eclipse.jdt.core.tests.compiler.parser.CompletionParserTestKeyword" time="0"/>
  <testcase name="test0362 - 1.6" classname="org.eclipse.jdt.core.tests.compiler.parser.CompletionParserTestKeyword" time="0.001"/>
  <testcase name="test0363 - 1.6" classname="org.eclipse.jdt.core.tests.compiler.parser.CompletionParserTestKeyword" time="0"/>
  <testcase name="test0364 - 1.6" classname="org.eclipse.jdt.core.tests.compiler.parser.CompletionParserTestKeyword" time="0"/>
  <testcase name="test0365 - 1.6" classname="org.eclipse.jdt.core.tests.compiler.parser.CompletionParserTestKeyword" time="0"/>
  <testcase name="test0366 - 1.6" classname="org.eclipse.jdt.core.tests.compiler.parser.CompletionParserTestKeyword" time="0"/>
  <testcase name="test0367 - 1.6" classname="org.eclipse.jdt.core.tests.compiler.parser.CompletionParserTestKeyword" time="0"/>
  <testcase name="test0368 - 1.6" classname="org.eclipse.jdt.core.tests.compiler.parser.CompletionParserTestKeyword" time="0"/>
  <testcase name="test0369 - 1.6" classname="org.eclipse.jdt.core.tests.compiler.parser.CompletionParserTestKeyword" time="0"/>
  <testcase name="test0370 - 1.6" classname="org.eclipse.jdt.core.tests.compiler.parser.CompletionParserTestKeyword" time="0.001"/>
  <testcase name="test0371 - 1.6" classname="org.eclipse.jdt.core.tests.compiler.parser.CompletionParserTestKeyword" time="0"/>
  <testcase name="test0372 - 1.6" classname="org.eclipse.jdt.core.tests.compiler.parser.CompletionParserTestKeyword" time="0"/>
  <testcase name="test0373 - 1.6" classname="org.eclipse.jdt.core.tests.compiler.parser.CompletionParserTestKeyword" time="0"/>
  <testcase name="test0374 - 1.6" classname="org.eclipse.jdt.core.tests.compiler.parser.CompletionParserTestKeyword" time="0.001"/>
  <testcase name="test0375_Diet - 1.6" classname="org.eclipse.jdt.core.tests.compiler.parser.CompletionParserTestKeyword" time="0"/>
  <testcase name="test0375_Method - 1.6" classname="org.eclipse.jdt.core.tests.compiler.parser.CompletionParserTestKeyword" time="0"/>
  <testcase name="test0376_Diet - 1.6" classname="org.eclipse.jdt.core.tests.compiler.parser.CompletionParserTestKeyword" time="0"/>
  <testcase name="test0376_Method - 1.6" classname="org.eclipse.jdt.core.tests.compiler.parser.CompletionParserTestKeyword" time="0.001"/>
  <testcase name="test0377_Diet - 1.6" classname="org.eclipse.jdt.core.tests.compiler.parser.CompletionParserTestKeyword" time="0"/>
  <testcase name="test0377_Method - 1.6" classname="org.eclipse.jdt.core.tests.compiler.parser.CompletionParserTestKeyword" time="0"/>
  <testcase name="test0378_Diet - 1.6" classname="org.eclipse.jdt.core.tests.compiler.parser.CompletionParserTestKeyword" time="0"/>
  <testcase name="test0378_Method - 1.6" classname="org.eclipse.jdt.core.tests.compiler.parser.CompletionParserTestKeyword" time="0"/>
  <testcase name="test0379_Diet - 1.6" classname="org.eclipse.jdt.core.tests.compiler.parser.CompletionParserTestKeyword" time="0"/>
  <testcase name="test0379_Method - 1.6" classname="org.eclipse.jdt.core.tests.compiler.parser.CompletionParserTestKeyword" time="0"/>
  <testcase name="test0380_Diet - 1.6" classname="org.eclipse.jdt.core.tests.compiler.parser.CompletionParserTestKeyword" time="0"/>
  <testcase name="test0380_Method - 1.6" classname="org.eclipse.jdt.core.tests.compiler.parser.CompletionParserTestKeyword" time="0"/>
  <testcase name="test0381_Diet - 1.6" classname="org.eclipse.jdt.core.tests.compiler.parser.CompletionParserTestKeyword" time="0"/>
  <testcase name="test0381_Method - 1.6" classname="org.eclipse.jdt.core.tests.compiler.parser.CompletionParserTestKeyword" time="0"/>
  <testcase name="test0382_Diet - 1.6" classname="org.eclipse.jdt.core.tests.compiler.parser.CompletionParserTestKeyword" time="0.001"/>
  <testcase name="test0382_Method - 1.6" classname="org.eclipse.jdt.core.tests.compiler.parser.CompletionParserTestKeyword" time="0"/>
  <testcase name="test0384_Diet - 1.6" classname="org.eclipse.jdt.core.tests.compiler.parser.CompletionParserTestKeyword" time="0"/>
  <testcase name="test0384_Method - 1.6" classname="org.eclipse.jdt.core.tests.compiler.parser.CompletionParserTestKeyword" time="0"/>
  <testcase name="test0385_Diet - 1.6" classname="org.eclipse.jdt.core.tests.compiler.parser.CompletionParserTestKeyword" time="0"/>
  <testcase name="test0385_Method - 1.6" classname="org.eclipse.jdt.core.tests.compiler.parser.CompletionParserTestKeyword" time="0"/>
  <testcase name="test0386_Diet - 1.6" classname="org.eclipse.jdt.core.tests.compiler.parser.CompletionParserTestKeyword" time="0"/>
  <testcase name="test0386_Method - 1.6" classname="org.eclipse.jdt.core.tests.compiler.parser.CompletionParserTestKeyword" time="0"/>
  <testcase name="test0387_Diet - 1.6" classname="org.eclipse.jdt.core.tests.compiler.parser.CompletionParserTestKeyword" time="0"/>
  <testcase name="test0387_Method - 1.6" classname="org.eclipse.jdt.core.tests.compiler.parser.CompletionParserTestKeyword" time="0"/>
  <testcase name="test0388_Diet - 1.6" classname="org.eclipse.jdt.core.tests.compiler.parser.CompletionParserTestKeyword" time="0"/>
  <testcase name="test0388_Method - 1.6" classname="org.eclipse.jdt.core.tests.compiler.parser.CompletionParserTestKeyword" time="0.001"/>
  <testcase name="test01 - 1.6" classname="org.eclipse.jdt.core.tests.compiler.parser.CompletionRecoveryTest" time="0"/>
  <testcase name="test01 - 1.6" classname="org.eclipse.jdt.core.tests.compiler.parser.DietCompletionTest" time="0"/>
  <testcase name="test01 - 1.6" classname="org.eclipse.jdt.core.tests.compiler.parser.SelectionTest" time="0.001"/>
  <testcase name="test01 - 1.6" classname="org.eclipse.jdt.core.tests.compiler.parser.SelectionJavadocTest" time="0.001"/>
  <testcase name="test01 - 1.6" classname="org.eclipse.jdt.core.tests.compiler.parser.DietRecoveryTest" time="0.004"/>
  <testcase name="test01 - 1.6" classname="org.eclipse.jdt.core.tests.compiler.parser.SourceElementParserTest" time="0.001"/>
  <testcase name="test01 - 1.6" classname="org.eclipse.jdt.core.tests.compiler.parser.DocumentElementParserTest" time="0"/>
  <testcase name="test01 - 1.6" classname="org.eclipse.jdt.core.tests.compiler.parser.SyntaxErrorTest" time="0"/>
  <testcase name="test01 - 1.6" classname="org.eclipse.jdt.core.tests.compiler.parser.DualParseSyntaxErrorTest" time="0"/>
  <testcase name="test02 - 1.6" classname="org.eclipse.jdt.core.tests.compiler.parser.CompletionRecoveryTest" time="0"/>
  <testcase name="test02 - 1.6" classname="org.eclipse.jdt.core.tests.compiler.parser.DietCompletionTest" time="0"/>
  <testcase name="test02 - 1.6" classname="org.eclipse.jdt.core.tests.compiler.parser.SelectionTest" time="0"/>
  <testcase name="test02 - 1.6" classname="org.eclipse.jdt.core.tests.compiler.parser.SelectionJavadocTest" time="0"/>
  <testcase name="test02 - 1.6" classname="org.eclipse.jdt.core.tests.compiler.parser.DietRecoveryTest" time="0.004"/>
  <testcase name="test02 - 1.6" classname="org.eclipse.jdt.core.tests.compiler.parser.SourceElementParserTest" time="0"/>
  <testcase name="test02 - 1.6" classname="org.eclipse.jdt.core.tests.compiler.parser.SyntaxErrorTest" time="0"/>
  <testcase name="test02 - 1.6" classname="org.eclipse.jdt.core.tests.compiler.parser.DualParseSyntaxErrorTest" time="0"/>
  <testcase name="test03 - 1.6" classname="org.eclipse.jdt.core.tests.compiler.parser.CompletionRecoveryTest" time="0"/>
  <testcase name="test03 - 1.6" classname="org.eclipse.jdt.core.tests.compiler.parser.DietCompletionTest" time="0"/>
  <testcase name="test03 - 1.6" classname="org.eclipse.jdt.core.tests.compiler.parser.SelectionTest" time="0"/>
  <testcase name="test03 - 1.6" classname="org.eclipse.jdt.core.tests.compiler.parser.SelectionJavadocTest" time="0.001"/>
  <testcase name="test03 - 1.6" classname="org.eclipse.jdt.core.tests.compiler.parser.DietRecoveryTest" time="0.003"/>
  <testcase name="test03 - 1.6" classname="org.eclipse.jdt.core.tests.compiler.parser.SourceElementParserTest" time="0.001"/>
  <testcase name="test03 - 1.6" classname="org.eclipse.jdt.core.tests.compiler.parser.SyntaxErrorTest" time="0.001"/>
  <testcase name="test03 - 1.6" classname="org.eclipse.jdt.core.tests.compiler.parser.DualParseSyntaxErrorTest" time="0.001"/>
  <testcase name="test04 - 1.6" classname="org.eclipse.jdt.core.tests.compiler.parser.CompletionRecoveryTest" time="0.001"/>
  <testcase name="test04 - 1.6" classname="org.eclipse.jdt.core.tests.compiler.parser.DietCompletionTest" time="0.001"/>
  <testcase name="test04 - 1.6" classname="org.eclipse.jdt.core.tests.compiler.parser.SelectionTest" time="0"/>
  <testcase name="test04 - 1.6" classname="org.eclipse.jdt.core.tests.compiler.parser.SelectionJavadocTest" time="0"/>
  <testcase name="test04 - 1.6" classname="org.eclipse.jdt.core.tests.compiler.parser.DietRecoveryTest" time="0.003"/>
  <testcase name="test04 - 1.6" classname="org.eclipse.jdt.core.tests.compiler.parser.SourceElementParserTest" time="0"/>
  <testcase name="test04 - 1.6" classname="org.eclipse.jdt.core.tests.compiler.parser.SyntaxErrorTest" time="0"/>
  <testcase name="test04 - 1.6" classname="org.eclipse.jdt.core.tests.compiler.parser.DualParseSyntaxErrorTest" time="0"/>
  <testcase name="test05 - 1.6" classname="org.eclipse.jdt.core.tests.compiler.parser.CompletionRecoveryTest" time="0"/>
  <testcase name="test05 - 1.6" classname="org.eclipse.jdt.core.tests.compiler.parser.DietCompletionTest" time="0"/>
  <testcase name="test05 - 1.6" classname="org.eclipse.jdt.core.tests.compiler.parser.SelectionTest" time="0.001"/>
  <testcase name="test05 - 1.6" classname="org.eclipse.jdt.core.tests.compiler.parser.SelectionJavadocTest" time="0"/>
  <testcase name="test05 - 1.6" classname="org.eclipse.jdt.core.tests.compiler.parser.DietRecoveryTest" time="0.002"/>
  <testcase name="test05 - 1.6" classname="org.eclipse.jdt.core.tests.compiler.parser.SourceElementParserTest" time="0.001"/>
  <testcase name="test05 - 1.6" classname="org.eclipse.jdt.core.tests.compiler.parser.SyntaxErrorTest" time="0"/>
  <testcase name="test05 - 1.6" classname="org.eclipse.jdt.core.tests.compiler.parser.DualParseSyntaxErrorTest" time="0"/>
  <testcase name="test06 - 1.6" classname="org.eclipse.jdt.core.tests.compiler.parser.CompletionRecoveryTest" time="0"/>
  <testcase name="test06 - 1.6" classname="org.eclipse.jdt.core.tests.compiler.parser.DietCompletionTest" time="0"/>
  <testcase name="test06 - 1.6" classname="org.eclipse.jdt.core.tests.compiler.parser.SelectionTest" time="0"/>
  <testcase name="test06 - 1.6" classname="org.eclipse.jdt.core.tests.compiler.parser.SelectionJavadocTest" time="0.001"/>
  <testcase name="test06 - 1.6" classname="org.eclipse.jdt.core.tests.compiler.parser.DietRecoveryTest" time="0.003"/>
  <testcase name="test06 - 1.6" classname="org.eclipse.jdt.core.tests.compiler.parser.SourceElementParserTest" time="0"/>
  <testcase name="test06 - 1.6" classname="org.eclipse.jdt.core.tests.compiler.parser.SyntaxErrorTest" time="0.001"/>
  <testcase name="test06 - 1.6" classname="org.eclipse.jdt.core.tests.compiler.parser.DualParseSyntaxErrorTest" time="0"/>
  <testcase name="test07 - 1.6" classname="org.eclipse.jdt.core.tests.compiler.parser.CompletionRecoveryTest" time="0.001"/>
  <testcase name="test07 - 1.6" classname="org.eclipse.jdt.core.tests.compiler.parser.DietCompletionTest" time="0"/>
  <testcase name="test07 - 1.6" classname="org.eclipse.jdt.core.tests.compiler.parser.SelectionTest" time="0"/>
  <testcase name="test07 - 1.6" classname="org.eclipse.jdt.core.tests.compiler.parser.SelectionJavadocTest" time="0.001"/>
  <testcase name="test07 - 1.6" classname="org.eclipse.jdt.core.tests.compiler.parser.DietRecoveryTest" time="0.002"/>
  <testcase name="test07 - 1.6" classname="org.eclipse.jdt.core.tests.compiler.parser.SourceElementParserTest" time="0.001"/>
  <testcase name="test07 - 1.6" classname="org.eclipse.jdt.core.tests.compiler.parser.SyntaxErrorTest" time="0"/>
  <testcase name="test07 - 1.6" classname="org.eclipse.jdt.core.tests.compiler.parser.DualParseSyntaxErrorTest" time="0"/>
  <testcase name="test08 - 1.6" classname="org.eclipse.jdt.core.tests.compiler.parser.CompletionRecoveryTest" time="0"/>
  <testcase name="test08 - 1.6" classname="org.eclipse.jdt.core.tests.compiler.parser.DietCompletionTest" time="0"/>
  <testcase name="test08 - 1.6" classname="org.eclipse.jdt.core.tests.compiler.parser.SelectionTest" time="0"/>
  <testcase name="test08 - 1.6" classname="org.eclipse.jdt.core.tests.compiler.parser.SelectionJavadocTest" time="0.001"/>
  <testcase name="test08 - 1.6" classname="org.eclipse.jdt.core.tests.compiler.parser.DietRecoveryTest" time="0.003"/>
  <testcase name="test08 - 1.6" classname="org.eclipse.jdt.core.tests.compiler.parser.SourceElementParserTest" time="0"/>
  <testcase name="test08 - 1.6" classname="org.eclipse.jdt.core.tests.compiler.parser.SyntaxErrorTest" time="0.001"/>
  <testcase name="test08 - 1.6" classname="org.eclipse.jdt.core.tests.compiler.parser.DualParseSyntaxErrorTest" time="0.001"/>
  <testcase name="test09 - 1.6" classname="org.eclipse.jdt.core.tests.compiler.parser.CompletionRecoveryTest" time="0"/>
  <testcase name="test09 - 1.6" classname="org.eclipse.jdt.core.tests.compiler.parser.DietCompletionTest" time="0"/>
  <testcase name="test09 - 1.6" classname="org.eclipse.jdt.core.tests.compiler.parser.SelectionTest" time="0"/>
  <testcase name="test09 - 1.6" classname="org.eclipse.jdt.core.tests.compiler.parser.SelectionJavadocTest" time="0.002"/>
  <testcase name="test09 - 1.6" classname="org.eclipse.jdt.core.tests.compiler.parser.DietRecoveryTest" time="0.003"/>
  <testcase name="test09 - 1.6" classname="org.eclipse.jdt.core.tests.compiler.parser.SourceElementParserTest" time="0.001"/>
  <testcase name="test09 - 1.6" classname="org.eclipse.jdt.core.tests.compiler.parser.SyntaxErrorTest" time="0"/>
  <testcase name="test09 - 1.6" classname="org.eclipse.jdt.core.tests.compiler.parser.DualParseSyntaxErrorTest" time="0"/>
  <testcase name="test10 - 1.6" classname="org.eclipse.jdt.core.tests.compiler.parser.CompletionRecoveryTest" time="0.001"/>
  <testcase name="test10 - 1.6" classname="org.eclipse.jdt.core.tests.compiler.parser.DietCompletionTest" time="0"/>
  <testcase name="test10 - 1.6" classname="org.eclipse.jdt.core.tests.compiler.parser.SelectionTest" time="0"/>
  <testcase name="test10 - 1.6" classname="org.eclipse.jdt.core.tests.compiler.parser.SelectionJavadocTest" time="0.002"/>
  <testcase name="test10 - 1.6" classname="org.eclipse.jdt.core.tests.compiler.parser.DietRecoveryTest" time="0.003"/>
  <testcase name="test10 - 1.6" classname="org.eclipse.jdt.core.tests.compiler.parser.SourceElementParserTest" time="0"/>
  <testcase name="test10 - 1.6" classname="org.eclipse.jdt.core.tests.compiler.parser.SyntaxErrorTest" time="0"/>
  <testcase name="test10 - 1.6" classname="org.eclipse.jdt.core.tests.compiler.parser.DualParseSyntaxErrorTest" time="0"/>
  <testcase name="test11 - 1.6" classname="org.eclipse.jdt.core.tests.compiler.parser.CompletionRecoveryTest" time="0"/>
  <testcase name="test11 - 1.6" classname="org.eclipse.jdt.core.tests.compiler.parser.DietCompletionTest" time="0"/>
  <testcase name="test11 - 1.6" classname="org.eclipse.jdt.core.tests.compiler.parser.SelectionTest" time="0"/>
  <testcase name="test11 - 1.6" classname="org.eclipse.jdt.core.tests.compiler.parser.SelectionJavadocTest" time="0"/>
  <testcase name="test11 - 1.6" classname="org.eclipse.jdt.core.tests.compiler.parser.DietRecoveryTest" time="0.003"/>
  <testcase name="test11 - 1.6" classname="org.eclipse.jdt.core.tests.compiler.parser.SourceElementParserTest" time="0"/>
  <testcase name="test11 - 1.6" classname="org.eclipse.jdt.core.tests.compiler.parser.SyntaxErrorTest" time="0.001"/>
  <testcase name="test12 - 1.6" classname="org.eclipse.jdt.core.tests.compiler.parser.CompletionRecoveryTest" time="0"/>
  <testcase name="test12 - 1.6" classname="org.eclipse.jdt.core.tests.compiler.parser.DietCompletionTest" time="0"/>
  <testcase name="test12 - 1.6" classname="org.eclipse.jdt.core.tests.compiler.parser.SelectionTest" time="0"/>
  <testcase name="test12 - 1.6" classname="org.eclipse.jdt.core.tests.compiler.parser.SelectionJavadocTest" time="0.001"/>
  <testcase name="test12 - 1.6" classname="org.eclipse.jdt.core.tests.compiler.parser.DietRecoveryTest" time="0.002"/>
  <testcase name="test12 - 1.6" classname="org.eclipse.jdt.core.tests.compiler.parser.SourceElementParserTest" time="0.001"/>
  <testcase name="test12 - 1.6" classname="org.eclipse.jdt.core.tests.compiler.parser.SyntaxErrorTest" time="0"/>
  <testcase name="test13 - 1.6" classname="org.eclipse.jdt.core.tests.compiler.parser.CompletionRecoveryTest" time="0"/>
  <testcase name="test13 - 1.6" classname="org.eclipse.jdt.core.tests.compiler.parser.DietCompletionTest" time="0.001"/>
  <testcase name="test13 - 1.6" classname="org.eclipse.jdt.core.tests.compiler.parser.SelectionTest" time="0"/>
  <testcase name="test13 - 1.6" classname="org.eclipse.jdt.core.tests.compiler.parser.SelectionJavadocTest" time="0"/>
  <testcase name="test13 - 1.6" classname="org.eclipse.jdt.core.tests.compiler.parser.DietRecoveryTest" time="0.001"/>
  <testcase name="test13 - 1.6" classname="org.eclipse.jdt.core.tests.compiler.parser.SourceElementParserTest" time="0"/>
  <testcase name="test13 - 1.6" classname="org.eclipse.jdt.core.tests.compiler.parser.SyntaxErrorTest" time="0.001"/>
  <testcase name="test14 - 1.6" classname="org.eclipse.jdt.core.tests.compiler.parser.CompletionRecoveryTest" time="0"/>
  <testcase name="test14 - 1.6" classname="org.eclipse.jdt.core.tests.compiler.parser.DietCompletionTest" time="0"/>
  <testcase name="test14 - 1.6" classname="org.eclipse.jdt.core.tests.compiler.parser.SelectionTest" time="0"/>
  <testcase name="test14 - 1.6" classname="org.eclipse.jdt.core.tests.compiler.parser.SelectionJavadocTest" time="0.001"/>
  <testcase name="test14 - 1.6" classname="org.eclipse.jdt.core.tests.compiler.parser.DietRecoveryTest" time="0.001"/>
  <testcase name="test14 - 1.6" classname="org.eclipse.jdt.core.tests.compiler.parser.SourceElementParserTest" time="0"/>
  <testcase name="test14 - 1.6" classname="org.eclipse.jdt.core.tests.compiler.parser.SyntaxErrorTest" time="0"/>
  <testcase name="test15 - 1.6" classname="org.eclipse.jdt.core.tests.compiler.parser.CompletionRecoveryTest" time="0"/>
  <testcase name="test15 - 1.6" classname="org.eclipse.jdt.core.tests.compiler.parser.DietCompletionTest" time="0"/>
  <testcase name="test15 - 1.6" classname="org.eclipse.jdt.core.tests.compiler.parser.SelectionTest" time="0"/>
  <testcase name="test15 - 1.6" classname="org.eclipse.jdt.core.tests.compiler.parser.SelectionJavadocTest" time="0.002"/>
  <testcase name="test15 - 1.6" classname="org.eclipse.jdt.core.tests.compiler.parser.DietRecoveryTest" time="0.002"/>
  <testcase name="test15 - 1.6" classname="org.eclipse.jdt.core.tests.compiler.parser.SourceElementParserTest" time="0.001"/>
  <testcase name="test15 - 1.6" classname="org.eclipse.jdt.core.tests.compiler.parser.SyntaxErrorTest" time="0.001"/>
  <testcase name="test16 - 1.6" classname="org.eclipse.jdt.core.tests.compiler.parser.CompletionRecoveryTest" time="0"/>
  <testcase name="test16 - 1.6" classname="org.eclipse.jdt.core.tests.compiler.parser.DietCompletionTest" time="0"/>
  <testcase name="test16 - 1.6" classname="org.eclipse.jdt.core.tests.compiler.parser.SelectionTest" time="0"/>
  <testcase name="test16 - 1.6" classname="org.eclipse.jdt.core.tests.compiler.parser.SelectionJavadocTest" time="0"/>
  <testcase name="test16 - 1.6" classname="org.eclipse.jdt.core.tests.compiler.parser.DietRecoveryTest" time="0.002"/>
  <testcase name="test16 - 1.6" classname="org.eclipse.jdt.core.tests.compiler.parser.SourceElementParserTest" time="0"/>
  <testcase name="test17 - 1.6" classname="org.eclipse.jdt.core.tests.compiler.parser.CompletionRecoveryTest" time="0.001"/>
  <testcase name="test17 - 1.6" classname="org.eclipse.jdt.core.tests.compiler.parser.DietCompletionTest" time="0.001"/>
  <testcase name="test17 - 1.6" classname="org.eclipse.jdt.core.tests.compiler.parser.SelectionTest" time="0.001"/>
  <testcase name="test17 - 1.6" classname="org.eclipse.jdt.core.tests.compiler.parser.SelectionJavadocTest" time="0.001"/>
  <testcase name="test17 - 1.6" classname="org.eclipse.jdt.core.tests.compiler.parser.DietRecoveryTest" time="0.002"/>
  <testcase name="test17 - 1.6" classname="org.eclipse.jdt.core.tests.compiler.parser.SourceElementParserTest" time="0.001"/>
  <testcase name="test18 - 1.6" classname="org.eclipse.jdt.core.tests.compiler.parser.CompletionRecoveryTest" time="0"/>
  <testcase name="test18 - 1.6" classname="org.eclipse.jdt.core.tests.compiler.parser.DietCompletionTest" time="0"/>
  <testcase name="test18 - 1.6" classname="org.eclipse.jdt.core.tests.compiler.parser.SelectionTest" time="0"/>
  <testcase name="test18 - 1.6" classname="org.eclipse.jdt.core.tests.compiler.parser.SelectionJavadocTest" time="0.001"/>
  <testcase name="test18 - 1.6" classname="org.eclipse.jdt.core.tests.compiler.parser.DietRecoveryTest" time="0.001"/>
  <testcase name="test18 - 1.6" classname="org.eclipse.jdt.core.tests.compiler.parser.SourceElementParserTest" time="0"/>
  <testcase name="test19 - 1.6" classname="org.eclipse.jdt.core.tests.compiler.parser.CompletionRecoveryTest" time="0"/>
  <testcase name="test19 - 1.6" classname="org.eclipse.jdt.core.tests.compiler.parser.DietCompletionTest" time="0"/>
  <testcase name="test19 - 1.6" classname="org.eclipse.jdt.core.tests.compiler.parser.SelectionTest" time="0"/>
  <testcase name="test19 - 1.6" classname="org.eclipse.jdt.core.tests.compiler.parser.SelectionJavadocTest" time="0"/>
  <testcase name="test19 - 1.6" classname="org.eclipse.jdt.core.tests.compiler.parser.DietRecoveryTest" time="0.001"/>
  <testcase name="test19 - 1.6" classname="org.eclipse.jdt.core.tests.compiler.parser.SourceElementParserTest" time="0"/>
  <testcase name="test20 - 1.6" classname="org.eclipse.jdt.core.tests.compiler.parser.CompletionRecoveryTest" time="0"/>
  <testcase name="test20 - 1.6" classname="org.eclipse.jdt.core.tests.compiler.parser.DietCompletionTest" time="0"/>
  <testcase name="test20 - 1.6" classname="org.eclipse.jdt.core.tests.compiler.parser.SelectionTest" time="0"/>
  <testcase name="test20 - 1.6" classname="org.eclipse.jdt.core.tests.compiler.parser.SelectionJavadocTest" time="0"/>
  <testcase name="test20 - 1.6" classname="org.eclipse.jdt.core.tests.compiler.parser.DietRecoveryTest" time="0.002"/>
  <testcase name="test20 - 1.6" classname="org.eclipse.jdt.core.tests.compiler.parser.SourceElementParserTest" time="0"/>
  <testcase name="test21 - 1.6" classname="org.eclipse.jdt.core.tests.compiler.parser.CompletionRecoveryTest" time="0.001"/>
  <testcase name="test21 - 1.6" classname="org.eclipse.jdt.core.tests.compiler.parser.DietCompletionTest" time="0"/>
  <testcase name="test21 - 1.6" classname="org.eclipse.jdt.core.tests.compiler.parser.SelectionTest" time="0"/>
  <testcase name="test21 - 1.6" classname="org.eclipse.jdt.core.tests.compiler.parser.SelectionJavadocTest" time="0.001"/>
  <testcase name="test21 - 1.6" classname="org.eclipse.jdt.core.tests.compiler.parser.DietRecoveryTest" time="0.001"/>
  <testcase name="test21 - 1.6" classname="org.eclipse.jdt.core.tests.compiler.parser.SourceElementParserTest" time="0"/>
  <testcase name="test22 - 1.6" classname="org.eclipse.jdt.core.tests.compiler.parser.CompletionRecoveryTest" time="0"/>
  <testcase name="test22 - 1.6" classname="org.eclipse.jdt.core.tests.compiler.parser.DietCompletionTest" time="0"/>
  <testcase name="test22 - 1.6" classname="org.eclipse.jdt.core.tests.compiler.parser.SelectionTest" time="0.001"/>
  <testcase name="test22 - 1.6" classname="org.eclipse.jdt.core.tests.compiler.parser.SelectionJavadocTest" time="0"/>
  <testcase name="test22 - 1.6" classname="org.eclipse.jdt.core.tests.compiler.parser.DietRecoveryTest" time="0.003"/>
  <testcase name="test22 - 1.6" classname="org.eclipse.jdt.core.tests.compiler.parser.SourceElementParserTest" time="0"/>
  <testcase name="test23 - 1.6" classname="org.eclipse.jdt.core.tests.compiler.parser.CompletionRecoveryTest" time="0"/>
  <testcase name="test23 - 1.6" classname="org.eclipse.jdt.core.tests.compiler.parser.DietCompletionTest" time="0"/>
  <testcase name="test23 - 1.6" classname="org.eclipse.jdt.core.tests.compiler.parser.SelectionTest" time="0"/>
  <testcase name="test23 - 1.6" classname="org.eclipse.jdt.core.tests.compiler.parser.SelectionJavadocTest" time="0"/>
  <testcase name="test23 - 1.6" classname="org.eclipse.jdt.core.tests.compiler.parser.DietRecoveryTest" time="0.003"/>
  <testcase name="test23 - 1.6" classname="org.eclipse.jdt.core.tests.compiler.parser.SourceElementParserTest" time="0.001"/>
  <testcase name="test24 - 1.6" classname="org.eclipse.jdt.core.tests.compiler.parser.CompletionRecoveryTest" time="0"/>
  <testcase name="test24 - 1.6" classname="org.eclipse.jdt.core.tests.compiler.parser.DietCompletionTest" time="0"/>
  <testcase name="test24 - 1.6" classname="org.eclipse.jdt.core.tests.compiler.parser.SelectionTest" time="0.001"/>
  <testcase name="test24 - 1.6" classname="org.eclipse.jdt.core.tests.compiler.parser.SelectionJavadocTest" time="0.001"/>
  <testcase name="test24 - 1.6" classname="org.eclipse.jdt.core.tests.compiler.parser.DietRecoveryTest" time="0.002"/>
  <testcase name="test24 - 1.6" classname="org.eclipse.jdt.core.tests.compiler.parser.SourceElementParserTest" time="0"/>
  <testcase name="test25 - 1.6" classname="org.eclipse.jdt.core.tests.compiler.parser.CompletionRecoveryTest" time="0"/>
  <testcase name="test25 - 1.6" classname="org.eclipse.jdt.core.tests.compiler.parser.DietCompletionTest" time="0"/>
  <testcase name="test25 - 1.6" classname="org.eclipse.jdt.core.tests.compiler.parser.SelectionTest" time="0"/>
  <testcase name="test25 - 1.6" classname="org.eclipse.jdt.core.tests.compiler.parser.SelectionJavadocTest" time="0"/>
  <testcase name="test25 - 1.6" classname="org.eclipse.jdt.core.tests.compiler.parser.DietRecoveryTest" time="0.003"/>
  <testcase name="test25 - 1.6" classname="org.eclipse.jdt.core.tests.compiler.parser.SourceElementParserTest" time="0.001"/>
  <testcase name="test26 - 1.6" classname="org.eclipse.jdt.core.tests.compiler.parser.CompletionRecoveryTest" time="0"/>
  <testcase name="test26 - 1.6" classname="org.eclipse.jdt.core.tests.compiler.parser.DietCompletionTest" time="0"/>
  <testcase name="test26 - 1.6" classname="org.eclipse.jdt.core.tests.compiler.parser.SelectionTest" time="0"/>
  <testcase name="test26 - 1.6" classname="org.eclipse.jdt.core.tests.compiler.parser.SelectionJavadocTest" time="0"/>
  <testcase name="test26 - 1.6" classname="org.eclipse.jdt.core.tests.compiler.parser.DietRecoveryTest" time="0.004"/>
  <testcase name="test26 - 1.6" classname="org.eclipse.jdt.core.tests.compiler.parser.SourceElementParserTest" time="0"/>
  <testcase name="test27 - 1.6" classname="org.eclipse.jdt.core.tests.compiler.parser.DietCompletionTest" time="0"/>
  <testcase name="test27 - 1.6" classname="org.eclipse.jdt.core.tests.compiler.parser.SelectionTest" time="0.001"/>
  <testcase name="test27 - 1.6" classname="org.eclipse.jdt.core.tests.compiler.parser.DietRecoveryTest" time="0.003"/>
  <testcase name="test27 - 1.6" classname="org.eclipse.jdt.core.tests.compiler.parser.SourceElementParserTest" time="0"/>
  <testcase name="test28 - 1.6" classname="org.eclipse.jdt.core.tests.compiler.parser.DietCompletionTest" time="0"/>
  <testcase name="test28 - 1.6" classname="org.eclipse.jdt.core.tests.compiler.parser.SelectionTest" time="0"/>
  <testcase name="test28 - 1.6" classname="org.eclipse.jdt.core.tests.compiler.parser.DietRecoveryTest" time="0.001"/>
  <testcase name="test28 - 1.6" classname="org.eclipse.jdt.core.tests.compiler.parser.SourceElementParserTest" time="0"/>
  <testcase name="test29 - 1.6" classname="org.eclipse.jdt.core.tests.compiler.parser.DietCompletionTest" time="0"/>
  <testcase name="test29 - 1.6" classname="org.eclipse.jdt.core.tests.compiler.parser.SelectionTest" time="0"/>
  <testcase name="test29 - 1.6" classname="org.eclipse.jdt.core.tests.compiler.parser.DietRecoveryTest" time="0.002"/>
  <testcase name="test29 - 1.6" classname="org.eclipse.jdt.core.tests.compiler.parser.SourceElementParserTest" time="0.001"/>
  <testcase name="test30 - 1.6" classname="org.eclipse.jdt.core.tests.compiler.parser.DietCompletionTest" time="0"/>
  <testcase name="test30 - 1.6" classname="org.eclipse.jdt.core.tests.compiler.parser.SelectionTest" time="0"/>
  <testcase name="test30 - 1.6" classname="org.eclipse.jdt.core.tests.compiler.parser.DietRecoveryTest" time="0.002"/>
  <testcase name="test30 - 1.6" classname="org.eclipse.jdt.core.tests.compiler.parser.SourceElementParserTest" time="0.001"/>
  <testcase name="test31 - 1.6" classname="org.eclipse.jdt.core.tests.compiler.parser.DietCompletionTest" time="0"/>
  <testcase name="test31 - 1.6" classname="org.eclipse.jdt.core.tests.compiler.parser.SelectionTest" time="0"/>
  <testcase name="test31 - 1.6" classname="org.eclipse.jdt.core.tests.compiler.parser.DietRecoveryTest" time="0.004"/>
  <testcase name="test31 - 1.6" classname="org.eclipse.jdt.core.tests.compiler.parser.SourceElementParserTest" time="0.001"/>
  <testcase name="test32 - 1.6" classname="org.eclipse.jdt.core.tests.compiler.parser.DietCompletionTest" time="0"/>
  <testcase name="test32 - 1.6" classname="org.eclipse.jdt.core.tests.compiler.parser.SelectionTest" time="0"/>
  <testcase name="test32 - 1.6" classname="org.eclipse.jdt.core.tests.compiler.parser.SourceElementParserTest" time="0.001"/>
  <testcase name="test33 - 1.6" classname="org.eclipse.jdt.core.tests.compiler.parser.DietCompletionTest" time="0.001"/>
  <testcase name="test33 - 1.6" classname="org.eclipse.jdt.core.tests.compiler.parser.SelectionTest" time="0"/>
  <testcase name="test33 - 1.6" classname="org.eclipse.jdt.core.tests.compiler.parser.DietRecoveryTest" time="0.002"/>
  <testcase name="test33 - 1.6" classname="org.eclipse.jdt.core.tests.compiler.parser.SourceElementParserTest" time="0"/>
  <testcase name="test34 - 1.6" classname="org.eclipse.jdt.core.tests.compiler.parser.DietCompletionTest" time="0"/>
  <testcase name="test34 - 1.6" classname="org.eclipse.jdt.core.tests.compiler.parser.SelectionTest" time="0"/>
  <testcase name="test34 - 1.6" classname="org.eclipse.jdt.core.tests.compiler.parser.DietRecoveryTest" time="0.003"/>
  <testcase name="test34 - 1.6" classname="org.eclipse.jdt.core.tests.compiler.parser.SourceElementParserTest" time="0.001"/>
  <testcase name="test34a - 1.6" classname="org.eclipse.jdt.core.tests.compiler.parser.DietCompletionTest" time="0"/>
  <testcase name="test34b - 1.6" classname="org.eclipse.jdt.core.tests.compiler.parser.DietCompletionTest" time="0"/>
  <testcase name="test34c - 1.6" classname="org.eclipse.jdt.core.tests.compiler.parser.DietCompletionTest" time="0.001"/>
  <testcase name="test35 - 1.6" classname="org.eclipse.jdt.core.tests.compiler.parser.DietCompletionTest" time="0"/>
  <testcase name="test35 - 1.6" classname="org.eclipse.jdt.core.tests.compiler.parser.SelectionTest" time="0"/>
  <testcase name="test35 - 1.6" classname="org.eclipse.jdt.core.tests.compiler.parser.DietRecoveryTest" time="0.002"/>
  <testcase name="test35 - 1.6" classname="org.eclipse.jdt.core.tests.compiler.parser.SourceElementParserTest" time="0.001"/>
  <testcase name="test36 - 1.6" classname="org.eclipse.jdt.core.tests.compiler.parser.DietCompletionTest" time="0"/>
  <testcase name="test36 - 1.6" classname="org.eclipse.jdt.core.tests.compiler.parser.SelectionTest" time="0.001"/>
  <testcase name="test36 - 1.6" classname="org.eclipse.jdt.core.tests.compiler.parser.DietRecoveryTest" time="0.001"/>
  <testcase name="test36 - 1.6" classname="org.eclipse.jdt.core.tests.compiler.parser.SourceElementParserTest" time="0.001"/>
  <testcase name="test37 - 1.6" classname="org.eclipse.jdt.core.tests.compiler.parser.DietCompletionTest" time="0"/>
  <testcase name="test37 - 1.6" classname="org.eclipse.jdt.core.tests.compiler.parser.SelectionTest" time="0"/>
  <testcase name="test37 - 1.6" classname="org.eclipse.jdt.core.tests.compiler.parser.DietRecoveryTest" time="0.001"/>
  <testcase name="test37 - 1.6" classname="org.eclipse.jdt.core.tests.compiler.parser.SourceElementParserTest" time="0"/>
  <testcase name="test38 - 1.6" classname="org.eclipse.jdt.core.tests.compiler.parser.DietCompletionTest" time="0.001"/>
  <testcase name="test38 - 1.6" classname="org.eclipse.jdt.core.tests.compiler.parser.SelectionTest" time="0"/>
  <testcase name="test38 - 1.6" classname="org.eclipse.jdt.core.tests.compiler.parser.DietRecoveryTest" time="0.002"/>
  <testcase name="test38 - 1.6" classname="org.eclipse.jdt.core.tests.compiler.parser.SourceElementParserTest" time="0"/>
  <testcase name="test39 - 1.6" classname="org.eclipse.jdt.core.tests.compiler.parser.DietCompletionTest" time="0"/>
  <testcase name="test39 - 1.6" classname="org.eclipse.jdt.core.tests.compiler.parser.SelectionTest" time="0"/>
  <testcase name="test39 - 1.6" classname="org.eclipse.jdt.core.tests.compiler.parser.DietRecoveryTest" time="0.001"/>
  <testcase name="test39 - 1.6" classname="org.eclipse.jdt.core.tests.compiler.parser.SourceElementParserTest" time="0"/>
  <testcase name="test40 - 1.6" classname="org.eclipse.jdt.core.tests.compiler.parser.DietCompletionTest" time="0"/>
  <testcase name="test40 - 1.6" classname="org.eclipse.jdt.core.tests.compiler.parser.SelectionTest" time="0.001"/>
  <testcase name="test40 - 1.6" classname="org.eclipse.jdt.core.tests.compiler.parser.DietRecoveryTest" time="0.002"/>
  <testcase name="test40 - 1.6" classname="org.eclipse.jdt.core.tests.compiler.parser.SourceElementParserTest" time="0.001"/>
  <testcase name="test41 - 1.6" classname="org.eclipse.jdt.core.tests.compiler.parser.DietCompletionTest" time="0"/>
  <testcase name="test41 - 1.6" classname="org.eclipse.jdt.core.tests.compiler.parser.SelectionTest" time="0"/>
  <testcase name="test41 - 1.6" classname="org.eclipse.jdt.core.tests.compiler.parser.DietRecoveryTest" time="0.004"/>
  <testcase name="test41 - 1.6" classname="org.eclipse.jdt.core.tests.compiler.parser.SourceElementParserTest" time="0"/>
  <testcase name="test42 - 1.6" classname="org.eclipse.jdt.core.tests.compiler.parser.DietCompletionTest" time="0.001"/>
  <testcase name="test42 - 1.6" classname="org.eclipse.jdt.core.tests.compiler.parser.SelectionTest" time="0"/>
  <testcase name="test42 - 1.6" classname="org.eclipse.jdt.core.tests.compiler.parser.DietRecoveryTest" time="0.004"/>
  <testcase name="test42 - 1.6" classname="org.eclipse.jdt.core.tests.compiler.parser.SourceElementParserTest" time="0.001"/>
  <testcase name="test43 - 1.6" classname="org.eclipse.jdt.core.tests.compiler.parser.DietCompletionTest" time="0"/>
  <testcase name="test43 - 1.6" classname="org.eclipse.jdt.core.tests.compiler.parser.SelectionTest" time="0.001"/>
  <testcase name="test43 - 1.6" classname="org.eclipse.jdt.core.tests.compiler.parser.DietRecoveryTest" time="0.004"/>
  <testcase name="test43 - 1.6" classname="org.eclipse.jdt.core.tests.compiler.parser.SourceElementParserTest" time="0"/>
  <testcase name="test44 - 1.6" classname="org.eclipse.jdt.core.tests.compiler.parser.DietCompletionTest" time="0"/>
  <testcase name="test44 - 1.6" classname="org.eclipse.jdt.core.tests.compiler.parser.SelectionTest" time="0"/>
  <testcase name="test44 - 1.6" classname="org.eclipse.jdt.core.tests.compiler.parser.DietRecoveryTest" time="0.003"/>
  <testcase name="test44 - 1.6" classname="org.eclipse.jdt.core.tests.compiler.parser.SourceElementParserTest" time="0"/>
  <testcase name="test45 - 1.6" classname="org.eclipse.jdt.core.tests.compiler.parser.DietCompletionTest" time="0"/>
  <testcase name="test45 - 1.6" classname="org.eclipse.jdt.core.tests.compiler.parser.SelectionTest" time="0.001"/>
  <testcase name="test45 - 1.6" classname="org.eclipse.jdt.core.tests.compiler.parser.DietRecoveryTest" time="0"/>
  <testcase name="test45 - 1.6" classname="org.eclipse.jdt.core.tests.compiler.parser.SourceElementParserTest" time="0"/>
  <testcase name="test46 - 1.6" classname="org.eclipse.jdt.core.tests.compiler.parser.DietCompletionTest" time="0.001"/>
  <testcase name="test46 - 1.6" classname="org.eclipse.jdt.core.tests.compiler.parser.SelectionTest" time="0"/>
  <testcase name="test46 - 1.6" classname="org.eclipse.jdt.core.tests.compiler.parser.DietRecoveryTest" time="0.004"/>
  <testcase name="test46 - 1.6" classname="org.eclipse.jdt.core.tests.compiler.parser.SourceElementParserTest" time="0"/>
  <testcase name="test47 - 1.6" classname="org.eclipse.jdt.core.tests.compiler.parser.DietCompletionTest" time="0"/>
  <testcase name="test47 - 1.6" classname="org.eclipse.jdt.core.tests.compiler.parser.SelectionTest" time="0"/>
  <testcase name="test47 - 1.6" classname="org.eclipse.jdt.core.tests.compiler.parser.DietRecoveryTest" time="0.002"/>
  <testcase name="test47 - 1.6" classname="org.eclipse.jdt.core.tests.compiler.parser.SourceElementParserTest" time="0"/>
  <testcase name="test48 - 1.6" classname="org.eclipse.jdt.core.tests.compiler.parser.DietCompletionTest" time="0"/>
  <testcase name="test48 - 1.6" classname="org.eclipse.jdt.core.tests.compiler.parser.SelectionTest" time="0"/>
  <testcase name="test48 - 1.6" classname="org.eclipse.jdt.core.tests.compiler.parser.DietRecoveryTest" time="0.001"/>
  <testcase name="test48 - 1.6" classname="org.eclipse.jdt.core.tests.compiler.parser.SourceElementParserTest" time="0"/>
  <testcase name="test49 - 1.6" classname="org.eclipse.jdt.core.tests.compiler.parser.DietCompletionTest" time="0"/>
  <testcase name="test49 - 1.6" classname="org.eclipse.jdt.core.tests.compiler.parser.SelectionTest" time="0.001"/>
  <testcase name="test49 - 1.6" classname="org.eclipse.jdt.core.tests.compiler.parser.DietRecoveryTest" time="0.003"/>
  <testcase name="test49 - 1.6" classname="org.eclipse.jdt.core.tests.compiler.parser.SourceElementParserTest" time="0.001"/>
  <testcase name="test50 - 1.6" classname="org.eclipse.jdt.core.tests.compiler.parser.DietCompletionTest" time="0"/>
  <testcase name="test50 - 1.6" classname="org.eclipse.jdt.core.tests.compiler.parser.SelectionTest" time="0"/>
  <testcase name="test50 - 1.6" classname="org.eclipse.jdt.core.tests.compiler.parser.DietRecoveryTest" time="0.002"/>
  <testcase name="test50 - 1.6" classname="org.eclipse.jdt.core.tests.compiler.parser.SourceElementParserTest" time="0"/>
  <testcase name="test51 - 1.6" classname="org.eclipse.jdt.core.tests.compiler.parser.DietCompletionTest" time="0"/>
  <testcase name="test51 - 1.6" classname="org.eclipse.jdt.core.tests.compiler.parser.SelectionTest" time="0.001"/>
  <testcase name="test51 - 1.6" classname="org.eclipse.jdt.core.tests.compiler.parser.DietRecoveryTest" time="0.002"/>
  <testcase name="test51 - 1.6" classname="org.eclipse.jdt.core.tests.compiler.parser.SourceElementParserTest" time="0"/>
  <testcase name="test52 - 1.6" classname="org.eclipse.jdt.core.tests.compiler.parser.DietCompletionTest" time="0"/>
  <testcase name="test52 - 1.6" classname="org.eclipse.jdt.core.tests.compiler.parser.SelectionTest" time="0"/>
  <testcase name="test52 - 1.6" classname="org.eclipse.jdt.core.tests.compiler.parser.DietRecoveryTest" time="0.002"/>
  <testcase name="test52 - 1.6" classname="org.eclipse.jdt.core.tests.compiler.parser.SourceElementParserTest" time="0.001"/>
  <testcase name="test53 - 1.6" classname="org.eclipse.jdt.core.tests.compiler.parser.DietCompletionTest" time="0.001"/>
  <testcase name="test53 - 1.6" classname="org.eclipse.jdt.core.tests.compiler.parser.SelectionTest" time="0.001"/>
  <testcase name="test53 - 1.6" classname="org.eclipse.jdt.core.tests.compiler.parser.DietRecoveryTest" time="0.001"/>
  <testcase name="test53 - 1.6" classname="org.eclipse.jdt.core.tests.compiler.parser.SourceElementParserTest" time="0.001"/>
  <testcase name="test54 - 1.6" classname="org.eclipse.jdt.core.tests.compiler.parser.DietCompletionTest" time="0"/>
  <testcase name="test54 - 1.6" classname="org.eclipse.jdt.core.tests.compiler.parser.SelectionTest" time="0"/>
  <testcase name="test54 - 1.6" classname="org.eclipse.jdt.core.tests.compiler.parser.DietRecoveryTest" time="0.002"/>
  <testcase name="test54 - 1.6" classname="org.eclipse.jdt.core.tests.compiler.parser.SourceElementParserTest" time="0.001"/>
  <testcase name="test55 - 1.6" classname="org.eclipse.jdt.core.tests.compiler.parser.DietCompletionTest" time="0"/>
  <testcase name="test55 - 1.6" classname="org.eclipse.jdt.core.tests.compiler.parser.SelectionTest" time="0"/>
  <testcase name="test55 - 1.6" classname="org.eclipse.jdt.core.tests.compiler.parser.DietRecoveryTest" time="0.002"/>
  <testcase name="test55 - 1.6" classname="org.eclipse.jdt.core.tests.compiler.parser.SourceElementParserTest" time="0.001"/>
  <testcase name="testPrimarySuper - 1.6" classname="org.eclipse.jdt.core.tests.compiler.parser.ExplicitConstructorInvocationCompletionTest" time="0"/>
  <testcase name="testPrimarySuper - 1.6" classname="org.eclipse.jdt.core.tests.compiler.parser.ExplicitConstructorInvocationSelectionTest" time="0"/>
  <testcase name="testPrimaryThis - 1.6" classname="org.eclipse.jdt.core.tests.compiler.parser.ExplicitConstructorInvocationCompletionTest" time="0"/>
  <testcase name="testSuper - 1.6" classname="org.eclipse.jdt.core.tests.compiler.parser.ExplicitConstructorInvocationCompletionTest" time="0"/>
  <testcase name="testSuper - 1.6" classname="org.eclipse.jdt.core.tests.compiler.parser.MethodInvocationCompletionTest" time="0"/>
  <testcase name="testSuper - 1.6" classname="org.eclipse.jdt.core.tests.compiler.parser.ExplicitConstructorInvocationSelectionTest" time="0"/>
  <testcase name="testThis - 1.6" classname="org.eclipse.jdt.core.tests.compiler.parser.ExplicitConstructorInvocationCompletionTest" time="0"/>
  <testcase name="testThis - 1.6" classname="org.eclipse.jdt.core.tests.compiler.parser.ExplicitConstructorInvocationSelectionTest" time="0"/>
  <testcase name="testWrapperNameSuper - 1.6" classname="org.eclipse.jdt.core.tests.compiler.parser.ExplicitConstructorInvocationCompletionTest" time="0"/>
  <testcase name="testWrapperNameThis - 1.6" classname="org.eclipse.jdt.core.tests.compiler.parser.ExplicitConstructorInvocationCompletionTest" time="0.001"/>
  <testcase name="testWrapperPrimarySuper - 1.6" classname="org.eclipse.jdt.core.tests.compiler.parser.ExplicitConstructorInvocationCompletionTest" time="0"/>
  <testcase name="testWrapperSuper - 1.6" classname="org.eclipse.jdt.core.tests.compiler.parser.ExplicitConstructorInvocationCompletionTest" time="0"/>
  <testcase name="testWrapperThis - 1.6" classname="org.eclipse.jdt.core.tests.compiler.parser.ExplicitConstructorInvocationCompletionTest" time="0"/>
  <testcase name="testAdditiveExpressionMinus - 1.6" classname="org.eclipse.jdt.core.tests.compiler.parser.FieldAccessCompletionTest" time="0"/>
  <testcase name="testAdditiveExpressionPlus - 1.6" classname="org.eclipse.jdt.core.tests.compiler.parser.FieldAccessCompletionTest" time="0.001"/>
  <testcase name="testAndExpression - 1.6" classname="org.eclipse.jdt.core.tests.compiler.parser.FieldAccessCompletionTest" time="0"/>
  <testcase name="testArgumentList - 1.6" classname="org.eclipse.jdt.core.tests.compiler.parser.FieldAccessCompletionTest" time="0"/>
  <testcase name="testArrayAccess - 1.6" classname="org.eclipse.jdt.core.tests.compiler.parser.FieldAccessCompletionTest" time="0"/>
  <testcase name="testArrayAccessPrimaryNoNewArray - 1.6" classname="org.eclipse.jdt.core.tests.compiler.parser.FieldAccessCompletionTest" time="0"/>
  <testcase name="testArrayInitializer - 1.6" classname="org.eclipse.jdt.core.tests.compiler.parser.FieldAccessCompletionTest" time="0"/>
  <testcase name="testArrayInitializerComma - 1.6" classname="org.eclipse.jdt.core.tests.compiler.parser.FieldAccessCompletionTest" time="0"/>
  <testcase name="testAssignment - 1.6" classname="org.eclipse.jdt.core.tests.compiler.parser.FieldAccessCompletionTest" time="0"/>
  <testcase name="testBlock - 1.6" classname="org.eclipse.jdt.core.tests.compiler.parser.FieldAccessCompletionTest" time="0"/>
  <testcase name="testBlock - 1.6" classname="org.eclipse.jdt.core.tests.compiler.parser.ReferenceTypeCompletionTest" time="0.001"/>
  <testcase name="testBlockStatements - 1.6" classname="org.eclipse.jdt.core.tests.compiler.parser.FieldAccessCompletionTest" time="0"/>
  <testcase name="testBlockStatements - 1.6" classname="org.eclipse.jdt.core.tests.compiler.parser.ReferenceTypeCompletionTest" time="0"/>
  <testcase name="testBlockStatementsInConstructorBody - 1.6" classname="org.eclipse.jdt.core.tests.compiler.parser.FieldAccessCompletionTest" time="0"/>
  <testcase name="testBlockStatementsInInitializer - 1.6" classname="org.eclipse.jdt.core.tests.compiler.parser.FieldAccessCompletionTest" time="0.001"/>
  <testcase name="testBlockStatementsInStaticInitializer - 1.6" classname="org.eclipse.jdt.core.tests.compiler.parser.FieldAccessCompletionTest" time="0"/>
  <testcase name="testCastExpression - 1.6" classname="org.eclipse.jdt.core.tests.compiler.parser.FieldAccessCompletionTest" time="0"/>
  <testcase name="testCastExpressionUnaryExpression - 1.6" classname="org.eclipse.jdt.core.tests.compiler.parser.FieldAccessCompletionTest" time="0"/>
  <testcase name="testClassInstanceCreationExpression - 1.6" classname="org.eclipse.jdt.core.tests.compiler.parser.FieldAccessCompletionTest" time="0"/>
  <testcase name="testClassInstanceCreationExpressionName - 1.6" classname="org.eclipse.jdt.core.tests.compiler.parser.FieldAccessCompletionTest" time="0"/>
  <testcase name="testClassInstanceCreationExpressionPrimary - 1.6" classname="org.eclipse.jdt.core.tests.compiler.parser.FieldAccessCompletionTest" time="0"/>
  <testcase name="testConditionalAndExpression - 1.6" classname="org.eclipse.jdt.core.tests.compiler.parser.FieldAccessCompletionTest" time="0"/>
  <testcase name="testConditionalExpression - 1.6" classname="org.eclipse.jdt.core.tests.compiler.parser.FieldAccessCompletionTest" time="0"/>
  <testcase name="testConditionalExpressionConditionalExpression - 1.6" classname="org.eclipse.jdt.core.tests.compiler.parser.FieldAccessCompletionTest" time="0"/>
  <testcase name="testConditionalOrExpression - 1.6" classname="org.eclipse.jdt.core.tests.compiler.parser.FieldAccessCompletionTest" time="0"/>
  <testcase name="testConstructorBody - 1.6" classname="org.eclipse.jdt.core.tests.compiler.parser.FieldAccessCompletionTest" time="0.001"/>
  <testcase name="testConstructorBody - 1.6" classname="org.eclipse.jdt.core.tests.compiler.parser.ReferenceTypeCompletionTest" time="0.001"/>
  <testcase name="testDimWithOrWithOutExpr - 1.6" classname="org.eclipse.jdt.core.tests.compiler.parser.FieldAccessCompletionTest" time="0"/>
  <testcase name="testDoExpression - 1.6" classname="org.eclipse.jdt.core.tests.compiler.parser.FieldAccessCompletionTest" time="0"/>
  <testcase name="testDoStatement - 1.6" classname="org.eclipse.jdt.core.tests.compiler.parser.FieldAccessCompletionTest" time="0"/>
  <testcase name="testEqualityExpression - 1.6" classname="org.eclipse.jdt.core.tests.compiler.parser.FieldAccessCompletionTest" time="0"/>
  <testcase name="testEqualityExpressionNot - 1.6" classname="org.eclipse.jdt.core.tests.compiler.parser.FieldAccessCompletionTest" time="0"/>
  <testcase name="testExclusiveOrExpression - 1.6" classname="org.eclipse.jdt.core.tests.compiler.parser.FieldAccessCompletionTest" time="0"/>
  <testcase name="testExplicitConstructorInvocationInConstructorBody - 1.6" classname="org.eclipse.jdt.core.tests.compiler.parser.FieldAccessCompletionTest" time="0.001"/>
  <testcase name="testForInit - 1.6" classname="org.eclipse.jdt.core.tests.compiler.parser.FieldAccessCompletionTest" time="0"/>
  <testcase name="testForStatement - 1.6" classname="org.eclipse.jdt.core.tests.compiler.parser.FieldAccessCompletionTest" time="0"/>
  <testcase name="testForStatement - 1.6" classname="org.eclipse.jdt.core.tests.compiler.parser.ReferenceTypeCompletionTest" time="0"/>
  <testcase name="testForStatementExpression - 1.6" classname="org.eclipse.jdt.core.tests.compiler.parser.FieldAccessCompletionTest" time="0"/>
  <testcase name="testForUpdate - 1.6" classname="org.eclipse.jdt.core.tests.compiler.parser.FieldAccessCompletionTest" time="0"/>
  <testcase name="testIfExpresionThen - 1.6" classname="org.eclipse.jdt.core.tests.compiler.parser.FieldAccessCompletionTest" time="0"/>
  <testcase name="testIfExpresionThenElse - 1.6" classname="org.eclipse.jdt.core.tests.compiler.parser.FieldAccessCompletionTest" time="0"/>
  <testcase name="testIfThenElseStatement - 1.6" classname="org.eclipse.jdt.core.tests.compiler.parser.FieldAccessCompletionTest" time="0.001"/>
  <testcase name="testIfThenStatement - 1.6" classname="org.eclipse.jdt.core.tests.compiler.parser.FieldAccessCompletionTest" time="0"/>
  <testcase name="testIfThenStatementElse - 1.6" classname="org.eclipse.jdt.core.tests.compiler.parser.FieldAccessCompletionTest" time="0"/>
  <testcase name="testInclusiveOrExpression - 1.6" classname="org.eclipse.jdt.core.tests.compiler.parser.FieldAccessCompletionTest" time="0"/>
  <testcase name="testLabeledStatement - 1.6" classname="org.eclipse.jdt.core.tests.compiler.parser.FieldAccessCompletionTest" time="0.001"/>
  <testcase name="testMethodBody - 1.6" classname="org.eclipse.jdt.core.tests.compiler.parser.FieldAccessCompletionTest" time="0"/>
  <testcase name="testMethodBody - 1.6" classname="org.eclipse.jdt.core.tests.compiler.parser.ReferenceTypeCompletionTest" time="0"/>
  <testcase name="testMethodInvocation - 1.6" classname="org.eclipse.jdt.core.tests.compiler.parser.FieldAccessCompletionTest" time="0"/>
  <testcase name="testMethodInvocationPrimary - 1.6" classname="org.eclipse.jdt.core.tests.compiler.parser.FieldAccessCompletionTest" time="0"/>
  <testcase name="testMethodInvocationSuper - 1.6" classname="org.eclipse.jdt.core.tests.compiler.parser.FieldAccessCompletionTest" time="0.001"/>
  <testcase name="testMultiplicativeExpressionMultiplication - 1.6" classname="org.eclipse.jdt.core.tests.compiler.parser.FieldAccessCompletionTest" time="0"/>
  <testcase name="testMultiplicativeExpressionRemainder - 1.6" classname="org.eclipse.jdt.core.tests.compiler.parser.FieldAccessCompletionTest" time="0"/>
  <testcase name="testMultiplicativeExpressiondDivision - 1.6" classname="org.eclipse.jdt.core.tests.compiler.parser.FieldAccessCompletionTest" time="0"/>
  <testcase name="testPreIncrementExpressionMinusMinus - 1.6" classname="org.eclipse.jdt.core.tests.compiler.parser.FieldAccessCompletionTest" time="0"/>
  <testcase name="testPreIncrementExpressionPlusPlus - 1.6" classname="org.eclipse.jdt.core.tests.compiler.parser.FieldAccessCompletionTest" time="0"/>
  <testcase name="testPrimaryNoNewArray - 1.6" classname="org.eclipse.jdt.core.tests.compiler.parser.FieldAccessCompletionTest" time="0"/>
  <testcase name="testRelationalExpressionGreaterThan - 1.6" classname="org.eclipse.jdt.core.tests.compiler.parser.FieldAccessCompletionTest" time="0.001"/>
  <testcase name="testRelationalExpressionGreaterThanOrEquals - 1.6" classname="org.eclipse.jdt.core.tests.compiler.parser.FieldAccessCompletionTest" time="0"/>
  <testcase name="testRelationalExpressionLessThan - 1.6" classname="org.eclipse.jdt.core.tests.compiler.parser.FieldAccessCompletionTest" time="0"/>
  <testcase name="testRelationalExpressionLessThanOrEqual - 1.6" classname="org.eclipse.jdt.core.tests.compiler.parser.FieldAccessCompletionTest" time="0"/>
  <testcase name="testReturnStatement - 1.6" classname="org.eclipse.jdt.core.tests.compiler.parser.FieldAccessCompletionTest" time="0"/>
  <testcase name="testShiftExpressionLeft - 1.6" classname="org.eclipse.jdt.core.tests.compiler.parser.FieldAccessCompletionTest" time="0"/>
  <testcase name="testShiftExpressionRight - 1.6" classname="org.eclipse.jdt.core.tests.compiler.parser.FieldAccessCompletionTest" time="0"/>
  <testcase name="testShiftExpressionRightUnSigned - 1.6" classname="org.eclipse.jdt.core.tests.compiler.parser.FieldAccessCompletionTest" time="0.001"/>
  <testcase name="testStatementExpressionList - 1.6" classname="org.eclipse.jdt.core.tests.compiler.parser.FieldAccessCompletionTest" time="0"/>
  <testcase name="testSwitchBlockStatement - 1.6" classname="org.eclipse.jdt.core.tests.compiler.parser.FieldAccessCompletionTest" time="0"/>
  <testcase name="testSwitchBlockStatement - 1.6" classname="org.eclipse.jdt.core.tests.compiler.parser.ReferenceTypeCompletionTest" time="0"/>
  <testcase name="testSwitchExpression - 1.6" classname="org.eclipse.jdt.core.tests.compiler.parser.FieldAccessCompletionTest" time="0"/>
  <testcase name="testSwitchLabel - 1.6" classname="org.eclipse.jdt.core.tests.compiler.parser.FieldAccessCompletionTest" time="0.001"/>
  <testcase name="testSynchronizedStatement - 1.6" classname="org.eclipse.jdt.core.tests.compiler.parser.FieldAccessCompletionTest" time="0"/>
  <testcase name="testThrowExpression - 1.6" classname="org.eclipse.jdt.core.tests.compiler.parser.FieldAccessCompletionTest" time="0"/>
  <testcase name="testUnaryExpressionBitwiseComplement - 1.6" classname="org.eclipse.jdt.core.tests.compiler.parser.FieldAccessCompletionTest" time="0"/>
  <testcase name="testUnaryExpressionLogicalComplement - 1.6" classname="org.eclipse.jdt.core.tests.compiler.parser.FieldAccessCompletionTest" time="0"/>
  <testcase name="testUnaryExpressionMinus - 1.6" classname="org.eclipse.jdt.core.tests.compiler.parser.FieldAccessCompletionTest" time="0"/>
  <testcase name="testUnaryExpressionPlus - 1.6" classname="org.eclipse.jdt.core.tests.compiler.parser.FieldAccessCompletionTest" time="0"/>
  <testcase name="testVariableDeclarator - 1.6" classname="org.eclipse.jdt.core.tests.compiler.parser.FieldAccessCompletionTest" time="0.001"/>
  <testcase name="testVariableInitializers - 1.6" classname="org.eclipse.jdt.core.tests.compiler.parser.FieldAccessCompletionTest" time="0"/>
  <testcase name="testWhileExpression - 1.6" classname="org.eclipse.jdt.core.tests.compiler.parser.FieldAccessCompletionTest" time="0"/>
  <testcase name="testWhileStatement - 1.6" classname="org.eclipse.jdt.core.tests.compiler.parser.FieldAccessCompletionTest" time="0"/>
  <testcase name="testAnonymousFirstMethod - 1.6" classname="org.eclipse.jdt.core.tests.compiler.parser.InnerTypeCompletionTest" time="0"/>
  <testcase name="testAnonymousNoStatementBefore - 1.6" classname="org.eclipse.jdt.core.tests.compiler.parser.InnerTypeCompletionTest" time="0"/>
  <testcase name="testAnonymousOneFieldBefore - 1.6" classname="org.eclipse.jdt.core.tests.compiler.parser.InnerTypeCompletionTest" time="0.001"/>
  <testcase name="testAnonymousOneStatementBefore - 1.6" classname="org.eclipse.jdt.core.tests.compiler.parser.InnerTypeCompletionTest" time="0"/>
  <testcase name="testAnonymousSecondMethod - 1.6" classname="org.eclipse.jdt.core.tests.compiler.parser.InnerTypeCompletionTest" time="0"/>
  <testcase name="testLocalTypeFirstMethod - 1.6" classname="org.eclipse.jdt.core.tests.compiler.parser.InnerTypeCompletionTest" time="0.001"/>
  <testcase name="testLocalTypeNoStatementBefore - 1.6" classname="org.eclipse.jdt.core.tests.compiler.parser.InnerTypeCompletionTest" time="0"/>
  <testcase name="testLocalTypeOneFieldBefore - 1.6" classname="org.eclipse.jdt.core.tests.compiler.parser.InnerTypeCompletionTest" time="0"/>
  <testcase name="testLocalTypeOneStatementBefore - 1.6" classname="org.eclipse.jdt.core.tests.compiler.parser.InnerTypeCompletionTest" time="0"/>
  <testcase name="testLocalTypeSecondMethod - 1.6" classname="org.eclipse.jdt.core.tests.compiler.parser.InnerTypeCompletionTest" time="0.001"/>
  <testcase name="test020 - 1.6" classname="org.eclipse.jdt.core.tests.compiler.parser.JavadocCompletionParserTest" time="0"/>
  <testcase name="test020 - 1.6" classname="org.eclipse.jdt.core.tests.compiler.parser.ParserTest" time="0.001"/>
  <testcase name="test021 - 1.6" classname="org.eclipse.jdt.core.tests.compiler.parser.JavadocCompletionParserTest" time="0"/>
  <testcase name="test021 - 1.6" classname="org.eclipse.jdt.core.tests.compiler.parser.ParserTest" time="0.165"/>
  <testcase name="test022 - 1.6" classname="org.eclipse.jdt.core.tests.compiler.parser.JavadocCompletionParserTest" time="0"/>
  <testcase name="test022 - 1.6" classname="org.eclipse.jdt.core.tests.compiler.parser.ParserTest" time="0.001"/>
  <testcase name="test023 - 1.6" classname="org.eclipse.jdt.core.tests.compiler.parser.JavadocCompletionParserTest" time="0"/>
  <testcase name="test023 - 1.6" classname="org.eclipse.jdt.core.tests.compiler.parser.ParserTest" time="0.001"/>
  <testcase name="test024 - 1.6" classname="org.eclipse.jdt.core.tests.compiler.parser.JavadocCompletionParserTest" time="0.001"/>
  <testcase name="test024 - 1.6" classname="org.eclipse.jdt.core.tests.compiler.parser.ParserTest" time="0"/>
  <testcase name="test025 - 1.6" classname="org.eclipse.jdt.core.tests.compiler.parser.JavadocCompletionParserTest" time="0"/>
  <testcase name="test025 - 1.6" classname="org.eclipse.jdt.core.tests.compiler.parser.ParserTest" time="0.001"/>
  <testcase name="test026 - 1.6" classname="org.eclipse.jdt.core.tests.compiler.parser.JavadocCompletionParserTest" time="0"/>
  <testcase name="test026 - 1.6" classname="org.eclipse.jdt.core.tests.compiler.parser.ParserTest" time="0.001"/>
  <testcase name="test027 - 1.6" classname="org.eclipse.jdt.core.tests.compiler.parser.JavadocCompletionParserTest" time="0"/>
  <testcase name="test027 - 1.6" classname="org.eclipse.jdt.core.tests.compiler.parser.ParserTest" time="0.001"/>
  <testcase name="test028 - 1.6" classname="org.eclipse.jdt.core.tests.compiler.parser.JavadocCompletionParserTest" time="0.001"/>
  <testcase name="test029 - 1.6" classname="org.eclipse.jdt.core.tests.compiler.parser.JavadocCompletionParserTest" time="0"/>
  <testcase name="test030 - 1.6" classname="org.eclipse.jdt.core.tests.compiler.parser.JavadocCompletionParserTest" time="0"/>
  <testcase name="test031 - 1.6" classname="org.eclipse.jdt.core.tests.compiler.parser.JavadocCompletionParserTest" time="0"/>
  <testcase name="test032 - 1.6" classname="org.eclipse.jdt.core.tests.compiler.parser.JavadocCompletionParserTest" time="0.001"/>
  <testcase name="test1FTEO9L - 1.6" classname="org.eclipse.jdt.core.tests.compiler.parser.LabelStatementCompletionTest" time="0.001"/>
  <testcase name="testInCaseWithIdentifier - 1.6" classname="org.eclipse.jdt.core.tests.compiler.parser.LabelStatementCompletionTest" time="0"/>
  <testcase name="testInCaseWithNumberConstant - 1.6" classname="org.eclipse.jdt.core.tests.compiler.parser.LabelStatementCompletionTest" time="0"/>
  <testcase name="testInLabeledInnerClass - 1.6" classname="org.eclipse.jdt.core.tests.compiler.parser.LabelStatementCompletionTest" time="0"/>
  <testcase name="testInLabeledInnerClassWithErrorBefore - 1.6" classname="org.eclipse.jdt.core.tests.compiler.parser.LabelStatementCompletionTest" time="0"/>
  <testcase name="testOneLevelDeep - 1.6" classname="org.eclipse.jdt.core.tests.compiler.parser.LabelStatementCompletionTest" time="0"/>
  <testcase name="testSecondLabel - 1.6" classname="org.eclipse.jdt.core.tests.compiler.parser.LabelStatementCompletionTest" time="0"/>
  <testcase name="testTwoLevelDeep - 1.6" classname="org.eclipse.jdt.core.tests.compiler.parser.LabelStatementCompletionTest" time="0.001"/>
  <testcase name="test1FVVWS8_1 - 1.6" classname="org.eclipse.jdt.core.tests.compiler.parser.MethodInvocationCompletionTest" time="0"/>
  <testcase name="test1FVVWS8_2 - 1.6" classname="org.eclipse.jdt.core.tests.compiler.parser.MethodInvocationCompletionTest" time="0.001"/>
  <testcase name="test1FW2ZTB_1 - 1.6" classname="org.eclipse.jdt.core.tests.compiler.parser.MethodInvocationCompletionTest" time="0"/>
  <testcase name="test1FW2ZTB_2 - 1.6" classname="org.eclipse.jdt.core.tests.compiler.parser.MethodInvocationCompletionTest" time="0"/>
  <testcase name="test1FW35YZ_1 - 1.6" classname="org.eclipse.jdt.core.tests.compiler.parser.MethodInvocationCompletionTest" time="0.001"/>
  <testcase name="test1FW35YZ_2 - 1.6" classname="org.eclipse.jdt.core.tests.compiler.parser.MethodInvocationCompletionTest" time="0"/>
  <testcase name="test1FWYBKF - 1.6" classname="org.eclipse.jdt.core.tests.compiler.parser.MethodInvocationCompletionTest" time="0"/>
  <testcase name="test1GAJBUQ - 1.6" classname="org.eclipse.jdt.core.tests.compiler.parser.MethodInvocationCompletionTest" time="0"/>
  <testcase name="testAfterEmptyAnonymous - 1.6" classname="org.eclipse.jdt.core.tests.compiler.parser.MethodInvocationCompletionTest" time="0"/>
  <testcase name="testAfterFirstParameter - 1.6" classname="org.eclipse.jdt.core.tests.compiler.parser.MethodInvocationCompletionTest" time="0"/>
  <testcase name="testBeforeFirstParameter - 1.6" classname="org.eclipse.jdt.core.tests.compiler.parser.MethodInvocationCompletionTest" time="0"/>
  <testcase name="testBeforeLastParameter - 1.6" classname="org.eclipse.jdt.core.tests.compiler.parser.MethodInvocationCompletionTest" time="0"/>
  <testcase name="testBeforeSecondParameter - 1.6" classname="org.eclipse.jdt.core.tests.compiler.parser.MethodInvocationCompletionTest" time="0"/>
  <testcase name="testEmptyInFirstParameter - 1.6" classname="org.eclipse.jdt.core.tests.compiler.parser.MethodInvocationCompletionTest" time="0"/>
  <testcase name="testInFirstParameter - 1.6" classname="org.eclipse.jdt.core.tests.compiler.parser.MethodInvocationCompletionTest" time="0"/>
  <testcase name="testLabeledWithExpressionReceiver - 1.6" classname="org.eclipse.jdt.core.tests.compiler.parser.MethodInvocationCompletionTest" time="0"/>
  <testcase name="testLabeledWithoutReceiver - 1.6" classname="org.eclipse.jdt.core.tests.compiler.parser.MethodInvocationCompletionTest" time="0"/>
  <testcase name="testNoReceiver - 1.6" classname="org.eclipse.jdt.core.tests.compiler.parser.MethodInvocationCompletionTest" time="0"/>
  <testcase name="testSpaceThenFirstParameter - 1.6" classname="org.eclipse.jdt.core.tests.compiler.parser.MethodInvocationCompletionTest" time="0"/>
  <testcase name="testWithExpressionReceiver - 1.6" classname="org.eclipse.jdt.core.tests.compiler.parser.MethodInvocationCompletionTest" time="0"/>
  <testcase name="testWithNameReceiver - 1.6" classname="org.eclipse.jdt.core.tests.compiler.parser.MethodInvocationCompletionTest" time="0"/>
  <testcase name="testWithNameReceiverAfterConditionalExpression - 1.6" classname="org.eclipse.jdt.core.tests.compiler.parser.MethodInvocationCompletionTest" time="0.001"/>
  <testcase name="testWithNameReceiverAndTwoArgs - 1.6" classname="org.eclipse.jdt.core.tests.compiler.parser.MethodInvocationCompletionTest" time="0"/>
  <testcase name="testWithQualifiedNameReceiver - 1.6" classname="org.eclipse.jdt.core.tests.compiler.parser.MethodInvocationCompletionTest" time="0"/>
  <testcase name="test1FTZ849 - 1.6" classname="org.eclipse.jdt.core.tests.compiler.parser.NameReferenceCompletionTest" time="0"/>
  <testcase name="test1FUUP73 - 1.6" classname="org.eclipse.jdt.core.tests.compiler.parser.NameReferenceCompletionTest" time="0"/>
  <testcase name="test1FVRQQA_1 - 1.6" classname="org.eclipse.jdt.core.tests.compiler.parser.NameReferenceCompletionTest" time="0.001"/>
  <testcase name="test1FVRQQA_2 - 1.6" classname="org.eclipse.jdt.core.tests.compiler.parser.NameReferenceCompletionTest" time="0"/>
  <testcase name="test1FVT66Q_1 - 1.6" classname="org.eclipse.jdt.core.tests.compiler.parser.NameReferenceCompletionTest" time="0"/>
  <testcase name="test1FVT66Q_2 - 1.6" classname="org.eclipse.jdt.core.tests.compiler.parser.NameReferenceCompletionTest" time="0"/>
  <testcase name="test1G8DE30 - 1.6" classname="org.eclipse.jdt.core.tests.compiler.parser.NameReferenceCompletionTest" time="0"/>
  <testcase name="testEmptyNameReference - 1.6" classname="org.eclipse.jdt.core.tests.compiler.parser.NameReferenceCompletionTest" time="0"/>
  <testcase name="testEmptyNameReferenceAfterCast - 1.6" classname="org.eclipse.jdt.core.tests.compiler.parser.NameReferenceCompletionTest" time="0"/>
  <testcase name="testEmptyNameReferenceAfterPlus - 1.6" classname="org.eclipse.jdt.core.tests.compiler.parser.NameReferenceCompletionTest" time="0.001"/>
  <testcase name="testEmptyNameReferenceInArrayDim - 1.6" classname="org.eclipse.jdt.core.tests.compiler.parser.NameReferenceCompletionTest" time="0"/>
  <testcase name="testEmptyNameReferenceInInnerClass - 1.6" classname="org.eclipse.jdt.core.tests.compiler.parser.NameReferenceCompletionTest" time="0"/>
  <testcase name="testInIfThenStatement - 1.6" classname="org.eclipse.jdt.core.tests.compiler.parser.NameReferenceCompletionTest" time="0"/>
  <testcase name="testInnerClassFieldInitializer - 1.6" classname="org.eclipse.jdt.core.tests.compiler.parser.NameReferenceCompletionTest" time="0"/>
  <testcase name="testInvocationFieldInitializer - 1.6" classname="org.eclipse.jdt.core.tests.compiler.parser.NameReferenceCompletionTest" time="0"/>
  <testcase name="testMethodInvocationAnonymousInnerClass - 1.6" classname="org.eclipse.jdt.core.tests.compiler.parser.NameReferenceCompletionTest" time="0"/>
  <testcase name="testQualifiedNameReferenceShrinkAll - 1.6" classname="org.eclipse.jdt.core.tests.compiler.parser.NameReferenceCompletionTest" time="0.001"/>
  <testcase name="testQualifiedNameReferenceShrinkAllButOne - 1.6" classname="org.eclipse.jdt.core.tests.compiler.parser.NameReferenceCompletionTest" time="0"/>
  <testcase name="testQualifiedNameReferenceShrinkAllButOne2 - 1.6" classname="org.eclipse.jdt.core.tests.compiler.parser.NameReferenceCompletionTest" time="0"/>
  <testcase name="testQualifiedNameReferenceShrinkNone - 1.6" classname="org.eclipse.jdt.core.tests.compiler.parser.NameReferenceCompletionTest" time="0"/>
  <testcase name="testQualifiedNameReferenceShrinkNone2 - 1.6" classname="org.eclipse.jdt.core.tests.compiler.parser.NameReferenceCompletionTest" time="0"/>
  <testcase name="testQualifiedNameReferenceShrinkOne - 1.6" classname="org.eclipse.jdt.core.tests.compiler.parser.NameReferenceCompletionTest" time="0"/>
  <testcase name="testQualifiedNameReferenceShrinkOne2 - 1.6" classname="org.eclipse.jdt.core.tests.compiler.parser.NameReferenceCompletionTest" time="0"/>
  <testcase name="testUnicode - 1.6" classname="org.eclipse.jdt.core.tests.compiler.parser.NameReferenceCompletionTest" time="0.001"/>
  <testcase name="test1FTZCIG - 1.6" classname="org.eclipse.jdt.core.tests.compiler.parser.ReferenceTypeCompletionTest" time="0"/>
  <testcase name="testCatchClause1 - 1.6" classname="org.eclipse.jdt.core.tests.compiler.parser.ReferenceTypeCompletionTest" time="0"/>
  <testcase name="testCatchClause2 - 1.6" classname="org.eclipse.jdt.core.tests.compiler.parser.ReferenceTypeCompletionTest" time="0"/>
  <testcase name="testCatchClause3 - 1.6" classname="org.eclipse.jdt.core.tests.compiler.parser.ReferenceTypeCompletionTest" time="0.001"/>
  <testcase name="testClassBody - 1.6" classname="org.eclipse.jdt.core.tests.compiler.parser.ReferenceTypeCompletionTest" time="0"/>
  <testcase name="testClassBodyDeclarations - 1.6" classname="org.eclipse.jdt.core.tests.compiler.parser.ReferenceTypeCompletionTest" time="0"/>
  <testcase name="testClassInstanceCreationExpression1 - 1.6" classname="org.eclipse.jdt.core.tests.compiler.parser.ReferenceTypeCompletionTest" time="0.001"/>
  <testcase name="testClassInstanceCreationExpression2 - 1.6" classname="org.eclipse.jdt.core.tests.compiler.parser.ReferenceTypeCompletionTest" time="0"/>
  <testcase name="testClassInstanceCreationExpression3 - 1.6" classname="org.eclipse.jdt.core.tests.compiler.parser.ReferenceTypeCompletionTest" time="0"/>
  <testcase name="testClassInstanceCreationExpression4 - 1.6" classname="org.eclipse.jdt.core.tests.compiler.parser.ReferenceTypeCompletionTest" time="0"/>
  <testcase name="testClassInstanceCreationExpressionName1 - 1.6" classname="org.eclipse.jdt.core.tests.compiler.parser.ReferenceTypeCompletionTest" time="0.001"/>
  <testcase name="testClassInstanceCreationExpressionName2 - 1.6" classname="org.eclipse.jdt.core.tests.compiler.parser.ReferenceTypeCompletionTest" time="0"/>
  <testcase name="testClassInstanceCreationExpressionName3 - 1.6" classname="org.eclipse.jdt.core.tests.compiler.parser.ReferenceTypeCompletionTest" time="0.001"/>
  <testcase name="testClassInstanceCreationExpressionName4 - 1.6" classname="org.eclipse.jdt.core.tests.compiler.parser.ReferenceTypeCompletionTest" time="0"/>
  <testcase name="testClassInstanceCreationExpressionPrimary1 - 1.6" classname="org.eclipse.jdt.core.tests.compiler.parser.ReferenceTypeCompletionTest" time="0"/>
  <testcase name="testClassInstanceCreationExpressionPrimary2 - 1.6" classname="org.eclipse.jdt.core.tests.compiler.parser.ReferenceTypeCompletionTest" time="0"/>
  <testcase name="testClassInstanceCreationExpressionPrimary3 - 1.6" classname="org.eclipse.jdt.core.tests.compiler.parser.ReferenceTypeCompletionTest" time="0"/>
  <testcase name="testClassInstanceCreationExpressionPrimary4 - 1.6" classname="org.eclipse.jdt.core.tests.compiler.parser.ReferenceTypeCompletionTest" time="0"/>
  <testcase name="testClassTypeList - 1.6" classname="org.eclipse.jdt.core.tests.compiler.parser.ReferenceTypeCompletionTest" time="0"/>
  <testcase name="testConstructorDeclarator - 1.6" classname="org.eclipse.jdt.core.tests.compiler.parser.ReferenceTypeCompletionTest" time="0"/>
  <testcase name="testDeepReference - 1.6" classname="org.eclipse.jdt.core.tests.compiler.parser.ReferenceTypeCompletionTest" time="0"/>
  <testcase name="testExtendsClass - 1.6" classname="org.eclipse.jdt.core.tests.compiler.parser.ReferenceTypeCompletionTest" time="0"/>
  <testcase name="testExtendsInterface - 1.6" classname="org.eclipse.jdt.core.tests.compiler.parser.ReferenceTypeCompletionTest" time="0"/>
  <testcase name="testFieldDeclarationWithModifiers - 1.6" classname="org.eclipse.jdt.core.tests.compiler.parser.ReferenceTypeCompletionTest" time="0"/>
  <testcase name="testFieldDeclarationWithoutModifiers - 1.6" classname="org.eclipse.jdt.core.tests.compiler.parser.ReferenceTypeCompletionTest" time="0"/>
  <testcase name="testFormalParameter - 1.6" classname="org.eclipse.jdt.core.tests.compiler.parser.ReferenceTypeCompletionTest" time="0"/>
  <testcase name="testFormalParameterList - 1.6" classname="org.eclipse.jdt.core.tests.compiler.parser.ReferenceTypeCompletionTest" time="0"/>
  <testcase name="testImplements - 1.6" classname="org.eclipse.jdt.core.tests.compiler.parser.ReferenceTypeCompletionTest" time="0"/>
  <testcase name="testInstanceOf - 1.6" classname="org.eclipse.jdt.core.tests.compiler.parser.ReferenceTypeCompletionTest" time="0.001"/>
  <testcase name="testInterfaceBody - 1.6" classname="org.eclipse.jdt.core.tests.compiler.parser.ReferenceTypeCompletionTest" time="0"/>
  <testcase name="testInterfaceMemberDeclarations - 1.6" classname="org.eclipse.jdt.core.tests.compiler.parser.ReferenceTypeCompletionTest" time="0"/>
  <testcase name="testInterfaceTypeList - 1.6" classname="org.eclipse.jdt.core.tests.compiler.parser.ReferenceTypeCompletionTest" time="0"/>
  <testcase name="testLocalVariableDeclaration - 1.6" classname="org.eclipse.jdt.core.tests.compiler.parser.ReferenceTypeCompletionTest" time="0.001"/>
  <testcase name="testMethodDeclarator - 1.6" classname="org.eclipse.jdt.core.tests.compiler.parser.ReferenceTypeCompletionTest" time="0"/>
  <testcase name="testMethodHeaderWithModifiers - 1.6" classname="org.eclipse.jdt.core.tests.compiler.parser.ReferenceTypeCompletionTest" time="0"/>
  <testcase name="testMethodHeaderWithoutModifiers - 1.6" classname="org.eclipse.jdt.core.tests.compiler.parser.ReferenceTypeCompletionTest" time="0"/>
  <testcase name="testQualifiedTypeReferenceShrinkAll - 1.6" classname="org.eclipse.jdt.core.tests.compiler.parser.ReferenceTypeCompletionTest" time="0"/>
  <testcase name="testQualifiedTypeReferenceShrinkAllButOne - 1.6" classname="org.eclipse.jdt.core.tests.compiler.parser.ReferenceTypeCompletionTest" time="0"/>
  <testcase name="testQualifiedTypeReferenceShrinkNone - 1.6" classname="org.eclipse.jdt.core.tests.compiler.parser.ReferenceTypeCompletionTest" time="0.001"/>
  <testcase name="testQualifiedTypeReferenceShrinkOne - 1.6" classname="org.eclipse.jdt.core.tests.compiler.parser.ReferenceTypeCompletionTest" time="0"/>
  <testcase name="testThrows - 1.6" classname="org.eclipse.jdt.core.tests.compiler.parser.ReferenceTypeCompletionTest" time="0"/>
  <testcase name="testNameSuper - 1.6" classname="org.eclipse.jdt.core.tests.compiler.parser.ExplicitConstructorInvocationSelectionTest" time="0"/>
  <testcase name="testNameThis - 1.6" classname="org.eclipse.jdt.core.tests.compiler.parser.ExplicitConstructorInvocationSelectionTest" time="0"/>
  <testcase name="testBug30946 - 1.6" classname="org.eclipse.jdt.core.tests.compiler.parser.SelectionTest2" time="1.004"/>
  <testcase name="test100 - 1.6" classname="org.eclipse.jdt.core.tests.compiler.parser.DietRecoveryTest" time="0.003"/>
  <testcase name="test102 - 1.6" classname="org.eclipse.jdt.core.tests.compiler.parser.DietRecoveryTest" time="0.011"/>
  <testcase name="test103 - 1.6" classname="org.eclipse.jdt.core.tests.compiler.parser.DietRecoveryTest" time="0.003"/>
  <testcase name="test104 - 1.6" classname="org.eclipse.jdt.core.tests.compiler.parser.DietRecoveryTest" time="0.007"/>
  <testcase name="test105 - 1.6" classname="org.eclipse.jdt.core.tests.compiler.parser.DietRecoveryTest" time="0.003"/>
  <testcase name="test106 - 1.6" classname="org.eclipse.jdt.core.tests.compiler.parser.DietRecoveryTest" time="0"/>
  <testcase name="test107 - 1.6" classname="org.eclipse.jdt.core.tests.compiler.parser.DietRecoveryTest" time="0.001"/>
  <testcase name="test108 - 1.6" classname="org.eclipse.jdt.core.tests.compiler.parser.DietRecoveryTest" time="0.002"/>
  <testcase name="test109 - 1.6" classname="org.eclipse.jdt.core.tests.compiler.parser.DietRecoveryTest" time="0.002"/>
  <testcase name="test110 - 1.6" classname="org.eclipse.jdt.core.tests.compiler.parser.DietRecoveryTest" time="0.002"/>
  <testcase name="test111 - 1.6" classname="org.eclipse.jdt.core.tests.compiler.parser.DietRecoveryTest" time="0.001"/>
  <testcase name="test112 - 1.6" classname="org.eclipse.jdt.core.tests.compiler.parser.DietRecoveryTest" time="0.003"/>
  <testcase name="test113 - 1.6" classname="org.eclipse.jdt.core.tests.compiler.parser.DietRecoveryTest" time="0.001"/>
  <testcase name="test114 - 1.6" classname="org.eclipse.jdt.core.tests.compiler.parser.DietRecoveryTest" time="0.001"/>
  <testcase name="test115 - 1.6" classname="org.eclipse.jdt.core.tests.compiler.parser.DietRecoveryTest" time="0.001"/>
  <testcase name="test116 - 1.6" classname="org.eclipse.jdt.core.tests.compiler.parser.DietRecoveryTest" time="0.004"/>
  <testcase name="test117 - 1.6" classname="org.eclipse.jdt.core.tests.compiler.parser.DietRecoveryTest" time="0.002"/>
  <testcase name="test117_2 - 1.6" classname="org.eclipse.jdt.core.tests.compiler.parser.DietRecoveryTest" time="0.001"/>
  <testcase name="test118 - 1.6" classname="org.eclipse.jdt.core.tests.compiler.parser.DietRecoveryTest" time="0.002"/>
  <testcase name="test119 - 1.6" classname="org.eclipse.jdt.core.tests.compiler.parser.DietRecoveryTest" time="0.002"/>
  <testcase name="test120 - 1.6" classname="org.eclipse.jdt.core.tests.compiler.parser.DietRecoveryTest" time="0.001"/>
  <testcase name="test121 - 1.6" classname="org.eclipse.jdt.core.tests.compiler.parser.DietRecoveryTest" time="0.001"/>
  <testcase name="test122 - 1.6" classname="org.eclipse.jdt.core.tests.compiler.parser.DietRecoveryTest" time="0.002"/>
  <testcase name="test123 - 1.6" classname="org.eclipse.jdt.core.tests.compiler.parser.DietRecoveryTest" time="0.002"/>
  <testcase name="test125 - 1.6" classname="org.eclipse.jdt.core.tests.compiler.parser.DietRecoveryTest" time="2.886"/>
  <testcase name="test126 - 1.6" classname="org.eclipse.jdt.core.tests.compiler.parser.DietRecoveryTest" time="0.002"/>
  <testcase name="test127 - 1.6" classname="org.eclipse.jdt.core.tests.compiler.parser.DietRecoveryTest" time="0.001"/>
  <testcase name="test128 - 1.6" classname="org.eclipse.jdt.core.tests.compiler.parser.DietRecoveryTest" time="0.002"/>
  <testcase name="test405778 - 1.6" classname="org.eclipse.jdt.core.tests.compiler.parser.DietRecoveryTest" time="0.001"/>
  <testcase name="test405778a - 1.6" classname="org.eclipse.jdt.core.tests.compiler.parser.DietRecoveryTest" time="0.002"/>
  <testcase name="test456861 - 1.6" classname="org.eclipse.jdt.core.tests.compiler.parser.DietRecoveryTest" time="0.001"/>
  <testcase name="test56 - 1.6" classname="org.eclipse.jdt.core.tests.compiler.parser.DietRecoveryTest" time="0.003"/>
  <testcase name="test56 - 1.6" classname="org.eclipse.jdt.core.tests.compiler.parser.SourceElementParserTest" time="0"/>
  <testcase name="test57 - 1.6" classname="org.eclipse.jdt.core.tests.compiler.parser.DietRecoveryTest" time="0.003"/>
  <testcase name="test57 - 1.6" classname="org.eclipse.jdt.core.tests.compiler.parser.SourceElementParserTest" time="0"/>
  <testcase name="test58 - 1.6" classname="org.eclipse.jdt.core.tests.compiler.parser.DietRecoveryTest" time="0.001"/>
  <testcase name="test58 - 1.6" classname="org.eclipse.jdt.core.tests.compiler.parser.SourceElementParserTest" time="0"/>
  <testcase name="test59 - 1.6" classname="org.eclipse.jdt.core.tests.compiler.parser.DietRecoveryTest" time="0.001"/>
  <testcase name="test59 - 1.6" classname="org.eclipse.jdt.core.tests.compiler.parser.SourceElementParserTest" time="0"/>
  <testcase name="test60 - 1.6" classname="org.eclipse.jdt.core.tests.compiler.parser.DietRecoveryTest" time="0.002"/>
  <testcase name="test60 - 1.6" classname="org.eclipse.jdt.core.tests.compiler.parser.SourceElementParserTest" time="0"/>
  <testcase name="test61 - 1.6" classname="org.eclipse.jdt.core.tests.compiler.parser.DietRecoveryTest" time="0.002"/>
  <testcase name="test61 - 1.6" classname="org.eclipse.jdt.core.tests.compiler.parser.SourceElementParserTest" time="0.001"/>
  <testcase name="test62 - 1.6" classname="org.eclipse.jdt.core.tests.compiler.parser.DietRecoveryTest" time="0.003"/>
  <testcase name="test62 - 1.6" classname="org.eclipse.jdt.core.tests.compiler.parser.SourceElementParserTest" time="0.001"/>
  <testcase name="test63 - 1.6" classname="org.eclipse.jdt.core.tests.compiler.parser.DietRecoveryTest" time="0.001"/>
  <testcase name="test63 - 1.6" classname="org.eclipse.jdt.core.tests.compiler.parser.SourceElementParserTest" time="0.001"/>
  <testcase name="test64 - 1.6" classname="org.eclipse.jdt.core.tests.compiler.parser.DietRecoveryTest" time="0.003"/>
  <testcase name="test64 - 1.6" classname="org.eclipse.jdt.core.tests.compiler.parser.SourceElementParserTest" time="0"/>
  <testcase name="test65 - 1.6" classname="org.eclipse.jdt.core.tests.compiler.parser.DietRecoveryTest" time="0.004"/>
  <testcase name="test65 - 1.6" classname="org.eclipse.jdt.core.tests.compiler.parser.SourceElementParserTest" time="0"/>
  <testcase name="test66 - 1.6" classname="org.eclipse.jdt.core.tests.compiler.parser.DietRecoveryTest" time="0.002"/>
  <testcase name="test66 - 1.6" classname="org.eclipse.jdt.core.tests.compiler.parser.SourceElementParserTest" time="0"/>
  <testcase name="test67 - 1.6" classname="org.eclipse.jdt.core.tests.compiler.parser.DietRecoveryTest" time="0.001"/>
  <testcase name="test67 - 1.6" classname="org.eclipse.jdt.core.tests.compiler.parser.SourceElementParserTest" time="0"/>
  <testcase name="test68 - 1.6" classname="org.eclipse.jdt.core.tests.compiler.parser.DietRecoveryTest" time="0"/>
  <testcase name="test68 - 1.6" classname="org.eclipse.jdt.core.tests.compiler.parser.SourceElementParserTest" time="0.001"/>
  <testcase name="test69 - 1.6" classname="org.eclipse.jdt.core.tests.compiler.parser.DietRecoveryTest" time="0.002"/>
  <testcase name="test69 - 1.6" classname="org.eclipse.jdt.core.tests.compiler.parser.SourceElementParserTest" time="0"/>
  <testcase name="test70 - 1.6" classname="org.eclipse.jdt.core.tests.compiler.parser.DietRecoveryTest" time="0.002"/>
  <testcase name="test70 - 1.6" classname="org.eclipse.jdt.core.tests.compiler.parser.SourceElementParserTest" time="0"/>
  <testcase name="test71 - 1.6" classname="org.eclipse.jdt.core.tests.compiler.parser.DietRecoveryTest" time="0.001"/>
  <testcase name="test71 - 1.6" classname="org.eclipse.jdt.core.tests.compiler.parser.SourceElementParserTest" time="0.001"/>
  <testcase name="test72 - 1.6" classname="org.eclipse.jdt.core.tests.compiler.parser.DietRecoveryTest" time="0.001"/>
  <testcase name="test72 - 1.6" classname="org.eclipse.jdt.core.tests.compiler.parser.SourceElementParserTest" time="0"/>
  <testcase name="test73 - 1.6" classname="org.eclipse.jdt.core.tests.compiler.parser.DietRecoveryTest" time="0.002"/>
  <testcase name="test73 - 1.6" classname="org.eclipse.jdt.core.tests.compiler.parser.SourceElementParserTest" time="0"/>
  <testcase name="test74 - 1.6" classname="org.eclipse.jdt.core.tests.compiler.parser.DietRecoveryTest" time="0.001"/>
  <testcase name="test74 - 1.6" classname="org.eclipse.jdt.core.tests.compiler.parser.SourceElementParserTest" time="0.001"/>
  <testcase name="test75 - 1.6" classname="org.eclipse.jdt.core.tests.compiler.parser.DietRecoveryTest" time="0.006"/>
  <testcase name="test75 - 1.6" classname="org.eclipse.jdt.core.tests.compiler.parser.SourceElementParserTest" time="0.001"/>
  <testcase name="test76 - 1.6" classname="org.eclipse.jdt.core.tests.compiler.parser.DietRecoveryTest" time="0.002"/>
  <testcase name="test76 - 1.6" classname="org.eclipse.jdt.core.tests.compiler.parser.SourceElementParserTest" time="0"/>
  <testcase name="test77 - 1.6" classname="org.eclipse.jdt.core.tests.compiler.parser.DietRecoveryTest" time="0.003"/>
  <testcase name="test78 - 1.6" classname="org.eclipse.jdt.core.tests.compiler.parser.DietRecoveryTest" time="0.002"/>
  <testcase name="test79 - 1.6" classname="org.eclipse.jdt.core.tests.compiler.parser.DietRecoveryTest" time="0.003"/>
  <testcase name="test80 - 1.6" classname="org.eclipse.jdt.core.tests.compiler.parser.DietRecoveryTest" time="0.002"/>
  <testcase name="test81 - 1.6" classname="org.eclipse.jdt.core.tests.compiler.parser.DietRecoveryTest" time="0.002"/>
  <testcase name="test81 - 1.6" classname="org.eclipse.jdt.core.tests.compiler.parser.SourceElementParserTest" time="0.001"/>
  <testcase name="test82 - 1.6" classname="org.eclipse.jdt.core.tests.compiler.parser.DietRecoveryTest" time="0.002"/>
  <testcase name="test83 - 1.6" classname="org.eclipse.jdt.core.tests.compiler.parser.DietRecoveryTest" time="0.001"/>
  <testcase name="test84 - 1.6" classname="org.eclipse.jdt.core.tests.compiler.parser.DietRecoveryTest" time="0.001"/>
  <testcase name="test85 - 1.6" classname="org.eclipse.jdt.core.tests.compiler.parser.DietRecoveryTest" time="0.001"/>
  <testcase name="test86 - 1.6" classname="org.eclipse.jdt.core.tests.compiler.parser.DietRecoveryTest" time="0.001"/>
  <testcase name="test87 - 1.6" classname="org.eclipse.jdt.core.tests.compiler.parser.DietRecoveryTest" time="0.002"/>
  <testcase name="test88 - 1.6" classname="org.eclipse.jdt.core.tests.compiler.parser.DietRecoveryTest" time="0.002"/>
  <testcase name="test89 - 1.6" classname="org.eclipse.jdt.core.tests.compiler.parser.DietRecoveryTest" time="0.002"/>
  <testcase name="test90 - 1.6" classname="org.eclipse.jdt.core.tests.compiler.parser.DietRecoveryTest" time="0.004"/>
  <testcase name="test91 - 1.6" classname="org.eclipse.jdt.core.tests.compiler.parser.DietRecoveryTest" time="0.001"/>
  <testcase name="test92 - 1.6" classname="org.eclipse.jdt.core.tests.compiler.parser.DietRecoveryTest" time="0"/>
  <testcase name="test93 - 1.6" classname="org.eclipse.jdt.core.tests.compiler.parser.DietRecoveryTest" time="0.001"/>
  <testcase name="test94 - 1.6" classname="org.eclipse.jdt.core.tests.compiler.parser.DietRecoveryTest" time="0.004"/>
  <testcase name="test95 - 1.6" classname="org.eclipse.jdt.core.tests.compiler.parser.DietRecoveryTest" time="0"/>
  <testcase name="test96 - 1.6" classname="org.eclipse.jdt.core.tests.compiler.parser.DietRecoveryTest" time="0.001"/>
  <testcase name="test97 - 1.6" classname="org.eclipse.jdt.core.tests.compiler.parser.DietRecoveryTest" time="0.001"/>
  <testcase name="test98 - 1.6" classname="org.eclipse.jdt.core.tests.compiler.parser.DietRecoveryTest" time="0.003"/>
  <testcase name="test99 - 1.6" classname="org.eclipse.jdt.core.tests.compiler.parser.DietRecoveryTest" time="0.021"/>
  <testcase name="test0021 - 1.6" classname="org.eclipse.jdt.core.tests.compiler.parser.StatementRecoveryTest" time="0.001"/>
  <testcase name="test0021 - 1.6" classname="org.eclipse.jdt.core.tests.compiler.parser.ComplianceDiagnoseTest" time="0"/>
  <testcase name="test0021 - 1.6" classname="org.eclipse.jdt.core.tests.compiler.parser.GenericsCompletionParserTest" time="0"/>
  <testcase name="test0021 - 1.6" classname="org.eclipse.jdt.core.tests.compiler.parser.AnnotationCompletionParserTest" time="0"/>
  <testcase name="test0021 - 1.6" classname="org.eclipse.jdt.core.tests.compiler.parser.GenericsSelectionTest" time="0.001"/>
  <testcase name="test0021 - 1.6" classname="org.eclipse.jdt.core.tests.compiler.parser.GenericDietRecoveryTest" time="0.004"/>
  <testcase name="test0021 - 1.6" classname="org.eclipse.jdt.core.tests.compiler.parser.AnnotationDietRecoveryTest" time="0.004"/>
  <testcase name="test0023 - 1.6" classname="org.eclipse.jdt.core.tests.compiler.parser.StatementRecoveryTest" time="0.001"/>
  <testcase name="test0023 - 1.6" classname="org.eclipse.jdt.core.tests.compiler.parser.ComplianceDiagnoseTest" time="0.001"/>
  <testcase name="test0023 - 1.6" classname="org.eclipse.jdt.core.tests.compiler.parser.GenericsCompletionParserTest" time="0"/>
  <testcase name="test0023 - 1.6" classname="org.eclipse.jdt.core.tests.compiler.parser.AnnotationCompletionParserTest" time="0.001"/>
  <testcase name="test0023 - 1.6" classname="org.eclipse.jdt.core.tests.compiler.parser.GenericsSelectionTest" time="0"/>
  <testcase name="test0023 - 1.6" classname="org.eclipse.jdt.core.tests.compiler.parser.GenericDietRecoveryTest" time="0.002"/>
  <testcase name="test0023 - 1.6" classname="org.eclipse.jdt.core.tests.compiler.parser.AnnotationDietRecoveryTest" time="0.003"/>
  <testcase name="test0024 - 1.6" classname="org.eclipse.jdt.core.tests.compiler.parser.StatementRecoveryTest" time="0.001"/>
  <testcase name="test0024 - 1.6" classname="org.eclipse.jdt.core.tests.compiler.parser.GenericsCompletionParserTest" time="0"/>
  <testcase name="test0024 - 1.6" classname="org.eclipse.jdt.core.tests.compiler.parser.GenericsSelectionTest" time="0"/>
  <testcase name="test0024 - 1.6" classname="org.eclipse.jdt.core.tests.compiler.parser.GenericDietRecoveryTest" time="0.001"/>
  <testcase name="test0024 - 1.6" classname="org.eclipse.jdt.core.tests.compiler.parser.AnnotationDietRecoveryTest" time="0.003"/>
  <testcase name="test0026 - 1.6" classname="org.eclipse.jdt.core.tests.compiler.parser.StatementRecoveryTest" time="0.001"/>
  <testcase name="test0026 - 1.6" classname="org.eclipse.jdt.core.tests.compiler.parser.ComplianceDiagnoseTest" time="0.001"/>
  <testcase name="test0026 - 1.6" classname="org.eclipse.jdt.core.tests.compiler.parser.GenericsCompletionParserTest" time="0"/>
  <testcase name="test0026 - 1.6" classname="org.eclipse.jdt.core.tests.compiler.parser.AnnotationCompletionParserTest" time="0"/>
  <testcase name="test0026 - 1.6" classname="org.eclipse.jdt.core.tests.compiler.parser.GenericDietRecoveryTest" time="0.002"/>
  <testcase name="test0026 - 1.6" classname="org.eclipse.jdt.core.tests.compiler.parser.AnnotationDietRecoveryTest" time="0.001"/>
  <testcase name="test0027 - 1.6" classname="org.eclipse.jdt.core.tests.compiler.parser.StatementRecoveryTest" time="0.001"/>
  <testcase name="test0027 - 1.6" classname="org.eclipse.jdt.core.tests.compiler.parser.ComplianceDiagnoseTest" time="0.001"/>
  <testcase name="test0027 - 1.6" classname="org.eclipse.jdt.core.tests.compiler.parser.GenericsCompletionParserTest" time="0"/>
  <testcase name="test0027 - 1.6" classname="org.eclipse.jdt.core.tests.compiler.parser.AnnotationCompletionParserTest" time="0"/>
  <testcase name="test0027 - 1.6" classname="org.eclipse.jdt.core.tests.compiler.parser.AnnotationDietRecoveryTest" time="0.001"/>
  <testcase name="test0038 - 1.6" classname="org.eclipse.jdt.core.tests.compiler.parser.StatementRecoveryTest" time="0.002"/>
  <testcase name="test0038 - 1.6" classname="org.eclipse.jdt.core.tests.compiler.parser.ComplianceDiagnoseTest" time="0.001"/>
  <testcase name="test0038 - 1.6" classname="org.eclipse.jdt.core.tests.compiler.parser.AnnotationCompletionParserTest" time="0.001"/>
  <testcase name="test0038 - 1.6" classname="org.eclipse.jdt.core.tests.compiler.parser.AnnotationDietRecoveryTest" time="0.003"/>
  <testcase name="test0039 - 1.6" classname="org.eclipse.jdt.core.tests.compiler.parser.StatementRecoveryTest" time="0.001"/>
  <testcase name="test0039 - 1.6" classname="org.eclipse.jdt.core.tests.compiler.parser.ComplianceDiagnoseTest" time="0.001"/>
  <testcase name="test0039 - 1.6" classname="org.eclipse.jdt.core.tests.compiler.parser.AnnotationCompletionParserTest" time="0"/>
  <testcase name="test0039 - 1.6" classname="org.eclipse.jdt.core.tests.compiler.parser.AnnotationDietRecoveryTest" time="0.001"/>
  <testcase name="test0041 - 1.6" classname="org.eclipse.jdt.core.tests.compiler.parser.StatementRecoveryTest" time="0.003"/>
  <testcase name="test0041 - 1.6" classname="org.eclipse.jdt.core.tests.compiler.parser.ComplianceDiagnoseTest" time="0.001"/>
  <testcase name="test0041 - 1.6" classname="org.eclipse.jdt.core.tests.compiler.parser.AnnotationDietRecoveryTest" time="0.001"/>
  <testcase name="test0042 - 1.6" classname="org.eclipse.jdt.core.tests.compiler.parser.StatementRecoveryTest" time="0.001"/>
  <testcase name="test0042 - 1.6" classname="org.eclipse.jdt.core.tests.compiler.parser.ComplianceDiagnoseTest" time="0.002"/>
  <testcase name="test0042 - 1.6" classname="org.eclipse.jdt.core.tests.compiler.parser.AnnotationCompletionParserTest" time="0"/>
  <testcase name="test0044 - 1.6" classname="org.eclipse.jdt.core.tests.compiler.parser.StatementRecoveryTest" time="0.001"/>
  <testcase name="test0044 - 1.6" classname="org.eclipse.jdt.core.tests.compiler.parser.ComplianceDiagnoseTest" time="0.001"/>
  <testcase name="test0044 - 1.6" classname="org.eclipse.jdt.core.tests.compiler.parser.AnnotationCompletionParserTest" time="0"/>
  <testcase name="test0045 - 1.6" classname="org.eclipse.jdt.core.tests.compiler.parser.StatementRecoveryTest" time="0.002"/>
  <testcase name="test0045 - 1.6" classname="org.eclipse.jdt.core.tests.compiler.parser.ComplianceDiagnoseTest" time="0"/>
  <testcase name="test0045 - 1.6" classname="org.eclipse.jdt.core.tests.compiler.parser.AnnotationCompletionParserTest" time="0"/>
  <testcase name="testBug430336 - 1.6" classname="org.eclipse.jdt.core.tests.compiler.parser.StatementRecoveryTest" time="0.002"/>
  <testcase name="testBug99662 - 1.6" classname="org.eclipse.jdt.core.tests.compiler.parser.SourceElementParserTest" time="0"/>
  <testcase name="test018 - 1.6" classname="org.eclipse.jdt.core.tests.compiler.parser.ParserTest" time="0"/>
  <testcase name="test019 - 1.6" classname="org.eclipse.jdt.core.tests.compiler.parser.ParserTest" time="0.001"/>
  <testcase name="testBug485477 - 1.6" classname="org.eclipse.jdt.core.tests.compiler.parser.ParserTest" time="0.002"/>
  <testcase name="test0056 - 1.6" classname="org.eclipse.jdt.core.tests.compiler.parser.ComplianceDiagnoseTest" time="0.005"/>
  <testcase name="test0056 - 1.6" classname="org.eclipse.jdt.core.tests.compiler.parser.AnnotationCompletionParserTest" time="0"/>
  <testcase name="test0057 - 1.6" classname="org.eclipse.jdt.core.tests.compiler.parser.ComplianceDiagnoseTest" time="0.001"/>
  <testcase name="test0057 - 1.6" classname="org.eclipse.jdt.core.tests.compiler.parser.AnnotationCompletionParserTest" time="0"/>
  <testcase name="test0059 - 1.6" classname="org.eclipse.jdt.core.tests.compiler.parser.ComplianceDiagnoseTest" time="0.001"/>
  <testcase name="test0059 - 1.6" classname="org.eclipse.jdt.core.tests.compiler.parser.GenericsCompletionParserTest" time="0"/>
  <testcase name="test401850 - 1.6" classname="org.eclipse.jdt.core.tests.compiler.parser.ComplianceDiagnoseTest" time="0"/>
  <testcase name="test406846 - 1.6" classname="org.eclipse.jdt.core.tests.compiler.parser.ComplianceDiagnoseTest" time="0.003"/>
  <testcase name="test421477 - 1.6" classname="org.eclipse.jdt.core.tests.compiler.parser.ComplianceDiagnoseTest" time="0"/>
  <testcase name="test428605 - 1.6" classname="org.eclipse.jdt.core.tests.compiler.parser.ComplianceDiagnoseTest" time="0"/>
  <testcase name="test429110 - 1.6" classname="org.eclipse.jdt.core.tests.compiler.parser.ComplianceDiagnoseTest" time="0"/>
  <testcase name="testBug391201 - 1.6" classname="org.eclipse.jdt.core.tests.compiler.parser.ComplianceDiagnoseTest" time="0.004"/>
  <testcase name="testBug399773 - 1.6" classname="org.eclipse.jdt.core.tests.compiler.parser.ComplianceDiagnoseTest" time="0.001"/>
  <testcase name="testBug399778 - 1.6" classname="org.eclipse.jdt.core.tests.compiler.parser.ComplianceDiagnoseTest" time="0.002"/>
  <testcase name="testBug399778a - 1.6" classname="org.eclipse.jdt.core.tests.compiler.parser.ComplianceDiagnoseTest" time="0.004"/>
  <testcase name="testBug399780 - 1.6" classname="org.eclipse.jdt.core.tests.compiler.parser.ComplianceDiagnoseTest" time="0.001"/>
  <testcase name="testBug399781 - 1.6" classname="org.eclipse.jdt.core.tests.compiler.parser.ComplianceDiagnoseTest" time="0.003"/>
  <testcase name="testBug440285 - 1.6" classname="org.eclipse.jdt.core.tests.compiler.parser.ComplianceDiagnoseTest" time="0"/>
  <testcase name="testBug531714_001 - 1.6" classname="org.eclipse.jdt.core.tests.compiler.parser.ComplianceDiagnoseTest" time="0.002"/>
  <testcase name="testBug531714_002 - 1.6" classname="org.eclipse.jdt.core.tests.compiler.parser.ComplianceDiagnoseTest" time="0.001"/>
  <testcase name="test0049_Diet - 1.6" classname="org.eclipse.jdt.core.tests.compiler.parser.GenericsCompletionParserTest" time="0"/>
  <testcase name="test0049_Method - 1.6" classname="org.eclipse.jdt.core.tests.compiler.parser.GenericsCompletionParserTest" time="0"/>
  <testcase name="test0052_Diet - 1.6" classname="org.eclipse.jdt.core.tests.compiler.parser.GenericsCompletionParserTest" time="0"/>
  <testcase name="test0052_Diet - 1.6" classname="org.eclipse.jdt.core.tests.compiler.parser.AnnotationCompletionParserTest" time="0"/>
  <testcase name="test0052_Method - 1.6" classname="org.eclipse.jdt.core.tests.compiler.parser.GenericsCompletionParserTest" time="0.001"/>
  <testcase name="test0052_Method - 1.6" classname="org.eclipse.jdt.core.tests.compiler.parser.AnnotationCompletionParserTest" time="0"/>
  <testcase name="test0080 - 1.6" classname="org.eclipse.jdt.core.tests.compiler.parser.GenericsCompletionParserTest" time="0"/>
  <testcase name="test0080 - 1.6" classname="org.eclipse.jdt.core.tests.compiler.parser.AnnotationCompletionParserTest" time="0"/>
  <testcase name="test0081 - 1.6" classname="org.eclipse.jdt.core.tests.compiler.parser.GenericsCompletionParserTest" time="0"/>
  <testcase name="test0081 - 1.6" classname="org.eclipse.jdt.core.tests.compiler.parser.AnnotationCompletionParserTest" time="0.001"/>
  <testcase name="test0082 - 1.6" classname="org.eclipse.jdt.core.tests.compiler.parser.GenericsCompletionParserTest" time="0"/>
  <testcase name="test0082 - 1.6" classname="org.eclipse.jdt.core.tests.compiler.parser.AnnotationCompletionParserTest" time="0"/>
  <testcase name="test0090 - 1.6" classname="org.eclipse.jdt.core.tests.compiler.parser.GenericsCompletionParserTest" time="0"/>
  <testcase name="test0090 - 1.6" classname="org.eclipse.jdt.core.tests.compiler.parser.AnnotationCompletionParserTest" time="0"/>
  <testcase name="test0092 - 1.6" classname="org.eclipse.jdt.core.tests.compiler.parser.GenericsCompletionParserTest" time="0.001"/>
  <testcase name="test0092 - 1.6" classname="org.eclipse.jdt.core.tests.compiler.parser.AnnotationCompletionParserTest" time="0"/>
  <testcase name="test0093 - 1.6" classname="org.eclipse.jdt.core.tests.compiler.parser.GenericsCompletionParserTest" time="0"/>
  <testcase name="test0093 - 1.6" classname="org.eclipse.jdt.core.tests.compiler.parser.AnnotationCompletionParserTest" time="0"/>
  <testcase name="test0095 - 1.6" classname="org.eclipse.jdt.core.tests.compiler.parser.GenericsCompletionParserTest" time="0"/>
  <testcase name="test0095 - 1.6" classname="org.eclipse.jdt.core.tests.compiler.parser.AnnotationCompletionParserTest" time="0.001"/>
  <testcase name="test0096 - 1.6" classname="org.eclipse.jdt.core.tests.compiler.parser.GenericsCompletionParserTest" time="0"/>
  <testcase name="test0096 - 1.6" classname="org.eclipse.jdt.core.tests.compiler.parser.AnnotationCompletionParserTest" time="0"/>
  <testcase name="test0097 - 1.6" classname="org.eclipse.jdt.core.tests.compiler.parser.GenericsCompletionParserTest" time="0"/>
  <testcase name="test0097 - 1.6" classname="org.eclipse.jdt.core.tests.compiler.parser.AnnotationCompletionParserTest" time="0.001"/>
  <testcase name="test0098 - 1.6" classname="org.eclipse.jdt.core.tests.compiler.parser.GenericsCompletionParserTest" time="0"/>
  <testcase name="test0098 - 1.6" classname="org.eclipse.jdt.core.tests.compiler.parser.AnnotationCompletionParserTest" time="0"/>
  <testcase name="test0127_Diet - 1.6" classname="org.eclipse.jdt.core.tests.compiler.parser.GenericsCompletionParserTest" time="0"/>
  <testcase name="test0127_Method - 1.6" classname="org.eclipse.jdt.core.tests.compiler.parser.GenericsCompletionParserTest" time="0"/>
  <testcase name="test0134_Diet - 1.6" classname="org.eclipse.jdt.core.tests.compiler.parser.GenericsCompletionParserTest" time="0"/>
  <testcase name="test0134_Method - 1.6" classname="org.eclipse.jdt.core.tests.compiler.parser.GenericsCompletionParserTest" time="0"/>
  <testcase name="test0136_Diet - 1.6" classname="org.eclipse.jdt.core.tests.compiler.parser.GenericsCompletionParserTest" time="0"/>
  <testcase name="test0136_Method - 1.6" classname="org.eclipse.jdt.core.tests.compiler.parser.GenericsCompletionParserTest" time="0"/>
  <testcase name="test0139_Diet - 1.6" classname="org.eclipse.jdt.core.tests.compiler.parser.GenericsCompletionParserTest" time="0"/>
  <testcase name="test0139_Method - 1.6" classname="org.eclipse.jdt.core.tests.compiler.parser.GenericsCompletionParserTest" time="0"/>
  <testcase name="test0140_Diet - 1.6" classname="org.eclipse.jdt.core.tests.compiler.parser.GenericsCompletionParserTest" time="0"/>
  <testcase name="test0140_Method - 1.6" classname="org.eclipse.jdt.core.tests.compiler.parser.GenericsCompletionParserTest" time="0"/>
  <testcase name="test0141_Diet - 1.6" classname="org.eclipse.jdt.core.tests.compiler.parser.GenericsCompletionParserTest" time="0"/>
  <testcase name="test0141_Method - 1.6" classname="org.eclipse.jdt.core.tests.compiler.parser.GenericsCompletionParserTest" time="0"/>
  <testcase name="test0159_Diet - 1.6" classname="org.eclipse.jdt.core.tests.compiler.parser.GenericsCompletionParserTest" time="0"/>
  <testcase name="test0159_Method - 1.6" classname="org.eclipse.jdt.core.tests.compiler.parser.GenericsCompletionParserTest" time="0.001"/>
  <testcase name="test0160_Diet - 1.6" classname="org.eclipse.jdt.core.tests.compiler.parser.GenericsCompletionParserTest" time="0"/>
  <testcase name="test0160_Method - 1.6" classname="org.eclipse.jdt.core.tests.compiler.parser.GenericsCompletionParserTest" time="0"/>
  <testcase name="test0172_Diet - 1.6" classname="org.eclipse.jdt.core.tests.compiler.parser.GenericsCompletionParserTest" time="0"/>
  <testcase name="test0172_Method - 1.6" classname="org.eclipse.jdt.core.tests.compiler.parser.GenericsCompletionParserTest" time="0"/>
  <testcase name="test0174_Method - 1.6" classname="org.eclipse.jdt.core.tests.compiler.parser.GenericsCompletionParserTest" time="0"/>
  <testcase name="test0175_Method - 1.6" classname="org.eclipse.jdt.core.tests.compiler.parser.GenericsCompletionParserTest" time="0.001"/>
  <testcase name="test0176_Method - 1.6" classname="org.eclipse.jdt.core.tests.compiler.parser.GenericsCompletionParserTest" time="0"/>
  <testcase name="test0181 - 1.6" classname="org.eclipse.jdt.core.tests.compiler.parser.GenericsCompletionParserTest" time="0"/>
  <testcase name="test0182 - 1.6" classname="org.eclipse.jdt.core.tests.compiler.parser.GenericsCompletionParserTest" time="0"/>
  <testcase name="test0183 - 1.6" classname="org.eclipse.jdt.core.tests.compiler.parser.GenericsCompletionParserTest" time="0"/>
  <testcase name="test0185 - 1.6" classname="org.eclipse.jdt.core.tests.compiler.parser.GenericsCompletionParserTest" time="0"/>
  <testcase name="test0186 - 1.6" classname="org.eclipse.jdt.core.tests.compiler.parser.GenericsCompletionParserTest" time="0"/>
  <testcase name="test0194_Diet - 1.6" classname="org.eclipse.jdt.core.tests.compiler.parser.GenericsCompletionParserTest" time="0"/>
  <testcase name="test0194_Method - 1.6" classname="org.eclipse.jdt.core.tests.compiler.parser.GenericsCompletionParserTest" time="0.001"/>
  <testcase name="test0195_Diet - 1.6" classname="org.eclipse.jdt.core.tests.compiler.parser.GenericsCompletionParserTest" time="0"/>
  <testcase name="test0195_Method - 1.6" classname="org.eclipse.jdt.core.tests.compiler.parser.GenericsCompletionParserTest" time="0"/>
  <testcase name="test0202_Diet - 1.6" classname="org.eclipse.jdt.core.tests.compiler.parser.GenericsCompletionParserTest" time="0.001"/>
  <testcase name="test0202_Method - 1.6" classname="org.eclipse.jdt.core.tests.compiler.parser.GenericsCompletionParserTest" time="0"/>
  <testcase name="test0203_Diet - 1.6" classname="org.eclipse.jdt.core.tests.compiler.parser.GenericsCompletionParserTest" time="0"/>
  <testcase name="test0203_Method - 1.6" classname="org.eclipse.jdt.core.tests.compiler.parser.GenericsCompletionParserTest" time="0"/>
  <testcase name="test0204_Diet - 1.6" classname="org.eclipse.jdt.core.tests.compiler.parser.GenericsCompletionParserTest" time="0"/>
  <testcase name="test0204_Method - 1.6" classname="org.eclipse.jdt.core.tests.compiler.parser.GenericsCompletionParserTest" time="0"/>
  <testcase name="test0206_Diet - 1.6" classname="org.eclipse.jdt.core.tests.compiler.parser.GenericsCompletionParserTest" time="0"/>
  <testcase name="test0206_Method - 1.6" classname="org.eclipse.jdt.core.tests.compiler.parser.GenericsCompletionParserTest" time="0"/>
  <testcase name="test0207_Diet - 1.6" classname="org.eclipse.jdt.core.tests.compiler.parser.GenericsCompletionParserTest" time="0"/>
  <testcase name="test0207_Method - 1.6" classname="org.eclipse.jdt.core.tests.compiler.parser.GenericsCompletionParserTest" time="0"/>
  <testcase name="test0208_Diet - 1.6" classname="org.eclipse.jdt.core.tests.compiler.parser.GenericsCompletionParserTest" time="0"/>
  <testcase name="test0208_Method - 1.6" classname="org.eclipse.jdt.core.tests.compiler.parser.GenericsCompletionParserTest" time="0"/>
  <testcase name="test0209_Diet - 1.6" classname="org.eclipse.jdt.core.tests.compiler.parser.GenericsCompletionParserTest" time="0.001"/>
  <testcase name="test0209_Method - 1.6" classname="org.eclipse.jdt.core.tests.compiler.parser.GenericsCompletionParserTest" time="0"/>
  <testcase name="test0210_Diet - 1.6" classname="org.eclipse.jdt.core.tests.compiler.parser.GenericsCompletionParserTest" time="0"/>
  <testcase name="test0210_Method - 1.6" classname="org.eclipse.jdt.core.tests.compiler.parser.GenericsCompletionParserTest" time="0"/>
  <testcase name="test0213_Diet - 1.6" classname="org.eclipse.jdt.core.tests.compiler.parser.GenericsCompletionParserTest" time="0"/>
  <testcase name="test0213_Method - 1.6" classname="org.eclipse.jdt.core.tests.compiler.parser.GenericsCompletionParserTest" time="0.001"/>
  <testcase name="test0215_Diet - 1.6" classname="org.eclipse.jdt.core.tests.compiler.parser.GenericsCompletionParserTest" time="0.001"/>
  <testcase name="test0215_Method - 1.6" classname="org.eclipse.jdt.core.tests.compiler.parser.GenericsCompletionParserTest" time="0"/>
  <testcase name="testBug351426 - 1.6" classname="org.eclipse.jdt.core.tests.compiler.parser.GenericsCompletionParserTest" time="0"/>
  <testcase name="testBug351426b - 1.6" classname="org.eclipse.jdt.core.tests.compiler.parser.GenericsCompletionParserTest" time="0"/>
  <testcase name="testBug351426c - 1.6" classname="org.eclipse.jdt.core.tests.compiler.parser.GenericsCompletionParserTest" time="0"/>
  <testcase name="test0013_Diet - 1.6" classname="org.eclipse.jdt.core.tests.compiler.parser.AnnotationCompletionParserTest" time="0"/>
  <testcase name="test0013_Method - 1.6" classname="org.eclipse.jdt.core.tests.compiler.parser.AnnotationCompletionParserTest" time="0"/>
  <testcase name="test0064_Diet - 1.6" classname="org.eclipse.jdt.core.tests.compiler.parser.AnnotationCompletionParserTest" time="0"/>
  <testcase name="test0064_Method - 1.6" classname="org.eclipse.jdt.core.tests.compiler.parser.AnnotationCompletionParserTest" time="0"/>
  <testcase name="test0099 - 1.6" classname="org.eclipse.jdt.core.tests.compiler.parser.AnnotationCompletionParserTest" time="0"/>
  <testcase name="test0100 - 1.6" classname="org.eclipse.jdt.core.tests.compiler.parser.AnnotationCompletionParserTest" time="0"/>
  <testcase name="testInIfStatement - 1.7" classname="org.eclipse.jdt.core.tests.compiler.parser.AllocationExpressionCompletionTest" time="0.001"/>
  <testcase name="testInIfStatement - 1.7" classname="org.eclipse.jdt.core.tests.compiler.parser.MethodInvocationCompletionTest" time="0"/>
  <testcase name="testNoQualificationQualifiedTypeName - 1.7" classname="org.eclipse.jdt.core.tests.compiler.parser.AllocationExpressionCompletionTest" time="0"/>
  <testcase name="testNoQualificationSimpleTypeName - 1.7" classname="org.eclipse.jdt.core.tests.compiler.parser.AllocationExpressionCompletionTest" time="0"/>
  <testcase name="testQualifiedWithName - 1.7" classname="org.eclipse.jdt.core.tests.compiler.parser.AllocationExpressionCompletionTest" time="0"/>
  <testcase name="testQualifiedWithPrimary - 1.7" classname="org.eclipse.jdt.core.tests.compiler.parser.AllocationExpressionCompletionTest" time="0"/>
  <testcase name="testArrayType - 1.7" classname="org.eclipse.jdt.core.tests.compiler.parser.ClassLiteralAccessCompletionTest" time="0"/>
  <testcase name="testArrayTypeWithNonEmptyIdentifier - 1.7" classname="org.eclipse.jdt.core.tests.compiler.parser.ClassLiteralAccessCompletionTest" time="0"/>
  <testcase name="testPrimitiveArrayType - 1.7" classname="org.eclipse.jdt.core.tests.compiler.parser.ClassLiteralAccessCompletionTest" time="0"/>
  <testcase name="testPrimitiveArrayTypeWithNonEmptyIdentifier - 1.7" classname="org.eclipse.jdt.core.tests.compiler.parser.ClassLiteralAccessCompletionTest" time="0"/>
  <testcase name="testPrimitiveType - 1.7" classname="org.eclipse.jdt.core.tests.compiler.parser.ClassLiteralAccessCompletionTest" time="0.001"/>
  <testcase name="testPrimitiveTypeWithNonEmptyIdentifier - 1.7" classname="org.eclipse.jdt.core.tests.compiler.parser.ClassLiteralAccessCompletionTest" time="0"/>
  <testcase name="test001 - 1.7" classname="org.eclipse.jdt.core.tests.compiler.parser.CompletionParserTest" time="0"/>
  <testcase name="test001 - 1.7" classname="org.eclipse.jdt.core.tests.compiler.parser.JavadocCompletionParserTest" time="0"/>
  <testcase name="test001 - 1.7" classname="org.eclipse.jdt.core.tests.compiler.parser.ParserTest" time="0"/>
  <testcase name="test002 - 1.7" classname="org.eclipse.jdt.core.tests.compiler.parser.CompletionParserTest" time="0"/>
  <testcase name="test002 - 1.7" classname="org.eclipse.jdt.core.tests.compiler.parser.JavadocCompletionParserTest" time="0"/>
  <testcase name="test002 - 1.7" classname="org.eclipse.jdt.core.tests.compiler.parser.ParserTest" time="0.001"/>
  <testcase name="test003 - 1.7" classname="org.eclipse.jdt.core.tests.compiler.parser.CompletionParserTest" time="0"/>
  <testcase name="test003 - 1.7" classname="org.eclipse.jdt.core.tests.compiler.parser.JavadocCompletionParserTest" time="0"/>
  <testcase name="test003 - 1.7" classname="org.eclipse.jdt.core.tests.compiler.parser.ParserTest" time="0"/>
  <testcase name="test004 - 1.7" classname="org.eclipse.jdt.core.tests.compiler.parser.CompletionParserTest" time="0"/>
  <testcase name="test004 - 1.7" classname="org.eclipse.jdt.core.tests.compiler.parser.JavadocCompletionParserTest" time="0"/>
  <testcase name="test004 - 1.7" classname="org.eclipse.jdt.core.tests.compiler.parser.ParserTest" time="0.001"/>
  <testcase name="test005 - 1.7" classname="org.eclipse.jdt.core.tests.compiler.parser.CompletionParserTest" time="0.001"/>
  <testcase name="test005 - 1.7" classname="org.eclipse.jdt.core.tests.compiler.parser.JavadocCompletionParserTest" time="0"/>
  <testcase name="test005 - 1.7" classname="org.eclipse.jdt.core.tests.compiler.parser.ParserTest" time="0"/>
  <testcase name="test006 - 1.7" classname="org.eclipse.jdt.core.tests.compiler.parser.CompletionParserTest" time="0"/>
  <testcase name="test006 - 1.7" classname="org.eclipse.jdt.core.tests.compiler.parser.JavadocCompletionParserTest" time="0"/>
  <testcase name="test006 - 1.7" classname="org.eclipse.jdt.core.tests.compiler.parser.ParserTest" time="0.001"/>
  <testcase name="test007 - 1.7" classname="org.eclipse.jdt.core.tests.compiler.parser.CompletionParserTest" time="0"/>
  <testcase name="test007 - 1.7" classname="org.eclipse.jdt.core.tests.compiler.parser.JavadocCompletionParserTest" time="0"/>
  <testcase name="test007 - 1.7" classname="org.eclipse.jdt.core.tests.compiler.parser.ParserTest" time="0"/>
  <testcase name="test008 - 1.7" classname="org.eclipse.jdt.core.tests.compiler.parser.CompletionParserTest" time="0"/>
  <testcase name="test008 - 1.7" classname="org.eclipse.jdt.core.tests.compiler.parser.JavadocCompletionParserTest" time="0"/>
  <testcase name="test008 - 1.7" classname="org.eclipse.jdt.core.tests.compiler.parser.ParserTest" time="0.001"/>
  <testcase name="test009 - 1.7" classname="org.eclipse.jdt.core.tests.compiler.parser.CompletionParserTest" time="0"/>
  <testcase name="test009 - 1.7" classname="org.eclipse.jdt.core.tests.compiler.parser.ParserTest" time="0"/>
  <testcase name="test010 - 1.7" classname="org.eclipse.jdt.core.tests.compiler.parser.CompletionParserTest" time="0"/>
  <testcase name="test010 - 1.7" classname="org.eclipse.jdt.core.tests.compiler.parser.JavadocCompletionParserTest" time="0"/>
  <testcase name="test010 - 1.7" classname="org.eclipse.jdt.core.tests.compiler.parser.ParserTest" time="0"/>
  <testcase name="test011 - 1.7" classname="org.eclipse.jdt.core.tests.compiler.parser.CompletionParserTest" time="0"/>
  <testcase name="test011 - 1.7" classname="org.eclipse.jdt.core.tests.compiler.parser.JavadocCompletionParserTest" time="0"/>
  <testcase name="test012 - 1.7" classname="org.eclipse.jdt.core.tests.compiler.parser.CompletionParserTest" time="0.001"/>
  <testcase name="test012 - 1.7" classname="org.eclipse.jdt.core.tests.compiler.parser.JavadocCompletionParserTest" time="0"/>
  <testcase name="test012 - 1.7" classname="org.eclipse.jdt.core.tests.compiler.parser.ParserTest" time="0"/>
  <testcase name="test013 - 1.7" classname="org.eclipse.jdt.core.tests.compiler.parser.CompletionParserTest" time="0"/>
  <testcase name="test013 - 1.7" classname="org.eclipse.jdt.core.tests.compiler.parser.JavadocCompletionParserTest" time="0"/>
  <testcase name="test013 - 1.7" classname="org.eclipse.jdt.core.tests.compiler.parser.ParserTest" time="0.001"/>
  <testcase name="test014 - 1.7" classname="org.eclipse.jdt.core.tests.compiler.parser.CompletionParserTest" time="0"/>
  <testcase name="test014 - 1.7" classname="org.eclipse.jdt.core.tests.compiler.parser.JavadocCompletionParserTest" time="0"/>
  <testcase name="test014 - 1.7" classname="org.eclipse.jdt.core.tests.compiler.parser.ParserTest" time="0"/>
  <testcase name="test015 - 1.7" classname="org.eclipse.jdt.core.tests.compiler.parser.CompletionParserTest" time="0.001"/>
  <testcase name="test015 - 1.7" classname="org.eclipse.jdt.core.tests.compiler.parser.JavadocCompletionParserTest" time="0"/>
  <testcase name="test015 - 1.7" classname="org.eclipse.jdt.core.tests.compiler.parser.ParserTest" time="0.001"/>
  <testcase name="test016 - 1.7" classname="org.eclipse.jdt.core.tests.compiler.parser.CompletionParserTest" time="0"/>
  <testcase name="test016 - 1.7" classname="org.eclipse.jdt.core.tests.compiler.parser.ParserTest" time="0"/>
  <testcase name="test017 - 1.7" classname="org.eclipse.jdt.core.tests.compiler.parser.CompletionParserTest" time="0"/>
  <testcase name="test017 - 1.7" classname="org.eclipse.jdt.core.tests.compiler.parser.ParserTest" time="0.001"/>
  <testcase name="testA - 1.7" classname="org.eclipse.jdt.core.tests.compiler.parser.CompletionParserTest" time="0.001"/>
  <testcase name="testAA_1 - 1.7" classname="org.eclipse.jdt.core.tests.compiler.parser.CompletionParserTest" time="0"/>
  <testcase name="testAA_2 - 1.7" classname="org.eclipse.jdt.core.tests.compiler.parser.CompletionParserTest" time="0"/>
  <testcase name="testAA_3 - 1.7" classname="org.eclipse.jdt.core.tests.compiler.parser.CompletionParserTest" time="0"/>
  <testcase name="testAA_4 - 1.7" classname="org.eclipse.jdt.core.tests.compiler.parser.CompletionParserTest" time="0"/>
  <testcase name="testAB_1FHU9LU - 1.7" classname="org.eclipse.jdt.core.tests.compiler.parser.CompletionParserTest" time="0"/>
  <testcase name="testAC_1FJ8D9Z_1 - 1.7" classname="org.eclipse.jdt.core.tests.compiler.parser.CompletionParserTest" time="0"/>
  <testcase name="testAC_1FJ8D9Z_2 - 1.7" classname="org.eclipse.jdt.core.tests.compiler.parser.CompletionParserTest" time="0"/>
  <testcase name="testAC_1FJ8D9Z_3 - 1.7" classname="org.eclipse.jdt.core.tests.compiler.parser.CompletionParserTest" time="0.001"/>
  <testcase name="testB - 1.7" classname="org.eclipse.jdt.core.tests.compiler.parser.CompletionParserTest" time="0"/>
  <testcase name="testBA_1 - 1.7" classname="org.eclipse.jdt.core.tests.compiler.parser.CompletionParserTest" time="0"/>
  <testcase name="testBA_2 - 1.7" classname="org.eclipse.jdt.core.tests.compiler.parser.CompletionParserTest" time="0"/>
  <testcase name="testBB_1FHJ8H9 - 1.7" classname="org.eclipse.jdt.core.tests.compiler.parser.CompletionParserTest" time="0.001"/>
  <testcase name="testBC_1FJ4GSG_1 - 1.7" classname="org.eclipse.jdt.core.tests.compiler.parser.CompletionParserTest" time="0"/>
  <testcase name="testBC_1FJ4GSG_2 - 1.7" classname="org.eclipse.jdt.core.tests.compiler.parser.CompletionParserTest" time="0"/>
  <testcase name="testBC_1FJ4GSG_3 - 1.7" classname="org.eclipse.jdt.core.tests.compiler.parser.CompletionParserTest" time="0.001"/>
  <testcase name="testBug292087a - 1.7" classname="org.eclipse.jdt.core.tests.compiler.parser.CompletionParserTest" time="0"/>
  <testcase name="testBug292087b - 1.7" classname="org.eclipse.jdt.core.tests.compiler.parser.CompletionParserTest" time="0"/>
  <testcase name="testBug310423 - 1.7" classname="org.eclipse.jdt.core.tests.compiler.parser.CompletionParserTest" time="0.001"/>
  <testcase name="testBug338789 - 1.7" classname="org.eclipse.jdt.core.tests.compiler.parser.CompletionParserTest" time="0"/>
  <testcase name="testBug338789b - 1.7" classname="org.eclipse.jdt.core.tests.compiler.parser.CompletionParserTest" time="0"/>
  <testcase name="testBug343637 - 1.7" classname="org.eclipse.jdt.core.tests.compiler.parser.CompletionParserTest" time="0"/>
  <testcase name="testBug346415 - 1.7" classname="org.eclipse.jdt.core.tests.compiler.parser.CompletionParserTest" time="0"/>
  <testcase name="testBug346454 - 1.7" classname="org.eclipse.jdt.core.tests.compiler.parser.CompletionParserTest" time="0"/>
  <testcase name="testBug346454b - 1.7" classname="org.eclipse.jdt.core.tests.compiler.parser.CompletionParserTest" time="0"/>
  <testcase name="testC - 1.7" classname="org.eclipse.jdt.core.tests.compiler.parser.CompletionParserTest" time="0"/>
  <testcase name="testCA_1FGPJQZ - 1.7" classname="org.eclipse.jdt.core.tests.compiler.parser.CompletionParserTest" time="0"/>
  <testcase name="testCB_1FHSKQ9_1 - 1.7" classname="org.eclipse.jdt.core.tests.compiler.parser.CompletionParserTest" time="0"/>
  <testcase name="testCB_1FHSKQ9_2 - 1.7" classname="org.eclipse.jdt.core.tests.compiler.parser.CompletionParserTest" time="0"/>
  <testcase name="testCC_1FJ64I9 - 1.7" classname="org.eclipse.jdt.core.tests.compiler.parser.CompletionParserTest" time="0.001"/>
  <testcase name="testDA_1 - 1.7" classname="org.eclipse.jdt.core.tests.compiler.parser.CompletionParserTest" time="0"/>
  <testcase name="testDA_2 - 1.7" classname="org.eclipse.jdt.core.tests.compiler.parser.CompletionParserTest" time="0"/>
  <testcase name="testDA_3 - 1.7" classname="org.eclipse.jdt.core.tests.compiler.parser.CompletionParserTest" time="0.001"/>
  <testcase name="testDA_4 - 1.7" classname="org.eclipse.jdt.core.tests.compiler.parser.CompletionParserTest" time="0"/>
  <testcase name="testDA_5 - 1.7" classname="org.eclipse.jdt.core.tests.compiler.parser.CompletionParserTest" time="0"/>
  <testcase name="testDB_1FHSLDR - 1.7" classname="org.eclipse.jdt.core.tests.compiler.parser.CompletionParserTest" time="0"/>
  <testcase name="testDC_1FJJ0JR_1 - 1.7" classname="org.eclipse.jdt.core.tests.compiler.parser.CompletionParserTest" time="0"/>
  <testcase name="testD_1 - 1.7" classname="org.eclipse.jdt.core.tests.compiler.parser.CompletionParserTest" time="0"/>
  <testcase name="testD_2 - 1.7" classname="org.eclipse.jdt.core.tests.compiler.parser.CompletionParserTest" time="0"/>
  <testcase name="testEA_1 - 1.7" classname="org.eclipse.jdt.core.tests.compiler.parser.CompletionParserTest" time="0"/>
  <testcase name="testEA_2 - 1.7" classname="org.eclipse.jdt.core.tests.compiler.parser.CompletionParserTest" time="0"/>
  <testcase name="testEB_1FI74S3 - 1.7" classname="org.eclipse.jdt.core.tests.compiler.parser.CompletionParserTest" time="0"/>
  <testcase name="testEC_1FSBZ2Y - 1.7" classname="org.eclipse.jdt.core.tests.compiler.parser.CompletionParserTest" time="0.001"/>
  <testcase name="testE_1FG1YDS_1 - 1.7" classname="org.eclipse.jdt.core.tests.compiler.parser.CompletionParserTest" time="0"/>
  <testcase name="testE_1FG1YDS_2 - 1.7" classname="org.eclipse.jdt.core.tests.compiler.parser.CompletionParserTest" time="0"/>
  <testcase name="testE_1FG1YDS_3 - 1.7" classname="org.eclipse.jdt.core.tests.compiler.parser.CompletionParserTest" time="0.001"/>
  <testcase name="testF - 1.7" classname="org.eclipse.jdt.core.tests.compiler.parser.CompletionParserTest" time="0"/>
  <testcase name="testFA_1 - 1.7" classname="org.eclipse.jdt.core.tests.compiler.parser.CompletionParserTest" time="0"/>
  <testcase name="testFA_2 - 1.7" classname="org.eclipse.jdt.core.tests.compiler.parser.CompletionParserTest" time="0"/>
  <testcase name="testFB_1FI74S3 - 1.7" classname="org.eclipse.jdt.core.tests.compiler.parser.CompletionParserTest" time="0.001"/>
  <testcase name="testFC_1FSBZ9B - 1.7" classname="org.eclipse.jdt.core.tests.compiler.parser.CompletionParserTest" time="0"/>
  <testcase name="testG - 1.7" classname="org.eclipse.jdt.core.tests.compiler.parser.CompletionParserTest" time="0"/>
  <testcase name="testGA - 1.7" classname="org.eclipse.jdt.core.tests.compiler.parser.CompletionParserTest" time="0"/>
  <testcase name="testGB_1FI74S3 - 1.7" classname="org.eclipse.jdt.core.tests.compiler.parser.CompletionParserTest" time="0"/>
  <testcase name="testGC_1FSHLHV_1 - 1.7" classname="org.eclipse.jdt.core.tests.compiler.parser.CompletionParserTest" time="0"/>
  <testcase name="testGC_1FSHLHV_2 - 1.7" classname="org.eclipse.jdt.core.tests.compiler.parser.CompletionParserTest" time="0"/>
  <testcase name="testGC_1FSHLHV_3 - 1.7" classname="org.eclipse.jdt.core.tests.compiler.parser.CompletionParserTest" time="0"/>
  <testcase name="testGC_1FSHLHV_4 - 1.7" classname="org.eclipse.jdt.core.tests.compiler.parser.CompletionParserTest" time="0"/>
  <testcase name="testH - 1.7" classname="org.eclipse.jdt.core.tests.compiler.parser.CompletionParserTest" time="0"/>
  <testcase name="testHA_1 - 1.7" classname="org.eclipse.jdt.core.tests.compiler.parser.CompletionParserTest" time="0.001"/>
  <testcase name="testHA_2 - 1.7" classname="org.eclipse.jdt.core.tests.compiler.parser.CompletionParserTest" time="0"/>
  <testcase name="testHB_1FHSLDR - 1.7" classname="org.eclipse.jdt.core.tests.compiler.parser.CompletionParserTest" time="0"/>
  <testcase name="testHC_1FMPYO3_1 - 1.7" classname="org.eclipse.jdt.core.tests.compiler.parser.CompletionParserTest" time="0.001"/>
  <testcase name="testHC_1FMPYO3_2 - 1.7" classname="org.eclipse.jdt.core.tests.compiler.parser.CompletionParserTest" time="0"/>
  <testcase name="testI - 1.7" classname="org.eclipse.jdt.core.tests.compiler.parser.CompletionParserTest" time="0"/>
  <testcase name="testIA_1FGNBPR_1 - 1.7" classname="org.eclipse.jdt.core.tests.compiler.parser.CompletionParserTest" time="0"/>
  <testcase name="testIA_1FGNBPR_2 - 1.7" classname="org.eclipse.jdt.core.tests.compiler.parser.CompletionParserTest" time="0"/>
  <testcase name="testIB - 1.7" classname="org.eclipse.jdt.core.tests.compiler.parser.CompletionParserTest" time="0"/>
  <testcase name="testIC_1FMGUPR - 1.7" classname="org.eclipse.jdt.core.tests.compiler.parser.CompletionParserTest" time="0"/>
  <testcase name="testJ - 1.7" classname="org.eclipse.jdt.core.tests.compiler.parser.CompletionParserTest" time="0"/>
  <testcase name="testJA_1FGQVW2_1 - 1.7" classname="org.eclipse.jdt.core.tests.compiler.parser.CompletionParserTest" time="0"/>
  <testcase name="testJA_1FGQVW2_2 - 1.7" classname="org.eclipse.jdt.core.tests.compiler.parser.CompletionParserTest" time="0"/>
  <testcase name="testJB - 1.7" classname="org.eclipse.jdt.core.tests.compiler.parser.CompletionParserTest" time="0.001"/>
  <testcase name="testJC_1FLG1ZC - 1.7" classname="org.eclipse.jdt.core.tests.compiler.parser.CompletionParserTest" time="0"/>
  <testcase name="testKA_1FH5SU5 - 1.7" classname="org.eclipse.jdt.core.tests.compiler.parser.CompletionParserTest" time="0"/>
  <testcase name="testKB - 1.7" classname="org.eclipse.jdt.core.tests.compiler.parser.CompletionParserTest" time="0"/>
  <testcase name="testKC_1FLG1ZC - 1.7" classname="org.eclipse.jdt.core.tests.compiler.parser.CompletionParserTest" time="0.001"/>
  <testcase name="testK_1 - 1.7" classname="org.eclipse.jdt.core.tests.compiler.parser.CompletionParserTest" time="0"/>
  <testcase name="testK_2 - 1.7" classname="org.eclipse.jdt.core.tests.compiler.parser.CompletionParserTest" time="0.001"/>
  <testcase name="testK_3 - 1.7" classname="org.eclipse.jdt.core.tests.compiler.parser.CompletionParserTest" time="0"/>
  <testcase name="testK_4 - 1.7" classname="org.eclipse.jdt.core.tests.compiler.parser.CompletionParserTest" time="0"/>
  <testcase name="testLA_1FGLMOF - 1.7" classname="org.eclipse.jdt.core.tests.compiler.parser.CompletionParserTest" time="0.001"/>
  <testcase name="testLB - 1.7" classname="org.eclipse.jdt.core.tests.compiler.parser.CompletionParserTest" time="0"/>
  <testcase name="testLC_1FLG1E2 - 1.7" classname="org.eclipse.jdt.core.tests.compiler.parser.CompletionParserTest" time="0"/>
  <testcase name="testL_1 - 1.7" classname="org.eclipse.jdt.core.tests.compiler.parser.CompletionParserTest" time="0"/>
  <testcase name="testL_2 - 1.7" classname="org.eclipse.jdt.core.tests.compiler.parser.CompletionParserTest" time="0"/>
  <testcase name="testL_3 - 1.7" classname="org.eclipse.jdt.core.tests.compiler.parser.CompletionParserTest" time="0"/>
  <testcase name="testMA_1 - 1.7" classname="org.eclipse.jdt.core.tests.compiler.parser.CompletionParserTest" time="0"/>
  <testcase name="testMA_2 - 1.7" classname="org.eclipse.jdt.core.tests.compiler.parser.CompletionParserTest" time="0.001"/>
  <testcase name="testMA_3 - 1.7" classname="org.eclipse.jdt.core.tests.compiler.parser.CompletionParserTest" time="0"/>
  <testcase name="testMB_1FHSLMQ_1 - 1.7" classname="org.eclipse.jdt.core.tests.compiler.parser.CompletionParserTest" time="0"/>
  <testcase name="testMB_1FHSLMQ_2 - 1.7" classname="org.eclipse.jdt.core.tests.compiler.parser.CompletionParserTest" time="0"/>
  <testcase name="testMC_1FJ8D9Z - 1.7" classname="org.eclipse.jdt.core.tests.compiler.parser.CompletionParserTest" time="0"/>
  <testcase name="testM_1FGGLMT - 1.7" classname="org.eclipse.jdt.core.tests.compiler.parser.CompletionParserTest" time="0"/>
  <testcase name="testN - 1.7" classname="org.eclipse.jdt.core.tests.compiler.parser.CompletionParserTest" time="0"/>
  <testcase name="testNA_1 - 1.7" classname="org.eclipse.jdt.core.tests.compiler.parser.CompletionParserTest" time="0.001"/>
  <testcase name="testNA_2 - 1.7" classname="org.eclipse.jdt.core.tests.compiler.parser.CompletionParserTest" time="0"/>
  <testcase name="testNA_3 - 1.7" classname="org.eclipse.jdt.core.tests.compiler.parser.CompletionParserTest" time="0"/>
  <testcase name="testNB - 1.7" classname="org.eclipse.jdt.core.tests.compiler.parser.CompletionParserTest" time="0.001"/>
  <testcase name="testNC_1FJ8D9Z - 1.7" classname="org.eclipse.jdt.core.tests.compiler.parser.CompletionParserTest" time="0"/>
  <testcase name="testOA_1 - 1.7" classname="org.eclipse.jdt.core.tests.compiler.parser.CompletionParserTest" time="0"/>
  <testcase name="testOA_2 - 1.7" classname="org.eclipse.jdt.core.tests.compiler.parser.CompletionParserTest" time="0.001"/>
  <testcase name="testOB_1 - 1.7" classname="org.eclipse.jdt.core.tests.compiler.parser.CompletionParserTest" time="0"/>
  <testcase name="testOB_2 - 1.7" classname="org.eclipse.jdt.core.tests.compiler.parser.CompletionParserTest" time="0"/>
  <testcase name="testOC_1FM7J7F - 1.7" classname="org.eclipse.jdt.core.tests.compiler.parser.CompletionParserTest" time="0"/>
  <testcase name="testO_1FG1YU0 - 1.7" classname="org.eclipse.jdt.core.tests.compiler.parser.CompletionParserTest" time="0.001"/>
  <testcase name="testPA_1 - 1.7" classname="org.eclipse.jdt.core.tests.compiler.parser.CompletionParserTest" time="0"/>
  <testcase name="testPA_2 - 1.7" classname="org.eclipse.jdt.core.tests.compiler.parser.CompletionParserTest" time="0"/>
  <testcase name="testPB - 1.7" classname="org.eclipse.jdt.core.tests.compiler.parser.CompletionParserTest" time="0.001"/>
  <testcase name="testPC_1FSU4EF - 1.7" classname="org.eclipse.jdt.core.tests.compiler.parser.CompletionParserTest" time="0"/>
  <testcase name="testP_1FG1YU0 - 1.7" classname="org.eclipse.jdt.core.tests.compiler.parser.CompletionParserTest" time="0"/>
  <testcase name="testQA_1 - 1.7" classname="org.eclipse.jdt.core.tests.compiler.parser.CompletionParserTest" time="0.001"/>
  <testcase name="testQA_2 - 1.7" classname="org.eclipse.jdt.core.tests.compiler.parser.CompletionParserTest" time="0"/>
  <testcase name="testQA_3 - 1.7" classname="org.eclipse.jdt.core.tests.compiler.parser.CompletionParserTest" time="0"/>
  <testcase name="testQA_4 - 1.7" classname="org.eclipse.jdt.core.tests.compiler.parser.CompletionParserTest" time="0.001"/>
  <testcase name="testQB_1FIK820 - 1.7" classname="org.eclipse.jdt.core.tests.compiler.parser.CompletionParserTest" time="0"/>
  <testcase name="testQ_1FG1YU0 - 1.7" classname="org.eclipse.jdt.core.tests.compiler.parser.CompletionParserTest" time="0"/>
  <testcase name="testRA_1 - 1.7" classname="org.eclipse.jdt.core.tests.compiler.parser.CompletionParserTest" time="0"/>
  <testcase name="testRA_2 - 1.7" classname="org.eclipse.jdt.core.tests.compiler.parser.CompletionParserTest" time="0"/>
  <testcase name="testRA_3 - 1.7" classname="org.eclipse.jdt.core.tests.compiler.parser.CompletionParserTest" time="0"/>
  <testcase name="testRB_1FI74S3 - 1.7" classname="org.eclipse.jdt.core.tests.compiler.parser.CompletionParserTest" time="0"/>
  <testcase name="testR_1FGD31E - 1.7" classname="org.eclipse.jdt.core.tests.compiler.parser.CompletionParserTest" time="0.001"/>
  <testcase name="testSA - 1.7" classname="org.eclipse.jdt.core.tests.compiler.parser.CompletionParserTest" time="0"/>
  <testcase name="testSB_1FILFDG - 1.7" classname="org.eclipse.jdt.core.tests.compiler.parser.CompletionParserTest" time="0"/>
  <testcase name="testS_1FGF64P_1 - 1.7" classname="org.eclipse.jdt.core.tests.compiler.parser.CompletionParserTest" time="0"/>
  <testcase name="testS_1FGF64P_2 - 1.7" classname="org.eclipse.jdt.core.tests.compiler.parser.CompletionParserTest" time="0.001"/>
  <testcase name="testS_1FGF64P_3 - 1.7" classname="org.eclipse.jdt.core.tests.compiler.parser.CompletionParserTest" time="0"/>
  <testcase name="testTA_1FHISJJ_1 - 1.7" classname="org.eclipse.jdt.core.tests.compiler.parser.CompletionParserTest" time="0"/>
  <testcase name="testTA_1FHISJJ_2 - 1.7" classname="org.eclipse.jdt.core.tests.compiler.parser.CompletionParserTest" time="0"/>
  <testcase name="testTA_1FHISJJ_3 - 1.7" classname="org.eclipse.jdt.core.tests.compiler.parser.CompletionParserTest" time="0"/>
  <testcase name="testTB_1FHSLMQ - 1.7" classname="org.eclipse.jdt.core.tests.compiler.parser.CompletionParserTest" time="0"/>
  <testcase name="testT_1FGF64P - 1.7" classname="org.eclipse.jdt.core.tests.compiler.parser.CompletionParserTest" time="0"/>
  <testcase name="testUA_1FHISJJ_1 - 1.7" classname="org.eclipse.jdt.core.tests.compiler.parser.CompletionParserTest" time="0.001"/>
  <testcase name="testUA_1FHISJJ_2 - 1.7" classname="org.eclipse.jdt.core.tests.compiler.parser.CompletionParserTest" time="0"/>
  <testcase name="testUB_1FSBZ02 - 1.7" classname="org.eclipse.jdt.core.tests.compiler.parser.CompletionParserTest" time="0"/>
  <testcase name="testU_1FGGUME - 1.7" classname="org.eclipse.jdt.core.tests.compiler.parser.CompletionParserTest" time="0"/>
  <testcase name="testVA_1FHISJJ_1 - 1.7" classname="org.eclipse.jdt.core.tests.compiler.parser.CompletionParserTest" time="0.001"/>
  <testcase name="testVA_1FHISJJ_2 - 1.7" classname="org.eclipse.jdt.core.tests.compiler.parser.CompletionParserTest" time="0"/>
  <testcase name="testVB_1 - 1.7" classname="org.eclipse.jdt.core.tests.compiler.parser.CompletionParserTest" time="0"/>
  <testcase name="testVB_3 - 1.7" classname="org.eclipse.jdt.core.tests.compiler.parser.CompletionParserTest" time="0"/>
  <testcase name="testV_1FGGUOO_1 - 1.7" classname="org.eclipse.jdt.core.tests.compiler.parser.CompletionParserTest" time="0"/>
  <testcase name="testV_1FGGUOO_2 - 1.7" classname="org.eclipse.jdt.core.tests.compiler.parser.CompletionParserTest" time="0"/>
  <testcase name="testWA_1 - 1.7" classname="org.eclipse.jdt.core.tests.compiler.parser.CompletionParserTest" time="0"/>
  <testcase name="testWA_2 - 1.7" classname="org.eclipse.jdt.core.tests.compiler.parser.CompletionParserTest" time="0.001"/>
  <testcase name="testWB_1FI313C - 1.7" classname="org.eclipse.jdt.core.tests.compiler.parser.CompletionParserTest" time="0"/>
  <testcase name="testW_1FGGUS4 - 1.7" classname="org.eclipse.jdt.core.tests.compiler.parser.CompletionParserTest" time="0"/>
  <testcase name="testXA_1FGGUQF_1FHSL8H_2 - 1.7" classname="org.eclipse.jdt.core.tests.compiler.parser.CompletionParserTest" time="0.001"/>
  <testcase name="testXA_1FGGUQF_1FHSL8H_3 - 1.7" classname="org.eclipse.jdt.core.tests.compiler.parser.CompletionParserTest" time="0"/>
  <testcase name="testXA_1FGGUQF_1FHSL8H_4 - 1.7" classname="org.eclipse.jdt.core.tests.compiler.parser.CompletionParserTest" time="0"/>
  <testcase name="testXB_1FIYM5I_1 - 1.7" classname="org.eclipse.jdt.core.tests.compiler.parser.CompletionParserTest" time="0"/>
  <testcase name="testXB_1FIYM5I_2 - 1.7" classname="org.eclipse.jdt.core.tests.compiler.parser.CompletionParserTest" time="0.001"/>
  <testcase name="testXB_1FIYM5I_3 - 1.7" classname="org.eclipse.jdt.core.tests.compiler.parser.CompletionParserTest" time="0"/>
  <testcase name="testXB_1FIYM5I_4 - 1.7" classname="org.eclipse.jdt.core.tests.compiler.parser.CompletionParserTest" time="0"/>
  <testcase name="testX_1FGGV8C_1 - 1.7" classname="org.eclipse.jdt.core.tests.compiler.parser.CompletionParserTest" time="0"/>
  <testcase name="testX_1FGGV8C_2 - 1.7" classname="org.eclipse.jdt.core.tests.compiler.parser.CompletionParserTest" time="0"/>
  <testcase name="testX_1FGGV8C_3 - 1.7" classname="org.eclipse.jdt.core.tests.compiler.parser.CompletionParserTest" time="0"/>
  <testcase name="testX_1FGGV8C_4 - 1.7" classname="org.eclipse.jdt.core.tests.compiler.parser.CompletionParserTest" time="0"/>
  <testcase name="testX_1FGPE8E - 1.7" classname="org.eclipse.jdt.core.tests.compiler.parser.CompletionParserTest" time="0.001"/>
  <testcase name="testYA_1FGRIUH - 1.7" classname="org.eclipse.jdt.core.tests.compiler.parser.CompletionParserTest" time="0"/>
  <testcase name="testYB_1FJ4D46_1 - 1.7" classname="org.eclipse.jdt.core.tests.compiler.parser.CompletionParserTest" time="0"/>
  <testcase name="testY_1FGPESI - 1.7" classname="org.eclipse.jdt.core.tests.compiler.parser.CompletionParserTest" time="0"/>
  <testcase name="testZA_1 - 1.7" classname="org.eclipse.jdt.core.tests.compiler.parser.CompletionParserTest" time="0.001"/>
  <testcase name="testZA_2 - 1.7" classname="org.eclipse.jdt.core.tests.compiler.parser.CompletionParserTest" time="0"/>
  <testcase name="testZA_3 - 1.7" classname="org.eclipse.jdt.core.tests.compiler.parser.CompletionParserTest" time="0"/>
  <testcase name="testZB_1FJ4D46_1 - 1.7" classname="org.eclipse.jdt.core.tests.compiler.parser.CompletionParserTest" time="0"/>
  <testcase name="testZB_1FJ4D46_2 - 1.7" classname="org.eclipse.jdt.core.tests.compiler.parser.CompletionParserTest" time="0"/>
  <testcase name="testZ_1FGPF3D_1 - 1.7" classname="org.eclipse.jdt.core.tests.compiler.parser.CompletionParserTest" time="0"/>
  <testcase name="testZ_1FGPF3D_2 - 1.7" classname="org.eclipse.jdt.core.tests.compiler.parser.CompletionParserTest" time="0"/>
  <testcase name="test0001 - 1.7" classname="org.eclipse.jdt.core.tests.compiler.parser.CompletionParserTest2" time="0"/>
  <testcase name="test0001 - 1.7" classname="org.eclipse.jdt.core.tests.compiler.parser.CompletionParserTestKeyword" time="0"/>
  <testcase name="test0001 - 1.7" classname="org.eclipse.jdt.core.tests.compiler.parser.StatementRecoveryTest" time="0"/>
  <testcase name="test0001 - 1.7" classname="org.eclipse.jdt.core.tests.compiler.parser.ComplianceDiagnoseTest" time="0"/>
  <testcase name="test0001 - 1.7" classname="org.eclipse.jdt.core.tests.compiler.parser.GenericsCompletionParserTest" time="0"/>
  <testcase name="test0001 - 1.7" classname="org.eclipse.jdt.core.tests.compiler.parser.EnumCompletionParserTest" time="0.001"/>
  <testcase name="test0001 - 1.7" classname="org.eclipse.jdt.core.tests.compiler.parser.AnnotationCompletionParserTest" time="0.001"/>
  <testcase name="test0001 - 1.7" classname="org.eclipse.jdt.core.tests.compiler.parser.GenericsSelectionTest" time="0"/>
  <testcase name="test0001 - 1.7" classname="org.eclipse.jdt.core.tests.compiler.parser.AnnotationSelectionTest" time="0"/>
  <testcase name="test0001 - 1.7" classname="org.eclipse.jdt.core.tests.compiler.parser.EnumSelectionTest" time="0"/>
  <testcase name="test0001 - 1.7" classname="org.eclipse.jdt.core.tests.compiler.parser.GenericDietRecoveryTest" time="0.002"/>
  <testcase name="test0001 - 1.7" classname="org.eclipse.jdt.core.tests.compiler.parser.EnumDietRecoveryTest" time="0.001"/>
  <testcase name="test0001 - 1.7" classname="org.eclipse.jdt.core.tests.compiler.parser.AnnotationDietRecoveryTest" time="0.001"/>
  <testcase name="test0001 - 1.7" classname="org.eclipse.jdt.core.tests.compiler.parser.StatementRecoveryTest_1_5" time="0.002"/>
  <testcase name="test0001 - 1.7" classname="org.eclipse.jdt.core.tests.compiler.parser.ParserTest1_7" time="0.001"/>
  <testcase name="test0002_Diet - 1.7" classname="org.eclipse.jdt.core.tests.compiler.parser.CompletionParserTest2" time="0"/>
  <testcase name="test0002_Method - 1.7" classname="org.eclipse.jdt.core.tests.compiler.parser.CompletionParserTest2" time="0.001"/>
  <testcase name="test0003_Diet - 1.7" classname="org.eclipse.jdt.core.tests.compiler.parser.CompletionParserTest2" time="0"/>
  <testcase name="test0003_Method - 1.7" classname="org.eclipse.jdt.core.tests.compiler.parser.CompletionParserTest2" time="0"/>
  <testcase name="test0004 - 1.7" classname="org.eclipse.jdt.core.tests.compiler.parser.CompletionParserTest2" time="0"/>
  <testcase name="test0004 - 1.7" classname="org.eclipse.jdt.core.tests.compiler.parser.CompletionParserTestKeyword" time="0.001"/>
  <testcase name="test0004 - 1.7" classname="org.eclipse.jdt.core.tests.compiler.parser.StatementRecoveryTest" time="0.001"/>
  <testcase name="test0004 - 1.7" classname="org.eclipse.jdt.core.tests.compiler.parser.ComplianceDiagnoseTest" time="0.001"/>
  <testcase name="test0004 - 1.7" classname="org.eclipse.jdt.core.tests.compiler.parser.GenericsCompletionParserTest" time="0"/>
  <testcase name="test0004 - 1.7" classname="org.eclipse.jdt.core.tests.compiler.parser.EnumCompletionParserTest" time="0.001"/>
  <testcase name="test0004 - 1.7" classname="org.eclipse.jdt.core.tests.compiler.parser.AnnotationCompletionParserTest" time="0.001"/>
  <testcase name="test0004 - 1.7" classname="org.eclipse.jdt.core.tests.compiler.parser.GenericsSelectionTest" time="0"/>
  <testcase name="test0004 - 1.7" classname="org.eclipse.jdt.core.tests.compiler.parser.AnnotationSelectionTest" time="0"/>
  <testcase name="test0004 - 1.7" classname="org.eclipse.jdt.core.tests.compiler.parser.GenericDietRecoveryTest" time="0.001"/>
  <testcase name="test0004 - 1.7" classname="org.eclipse.jdt.core.tests.compiler.parser.EnumDietRecoveryTest" time="0.001"/>
  <testcase name="test0004 - 1.7" classname="org.eclipse.jdt.core.tests.compiler.parser.AnnotationDietRecoveryTest" time="0.001"/>
  <testcase name="test0004 - 1.7" classname="org.eclipse.jdt.core.tests.compiler.parser.StatementRecoveryTest_1_5" time="0.003"/>
  <testcase name="test0004 - 1.7" classname="org.eclipse.jdt.core.tests.compiler.parser.ParserTest1_7" time="0.001"/>
  <testcase name="test0005_Diet - 1.7" classname="org.eclipse.jdt.core.tests.compiler.parser.CompletionParserTest2" time="0"/>
  <testcase name="test0005_Method - 1.7" classname="org.eclipse.jdt.core.tests.compiler.parser.CompletionParserTest2" time="0"/>
  <testcase name="test0006_Diet - 1.7" classname="org.eclipse.jdt.core.tests.compiler.parser.CompletionParserTest2" time="0"/>
  <testcase name="test0006_Method - 1.7" classname="org.eclipse.jdt.core.tests.compiler.parser.CompletionParserTest2" time="0"/>
  <testcase name="test0007 - 1.7" classname="org.eclipse.jdt.core.tests.compiler.parser.CompletionParserTest2" time="0"/>
  <testcase name="test0007 - 1.7" classname="org.eclipse.jdt.core.tests.compiler.parser.CompletionParserTestKeyword" time="0"/>
  <testcase name="test0007 - 1.7" classname="org.eclipse.jdt.core.tests.compiler.parser.StatementRecoveryTest" time="0.001"/>
  <testcase name="test0007 - 1.7" classname="org.eclipse.jdt.core.tests.compiler.parser.ComplianceDiagnoseTest" time="0"/>
  <testcase name="test0007 - 1.7" classname="org.eclipse.jdt.core.tests.compiler.parser.GenericsCompletionParserTest" time="0"/>
  <testcase name="test0007 - 1.7" classname="org.eclipse.jdt.core.tests.compiler.parser.EnumCompletionParserTest" time="0.001"/>
  <testcase name="test0007 - 1.7" classname="org.eclipse.jdt.core.tests.compiler.parser.AnnotationCompletionParserTest" time="0"/>
  <testcase name="test0007 - 1.7" classname="org.eclipse.jdt.core.tests.compiler.parser.GenericsSelectionTest" time="0"/>
  <testcase name="test0007 - 1.7" classname="org.eclipse.jdt.core.tests.compiler.parser.AnnotationSelectionTest" time="0"/>
  <testcase name="test0007 - 1.7" classname="org.eclipse.jdt.core.tests.compiler.parser.GenericDietRecoveryTest" time="0.002"/>
  <testcase name="test0007 - 1.7" classname="org.eclipse.jdt.core.tests.compiler.parser.EnumDietRecoveryTest" time="0.002"/>
  <testcase name="test0007 - 1.7" classname="org.eclipse.jdt.core.tests.compiler.parser.AnnotationDietRecoveryTest" time="0.001"/>
  <testcase name="test0007 - 1.7" classname="org.eclipse.jdt.core.tests.compiler.parser.StatementRecoveryTest_1_5" time="0.003"/>
  <testcase name="test0007 - 1.7" classname="org.eclipse.jdt.core.tests.compiler.parser.ParserTest1_7" time="0"/>
  <testcase name="test0008_Diet - 1.7" classname="org.eclipse.jdt.core.tests.compiler.parser.CompletionParserTest2" time="0"/>
  <testcase name="test0008_Method - 1.7" classname="org.eclipse.jdt.core.tests.compiler.parser.CompletionParserTest2" time="0"/>
  <testcase name="test0009_Diet - 1.7" classname="org.eclipse.jdt.core.tests.compiler.parser.CompletionParserTest2" time="0"/>
  <testcase name="test0009_Method - 1.7" classname="org.eclipse.jdt.core.tests.compiler.parser.CompletionParserTest2" time="0"/>
  <testcase name="test0010 - 1.7" classname="org.eclipse.jdt.core.tests.compiler.parser.CompletionParserTest2" time="0"/>
  <testcase name="test0010 - 1.7" classname="org.eclipse.jdt.core.tests.compiler.parser.CompletionParserTestKeyword" time="0"/>
  <testcase name="test0010 - 1.7" classname="org.eclipse.jdt.core.tests.compiler.parser.StatementRecoveryTest" time="0.001"/>
  <testcase name="test0010 - 1.7" classname="org.eclipse.jdt.core.tests.compiler.parser.ComplianceDiagnoseTest" time="0.001"/>
  <testcase name="test0010 - 1.7" classname="org.eclipse.jdt.core.tests.compiler.parser.GenericsCompletionParserTest" time="0"/>
  <testcase name="test0010 - 1.7" classname="org.eclipse.jdt.core.tests.compiler.parser.EnumCompletionParserTest" time="0.001"/>
  <testcase name="test0010 - 1.7" classname="org.eclipse.jdt.core.tests.compiler.parser.AnnotationCompletionParserTest" time="0"/>
  <testcase name="test0010 - 1.7" classname="org.eclipse.jdt.core.tests.compiler.parser.GenericsSelectionTest" time="0"/>
  <testcase name="test0010 - 1.7" classname="org.eclipse.jdt.core.tests.compiler.parser.AnnotationSelectionTest" time="0"/>
  <testcase name="test0010 - 1.7" classname="org.eclipse.jdt.core.tests.compiler.parser.GenericDietRecoveryTest" time="0.001"/>
  <testcase name="test0010 - 1.7" classname="org.eclipse.jdt.core.tests.compiler.parser.EnumDietRecoveryTest" time="0.001"/>
  <testcase name="test0010 - 1.7" classname="org.eclipse.jdt.core.tests.compiler.parser.AnnotationDietRecoveryTest" time="0.002"/>
  <testcase name="test0010 - 1.7" classname="org.eclipse.jdt.core.tests.compiler.parser.ParserTest1_7" time="0"/>
  <testcase name="test0011_Diet - 1.7" classname="org.eclipse.jdt.core.tests.compiler.parser.CompletionParserTest2" time="0.001"/>
  <testcase name="test0011_Method - 1.7" classname="org.eclipse.jdt.core.tests.compiler.parser.CompletionParserTest2" time="0"/>
  <testcase name="test0012_Diet - 1.7" classname="org.eclipse.jdt.core.tests.compiler.parser.CompletionParserTest2" time="0"/>
  <testcase name="test0012_Method - 1.7" classname="org.eclipse.jdt.core.tests.compiler.parser.CompletionParserTest2" time="0"/>
  <testcase name="test0013 - 1.7" classname="org.eclipse.jdt.core.tests.compiler.parser.CompletionParserTest2" time="0"/>
  <testcase name="test0013 - 1.7" classname="org.eclipse.jdt.core.tests.compiler.parser.CompletionParserTestKeyword" time="0"/>
  <testcase name="test0013 - 1.7" classname="org.eclipse.jdt.core.tests.compiler.parser.StatementRecoveryTest" time="0.002"/>
  <testcase name="test0013 - 1.7" classname="org.eclipse.jdt.core.tests.compiler.parser.ComplianceDiagnoseTest" time="0.001"/>
  <testcase name="test0013 - 1.7" classname="org.eclipse.jdt.core.tests.compiler.parser.GenericsCompletionParserTest" time="0.001"/>
  <testcase name="test0013 - 1.7" classname="org.eclipse.jdt.core.tests.compiler.parser.EnumCompletionParserTest" time="0"/>
  <testcase name="test0013 - 1.7" classname="org.eclipse.jdt.core.tests.compiler.parser.GenericsSelectionTest" time="0.001"/>
  <testcase name="test0013 - 1.7" classname="org.eclipse.jdt.core.tests.compiler.parser.AnnotationSelectionTest" time="0"/>
  <testcase name="test0013 - 1.7" classname="org.eclipse.jdt.core.tests.compiler.parser.GenericDietRecoveryTest" time="0.001"/>
  <testcase name="test0013 - 1.7" classname="org.eclipse.jdt.core.tests.compiler.parser.EnumDietRecoveryTest" time="0.002"/>
  <testcase name="test0013 - 1.7" classname="org.eclipse.jdt.core.tests.compiler.parser.AnnotationDietRecoveryTest" time="0"/>
  <testcase name="test0014_Diet - 1.7" classname="org.eclipse.jdt.core.tests.compiler.parser.CompletionParserTest2" time="0"/>
  <testcase name="test0014_Method - 1.7" classname="org.eclipse.jdt.core.tests.compiler.parser.CompletionParserTest2" time="0"/>
  <testcase name="test0015_Diet - 1.7" classname="org.eclipse.jdt.core.tests.compiler.parser.CompletionParserTest2" time="0"/>
  <testcase name="test0015_Method - 1.7" classname="org.eclipse.jdt.core.tests.compiler.parser.CompletionParserTest2" time="0"/>
  <testcase name="test0016 - 1.7" classname="org.eclipse.jdt.core.tests.compiler.parser.CompletionParserTest2" time="0"/>
  <testcase name="test0016 - 1.7" classname="org.eclipse.jdt.core.tests.compiler.parser.CompletionParserTestKeyword" time="0"/>
  <testcase name="test0016 - 1.7" classname="org.eclipse.jdt.core.tests.compiler.parser.StatementRecoveryTest" time="0.001"/>
  <testcase name="test0016 - 1.7" classname="org.eclipse.jdt.core.tests.compiler.parser.ComplianceDiagnoseTest" time="0"/>
  <testcase name="test0016 - 1.7" classname="org.eclipse.jdt.core.tests.compiler.parser.GenericsCompletionParserTest" time="0"/>
  <testcase name="test0016 - 1.7" classname="org.eclipse.jdt.core.tests.compiler.parser.AnnotationCompletionParserTest" time="0"/>
  <testcase name="test0016 - 1.7" classname="org.eclipse.jdt.core.tests.compiler.parser.GenericsSelectionTest" time="0"/>
  <testcase name="test0016 - 1.7" classname="org.eclipse.jdt.core.tests.compiler.parser.AnnotationSelectionTest" time="0"/>
  <testcase name="test0016 - 1.7" classname="org.eclipse.jdt.core.tests.compiler.parser.GenericDietRecoveryTest" time="0.002"/>
  <testcase name="test0016 - 1.7" classname="org.eclipse.jdt.core.tests.compiler.parser.EnumDietRecoveryTest" time="0.001"/>
  <testcase name="test0016 - 1.7" classname="org.eclipse.jdt.core.tests.compiler.parser.AnnotationDietRecoveryTest" time="0.003"/>
  <testcase name="test0017_Diet - 1.7" classname="org.eclipse.jdt.core.tests.compiler.parser.CompletionParserTest2" time="0"/>
  <testcase name="test0017_Method - 1.7" classname="org.eclipse.jdt.core.tests.compiler.parser.CompletionParserTest2" time="0"/>
  <testcase name="test0018_Diet - 1.7" classname="org.eclipse.jdt.core.tests.compiler.parser.CompletionParserTest2" time="0"/>
  <testcase name="test0018_Method - 1.7" classname="org.eclipse.jdt.core.tests.compiler.parser.CompletionParserTest2" time="0"/>
  <testcase name="test0019 - 1.7" classname="org.eclipse.jdt.core.tests.compiler.parser.CompletionParserTest2" time="0"/>
  <testcase name="test0019 - 1.7" classname="org.eclipse.jdt.core.tests.compiler.parser.CompletionParserTestKeyword" time="0"/>
  <testcase name="test0019 - 1.7" classname="org.eclipse.jdt.core.tests.compiler.parser.StatementRecoveryTest" time="0.001"/>
  <testcase name="test0019 - 1.7" classname="org.eclipse.jdt.core.tests.compiler.parser.ComplianceDiagnoseTest" time="0.001"/>
  <testcase name="test0019 - 1.7" classname="org.eclipse.jdt.core.tests.compiler.parser.GenericsCompletionParserTest" time="0"/>
  <testcase name="test0019 - 1.7" classname="org.eclipse.jdt.core.tests.compiler.parser.AnnotationCompletionParserTest" time="0"/>
  <testcase name="test0019 - 1.7" classname="org.eclipse.jdt.core.tests.compiler.parser.GenericsSelectionTest" time="0"/>
  <testcase name="test0019 - 1.7" classname="org.eclipse.jdt.core.tests.compiler.parser.GenericDietRecoveryTest" time="0.003"/>
  <testcase name="test0019 - 1.7" classname="org.eclipse.jdt.core.tests.compiler.parser.AnnotationDietRecoveryTest" time="0.002"/>
  <testcase name="test0020_Diet - 1.7" classname="org.eclipse.jdt.core.tests.compiler.parser.CompletionParserTest2" time="0"/>
  <testcase name="test0020_Method - 1.7" classname="org.eclipse.jdt.core.tests.compiler.parser.CompletionParserTest2" time="0"/>
  <testcase name="test0021_Diet - 1.7" classname="org.eclipse.jdt.core.tests.compiler.parser.CompletionParserTest2" time="0"/>
  <testcase name="test0021_Diet - 1.7" classname="org.eclipse.jdt.core.tests.compiler.parser.CompletionParserTestKeyword" time="0"/>
  <testcase name="test0021_Method - 1.7" classname="org.eclipse.jdt.core.tests.compiler.parser.CompletionParserTest2" time="0"/>
  <testcase name="test0021_Method - 1.7" classname="org.eclipse.jdt.core.tests.compiler.parser.CompletionParserTestKeyword" time="0"/>
  <testcase name="test0022 - 1.7" classname="org.eclipse.jdt.core.tests.compiler.parser.CompletionParserTest2" time="0"/>
  <testcase name="test0022 - 1.7" classname="org.eclipse.jdt.core.tests.compiler.parser.StatementRecoveryTest" time="0.001"/>
  <testcase name="test0022 - 1.7" classname="org.eclipse.jdt.core.tests.compiler.parser.ComplianceDiagnoseTest" time="0.001"/>
  <testcase name="test0022 - 1.7" classname="org.eclipse.jdt.core.tests.compiler.parser.GenericsCompletionParserTest" time="0"/>
  <testcase name="test0022 - 1.7" classname="org.eclipse.jdt.core.tests.compiler.parser.AnnotationCompletionParserTest" time="0.001"/>
  <testcase name="test0022 - 1.7" classname="org.eclipse.jdt.core.tests.compiler.parser.GenericsSelectionTest" time="0"/>
  <testcase name="test0022 - 1.7" classname="org.eclipse.jdt.core.tests.compiler.parser.GenericDietRecoveryTest" time="0.001"/>
  <testcase name="test0022 - 1.7" classname="org.eclipse.jdt.core.tests.compiler.parser.AnnotationDietRecoveryTest" time="0.003"/>
  <testcase name="test0023_Diet - 1.7" classname="org.eclipse.jdt.core.tests.compiler.parser.CompletionParserTest2" time="0"/>
  <testcase name="test0023_Diet - 1.7" classname="org.eclipse.jdt.core.tests.compiler.parser.CompletionParserTestKeyword" time="0"/>
  <testcase name="test0023_Method - 1.7" classname="org.eclipse.jdt.core.tests.compiler.parser.CompletionParserTest2" time="0"/>
  <testcase name="test0023_Method - 1.7" classname="org.eclipse.jdt.core.tests.compiler.parser.CompletionParserTestKeyword" time="0"/>
  <testcase name="test0024_Diet - 1.7" classname="org.eclipse.jdt.core.tests.compiler.parser.CompletionParserTest2" time="0"/>
  <testcase name="test0024_Diet - 1.7" classname="org.eclipse.jdt.core.tests.compiler.parser.CompletionParserTestKeyword" time="0"/>
  <testcase name="test0024_Diet - 1.7" classname="org.eclipse.jdt.core.tests.compiler.parser.AnnotationCompletionParserTest" time="0"/>
  <testcase name="test0024_Method - 1.7" classname="org.eclipse.jdt.core.tests.compiler.parser.CompletionParserTest2" time="0"/>
  <testcase name="test0024_Method - 1.7" classname="org.eclipse.jdt.core.tests.compiler.parser.CompletionParserTestKeyword" time="0"/>
  <testcase name="test0024_Method - 1.7" classname="org.eclipse.jdt.core.tests.compiler.parser.AnnotationCompletionParserTest" time="0"/>
  <testcase name="test0025 - 1.7" classname="org.eclipse.jdt.core.tests.compiler.parser.CompletionParserTest2" time="0"/>
  <testcase name="test0025 - 1.7" classname="org.eclipse.jdt.core.tests.compiler.parser.StatementRecoveryTest" time="0.001"/>
  <testcase name="test0025 - 1.7" classname="org.eclipse.jdt.core.tests.compiler.parser.ComplianceDiagnoseTest" time="0.001"/>
  <testcase name="test0025 - 1.7" classname="org.eclipse.jdt.core.tests.compiler.parser.GenericsCompletionParserTest" time="0"/>
  <testcase name="test0025 - 1.7" classname="org.eclipse.jdt.core.tests.compiler.parser.AnnotationCompletionParserTest" time="0.001"/>
  <testcase name="test0025 - 1.7" classname="org.eclipse.jdt.core.tests.compiler.parser.GenericDietRecoveryTest" time="0.002"/>
  <testcase name="test0025 - 1.7" classname="org.eclipse.jdt.core.tests.compiler.parser.AnnotationDietRecoveryTest" time="0.002"/>
  <testcase name="test0026_Diet - 1.7" classname="org.eclipse.jdt.core.tests.compiler.parser.CompletionParserTest2" time="0"/>
  <testcase name="test0026_Diet - 1.7" classname="org.eclipse.jdt.core.tests.compiler.parser.CompletionParserTestKeyword" time="0"/>
  <testcase name="test0026_Method - 1.7" classname="org.eclipse.jdt.core.tests.compiler.parser.CompletionParserTest2" time="0"/>
  <testcase name="test0026_Method - 1.7" classname="org.eclipse.jdt.core.tests.compiler.parser.CompletionParserTestKeyword" time="0"/>
  <testcase name="test0027_Diet - 1.7" classname="org.eclipse.jdt.core.tests.compiler.parser.CompletionParserTest2" time="0"/>
  <testcase name="test0027_Diet - 1.7" classname="org.eclipse.jdt.core.tests.compiler.parser.CompletionParserTestKeyword" time="0"/>
  <testcase name="test0027_Method - 1.7" classname="org.eclipse.jdt.core.tests.compiler.parser.CompletionParserTest2" time="0"/>
  <testcase name="test0027_Method - 1.7" classname="org.eclipse.jdt.core.tests.compiler.parser.CompletionParserTestKeyword" time="0"/>
  <testcase name="test0028 - 1.7" classname="org.eclipse.jdt.core.tests.compiler.parser.CompletionParserTest2" time="0"/>
  <testcase name="test0028 - 1.7" classname="org.eclipse.jdt.core.tests.compiler.parser.StatementRecoveryTest" time="0.002"/>
  <testcase name="test0028 - 1.7" classname="org.eclipse.jdt.core.tests.compiler.parser.ComplianceDiagnoseTest" time="0.001"/>
  <testcase name="test0028 - 1.7" classname="org.eclipse.jdt.core.tests.compiler.parser.GenericsCompletionParserTest" time="0"/>
  <testcase name="test0028 - 1.7" classname="org.eclipse.jdt.core.tests.compiler.parser.AnnotationDietRecoveryTest" time="0.001"/>
  <testcase name="test0029_Diet - 1.7" classname="org.eclipse.jdt.core.tests.compiler.parser.CompletionParserTest2" time="0"/>
  <testcase name="test0029_Diet - 1.7" classname="org.eclipse.jdt.core.tests.compiler.parser.AnnotationCompletionParserTest" time="0"/>
  <testcase name="test0029_Method - 1.7" classname="org.eclipse.jdt.core.tests.compiler.parser.CompletionParserTest2" time="0"/>
  <testcase name="test0029_Method - 1.7" classname="org.eclipse.jdt.core.tests.compiler.parser.AnnotationCompletionParserTest" time="0"/>
  <testcase name="test0030_Diet - 1.7" classname="org.eclipse.jdt.core.tests.compiler.parser.CompletionParserTest2" time="0"/>
  <testcase name="test0030_Diet - 1.7" classname="org.eclipse.jdt.core.tests.compiler.parser.GenericsCompletionParserTest" time="0"/>
  <testcase name="test0030_Method - 1.7" classname="org.eclipse.jdt.core.tests.compiler.parser.CompletionParserTest2" time="0"/>
  <testcase name="test0030_Method - 1.7" classname="org.eclipse.jdt.core.tests.compiler.parser.GenericsCompletionParserTest" time="0"/>
  <testcase name="test0031_Diet - 1.7" classname="org.eclipse.jdt.core.tests.compiler.parser.CompletionParserTest2" time="0.001"/>
  <testcase name="test0031_Diet - 1.7" classname="org.eclipse.jdt.core.tests.compiler.parser.GenericsCompletionParserTest" time="0"/>
  <testcase name="test0031_Method - 1.7" classname="org.eclipse.jdt.core.tests.compiler.parser.CompletionParserTest2" time="0"/>
  <testcase name="test0031_Method - 1.7" classname="org.eclipse.jdt.core.tests.compiler.parser.GenericsCompletionParserTest" time="0"/>
  <testcase name="test0032_Diet - 1.7" classname="org.eclipse.jdt.core.tests.compiler.parser.CompletionParserTest2" time="0"/>
  <testcase name="test0032_Diet - 1.7" classname="org.eclipse.jdt.core.tests.compiler.parser.GenericsCompletionParserTest" time="0"/>
  <testcase name="test0032_Method - 1.7" classname="org.eclipse.jdt.core.tests.compiler.parser.CompletionParserTest2" time="0"/>
  <testcase name="test0032_Method - 1.7" classname="org.eclipse.jdt.core.tests.compiler.parser.GenericsCompletionParserTest" time="0"/>
  <testcase name="test0033_Diet - 1.7" classname="org.eclipse.jdt.core.tests.compiler.parser.CompletionParserTest2" time="0"/>
  <testcase name="test0033_Diet - 1.7" classname="org.eclipse.jdt.core.tests.compiler.parser.GenericsCompletionParserTest" time="0"/>
  <testcase name="test0033_Method - 1.7" classname="org.eclipse.jdt.core.tests.compiler.parser.CompletionParserTest2" time="0.001"/>
  <testcase name="test0033_Method - 1.7" classname="org.eclipse.jdt.core.tests.compiler.parser.GenericsCompletionParserTest" time="0"/>
  <testcase name="test0034_Diet - 1.7" classname="org.eclipse.jdt.core.tests.compiler.parser.CompletionParserTest2" time="0"/>
  <testcase name="test0034_Diet - 1.7" classname="org.eclipse.jdt.core.tests.compiler.parser.GenericsCompletionParserTest" time="0"/>
  <testcase name="test0034_Diet - 1.7" classname="org.eclipse.jdt.core.tests.compiler.parser.AnnotationCompletionParserTest" time="0.001"/>
  <testcase name="test0034_Method - 1.7" classname="org.eclipse.jdt.core.tests.compiler.parser.CompletionParserTest2" time="0"/>
  <testcase name="test0034_Method - 1.7" classname="org.eclipse.jdt.core.tests.compiler.parser.GenericsCompletionParserTest" time="0"/>
  <testcase name="test0034_Method - 1.7" classname="org.eclipse.jdt.core.tests.compiler.parser.AnnotationCompletionParserTest" time="0"/>
  <testcase name="test0035_Diet - 1.7" classname="org.eclipse.jdt.core.tests.compiler.parser.CompletionParserTest2" time="0"/>
  <testcase name="test0035_Diet - 1.7" classname="org.eclipse.jdt.core.tests.compiler.parser.GenericsCompletionParserTest" time="0"/>
  <testcase name="test0035_Diet - 1.7" classname="org.eclipse.jdt.core.tests.compiler.parser.AnnotationCompletionParserTest" time="0"/>
  <testcase name="test0035_Method - 1.7" classname="org.eclipse.jdt.core.tests.compiler.parser.CompletionParserTest2" time="0"/>
  <testcase name="test0035_Method - 1.7" classname="org.eclipse.jdt.core.tests.compiler.parser.GenericsCompletionParserTest" time="0"/>
  <testcase name="test0035_Method - 1.7" classname="org.eclipse.jdt.core.tests.compiler.parser.AnnotationCompletionParserTest" time="0.001"/>
  <testcase name="test0036_Diet - 1.7" classname="org.eclipse.jdt.core.tests.compiler.parser.CompletionParserTest2" time="0"/>
  <testcase name="test0036_Diet - 1.7" classname="org.eclipse.jdt.core.tests.compiler.parser.GenericsCompletionParserTest" time="0"/>
  <testcase name="test0036_Method - 1.7" classname="org.eclipse.jdt.core.tests.compiler.parser.CompletionParserTest2" time="0"/>
  <testcase name="test0036_Method - 1.7" classname="org.eclipse.jdt.core.tests.compiler.parser.GenericsCompletionParserTest" time="0"/>
  <testcase name="test0037 - 1.7" classname="org.eclipse.jdt.core.tests.compiler.parser.CompletionParserTest2" time="0"/>
  <testcase name="test0037 - 1.7" classname="org.eclipse.jdt.core.tests.compiler.parser.StatementRecoveryTest" time="0.001"/>
  <testcase name="test0037 - 1.7" classname="org.eclipse.jdt.core.tests.compiler.parser.ComplianceDiagnoseTest" time="0.001"/>
  <testcase name="test0037 - 1.7" classname="org.eclipse.jdt.core.tests.compiler.parser.AnnotationCompletionParserTest" time="0"/>
  <testcase name="test0037 - 1.7" classname="org.eclipse.jdt.core.tests.compiler.parser.AnnotationDietRecoveryTest" time="0.001"/>
  <testcase name="test0038_Diet - 1.7" classname="org.eclipse.jdt.core.tests.compiler.parser.CompletionParserTest2" time="0"/>
  <testcase name="test0038_Diet - 1.7" classname="org.eclipse.jdt.core.tests.compiler.parser.CompletionParserTestKeyword" time="0"/>
  <testcase name="test0038_Diet - 1.7" classname="org.eclipse.jdt.core.tests.compiler.parser.GenericsCompletionParserTest" time="0"/>
  <testcase name="test0038_Method - 1.7" classname="org.eclipse.jdt.core.tests.compiler.parser.CompletionParserTest2" time="0"/>
  <testcase name="test0038_Method - 1.7" classname="org.eclipse.jdt.core.tests.compiler.parser.CompletionParserTestKeyword" time="0"/>
  <testcase name="test0038_Method - 1.7" classname="org.eclipse.jdt.core.tests.compiler.parser.GenericsCompletionParserTest" time="0"/>
  <testcase name="test0039_Diet - 1.7" classname="org.eclipse.jdt.core.tests.compiler.parser.CompletionParserTest2" time="0"/>
  <testcase name="test0039_Diet - 1.7" classname="org.eclipse.jdt.core.tests.compiler.parser.CompletionParserTestKeyword" time="0"/>
  <testcase name="test0039_Diet - 1.7" classname="org.eclipse.jdt.core.tests.compiler.parser.GenericsCompletionParserTest" time="0"/>
  <testcase name="test0039_Method - 1.7" classname="org.eclipse.jdt.core.tests.compiler.parser.CompletionParserTest2" time="0"/>
  <testcase name="test0039_Method - 1.7" classname="org.eclipse.jdt.core.tests.compiler.parser.CompletionParserTestKeyword" time="0"/>
  <testcase name="test0039_Method - 1.7" classname="org.eclipse.jdt.core.tests.compiler.parser.GenericsCompletionParserTest" time="0"/>
  <testcase name="test0040 - 1.7" classname="org.eclipse.jdt.core.tests.compiler.parser.CompletionParserTest2" time="0"/>
  <testcase name="test0040 - 1.7" classname="org.eclipse.jdt.core.tests.compiler.parser.StatementRecoveryTest" time="0.002"/>
  <testcase name="test0040 - 1.7" classname="org.eclipse.jdt.core.tests.compiler.parser.ComplianceDiagnoseTest" time="0"/>
  <testcase name="test0040 - 1.7" classname="org.eclipse.jdt.core.tests.compiler.parser.AnnotationDietRecoveryTest" time="0.001"/>
  <testcase name="test0041_Diet - 1.7" classname="org.eclipse.jdt.core.tests.compiler.parser.CompletionParserTest2" time="0"/>
  <testcase name="test0041_Diet - 1.7" classname="org.eclipse.jdt.core.tests.compiler.parser.CompletionParserTestKeyword" time="0"/>
  <testcase name="test0041_Diet - 1.7" classname="org.eclipse.jdt.core.tests.compiler.parser.GenericsCompletionParserTest" time="0"/>
  <testcase name="test0041_Diet - 1.7" classname="org.eclipse.jdt.core.tests.compiler.parser.AnnotationCompletionParserTest" time="0"/>
  <testcase name="test0041_Method - 1.7" classname="org.eclipse.jdt.core.tests.compiler.parser.CompletionParserTest2" time="0"/>
  <testcase name="test0041_Method - 1.7" classname="org.eclipse.jdt.core.tests.compiler.parser.CompletionParserTestKeyword" time="0"/>
  <testcase name="test0041_Method - 1.7" classname="org.eclipse.jdt.core.tests.compiler.parser.GenericsCompletionParserTest" time="0"/>
  <testcase name="test0041_Method - 1.7" classname="org.eclipse.jdt.core.tests.compiler.parser.AnnotationCompletionParserTest" time="0"/>
  <testcase name="test0042_Diet - 1.7" classname="org.eclipse.jdt.core.tests.compiler.parser.CompletionParserTest2" time="0.001"/>
  <testcase name="test0042_Diet - 1.7" classname="org.eclipse.jdt.core.tests.compiler.parser.CompletionParserTestKeyword" time="0"/>
  <testcase name="test0042_Diet - 1.7" classname="org.eclipse.jdt.core.tests.compiler.parser.GenericsCompletionParserTest" time="0"/>
  <testcase name="test0042_Method - 1.7" classname="org.eclipse.jdt.core.tests.compiler.parser.CompletionParserTest2" time="0"/>
  <testcase name="test0042_Method - 1.7" classname="org.eclipse.jdt.core.tests.compiler.parser.CompletionParserTestKeyword" time="0"/>
  <testcase name="test0042_Method - 1.7" classname="org.eclipse.jdt.core.tests.compiler.parser.GenericsCompletionParserTest" time="0.001"/>
  <testcase name="test0043 - 1.7" classname="org.eclipse.jdt.core.tests.compiler.parser.CompletionParserTest2" time="0"/>
  <testcase name="test0043 - 1.7" classname="org.eclipse.jdt.core.tests.compiler.parser.StatementRecoveryTest" time="0.001"/>
  <testcase name="test0043 - 1.7" classname="org.eclipse.jdt.core.tests.compiler.parser.ComplianceDiagnoseTest" time="0.001"/>
  <testcase name="test0043 - 1.7" classname="org.eclipse.jdt.core.tests.compiler.parser.AnnotationCompletionParserTest" time="0.001"/>
  <testcase name="test0044_Diet - 1.7" classname="org.eclipse.jdt.core.tests.compiler.parser.CompletionParserTest2" time="0"/>
  <testcase name="test0044_Diet - 1.7" classname="org.eclipse.jdt.core.tests.compiler.parser.CompletionParserTestKeyword" time="0"/>
  <testcase name="test0044_Diet - 1.7" classname="org.eclipse.jdt.core.tests.compiler.parser.GenericsCompletionParserTest" time="0"/>
  <testcase name="test0044_Method - 1.7" classname="org.eclipse.jdt.core.tests.compiler.parser.CompletionParserTest2" time="0"/>
  <testcase name="test0044_Method - 1.7" classname="org.eclipse.jdt.core.tests.compiler.parser.CompletionParserTestKeyword" time="0"/>
  <testcase name="test0044_Method - 1.7" classname="org.eclipse.jdt.core.tests.compiler.parser.GenericsCompletionParserTest" time="0.001"/>
  <testcase name="test0045_Diet - 1.7" classname="org.eclipse.jdt.core.tests.compiler.parser.CompletionParserTest2" time="0"/>
  <testcase name="test0045_Diet - 1.7" classname="org.eclipse.jdt.core.tests.compiler.parser.CompletionParserTestKeyword" time="0"/>
  <testcase name="test0045_Diet - 1.7" classname="org.eclipse.jdt.core.tests.compiler.parser.GenericsCompletionParserTest" time="0"/>
  <testcase name="test0045_Method - 1.7" classname="org.eclipse.jdt.core.tests.compiler.parser.CompletionParserTest2" time="0"/>
  <testcase name="test0045_Method - 1.7" classname="org.eclipse.jdt.core.tests.compiler.parser.CompletionParserTestKeyword" time="0"/>
  <testcase name="test0045_Method - 1.7" classname="org.eclipse.jdt.core.tests.compiler.parser.GenericsCompletionParserTest" time="0"/>
  <testcase name="test0046 - 1.7" classname="org.eclipse.jdt.core.tests.compiler.parser.CompletionParserTest2" time="0"/>
  <testcase name="test0046 - 1.7" classname="org.eclipse.jdt.core.tests.compiler.parser.StatementRecoveryTest" time="0.001"/>
  <testcase name="test0046 - 1.7" classname="org.eclipse.jdt.core.tests.compiler.parser.ComplianceDiagnoseTest" time="0.004"/>
  <testcase name="test0047_Diet - 1.7" classname="org.eclipse.jdt.core.tests.compiler.parser.CompletionParserTest2" time="0"/>
  <testcase name="test0047_Diet - 1.7" classname="org.eclipse.jdt.core.tests.compiler.parser.GenericsCompletionParserTest" time="0"/>
  <testcase name="test0047_Diet - 1.7" classname="org.eclipse.jdt.core.tests.compiler.parser.AnnotationCompletionParserTest" time="0"/>
  <testcase name="test0047_Method - 1.7" classname="org.eclipse.jdt.core.tests.compiler.parser.CompletionParserTest2" time="0"/>
  <testcase name="test0047_Method - 1.7" classname="org.eclipse.jdt.core.tests.compiler.parser.GenericsCompletionParserTest" time="0"/>
  <testcase name="test0047_Method - 1.7" classname="org.eclipse.jdt.core.tests.compiler.parser.AnnotationCompletionParserTest" time="0"/>
  <testcase name="test0048_Diet - 1.7" classname="org.eclipse.jdt.core.tests.compiler.parser.CompletionParserTest2" time="0"/>
  <testcase name="test0048_Diet - 1.7" classname="org.eclipse.jdt.core.tests.compiler.parser.GenericsCompletionParserTest" time="0"/>
  <testcase name="test0048_Method - 1.7" classname="org.eclipse.jdt.core.tests.compiler.parser.CompletionParserTest2" time="0"/>
  <testcase name="test0048_Method - 1.7" classname="org.eclipse.jdt.core.tests.compiler.parser.GenericsCompletionParserTest" time="0.001"/>
  <testcase name="test0049 - 1.7" classname="org.eclipse.jdt.core.tests.compiler.parser.CompletionParserTest2" time="0.001"/>
  <testcase name="test0049 - 1.7" classname="org.eclipse.jdt.core.tests.compiler.parser.CompletionParserTestKeyword" time="0"/>
  <testcase name="test0049 - 1.7" classname="org.eclipse.jdt.core.tests.compiler.parser.ComplianceDiagnoseTest" time="0.002"/>
  <testcase name="test0049 - 1.7" classname="org.eclipse.jdt.core.tests.compiler.parser.AnnotationCompletionParserTest" time="0"/>
  <testcase name="test0050_Diet - 1.7" classname="org.eclipse.jdt.core.tests.compiler.parser.CompletionParserTest2" time="0"/>
  <testcase name="test0050_Diet - 1.7" classname="org.eclipse.jdt.core.tests.compiler.parser.GenericsCompletionParserTest" time="0"/>
  <testcase name="test0050_Method - 1.7" classname="org.eclipse.jdt.core.tests.compiler.parser.CompletionParserTest2" time="0"/>
  <testcase name="test0050_Method - 1.7" classname="org.eclipse.jdt.core.tests.compiler.parser.GenericsCompletionParserTest" time="0.001"/>
  <testcase name="test0051_Diet - 1.7" classname="org.eclipse.jdt.core.tests.compiler.parser.CompletionParserTest2" time="0"/>
  <testcase name="test0051_Diet - 1.7" classname="org.eclipse.jdt.core.tests.compiler.parser.GenericsCompletionParserTest" time="0"/>
  <testcase name="test0051_Method - 1.7" classname="org.eclipse.jdt.core.tests.compiler.parser.CompletionParserTest2" time="0"/>
  <testcase name="test0051_Method - 1.7" classname="org.eclipse.jdt.core.tests.compiler.parser.GenericsCompletionParserTest" time="0"/>
  <testcase name="test0052 - 1.7" classname="org.eclipse.jdt.core.tests.compiler.parser.CompletionParserTest2" time="0.001"/>
  <testcase name="test0052 - 1.7" classname="org.eclipse.jdt.core.tests.compiler.parser.CompletionParserTestKeyword" time="0"/>
  <testcase name="test0052 - 1.7" classname="org.eclipse.jdt.core.tests.compiler.parser.ComplianceDiagnoseTest" time="0.001"/>
  <testcase name="test0053_Diet - 1.7" classname="org.eclipse.jdt.core.tests.compiler.parser.CompletionParserTest2" time="0"/>
  <testcase name="test0053_Diet - 1.7" classname="org.eclipse.jdt.core.tests.compiler.parser.GenericsCompletionParserTest" time="0"/>
  <testcase name="test0053_Diet - 1.7" classname="org.eclipse.jdt.core.tests.compiler.parser.AnnotationCompletionParserTest" time="0"/>
  <testcase name="test0053_Method - 1.7" classname="org.eclipse.jdt.core.tests.compiler.parser.CompletionParserTest2" time="0"/>
  <testcase name="test0053_Method - 1.7" classname="org.eclipse.jdt.core.tests.compiler.parser.GenericsCompletionParserTest" time="0"/>
  <testcase name="test0053_Method - 1.7" classname="org.eclipse.jdt.core.tests.compiler.parser.AnnotationCompletionParserTest" time="0"/>
  <testcase name="test0054_Diet - 1.7" classname="org.eclipse.jdt.core.tests.compiler.parser.CompletionParserTest2" time="0"/>
  <testcase name="test0054_Diet - 1.7" classname="org.eclipse.jdt.core.tests.compiler.parser.GenericsCompletionParserTest" time="0"/>
  <testcase name="test0054_Method - 1.7" classname="org.eclipse.jdt.core.tests.compiler.parser.CompletionParserTest2" time="0"/>
  <testcase name="test0054_Method - 1.7" classname="org.eclipse.jdt.core.tests.compiler.parser.GenericsCompletionParserTest" time="0.001"/>
  <testcase name="test0055 - 1.7" classname="org.eclipse.jdt.core.tests.compiler.parser.CompletionParserTest2" time="0"/>
  <testcase name="test0055 - 1.7" classname="org.eclipse.jdt.core.tests.compiler.parser.ComplianceDiagnoseTest" time="0"/>
  <testcase name="test0055 - 1.7" classname="org.eclipse.jdt.core.tests.compiler.parser.AnnotationCompletionParserTest" time="0"/>
  <testcase name="test0056_Diet - 1.7" classname="org.eclipse.jdt.core.tests.compiler.parser.CompletionParserTest2" time="0"/>
  <testcase name="test0056_Diet - 1.7" classname="org.eclipse.jdt.core.tests.compiler.parser.CompletionParserTestKeyword" time="0"/>
  <testcase name="test0056_Diet - 1.7" classname="org.eclipse.jdt.core.tests.compiler.parser.GenericsCompletionParserTest" time="0"/>
  <testcase name="test0056_Method - 1.7" classname="org.eclipse.jdt.core.tests.compiler.parser.CompletionParserTest2" time="0"/>
  <testcase name="test0056_Method - 1.7" classname="org.eclipse.jdt.core.tests.compiler.parser.CompletionParserTestKeyword" time="0"/>
  <testcase name="test0056_Method - 1.7" classname="org.eclipse.jdt.core.tests.compiler.parser.GenericsCompletionParserTest" time="0.001"/>
  <testcase name="test0057_Diet - 1.7" classname="org.eclipse.jdt.core.tests.compiler.parser.CompletionParserTest2" time="0"/>
  <testcase name="test0057_Diet - 1.7" classname="org.eclipse.jdt.core.tests.compiler.parser.CompletionParserTestKeyword" time="0"/>
  <testcase name="test0057_Diet - 1.7" classname="org.eclipse.jdt.core.tests.compiler.parser.GenericsCompletionParserTest" time="0"/>
  <testcase name="test0057_Method - 1.7" classname="org.eclipse.jdt.core.tests.compiler.parser.CompletionParserTest2" time="0"/>
  <testcase name="test0057_Method - 1.7" classname="org.eclipse.jdt.core.tests.compiler.parser.CompletionParserTestKeyword" time="0"/>
  <testcase name="test0057_Method - 1.7" classname="org.eclipse.jdt.core.tests.compiler.parser.GenericsCompletionParserTest" time="0"/>
  <testcase name="test0058 - 1.7" classname="org.eclipse.jdt.core.tests.compiler.parser.CompletionParserTest2" time="0"/>
  <testcase name="test0058 - 1.7" classname="org.eclipse.jdt.core.tests.compiler.parser.ComplianceDiagnoseTest" time="0.001"/>
  <testcase name="test0059_Diet - 1.7" classname="org.eclipse.jdt.core.tests.compiler.parser.CompletionParserTest2" time="0"/>
  <testcase name="test0059_Diet - 1.7" classname="org.eclipse.jdt.core.tests.compiler.parser.CompletionParserTestKeyword" time="0"/>
  <testcase name="test0059_Diet - 1.7" classname="org.eclipse.jdt.core.tests.compiler.parser.AnnotationCompletionParserTest" time="0"/>
  <testcase name="test0059_Method - 1.7" classname="org.eclipse.jdt.core.tests.compiler.parser.CompletionParserTest2" time="0"/>
  <testcase name="test0059_Method - 1.7" classname="org.eclipse.jdt.core.tests.compiler.parser.CompletionParserTestKeyword" time="0"/>
  <testcase name="test0059_Method - 1.7" classname="org.eclipse.jdt.core.tests.compiler.parser.AnnotationCompletionParserTest" time="0"/>
  <testcase name="test0060_Diet - 1.7" classname="org.eclipse.jdt.core.tests.compiler.parser.CompletionParserTest2" time="0"/>
  <testcase name="test0060_Method - 1.7" classname="org.eclipse.jdt.core.tests.compiler.parser.CompletionParserTest2" time="0.001"/>
  <testcase name="test0061 - 1.7" classname="org.eclipse.jdt.core.tests.compiler.parser.CompletionParserTest2" time="0"/>
  <testcase name="test0061 - 1.7" classname="org.eclipse.jdt.core.tests.compiler.parser.CompletionParserTestKeyword" time="0.001"/>
  <testcase name="test0061 - 1.7" classname="org.eclipse.jdt.core.tests.compiler.parser.ComplianceDiagnoseTest" time="0"/>
  <testcase name="test0061 - 1.7" classname="org.eclipse.jdt.core.tests.compiler.parser.GenericsCompletionParserTest" time="0"/>
  <testcase name="test0061 - 1.7" classname="org.eclipse.jdt.core.tests.compiler.parser.AnnotationCompletionParserTest" time="0"/>
  <testcase name="test0062_Diet - 1.7" classname="org.eclipse.jdt.core.tests.compiler.parser.CompletionParserTest2" time="0"/>
  <testcase name="test0062_Method - 1.7" classname="org.eclipse.jdt.core.tests.compiler.parser.CompletionParserTest2" time="0"/>
  <testcase name="test0063_Diet - 1.7" classname="org.eclipse.jdt.core.tests.compiler.parser.CompletionParserTest2" time="0"/>
  <testcase name="test0063_Method - 1.7" classname="org.eclipse.jdt.core.tests.compiler.parser.CompletionParserTest2" time="0"/>
  <testcase name="test0064 - 1.7" classname="org.eclipse.jdt.core.tests.compiler.parser.CompletionParserTest2" time="0.001"/>
  <testcase name="test0064 - 1.7" classname="org.eclipse.jdt.core.tests.compiler.parser.CompletionParserTestKeyword" time="0"/>
  <testcase name="test0064 - 1.7" classname="org.eclipse.jdt.core.tests.compiler.parser.ComplianceDiagnoseTest" time="0.001"/>
  <testcase name="test0064 - 1.7" classname="org.eclipse.jdt.core.tests.compiler.parser.GenericsCompletionParserTest" time="0"/>
  <testcase name="test0065_Diet - 1.7" classname="org.eclipse.jdt.core.tests.compiler.parser.CompletionParserTest2" time="0"/>
  <testcase name="test0065_Diet - 1.7" classname="org.eclipse.jdt.core.tests.compiler.parser.AnnotationCompletionParserTest" time="0"/>
  <testcase name="test0065_Method - 1.7" classname="org.eclipse.jdt.core.tests.compiler.parser.CompletionParserTest2" time="0"/>
  <testcase name="test0065_Method - 1.7" classname="org.eclipse.jdt.core.tests.compiler.parser.AnnotationCompletionParserTest" time="0.001"/>
  <testcase name="test0066_Diet - 1.7" classname="org.eclipse.jdt.core.tests.compiler.parser.CompletionParserTest2" time="0"/>
  <testcase name="test0066_Method - 1.7" classname="org.eclipse.jdt.core.tests.compiler.parser.CompletionParserTest2" time="0"/>
  <testcase name="test0067_Diet - 1.7" classname="org.eclipse.jdt.core.tests.compiler.parser.CompletionParserTest2" time="0"/>
  <testcase name="test0067_Method - 1.7" classname="org.eclipse.jdt.core.tests.compiler.parser.CompletionParserTest2" time="0"/>
  <testcase name="test0068_Diet - 1.7" classname="org.eclipse.jdt.core.tests.compiler.parser.CompletionParserTest2" time="0"/>
  <testcase name="test0068_Method - 1.7" classname="org.eclipse.jdt.core.tests.compiler.parser.CompletionParserTest2" time="0"/>
  <testcase name="test0069_Diet - 1.7" classname="org.eclipse.jdt.core.tests.compiler.parser.CompletionParserTest2" time="0"/>
  <testcase name="test0069_Method - 1.7" classname="org.eclipse.jdt.core.tests.compiler.parser.CompletionParserTest2" time="0"/>
  <testcase name="test0070_Diet - 1.7" classname="org.eclipse.jdt.core.tests.compiler.parser.CompletionParserTest2" time="0"/>
  <testcase name="test0070_Diet - 1.7" classname="org.eclipse.jdt.core.tests.compiler.parser.AnnotationCompletionParserTest" time="0"/>
  <testcase name="test0070_Method - 1.7" classname="org.eclipse.jdt.core.tests.compiler.parser.CompletionParserTest2" time="0"/>
  <testcase name="test0070_Method - 1.7" classname="org.eclipse.jdt.core.tests.compiler.parser.AnnotationCompletionParserTest" time="0"/>
  <testcase name="test0071_Diet - 1.7" classname="org.eclipse.jdt.core.tests.compiler.parser.CompletionParserTest2" time="0"/>
  <testcase name="test0071_Diet - 1.7" classname="org.eclipse.jdt.core.tests.compiler.parser.AnnotationCompletionParserTest" time="0"/>
  <testcase name="test0071_Method - 1.7" classname="org.eclipse.jdt.core.tests.compiler.parser.CompletionParserTest2" time="0.001"/>
  <testcase name="test0071_Method - 1.7" classname="org.eclipse.jdt.core.tests.compiler.parser.AnnotationCompletionParserTest" time="0"/>
  <testcase name="test0072_Diet - 1.7" classname="org.eclipse.jdt.core.tests.compiler.parser.CompletionParserTest2" time="0"/>
  <testcase name="test0072_Method - 1.7" classname="org.eclipse.jdt.core.tests.compiler.parser.CompletionParserTest2" time="0"/>
  <testcase name="test0073 - 1.7" classname="org.eclipse.jdt.core.tests.compiler.parser.CompletionParserTest2" time="0"/>
  <testcase name="test0073 - 1.7" classname="org.eclipse.jdt.core.tests.compiler.parser.CompletionParserTestKeyword" time="0"/>
  <testcase name="test0073 - 1.7" classname="org.eclipse.jdt.core.tests.compiler.parser.GenericsCompletionParserTest" time="0"/>
  <testcase name="test0073 - 1.7" classname="org.eclipse.jdt.core.tests.compiler.parser.AnnotationCompletionParserTest" time="0"/>
  <testcase name="test0074_Diet - 1.7" classname="org.eclipse.jdt.core.tests.compiler.parser.CompletionParserTest2" time="0"/>
  <testcase name="test0074_Method - 1.7" classname="org.eclipse.jdt.core.tests.compiler.parser.CompletionParserTest2" time="0"/>
  <testcase name="test0075_Diet - 1.7" classname="org.eclipse.jdt.core.tests.compiler.parser.CompletionParserTest2" time="0"/>
  <testcase name="test0075_Method - 1.7" classname="org.eclipse.jdt.core.tests.compiler.parser.CompletionParserTest2" time="0"/>
  <testcase name="test0076 - 1.7" classname="org.eclipse.jdt.core.tests.compiler.parser.CompletionParserTest2" time="0"/>
  <testcase name="test0076 - 1.7" classname="org.eclipse.jdt.core.tests.compiler.parser.CompletionParserTestKeyword" time="0"/>
  <testcase name="test0076 - 1.7" classname="org.eclipse.jdt.core.tests.compiler.parser.GenericsCompletionParserTest" time="0"/>
  <testcase name="test0076 - 1.7" classname="org.eclipse.jdt.core.tests.compiler.parser.AnnotationCompletionParserTest" time="0"/>
  <testcase name="test0077_Diet - 1.7" classname="org.eclipse.jdt.core.tests.compiler.parser.CompletionParserTest2" time="0"/>
  <testcase name="test0077_Method - 1.7" classname="org.eclipse.jdt.core.tests.compiler.parser.CompletionParserTest2" time="0"/>
  <testcase name="test0078_Diet - 1.7" classname="org.eclipse.jdt.core.tests.compiler.parser.CompletionParserTest2" time="0"/>
  <testcase name="test0078_Method - 1.7" classname="org.eclipse.jdt.core.tests.compiler.parser.CompletionParserTest2" time="0"/>
  <testcase name="test0079_Diet - 1.7" classname="org.eclipse.jdt.core.tests.compiler.parser.CompletionParserTest2" time="0"/>
  <testcase name="test0079_Method - 1.7" classname="org.eclipse.jdt.core.tests.compiler.parser.CompletionParserTest2" time="0"/>
  <testcase name="test0080_Diet - 1.7" classname="org.eclipse.jdt.core.tests.compiler.parser.CompletionParserTest2" time="0"/>
  <testcase name="test0080_Diet - 1.7" classname="org.eclipse.jdt.core.tests.compiler.parser.CompletionParserTestKeyword" time="0"/>
  <testcase name="test0080_Method - 1.7" classname="org.eclipse.jdt.core.tests.compiler.parser.CompletionParserTest2" time="0"/>
  <testcase name="test0080_Method - 1.7" classname="org.eclipse.jdt.core.tests.compiler.parser.CompletionParserTestKeyword" time="0"/>
  <testcase name="test0081_Diet - 1.7" classname="org.eclipse.jdt.core.tests.compiler.parser.CompletionParserTest2" time="0"/>
  <testcase name="test0081_Diet - 1.7" classname="org.eclipse.jdt.core.tests.compiler.parser.CompletionParserTestKeyword" time="0.001"/>
  <testcase name="test0081_Method - 1.7" classname="org.eclipse.jdt.core.tests.compiler.parser.CompletionParserTest2" time="0"/>
  <testcase name="test0081_Method - 1.7" classname="org.eclipse.jdt.core.tests.compiler.parser.CompletionParserTestKeyword" time="0"/>
  <testcase name="test0082_Diet - 1.7" classname="org.eclipse.jdt.core.tests.compiler.parser.CompletionParserTest2" time="0"/>
  <testcase name="test0082_Diet - 1.7" classname="org.eclipse.jdt.core.tests.compiler.parser.CompletionParserTestKeyword" time="0"/>
  <testcase name="test0082_Method - 1.7" classname="org.eclipse.jdt.core.tests.compiler.parser.CompletionParserTest2" time="0"/>
  <testcase name="test0082_Method - 1.7" classname="org.eclipse.jdt.core.tests.compiler.parser.CompletionParserTestKeyword" time="0"/>
  <testcase name="test0083_Diet - 1.7" classname="org.eclipse.jdt.core.tests.compiler.parser.CompletionParserTest2" time="0"/>
  <testcase name="test0083_Method - 1.7" classname="org.eclipse.jdt.core.tests.compiler.parser.CompletionParserTest2" time="0"/>
  <testcase name="test0084_Diet - 1.7" classname="org.eclipse.jdt.core.tests.compiler.parser.CompletionParserTest2" time="0"/>
  <testcase name="test0084_Method - 1.7" classname="org.eclipse.jdt.core.tests.compiler.parser.CompletionParserTest2" time="0"/>
  <testcase name="test0085_Diet - 1.7" classname="org.eclipse.jdt.core.tests.compiler.parser.CompletionParserTest2" time="0"/>
  <testcase name="test0085_Method - 1.7" classname="org.eclipse.jdt.core.tests.compiler.parser.CompletionParserTest2" time="0"/>
  <testcase name="test0086_Diet - 1.7" classname="org.eclipse.jdt.core.tests.compiler.parser.CompletionParserTest2" time="0"/>
  <testcase name="test0086_Method - 1.7" classname="org.eclipse.jdt.core.tests.compiler.parser.CompletionParserTest2" time="0"/>
  <testcase name="test0087_Diet - 1.7" classname="org.eclipse.jdt.core.tests.compiler.parser.CompletionParserTest2" time="0"/>
  <testcase name="test0087_Method - 1.7" classname="org.eclipse.jdt.core.tests.compiler.parser.CompletionParserTest2" time="0.001"/>
  <testcase name="test0088_Diet - 1.7" classname="org.eclipse.jdt.core.tests.compiler.parser.CompletionParserTest2" time="0"/>
  <testcase name="test0088_Method - 1.7" classname="org.eclipse.jdt.core.tests.compiler.parser.CompletionParserTest2" time="0"/>
  <testcase name="test0089_Diet - 1.7" classname="org.eclipse.jdt.core.tests.compiler.parser.CompletionParserTest2" time="0"/>
  <testcase name="test0089_Method - 1.7" classname="org.eclipse.jdt.core.tests.compiler.parser.CompletionParserTest2" time="0"/>
  <testcase name="test0090_Diet - 1.7" classname="org.eclipse.jdt.core.tests.compiler.parser.CompletionParserTest2" time="0.001"/>
  <testcase name="test0090_Diet - 1.7" classname="org.eclipse.jdt.core.tests.compiler.parser.CompletionParserTestKeyword" time="0"/>
  <testcase name="test0090_Method - 1.7" classname="org.eclipse.jdt.core.tests.compiler.parser.CompletionParserTest2" time="0"/>
  <testcase name="test0090_Method - 1.7" classname="org.eclipse.jdt.core.tests.compiler.parser.CompletionParserTestKeyword" time="0"/>
  <testcase name="test0091 - 1.7" classname="org.eclipse.jdt.core.tests.compiler.parser.CompletionParserTest2" time="0"/>
  <testcase name="test0091 - 1.7" classname="org.eclipse.jdt.core.tests.compiler.parser.GenericsCompletionParserTest" time="0"/>
  <testcase name="test0091 - 1.7" classname="org.eclipse.jdt.core.tests.compiler.parser.AnnotationCompletionParserTest" time="0.001"/>
  <testcase name="test0092_Diet - 1.7" classname="org.eclipse.jdt.core.tests.compiler.parser.CompletionParserTest2" time="0"/>
  <testcase name="test0092_Diet - 1.7" classname="org.eclipse.jdt.core.tests.compiler.parser.CompletionParserTestKeyword" time="0.001"/>
  <testcase name="test0092_Method - 1.7" classname="org.eclipse.jdt.core.tests.compiler.parser.CompletionParserTest2" time="0.001"/>
  <testcase name="test0092_Method - 1.7" classname="org.eclipse.jdt.core.tests.compiler.parser.CompletionParserTestKeyword" time="0"/>
  <testcase name="test0093_Diet - 1.7" classname="org.eclipse.jdt.core.tests.compiler.parser.CompletionParserTest2" time="0"/>
  <testcase name="test0093_Diet - 1.7" classname="org.eclipse.jdt.core.tests.compiler.parser.CompletionParserTestKeyword" time="0"/>
  <testcase name="test0093_Method - 1.7" classname="org.eclipse.jdt.core.tests.compiler.parser.CompletionParserTest2" time="0"/>
  <testcase name="test0093_Method - 1.7" classname="org.eclipse.jdt.core.tests.compiler.parser.CompletionParserTestKeyword" time="0"/>
  <testcase name="test0094 - 1.7" classname="org.eclipse.jdt.core.tests.compiler.parser.CompletionParserTest2" time="0"/>
  <testcase name="test0094 - 1.7" classname="org.eclipse.jdt.core.tests.compiler.parser.GenericsCompletionParserTest" time="0"/>
  <testcase name="test0094 - 1.7" classname="org.eclipse.jdt.core.tests.compiler.parser.AnnotationCompletionParserTest" time="0"/>
  <testcase name="test0095_Diet - 1.7" classname="org.eclipse.jdt.core.tests.compiler.parser.CompletionParserTest2" time="0"/>
  <testcase name="test0095_Diet - 1.7" classname="org.eclipse.jdt.core.tests.compiler.parser.CompletionParserTestKeyword" time="0"/>
  <testcase name="test0095_Method - 1.7" classname="org.eclipse.jdt.core.tests.compiler.parser.CompletionParserTest2" time="0"/>
  <testcase name="test0095_Method - 1.7" classname="org.eclipse.jdt.core.tests.compiler.parser.CompletionParserTestKeyword" time="0"/>
  <testcase name="test0096_Diet - 1.7" classname="org.eclipse.jdt.core.tests.compiler.parser.CompletionParserTest2" time="0"/>
  <testcase name="test0096_Diet - 1.7" classname="org.eclipse.jdt.core.tests.compiler.parser.CompletionParserTestKeyword" time="0"/>
  <testcase name="test0096_Method - 1.7" classname="org.eclipse.jdt.core.tests.compiler.parser.CompletionParserTest2" time="0"/>
  <testcase name="test0096_Method - 1.7" classname="org.eclipse.jdt.core.tests.compiler.parser.CompletionParserTestKeyword" time="0"/>
  <testcase name="test0097_Diet - 1.7" classname="org.eclipse.jdt.core.tests.compiler.parser.CompletionParserTest2" time="0"/>
  <testcase name="test0097_Diet - 1.7" classname="org.eclipse.jdt.core.tests.compiler.parser.CompletionParserTestKeyword" time="0.001"/>
  <testcase name="test0097_Method - 1.7" classname="org.eclipse.jdt.core.tests.compiler.parser.CompletionParserTest2" time="0"/>
  <testcase name="test0097_Method - 1.7" classname="org.eclipse.jdt.core.tests.compiler.parser.CompletionParserTestKeyword" time="0"/>
  <testcase name="test0098_Diet - 1.7" classname="org.eclipse.jdt.core.tests.compiler.parser.CompletionParserTest2" time="0"/>
  <testcase name="test0098_Diet - 1.7" classname="org.eclipse.jdt.core.tests.compiler.parser.CompletionParserTestKeyword" time="0"/>
  <testcase name="test0098_Method - 1.7" classname="org.eclipse.jdt.core.tests.compiler.parser.CompletionParserTest2" time="0"/>
  <testcase name="test0098_Method - 1.7" classname="org.eclipse.jdt.core.tests.compiler.parser.CompletionParserTestKeyword" time="0"/>
  <testcase name="test0099_Diet - 1.7" classname="org.eclipse.jdt.core.tests.compiler.parser.CompletionParserTest2" time="0"/>
  <testcase name="test0099_Diet - 1.7" classname="org.eclipse.jdt.core.tests.compiler.parser.CompletionParserTestKeyword" time="0"/>
  <testcase name="test0099_Diet - 1.7" classname="org.eclipse.jdt.core.tests.compiler.parser.GenericsCompletionParserTest" time="0"/>
  <testcase name="test0099_Method - 1.7" classname="org.eclipse.jdt.core.tests.compiler.parser.CompletionParserTest2" time="0"/>
  <testcase name="test0099_Method - 1.7" classname="org.eclipse.jdt.core.tests.compiler.parser.CompletionParserTestKeyword" time="0.001"/>
  <testcase name="test0099_Method - 1.7" classname="org.eclipse.jdt.core.tests.compiler.parser.GenericsCompletionParserTest" time="0.001"/>
  <testcase name="test0100_Diet - 1.7" classname="org.eclipse.jdt.core.tests.compiler.parser.CompletionParserTest2" time="0.001"/>
  <testcase name="test0100_Diet - 1.7" classname="org.eclipse.jdt.core.tests.compiler.parser.CompletionParserTestKeyword" time="0"/>
  <testcase name="test0100_Diet - 1.7" classname="org.eclipse.jdt.core.tests.compiler.parser.GenericsCompletionParserTest" time="0"/>
  <testcase name="test0100_Method - 1.7" classname="org.eclipse.jdt.core.tests.compiler.parser.CompletionParserTest2" time="0"/>
  <testcase name="test0100_Method - 1.7" classname="org.eclipse.jdt.core.tests.compiler.parser.CompletionParserTestKeyword" time="0"/>
  <testcase name="test0100_Method - 1.7" classname="org.eclipse.jdt.core.tests.compiler.parser.GenericsCompletionParserTest" time="0"/>
  <testcase name="test0101_Diet - 1.7" classname="org.eclipse.jdt.core.tests.compiler.parser.CompletionParserTest2" time="0"/>
  <testcase name="test0101_Diet - 1.7" classname="org.eclipse.jdt.core.tests.compiler.parser.GenericsCompletionParserTest" time="0"/>
  <testcase name="test0101_Method - 1.7" classname="org.eclipse.jdt.core.tests.compiler.parser.CompletionParserTest2" time="0"/>
  <testcase name="test0101_Method - 1.7" classname="org.eclipse.jdt.core.tests.compiler.parser.GenericsCompletionParserTest" time="0"/>
  <testcase name="test0102_Diet - 1.7" classname="org.eclipse.jdt.core.tests.compiler.parser.CompletionParserTest2" time="0"/>
  <testcase name="test0102_Diet - 1.7" classname="org.eclipse.jdt.core.tests.compiler.parser.GenericsCompletionParserTest" time="0"/>
  <testcase name="test0102_Method - 1.7" classname="org.eclipse.jdt.core.tests.compiler.parser.CompletionParserTest2" time="0"/>
  <testcase name="test0102_Method - 1.7" classname="org.eclipse.jdt.core.tests.compiler.parser.GenericsCompletionParserTest" time="0"/>
  <testcase name="test0103_Diet - 1.7" classname="org.eclipse.jdt.core.tests.compiler.parser.CompletionParserTest2" time="0"/>
  <testcase name="test0103_Diet - 1.7" classname="org.eclipse.jdt.core.tests.compiler.parser.GenericsCompletionParserTest" time="0"/>
  <testcase name="test0103_Method - 1.7" classname="org.eclipse.jdt.core.tests.compiler.parser.CompletionParserTest2" time="0"/>
  <testcase name="test0103_Method - 1.7" classname="org.eclipse.jdt.core.tests.compiler.parser.GenericsCompletionParserTest" time="0"/>
  <testcase name="test0104_Diet - 1.7" classname="org.eclipse.jdt.core.tests.compiler.parser.CompletionParserTest2" time="0"/>
  <testcase name="test0104_Diet - 1.7" classname="org.eclipse.jdt.core.tests.compiler.parser.GenericsCompletionParserTest" time="0"/>
  <testcase name="test0104_Method - 1.7" classname="org.eclipse.jdt.core.tests.compiler.parser.CompletionParserTest2" time="0.001"/>
  <testcase name="test0104_Method - 1.7" classname="org.eclipse.jdt.core.tests.compiler.parser.GenericsCompletionParserTest" time="0"/>
  <testcase name="test0105_Diet - 1.7" classname="org.eclipse.jdt.core.tests.compiler.parser.CompletionParserTest2" time="0"/>
  <testcase name="test0105_Diet - 1.7" classname="org.eclipse.jdt.core.tests.compiler.parser.GenericsCompletionParserTest" time="0"/>
  <testcase name="test0105_Diet - 1.7" classname="org.eclipse.jdt.core.tests.compiler.parser.AnnotationCompletionParserTest" time="0"/>
  <testcase name="test0105_Method - 1.7" classname="org.eclipse.jdt.core.tests.compiler.parser.CompletionParserTest2" time="0"/>
  <testcase name="test0105_Method - 1.7" classname="org.eclipse.jdt.core.tests.compiler.parser.GenericsCompletionParserTest" time="0"/>
  <testcase name="test0105_Method - 1.7" classname="org.eclipse.jdt.core.tests.compiler.parser.AnnotationCompletionParserTest" time="0"/>
  <testcase name="test0106_Diet - 1.7" classname="org.eclipse.jdt.core.tests.compiler.parser.CompletionParserTest2" time="0"/>
  <testcase name="test0106_Diet - 1.7" classname="org.eclipse.jdt.core.tests.compiler.parser.GenericsCompletionParserTest" time="0"/>
  <testcase name="test0106_Diet - 1.7" classname="org.eclipse.jdt.core.tests.compiler.parser.AnnotationCompletionParserTest" time="0"/>
  <testcase name="test0106_Method - 1.7" classname="org.eclipse.jdt.core.tests.compiler.parser.CompletionParserTest2" time="0.001"/>
  <testcase name="test0106_Method - 1.7" classname="org.eclipse.jdt.core.tests.compiler.parser.GenericsCompletionParserTest" time="0"/>
  <testcase name="test0106_Method - 1.7" classname="org.eclipse.jdt.core.tests.compiler.parser.AnnotationCompletionParserTest" time="0.001"/>
  <testcase name="test0107_Diet - 1.7" classname="org.eclipse.jdt.core.tests.compiler.parser.CompletionParserTest2" time="0"/>
  <testcase name="test0107_Diet - 1.7" classname="org.eclipse.jdt.core.tests.compiler.parser.CompletionParserTestKeyword" time="0"/>
  <testcase name="test0107_Diet - 1.7" classname="org.eclipse.jdt.core.tests.compiler.parser.GenericsCompletionParserTest" time="0.001"/>
  <testcase name="test0107_Diet - 1.7" classname="org.eclipse.jdt.core.tests.compiler.parser.AnnotationCompletionParserTest" time="0"/>
  <testcase name="test0107_Method - 1.7" classname="org.eclipse.jdt.core.tests.compiler.parser.CompletionParserTest2" time="0"/>
  <testcase name="test0107_Method - 1.7" classname="org.eclipse.jdt.core.tests.compiler.parser.CompletionParserTestKeyword" time="0"/>
  <testcase name="test0107_Method - 1.7" classname="org.eclipse.jdt.core.tests.compiler.parser.GenericsCompletionParserTest" time="0"/>
  <testcase name="test0107_Method - 1.7" classname="org.eclipse.jdt.core.tests.compiler.parser.AnnotationCompletionParserTest" time="0"/>
  <testcase name="test0108_Diet - 1.7" classname="org.eclipse.jdt.core.tests.compiler.parser.CompletionParserTest2" time="0"/>
  <testcase name="test0108_Diet - 1.7" classname="org.eclipse.jdt.core.tests.compiler.parser.CompletionParserTestKeyword" time="0"/>
  <testcase name="test0108_Diet - 1.7" classname="org.eclipse.jdt.core.tests.compiler.parser.GenericsCompletionParserTest" time="0"/>
  <testcase name="test0108_Diet - 1.7" classname="org.eclipse.jdt.core.tests.compiler.parser.AnnotationCompletionParserTest" time="0"/>
  <testcase name="test0108_Method - 1.7" classname="org.eclipse.jdt.core.tests.compiler.parser.CompletionParserTest2" time="0.001"/>
  <testcase name="test0108_Method - 1.7" classname="org.eclipse.jdt.core.tests.compiler.parser.CompletionParserTestKeyword" time="0"/>
  <testcase name="test0108_Method - 1.7" classname="org.eclipse.jdt.core.tests.compiler.parser.GenericsCompletionParserTest" time="0"/>
  <testcase name="test0108_Method - 1.7" classname="org.eclipse.jdt.core.tests.compiler.parser.AnnotationCompletionParserTest" time="0"/>
  <testcase name="test0109_Diet - 1.7" classname="org.eclipse.jdt.core.tests.compiler.parser.CompletionParserTest2" time="0"/>
  <testcase name="test0109_Diet - 1.7" classname="org.eclipse.jdt.core.tests.compiler.parser.CompletionParserTestKeyword" time="0"/>
  <testcase name="test0109_Diet - 1.7" classname="org.eclipse.jdt.core.tests.compiler.parser.GenericsCompletionParserTest" time="0"/>
  <testcase name="test0109_Diet - 1.7" classname="org.eclipse.jdt.core.tests.compiler.parser.AnnotationCompletionParserTest" time="0.001"/>
  <testcase name="test0109_Method - 1.7" classname="org.eclipse.jdt.core.tests.compiler.parser.CompletionParserTest2" time="0"/>
  <testcase name="test0109_Method - 1.7" classname="org.eclipse.jdt.core.tests.compiler.parser.CompletionParserTestKeyword" time="0.001"/>
  <testcase name="test0109_Method - 1.7" classname="org.eclipse.jdt.core.tests.compiler.parser.GenericsCompletionParserTest" time="0"/>
  <testcase name="test0109_Method - 1.7" classname="org.eclipse.jdt.core.tests.compiler.parser.AnnotationCompletionParserTest" time="0"/>
  <testcase name="test0110_Diet - 1.7" classname="org.eclipse.jdt.core.tests.compiler.parser.CompletionParserTest2" time="0"/>
  <testcase name="test0110_Diet - 1.7" classname="org.eclipse.jdt.core.tests.compiler.parser.CompletionParserTestKeyword" time="0"/>
  <testcase name="test0110_Diet - 1.7" classname="org.eclipse.jdt.core.tests.compiler.parser.GenericsCompletionParserTest" time="0"/>
  <testcase name="test0110_Diet - 1.7" classname="org.eclipse.jdt.core.tests.compiler.parser.AnnotationCompletionParserTest" time="0"/>
  <testcase name="test0110_Method - 1.7" classname="org.eclipse.jdt.core.tests.compiler.parser.CompletionParserTest2" time="0"/>
  <testcase name="test0110_Method - 1.7" classname="org.eclipse.jdt.core.tests.compiler.parser.CompletionParserTestKeyword" time="0"/>
  <testcase name="test0110_Method - 1.7" classname="org.eclipse.jdt.core.tests.compiler.parser.GenericsCompletionParserTest" time="0"/>
  <testcase name="test0110_Method - 1.7" classname="org.eclipse.jdt.core.tests.compiler.parser.AnnotationCompletionParserTest" time="0"/>
  <testcase name="test0111_Diet - 1.7" classname="org.eclipse.jdt.core.tests.compiler.parser.CompletionParserTest2" time="0"/>
  <testcase name="test0111_Diet - 1.7" classname="org.eclipse.jdt.core.tests.compiler.parser.GenericsCompletionParserTest" time="0"/>
  <testcase name="test0111_Diet - 1.7" classname="org.eclipse.jdt.core.tests.compiler.parser.AnnotationCompletionParserTest" time="0"/>
  <testcase name="test0111_Method - 1.7" classname="org.eclipse.jdt.core.tests.compiler.parser.CompletionParserTest2" time="0"/>
  <testcase name="test0111_Method - 1.7" classname="org.eclipse.jdt.core.tests.compiler.parser.GenericsCompletionParserTest" time="0.001"/>
  <testcase name="test0111_Method - 1.7" classname="org.eclipse.jdt.core.tests.compiler.parser.AnnotationCompletionParserTest" time="0.001"/>
  <testcase name="test0112_Diet - 1.7" classname="org.eclipse.jdt.core.tests.compiler.parser.CompletionParserTest2" time="0"/>
  <testcase name="test0112_Diet - 1.7" classname="org.eclipse.jdt.core.tests.compiler.parser.GenericsCompletionParserTest" time="0"/>
  <testcase name="test0112_Diet - 1.7" classname="org.eclipse.jdt.core.tests.compiler.parser.AnnotationCompletionParserTest" time="0"/>
  <testcase name="test0112_Method - 1.7" classname="org.eclipse.jdt.core.tests.compiler.parser.CompletionParserTest2" time="0"/>
  <testcase name="test0112_Method - 1.7" classname="org.eclipse.jdt.core.tests.compiler.parser.GenericsCompletionParserTest" time="0"/>
  <testcase name="test0112_Method - 1.7" classname="org.eclipse.jdt.core.tests.compiler.parser.AnnotationCompletionParserTest" time="0"/>
  <testcase name="test0113_Diet - 1.7" classname="org.eclipse.jdt.core.tests.compiler.parser.CompletionParserTest2" time="0"/>
  <testcase name="test0113_Diet - 1.7" classname="org.eclipse.jdt.core.tests.compiler.parser.GenericsCompletionParserTest" time="0.001"/>
  <testcase name="test0113_Diet - 1.7" classname="org.eclipse.jdt.core.tests.compiler.parser.AnnotationCompletionParserTest" time="0"/>
  <testcase name="test0113_Method - 1.7" classname="org.eclipse.jdt.core.tests.compiler.parser.CompletionParserTest2" time="0"/>
  <testcase name="test0113_Method - 1.7" classname="org.eclipse.jdt.core.tests.compiler.parser.GenericsCompletionParserTest" time="0"/>
  <testcase name="test0113_Method - 1.7" classname="org.eclipse.jdt.core.tests.compiler.parser.AnnotationCompletionParserTest" time="0"/>
  <testcase name="test0114_Diet - 1.7" classname="org.eclipse.jdt.core.tests.compiler.parser.CompletionParserTest2" time="0"/>
  <testcase name="test0114_Diet - 1.7" classname="org.eclipse.jdt.core.tests.compiler.parser.GenericsCompletionParserTest" time="0.001"/>
  <testcase name="test0114_Diet - 1.7" classname="org.eclipse.jdt.core.tests.compiler.parser.AnnotationCompletionParserTest" time="0"/>
  <testcase name="test0114_Method - 1.7" classname="org.eclipse.jdt.core.tests.compiler.parser.CompletionParserTest2" time="0"/>
  <testcase name="test0114_Method - 1.7" classname="org.eclipse.jdt.core.tests.compiler.parser.GenericsCompletionParserTest" time="0"/>
  <testcase name="test0114_Method - 1.7" classname="org.eclipse.jdt.core.tests.compiler.parser.AnnotationCompletionParserTest" time="0"/>
  <testcase name="test0115_Diet - 1.7" classname="org.eclipse.jdt.core.tests.compiler.parser.CompletionParserTest2" time="0"/>
  <testcase name="test0115_Diet - 1.7" classname="org.eclipse.jdt.core.tests.compiler.parser.GenericsCompletionParserTest" time="0"/>
  <testcase name="test0115_Method - 1.7" classname="org.eclipse.jdt.core.tests.compiler.parser.CompletionParserTest2" time="0.001"/>
  <testcase name="test0115_Method - 1.7" classname="org.eclipse.jdt.core.tests.compiler.parser.GenericsCompletionParserTest" time="0"/>
  <testcase name="test0116_Diet - 1.7" classname="org.eclipse.jdt.core.tests.compiler.parser.CompletionParserTest2" time="0"/>
  <testcase name="test0116_Diet - 1.7" classname="org.eclipse.jdt.core.tests.compiler.parser.GenericsCompletionParserTest" time="0"/>
  <testcase name="test0116_Method - 1.7" classname="org.eclipse.jdt.core.tests.compiler.parser.CompletionParserTest2" time="0"/>
  <testcase name="test0116_Method - 1.7" classname="org.eclipse.jdt.core.tests.compiler.parser.GenericsCompletionParserTest" time="0"/>
  <testcase name="test0117_Diet - 1.7" classname="org.eclipse.jdt.core.tests.compiler.parser.CompletionParserTest2" time="0"/>
  <testcase name="test0117_Diet - 1.7" classname="org.eclipse.jdt.core.tests.compiler.parser.GenericsCompletionParserTest" time="0"/>
  <testcase name="test0117_Method - 1.7" classname="org.eclipse.jdt.core.tests.compiler.parser.CompletionParserTest2" time="0"/>
  <testcase name="test0117_Method - 1.7" classname="org.eclipse.jdt.core.tests.compiler.parser.GenericsCompletionParserTest" time="0"/>
  <testcase name="test0118_Diet - 1.7" classname="org.eclipse.jdt.core.tests.compiler.parser.CompletionParserTest2" time="0"/>
  <testcase name="test0118_Diet - 1.7" classname="org.eclipse.jdt.core.tests.compiler.parser.GenericsCompletionParserTest" time="0"/>
  <testcase name="test0118_Method - 1.7" classname="org.eclipse.jdt.core.tests.compiler.parser.CompletionParserTest2" time="0"/>
  <testcase name="test0118_Method - 1.7" classname="org.eclipse.jdt.core.tests.compiler.parser.GenericsCompletionParserTest" time="0.001"/>
  <testcase name="test0119_Diet - 1.7" classname="org.eclipse.jdt.core.tests.compiler.parser.CompletionParserTest2" time="0"/>
  <testcase name="test0119_Diet - 1.7" classname="org.eclipse.jdt.core.tests.compiler.parser.GenericsCompletionParserTest" time="0"/>
  <testcase name="test0119_Diet - 1.7" classname="org.eclipse.jdt.core.tests.compiler.parser.AnnotationCompletionParserTest" time="0"/>
  <testcase name="test0119_Method - 1.7" classname="org.eclipse.jdt.core.tests.compiler.parser.CompletionParserTest2" time="0"/>
  <testcase name="test0119_Method - 1.7" classname="org.eclipse.jdt.core.tests.compiler.parser.GenericsCompletionParserTest" time="0"/>
  <testcase name="test0119_Method - 1.7" classname="org.eclipse.jdt.core.tests.compiler.parser.AnnotationCompletionParserTest" time="0"/>
  <testcase name="test0120_Diet - 1.7" classname="org.eclipse.jdt.core.tests.compiler.parser.CompletionParserTest2" time="0"/>
  <testcase name="test0120_Diet - 1.7" classname="org.eclipse.jdt.core.tests.compiler.parser.GenericsCompletionParserTest" time="0"/>
  <testcase name="test0120_Diet - 1.7" classname="org.eclipse.jdt.core.tests.compiler.parser.AnnotationCompletionParserTest" time="0"/>
  <testcase name="test0120_Method - 1.7" classname="org.eclipse.jdt.core.tests.compiler.parser.CompletionParserTest2" time="0"/>
  <testcase name="test0120_Method - 1.7" classname="org.eclipse.jdt.core.tests.compiler.parser.GenericsCompletionParserTest" time="0"/>
  <testcase name="test0120_Method - 1.7" classname="org.eclipse.jdt.core.tests.compiler.parser.AnnotationCompletionParserTest" time="0"/>
  <testcase name="test0121_Diet - 1.7" classname="org.eclipse.jdt.core.tests.compiler.parser.CompletionParserTest2" time="0"/>
  <testcase name="test0121_Diet - 1.7" classname="org.eclipse.jdt.core.tests.compiler.parser.GenericsCompletionParserTest" time="0.001"/>
  <testcase name="test0121_Method - 1.7" classname="org.eclipse.jdt.core.tests.compiler.parser.CompletionParserTest2" time="0"/>
  <testcase name="test0121_Method - 1.7" classname="org.eclipse.jdt.core.tests.compiler.parser.GenericsCompletionParserTest" time="0"/>
  <testcase name="test0122_Diet - 1.7" classname="org.eclipse.jdt.core.tests.compiler.parser.CompletionParserTest2" time="0"/>
  <testcase name="test0122_Diet - 1.7" classname="org.eclipse.jdt.core.tests.compiler.parser.GenericsCompletionParserTest" time="0"/>
  <testcase name="test0122_Method - 1.7" classname="org.eclipse.jdt.core.tests.compiler.parser.CompletionParserTest2" time="0"/>
  <testcase name="test0122_Method - 1.7" classname="org.eclipse.jdt.core.tests.compiler.parser.GenericsCompletionParserTest" time="0"/>
  <testcase name="test0123_Diet - 1.7" classname="org.eclipse.jdt.core.tests.compiler.parser.CompletionParserTest2" time="0"/>
  <testcase name="test0123_Diet - 1.7" classname="org.eclipse.jdt.core.tests.compiler.parser.GenericsCompletionParserTest" time="0"/>
  <testcase name="test0123_Method - 1.7" classname="org.eclipse.jdt.core.tests.compiler.parser.CompletionParserTest2" time="0"/>
  <testcase name="test0123_Method - 1.7" classname="org.eclipse.jdt.core.tests.compiler.parser.GenericsCompletionParserTest" time="0.001"/>
  <testcase name="test0124_Diet - 1.7" classname="org.eclipse.jdt.core.tests.compiler.parser.CompletionParserTest2" time="0"/>
  <testcase name="test0124_Diet - 1.7" classname="org.eclipse.jdt.core.tests.compiler.parser.GenericsCompletionParserTest" time="0"/>
  <testcase name="test0124_Method - 1.7" classname="org.eclipse.jdt.core.tests.compiler.parser.CompletionParserTest2" time="0"/>
  <testcase name="test0124_Method - 1.7" classname="org.eclipse.jdt.core.tests.compiler.parser.GenericsCompletionParserTest" time="0"/>
  <testcase name="test0125_Diet - 1.7" classname="org.eclipse.jdt.core.tests.compiler.parser.CompletionParserTest2" time="0"/>
  <testcase name="test0125_Diet - 1.7" classname="org.eclipse.jdt.core.tests.compiler.parser.GenericsCompletionParserTest" time="0"/>
  <testcase name="test0125_Method - 1.7" classname="org.eclipse.jdt.core.tests.compiler.parser.CompletionParserTest2" time="0"/>
  <testcase name="test0125_Method - 1.7" classname="org.eclipse.jdt.core.tests.compiler.parser.GenericsCompletionParserTest" time="0"/>
  <testcase name="test0126_Diet - 1.7" classname="org.eclipse.jdt.core.tests.compiler.parser.CompletionParserTest2" time="0"/>
  <testcase name="test0126_Diet - 1.7" classname="org.eclipse.jdt.core.tests.compiler.parser.GenericsCompletionParserTest" time="0"/>
  <testcase name="test0126_Method - 1.7" classname="org.eclipse.jdt.core.tests.compiler.parser.CompletionParserTest2" time="0"/>
  <testcase name="test0126_Method - 1.7" classname="org.eclipse.jdt.core.tests.compiler.parser.GenericsCompletionParserTest" time="0"/>
  <testcase name="test0127 - 1.7" classname="org.eclipse.jdt.core.tests.compiler.parser.CompletionParserTest2" time="0"/>
  <testcase name="test0127 - 1.7" classname="org.eclipse.jdt.core.tests.compiler.parser.CompletionParserTestKeyword" time="0"/>
  <testcase name="test0127 - 1.7" classname="org.eclipse.jdt.core.tests.compiler.parser.AnnotationCompletionParserTest" time="0"/>
  <testcase name="test0128_Diet - 1.7" classname="org.eclipse.jdt.core.tests.compiler.parser.CompletionParserTest2" time="0"/>
  <testcase name="test0128_Diet - 1.7" classname="org.eclipse.jdt.core.tests.compiler.parser.GenericsCompletionParserTest" time="0"/>
  <testcase name="test0128_Method - 1.7" classname="org.eclipse.jdt.core.tests.compiler.parser.CompletionParserTest2" time="0"/>
  <testcase name="test0128_Method - 1.7" classname="org.eclipse.jdt.core.tests.compiler.parser.GenericsCompletionParserTest" time="0"/>
  <testcase name="test0129_Diet - 1.7" classname="org.eclipse.jdt.core.tests.compiler.parser.CompletionParserTest2" time="0"/>
  <testcase name="test0129_Diet - 1.7" classname="org.eclipse.jdt.core.tests.compiler.parser.GenericsCompletionParserTest" time="0"/>
  <testcase name="test0129_Method - 1.7" classname="org.eclipse.jdt.core.tests.compiler.parser.CompletionParserTest2" time="0.001"/>
  <testcase name="test0129_Method - 1.7" classname="org.eclipse.jdt.core.tests.compiler.parser.GenericsCompletionParserTest" time="0"/>
  <testcase name="test0130_Diet - 1.7" classname="org.eclipse.jdt.core.tests.compiler.parser.CompletionParserTest2" time="0"/>
  <testcase name="test0130_Diet - 1.7" classname="org.eclipse.jdt.core.tests.compiler.parser.GenericsCompletionParserTest" time="0"/>
  <testcase name="test0130_Method - 1.7" classname="org.eclipse.jdt.core.tests.compiler.parser.CompletionParserTest2" time="0"/>
  <testcase name="test0130_Method - 1.7" classname="org.eclipse.jdt.core.tests.compiler.parser.GenericsCompletionParserTest" time="0"/>
  <testcase name="test0131_Diet - 1.7" classname="org.eclipse.jdt.core.tests.compiler.parser.CompletionParserTest2" time="0"/>
  <testcase name="test0131_Diet - 1.7" classname="org.eclipse.jdt.core.tests.compiler.parser.GenericsCompletionParserTest" time="0"/>
  <testcase name="test0131_Method - 1.7" classname="org.eclipse.jdt.core.tests.compiler.parser.CompletionParserTest2" time="0"/>
  <testcase name="test0131_Method - 1.7" classname="org.eclipse.jdt.core.tests.compiler.parser.GenericsCompletionParserTest" time="0"/>
  <testcase name="test0132_Diet - 1.7" classname="org.eclipse.jdt.core.tests.compiler.parser.CompletionParserTest2" time="0.001"/>
  <testcase name="test0132_Diet - 1.7" classname="org.eclipse.jdt.core.tests.compiler.parser.GenericsCompletionParserTest" time="0"/>
  <testcase name="test0132_Method - 1.7" classname="org.eclipse.jdt.core.tests.compiler.parser.CompletionParserTest2" time="0"/>
  <testcase name="test0132_Method - 1.7" classname="org.eclipse.jdt.core.tests.compiler.parser.GenericsCompletionParserTest" time="0"/>
  <testcase name="test0133_Diet - 1.7" classname="org.eclipse.jdt.core.tests.compiler.parser.CompletionParserTest2" time="0"/>
  <testcase name="test0133_Diet - 1.7" classname="org.eclipse.jdt.core.tests.compiler.parser.GenericsCompletionParserTest" time="0"/>
  <testcase name="test0133_Method - 1.7" classname="org.eclipse.jdt.core.tests.compiler.parser.CompletionParserTest2" time="0"/>
  <testcase name="test0133_Method - 1.7" classname="org.eclipse.jdt.core.tests.compiler.parser.GenericsCompletionParserTest" time="0"/>
  <testcase name="test0134 - 1.7" classname="org.eclipse.jdt.core.tests.compiler.parser.CompletionParserTest2" time="0.001"/>
  <testcase name="test0134 - 1.7" classname="org.eclipse.jdt.core.tests.compiler.parser.CompletionParserTestKeyword" time="0"/>
  <testcase name="test0135_Diet - 1.7" classname="org.eclipse.jdt.core.tests.compiler.parser.CompletionParserTest2" time="0"/>
  <testcase name="test0135_Diet - 1.7" classname="org.eclipse.jdt.core.tests.compiler.parser.GenericsCompletionParserTest" time="0"/>
  <testcase name="test0135_Method - 1.7" classname="org.eclipse.jdt.core.tests.compiler.parser.CompletionParserTest2" time="0"/>
  <testcase name="test0135_Method - 1.7" classname="org.eclipse.jdt.core.tests.compiler.parser.GenericsCompletionParserTest" time="0.001"/>
  <testcase name="test0136 - 1.7" classname="org.eclipse.jdt.core.tests.compiler.parser.CompletionParserTest2" time="0"/>
  <testcase name="test0136 - 1.7" classname="org.eclipse.jdt.core.tests.compiler.parser.CompletionParserTestKeyword" time="0"/>
  <testcase name="test0137_Diet - 1.7" classname="org.eclipse.jdt.core.tests.compiler.parser.CompletionParserTest2" time="0"/>
  <testcase name="test0137_Diet - 1.7" classname="org.eclipse.jdt.core.tests.compiler.parser.GenericsCompletionParserTest" time="0"/>
  <testcase name="test0137_Method - 1.7" classname="org.eclipse.jdt.core.tests.compiler.parser.CompletionParserTest2" time="0.001"/>
  <testcase name="test0137_Method - 1.7" classname="org.eclipse.jdt.core.tests.compiler.parser.GenericsCompletionParserTest" time="0"/>
  <testcase name="test0138_Diet - 1.7" classname="org.eclipse.jdt.core.tests.compiler.parser.CompletionParserTest2" time="0"/>
  <testcase name="test0138_Diet - 1.7" classname="org.eclipse.jdt.core.tests.compiler.parser.GenericsCompletionParserTest" time="0.001"/>
  <testcase name="test0138_Method - 1.7" classname="org.eclipse.jdt.core.tests.compiler.parser.CompletionParserTest2" time="0"/>
  <testcase name="test0138_Method - 1.7" classname="org.eclipse.jdt.core.tests.compiler.parser.GenericsCompletionParserTest" time="0"/>
  <testcase name="test0139 - 1.7" classname="org.eclipse.jdt.core.tests.compiler.parser.CompletionParserTest2" time="0"/>
  <testcase name="test0139 - 1.7" classname="org.eclipse.jdt.core.tests.compiler.parser.CompletionParserTestKeyword" time="0"/>
  <testcase name="test0140 - 1.7" classname="org.eclipse.jdt.core.tests.compiler.parser.CompletionParserTest2" time="0.001"/>
  <testcase name="test0140 - 1.7" classname="org.eclipse.jdt.core.tests.compiler.parser.CompletionParserTestKeyword" time="0"/>
  <testcase name="test0141 - 1.7" classname="org.eclipse.jdt.core.tests.compiler.parser.CompletionParserTest2" time="0"/>
  <testcase name="test0141 - 1.7" classname="org.eclipse.jdt.core.tests.compiler.parser.CompletionParserTestKeyword" time="0"/>
  <testcase name="test0142_Diet - 1.7" classname="org.eclipse.jdt.core.tests.compiler.parser.CompletionParserTest2" time="0"/>
  <testcase name="test0142_Diet - 1.7" classname="org.eclipse.jdt.core.tests.compiler.parser.GenericsCompletionParserTest" time="0"/>
  <testcase name="test0142_Method - 1.7" classname="org.eclipse.jdt.core.tests.compiler.parser.CompletionParserTest2" time="0"/>
  <testcase name="test0142_Method - 1.7" classname="org.eclipse.jdt.core.tests.compiler.parser.GenericsCompletionParserTest" time="0"/>
  <testcase name="test0143_Diet - 1.7" classname="org.eclipse.jdt.core.tests.compiler.parser.CompletionParserTest2" time="0"/>
  <testcase name="test0143_Diet - 1.7" classname="org.eclipse.jdt.core.tests.compiler.parser.GenericsCompletionParserTest" time="0"/>
  <testcase name="test0143_Method - 1.7" classname="org.eclipse.jdt.core.tests.compiler.parser.CompletionParserTest2" time="0"/>
  <testcase name="test0143_Method - 1.7" classname="org.eclipse.jdt.core.tests.compiler.parser.GenericsCompletionParserTest" time="0"/>
  <testcase name="test0144_Diet - 1.7" classname="org.eclipse.jdt.core.tests.compiler.parser.CompletionParserTest2" time="0"/>
  <testcase name="test0144_Diet - 1.7" classname="org.eclipse.jdt.core.tests.compiler.parser.GenericsCompletionParserTest" time="0"/>
  <testcase name="test0144_Method - 1.7" classname="org.eclipse.jdt.core.tests.compiler.parser.CompletionParserTest2" time="0"/>
  <testcase name="test0144_Method - 1.7" classname="org.eclipse.jdt.core.tests.compiler.parser.GenericsCompletionParserTest" time="0"/>
  <testcase name="test0145_Diet - 1.7" classname="org.eclipse.jdt.core.tests.compiler.parser.CompletionParserTest2" time="0"/>
  <testcase name="test0145_Diet - 1.7" classname="org.eclipse.jdt.core.tests.compiler.parser.GenericsCompletionParserTest" time="0"/>
  <testcase name="test0145_Method - 1.7" classname="org.eclipse.jdt.core.tests.compiler.parser.CompletionParserTest2" time="0"/>
  <testcase name="test0145_Method - 1.7" classname="org.eclipse.jdt.core.tests.compiler.parser.GenericsCompletionParserTest" time="0"/>
  <testcase name="test0146_Diet - 1.7" classname="org.eclipse.jdt.core.tests.compiler.parser.CompletionParserTest2" time="0"/>
  <testcase name="test0146_Method - 1.7" classname="org.eclipse.jdt.core.tests.compiler.parser.CompletionParserTest2" time="0"/>
  <testcase name="test0147 - 1.7" classname="org.eclipse.jdt.core.tests.compiler.parser.CompletionParserTest2" time="0"/>
  <testcase name="test0147 - 1.7" classname="org.eclipse.jdt.core.tests.compiler.parser.GenericsCompletionParserTest" time="0"/>
  <testcase name="test0148 - 1.7" classname="org.eclipse.jdt.core.tests.compiler.parser.CompletionParserTest2" time="0"/>
  <testcase name="test0148 - 1.7" classname="org.eclipse.jdt.core.tests.compiler.parser.GenericsCompletionParserTest" time="0"/>
  <testcase name="test0149_Diet - 1.7" classname="org.eclipse.jdt.core.tests.compiler.parser.CompletionParserTest2" time="0.001"/>
  <testcase name="test0149_Method - 1.7" classname="org.eclipse.jdt.core.tests.compiler.parser.CompletionParserTest2" time="0"/>
  <testcase name="test0150_Diet - 1.7" classname="org.eclipse.jdt.core.tests.compiler.parser.CompletionParserTest2" time="0"/>
  <testcase name="test0150_Method - 1.7" classname="org.eclipse.jdt.core.tests.compiler.parser.CompletionParserTest2" time="0"/>
  <testcase name="test0151_Diet - 1.7" classname="org.eclipse.jdt.core.tests.compiler.parser.CompletionParserTest2" time="0"/>
  <testcase name="test0151_Method - 1.7" classname="org.eclipse.jdt.core.tests.compiler.parser.CompletionParserTest2" time="0"/>
  <testcase name="test0152 - 1.7" classname="org.eclipse.jdt.core.tests.compiler.parser.CompletionParserTest2" time="0"/>
  <testcase name="test0152 - 1.7" classname="org.eclipse.jdt.core.tests.compiler.parser.CompletionParserTestKeyword" time="0.001"/>
  <testcase name="test0152 - 1.7" classname="org.eclipse.jdt.core.tests.compiler.parser.GenericsCompletionParserTest" time="0"/>
  <testcase name="test0153_Diet - 1.7" classname="org.eclipse.jdt.core.tests.compiler.parser.CompletionParserTest2" time="0"/>
  <testcase name="test0153_Method - 1.7" classname="org.eclipse.jdt.core.tests.compiler.parser.CompletionParserTest2" time="0"/>
  <testcase name="test0154_Diet - 1.7" classname="org.eclipse.jdt.core.tests.compiler.parser.CompletionParserTest2" time="0.001"/>
  <testcase name="test0154_Method - 1.7" classname="org.eclipse.jdt.core.tests.compiler.parser.CompletionParserTest2" time="0"/>
  <testcase name="test0155_Diet - 1.7" classname="org.eclipse.jdt.core.tests.compiler.parser.CompletionParserTest2" time="0"/>
  <testcase name="test0155_Method - 1.7" classname="org.eclipse.jdt.core.tests.compiler.parser.CompletionParserTest2" time="0"/>
  <testcase name="test0156_Diet - 1.7" classname="org.eclipse.jdt.core.tests.compiler.parser.CompletionParserTest2" time="0"/>
  <testcase name="test0156_Method - 1.7" classname="org.eclipse.jdt.core.tests.compiler.parser.CompletionParserTest2" time="0"/>
  <testcase name="test0157_Diet - 1.7" classname="org.eclipse.jdt.core.tests.compiler.parser.CompletionParserTest2" time="0"/>
  <testcase name="test0157_Method - 1.7" classname="org.eclipse.jdt.core.tests.compiler.parser.CompletionParserTest2" time="0"/>
  <testcase name="test0158_Diet - 1.7" classname="org.eclipse.jdt.core.tests.compiler.parser.CompletionParserTest2" time="0"/>
  <testcase name="test0158_Method - 1.7" classname="org.eclipse.jdt.core.tests.compiler.parser.CompletionParserTest2" time="0.001"/>
  <testcase name="test0159 - 1.7" classname="org.eclipse.jdt.core.tests.compiler.parser.CompletionParserTest2" time="0"/>
  <testcase name="test0159 - 1.7" classname="org.eclipse.jdt.core.tests.compiler.parser.CompletionParserTestKeyword" time="0"/>
  <testcase name="test0160 - 1.7" classname="org.eclipse.jdt.core.tests.compiler.parser.CompletionParserTest2" time="0"/>
  <testcase name="test0160 - 1.7" classname="org.eclipse.jdt.core.tests.compiler.parser.CompletionParserTestKeyword" time="0"/>
  <testcase name="test0161 - 1.7" classname="org.eclipse.jdt.core.tests.compiler.parser.CompletionParserTest2" time="0"/>
  <testcase name="test0161 - 1.7" classname="org.eclipse.jdt.core.tests.compiler.parser.CompletionParserTestKeyword" time="0"/>
  <testcase name="test0161 - 1.7" classname="org.eclipse.jdt.core.tests.compiler.parser.GenericsCompletionParserTest" time="0"/>
  <testcase name="test0162 - 1.7" classname="org.eclipse.jdt.core.tests.compiler.parser.CompletionParserTest2" time="0"/>
  <testcase name="test0162 - 1.7" classname="org.eclipse.jdt.core.tests.compiler.parser.CompletionParserTestKeyword" time="0"/>
  <testcase name="test0162 - 1.7" classname="org.eclipse.jdt.core.tests.compiler.parser.GenericsCompletionParserTest" time="0"/>
  <testcase name="test0163 - 1.7" classname="org.eclipse.jdt.core.tests.compiler.parser.CompletionParserTest2" time="0"/>
  <testcase name="test0163 - 1.7" classname="org.eclipse.jdt.core.tests.compiler.parser.CompletionParserTestKeyword" time="0"/>
  <testcase name="test0163 - 1.7" classname="org.eclipse.jdt.core.tests.compiler.parser.GenericsCompletionParserTest" time="0"/>
  <testcase name="test0164 - 1.7" classname="org.eclipse.jdt.core.tests.compiler.parser.CompletionParserTest2" time="0"/>
  <testcase name="test0164 - 1.7" classname="org.eclipse.jdt.core.tests.compiler.parser.CompletionParserTestKeyword" time="0.001"/>
  <testcase name="test0164 - 1.7" classname="org.eclipse.jdt.core.tests.compiler.parser.GenericsCompletionParserTest" time="0"/>
  <testcase name="test0165_Diet - 1.7" classname="org.eclipse.jdt.core.tests.compiler.parser.CompletionParserTest2" time="0"/>
  <testcase name="test0165_Diet - 1.7" classname="org.eclipse.jdt.core.tests.compiler.parser.GenericsCompletionParserTest" time="0"/>
  <testcase name="test0165_Method - 1.7" classname="org.eclipse.jdt.core.tests.compiler.parser.CompletionParserTest2" time="0.001"/>
  <testcase name="test0165_Method - 1.7" classname="org.eclipse.jdt.core.tests.compiler.parser.GenericsCompletionParserTest" time="0"/>
  <testcase name="test0166_Diet - 1.7" classname="org.eclipse.jdt.core.tests.compiler.parser.CompletionParserTest2" time="0"/>
  <testcase name="test0166_Diet - 1.7" classname="org.eclipse.jdt.core.tests.compiler.parser.GenericsCompletionParserTest" time="0"/>
  <testcase name="test0166_Method - 1.7" classname="org.eclipse.jdt.core.tests.compiler.parser.CompletionParserTest2" time="0.001"/>
  <testcase name="test0166_Method - 1.7" classname="org.eclipse.jdt.core.tests.compiler.parser.GenericsCompletionParserTest" time="0"/>
  <testcase name="test0167_Diet - 1.7" classname="org.eclipse.jdt.core.tests.compiler.parser.CompletionParserTest2" time="0"/>
  <testcase name="test0167_Diet - 1.7" classname="org.eclipse.jdt.core.tests.compiler.parser.GenericsCompletionParserTest" time="0"/>
  <testcase name="test0167_Method - 1.7" classname="org.eclipse.jdt.core.tests.compiler.parser.CompletionParserTest2" time="0"/>
  <testcase name="test0167_Method - 1.7" classname="org.eclipse.jdt.core.tests.compiler.parser.GenericsCompletionParserTest" time="0"/>
  <testcase name="test0168_Diet - 1.7" classname="org.eclipse.jdt.core.tests.compiler.parser.CompletionParserTest2" time="0"/>
  <testcase name="test0168_Diet - 1.7" classname="org.eclipse.jdt.core.tests.compiler.parser.GenericsCompletionParserTest" time="0"/>
  <testcase name="test0168_Method - 1.7" classname="org.eclipse.jdt.core.tests.compiler.parser.CompletionParserTest2" time="0"/>
  <testcase name="test0168_Method - 1.7" classname="org.eclipse.jdt.core.tests.compiler.parser.GenericsCompletionParserTest" time="0"/>
  <testcase name="test0169_Diet - 1.7" classname="org.eclipse.jdt.core.tests.compiler.parser.CompletionParserTest2" time="0"/>
  <testcase name="test0169_Method - 1.7" classname="org.eclipse.jdt.core.tests.compiler.parser.CompletionParserTest2" time="0"/>
  <testcase name="test0170_Diet - 1.7" classname="org.eclipse.jdt.core.tests.compiler.parser.CompletionParserTest2" time="0.001"/>
  <testcase name="test0170_Method - 1.7" classname="org.eclipse.jdt.core.tests.compiler.parser.CompletionParserTest2" time="0"/>
  <testcase name="test0171_Diet - 1.7" classname="org.eclipse.jdt.core.tests.compiler.parser.CompletionParserTest2" time="0"/>
  <testcase name="test0171_Diet - 1.7" classname="org.eclipse.jdt.core.tests.compiler.parser.GenericsCompletionParserTest" time="0.001"/>
  <testcase name="test0171_Method - 1.7" classname="org.eclipse.jdt.core.tests.compiler.parser.CompletionParserTest2" time="0"/>
  <testcase name="test0171_Method - 1.7" classname="org.eclipse.jdt.core.tests.compiler.parser.GenericsCompletionParserTest" time="0"/>
  <testcase name="test0172 - 1.7" classname="org.eclipse.jdt.core.tests.compiler.parser.CompletionParserTest2" time="0"/>
  <testcase name="test0172 - 1.7" classname="org.eclipse.jdt.core.tests.compiler.parser.CompletionParserTestKeyword" time="0"/>
  <testcase name="test0173_Diet - 1.7" classname="org.eclipse.jdt.core.tests.compiler.parser.CompletionParserTest2" time="0"/>
  <testcase name="test0173_Diet - 1.7" classname="org.eclipse.jdt.core.tests.compiler.parser.GenericsCompletionParserTest" time="0.001"/>
  <testcase name="test0173_Method - 1.7" classname="org.eclipse.jdt.core.tests.compiler.parser.CompletionParserTest2" time="0"/>
  <testcase name="test0173_Method - 1.7" classname="org.eclipse.jdt.core.tests.compiler.parser.GenericsCompletionParserTest" time="0"/>
  <testcase name="test0174_Diet - 1.7" classname="org.eclipse.jdt.core.tests.compiler.parser.CompletionParserTest2" time="0"/>
  <testcase name="test0174_Diet - 1.7" classname="org.eclipse.jdt.core.tests.compiler.parser.GenericsCompletionParserTest" time="0"/>
  <testcase name="test0175_Diet - 1.7" classname="org.eclipse.jdt.core.tests.compiler.parser.CompletionParserTest2" time="0"/>
  <testcase name="test0175_Diet - 1.7" classname="org.eclipse.jdt.core.tests.compiler.parser.GenericsCompletionParserTest" time="0.001"/>
  <testcase name="test0176_Diet - 1.7" classname="org.eclipse.jdt.core.tests.compiler.parser.CompletionParserTest2" time="0"/>
  <testcase name="test0176_Diet - 1.7" classname="org.eclipse.jdt.core.tests.compiler.parser.GenericsCompletionParserTest" time="0"/>
  <testcase name="test0177_Diet - 1.7" classname="org.eclipse.jdt.core.tests.compiler.parser.CompletionParserTest2" time="0"/>
  <testcase name="test0178_Method - 1.7" classname="org.eclipse.jdt.core.tests.compiler.parser.CompletionParserTest2" time="0"/>
  <testcase name="test0002 - 1.7" classname="org.eclipse.jdt.core.tests.compiler.parser.CompletionParserTestKeyword" time="0"/>
  <testcase name="test0002 - 1.7" classname="org.eclipse.jdt.core.tests.compiler.parser.StatementRecoveryTest" time="0.001"/>
  <testcase name="test0002 - 1.7" classname="org.eclipse.jdt.core.tests.compiler.parser.ComplianceDiagnoseTest" time="0.001"/>
  <testcase name="test0002 - 1.7" classname="org.eclipse.jdt.core.tests.compiler.parser.GenericsCompletionParserTest" time="0.001"/>
  <testcase name="test0002 - 1.7" classname="org.eclipse.jdt.core.tests.compiler.parser.EnumCompletionParserTest" time="0"/>
  <testcase name="test0002 - 1.7" classname="org.eclipse.jdt.core.tests.compiler.parser.AnnotationCompletionParserTest" time="0"/>
  <testcase name="test0002 - 1.7" classname="org.eclipse.jdt.core.tests.compiler.parser.GenericsSelectionTest" time="0"/>
  <testcase name="test0002 - 1.7" classname="org.eclipse.jdt.core.tests.compiler.parser.AnnotationSelectionTest" time="0"/>
  <testcase name="test0002 - 1.7" classname="org.eclipse.jdt.core.tests.compiler.parser.GenericDietRecoveryTest" time="0.001"/>
  <testcase name="test0002 - 1.7" classname="org.eclipse.jdt.core.tests.compiler.parser.EnumDietRecoveryTest" time="0.001"/>
  <testcase name="test0002 - 1.7" classname="org.eclipse.jdt.core.tests.compiler.parser.AnnotationDietRecoveryTest" time="0"/>
  <testcase name="test0002 - 1.7" classname="org.eclipse.jdt.core.tests.compiler.parser.StatementRecoveryTest_1_5" time="0.003"/>
  <testcase name="test0002 - 1.7" classname="org.eclipse.jdt.core.tests.compiler.parser.ParserTest1_7" time="0.001"/>
  <testcase name="test0003 - 1.7" classname="org.eclipse.jdt.core.tests.compiler.parser.CompletionParserTestKeyword" time="0"/>
  <testcase name="test0003 - 1.7" classname="org.eclipse.jdt.core.tests.compiler.parser.StatementRecoveryTest" time="0.001"/>
  <testcase name="test0003 - 1.7" classname="org.eclipse.jdt.core.tests.compiler.parser.ComplianceDiagnoseTest" time="0.203"/>
  <testcase name="test0003 - 1.7" classname="org.eclipse.jdt.core.tests.compiler.parser.GenericsCompletionParserTest" time="0"/>
  <testcase name="test0003 - 1.7" classname="org.eclipse.jdt.core.tests.compiler.parser.EnumCompletionParserTest" time="0"/>
  <testcase name="test0003 - 1.7" classname="org.eclipse.jdt.core.tests.compiler.parser.AnnotationCompletionParserTest" time="0"/>
  <testcase name="test0003 - 1.7" classname="org.eclipse.jdt.core.tests.compiler.parser.GenericsSelectionTest" time="0"/>
  <testcase name="test0003 - 1.7" classname="org.eclipse.jdt.core.tests.compiler.parser.AnnotationSelectionTest" time="0"/>
  <testcase name="test0003 - 1.7" classname="org.eclipse.jdt.core.tests.compiler.parser.GenericDietRecoveryTest" time="0.001"/>
  <testcase name="test0003 - 1.7" classname="org.eclipse.jdt.core.tests.compiler.parser.EnumDietRecoveryTest" time="0.001"/>
  <testcase name="test0003 - 1.7" classname="org.eclipse.jdt.core.tests.compiler.parser.AnnotationDietRecoveryTest" time="0.002"/>
  <testcase name="test0003 - 1.7" classname="org.eclipse.jdt.core.tests.compiler.parser.StatementRecoveryTest_1_5" time="0.003"/>
  <testcase name="test0003 - 1.7" classname="org.eclipse.jdt.core.tests.compiler.parser.ParserTest1_7" time="0"/>
  <testcase name="test0005 - 1.7" classname="org.eclipse.jdt.core.tests.compiler.parser.CompletionParserTestKeyword" time="0"/>
  <testcase name="test0005 - 1.7" classname="org.eclipse.jdt.core.tests.compiler.parser.StatementRecoveryTest" time="0.001"/>
  <testcase name="test0005 - 1.7" classname="org.eclipse.jdt.core.tests.compiler.parser.ComplianceDiagnoseTest" time="0.001"/>
  <testcase name="test0005 - 1.7" classname="org.eclipse.jdt.core.tests.compiler.parser.GenericsCompletionParserTest" time="0"/>
  <testcase name="test0005 - 1.7" classname="org.eclipse.jdt.core.tests.compiler.parser.EnumCompletionParserTest" time="0"/>
  <testcase name="test0005 - 1.7" classname="org.eclipse.jdt.core.tests.compiler.parser.AnnotationCompletionParserTest" time="0"/>
  <testcase name="test0005 - 1.7" classname="org.eclipse.jdt.core.tests.compiler.parser.GenericsSelectionTest" time="0"/>
  <testcase name="test0005 - 1.7" classname="org.eclipse.jdt.core.tests.compiler.parser.GenericDietRecoveryTest" time="0.002"/>
  <testcase name="test0005 - 1.7" classname="org.eclipse.jdt.core.tests.compiler.parser.EnumDietRecoveryTest" time="0.001"/>
  <testcase name="test0005 - 1.7" classname="org.eclipse.jdt.core.tests.compiler.parser.AnnotationDietRecoveryTest" time="0.001"/>
  <testcase name="test0005 - 1.7" classname="org.eclipse.jdt.core.tests.compiler.parser.StatementRecoveryTest_1_5" time="0.003"/>
  <testcase name="test0005 - 1.7" classname="org.eclipse.jdt.core.tests.compiler.parser.ParserTest1_7" time="0.001"/>
  <testcase name="test0006 - 1.7" classname="org.eclipse.jdt.core.tests.compiler.parser.CompletionParserTestKeyword" time="0"/>
  <testcase name="test0006 - 1.7" classname="org.eclipse.jdt.core.tests.compiler.parser.StatementRecoveryTest" time="0.001"/>
  <testcase name="test0006 - 1.7" classname="org.eclipse.jdt.core.tests.compiler.parser.ComplianceDiagnoseTest" time="0.001"/>
  <testcase name="test0006 - 1.7" classname="org.eclipse.jdt.core.tests.compiler.parser.GenericsCompletionParserTest" time="0"/>
  <testcase name="test0006 - 1.7" classname="org.eclipse.jdt.core.tests.compiler.parser.EnumCompletionParserTest" time="0"/>
  <testcase name="test0006 - 1.7" classname="org.eclipse.jdt.core.tests.compiler.parser.AnnotationCompletionParserTest" time="0"/>
  <testcase name="test0006 - 1.7" classname="org.eclipse.jdt.core.tests.compiler.parser.GenericsSelectionTest" time="0"/>
  <testcase name="test0006 - 1.7" classname="org.eclipse.jdt.core.tests.compiler.parser.AnnotationSelectionTest" time="0"/>
  <testcase name="test0006 - 1.7" classname="org.eclipse.jdt.core.tests.compiler.parser.GenericDietRecoveryTest" time="0.001"/>
  <testcase name="test0006 - 1.7" classname="org.eclipse.jdt.core.tests.compiler.parser.EnumDietRecoveryTest" time="0.002"/>
  <testcase name="test0006 - 1.7" classname="org.eclipse.jdt.core.tests.compiler.parser.AnnotationDietRecoveryTest" time="0.002"/>
  <testcase name="test0006 - 1.7" classname="org.eclipse.jdt.core.tests.compiler.parser.StatementRecoveryTest_1_5" time="0.002"/>
  <testcase name="test0006 - 1.7" classname="org.eclipse.jdt.core.tests.compiler.parser.ParserTest1_7" time="0"/>
  <testcase name="test0008 - 1.7" classname="org.eclipse.jdt.core.tests.compiler.parser.CompletionParserTestKeyword" time="0"/>
  <testcase name="test0008 - 1.7" classname="org.eclipse.jdt.core.tests.compiler.parser.StatementRecoveryTest" time="0.001"/>
  <testcase name="test0008 - 1.7" classname="org.eclipse.jdt.core.tests.compiler.parser.ComplianceDiagnoseTest" time="0"/>
  <testcase name="test0008 - 1.7" classname="org.eclipse.jdt.core.tests.compiler.parser.GenericsCompletionParserTest" time="0"/>
  <testcase name="test0008 - 1.7" classname="org.eclipse.jdt.core.tests.compiler.parser.EnumCompletionParserTest" time="0"/>
  <testcase name="test0008 - 1.7" classname="org.eclipse.jdt.core.tests.compiler.parser.AnnotationCompletionParserTest" time="0"/>
  <testcase name="test0008 - 1.7" classname="org.eclipse.jdt.core.tests.compiler.parser.GenericsSelectionTest" time="0"/>
  <testcase name="test0008 - 1.7" classname="org.eclipse.jdt.core.tests.compiler.parser.AnnotationSelectionTest" time="0"/>
  <testcase name="test0008 - 1.7" classname="org.eclipse.jdt.core.tests.compiler.parser.GenericDietRecoveryTest" time="0.002"/>
  <testcase name="test0008 - 1.7" classname="org.eclipse.jdt.core.tests.compiler.parser.EnumDietRecoveryTest" time="0"/>
  <testcase name="test0008 - 1.7" classname="org.eclipse.jdt.core.tests.compiler.parser.AnnotationDietRecoveryTest" time="0.002"/>
  <testcase name="test0008 - 1.7" classname="org.eclipse.jdt.core.tests.compiler.parser.StatementRecoveryTest_1_5" time="0.001"/>
  <testcase name="test0008 - 1.7" classname="org.eclipse.jdt.core.tests.compiler.parser.ParserTest1_7" time="0.001"/>
  <testcase name="test0009 - 1.7" classname="org.eclipse.jdt.core.tests.compiler.parser.CompletionParserTestKeyword" time="0"/>
  <testcase name="test0009 - 1.7" classname="org.eclipse.jdt.core.tests.compiler.parser.StatementRecoveryTest" time="0.001"/>
  <testcase name="test0009 - 1.7" classname="org.eclipse.jdt.core.tests.compiler.parser.ComplianceDiagnoseTest" time="0.003"/>
  <testcase name="test0009 - 1.7" classname="org.eclipse.jdt.core.tests.compiler.parser.GenericsCompletionParserTest" time="0.001"/>
  <testcase name="test0009 - 1.7" classname="org.eclipse.jdt.core.tests.compiler.parser.EnumCompletionParserTest" time="0"/>
  <testcase name="test0009 - 1.7" classname="org.eclipse.jdt.core.tests.compiler.parser.AnnotationCompletionParserTest" time="0"/>
  <testcase name="test0009 - 1.7" classname="org.eclipse.jdt.core.tests.compiler.parser.GenericsSelectionTest" time="0"/>
  <testcase name="test0009 - 1.7" classname="org.eclipse.jdt.core.tests.compiler.parser.AnnotationSelectionTest" time="0"/>
  <testcase name="test0009 - 1.7" classname="org.eclipse.jdt.core.tests.compiler.parser.GenericDietRecoveryTest" time="0.001"/>
  <testcase name="test0009 - 1.7" classname="org.eclipse.jdt.core.tests.compiler.parser.EnumDietRecoveryTest" time="0.001"/>
  <testcase name="test0009 - 1.7" classname="org.eclipse.jdt.core.tests.compiler.parser.AnnotationDietRecoveryTest" time="0.003"/>
  <testcase name="test0009 - 1.7" classname="org.eclipse.jdt.core.tests.compiler.parser.ParserTest1_7" time="0"/>
  <testcase name="test0011 - 1.7" classname="org.eclipse.jdt.core.tests.compiler.parser.CompletionParserTestKeyword" time="0"/>
  <testcase name="test0011 - 1.7" classname="org.eclipse.jdt.core.tests.compiler.parser.StatementRecoveryTest" time="0.001"/>
  <testcase name="test0011 - 1.7" classname="org.eclipse.jdt.core.tests.compiler.parser.ComplianceDiagnoseTest" time="0"/>
  <testcase name="test0011 - 1.7" classname="org.eclipse.jdt.core.tests.compiler.parser.GenericsCompletionParserTest" time="0"/>
  <testcase name="test0011 - 1.7" classname="org.eclipse.jdt.core.tests.compiler.parser.EnumCompletionParserTest" time="0"/>
  <testcase name="test0011 - 1.7" classname="org.eclipse.jdt.core.tests.compiler.parser.AnnotationCompletionParserTest" time="0.001"/>
  <testcase name="test0011 - 1.7" classname="org.eclipse.jdt.core.tests.compiler.parser.GenericsSelectionTest" time="0"/>
  <testcase name="test0011 - 1.7" classname="org.eclipse.jdt.core.tests.compiler.parser.AnnotationSelectionTest" time="0"/>
  <testcase name="test0011 - 1.7" classname="org.eclipse.jdt.core.tests.compiler.parser.GenericDietRecoveryTest" time="0.002"/>
  <testcase name="test0011 - 1.7" classname="org.eclipse.jdt.core.tests.compiler.parser.EnumDietRecoveryTest" time="0.002"/>
  <testcase name="test0011 - 1.7" classname="org.eclipse.jdt.core.tests.compiler.parser.AnnotationDietRecoveryTest" time="0.001"/>
  <testcase name="test0011 - 1.7" classname="org.eclipse.jdt.core.tests.compiler.parser.ParserTest1_7" time="0.001"/>
  <testcase name="test0012 - 1.7" classname="org.eclipse.jdt.core.tests.compiler.parser.CompletionParserTestKeyword" time="0"/>
  <testcase name="test0012 - 1.7" classname="org.eclipse.jdt.core.tests.compiler.parser.StatementRecoveryTest" time="0.001"/>
  <testcase name="test0012 - 1.7" classname="org.eclipse.jdt.core.tests.compiler.parser.ComplianceDiagnoseTest" time="0.004"/>
  <testcase name="test0012 - 1.7" classname="org.eclipse.jdt.core.tests.compiler.parser.GenericsCompletionParserTest" time="0"/>
  <testcase name="test0012 - 1.7" classname="org.eclipse.jdt.core.tests.compiler.parser.EnumCompletionParserTest" time="0"/>
  <testcase name="test0012 - 1.7" classname="org.eclipse.jdt.core.tests.compiler.parser.AnnotationCompletionParserTest" time="0"/>
  <testcase name="test0012 - 1.7" classname="org.eclipse.jdt.core.tests.compiler.parser.GenericsSelectionTest" time="0"/>
  <testcase name="test0012 - 1.7" classname="org.eclipse.jdt.core.tests.compiler.parser.AnnotationSelectionTest" time="0.001"/>
  <testcase name="test0012 - 1.7" classname="org.eclipse.jdt.core.tests.compiler.parser.GenericDietRecoveryTest" time="0.001"/>
  <testcase name="test0012 - 1.7" classname="org.eclipse.jdt.core.tests.compiler.parser.EnumDietRecoveryTest" time="0.002"/>
  <testcase name="test0012 - 1.7" classname="org.eclipse.jdt.core.tests.compiler.parser.AnnotationDietRecoveryTest" time="0.002"/>
  <testcase name="test0012 - 1.7" classname="org.eclipse.jdt.core.tests.compiler.parser.ParserTest1_7" time="0.001"/>
  <testcase name="test0014 - 1.7" classname="org.eclipse.jdt.core.tests.compiler.parser.CompletionParserTestKeyword" time="0"/>
  <testcase name="test0014 - 1.7" classname="org.eclipse.jdt.core.tests.compiler.parser.StatementRecoveryTest" time="0.001"/>
  <testcase name="test0014 - 1.7" classname="org.eclipse.jdt.core.tests.compiler.parser.ComplianceDiagnoseTest" time="0.001"/>
  <testcase name="test0014 - 1.7" classname="org.eclipse.jdt.core.tests.compiler.parser.GenericsCompletionParserTest" time="0"/>
  <testcase name="test0014 - 1.7" classname="org.eclipse.jdt.core.tests.compiler.parser.EnumCompletionParserTest" time="0"/>
  <testcase name="test0014 - 1.7" classname="org.eclipse.jdt.core.tests.compiler.parser.AnnotationCompletionParserTest" time="0.001"/>
  <testcase name="test0014 - 1.7" classname="org.eclipse.jdt.core.tests.compiler.parser.GenericsSelectionTest" time="0"/>
  <testcase name="test0014 - 1.7" classname="org.eclipse.jdt.core.tests.compiler.parser.AnnotationSelectionTest" time="0"/>
  <testcase name="test0014 - 1.7" classname="org.eclipse.jdt.core.tests.compiler.parser.GenericDietRecoveryTest" time="0.002"/>
  <testcase name="test0014 - 1.7" classname="org.eclipse.jdt.core.tests.compiler.parser.EnumDietRecoveryTest" time="0.001"/>
  <testcase name="test0014 - 1.7" classname="org.eclipse.jdt.core.tests.compiler.parser.AnnotationDietRecoveryTest" time="0.001"/>
  <testcase name="test0015 - 1.7" classname="org.eclipse.jdt.core.tests.compiler.parser.CompletionParserTestKeyword" time="0"/>
  <testcase name="test0015 - 1.7" classname="org.eclipse.jdt.core.tests.compiler.parser.StatementRecoveryTest" time="0.001"/>
  <testcase name="test0015 - 1.7" classname="org.eclipse.jdt.core.tests.compiler.parser.ComplianceDiagnoseTest" time="0"/>
  <testcase name="test0015 - 1.7" classname="org.eclipse.jdt.core.tests.compiler.parser.GenericsCompletionParserTest" time="0"/>
  <testcase name="test0015 - 1.7" classname="org.eclipse.jdt.core.tests.compiler.parser.AnnotationCompletionParserTest" time="0"/>
  <testcase name="test0015 - 1.7" classname="org.eclipse.jdt.core.tests.compiler.parser.GenericsSelectionTest" time="0"/>
  <testcase name="test0015 - 1.7" classname="org.eclipse.jdt.core.tests.compiler.parser.AnnotationSelectionTest" time="0"/>
  <testcase name="test0015 - 1.7" classname="org.eclipse.jdt.core.tests.compiler.parser.GenericDietRecoveryTest" time="0.002"/>
  <testcase name="test0015 - 1.7" classname="org.eclipse.jdt.core.tests.compiler.parser.EnumDietRecoveryTest" time="0.002"/>
  <testcase name="test0015 - 1.7" classname="org.eclipse.jdt.core.tests.compiler.parser.AnnotationDietRecoveryTest" time="0.001"/>
  <testcase name="test0017 - 1.7" classname="org.eclipse.jdt.core.tests.compiler.parser.CompletionParserTestKeyword" time="0"/>
  <testcase name="test0017 - 1.7" classname="org.eclipse.jdt.core.tests.compiler.parser.StatementRecoveryTest" time="0.001"/>
  <testcase name="test0017 - 1.7" classname="org.eclipse.jdt.core.tests.compiler.parser.ComplianceDiagnoseTest" time="0"/>
  <testcase name="test0017 - 1.7" classname="org.eclipse.jdt.core.tests.compiler.parser.GenericsCompletionParserTest" time="0"/>
  <testcase name="test0017 - 1.7" classname="org.eclipse.jdt.core.tests.compiler.parser.AnnotationCompletionParserTest" time="0"/>
  <testcase name="test0017 - 1.7" classname="org.eclipse.jdt.core.tests.compiler.parser.GenericsSelectionTest" time="0"/>
  <testcase name="test0017 - 1.7" classname="org.eclipse.jdt.core.tests.compiler.parser.AnnotationSelectionTest" time="0"/>
  <testcase name="test0017 - 1.7" classname="org.eclipse.jdt.core.tests.compiler.parser.GenericDietRecoveryTest" time="0.002"/>
  <testcase name="test0017 - 1.7" classname="org.eclipse.jdt.core.tests.compiler.parser.EnumDietRecoveryTest" time="0"/>
  <testcase name="test0017 - 1.7" classname="org.eclipse.jdt.core.tests.compiler.parser.AnnotationDietRecoveryTest" time="0.002"/>
  <testcase name="test0018 - 1.7" classname="org.eclipse.jdt.core.tests.compiler.parser.CompletionParserTestKeyword" time="0"/>
  <testcase name="test0018 - 1.7" classname="org.eclipse.jdt.core.tests.compiler.parser.StatementRecoveryTest" time="0.001"/>
  <testcase name="test0018 - 1.7" classname="org.eclipse.jdt.core.tests.compiler.parser.ComplianceDiagnoseTest" time="0.001"/>
  <testcase name="test0018 - 1.7" classname="org.eclipse.jdt.core.tests.compiler.parser.GenericsCompletionParserTest" time="0"/>
  <testcase name="test0018 - 1.7" classname="org.eclipse.jdt.core.tests.compiler.parser.AnnotationCompletionParserTest" time="0.001"/>
  <testcase name="test0018 - 1.7" classname="org.eclipse.jdt.core.tests.compiler.parser.GenericsSelectionTest" time="0.001"/>
  <testcase name="test0018 - 1.7" classname="org.eclipse.jdt.core.tests.compiler.parser.GenericDietRecoveryTest" time="0.002"/>
  <testcase name="test0018 - 1.7" classname="org.eclipse.jdt.core.tests.compiler.parser.AnnotationDietRecoveryTest" time="0.003"/>
  <testcase name="test0020 - 1.7" classname="org.eclipse.jdt.core.tests.compiler.parser.CompletionParserTestKeyword" time="0"/>
  <testcase name="test0020 - 1.7" classname="org.eclipse.jdt.core.tests.compiler.parser.StatementRecoveryTest" time="0.002"/>
  <testcase name="test0020 - 1.7" classname="org.eclipse.jdt.core.tests.compiler.parser.ComplianceDiagnoseTest" time="0.001"/>
  <testcase name="test0020 - 1.7" classname="org.eclipse.jdt.core.tests.compiler.parser.GenericsCompletionParserTest" time="0.001"/>
  <testcase name="test0020 - 1.7" classname="org.eclipse.jdt.core.tests.compiler.parser.AnnotationCompletionParserTest" time="0"/>
  <testcase name="test0020 - 1.7" classname="org.eclipse.jdt.core.tests.compiler.parser.GenericsSelectionTest" time="0"/>
  <testcase name="test0020 - 1.7" classname="org.eclipse.jdt.core.tests.compiler.parser.GenericDietRecoveryTest" time="0.001"/>
  <testcase name="test0020 - 1.7" classname="org.eclipse.jdt.core.tests.compiler.parser.AnnotationDietRecoveryTest" time="0.004"/>
  <testcase name="test0022_Diet - 1.7" classname="org.eclipse.jdt.core.tests.compiler.parser.CompletionParserTestKeyword" time="0"/>
  <testcase name="test0022_Method - 1.7" classname="org.eclipse.jdt.core.tests.compiler.parser.CompletionParserTestKeyword" time="0"/>
  <testcase name="test0025_Diet - 1.7" classname="org.eclipse.jdt.core.tests.compiler.parser.CompletionParserTestKeyword" time="0"/>
  <testcase name="test0025_Method - 1.7" classname="org.eclipse.jdt.core.tests.compiler.parser.CompletionParserTestKeyword" time="0"/>
  <testcase name="test0028_Diet - 1.7" classname="org.eclipse.jdt.core.tests.compiler.parser.CompletionParserTestKeyword" time="0"/>
  <testcase name="test0028_Diet - 1.7" classname="org.eclipse.jdt.core.tests.compiler.parser.AnnotationCompletionParserTest" time="0"/>
  <testcase name="test0028_Method - 1.7" classname="org.eclipse.jdt.core.tests.compiler.parser.CompletionParserTestKeyword" time="0"/>
  <testcase name="test0028_Method - 1.7" classname="org.eclipse.jdt.core.tests.compiler.parser.AnnotationCompletionParserTest" time="0"/>
  <testcase name="test0029 - 1.7" classname="org.eclipse.jdt.core.tests.compiler.parser.CompletionParserTestKeyword" time="0"/>
  <testcase name="test0029 - 1.7" classname="org.eclipse.jdt.core.tests.compiler.parser.StatementRecoveryTest" time="0.001"/>
  <testcase name="test0029 - 1.7" classname="org.eclipse.jdt.core.tests.compiler.parser.ComplianceDiagnoseTest" time="0"/>
  <testcase name="test0029 - 1.7" classname="org.eclipse.jdt.core.tests.compiler.parser.GenericsCompletionParserTest" time="0"/>
  <testcase name="test0030 - 1.7" classname="org.eclipse.jdt.core.tests.compiler.parser.CompletionParserTestKeyword" time="0"/>
  <testcase name="test0030 - 1.7" classname="org.eclipse.jdt.core.tests.compiler.parser.StatementRecoveryTest" time="0.001"/>
  <testcase name="test0030 - 1.7" classname="org.eclipse.jdt.core.tests.compiler.parser.AnnotationCompletionParserTest" time="0.001"/>
  <testcase name="test0030 - 1.7" classname="org.eclipse.jdt.core.tests.compiler.parser.AnnotationDietRecoveryTest" time="0.001"/>
  <testcase name="test0031 - 1.7" classname="org.eclipse.jdt.core.tests.compiler.parser.CompletionParserTestKeyword" time="0"/>
  <testcase name="test0031 - 1.7" classname="org.eclipse.jdt.core.tests.compiler.parser.StatementRecoveryTest" time="0.001"/>
  <testcase name="test0031 - 1.7" classname="org.eclipse.jdt.core.tests.compiler.parser.ComplianceDiagnoseTest" time="0.001"/>
  <testcase name="test0031 - 1.7" classname="org.eclipse.jdt.core.tests.compiler.parser.AnnotationCompletionParserTest" time="0"/>
  <testcase name="test0031 - 1.7" classname="org.eclipse.jdt.core.tests.compiler.parser.AnnotationDietRecoveryTest" time="0.002"/>
  <testcase name="test0032 - 1.7" classname="org.eclipse.jdt.core.tests.compiler.parser.CompletionParserTestKeyword" time="0"/>
  <testcase name="test0032 - 1.7" classname="org.eclipse.jdt.core.tests.compiler.parser.StatementRecoveryTest" time="0.002"/>
  <testcase name="test0032 - 1.7" classname="org.eclipse.jdt.core.tests.compiler.parser.AnnotationCompletionParserTest" time="0"/>
  <testcase name="test0032 - 1.7" classname="org.eclipse.jdt.core.tests.compiler.parser.AnnotationDietRecoveryTest" time="0.003"/>
  <testcase name="test0033 - 1.7" classname="org.eclipse.jdt.core.tests.compiler.parser.CompletionParserTestKeyword" time="0"/>
  <testcase name="test0033 - 1.7" classname="org.eclipse.jdt.core.tests.compiler.parser.StatementRecoveryTest" time="0.001"/>
  <testcase name="test0033 - 1.7" classname="org.eclipse.jdt.core.tests.compiler.parser.ComplianceDiagnoseTest" time="0.001"/>
  <testcase name="test0033 - 1.7" classname="org.eclipse.jdt.core.tests.compiler.parser.AnnotationCompletionParserTest" time="0"/>
  <testcase name="test0033 - 1.7" classname="org.eclipse.jdt.core.tests.compiler.parser.AnnotationDietRecoveryTest" time="0.002"/>
  <testcase name="test0034 - 1.7" classname="org.eclipse.jdt.core.tests.compiler.parser.CompletionParserTestKeyword" time="0"/>
  <testcase name="test0034 - 1.7" classname="org.eclipse.jdt.core.tests.compiler.parser.StatementRecoveryTest" time="0.001"/>
  <testcase name="test0034 - 1.7" classname="org.eclipse.jdt.core.tests.compiler.parser.ComplianceDiagnoseTest" time="0.001"/>
  <testcase name="test0034 - 1.7" classname="org.eclipse.jdt.core.tests.compiler.parser.AnnotationDietRecoveryTest" time="0.002"/>
  <testcase name="test0035 - 1.7" classname="org.eclipse.jdt.core.tests.compiler.parser.CompletionParserTestKeyword" time="0"/>
  <testcase name="test0035 - 1.7" classname="org.eclipse.jdt.core.tests.compiler.parser.StatementRecoveryTest" time="0.001"/>
  <testcase name="test0035 - 1.7" classname="org.eclipse.jdt.core.tests.compiler.parser.ComplianceDiagnoseTest" time="0"/>
  <testcase name="test0035 - 1.7" classname="org.eclipse.jdt.core.tests.compiler.parser.AnnotationDietRecoveryTest" time="0.002"/>
  <testcase name="test0036 - 1.7" classname="org.eclipse.jdt.core.tests.compiler.parser.CompletionParserTestKeyword" time="0"/>
  <testcase name="test0036 - 1.7" classname="org.eclipse.jdt.core.tests.compiler.parser.StatementRecoveryTest" time="0.001"/>
  <testcase name="test0036 - 1.7" classname="org.eclipse.jdt.core.tests.compiler.parser.ComplianceDiagnoseTest" time="0.001"/>
  <testcase name="test0036 - 1.7" classname="org.eclipse.jdt.core.tests.compiler.parser.AnnotationCompletionParserTest" time="0"/>
  <testcase name="test0036 - 1.7" classname="org.eclipse.jdt.core.tests.compiler.parser.AnnotationDietRecoveryTest" time="0.001"/>
  <testcase name="test0037_Diet - 1.7" classname="org.eclipse.jdt.core.tests.compiler.parser.CompletionParserTestKeyword" time="0"/>
  <testcase name="test0037_Diet - 1.7" classname="org.eclipse.jdt.core.tests.compiler.parser.GenericsCompletionParserTest" time="0"/>
  <testcase name="test0037_Method - 1.7" classname="org.eclipse.jdt.core.tests.compiler.parser.CompletionParserTestKeyword" time="0.001"/>
  <testcase name="test0037_Method - 1.7" classname="org.eclipse.jdt.core.tests.compiler.parser.GenericsCompletionParserTest" time="0"/>
  <testcase name="test0040_Diet - 1.7" classname="org.eclipse.jdt.core.tests.compiler.parser.CompletionParserTestKeyword" time="0.001"/>
  <testcase name="test0040_Diet - 1.7" classname="org.eclipse.jdt.core.tests.compiler.parser.GenericsCompletionParserTest" time="0"/>
  <testcase name="test0040_Diet - 1.7" classname="org.eclipse.jdt.core.tests.compiler.parser.AnnotationCompletionParserTest" time="0"/>
  <testcase name="test0040_Method - 1.7" classname="org.eclipse.jdt.core.tests.compiler.parser.CompletionParserTestKeyword" time="0"/>
  <testcase name="test0040_Method - 1.7" classname="org.eclipse.jdt.core.tests.compiler.parser.GenericsCompletionParserTest" time="0.001"/>
  <testcase name="test0040_Method - 1.7" classname="org.eclipse.jdt.core.tests.compiler.parser.AnnotationCompletionParserTest" time="0.001"/>
  <testcase name="test0043_Diet - 1.7" classname="org.eclipse.jdt.core.tests.compiler.parser.CompletionParserTestKeyword" time="0"/>
  <testcase name="test0043_Diet - 1.7" classname="org.eclipse.jdt.core.tests.compiler.parser.GenericsCompletionParserTest" time="0"/>
  <testcase name="test0043_Method - 1.7" classname="org.eclipse.jdt.core.tests.compiler.parser.CompletionParserTestKeyword" time="0"/>
  <testcase name="test0043_Method - 1.7" classname="org.eclipse.jdt.core.tests.compiler.parser.GenericsCompletionParserTest" time="0"/>
  <testcase name="test0046_Diet - 1.7" classname="org.eclipse.jdt.core.tests.compiler.parser.CompletionParserTestKeyword" time="0"/>
  <testcase name="test0046_Diet - 1.7" classname="org.eclipse.jdt.core.tests.compiler.parser.GenericsCompletionParserTest" time="0"/>
  <testcase name="test0046_Diet - 1.7" classname="org.eclipse.jdt.core.tests.compiler.parser.AnnotationCompletionParserTest" time="0"/>
  <testcase name="test0046_Method - 1.7" classname="org.eclipse.jdt.core.tests.compiler.parser.CompletionParserTestKeyword" time="0"/>
  <testcase name="test0046_Method - 1.7" classname="org.eclipse.jdt.core.tests.compiler.parser.GenericsCompletionParserTest" time="0.001"/>
  <testcase name="test0046_Method - 1.7" classname="org.eclipse.jdt.core.tests.compiler.parser.AnnotationCompletionParserTest" time="0"/>
  <testcase name="test0047 - 1.7" classname="org.eclipse.jdt.core.tests.compiler.parser.CompletionParserTestKeyword" time="0"/>
  <testcase name="test0047 - 1.7" classname="org.eclipse.jdt.core.tests.compiler.parser.StatementRecoveryTest" time="0.001"/>
  <testcase name="test0047 - 1.7" classname="org.eclipse.jdt.core.tests.compiler.parser.ComplianceDiagnoseTest" time="0.002"/>
  <testcase name="test0048 - 1.7" classname="org.eclipse.jdt.core.tests.compiler.parser.CompletionParserTestKeyword" time="0"/>
  <testcase name="test0048 - 1.7" classname="org.eclipse.jdt.core.tests.compiler.parser.ComplianceDiagnoseTest" time="0.001"/>
  <testcase name="test0048 - 1.7" classname="org.eclipse.jdt.core.tests.compiler.parser.AnnotationCompletionParserTest" time="0"/>
  <testcase name="test0050 - 1.7" classname="org.eclipse.jdt.core.tests.compiler.parser.CompletionParserTestKeyword" time="0"/>
  <testcase name="test0050 - 1.7" classname="org.eclipse.jdt.core.tests.compiler.parser.ComplianceDiagnoseTest" time="0"/>
  <testcase name="test0050 - 1.7" classname="org.eclipse.jdt.core.tests.compiler.parser.AnnotationCompletionParserTest" time="0"/>
  <testcase name="test0051 - 1.7" classname="org.eclipse.jdt.core.tests.compiler.parser.CompletionParserTestKeyword" time="0.001"/>
  <testcase name="test0051 - 1.7" classname="org.eclipse.jdt.core.tests.compiler.parser.ComplianceDiagnoseTest" time="0"/>
  <testcase name="test0051 - 1.7" classname="org.eclipse.jdt.core.tests.compiler.parser.AnnotationCompletionParserTest" time="0"/>
  <testcase name="test0053 - 1.7" classname="org.eclipse.jdt.core.tests.compiler.parser.CompletionParserTestKeyword" time="0"/>
  <testcase name="test0053 - 1.7" classname="org.eclipse.jdt.core.tests.compiler.parser.ComplianceDiagnoseTest" time="0.004"/>
  <testcase name="test0054 - 1.7" classname="org.eclipse.jdt.core.tests.compiler.parser.CompletionParserTestKeyword" time="0"/>
  <testcase name="test0054 - 1.7" classname="org.eclipse.jdt.core.tests.compiler.parser.ComplianceDiagnoseTest" time="0.001"/>
  <testcase name="test0054 - 1.7" classname="org.eclipse.jdt.core.tests.compiler.parser.AnnotationCompletionParserTest" time="0.001"/>
  <testcase name="test0055_Diet - 1.7" classname="org.eclipse.jdt.core.tests.compiler.parser.CompletionParserTestKeyword" time="0"/>
  <testcase name="test0055_Diet - 1.7" classname="org.eclipse.jdt.core.tests.compiler.parser.GenericsCompletionParserTest" time="0"/>
  <testcase name="test0055_Method - 1.7" classname="org.eclipse.jdt.core.tests.compiler.parser.CompletionParserTestKeyword" time="0.001"/>
  <testcase name="test0055_Method - 1.7" classname="org.eclipse.jdt.core.tests.compiler.parser.GenericsCompletionParserTest" time="0"/>
  <testcase name="test0058_Diet - 1.7" classname="org.eclipse.jdt.core.tests.compiler.parser.CompletionParserTestKeyword" time="0"/>
  <testcase name="test0058_Diet - 1.7" classname="org.eclipse.jdt.core.tests.compiler.parser.GenericsCompletionParserTest" time="0"/>
  <testcase name="test0058_Diet - 1.7" classname="org.eclipse.jdt.core.tests.compiler.parser.AnnotationCompletionParserTest" time="0"/>
  <testcase name="test0058_Method - 1.7" classname="org.eclipse.jdt.core.tests.compiler.parser.CompletionParserTestKeyword" time="0"/>
  <testcase name="test0058_Method - 1.7" classname="org.eclipse.jdt.core.tests.compiler.parser.GenericsCompletionParserTest" time="0.001"/>
  <testcase name="test0058_Method - 1.7" classname="org.eclipse.jdt.core.tests.compiler.parser.AnnotationCompletionParserTest" time="0"/>
  <testcase name="test0060 - 1.7" classname="org.eclipse.jdt.core.tests.compiler.parser.CompletionParserTestKeyword" time="0"/>
  <testcase name="test0060 - 1.7" classname="org.eclipse.jdt.core.tests.compiler.parser.ComplianceDiagnoseTest" time="0.001"/>
  <testcase name="test0060 - 1.7" classname="org.eclipse.jdt.core.tests.compiler.parser.GenericsCompletionParserTest" time="0"/>
  <testcase name="test0060 - 1.7" classname="org.eclipse.jdt.core.tests.compiler.parser.AnnotationCompletionParserTest" time="0"/>
  <testcase name="test0062 - 1.7" classname="org.eclipse.jdt.core.tests.compiler.parser.CompletionParserTestKeyword" time="0"/>
  <testcase name="test0062 - 1.7" classname="org.eclipse.jdt.core.tests.compiler.parser.ComplianceDiagnoseTest" time="0.001"/>
  <testcase name="test0062 - 1.7" classname="org.eclipse.jdt.core.tests.compiler.parser.GenericsCompletionParserTest" time="0.001"/>
  <testcase name="test0062 - 1.7" classname="org.eclipse.jdt.core.tests.compiler.parser.AnnotationCompletionParserTest" time="0"/>
  <testcase name="test0063 - 1.7" classname="org.eclipse.jdt.core.tests.compiler.parser.CompletionParserTestKeyword" time="0"/>
  <testcase name="test0063 - 1.7" classname="org.eclipse.jdt.core.tests.compiler.parser.ComplianceDiagnoseTest" time="0.001"/>
  <testcase name="test0063 - 1.7" classname="org.eclipse.jdt.core.tests.compiler.parser.GenericsCompletionParserTest" time="0"/>
  <testcase name="test0063 - 1.7" classname="org.eclipse.jdt.core.tests.compiler.parser.AnnotationCompletionParserTest" time="0"/>
  <testcase name="test0065 - 1.7" classname="org.eclipse.jdt.core.tests.compiler.parser.CompletionParserTestKeyword" time="0"/>
  <testcase name="test0065 - 1.7" classname="org.eclipse.jdt.core.tests.compiler.parser.GenericsCompletionParserTest" time="0"/>
  <testcase name="test0066 - 1.7" classname="org.eclipse.jdt.core.tests.compiler.parser.CompletionParserTestKeyword" time="0"/>
  <testcase name="test0066 - 1.7" classname="org.eclipse.jdt.core.tests.compiler.parser.GenericsCompletionParserTest" time="0.001"/>
  <testcase name="test0066 - 1.7" classname="org.eclipse.jdt.core.tests.compiler.parser.AnnotationCompletionParserTest" time="0"/>
  <testcase name="test0067 - 1.7" classname="org.eclipse.jdt.core.tests.compiler.parser.CompletionParserTestKeyword" time="0"/>
  <testcase name="test0067 - 1.7" classname="org.eclipse.jdt.core.tests.compiler.parser.GenericsCompletionParserTest" time="0"/>
  <testcase name="test0067 - 1.7" classname="org.eclipse.jdt.core.tests.compiler.parser.AnnotationCompletionParserTest" time="0"/>
  <testcase name="test0068 - 1.7" classname="org.eclipse.jdt.core.tests.compiler.parser.CompletionParserTestKeyword" time="0"/>
  <testcase name="test0068 - 1.7" classname="org.eclipse.jdt.core.tests.compiler.parser.GenericsCompletionParserTest" time="0"/>
  <testcase name="test0068 - 1.7" classname="org.eclipse.jdt.core.tests.compiler.parser.AnnotationCompletionParserTest" time="0"/>
  <testcase name="test0069 - 1.7" classname="org.eclipse.jdt.core.tests.compiler.parser.CompletionParserTestKeyword" time="0"/>
  <testcase name="test0069 - 1.7" classname="org.eclipse.jdt.core.tests.compiler.parser.GenericsCompletionParserTest" time="0"/>
  <testcase name="test0069 - 1.7" classname="org.eclipse.jdt.core.tests.compiler.parser.AnnotationCompletionParserTest" time="0.001"/>
  <testcase name="test0070 - 1.7" classname="org.eclipse.jdt.core.tests.compiler.parser.CompletionParserTestKeyword" time="0"/>
  <testcase name="test0070 - 1.7" classname="org.eclipse.jdt.core.tests.compiler.parser.GenericsCompletionParserTest" time="0.001"/>
  <testcase name="test0071 - 1.7" classname="org.eclipse.jdt.core.tests.compiler.parser.CompletionParserTestKeyword" time="0"/>
  <testcase name="test0071 - 1.7" classname="org.eclipse.jdt.core.tests.compiler.parser.GenericsCompletionParserTest" time="0"/>
  <testcase name="test0072 - 1.7" classname="org.eclipse.jdt.core.tests.compiler.parser.CompletionParserTestKeyword" time="0.001"/>
  <testcase name="test0072 - 1.7" classname="org.eclipse.jdt.core.tests.compiler.parser.GenericsCompletionParserTest" time="0"/>
  <testcase name="test0072 - 1.7" classname="org.eclipse.jdt.core.tests.compiler.parser.AnnotationCompletionParserTest" time="0"/>
  <testcase name="test0074 - 1.7" classname="org.eclipse.jdt.core.tests.compiler.parser.CompletionParserTestKeyword" time="0"/>
  <testcase name="test0074 - 1.7" classname="org.eclipse.jdt.core.tests.compiler.parser.GenericsCompletionParserTest" time="0"/>
  <testcase name="test0074 - 1.7" classname="org.eclipse.jdt.core.tests.compiler.parser.AnnotationCompletionParserTest" time="0"/>
  <testcase name="test0075 - 1.7" classname="org.eclipse.jdt.core.tests.compiler.parser.CompletionParserTestKeyword" time="0"/>
  <testcase name="test0075 - 1.7" classname="org.eclipse.jdt.core.tests.compiler.parser.GenericsCompletionParserTest" time="0"/>
  <testcase name="test0075 - 1.7" classname="org.eclipse.jdt.core.tests.compiler.parser.AnnotationCompletionParserTest" time="0"/>
  <testcase name="test0077 - 1.7" classname="org.eclipse.jdt.core.tests.compiler.parser.CompletionParserTestKeyword" time="0.001"/>
  <testcase name="test0077 - 1.7" classname="org.eclipse.jdt.core.tests.compiler.parser.GenericsCompletionParserTest" time="0"/>
  <testcase name="test0078 - 1.7" classname="org.eclipse.jdt.core.tests.compiler.parser.CompletionParserTestKeyword" time="0"/>
  <testcase name="test0078 - 1.7" classname="org.eclipse.jdt.core.tests.compiler.parser.GenericsCompletionParserTest" time="0"/>
  <testcase name="test0078 - 1.7" classname="org.eclipse.jdt.core.tests.compiler.parser.AnnotationCompletionParserTest" time="0"/>
  <testcase name="test0079 - 1.7" classname="org.eclipse.jdt.core.tests.compiler.parser.CompletionParserTestKeyword" time="0"/>
  <testcase name="test0079 - 1.7" classname="org.eclipse.jdt.core.tests.compiler.parser.GenericsCompletionParserTest" time="0.001"/>
  <testcase name="test0079 - 1.7" classname="org.eclipse.jdt.core.tests.compiler.parser.AnnotationCompletionParserTest" time="0.001"/>
  <testcase name="test0083 - 1.7" classname="org.eclipse.jdt.core.tests.compiler.parser.CompletionParserTestKeyword" time="0"/>
  <testcase name="test0083 - 1.7" classname="org.eclipse.jdt.core.tests.compiler.parser.GenericsCompletionParserTest" time="0.001"/>
  <testcase name="test0083 - 1.7" classname="org.eclipse.jdt.core.tests.compiler.parser.AnnotationCompletionParserTest" time="0.001"/>
  <testcase name="test0084 - 1.7" classname="org.eclipse.jdt.core.tests.compiler.parser.CompletionParserTestKeyword" time="0"/>
  <testcase name="test0084 - 1.7" classname="org.eclipse.jdt.core.tests.compiler.parser.GenericsCompletionParserTest" time="0"/>
  <testcase name="test0084 - 1.7" classname="org.eclipse.jdt.core.tests.compiler.parser.AnnotationCompletionParserTest" time="0"/>
  <testcase name="test0085 - 1.7" classname="org.eclipse.jdt.core.tests.compiler.parser.CompletionParserTestKeyword" time="0"/>
  <testcase name="test0085 - 1.7" classname="org.eclipse.jdt.core.tests.compiler.parser.GenericsCompletionParserTest" time="0"/>
  <testcase name="test0085 - 1.7" classname="org.eclipse.jdt.core.tests.compiler.parser.AnnotationCompletionParserTest" time="0"/>
  <testcase name="test0086 - 1.7" classname="org.eclipse.jdt.core.tests.compiler.parser.CompletionParserTestKeyword" time="0"/>
  <testcase name="test0086 - 1.7" classname="org.eclipse.jdt.core.tests.compiler.parser.GenericsCompletionParserTest" time="0"/>
  <testcase name="test0086 - 1.7" classname="org.eclipse.jdt.core.tests.compiler.parser.AnnotationCompletionParserTest" time="0"/>
  <testcase name="test0087 - 1.7" classname="org.eclipse.jdt.core.tests.compiler.parser.CompletionParserTestKeyword" time="0"/>
  <testcase name="test0087 - 1.7" classname="org.eclipse.jdt.core.tests.compiler.parser.GenericsCompletionParserTest" time="0"/>
  <testcase name="test0087 - 1.7" classname="org.eclipse.jdt.core.tests.compiler.parser.AnnotationCompletionParserTest" time="0"/>
  <testcase name="test0088 - 1.7" classname="org.eclipse.jdt.core.tests.compiler.parser.CompletionParserTestKeyword" time="0"/>
  <testcase name="test0088 - 1.7" classname="org.eclipse.jdt.core.tests.compiler.parser.GenericsCompletionParserTest" time="0"/>
  <testcase name="test0088 - 1.7" classname="org.eclipse.jdt.core.tests.compiler.parser.AnnotationCompletionParserTest" time="0"/>
  <testcase name="test0089 - 1.7" classname="org.eclipse.jdt.core.tests.compiler.parser.CompletionParserTestKeyword" time="0.001"/>
  <testcase name="test0089 - 1.7" classname="org.eclipse.jdt.core.tests.compiler.parser.GenericsCompletionParserTest" time="0"/>
  <testcase name="test0089 - 1.7" classname="org.eclipse.jdt.core.tests.compiler.parser.AnnotationCompletionParserTest" time="0"/>
  <testcase name="test0091_Diet - 1.7" classname="org.eclipse.jdt.core.tests.compiler.parser.CompletionParserTestKeyword" time="0"/>
  <testcase name="test0091_Method - 1.7" classname="org.eclipse.jdt.core.tests.compiler.parser.CompletionParserTestKeyword" time="0"/>
  <testcase name="test0094_Diet - 1.7" classname="org.eclipse.jdt.core.tests.compiler.parser.CompletionParserTestKeyword" time="0"/>
  <testcase name="test0094_Method - 1.7" classname="org.eclipse.jdt.core.tests.compiler.parser.CompletionParserTestKeyword" time="0.001"/>
  <testcase name="test0101 - 1.7" classname="org.eclipse.jdt.core.tests.compiler.parser.CompletionParserTestKeyword" time="0"/>
  <testcase name="test0101 - 1.7" classname="org.eclipse.jdt.core.tests.compiler.parser.AnnotationCompletionParserTest" time="0"/>
  <testcase name="test0102 - 1.7" classname="org.eclipse.jdt.core.tests.compiler.parser.CompletionParserTestKeyword" time="0"/>
  <testcase name="test0102 - 1.7" classname="org.eclipse.jdt.core.tests.compiler.parser.AnnotationCompletionParserTest" time="0"/>
  <testcase name="test0103 - 1.7" classname="org.eclipse.jdt.core.tests.compiler.parser.CompletionParserTestKeyword" time="0.001"/>
  <testcase name="test0103 - 1.7" classname="org.eclipse.jdt.core.tests.compiler.parser.AnnotationCompletionParserTest" time="0"/>
  <testcase name="test0104 - 1.7" classname="org.eclipse.jdt.core.tests.compiler.parser.CompletionParserTestKeyword" time="0"/>
  <testcase name="test0104 - 1.7" classname="org.eclipse.jdt.core.tests.compiler.parser.AnnotationCompletionParserTest" time="0"/>
  <testcase name="test0105 - 1.7" classname="org.eclipse.jdt.core.tests.compiler.parser.CompletionParserTestKeyword" time="0"/>
  <testcase name="test0106 - 1.7" classname="org.eclipse.jdt.core.tests.compiler.parser.CompletionParserTestKeyword" time="0"/>
  <testcase name="test0111 - 1.7" classname="org.eclipse.jdt.core.tests.compiler.parser.CompletionParserTestKeyword" time="0"/>
  <testcase name="test0112 - 1.7" classname="org.eclipse.jdt.core.tests.compiler.parser.CompletionParserTestKeyword" time="0"/>
  <testcase name="test0113 - 1.7" classname="org.eclipse.jdt.core.tests.compiler.parser.CompletionParserTestKeyword" time="0"/>
  <testcase name="test0114 - 1.7" classname="org.eclipse.jdt.core.tests.compiler.parser.CompletionParserTestKeyword" time="0"/>
  <testcase name="test0115 - 1.7" classname="org.eclipse.jdt.core.tests.compiler.parser.CompletionParserTestKeyword" time="0"/>
  <testcase name="test0115 - 1.7" classname="org.eclipse.jdt.core.tests.compiler.parser.AnnotationCompletionParserTest" time="0"/>
  <testcase name="test0116 - 1.7" classname="org.eclipse.jdt.core.tests.compiler.parser.CompletionParserTestKeyword" time="0"/>
  <testcase name="test0116 - 1.7" classname="org.eclipse.jdt.core.tests.compiler.parser.AnnotationCompletionParserTest" time="0"/>
  <testcase name="test0117 - 1.7" classname="org.eclipse.jdt.core.tests.compiler.parser.CompletionParserTestKeyword" time="0"/>
  <testcase name="test0117 - 1.7" classname="org.eclipse.jdt.core.tests.compiler.parser.AnnotationCompletionParserTest" time="0"/>
  <testcase name="test0118 - 1.7" classname="org.eclipse.jdt.core.tests.compiler.parser.CompletionParserTestKeyword" time="0"/>
  <testcase name="test0118 - 1.7" classname="org.eclipse.jdt.core.tests.compiler.parser.AnnotationCompletionParserTest" time="0.001"/>
  <testcase name="test0119 - 1.7" classname="org.eclipse.jdt.core.tests.compiler.parser.CompletionParserTestKeyword" time="0"/>
  <testcase name="test0120 - 1.7" classname="org.eclipse.jdt.core.tests.compiler.parser.CompletionParserTestKeyword" time="0"/>
  <testcase name="test0121 - 1.7" classname="org.eclipse.jdt.core.tests.compiler.parser.CompletionParserTestKeyword" time="0"/>
  <testcase name="test0121 - 1.7" classname="org.eclipse.jdt.core.tests.compiler.parser.AnnotationCompletionParserTest" time="0"/>
  <testcase name="test0122 - 1.7" classname="org.eclipse.jdt.core.tests.compiler.parser.CompletionParserTestKeyword" time="0"/>
  <testcase name="test0122 - 1.7" classname="org.eclipse.jdt.core.tests.compiler.parser.AnnotationCompletionParserTest" time="0"/>
  <testcase name="test0123 - 1.7" classname="org.eclipse.jdt.core.tests.compiler.parser.CompletionParserTestKeyword" time="0"/>
  <testcase name="test0123 - 1.7" classname="org.eclipse.jdt.core.tests.compiler.parser.AnnotationCompletionParserTest" time="0"/>
  <testcase name="test0124 - 1.7" classname="org.eclipse.jdt.core.tests.compiler.parser.CompletionParserTestKeyword" time="0"/>
  <testcase name="test0124 - 1.7" classname="org.eclipse.jdt.core.tests.compiler.parser.AnnotationCompletionParserTest" time="0"/>
  <testcase name="test0125 - 1.7" classname="org.eclipse.jdt.core.tests.compiler.parser.CompletionParserTestKeyword" time="0.001"/>
  <testcase name="test0125 - 1.7" classname="org.eclipse.jdt.core.tests.compiler.parser.AnnotationCompletionParserTest" time="0.001"/>
  <testcase name="test0126 - 1.7" classname="org.eclipse.jdt.core.tests.compiler.parser.CompletionParserTestKeyword" time="0"/>
  <testcase name="test0126 - 1.7" classname="org.eclipse.jdt.core.tests.compiler.parser.AnnotationCompletionParserTest" time="0"/>
  <testcase name="test0128 - 1.7" classname="org.eclipse.jdt.core.tests.compiler.parser.CompletionParserTestKeyword" time="0"/>
  <testcase name="test0128 - 1.7" classname="org.eclipse.jdt.core.tests.compiler.parser.AnnotationCompletionParserTest" time="0"/>
  <testcase name="test0129 - 1.7" classname="org.eclipse.jdt.core.tests.compiler.parser.CompletionParserTestKeyword" time="0"/>
  <testcase name="test0129 - 1.7" classname="org.eclipse.jdt.core.tests.compiler.parser.AnnotationCompletionParserTest" time="0"/>
  <testcase name="test0130 - 1.7" classname="org.eclipse.jdt.core.tests.compiler.parser.CompletionParserTestKeyword" time="0"/>
  <testcase name="test0131 - 1.7" classname="org.eclipse.jdt.core.tests.compiler.parser.CompletionParserTestKeyword" time="0.001"/>
  <testcase name="test0132 - 1.7" classname="org.eclipse.jdt.core.tests.compiler.parser.CompletionParserTestKeyword" time="0"/>
  <testcase name="test0133 - 1.7" classname="org.eclipse.jdt.core.tests.compiler.parser.CompletionParserTestKeyword" time="0"/>
  <testcase name="test0135 - 1.7" classname="org.eclipse.jdt.core.tests.compiler.parser.CompletionParserTestKeyword" time="0"/>
  <testcase name="test0137 - 1.7" classname="org.eclipse.jdt.core.tests.compiler.parser.CompletionParserTestKeyword" time="0.001"/>
  <testcase name="test0138 - 1.7" classname="org.eclipse.jdt.core.tests.compiler.parser.CompletionParserTestKeyword" time="0"/>
  <testcase name="test0142 - 1.7" classname="org.eclipse.jdt.core.tests.compiler.parser.CompletionParserTestKeyword" time="0"/>
  <testcase name="test0143 - 1.7" classname="org.eclipse.jdt.core.tests.compiler.parser.CompletionParserTestKeyword" time="0.001"/>
  <testcase name="test0144 - 1.7" classname="org.eclipse.jdt.core.tests.compiler.parser.CompletionParserTestKeyword" time="0"/>
  <testcase name="test0145 - 1.7" classname="org.eclipse.jdt.core.tests.compiler.parser.CompletionParserTestKeyword" time="0"/>
  <testcase name="test0146 - 1.7" classname="org.eclipse.jdt.core.tests.compiler.parser.CompletionParserTestKeyword" time="0"/>
  <testcase name="test0146 - 1.7" classname="org.eclipse.jdt.core.tests.compiler.parser.GenericsCompletionParserTest" time="0"/>
  <testcase name="test0147_Diet - 1.7" classname="org.eclipse.jdt.core.tests.compiler.parser.CompletionParserTestKeyword" time="0"/>
  <testcase name="test0147_Method - 1.7" classname="org.eclipse.jdt.core.tests.compiler.parser.CompletionParserTestKeyword" time="0"/>
  <testcase name="test0148_Diet - 1.7" classname="org.eclipse.jdt.core.tests.compiler.parser.CompletionParserTestKeyword" time="0"/>
  <testcase name="test0148_Method - 1.7" classname="org.eclipse.jdt.core.tests.compiler.parser.CompletionParserTestKeyword" time="0"/>
  <testcase name="test0149 - 1.7" classname="org.eclipse.jdt.core.tests.compiler.parser.CompletionParserTestKeyword" time="0"/>
  <testcase name="test0149 - 1.7" classname="org.eclipse.jdt.core.tests.compiler.parser.GenericsCompletionParserTest" time="0"/>
  <testcase name="test0150 - 1.7" classname="org.eclipse.jdt.core.tests.compiler.parser.CompletionParserTestKeyword" time="0"/>
  <testcase name="test0150 - 1.7" classname="org.eclipse.jdt.core.tests.compiler.parser.GenericsCompletionParserTest" time="0"/>
  <testcase name="test0151 - 1.7" classname="org.eclipse.jdt.core.tests.compiler.parser.CompletionParserTestKeyword" time="0"/>
  <testcase name="test0151 - 1.7" classname="org.eclipse.jdt.core.tests.compiler.parser.GenericsCompletionParserTest" time="0"/>
  <testcase name="test0153 - 1.7" classname="org.eclipse.jdt.core.tests.compiler.parser.CompletionParserTestKeyword" time="0"/>
  <testcase name="test0153 - 1.7" classname="org.eclipse.jdt.core.tests.compiler.parser.GenericsCompletionParserTest" time="0.001"/>
  <testcase name="test0154 - 1.7" classname="org.eclipse.jdt.core.tests.compiler.parser.CompletionParserTestKeyword" time="0"/>
  <testcase name="test0154 - 1.7" classname="org.eclipse.jdt.core.tests.compiler.parser.GenericsCompletionParserTest" time="0"/>
  <testcase name="test0155 - 1.7" classname="org.eclipse.jdt.core.tests.compiler.parser.CompletionParserTestKeyword" time="0"/>
  <testcase name="test0155 - 1.7" classname="org.eclipse.jdt.core.tests.compiler.parser.GenericsCompletionParserTest" time="0"/>
  <testcase name="test0156 - 1.7" classname="org.eclipse.jdt.core.tests.compiler.parser.CompletionParserTestKeyword" time="0"/>
  <testcase name="test0156 - 1.7" classname="org.eclipse.jdt.core.tests.compiler.parser.GenericsCompletionParserTest" time="0"/>
  <testcase name="test0157 - 1.7" classname="org.eclipse.jdt.core.tests.compiler.parser.CompletionParserTestKeyword" time="0"/>
  <testcase name="test0157 - 1.7" classname="org.eclipse.jdt.core.tests.compiler.parser.GenericsCompletionParserTest" time="0.001"/>
  <testcase name="test0158 - 1.7" classname="org.eclipse.jdt.core.tests.compiler.parser.CompletionParserTestKeyword" time="0.001"/>
  <testcase name="test0158 - 1.7" classname="org.eclipse.jdt.core.tests.compiler.parser.GenericsCompletionParserTest" time="0"/>
  <testcase name="test0165 - 1.7" classname="org.eclipse.jdt.core.tests.compiler.parser.CompletionParserTestKeyword" time="0"/>
  <testcase name="test0166 - 1.7" classname="org.eclipse.jdt.core.tests.compiler.parser.CompletionParserTestKeyword" time="0"/>
  <testcase name="test0167 - 1.7" classname="org.eclipse.jdt.core.tests.compiler.parser.CompletionParserTestKeyword" time="0"/>
  <testcase name="test0168 - 1.7" classname="org.eclipse.jdt.core.tests.compiler.parser.CompletionParserTestKeyword" time="0"/>
  <testcase name="test0169 - 1.7" classname="org.eclipse.jdt.core.tests.compiler.parser.CompletionParserTestKeyword" time="0"/>
  <testcase name="test0169 - 1.7" classname="org.eclipse.jdt.core.tests.compiler.parser.GenericsCompletionParserTest" time="0"/>
  <testcase name="test0170 - 1.7" classname="org.eclipse.jdt.core.tests.compiler.parser.CompletionParserTestKeyword" time="0.001"/>
  <testcase name="test0170 - 1.7" classname="org.eclipse.jdt.core.tests.compiler.parser.GenericsCompletionParserTest" time="0"/>
  <testcase name="test0171 - 1.7" classname="org.eclipse.jdt.core.tests.compiler.parser.CompletionParserTestKeyword" time="0"/>
  <testcase name="test0173 - 1.7" classname="org.eclipse.jdt.core.tests.compiler.parser.CompletionParserTestKeyword" time="0"/>
  <testcase name="test0174 - 1.7" classname="org.eclipse.jdt.core.tests.compiler.parser.CompletionParserTestKeyword" time="0"/>
  <testcase name="test0175 - 1.7" classname="org.eclipse.jdt.core.tests.compiler.parser.CompletionParserTestKeyword" time="0"/>
  <testcase name="test0176 - 1.7" classname="org.eclipse.jdt.core.tests.compiler.parser.CompletionParserTestKeyword" time="0"/>
  <testcase name="test0177 - 1.7" classname="org.eclipse.jdt.core.tests.compiler.parser.CompletionParserTestKeyword" time="0"/>
  <testcase name="test0177 - 1.7" classname="org.eclipse.jdt.core.tests.compiler.parser.GenericsCompletionParserTest" time="0.001"/>
  <testcase name="test0178 - 1.7" classname="org.eclipse.jdt.core.tests.compiler.parser.CompletionParserTestKeyword" time="0"/>
  <testcase name="test0178 - 1.7" classname="org.eclipse.jdt.core.tests.compiler.parser.GenericsCompletionParserTest" time="0"/>
  <testcase name="test0179 - 1.7" classname="org.eclipse.jdt.core.tests.compiler.parser.CompletionParserTestKeyword" time="0"/>
  <testcase name="test0179 - 1.7" classname="org.eclipse.jdt.core.tests.compiler.parser.GenericsCompletionParserTest" time="0"/>
  <testcase name="test0180 - 1.7" classname="org.eclipse.jdt.core.tests.compiler.parser.CompletionParserTestKeyword" time="0"/>
  <testcase name="test0180 - 1.7" classname="org.eclipse.jdt.core.tests.compiler.parser.GenericsCompletionParserTest" time="0"/>
  <testcase name="test0181_Diet - 1.7" classname="org.eclipse.jdt.core.tests.compiler.parser.CompletionParserTestKeyword" time="0"/>
  <testcase name="test0181_Method - 1.7" classname="org.eclipse.jdt.core.tests.compiler.parser.CompletionParserTestKeyword" time="0"/>
  <testcase name="test0182_Diet - 1.7" classname="org.eclipse.jdt.core.tests.compiler.parser.CompletionParserTestKeyword" time="0"/>
  <testcase name="test0182_Method - 1.7" classname="org.eclipse.jdt.core.tests.compiler.parser.CompletionParserTestKeyword" time="0"/>
  <testcase name="test0183_Diet - 1.7" classname="org.eclipse.jdt.core.tests.compiler.parser.CompletionParserTestKeyword" time="0"/>
  <testcase name="test0183_Method - 1.7" classname="org.eclipse.jdt.core.tests.compiler.parser.CompletionParserTestKeyword" time="0"/>
  <testcase name="test0184_Diet - 1.7" classname="org.eclipse.jdt.core.tests.compiler.parser.CompletionParserTestKeyword" time="0"/>
  <testcase name="test0184_Diet - 1.7" classname="org.eclipse.jdt.core.tests.compiler.parser.GenericsCompletionParserTest" time="0"/>
  <testcase name="test0184_Method - 1.7" classname="org.eclipse.jdt.core.tests.compiler.parser.CompletionParserTestKeyword" time="0"/>
  <testcase name="test0184_Method - 1.7" classname="org.eclipse.jdt.core.tests.compiler.parser.GenericsCompletionParserTest" time="0.001"/>
  <testcase name="test0185_Diet - 1.7" classname="org.eclipse.jdt.core.tests.compiler.parser.CompletionParserTestKeyword" time="0"/>
  <testcase name="test0185_Method - 1.7" classname="org.eclipse.jdt.core.tests.compiler.parser.CompletionParserTestKeyword" time="0"/>
  <testcase name="test0186_Diet - 1.7" classname="org.eclipse.jdt.core.tests.compiler.parser.CompletionParserTestKeyword" time="0"/>
  <testcase name="test0186_Method - 1.7" classname="org.eclipse.jdt.core.tests.compiler.parser.CompletionParserTestKeyword" time="0"/>
  <testcase name="test0187_Diet - 1.7" classname="org.eclipse.jdt.core.tests.compiler.parser.CompletionParserTestKeyword" time="0"/>
  <testcase name="test0187_Diet - 1.7" classname="org.eclipse.jdt.core.tests.compiler.parser.GenericsCompletionParserTest" time="0"/>
  <testcase name="test0187_Method - 1.7" classname="org.eclipse.jdt.core.tests.compiler.parser.CompletionParserTestKeyword" time="0"/>
  <testcase name="test0187_Method - 1.7" classname="org.eclipse.jdt.core.tests.compiler.parser.GenericsCompletionParserTest" time="0"/>
  <testcase name="test0188_Diet - 1.7" classname="org.eclipse.jdt.core.tests.compiler.parser.CompletionParserTestKeyword" time="0"/>
  <testcase name="test0188_Diet - 1.7" classname="org.eclipse.jdt.core.tests.compiler.parser.GenericsCompletionParserTest" time="0"/>
  <testcase name="test0188_Method - 1.7" classname="org.eclipse.jdt.core.tests.compiler.parser.CompletionParserTestKeyword" time="0.001"/>
  <testcase name="test0188_Method - 1.7" classname="org.eclipse.jdt.core.tests.compiler.parser.GenericsCompletionParserTest" time="0"/>
  <testcase name="test0189_Diet - 1.7" classname="org.eclipse.jdt.core.tests.compiler.parser.CompletionParserTestKeyword" time="0"/>
  <testcase name="test0189_Diet - 1.7" classname="org.eclipse.jdt.core.tests.compiler.parser.GenericsCompletionParserTest" time="0"/>
  <testcase name="test0189_Method - 1.7" classname="org.eclipse.jdt.core.tests.compiler.parser.CompletionParserTestKeyword" time="0"/>
  <testcase name="test0189_Method - 1.7" classname="org.eclipse.jdt.core.tests.compiler.parser.GenericsCompletionParserTest" time="0"/>
  <testcase name="test0190_Diet - 1.7" classname="org.eclipse.jdt.core.tests.compiler.parser.CompletionParserTestKeyword" time="0"/>
  <testcase name="test0190_Diet - 1.7" classname="org.eclipse.jdt.core.tests.compiler.parser.GenericsCompletionParserTest" time="0"/>
  <testcase name="test0190_Method - 1.7" classname="org.eclipse.jdt.core.tests.compiler.parser.CompletionParserTestKeyword" time="0"/>
  <testcase name="test0190_Method - 1.7" classname="org.eclipse.jdt.core.tests.compiler.parser.GenericsCompletionParserTest" time="0"/>
  <testcase name="test0191_Diet - 1.7" classname="org.eclipse.jdt.core.tests.compiler.parser.CompletionParserTestKeyword" time="0"/>
  <testcase name="test0191_Diet - 1.7" classname="org.eclipse.jdt.core.tests.compiler.parser.GenericsCompletionParserTest" time="0"/>
  <testcase name="test0191_Method - 1.7" classname="org.eclipse.jdt.core.tests.compiler.parser.CompletionParserTestKeyword" time="0"/>
  <testcase name="test0191_Method - 1.7" classname="org.eclipse.jdt.core.tests.compiler.parser.GenericsCompletionParserTest" time="0"/>
  <testcase name="test0192_Diet - 1.7" classname="org.eclipse.jdt.core.tests.compiler.parser.CompletionParserTestKeyword" time="0"/>
  <testcase name="test0192_Diet - 1.7" classname="org.eclipse.jdt.core.tests.compiler.parser.GenericsCompletionParserTest" time="0"/>
  <testcase name="test0192_Method - 1.7" classname="org.eclipse.jdt.core.tests.compiler.parser.CompletionParserTestKeyword" time="0.001"/>
  <testcase name="test0192_Method - 1.7" classname="org.eclipse.jdt.core.tests.compiler.parser.GenericsCompletionParserTest" time="0.001"/>
  <testcase name="test0193_Diet - 1.7" classname="org.eclipse.jdt.core.tests.compiler.parser.CompletionParserTestKeyword" time="0"/>
  <testcase name="test0193_Diet - 1.7" classname="org.eclipse.jdt.core.tests.compiler.parser.GenericsCompletionParserTest" time="0"/>
  <testcase name="test0193_Method - 1.7" classname="org.eclipse.jdt.core.tests.compiler.parser.CompletionParserTestKeyword" time="0"/>
  <testcase name="test0193_Method - 1.7" classname="org.eclipse.jdt.core.tests.compiler.parser.GenericsCompletionParserTest" time="0"/>
  <testcase name="test0194 - 1.7" classname="org.eclipse.jdt.core.tests.compiler.parser.CompletionParserTestKeyword" time="0"/>
  <testcase name="test0195 - 1.7" classname="org.eclipse.jdt.core.tests.compiler.parser.CompletionParserTestKeyword" time="0"/>
  <testcase name="test0196 - 1.7" classname="org.eclipse.jdt.core.tests.compiler.parser.CompletionParserTestKeyword" time="0"/>
  <testcase name="test0196 - 1.7" classname="org.eclipse.jdt.core.tests.compiler.parser.GenericsCompletionParserTest" time="0"/>
  <testcase name="test0197 - 1.7" classname="org.eclipse.jdt.core.tests.compiler.parser.CompletionParserTestKeyword" time="0"/>
  <testcase name="test0197 - 1.7" classname="org.eclipse.jdt.core.tests.compiler.parser.GenericsCompletionParserTest" time="0"/>
  <testcase name="test0198 - 1.7" classname="org.eclipse.jdt.core.tests.compiler.parser.CompletionParserTestKeyword" time="0"/>
  <testcase name="test0198 - 1.7" classname="org.eclipse.jdt.core.tests.compiler.parser.GenericsCompletionParserTest" time="0"/>
  <testcase name="test0199 - 1.7" classname="org.eclipse.jdt.core.tests.compiler.parser.CompletionParserTestKeyword" time="0"/>
  <testcase name="test0199 - 1.7" classname="org.eclipse.jdt.core.tests.compiler.parser.GenericsCompletionParserTest" time="0"/>
  <testcase name="test0200 - 1.7" classname="org.eclipse.jdt.core.tests.compiler.parser.CompletionParserTestKeyword" time="0"/>
  <testcase name="test0200 - 1.7" classname="org.eclipse.jdt.core.tests.compiler.parser.GenericsCompletionParserTest" time="0"/>
  <testcase name="test0201 - 1.7" classname="org.eclipse.jdt.core.tests.compiler.parser.CompletionParserTestKeyword" time="0"/>
  <testcase name="test0201 - 1.7" classname="org.eclipse.jdt.core.tests.compiler.parser.GenericsCompletionParserTest" time="0"/>
  <testcase name="test0202 - 1.7" classname="org.eclipse.jdt.core.tests.compiler.parser.CompletionParserTestKeyword" time="0"/>
  <testcase name="test0203 - 1.7" classname="org.eclipse.jdt.core.tests.compiler.parser.CompletionParserTestKeyword" time="0"/>
  <testcase name="test0204 - 1.7" classname="org.eclipse.jdt.core.tests.compiler.parser.CompletionParserTestKeyword" time="0"/>
  <testcase name="test0205 - 1.7" classname="org.eclipse.jdt.core.tests.compiler.parser.CompletionParserTestKeyword" time="0"/>
  <testcase name="test0205 - 1.7" classname="org.eclipse.jdt.core.tests.compiler.parser.GenericsCompletionParserTest" time="0"/>
  <testcase name="test0206 - 1.7" classname="org.eclipse.jdt.core.tests.compiler.parser.CompletionParserTestKeyword" time="0"/>
  <testcase name="test0207 - 1.7" classname="org.eclipse.jdt.core.tests.compiler.parser.CompletionParserTestKeyword" time="0"/>
  <testcase name="test0208 - 1.7" classname="org.eclipse.jdt.core.tests.compiler.parser.CompletionParserTestKeyword" time="0.001"/>
  <testcase name="test0209 - 1.7" classname="org.eclipse.jdt.core.tests.compiler.parser.CompletionParserTestKeyword" time="0"/>
  <testcase name="test0210 - 1.7" classname="org.eclipse.jdt.core.tests.compiler.parser.CompletionParserTestKeyword" time="0"/>
  <testcase name="test0211 - 1.7" classname="org.eclipse.jdt.core.tests.compiler.parser.CompletionParserTestKeyword" time="0"/>
  <testcase name="test0211 - 1.7" classname="org.eclipse.jdt.core.tests.compiler.parser.GenericsCompletionParserTest" time="0.001"/>
  <testcase name="test0212 - 1.7" classname="org.eclipse.jdt.core.tests.compiler.parser.CompletionParserTestKeyword" time="0"/>
  <testcase name="test0212 - 1.7" classname="org.eclipse.jdt.core.tests.compiler.parser.GenericsCompletionParserTest" time="0"/>
  <testcase name="test0213 - 1.7" classname="org.eclipse.jdt.core.tests.compiler.parser.CompletionParserTestKeyword" time="0.001"/>
  <testcase name="test0214_Diet - 1.7" classname="org.eclipse.jdt.core.tests.compiler.parser.CompletionParserTestKeyword" time="0"/>
  <testcase name="test0214_Diet - 1.7" classname="org.eclipse.jdt.core.tests.compiler.parser.GenericsCompletionParserTest" time="0"/>
  <testcase name="test0214_Method - 1.7" classname="org.eclipse.jdt.core.tests.compiler.parser.CompletionParserTestKeyword" time="0"/>
  <testcase name="test0214_Method - 1.7" classname="org.eclipse.jdt.core.tests.compiler.parser.GenericsCompletionParserTest" time="0"/>
  <testcase name="test0216_Diet - 1.7" classname="org.eclipse.jdt.core.tests.compiler.parser.CompletionParserTestKeyword" time="0"/>
  <testcase name="test0216_Diet - 1.7" classname="org.eclipse.jdt.core.tests.compiler.parser.GenericsCompletionParserTest" time="0"/>
  <testcase name="test0216_Method - 1.7" classname="org.eclipse.jdt.core.tests.compiler.parser.CompletionParserTestKeyword" time="0"/>
  <testcase name="test0217_Diet - 1.7" classname="org.eclipse.jdt.core.tests.compiler.parser.CompletionParserTestKeyword" time="0"/>
  <testcase name="test0217_Method - 1.7" classname="org.eclipse.jdt.core.tests.compiler.parser.CompletionParserTestKeyword" time="0"/>
  <testcase name="test0217_Method - 1.7" classname="org.eclipse.jdt.core.tests.compiler.parser.GenericsCompletionParserTest" time="0"/>
  <testcase name="test0218_Diet - 1.7" classname="org.eclipse.jdt.core.tests.compiler.parser.CompletionParserTestKeyword" time="0"/>
  <testcase name="test0218_Diet - 1.7" classname="org.eclipse.jdt.core.tests.compiler.parser.GenericsCompletionParserTest" time="0"/>
  <testcase name="test0218_Method - 1.7" classname="org.eclipse.jdt.core.tests.compiler.parser.CompletionParserTestKeyword" time="0.001"/>
  <testcase name="test0219_Diet - 1.7" classname="org.eclipse.jdt.core.tests.compiler.parser.CompletionParserTestKeyword" time="0"/>
  <testcase name="test0219_Diet - 1.7" classname="org.eclipse.jdt.core.tests.compiler.parser.GenericsCompletionParserTest" time="0"/>
  <testcase name="test0219_Method - 1.7" classname="org.eclipse.jdt.core.tests.compiler.parser.CompletionParserTestKeyword" time="0"/>
  <testcase name="test0220_Diet - 1.7" classname="org.eclipse.jdt.core.tests.compiler.parser.CompletionParserTestKeyword" time="0"/>
  <testcase name="test0220_Diet - 1.7" classname="org.eclipse.jdt.core.tests.compiler.parser.GenericsCompletionParserTest" time="0"/>
  <testcase name="test0220_Method - 1.7" classname="org.eclipse.jdt.core.tests.compiler.parser.CompletionParserTestKeyword" time="0"/>
  <testcase name="test0221_Diet - 1.7" classname="org.eclipse.jdt.core.tests.compiler.parser.CompletionParserTestKeyword" time="0"/>
  <testcase name="test0221_Method - 1.7" classname="org.eclipse.jdt.core.tests.compiler.parser.CompletionParserTestKeyword" time="0"/>
  <testcase name="test0222_Diet - 1.7" classname="org.eclipse.jdt.core.tests.compiler.parser.CompletionParserTestKeyword" time="0"/>
  <testcase name="test0222_Method - 1.7" classname="org.eclipse.jdt.core.tests.compiler.parser.CompletionParserTestKeyword" time="0"/>
  <testcase name="test0223 - 1.7" classname="org.eclipse.jdt.core.tests.compiler.parser.CompletionParserTestKeyword" time="0"/>
  <testcase name="test0224 - 1.7" classname="org.eclipse.jdt.core.tests.compiler.parser.CompletionParserTestKeyword" time="0"/>
  <testcase name="test0225 - 1.7" classname="org.eclipse.jdt.core.tests.compiler.parser.CompletionParserTestKeyword" time="0.001"/>
  <testcase name="test0226 - 1.7" classname="org.eclipse.jdt.core.tests.compiler.parser.CompletionParserTestKeyword" time="0"/>
  <testcase name="test0227 - 1.7" classname="org.eclipse.jdt.core.tests.compiler.parser.CompletionParserTestKeyword" time="0"/>
  <testcase name="test0228 - 1.7" classname="org.eclipse.jdt.core.tests.compiler.parser.CompletionParserTestKeyword" time="0"/>
  <testcase name="test0229 - 1.7" classname="org.eclipse.jdt.core.tests.compiler.parser.CompletionParserTestKeyword" time="0"/>
  <testcase name="test0230 - 1.7" classname="org.eclipse.jdt.core.tests.compiler.parser.CompletionParserTestKeyword" time="0"/>
  <testcase name="test0231_Diet - 1.7" classname="org.eclipse.jdt.core.tests.compiler.parser.CompletionParserTestKeyword" time="0"/>
  <testcase name="test0231_Method - 1.7" classname="org.eclipse.jdt.core.tests.compiler.parser.CompletionParserTestKeyword" time="0"/>
  <testcase name="test0232_Diet - 1.7" classname="org.eclipse.jdt.core.tests.compiler.parser.CompletionParserTestKeyword" time="0"/>
  <testcase name="test0232_Method - 1.7" classname="org.eclipse.jdt.core.tests.compiler.parser.CompletionParserTestKeyword" time="0"/>
  <testcase name="test0233_Diet - 1.7" classname="org.eclipse.jdt.core.tests.compiler.parser.CompletionParserTestKeyword" time="0"/>
  <testcase name="test0233_Method - 1.7" classname="org.eclipse.jdt.core.tests.compiler.parser.CompletionParserTestKeyword" time="0"/>
  <testcase name="test0234_Diet - 1.7" classname="org.eclipse.jdt.core.tests.compiler.parser.CompletionParserTestKeyword" time="0"/>
  <testcase name="test0234_Method - 1.7" classname="org.eclipse.jdt.core.tests.compiler.parser.CompletionParserTestKeyword" time="0"/>
  <testcase name="test0235_Diet - 1.7" classname="org.eclipse.jdt.core.tests.compiler.parser.CompletionParserTestKeyword" time="0"/>
  <testcase name="test0235_Method - 1.7" classname="org.eclipse.jdt.core.tests.compiler.parser.CompletionParserTestKeyword" time="0"/>
  <testcase name="test0236_Diet - 1.7" classname="org.eclipse.jdt.core.tests.compiler.parser.CompletionParserTestKeyword" time="0"/>
  <testcase name="test0236_Method - 1.7" classname="org.eclipse.jdt.core.tests.compiler.parser.CompletionParserTestKeyword" time="0"/>
  <testcase name="test0237_Diet - 1.7" classname="org.eclipse.jdt.core.tests.compiler.parser.CompletionParserTestKeyword" time="0"/>
  <testcase name="test0237_Method - 1.7" classname="org.eclipse.jdt.core.tests.compiler.parser.CompletionParserTestKeyword" time="0"/>
  <testcase name="test0238_Diet - 1.7" classname="org.eclipse.jdt.core.tests.compiler.parser.CompletionParserTestKeyword" time="0.001"/>
  <testcase name="test0238_Method - 1.7" classname="org.eclipse.jdt.core.tests.compiler.parser.CompletionParserTestKeyword" time="0"/>
  <testcase name="test0239_Diet - 1.7" classname="org.eclipse.jdt.core.tests.compiler.parser.CompletionParserTestKeyword" time="0"/>
  <testcase name="test0239_Method - 1.7" classname="org.eclipse.jdt.core.tests.compiler.parser.CompletionParserTestKeyword" time="0"/>
  <testcase name="test0240_Diet - 1.7" classname="org.eclipse.jdt.core.tests.compiler.parser.CompletionParserTestKeyword" time="0"/>
  <testcase name="test0240_Method - 1.7" classname="org.eclipse.jdt.core.tests.compiler.parser.CompletionParserTestKeyword" time="0.001"/>
  <testcase name="test0241 - 1.7" classname="org.eclipse.jdt.core.tests.compiler.parser.CompletionParserTestKeyword" time="0"/>
  <testcase name="test0242 - 1.7" classname="org.eclipse.jdt.core.tests.compiler.parser.CompletionParserTestKeyword" time="0"/>
  <testcase name="test0243 - 1.7" classname="org.eclipse.jdt.core.tests.compiler.parser.CompletionParserTestKeyword" time="0"/>
  <testcase name="test0244 - 1.7" classname="org.eclipse.jdt.core.tests.compiler.parser.CompletionParserTestKeyword" time="0"/>
  <testcase name="test0245 - 1.7" classname="org.eclipse.jdt.core.tests.compiler.parser.CompletionParserTestKeyword" time="0"/>
  <testcase name="test0246 - 1.7" classname="org.eclipse.jdt.core.tests.compiler.parser.CompletionParserTestKeyword" time="0"/>
  <testcase name="test0247 - 1.7" classname="org.eclipse.jdt.core.tests.compiler.parser.CompletionParserTestKeyword" time="0"/>
  <testcase name="test0248 - 1.7" classname="org.eclipse.jdt.core.tests.compiler.parser.CompletionParserTestKeyword" time="0"/>
  <testcase name="test0249_Diet - 1.7" classname="org.eclipse.jdt.core.tests.compiler.parser.CompletionParserTestKeyword" time="0"/>
  <testcase name="test0249_Method - 1.7" classname="org.eclipse.jdt.core.tests.compiler.parser.CompletionParserTestKeyword" time="0.001"/>
  <testcase name="test0250_Diet - 1.7" classname="org.eclipse.jdt.core.tests.compiler.parser.CompletionParserTestKeyword" time="0"/>
  <testcase name="test0250_Method - 1.7" classname="org.eclipse.jdt.core.tests.compiler.parser.CompletionParserTestKeyword" time="0"/>
  <testcase name="test0251_Diet - 1.7" classname="org.eclipse.jdt.core.tests.compiler.parser.CompletionParserTestKeyword" time="0"/>
  <testcase name="test0251_Method - 1.7" classname="org.eclipse.jdt.core.tests.compiler.parser.CompletionParserTestKeyword" time="0"/>
  <testcase name="test0252_Diet - 1.7" classname="org.eclipse.jdt.core.tests.compiler.parser.CompletionParserTestKeyword" time="0"/>
  <testcase name="test0252_Method - 1.7" classname="org.eclipse.jdt.core.tests.compiler.parser.CompletionParserTestKeyword" time="0"/>
  <testcase name="test0253_Diet - 1.7" classname="org.eclipse.jdt.core.tests.compiler.parser.CompletionParserTestKeyword" time="0"/>
  <testcase name="test0253_Method - 1.7" classname="org.eclipse.jdt.core.tests.compiler.parser.CompletionParserTestKeyword" time="0"/>
  <testcase name="test0254 - 1.7" classname="org.eclipse.jdt.core.tests.compiler.parser.CompletionParserTestKeyword" time="0.001"/>
  <testcase name="test0255 - 1.7" classname="org.eclipse.jdt.core.tests.compiler.parser.CompletionParserTestKeyword" time="0"/>
  <testcase name="test0256 - 1.7" classname="org.eclipse.jdt.core.tests.compiler.parser.CompletionParserTestKeyword" time="0"/>
  <testcase name="test0257 - 1.7" classname="org.eclipse.jdt.core.tests.compiler.parser.CompletionParserTestKeyword" time="0"/>
  <testcase name="test0258 - 1.7" classname="org.eclipse.jdt.core.tests.compiler.parser.CompletionParserTestKeyword" time="0"/>
  <testcase name="test0259 - 1.7" classname="org.eclipse.jdt.core.tests.compiler.parser.CompletionParserTestKeyword" time="0"/>
  <testcase name="test0260 - 1.7" classname="org.eclipse.jdt.core.tests.compiler.parser.CompletionParserTestKeyword" time="0"/>
  <testcase name="test0261 - 1.7" classname="org.eclipse.jdt.core.tests.compiler.parser.CompletionParserTestKeyword" time="0"/>
  <testcase name="test0262 - 1.7" classname="org.eclipse.jdt.core.tests.compiler.parser.CompletionParserTestKeyword" time="0"/>
  <testcase name="test0263 - 1.7" classname="org.eclipse.jdt.core.tests.compiler.parser.CompletionParserTestKeyword" time="0"/>
  <testcase name="test0264 - 1.7" classname="org.eclipse.jdt.core.tests.compiler.parser.CompletionParserTestKeyword" time="0"/>
  <testcase name="test0265 - 1.7" classname="org.eclipse.jdt.core.tests.compiler.parser.CompletionParserTestKeyword" time="0"/>
  <testcase name="test0266 - 1.7" classname="org.eclipse.jdt.core.tests.compiler.parser.CompletionParserTestKeyword" time="0"/>
  <testcase name="test0267 - 1.7" classname="org.eclipse.jdt.core.tests.compiler.parser.CompletionParserTestKeyword" time="0"/>
  <testcase name="test0268 - 1.7" classname="org.eclipse.jdt.core.tests.compiler.parser.CompletionParserTestKeyword" time="0"/>
  <testcase name="test0269 - 1.7" classname="org.eclipse.jdt.core.tests.compiler.parser.CompletionParserTestKeyword" time="0"/>
  <testcase name="test0270 - 1.7" classname="org.eclipse.jdt.core.tests.compiler.parser.CompletionParserTestKeyword" time="0"/>
  <testcase name="test0271 - 1.7" classname="org.eclipse.jdt.core.tests.compiler.parser.CompletionParserTestKeyword" time="0"/>
  <testcase name="test0272 - 1.7" classname="org.eclipse.jdt.core.tests.compiler.parser.CompletionParserTestKeyword" time="0"/>
  <testcase name="test0273 - 1.7" classname="org.eclipse.jdt.core.tests.compiler.parser.CompletionParserTestKeyword" time="0"/>
  <testcase name="test0274_Diet - 1.7" classname="org.eclipse.jdt.core.tests.compiler.parser.CompletionParserTestKeyword" time="0"/>
  <testcase name="test0274_Method - 1.7" classname="org.eclipse.jdt.core.tests.compiler.parser.CompletionParserTestKeyword" time="0"/>
  <testcase name="test0275_Diet - 1.7" classname="org.eclipse.jdt.core.tests.compiler.parser.CompletionParserTestKeyword" time="0"/>
  <testcase name="test0275_Method - 1.7" classname="org.eclipse.jdt.core.tests.compiler.parser.CompletionParserTestKeyword" time="0"/>
  <testcase name="test0276_Diet - 1.7" classname="org.eclipse.jdt.core.tests.compiler.parser.CompletionParserTestKeyword" time="0"/>
  <testcase name="test0276_Method - 1.7" classname="org.eclipse.jdt.core.tests.compiler.parser.CompletionParserTestKeyword" time="0.001"/>
  <testcase name="test0277 - 1.7" classname="org.eclipse.jdt.core.tests.compiler.parser.CompletionParserTestKeyword" time="0"/>
  <testcase name="test0278 - 1.7" classname="org.eclipse.jdt.core.tests.compiler.parser.CompletionParserTestKeyword" time="0"/>
  <testcase name="test0279 - 1.7" classname="org.eclipse.jdt.core.tests.compiler.parser.CompletionParserTestKeyword" time="0"/>
  <testcase name="test0280 - 1.7" classname="org.eclipse.jdt.core.tests.compiler.parser.CompletionParserTestKeyword" time="0"/>
  <testcase name="test0281 - 1.7" classname="org.eclipse.jdt.core.tests.compiler.parser.CompletionParserTestKeyword" time="0"/>
  <testcase name="test0282 - 1.7" classname="org.eclipse.jdt.core.tests.compiler.parser.CompletionParserTestKeyword" time="0"/>
  <testcase name="test0283 - 1.7" classname="org.eclipse.jdt.core.tests.compiler.parser.CompletionParserTestKeyword" time="0"/>
  <testcase name="test0284_Diet - 1.7" classname="org.eclipse.jdt.core.tests.compiler.parser.CompletionParserTestKeyword" time="0"/>
  <testcase name="test0284_Method - 1.7" classname="org.eclipse.jdt.core.tests.compiler.parser.CompletionParserTestKeyword" time="0"/>
  <testcase name="test0285_Diet - 1.7" classname="org.eclipse.jdt.core.tests.compiler.parser.CompletionParserTestKeyword" time="0"/>
  <testcase name="test0285_Method - 1.7" classname="org.eclipse.jdt.core.tests.compiler.parser.CompletionParserTestKeyword" time="0"/>
  <testcase name="test0286_Diet - 1.7" classname="org.eclipse.jdt.core.tests.compiler.parser.CompletionParserTestKeyword" time="0"/>
  <testcase name="test0286_Method - 1.7" classname="org.eclipse.jdt.core.tests.compiler.parser.CompletionParserTestKeyword" time="0"/>
  <testcase name="test0287_Diet - 1.7" classname="org.eclipse.jdt.core.tests.compiler.parser.CompletionParserTestKeyword" time="0"/>
  <testcase name="test0287_Method - 1.7" classname="org.eclipse.jdt.core.tests.compiler.parser.CompletionParserTestKeyword" time="0"/>
  <testcase name="test0288_Diet - 1.7" classname="org.eclipse.jdt.core.tests.compiler.parser.CompletionParserTestKeyword" time="0"/>
  <testcase name="test0288_Method - 1.7" classname="org.eclipse.jdt.core.tests.compiler.parser.CompletionParserTestKeyword" time="0"/>
  <testcase name="test0289_Diet - 1.7" classname="org.eclipse.jdt.core.tests.compiler.parser.CompletionParserTestKeyword" time="0.001"/>
  <testcase name="test0289_Method - 1.7" classname="org.eclipse.jdt.core.tests.compiler.parser.CompletionParserTestKeyword" time="0"/>
  <testcase name="test0290_Diet - 1.7" classname="org.eclipse.jdt.core.tests.compiler.parser.CompletionParserTestKeyword" time="0"/>
  <testcase name="test0290_Method - 1.7" classname="org.eclipse.jdt.core.tests.compiler.parser.CompletionParserTestKeyword" time="0"/>
  <testcase name="test0291_Diet - 1.7" classname="org.eclipse.jdt.core.tests.compiler.parser.CompletionParserTestKeyword" time="0"/>
  <testcase name="test0291_Method - 1.7" classname="org.eclipse.jdt.core.tests.compiler.parser.CompletionParserTestKeyword" time="0"/>
  <testcase name="test0292_Diet - 1.7" classname="org.eclipse.jdt.core.tests.compiler.parser.CompletionParserTestKeyword" time="0"/>
  <testcase name="test0292_Method - 1.7" classname="org.eclipse.jdt.core.tests.compiler.parser.CompletionParserTestKeyword" time="0"/>
  <testcase name="test0293_Diet - 1.7" classname="org.eclipse.jdt.core.tests.compiler.parser.CompletionParserTestKeyword" time="0"/>
  <testcase name="test0293_Method - 1.7" classname="org.eclipse.jdt.core.tests.compiler.parser.CompletionParserTestKeyword" time="0"/>
  <testcase name="test0294_Diet - 1.7" classname="org.eclipse.jdt.core.tests.compiler.parser.CompletionParserTestKeyword" time="0"/>
  <testcase name="test0294_Method - 1.7" classname="org.eclipse.jdt.core.tests.compiler.parser.CompletionParserTestKeyword" time="0"/>
  <testcase name="test0295 - 1.7" classname="org.eclipse.jdt.core.tests.compiler.parser.CompletionParserTestKeyword" time="0"/>
  <testcase name="test0296 - 1.7" classname="org.eclipse.jdt.core.tests.compiler.parser.CompletionParserTestKeyword" time="0.001"/>
  <testcase name="test0297 - 1.7" classname="org.eclipse.jdt.core.tests.compiler.parser.CompletionParserTestKeyword" time="0"/>
  <testcase name="test0298 - 1.7" classname="org.eclipse.jdt.core.tests.compiler.parser.CompletionParserTestKeyword" time="0"/>
  <testcase name="test0299 - 1.7" classname="org.eclipse.jdt.core.tests.compiler.parser.CompletionParserTestKeyword" time="0"/>
  <testcase name="test0300 - 1.7" classname="org.eclipse.jdt.core.tests.compiler.parser.CompletionParserTestKeyword" time="0.001"/>
  <testcase name="test0301_Diet - 1.7" classname="org.eclipse.jdt.core.tests.compiler.parser.CompletionParserTestKeyword" time="0"/>
  <testcase name="test0301_Method - 1.7" classname="org.eclipse.jdt.core.tests.compiler.parser.CompletionParserTestKeyword" time="0"/>
  <testcase name="test0302_Diet - 1.7" classname="org.eclipse.jdt.core.tests.compiler.parser.CompletionParserTestKeyword" time="0"/>
  <testcase name="test0302_Method - 1.7" classname="org.eclipse.jdt.core.tests.compiler.parser.CompletionParserTestKeyword" time="0.001"/>
  <testcase name="test0303_Diet - 1.7" classname="org.eclipse.jdt.core.tests.compiler.parser.CompletionParserTestKeyword" time="0"/>
  <testcase name="test0303_Method - 1.7" classname="org.eclipse.jdt.core.tests.compiler.parser.CompletionParserTestKeyword" time="0"/>
  <testcase name="test0304_Diet - 1.7" classname="org.eclipse.jdt.core.tests.compiler.parser.CompletionParserTestKeyword" time="0"/>
  <testcase name="test0304_Method - 1.7" classname="org.eclipse.jdt.core.tests.compiler.parser.CompletionParserTestKeyword" time="0"/>
  <testcase name="test0305 - 1.7" classname="org.eclipse.jdt.core.tests.compiler.parser.CompletionParserTestKeyword" time="0"/>
  <testcase name="test0306 - 1.7" classname="org.eclipse.jdt.core.tests.compiler.parser.CompletionParserTestKeyword" time="0"/>
  <testcase name="test0307 - 1.7" classname="org.eclipse.jdt.core.tests.compiler.parser.CompletionParserTestKeyword" time="0"/>
  <testcase name="test0308 - 1.7" classname="org.eclipse.jdt.core.tests.compiler.parser.CompletionParserTestKeyword" time="0"/>
  <testcase name="test0309 - 1.7" classname="org.eclipse.jdt.core.tests.compiler.parser.CompletionParserTestKeyword" time="0.001"/>
  <testcase name="test0310 - 1.7" classname="org.eclipse.jdt.core.tests.compiler.parser.CompletionParserTestKeyword" time="0"/>
  <testcase name="test0311 - 1.7" classname="org.eclipse.jdt.core.tests.compiler.parser.CompletionParserTestKeyword" time="0"/>
  <testcase name="test0312 - 1.7" classname="org.eclipse.jdt.core.tests.compiler.parser.CompletionParserTestKeyword" time="0"/>
  <testcase name="test0313 - 1.7" classname="org.eclipse.jdt.core.tests.compiler.parser.CompletionParserTestKeyword" time="0"/>
  <testcase name="test0314 - 1.7" classname="org.eclipse.jdt.core.tests.compiler.parser.CompletionParserTestKeyword" time="0.001"/>
  <testcase name="test0315 - 1.7" classname="org.eclipse.jdt.core.tests.compiler.parser.CompletionParserTestKeyword" time="0"/>
  <testcase name="test0316 - 1.7" classname="org.eclipse.jdt.core.tests.compiler.parser.CompletionParserTestKeyword" time="0"/>
  <testcase name="test0317 - 1.7" classname="org.eclipse.jdt.core.tests.compiler.parser.CompletionParserTestKeyword" time="0"/>
  <testcase name="test0318 - 1.7" classname="org.eclipse.jdt.core.tests.compiler.parser.CompletionParserTestKeyword" time="0"/>
  <testcase name="test0319 - 1.7" classname="org.eclipse.jdt.core.tests.compiler.parser.CompletionParserTestKeyword" time="0"/>
  <testcase name="test0320 - 1.7" classname="org.eclipse.jdt.core.tests.compiler.parser.CompletionParserTestKeyword" time="0"/>
  <testcase name="test0321 - 1.7" classname="org.eclipse.jdt.core.tests.compiler.parser.CompletionParserTestKeyword" time="0"/>
  <testcase name="test0322 - 1.7" classname="org.eclipse.jdt.core.tests.compiler.parser.CompletionParserTestKeyword" time="0"/>
  <testcase name="test0323 - 1.7" classname="org.eclipse.jdt.core.tests.compiler.parser.CompletionParserTestKeyword" time="0"/>
  <testcase name="test0324 - 1.7" classname="org.eclipse.jdt.core.tests.compiler.parser.CompletionParserTestKeyword" time="0"/>
  <testcase name="test0325 - 1.7" classname="org.eclipse.jdt.core.tests.compiler.parser.CompletionParserTestKeyword" time="0"/>
  <testcase name="test0326 - 1.7" classname="org.eclipse.jdt.core.tests.compiler.parser.CompletionParserTestKeyword" time="0"/>
  <testcase name="test0327 - 1.7" classname="org.eclipse.jdt.core.tests.compiler.parser.CompletionParserTestKeyword" time="0"/>
  <testcase name="test0328 - 1.7" classname="org.eclipse.jdt.core.tests.compiler.parser.CompletionParserTestKeyword" time="0"/>
  <testcase name="test0329 - 1.7" classname="org.eclipse.jdt.core.tests.compiler.parser.CompletionParserTestKeyword" time="0"/>
  <testcase name="test0330 - 1.7" classname="org.eclipse.jdt.core.tests.compiler.parser.CompletionParserTestKeyword" time="0"/>
  <testcase name="test0331 - 1.7" classname="org.eclipse.jdt.core.tests.compiler.parser.CompletionParserTestKeyword" time="0"/>
  <testcase name="test0332 - 1.7" classname="org.eclipse.jdt.core.tests.compiler.parser.CompletionParserTestKeyword" time="0"/>
  <testcase name="test0333 - 1.7" classname="org.eclipse.jdt.core.tests.compiler.parser.CompletionParserTestKeyword" time="0"/>
  <testcase name="test0334 - 1.7" classname="org.eclipse.jdt.core.tests.compiler.parser.CompletionParserTestKeyword" time="0"/>
  <testcase name="test0335 - 1.7" classname="org.eclipse.jdt.core.tests.compiler.parser.CompletionParserTestKeyword" time="0"/>
  <testcase name="test0336 - 1.7" classname="org.eclipse.jdt.core.tests.compiler.parser.CompletionParserTestKeyword" time="0"/>
  <testcase name="test0337 - 1.7" classname="org.eclipse.jdt.core.tests.compiler.parser.CompletionParserTestKeyword" time="0.001"/>
  <testcase name="test0338 - 1.7" classname="org.eclipse.jdt.core.tests.compiler.parser.CompletionParserTestKeyword" time="0"/>
  <testcase name="test0339 - 1.7" classname="org.eclipse.jdt.core.tests.compiler.parser.CompletionParserTestKeyword" time="0"/>
  <testcase name="test0340 - 1.7" classname="org.eclipse.jdt.core.tests.compiler.parser.CompletionParserTestKeyword" time="0"/>
  <testcase name="test0341_Diet - 1.7" classname="org.eclipse.jdt.core.tests.compiler.parser.CompletionParserTestKeyword" time="0"/>
  <testcase name="test0341_Method - 1.7" classname="org.eclipse.jdt.core.tests.compiler.parser.CompletionParserTestKeyword" time="0.001"/>
  <testcase name="test0342_Diet - 1.7" classname="org.eclipse.jdt.core.tests.compiler.parser.CompletionParserTestKeyword" time="0"/>
  <testcase name="test0342_Method - 1.7" classname="org.eclipse.jdt.core.tests.compiler.parser.CompletionParserTestKeyword" time="0"/>
  <testcase name="test0343 - 1.7" classname="org.eclipse.jdt.core.tests.compiler.parser.CompletionParserTestKeyword" time="0"/>
  <testcase name="test0344 - 1.7" classname="org.eclipse.jdt.core.tests.compiler.parser.CompletionParserTestKeyword" time="0"/>
  <testcase name="test0345 - 1.7" classname="org.eclipse.jdt.core.tests.compiler.parser.CompletionParserTestKeyword" time="0"/>
  <testcase name="test0346 - 1.7" classname="org.eclipse.jdt.core.tests.compiler.parser.CompletionParserTestKeyword" time="0"/>
  <testcase name="test0347 - 1.7" classname="org.eclipse.jdt.core.tests.compiler.parser.CompletionParserTestKeyword" time="0"/>
  <testcase name="test0348 - 1.7" classname="org.eclipse.jdt.core.tests.compiler.parser.CompletionParserTestKeyword" time="0"/>
  <testcase name="test0349 - 1.7" classname="org.eclipse.jdt.core.tests.compiler.parser.CompletionParserTestKeyword" time="0"/>
  <testcase name="test0350 - 1.7" classname="org.eclipse.jdt.core.tests.compiler.parser.CompletionParserTestKeyword" time="0"/>
  <testcase name="test0351 - 1.7" classname="org.eclipse.jdt.core.tests.compiler.parser.CompletionParserTestKeyword" time="0"/>
  <testcase name="test0352 - 1.7" classname="org.eclipse.jdt.core.tests.compiler.parser.CompletionParserTestKeyword" time="0"/>
  <testcase name="test0353 - 1.7" classname="org.eclipse.jdt.core.tests.compiler.parser.CompletionParserTestKeyword" time="0"/>
  <testcase name="test0354 - 1.7" classname="org.eclipse.jdt.core.tests.compiler.parser.CompletionParserTestKeyword" time="0"/>
  <testcase name="test0355 - 1.7" classname="org.eclipse.jdt.core.tests.compiler.parser.CompletionParserTestKeyword" time="0"/>
  <testcase name="test0356 - 1.7" classname="org.eclipse.jdt.core.tests.compiler.parser.CompletionParserTestKeyword" time="0.001"/>
  <testcase name="test0357 - 1.7" classname="org.eclipse.jdt.core.tests.compiler.parser.CompletionParserTestKeyword" time="0"/>
  <testcase name="test0358 - 1.7" classname="org.eclipse.jdt.core.tests.compiler.parser.CompletionParserTestKeyword" time="0"/>
  <testcase name="test0359 - 1.7" classname="org.eclipse.jdt.core.tests.compiler.parser.CompletionParserTestKeyword" time="0"/>
  <testcase name="test0360 - 1.7" classname="org.eclipse.jdt.core.tests.compiler.parser.CompletionParserTestKeyword" time="0"/>
  <testcase name="test0361 - 1.7" classname="org.eclipse.jdt.core.tests.compiler.parser.CompletionParserTestKeyword" time="0"/>
  <testcase name="test0362 - 1.7" classname="org.eclipse.jdt.core.tests.compiler.parser.CompletionParserTestKeyword" time="0"/>
  <testcase name="test0363 - 1.7" classname="org.eclipse.jdt.core.tests.compiler.parser.CompletionParserTestKeyword" time="0"/>
  <testcase name="test0364 - 1.7" classname="org.eclipse.jdt.core.tests.compiler.parser.CompletionParserTestKeyword" time="0"/>
  <testcase name="test0365 - 1.7" classname="org.eclipse.jdt.core.tests.compiler.parser.CompletionParserTestKeyword" time="0"/>
  <testcase name="test0366 - 1.7" classname="org.eclipse.jdt.core.tests.compiler.parser.CompletionParserTestKeyword" time="0"/>
  <testcase name="test0367 - 1.7" classname="org.eclipse.jdt.core.tests.compiler.parser.CompletionParserTestKeyword" time="0"/>
  <testcase name="test0368 - 1.7" classname="org.eclipse.jdt.core.tests.compiler.parser.CompletionParserTestKeyword" time="0"/>
  <testcase name="test0369 - 1.7" classname="org.eclipse.jdt.core.tests.compiler.parser.CompletionParserTestKeyword" time="0"/>
  <testcase name="test0370 - 1.7" classname="org.eclipse.jdt.core.tests.compiler.parser.CompletionParserTestKeyword" time="0"/>
  <testcase name="test0371 - 1.7" classname="org.eclipse.jdt.core.tests.compiler.parser.CompletionParserTestKeyword" time="0"/>
  <testcase name="test0372 - 1.7" classname="org.eclipse.jdt.core.tests.compiler.parser.CompletionParserTestKeyword" time="0"/>
  <testcase name="test0373 - 1.7" classname="org.eclipse.jdt.core.tests.compiler.parser.CompletionParserTestKeyword" time="0"/>
  <testcase name="test0374 - 1.7" classname="org.eclipse.jdt.core.tests.compiler.parser.CompletionParserTestKeyword" time="0"/>
  <testcase name="test0375_Diet - 1.7" classname="org.eclipse.jdt.core.tests.compiler.parser.CompletionParserTestKeyword" time="0"/>
  <testcase name="test0375_Method - 1.7" classname="org.eclipse.jdt.core.tests.compiler.parser.CompletionParserTestKeyword" time="0"/>
  <testcase name="test0376_Diet - 1.7" classname="org.eclipse.jdt.core.tests.compiler.parser.CompletionParserTestKeyword" time="0"/>
  <testcase name="test0376_Method - 1.7" classname="org.eclipse.jdt.core.tests.compiler.parser.CompletionParserTestKeyword" time="0"/>
  <testcase name="test0377_Diet - 1.7" classname="org.eclipse.jdt.core.tests.compiler.parser.CompletionParserTestKeyword" time="0"/>
  <testcase name="test0377_Method - 1.7" classname="org.eclipse.jdt.core.tests.compiler.parser.CompletionParserTestKeyword" time="0"/>
  <testcase name="test0378_Diet - 1.7" classname="org.eclipse.jdt.core.tests.compiler.parser.CompletionParserTestKeyword" time="0"/>
  <testcase name="test0378_Method - 1.7" classname="org.eclipse.jdt.core.tests.compiler.parser.CompletionParserTestKeyword" time="0"/>
  <testcase name="test0379_Diet - 1.7" classname="org.eclipse.jdt.core.tests.compiler.parser.CompletionParserTestKeyword" time="0"/>
  <testcase name="test0379_Method - 1.7" classname="org.eclipse.jdt.core.tests.compiler.parser.CompletionParserTestKeyword" time="0"/>
  <testcase name="test0380_Diet - 1.7" classname="org.eclipse.jdt.core.tests.compiler.parser.CompletionParserTestKeyword" time="0"/>
  <testcase name="test0380_Method - 1.7" classname="org.eclipse.jdt.core.tests.compiler.parser.CompletionParserTestKeyword" time="0"/>
  <testcase name="test0381_Diet - 1.7" classname="org.eclipse.jdt.core.tests.compiler.parser.CompletionParserTestKeyword" time="0"/>
  <testcase name="test0381_Method - 1.7" classname="org.eclipse.jdt.core.tests.compiler.parser.CompletionParserTestKeyword" time="0.001"/>
  <testcase name="test0382_Diet - 1.7" classname="org.eclipse.jdt.core.tests.compiler.parser.CompletionParserTestKeyword" time="0"/>
  <testcase name="test0382_Method - 1.7" classname="org.eclipse.jdt.core.tests.compiler.parser.CompletionParserTestKeyword" time="0"/>
  <testcase name="test0384_Diet - 1.7" classname="org.eclipse.jdt.core.tests.compiler.parser.CompletionParserTestKeyword" time="0"/>
  <testcase name="test0384_Method - 1.7" classname="org.eclipse.jdt.core.tests.compiler.parser.CompletionParserTestKeyword" time="0"/>
  <testcase name="test0385_Diet - 1.7" classname="org.eclipse.jdt.core.tests.compiler.parser.CompletionParserTestKeyword" time="0.001"/>
  <testcase name="test0385_Method - 1.7" classname="org.eclipse.jdt.core.tests.compiler.parser.CompletionParserTestKeyword" time="0"/>
  <testcase name="test0386_Diet - 1.7" classname="org.eclipse.jdt.core.tests.compiler.parser.CompletionParserTestKeyword" time="0"/>
  <testcase name="test0386_Method - 1.7" classname="org.eclipse.jdt.core.tests.compiler.parser.CompletionParserTestKeyword" time="0"/>
  <testcase name="test0387_Diet - 1.7" classname="org.eclipse.jdt.core.tests.compiler.parser.CompletionParserTestKeyword" time="0.001"/>
  <testcase name="test0387_Method - 1.7" classname="org.eclipse.jdt.core.tests.compiler.parser.CompletionParserTestKeyword" time="0"/>
  <testcase name="test0388_Diet - 1.7" classname="org.eclipse.jdt.core.tests.compiler.parser.CompletionParserTestKeyword" time="0"/>
  <testcase name="test0388_Method - 1.7" classname="org.eclipse.jdt.core.tests.compiler.parser.CompletionParserTestKeyword" time="0"/>
  <testcase name="test01 - 1.7" classname="org.eclipse.jdt.core.tests.compiler.parser.CompletionRecoveryTest" time="0"/>
  <testcase name="test01 - 1.7" classname="org.eclipse.jdt.core.tests.compiler.parser.DietCompletionTest" time="0"/>
  <testcase name="test01 - 1.7" classname="org.eclipse.jdt.core.tests.compiler.parser.SelectionTest" time="0"/>
  <testcase name="test01 - 1.7" classname="org.eclipse.jdt.core.tests.compiler.parser.SelectionJavadocTest" time="0.001"/>
  <testcase name="test01 - 1.7" classname="org.eclipse.jdt.core.tests.compiler.parser.DietRecoveryTest" time="0.004"/>
  <testcase name="test01 - 1.7" classname="org.eclipse.jdt.core.tests.compiler.parser.SourceElementParserTest" time="0.001"/>
  <testcase name="test01 - 1.7" classname="org.eclipse.jdt.core.tests.compiler.parser.DocumentElementParserTest" time="0"/>
  <testcase name="test01 - 1.7" classname="org.eclipse.jdt.core.tests.compiler.parser.SyntaxErrorTest" time="0.001"/>
  <testcase name="test01 - 1.7" classname="org.eclipse.jdt.core.tests.compiler.parser.DualParseSyntaxErrorTest" time="0"/>
  <testcase name="test02 - 1.7" classname="org.eclipse.jdt.core.tests.compiler.parser.CompletionRecoveryTest" time="0"/>
  <testcase name="test02 - 1.7" classname="org.eclipse.jdt.core.tests.compiler.parser.DietCompletionTest" time="0.001"/>
  <testcase name="test02 - 1.7" classname="org.eclipse.jdt.core.tests.compiler.parser.SelectionTest" time="0"/>
  <testcase name="test02 - 1.7" classname="org.eclipse.jdt.core.tests.compiler.parser.SelectionJavadocTest" time="0"/>
  <testcase name="test02 - 1.7" classname="org.eclipse.jdt.core.tests.compiler.parser.DietRecoveryTest" time="0.003"/>
  <testcase name="test02 - 1.7" classname="org.eclipse.jdt.core.tests.compiler.parser.SourceElementParserTest" time="0"/>
  <testcase name="test02 - 1.7" classname="org.eclipse.jdt.core.tests.compiler.parser.SyntaxErrorTest" time="0"/>
  <testcase name="test02 - 1.7" classname="org.eclipse.jdt.core.tests.compiler.parser.DualParseSyntaxErrorTest" time="0.001"/>
  <testcase name="test03 - 1.7" classname="org.eclipse.jdt.core.tests.compiler.parser.CompletionRecoveryTest" time="0.001"/>
  <testcase name="test03 - 1.7" classname="org.eclipse.jdt.core.tests.compiler.parser.DietCompletionTest" time="0"/>
  <testcase name="test03 - 1.7" classname="org.eclipse.jdt.core.tests.compiler.parser.SelectionTest" time="0"/>
  <testcase name="test03 - 1.7" classname="org.eclipse.jdt.core.tests.compiler.parser.SelectionJavadocTest" time="0"/>
  <testcase name="test03 - 1.7" classname="org.eclipse.jdt.core.tests.compiler.parser.DietRecoveryTest" time="0.003"/>
  <testcase name="test03 - 1.7" classname="org.eclipse.jdt.core.tests.compiler.parser.SourceElementParserTest" time="0"/>
  <testcase name="test03 - 1.7" classname="org.eclipse.jdt.core.tests.compiler.parser.SyntaxErrorTest" time="0.001"/>
  <testcase name="test03 - 1.7" classname="org.eclipse.jdt.core.tests.compiler.parser.DualParseSyntaxErrorTest" time="0"/>
  <testcase name="test04 - 1.7" classname="org.eclipse.jdt.core.tests.compiler.parser.CompletionRecoveryTest" time="0"/>
  <testcase name="test04 - 1.7" classname="org.eclipse.jdt.core.tests.compiler.parser.DietCompletionTest" time="0"/>
  <testcase name="test04 - 1.7" classname="org.eclipse.jdt.core.tests.compiler.parser.SelectionTest" time="0"/>
  <testcase name="test04 - 1.7" classname="org.eclipse.jdt.core.tests.compiler.parser.SelectionJavadocTest" time="0"/>
  <testcase name="test04 - 1.7" classname="org.eclipse.jdt.core.tests.compiler.parser.DietRecoveryTest" time="0.003"/>
  <testcase name="test04 - 1.7" classname="org.eclipse.jdt.core.tests.compiler.parser.SourceElementParserTest" time="0.001"/>
  <testcase name="test04 - 1.7" classname="org.eclipse.jdt.core.tests.compiler.parser.SyntaxErrorTest" time="0"/>
  <testcase name="test04 - 1.7" classname="org.eclipse.jdt.core.tests.compiler.parser.DualParseSyntaxErrorTest" time="0"/>
  <testcase name="test05 - 1.7" classname="org.eclipse.jdt.core.tests.compiler.parser.CompletionRecoveryTest" time="0"/>
  <testcase name="test05 - 1.7" classname="org.eclipse.jdt.core.tests.compiler.parser.DietCompletionTest" time="0"/>
  <testcase name="test05 - 1.7" classname="org.eclipse.jdt.core.tests.compiler.parser.SelectionTest" time="0"/>
  <testcase name="test05 - 1.7" classname="org.eclipse.jdt.core.tests.compiler.parser.SelectionJavadocTest" time="0"/>
  <testcase name="test05 - 1.7" classname="org.eclipse.jdt.core.tests.compiler.parser.DietRecoveryTest" time="0.002"/>
  <testcase name="test05 - 1.7" classname="org.eclipse.jdt.core.tests.compiler.parser.SourceElementParserTest" time="0"/>
  <testcase name="test05 - 1.7" classname="org.eclipse.jdt.core.tests.compiler.parser.SyntaxErrorTest" time="0"/>
  <testcase name="test05 - 1.7" classname="org.eclipse.jdt.core.tests.compiler.parser.DualParseSyntaxErrorTest" time="0"/>
  <testcase name="test06 - 1.7" classname="org.eclipse.jdt.core.tests.compiler.parser.CompletionRecoveryTest" time="0"/>
  <testcase name="test06 - 1.7" classname="org.eclipse.jdt.core.tests.compiler.parser.DietCompletionTest" time="0"/>
  <testcase name="test06 - 1.7" classname="org.eclipse.jdt.core.tests.compiler.parser.SelectionTest" time="0.001"/>
  <testcase name="test06 - 1.7" classname="org.eclipse.jdt.core.tests.compiler.parser.SelectionJavadocTest" time="0"/>
  <testcase name="test06 - 1.7" classname="org.eclipse.jdt.core.tests.compiler.parser.DietRecoveryTest" time="0.002"/>
  <testcase name="test06 - 1.7" classname="org.eclipse.jdt.core.tests.compiler.parser.SourceElementParserTest" time="0.001"/>
  <testcase name="test06 - 1.7" classname="org.eclipse.jdt.core.tests.compiler.parser.SyntaxErrorTest" time="0"/>
  <testcase name="test06 - 1.7" classname="org.eclipse.jdt.core.tests.compiler.parser.DualParseSyntaxErrorTest" time="0"/>
  <testcase name="test07 - 1.7" classname="org.eclipse.jdt.core.tests.compiler.parser.CompletionRecoveryTest" time="0"/>
  <testcase name="test07 - 1.7" classname="org.eclipse.jdt.core.tests.compiler.parser.DietCompletionTest" time="0.001"/>
  <testcase name="test07 - 1.7" classname="org.eclipse.jdt.core.tests.compiler.parser.SelectionTest" time="0"/>
  <testcase name="test07 - 1.7" classname="org.eclipse.jdt.core.tests.compiler.parser.SelectionJavadocTest" time="0.001"/>
  <testcase name="test07 - 1.7" classname="org.eclipse.jdt.core.tests.compiler.parser.DietRecoveryTest" time="0.002"/>
  <testcase name="test07 - 1.7" classname="org.eclipse.jdt.core.tests.compiler.parser.SourceElementParserTest" time="0"/>
  <testcase name="test07 - 1.7" classname="org.eclipse.jdt.core.tests.compiler.parser.SyntaxErrorTest" time="0"/>
  <testcase name="test07 - 1.7" classname="org.eclipse.jdt.core.tests.compiler.parser.DualParseSyntaxErrorTest" time="0"/>
  <testcase name="test08 - 1.7" classname="org.eclipse.jdt.core.tests.compiler.parser.CompletionRecoveryTest" time="0"/>
  <testcase name="test08 - 1.7" classname="org.eclipse.jdt.core.tests.compiler.parser.DietCompletionTest" time="0"/>
  <testcase name="test08 - 1.7" classname="org.eclipse.jdt.core.tests.compiler.parser.SelectionTest" time="0.001"/>
  <testcase name="test08 - 1.7" classname="org.eclipse.jdt.core.tests.compiler.parser.SelectionJavadocTest" time="0.001"/>
  <testcase name="test08 - 1.7" classname="org.eclipse.jdt.core.tests.compiler.parser.DietRecoveryTest" time="0.003"/>
  <testcase name="test08 - 1.7" classname="org.eclipse.jdt.core.tests.compiler.parser.SourceElementParserTest" time="0"/>
  <testcase name="test08 - 1.7" classname="org.eclipse.jdt.core.tests.compiler.parser.SyntaxErrorTest" time="0.001"/>
  <testcase name="test08 - 1.7" classname="org.eclipse.jdt.core.tests.compiler.parser.DualParseSyntaxErrorTest" time="0"/>
  <testcase name="test09 - 1.7" classname="org.eclipse.jdt.core.tests.compiler.parser.CompletionRecoveryTest" time="0"/>
  <testcase name="test09 - 1.7" classname="org.eclipse.jdt.core.tests.compiler.parser.DietCompletionTest" time="0"/>
  <testcase name="test09 - 1.7" classname="org.eclipse.jdt.core.tests.compiler.parser.SelectionTest" time="0"/>
  <testcase name="test09 - 1.7" classname="org.eclipse.jdt.core.tests.compiler.parser.SelectionJavadocTest" time="0.001"/>
  <testcase name="test09 - 1.7" classname="org.eclipse.jdt.core.tests.compiler.parser.DietRecoveryTest" time="0.002"/>
  <testcase name="test09 - 1.7" classname="org.eclipse.jdt.core.tests.compiler.parser.SourceElementParserTest" time="0.001"/>
  <testcase name="test09 - 1.7" classname="org.eclipse.jdt.core.tests.compiler.parser.SyntaxErrorTest" time="0"/>
  <testcase name="test09 - 1.7" classname="org.eclipse.jdt.core.tests.compiler.parser.DualParseSyntaxErrorTest" time="0.001"/>
  <testcase name="test10 - 1.7" classname="org.eclipse.jdt.core.tests.compiler.parser.CompletionRecoveryTest" time="0.001"/>
  <testcase name="test10 - 1.7" classname="org.eclipse.jdt.core.tests.compiler.parser.DietCompletionTest" time="0"/>
  <testcase name="test10 - 1.7" classname="org.eclipse.jdt.core.tests.compiler.parser.SelectionTest" time="0"/>
  <testcase name="test10 - 1.7" classname="org.eclipse.jdt.core.tests.compiler.parser.SelectionJavadocTest" time="0.001"/>
  <testcase name="test10 - 1.7" classname="org.eclipse.jdt.core.tests.compiler.parser.DietRecoveryTest" time="0.003"/>
  <testcase name="test10 - 1.7" classname="org.eclipse.jdt.core.tests.compiler.parser.SourceElementParserTest" time="0"/>
  <testcase name="test10 - 1.7" classname="org.eclipse.jdt.core.tests.compiler.parser.SyntaxErrorTest" time="0"/>
  <testcase name="test10 - 1.7" classname="org.eclipse.jdt.core.tests.compiler.parser.DualParseSyntaxErrorTest" time="0"/>
  <testcase name="test11 - 1.7" classname="org.eclipse.jdt.core.tests.compiler.parser.CompletionRecoveryTest" time="0"/>
  <testcase name="test11 - 1.7" classname="org.eclipse.jdt.core.tests.compiler.parser.DietCompletionTest" time="0"/>
  <testcase name="test11 - 1.7" classname="org.eclipse.jdt.core.tests.compiler.parser.SelectionTest" time="0"/>
  <testcase name="test11 - 1.7" classname="org.eclipse.jdt.core.tests.compiler.parser.SelectionJavadocTest" time="0.001"/>
  <testcase name="test11 - 1.7" classname="org.eclipse.jdt.core.tests.compiler.parser.DietRecoveryTest" time="0.002"/>
  <testcase name="test11 - 1.7" classname="org.eclipse.jdt.core.tests.compiler.parser.SourceElementParserTest" time="0"/>
  <testcase name="test11 - 1.7" classname="org.eclipse.jdt.core.tests.compiler.parser.SyntaxErrorTest" time="0.001"/>
  <testcase name="test12 - 1.7" classname="org.eclipse.jdt.core.tests.compiler.parser.CompletionRecoveryTest" time="0"/>
  <testcase name="test12 - 1.7" classname="org.eclipse.jdt.core.tests.compiler.parser.DietCompletionTest" time="0"/>
  <testcase name="test12 - 1.7" classname="org.eclipse.jdt.core.tests.compiler.parser.SelectionTest" time="0"/>
  <testcase name="test12 - 1.7" classname="org.eclipse.jdt.core.tests.compiler.parser.SelectionJavadocTest" time="0"/>
  <testcase name="test12 - 1.7" classname="org.eclipse.jdt.core.tests.compiler.parser.DietRecoveryTest" time="0.002"/>
  <testcase name="test12 - 1.7" classname="org.eclipse.jdt.core.tests.compiler.parser.SourceElementParserTest" time="0.001"/>
  <testcase name="test12 - 1.7" classname="org.eclipse.jdt.core.tests.compiler.parser.SyntaxErrorTest" time="0"/>
  <testcase name="test13 - 1.7" classname="org.eclipse.jdt.core.tests.compiler.parser.CompletionRecoveryTest" time="0"/>
  <testcase name="test13 - 1.7" classname="org.eclipse.jdt.core.tests.compiler.parser.DietCompletionTest" time="0"/>
  <testcase name="test13 - 1.7" classname="org.eclipse.jdt.core.tests.compiler.parser.SelectionTest" time="0"/>
  <testcase name="test13 - 1.7" classname="org.eclipse.jdt.core.tests.compiler.parser.SelectionJavadocTest" time="0"/>
  <testcase name="test13 - 1.7" classname="org.eclipse.jdt.core.tests.compiler.parser.DietRecoveryTest" time="0.001"/>
  <testcase name="test13 - 1.7" classname="org.eclipse.jdt.core.tests.compiler.parser.SourceElementParserTest" time="0"/>
  <testcase name="test13 - 1.7" classname="org.eclipse.jdt.core.tests.compiler.parser.SyntaxErrorTest" time="0.001"/>
  <testcase name="test14 - 1.7" classname="org.eclipse.jdt.core.tests.compiler.parser.CompletionRecoveryTest" time="0.001"/>
  <testcase name="test14 - 1.7" classname="org.eclipse.jdt.core.tests.compiler.parser.DietCompletionTest" time="0"/>
  <testcase name="test14 - 1.7" classname="org.eclipse.jdt.core.tests.compiler.parser.SelectionTest" time="0.001"/>
  <testcase name="test14 - 1.7" classname="org.eclipse.jdt.core.tests.compiler.parser.SelectionJavadocTest" time="0"/>
  <testcase name="test14 - 1.7" classname="org.eclipse.jdt.core.tests.compiler.parser.DietRecoveryTest" time="0.002"/>
  <testcase name="test14 - 1.7" classname="org.eclipse.jdt.core.tests.compiler.parser.SourceElementParserTest" time="0"/>
  <testcase name="test14 - 1.7" classname="org.eclipse.jdt.core.tests.compiler.parser.SyntaxErrorTest" time="0"/>
  <testcase name="test15 - 1.7" classname="org.eclipse.jdt.core.tests.compiler.parser.CompletionRecoveryTest" time="0"/>
  <testcase name="test15 - 1.7" classname="org.eclipse.jdt.core.tests.compiler.parser.DietCompletionTest" time="0"/>
  <testcase name="test15 - 1.7" classname="org.eclipse.jdt.core.tests.compiler.parser.SelectionTest" time="0"/>
  <testcase name="test15 - 1.7" classname="org.eclipse.jdt.core.tests.compiler.parser.SelectionJavadocTest" time="0.002"/>
  <testcase name="test15 - 1.7" classname="org.eclipse.jdt.core.tests.compiler.parser.DietRecoveryTest" time="0.001"/>
  <testcase name="test15 - 1.7" classname="org.eclipse.jdt.core.tests.compiler.parser.SourceElementParserTest" time="0.001"/>
  <testcase name="test15 - 1.7" classname="org.eclipse.jdt.core.tests.compiler.parser.SyntaxErrorTest" time="0.001"/>
  <testcase name="test16 - 1.7" classname="org.eclipse.jdt.core.tests.compiler.parser.CompletionRecoveryTest" time="0"/>
  <testcase name="test16 - 1.7" classname="org.eclipse.jdt.core.tests.compiler.parser.DietCompletionTest" time="0"/>
  <testcase name="test16 - 1.7" classname="org.eclipse.jdt.core.tests.compiler.parser.SelectionTest" time="0"/>
  <testcase name="test16 - 1.7" classname="org.eclipse.jdt.core.tests.compiler.parser.SelectionJavadocTest" time="0"/>
  <testcase name="test16 - 1.7" classname="org.eclipse.jdt.core.tests.compiler.parser.DietRecoveryTest" time="0.002"/>
  <testcase name="test16 - 1.7" classname="org.eclipse.jdt.core.tests.compiler.parser.SourceElementParserTest" time="0"/>
  <testcase name="test17 - 1.7" classname="org.eclipse.jdt.core.tests.compiler.parser.CompletionRecoveryTest" time="0"/>
  <testcase name="test17 - 1.7" classname="org.eclipse.jdt.core.tests.compiler.parser.DietCompletionTest" time="0"/>
  <testcase name="test17 - 1.7" classname="org.eclipse.jdt.core.tests.compiler.parser.SelectionTest" time="0"/>
  <testcase name="test17 - 1.7" classname="org.eclipse.jdt.core.tests.compiler.parser.SelectionJavadocTest" time="0.001"/>
  <testcase name="test17 - 1.7" classname="org.eclipse.jdt.core.tests.compiler.parser.DietRecoveryTest" time="0.002"/>
  <testcase name="test17 - 1.7" classname="org.eclipse.jdt.core.tests.compiler.parser.SourceElementParserTest" time="0.001"/>
  <testcase name="test18 - 1.7" classname="org.eclipse.jdt.core.tests.compiler.parser.CompletionRecoveryTest" time="0"/>
  <testcase name="test18 - 1.7" classname="org.eclipse.jdt.core.tests.compiler.parser.DietCompletionTest" time="0.001"/>
  <testcase name="test18 - 1.7" classname="org.eclipse.jdt.core.tests.compiler.parser.SelectionTest" time="0"/>
  <testcase name="test18 - 1.7" classname="org.eclipse.jdt.core.tests.compiler.parser.SelectionJavadocTest" time="0.002"/>
  <testcase name="test18 - 1.7" classname="org.eclipse.jdt.core.tests.compiler.parser.DietRecoveryTest" time="0.002"/>
  <testcase name="test18 - 1.7" classname="org.eclipse.jdt.core.tests.compiler.parser.SourceElementParserTest" time="0"/>
  <testcase name="test19 - 1.7" classname="org.eclipse.jdt.core.tests.compiler.parser.CompletionRecoveryTest" time="0"/>
  <testcase name="test19 - 1.7" classname="org.eclipse.jdt.core.tests.compiler.parser.DietCompletionTest" time="0"/>
  <testcase name="test19 - 1.7" classname="org.eclipse.jdt.core.tests.compiler.parser.SelectionTest" time="0"/>
  <testcase name="test19 - 1.7" classname="org.eclipse.jdt.core.tests.compiler.parser.SelectionJavadocTest" time="0"/>
  <testcase name="test19 - 1.7" classname="org.eclipse.jdt.core.tests.compiler.parser.DietRecoveryTest" time="0.002"/>
  <testcase name="test19 - 1.7" classname="org.eclipse.jdt.core.tests.compiler.parser.SourceElementParserTest" time="0"/>
  <testcase name="test20 - 1.7" classname="org.eclipse.jdt.core.tests.compiler.parser.CompletionRecoveryTest" time="0"/>
  <testcase name="test20 - 1.7" classname="org.eclipse.jdt.core.tests.compiler.parser.DietCompletionTest" time="0"/>
  <testcase name="test20 - 1.7" classname="org.eclipse.jdt.core.tests.compiler.parser.SelectionTest" time="0"/>
  <testcase name="test20 - 1.7" classname="org.eclipse.jdt.core.tests.compiler.parser.SelectionJavadocTest" time="0.001"/>
  <testcase name="test20 - 1.7" classname="org.eclipse.jdt.core.tests.compiler.parser.DietRecoveryTest" time="0.002"/>
  <testcase name="test20 - 1.7" classname="org.eclipse.jdt.core.tests.compiler.parser.SourceElementParserTest" time="0"/>
  <testcase name="test21 - 1.7" classname="org.eclipse.jdt.core.tests.compiler.parser.CompletionRecoveryTest" time="0"/>
  <testcase name="test21 - 1.7" classname="org.eclipse.jdt.core.tests.compiler.parser.DietCompletionTest" time="0"/>
  <testcase name="test21 - 1.7" classname="org.eclipse.jdt.core.tests.compiler.parser.SelectionTest" time="0"/>
  <testcase name="test21 - 1.7" classname="org.eclipse.jdt.core.tests.compiler.parser.SelectionJavadocTest" time="0.001"/>
  <testcase name="test21 - 1.7" classname="org.eclipse.jdt.core.tests.compiler.parser.DietRecoveryTest" time="0.002"/>
  <testcase name="test21 - 1.7" classname="org.eclipse.jdt.core.tests.compiler.parser.SourceElementParserTest" time="0"/>
  <testcase name="test22 - 1.7" classname="org.eclipse.jdt.core.tests.compiler.parser.CompletionRecoveryTest" time="0.001"/>
  <testcase name="test22 - 1.7" classname="org.eclipse.jdt.core.tests.compiler.parser.DietCompletionTest" time="0"/>
  <testcase name="test22 - 1.7" classname="org.eclipse.jdt.core.tests.compiler.parser.SelectionTest" time="0"/>
  <testcase name="test22 - 1.7" classname="org.eclipse.jdt.core.tests.compiler.parser.SelectionJavadocTest" time="0"/>
  <testcase name="test22 - 1.7" classname="org.eclipse.jdt.core.tests.compiler.parser.DietRecoveryTest" time="0.002"/>
  <testcase name="test22 - 1.7" classname="org.eclipse.jdt.core.tests.compiler.parser.SourceElementParserTest" time="0.001"/>
  <testcase name="test23 - 1.7" classname="org.eclipse.jdt.core.tests.compiler.parser.CompletionRecoveryTest" time="0"/>
  <testcase name="test23 - 1.7" classname="org.eclipse.jdt.core.tests.compiler.parser.DietCompletionTest" time="0"/>
  <testcase name="test23 - 1.7" classname="org.eclipse.jdt.core.tests.compiler.parser.SelectionTest" time="0"/>
  <testcase name="test23 - 1.7" classname="org.eclipse.jdt.core.tests.compiler.parser.SelectionJavadocTest" time="0.001"/>
  <testcase name="test23 - 1.7" classname="org.eclipse.jdt.core.tests.compiler.parser.DietRecoveryTest" time="0.003"/>
  <testcase name="test23 - 1.7" classname="org.eclipse.jdt.core.tests.compiler.parser.SourceElementParserTest" time="0"/>
  <testcase name="test24 - 1.7" classname="org.eclipse.jdt.core.tests.compiler.parser.CompletionRecoveryTest" time="0"/>
  <testcase name="test24 - 1.7" classname="org.eclipse.jdt.core.tests.compiler.parser.DietCompletionTest" time="0"/>
  <testcase name="test24 - 1.7" classname="org.eclipse.jdt.core.tests.compiler.parser.SelectionTest" time="0"/>
  <testcase name="test24 - 1.7" classname="org.eclipse.jdt.core.tests.compiler.parser.SelectionJavadocTest" time="0"/>
  <testcase name="test24 - 1.7" classname="org.eclipse.jdt.core.tests.compiler.parser.DietRecoveryTest" time="0.003"/>
  <testcase name="test24 - 1.7" classname="org.eclipse.jdt.core.tests.compiler.parser.SourceElementParserTest" time="0"/>
  <testcase name="test25 - 1.7" classname="org.eclipse.jdt.core.tests.compiler.parser.CompletionRecoveryTest" time="0"/>
  <testcase name="test25 - 1.7" classname="org.eclipse.jdt.core.tests.compiler.parser.DietCompletionTest" time="0"/>
  <testcase name="test25 - 1.7" classname="org.eclipse.jdt.core.tests.compiler.parser.SelectionTest" time="0"/>
  <testcase name="test25 - 1.7" classname="org.eclipse.jdt.core.tests.compiler.parser.SelectionJavadocTest" time="0"/>
  <testcase name="test25 - 1.7" classname="org.eclipse.jdt.core.tests.compiler.parser.DietRecoveryTest" time="0.003"/>
  <testcase name="test25 - 1.7" classname="org.eclipse.jdt.core.tests.compiler.parser.SourceElementParserTest" time="0"/>
  <testcase name="test26 - 1.7" classname="org.eclipse.jdt.core.tests.compiler.parser.CompletionRecoveryTest" time="0.001"/>
  <testcase name="test26 - 1.7" classname="org.eclipse.jdt.core.tests.compiler.parser.DietCompletionTest" time="0"/>
  <testcase name="test26 - 1.7" classname="org.eclipse.jdt.core.tests.compiler.parser.SelectionTest" time="0"/>
  <testcase name="test26 - 1.7" classname="org.eclipse.jdt.core.tests.compiler.parser.SelectionJavadocTest" time="0"/>
  <testcase name="test26 - 1.7" classname="org.eclipse.jdt.core.tests.compiler.parser.DietRecoveryTest" time="0.004"/>
  <testcase name="test26 - 1.7" classname="org.eclipse.jdt.core.tests.compiler.parser.SourceElementParserTest" time="0"/>
  <testcase name="test27 - 1.7" classname="org.eclipse.jdt.core.tests.compiler.parser.DietCompletionTest" time="0"/>
  <testcase name="test27 - 1.7" classname="org.eclipse.jdt.core.tests.compiler.parser.SelectionTest" time="0.001"/>
  <testcase name="test27 - 1.7" classname="org.eclipse.jdt.core.tests.compiler.parser.DietRecoveryTest" time="0.003"/>
  <testcase name="test27 - 1.7" classname="org.eclipse.jdt.core.tests.compiler.parser.SourceElementParserTest" time="0.001"/>
  <testcase name="test28 - 1.7" classname="org.eclipse.jdt.core.tests.compiler.parser.DietCompletionTest" time="0"/>
  <testcase name="test28 - 1.7" classname="org.eclipse.jdt.core.tests.compiler.parser.SelectionTest" time="0"/>
  <testcase name="test28 - 1.7" classname="org.eclipse.jdt.core.tests.compiler.parser.DietRecoveryTest" time="0.001"/>
  <testcase name="test28 - 1.7" classname="org.eclipse.jdt.core.tests.compiler.parser.SourceElementParserTest" time="0"/>
  <testcase name="test29 - 1.7" classname="org.eclipse.jdt.core.tests.compiler.parser.DietCompletionTest" time="0"/>
  <testcase name="test29 - 1.7" classname="org.eclipse.jdt.core.tests.compiler.parser.SelectionTest" time="0"/>
  <testcase name="test29 - 1.7" classname="org.eclipse.jdt.core.tests.compiler.parser.DietRecoveryTest" time="0.001"/>
  <testcase name="test29 - 1.7" classname="org.eclipse.jdt.core.tests.compiler.parser.SourceElementParserTest" time="0.001"/>
  <testcase name="test30 - 1.7" classname="org.eclipse.jdt.core.tests.compiler.parser.DietCompletionTest" time="0"/>
  <testcase name="test30 - 1.7" classname="org.eclipse.jdt.core.tests.compiler.parser.SelectionTest" time="0"/>
  <testcase name="test30 - 1.7" classname="org.eclipse.jdt.core.tests.compiler.parser.DietRecoveryTest" time="0.002"/>
  <testcase name="test30 - 1.7" classname="org.eclipse.jdt.core.tests.compiler.parser.SourceElementParserTest" time="0"/>
  <testcase name="test31 - 1.7" classname="org.eclipse.jdt.core.tests.compiler.parser.DietCompletionTest" time="0"/>
  <testcase name="test31 - 1.7" classname="org.eclipse.jdt.core.tests.compiler.parser.SelectionTest" time="0"/>
  <testcase name="test31 - 1.7" classname="org.eclipse.jdt.core.tests.compiler.parser.DietRecoveryTest" time="0.003"/>
  <testcase name="test31 - 1.7" classname="org.eclipse.jdt.core.tests.compiler.parser.SourceElementParserTest" time="0.001"/>
  <testcase name="test32 - 1.7" classname="org.eclipse.jdt.core.tests.compiler.parser.DietCompletionTest" time="0"/>
  <testcase name="test32 - 1.7" classname="org.eclipse.jdt.core.tests.compiler.parser.SelectionTest" time="0"/>
  <testcase name="test32 - 1.7" classname="org.eclipse.jdt.core.tests.compiler.parser.SourceElementParserTest" time="0.001"/>
  <testcase name="test33 - 1.7" classname="org.eclipse.jdt.core.tests.compiler.parser.DietCompletionTest" time="0"/>
  <testcase name="test33 - 1.7" classname="org.eclipse.jdt.core.tests.compiler.parser.SelectionTest" time="0"/>
  <testcase name="test33 - 1.7" classname="org.eclipse.jdt.core.tests.compiler.parser.DietRecoveryTest" time="0.002"/>
  <testcase name="test33 - 1.7" classname="org.eclipse.jdt.core.tests.compiler.parser.SourceElementParserTest" time="0"/>
  <testcase name="test34 - 1.7" classname="org.eclipse.jdt.core.tests.compiler.parser.DietCompletionTest" time="0"/>
  <testcase name="test34 - 1.7" classname="org.eclipse.jdt.core.tests.compiler.parser.SelectionTest" time="0"/>
  <testcase name="test34 - 1.7" classname="org.eclipse.jdt.core.tests.compiler.parser.DietRecoveryTest" time="0.002"/>
  <testcase name="test34 - 1.7" classname="org.eclipse.jdt.core.tests.compiler.parser.SourceElementParserTest" time="0.001"/>
  <testcase name="test34a - 1.7" classname="org.eclipse.jdt.core.tests.compiler.parser.DietCompletionTest" time="0"/>
  <testcase name="test34b - 1.7" classname="org.eclipse.jdt.core.tests.compiler.parser.DietCompletionTest" time="0"/>
  <testcase name="test34c - 1.7" classname="org.eclipse.jdt.core.tests.compiler.parser.DietCompletionTest" time="0"/>
  <testcase name="test35 - 1.7" classname="org.eclipse.jdt.core.tests.compiler.parser.DietCompletionTest" time="0"/>
  <testcase name="test35 - 1.7" classname="org.eclipse.jdt.core.tests.compiler.parser.SelectionTest" time="0"/>
  <testcase name="test35 - 1.7" classname="org.eclipse.jdt.core.tests.compiler.parser.DietRecoveryTest" time="0.001"/>
  <testcase name="test35 - 1.7" classname="org.eclipse.jdt.core.tests.compiler.parser.SourceElementParserTest" time="0.001"/>
  <testcase name="test36 - 1.7" classname="org.eclipse.jdt.core.tests.compiler.parser.DietCompletionTest" time="0"/>
  <testcase name="test36 - 1.7" classname="org.eclipse.jdt.core.tests.compiler.parser.SelectionTest" time="0"/>
  <testcase name="test36 - 1.7" classname="org.eclipse.jdt.core.tests.compiler.parser.DietRecoveryTest" time="0.001"/>
  <testcase name="test36 - 1.7" classname="org.eclipse.jdt.core.tests.compiler.parser.SourceElementParserTest" time="0"/>
  <testcase name="test37 - 1.7" classname="org.eclipse.jdt.core.tests.compiler.parser.DietCompletionTest" time="0"/>
  <testcase name="test37 - 1.7" classname="org.eclipse.jdt.core.tests.compiler.parser.SelectionTest" time="0"/>
  <testcase name="test37 - 1.7" classname="org.eclipse.jdt.core.tests.compiler.parser.DietRecoveryTest" time="0"/>
  <testcase name="test37 - 1.7" classname="org.eclipse.jdt.core.tests.compiler.parser.SourceElementParserTest" time="0.001"/>
  <testcase name="test38 - 1.7" classname="org.eclipse.jdt.core.tests.compiler.parser.DietCompletionTest" time="0.001"/>
  <testcase name="test38 - 1.7" classname="org.eclipse.jdt.core.tests.compiler.parser.SelectionTest" time="0"/>
  <testcase name="test38 - 1.7" classname="org.eclipse.jdt.core.tests.compiler.parser.DietRecoveryTest" time="0.002"/>
  <testcase name="test38 - 1.7" classname="org.eclipse.jdt.core.tests.compiler.parser.SourceElementParserTest" time="0"/>
  <testcase name="test39 - 1.7" classname="org.eclipse.jdt.core.tests.compiler.parser.DietCompletionTest" time="0"/>
  <testcase name="test39 - 1.7" classname="org.eclipse.jdt.core.tests.compiler.parser.SelectionTest" time="0.001"/>
  <testcase name="test39 - 1.7" classname="org.eclipse.jdt.core.tests.compiler.parser.DietRecoveryTest" time="0.001"/>
  <testcase name="test39 - 1.7" classname="org.eclipse.jdt.core.tests.compiler.parser.SourceElementParserTest" time="0"/>
  <testcase name="test40 - 1.7" classname="org.eclipse.jdt.core.tests.compiler.parser.DietCompletionTest" time="0"/>
  <testcase name="test40 - 1.7" classname="org.eclipse.jdt.core.tests.compiler.parser.SelectionTest" time="0"/>
  <testcase name="test40 - 1.7" classname="org.eclipse.jdt.core.tests.compiler.parser.DietRecoveryTest" time="0.002"/>
  <testcase name="test40 - 1.7" classname="org.eclipse.jdt.core.tests.compiler.parser.SourceElementParserTest" time="0.001"/>
  <testcase name="test41 - 1.7" classname="org.eclipse.jdt.core.tests.compiler.parser.DietCompletionTest" time="0"/>
  <testcase name="test41 - 1.7" classname="org.eclipse.jdt.core.tests.compiler.parser.SelectionTest" time="0"/>
  <testcase name="test41 - 1.7" classname="org.eclipse.jdt.core.tests.compiler.parser.DietRecoveryTest" time="0.003"/>
  <testcase name="test41 - 1.7" classname="org.eclipse.jdt.core.tests.compiler.parser.SourceElementParserTest" time="0"/>
  <testcase name="test42 - 1.7" classname="org.eclipse.jdt.core.tests.compiler.parser.DietCompletionTest" time="0"/>
  <testcase name="test42 - 1.7" classname="org.eclipse.jdt.core.tests.compiler.parser.SelectionTest" time="0"/>
  <testcase name="test42 - 1.7" classname="org.eclipse.jdt.core.tests.compiler.parser.DietRecoveryTest" time="0.003"/>
  <testcase name="test42 - 1.7" classname="org.eclipse.jdt.core.tests.compiler.parser.SourceElementParserTest" time="0.001"/>
  <testcase name="test43 - 1.7" classname="org.eclipse.jdt.core.tests.compiler.parser.DietCompletionTest" time="0.001"/>
  <testcase name="test43 - 1.7" classname="org.eclipse.jdt.core.tests.compiler.parser.SelectionTest" time="0.001"/>
  <testcase name="test43 - 1.7" classname="org.eclipse.jdt.core.tests.compiler.parser.DietRecoveryTest" time="0.004"/>
  <testcase name="test43 - 1.7" classname="org.eclipse.jdt.core.tests.compiler.parser.SourceElementParserTest" time="0"/>
  <testcase name="test44 - 1.7" classname="org.eclipse.jdt.core.tests.compiler.parser.DietCompletionTest" time="0"/>
  <testcase name="test44 - 1.7" classname="org.eclipse.jdt.core.tests.compiler.parser.SelectionTest" time="0.001"/>
  <testcase name="test44 - 1.7" classname="org.eclipse.jdt.core.tests.compiler.parser.DietRecoveryTest" time="0.002"/>
  <testcase name="test44 - 1.7" classname="org.eclipse.jdt.core.tests.compiler.parser.SourceElementParserTest" time="0"/>
  <testcase name="test45 - 1.7" classname="org.eclipse.jdt.core.tests.compiler.parser.DietCompletionTest" time="0"/>
  <testcase name="test45 - 1.7" classname="org.eclipse.jdt.core.tests.compiler.parser.SelectionTest" time="0"/>
  <testcase name="test45 - 1.7" classname="org.eclipse.jdt.core.tests.compiler.parser.DietRecoveryTest" time="0"/>
  <testcase name="test45 - 1.7" classname="org.eclipse.jdt.core.tests.compiler.parser.SourceElementParserTest" time="0.001"/>
  <testcase name="test46 - 1.7" classname="org.eclipse.jdt.core.tests.compiler.parser.DietCompletionTest" time="0"/>
  <testcase name="test46 - 1.7" classname="org.eclipse.jdt.core.tests.compiler.parser.SelectionTest" time="0"/>
  <testcase name="test46 - 1.7" classname="org.eclipse.jdt.core.tests.compiler.parser.DietRecoveryTest" time="0.004"/>
  <testcase name="test46 - 1.7" classname="org.eclipse.jdt.core.tests.compiler.parser.SourceElementParserTest" time="0"/>
  <testcase name="test47 - 1.7" classname="org.eclipse.jdt.core.tests.compiler.parser.DietCompletionTest" time="0"/>
  <testcase name="test47 - 1.7" classname="org.eclipse.jdt.core.tests.compiler.parser.SelectionTest" time="0"/>
  <testcase name="test47 - 1.7" classname="org.eclipse.jdt.core.tests.compiler.parser.DietRecoveryTest" time="0.002"/>
  <testcase name="test47 - 1.7" classname="org.eclipse.jdt.core.tests.compiler.parser.SourceElementParserTest" time="0"/>
  <testcase name="test48 - 1.7" classname="org.eclipse.jdt.core.tests.compiler.parser.DietCompletionTest" time="0.001"/>
  <testcase name="test48 - 1.7" classname="org.eclipse.jdt.core.tests.compiler.parser.SelectionTest" time="0.001"/>
  <testcase name="test48 - 1.7" classname="org.eclipse.jdt.core.tests.compiler.parser.DietRecoveryTest" time="0.001"/>
  <testcase name="test48 - 1.7" classname="org.eclipse.jdt.core.tests.compiler.parser.SourceElementParserTest" time="0.001"/>
  <testcase name="test49 - 1.7" classname="org.eclipse.jdt.core.tests.compiler.parser.DietCompletionTest" time="0"/>
  <testcase name="test49 - 1.7" classname="org.eclipse.jdt.core.tests.compiler.parser.SelectionTest" time="0"/>
  <testcase name="test49 - 1.7" classname="org.eclipse.jdt.core.tests.compiler.parser.DietRecoveryTest" time="0.002"/>
  <testcase name="test49 - 1.7" classname="org.eclipse.jdt.core.tests.compiler.parser.SourceElementParserTest" time="0"/>
  <testcase name="test50 - 1.7" classname="org.eclipse.jdt.core.tests.compiler.parser.DietCompletionTest" time="0"/>
  <testcase name="test50 - 1.7" classname="org.eclipse.jdt.core.tests.compiler.parser.SelectionTest" time="0"/>
  <testcase name="test50 - 1.7" classname="org.eclipse.jdt.core.tests.compiler.parser.DietRecoveryTest" time="0.003"/>
  <testcase name="test50 - 1.7" classname="org.eclipse.jdt.core.tests.compiler.parser.SourceElementParserTest" time="0"/>
  <testcase name="test51 - 1.7" classname="org.eclipse.jdt.core.tests.compiler.parser.DietCompletionTest" time="0"/>
  <testcase name="test51 - 1.7" classname="org.eclipse.jdt.core.tests.compiler.parser.SelectionTest" time="0.001"/>
  <testcase name="test51 - 1.7" classname="org.eclipse.jdt.core.tests.compiler.parser.DietRecoveryTest" time="0.002"/>
  <testcase name="test51 - 1.7" classname="org.eclipse.jdt.core.tests.compiler.parser.SourceElementParserTest" time="0"/>
  <testcase name="test52 - 1.7" classname="org.eclipse.jdt.core.tests.compiler.parser.DietCompletionTest" time="0"/>
  <testcase name="test52 - 1.7" classname="org.eclipse.jdt.core.tests.compiler.parser.SelectionTest" time="0"/>
  <testcase name="test52 - 1.7" classname="org.eclipse.jdt.core.tests.compiler.parser.DietRecoveryTest" time="0.002"/>
  <testcase name="test52 - 1.7" classname="org.eclipse.jdt.core.tests.compiler.parser.SourceElementParserTest" time="0.001"/>
  <testcase name="test53 - 1.7" classname="org.eclipse.jdt.core.tests.compiler.parser.DietCompletionTest" time="0"/>
  <testcase name="test53 - 1.7" classname="org.eclipse.jdt.core.tests.compiler.parser.SelectionTest" time="0"/>
  <testcase name="test53 - 1.7" classname="org.eclipse.jdt.core.tests.compiler.parser.DietRecoveryTest" time="0.002"/>
  <testcase name="test53 - 1.7" classname="org.eclipse.jdt.core.tests.compiler.parser.SourceElementParserTest" time="0"/>
  <testcase name="test54 - 1.7" classname="org.eclipse.jdt.core.tests.compiler.parser.DietCompletionTest" time="0"/>
  <testcase name="test54 - 1.7" classname="org.eclipse.jdt.core.tests.compiler.parser.SelectionTest" time="0"/>
  <testcase name="test54 - 1.7" classname="org.eclipse.jdt.core.tests.compiler.parser.DietRecoveryTest" time="0.002"/>
  <testcase name="test54 - 1.7" classname="org.eclipse.jdt.core.tests.compiler.parser.SourceElementParserTest" time="0.001"/>
  <testcase name="test55 - 1.7" classname="org.eclipse.jdt.core.tests.compiler.parser.DietCompletionTest" time="0"/>
  <testcase name="test55 - 1.7" classname="org.eclipse.jdt.core.tests.compiler.parser.SelectionTest" time="0"/>
  <testcase name="test55 - 1.7" classname="org.eclipse.jdt.core.tests.compiler.parser.DietRecoveryTest" time="0.002"/>
  <testcase name="test55 - 1.7" classname="org.eclipse.jdt.core.tests.compiler.parser.SourceElementParserTest" time="0.001"/>
  <testcase name="testPrimarySuper - 1.7" classname="org.eclipse.jdt.core.tests.compiler.parser.ExplicitConstructorInvocationCompletionTest" time="0"/>
  <testcase name="testPrimarySuper - 1.7" classname="org.eclipse.jdt.core.tests.compiler.parser.ExplicitConstructorInvocationSelectionTest" time="0.001"/>
  <testcase name="testPrimaryThis - 1.7" classname="org.eclipse.jdt.core.tests.compiler.parser.ExplicitConstructorInvocationCompletionTest" time="0"/>
  <testcase name="testSuper - 1.7" classname="org.eclipse.jdt.core.tests.compiler.parser.ExplicitConstructorInvocationCompletionTest" time="0"/>
  <testcase name="testSuper - 1.7" classname="org.eclipse.jdt.core.tests.compiler.parser.MethodInvocationCompletionTest" time="0"/>
  <testcase name="testSuper - 1.7" classname="org.eclipse.jdt.core.tests.compiler.parser.ExplicitConstructorInvocationSelectionTest" time="0"/>
  <testcase name="testThis - 1.7" classname="org.eclipse.jdt.core.tests.compiler.parser.ExplicitConstructorInvocationCompletionTest" time="0"/>
  <testcase name="testThis - 1.7" classname="org.eclipse.jdt.core.tests.compiler.parser.ExplicitConstructorInvocationSelectionTest" time="0"/>
  <testcase name="testWrapperNameSuper - 1.7" classname="org.eclipse.jdt.core.tests.compiler.parser.ExplicitConstructorInvocationCompletionTest" time="0"/>
  <testcase name="testWrapperNameThis - 1.7" classname="org.eclipse.jdt.core.tests.compiler.parser.ExplicitConstructorInvocationCompletionTest" time="0"/>
  <testcase name="testWrapperPrimarySuper - 1.7" classname="org.eclipse.jdt.core.tests.compiler.parser.ExplicitConstructorInvocationCompletionTest" time="0"/>
  <testcase name="testWrapperSuper - 1.7" classname="org.eclipse.jdt.core.tests.compiler.parser.ExplicitConstructorInvocationCompletionTest" time="0"/>
  <testcase name="testWrapperThis - 1.7" classname="org.eclipse.jdt.core.tests.compiler.parser.ExplicitConstructorInvocationCompletionTest" time="0.001"/>
  <testcase name="testAdditiveExpressionMinus - 1.7" classname="org.eclipse.jdt.core.tests.compiler.parser.FieldAccessCompletionTest" time="0"/>
  <testcase name="testAdditiveExpressionPlus - 1.7" classname="org.eclipse.jdt.core.tests.compiler.parser.FieldAccessCompletionTest" time="0"/>
  <testcase name="testAndExpression - 1.7" classname="org.eclipse.jdt.core.tests.compiler.parser.FieldAccessCompletionTest" time="0"/>
  <testcase name="testArgumentList - 1.7" classname="org.eclipse.jdt.core.tests.compiler.parser.FieldAccessCompletionTest" time="0"/>
  <testcase name="testArrayAccess - 1.7" classname="org.eclipse.jdt.core.tests.compiler.parser.FieldAccessCompletionTest" time="0"/>
  <testcase name="testArrayAccessPrimaryNoNewArray - 1.7" classname="org.eclipse.jdt.core.tests.compiler.parser.FieldAccessCompletionTest" time="0"/>
  <testcase name="testArrayInitializer - 1.7" classname="org.eclipse.jdt.core.tests.compiler.parser.FieldAccessCompletionTest" time="0.001"/>
  <testcase name="testArrayInitializerComma - 1.7" classname="org.eclipse.jdt.core.tests.compiler.parser.FieldAccessCompletionTest" time="0"/>
  <testcase name="testAssignment - 1.7" classname="org.eclipse.jdt.core.tests.compiler.parser.FieldAccessCompletionTest" time="0"/>
  <testcase name="testBlock - 1.7" classname="org.eclipse.jdt.core.tests.compiler.parser.FieldAccessCompletionTest" time="0"/>
  <testcase name="testBlock - 1.7" classname="org.eclipse.jdt.core.tests.compiler.parser.ReferenceTypeCompletionTest" time="0"/>
  <testcase name="testBlockStatements - 1.7" classname="org.eclipse.jdt.core.tests.compiler.parser.FieldAccessCompletionTest" time="0"/>
  <testcase name="testBlockStatements - 1.7" classname="org.eclipse.jdt.core.tests.compiler.parser.ReferenceTypeCompletionTest" time="0"/>
  <testcase name="testBlockStatementsInConstructorBody - 1.7" classname="org.eclipse.jdt.core.tests.compiler.parser.FieldAccessCompletionTest" time="0"/>
  <testcase name="testBlockStatementsInInitializer - 1.7" classname="org.eclipse.jdt.core.tests.compiler.parser.FieldAccessCompletionTest" time="0"/>
  <testcase name="testBlockStatementsInStaticInitializer - 1.7" classname="org.eclipse.jdt.core.tests.compiler.parser.FieldAccessCompletionTest" time="0"/>
  <testcase name="testCastExpression - 1.7" classname="org.eclipse.jdt.core.tests.compiler.parser.FieldAccessCompletionTest" time="0.001"/>
  <testcase name="testCastExpressionUnaryExpression - 1.7" classname="org.eclipse.jdt.core.tests.compiler.parser.FieldAccessCompletionTest" time="0"/>
  <testcase name="testClassInstanceCreationExpression - 1.7" classname="org.eclipse.jdt.core.tests.compiler.parser.FieldAccessCompletionTest" time="0"/>
  <testcase name="testClassInstanceCreationExpressionName - 1.7" classname="org.eclipse.jdt.core.tests.compiler.parser.FieldAccessCompletionTest" time="0"/>
  <testcase name="testClassInstanceCreationExpressionPrimary - 1.7" classname="org.eclipse.jdt.core.tests.compiler.parser.FieldAccessCompletionTest" time="0"/>
  <testcase name="testConditionalAndExpression - 1.7" classname="org.eclipse.jdt.core.tests.compiler.parser.FieldAccessCompletionTest" time="0"/>
  <testcase name="testConditionalExpression - 1.7" classname="org.eclipse.jdt.core.tests.compiler.parser.FieldAccessCompletionTest" time="0"/>
  <testcase name="testConditionalExpressionConditionalExpression - 1.7" classname="org.eclipse.jdt.core.tests.compiler.parser.FieldAccessCompletionTest" time="0"/>
  <testcase name="testConditionalOrExpression - 1.7" classname="org.eclipse.jdt.core.tests.compiler.parser.FieldAccessCompletionTest" time="0"/>
  <testcase name="testConstructorBody - 1.7" classname="org.eclipse.jdt.core.tests.compiler.parser.FieldAccessCompletionTest" time="0.001"/>
  <testcase name="testConstructorBody - 1.7" classname="org.eclipse.jdt.core.tests.compiler.parser.ReferenceTypeCompletionTest" time="0.001"/>
  <testcase name="testDimWithOrWithOutExpr - 1.7" classname="org.eclipse.jdt.core.tests.compiler.parser.FieldAccessCompletionTest" time="0"/>
  <testcase name="testDoExpression - 1.7" classname="org.eclipse.jdt.core.tests.compiler.parser.FieldAccessCompletionTest" time="0"/>
  <testcase name="testDoStatement - 1.7" classname="org.eclipse.jdt.core.tests.compiler.parser.FieldAccessCompletionTest" time="0"/>
  <testcase name="testEqualityExpression - 1.7" classname="org.eclipse.jdt.core.tests.compiler.parser.FieldAccessCompletionTest" time="0"/>
  <testcase name="testEqualityExpressionNot - 1.7" classname="org.eclipse.jdt.core.tests.compiler.parser.FieldAccessCompletionTest" time="0"/>
  <testcase name="testExclusiveOrExpression - 1.7" classname="org.eclipse.jdt.core.tests.compiler.parser.FieldAccessCompletionTest" time="0"/>
  <testcase name="testExplicitConstructorInvocationInConstructorBody - 1.7" classname="org.eclipse.jdt.core.tests.compiler.parser.FieldAccessCompletionTest" time="0"/>
  <testcase name="testForInit - 1.7" classname="org.eclipse.jdt.core.tests.compiler.parser.FieldAccessCompletionTest" time="0"/>
  <testcase name="testForStatement - 1.7" classname="org.eclipse.jdt.core.tests.compiler.parser.FieldAccessCompletionTest" time="0"/>
  <testcase name="testForStatement - 1.7" classname="org.eclipse.jdt.core.tests.compiler.parser.ReferenceTypeCompletionTest" time="0"/>
  <testcase name="testForStatementExpression - 1.7" classname="org.eclipse.jdt.core.tests.compiler.parser.FieldAccessCompletionTest" time="0"/>
  <testcase name="testForUpdate - 1.7" classname="org.eclipse.jdt.core.tests.compiler.parser.FieldAccessCompletionTest" time="0"/>
  <testcase name="testIfExpresionThen - 1.7" classname="org.eclipse.jdt.core.tests.compiler.parser.FieldAccessCompletionTest" time="0.001"/>
  <testcase name="testIfExpresionThenElse - 1.7" classname="org.eclipse.jdt.core.tests.compiler.parser.FieldAccessCompletionTest" time="0"/>
  <testcase name="testIfThenElseStatement - 1.7" classname="org.eclipse.jdt.core.tests.compiler.parser.FieldAccessCompletionTest" time="0"/>
  <testcase name="testIfThenStatement - 1.7" classname="org.eclipse.jdt.core.tests.compiler.parser.FieldAccessCompletionTest" time="0"/>
  <testcase name="testIfThenStatementElse - 1.7" classname="org.eclipse.jdt.core.tests.compiler.parser.FieldAccessCompletionTest" time="0"/>
  <testcase name="testInclusiveOrExpression - 1.7" classname="org.eclipse.jdt.core.tests.compiler.parser.FieldAccessCompletionTest" time="0.001"/>
  <testcase name="testLabeledStatement - 1.7" classname="org.eclipse.jdt.core.tests.compiler.parser.FieldAccessCompletionTest" time="0"/>
  <testcase name="testMethodBody - 1.7" classname="org.eclipse.jdt.core.tests.compiler.parser.FieldAccessCompletionTest" time="0"/>
  <testcase name="testMethodBody - 1.7" classname="org.eclipse.jdt.core.tests.compiler.parser.ReferenceTypeCompletionTest" time="0"/>
  <testcase name="testMethodInvocation - 1.7" classname="org.eclipse.jdt.core.tests.compiler.parser.FieldAccessCompletionTest" time="0"/>
  <testcase name="testMethodInvocationPrimary - 1.7" classname="org.eclipse.jdt.core.tests.compiler.parser.FieldAccessCompletionTest" time="0"/>
  <testcase name="testMethodInvocationSuper - 1.7" classname="org.eclipse.jdt.core.tests.compiler.parser.FieldAccessCompletionTest" time="0"/>
  <testcase name="testMultiplicativeExpressionMultiplication - 1.7" classname="org.eclipse.jdt.core.tests.compiler.parser.FieldAccessCompletionTest" time="0"/>
  <testcase name="testMultiplicativeExpressionRemainder - 1.7" classname="org.eclipse.jdt.core.tests.compiler.parser.FieldAccessCompletionTest" time="0"/>
  <testcase name="testMultiplicativeExpressiondDivision - 1.7" classname="org.eclipse.jdt.core.tests.compiler.parser.FieldAccessCompletionTest" time="0.001"/>
  <testcase name="testPreIncrementExpressionMinusMinus - 1.7" classname="org.eclipse.jdt.core.tests.compiler.parser.FieldAccessCompletionTest" time="0"/>
  <testcase name="testPreIncrementExpressionPlusPlus - 1.7" classname="org.eclipse.jdt.core.tests.compiler.parser.FieldAccessCompletionTest" time="0"/>
  <testcase name="testPrimaryNoNewArray - 1.7" classname="org.eclipse.jdt.core.tests.compiler.parser.FieldAccessCompletionTest" time="0"/>
  <testcase name="testRelationalExpressionGreaterThan - 1.7" classname="org.eclipse.jdt.core.tests.compiler.parser.FieldAccessCompletionTest" time="0"/>
  <testcase name="testRelationalExpressionGreaterThanOrEquals - 1.7" classname="org.eclipse.jdt.core.tests.compiler.parser.FieldAccessCompletionTest" time="0"/>
  <testcase name="testRelationalExpressionLessThan - 1.7" classname="org.eclipse.jdt.core.tests.compiler.parser.FieldAccessCompletionTest" time="0"/>
  <testcase name="testRelationalExpressionLessThanOrEqual - 1.7" classname="org.eclipse.jdt.core.tests.compiler.parser.FieldAccessCompletionTest" time="0"/>
  <testcase name="testReturnStatement - 1.7" classname="org.eclipse.jdt.core.tests.compiler.parser.FieldAccessCompletionTest" time="0.001"/>
  <testcase name="testShiftExpressionLeft - 1.7" classname="org.eclipse.jdt.core.tests.compiler.parser.FieldAccessCompletionTest" time="0"/>
  <testcase name="testShiftExpressionRight - 1.7" classname="org.eclipse.jdt.core.tests.compiler.parser.FieldAccessCompletionTest" time="0"/>
  <testcase name="testShiftExpressionRightUnSigned - 1.7" classname="org.eclipse.jdt.core.tests.compiler.parser.FieldAccessCompletionTest" time="0"/>
  <testcase name="testStatementExpressionList - 1.7" classname="org.eclipse.jdt.core.tests.compiler.parser.FieldAccessCompletionTest" time="0.001"/>
  <testcase name="testSwitchBlockStatement - 1.7" classname="org.eclipse.jdt.core.tests.compiler.parser.FieldAccessCompletionTest" time="0"/>
  <testcase name="testSwitchBlockStatement - 1.7" classname="org.eclipse.jdt.core.tests.compiler.parser.ReferenceTypeCompletionTest" time="0"/>
  <testcase name="testSwitchExpression - 1.7" classname="org.eclipse.jdt.core.tests.compiler.parser.FieldAccessCompletionTest" time="0"/>
  <testcase name="testSwitchLabel - 1.7" classname="org.eclipse.jdt.core.tests.compiler.parser.FieldAccessCompletionTest" time="0"/>
  <testcase name="testSynchronizedStatement - 1.7" classname="org.eclipse.jdt.core.tests.compiler.parser.FieldAccessCompletionTest" time="0.001"/>
  <testcase name="testThrowExpression - 1.7" classname="org.eclipse.jdt.core.tests.compiler.parser.FieldAccessCompletionTest" time="0"/>
  <testcase name="testUnaryExpressionBitwiseComplement - 1.7" classname="org.eclipse.jdt.core.tests.compiler.parser.FieldAccessCompletionTest" time="0"/>
  <testcase name="testUnaryExpressionLogicalComplement - 1.7" classname="org.eclipse.jdt.core.tests.compiler.parser.FieldAccessCompletionTest" time="0"/>
  <testcase name="testUnaryExpressionMinus - 1.7" classname="org.eclipse.jdt.core.tests.compiler.parser.FieldAccessCompletionTest" time="0.001"/>
  <testcase name="testUnaryExpressionPlus - 1.7" classname="org.eclipse.jdt.core.tests.compiler.parser.FieldAccessCompletionTest" time="0"/>
  <testcase name="testVariableDeclarator - 1.7" classname="org.eclipse.jdt.core.tests.compiler.parser.FieldAccessCompletionTest" time="0"/>
  <testcase name="testVariableInitializers - 1.7" classname="org.eclipse.jdt.core.tests.compiler.parser.FieldAccessCompletionTest" time="0"/>
  <testcase name="testWhileExpression - 1.7" classname="org.eclipse.jdt.core.tests.compiler.parser.FieldAccessCompletionTest" time="0"/>
  <testcase name="testWhileStatement - 1.7" classname="org.eclipse.jdt.core.tests.compiler.parser.FieldAccessCompletionTest" time="0.001"/>
  <testcase name="testAnonymousFirstMethod - 1.7" classname="org.eclipse.jdt.core.tests.compiler.parser.InnerTypeCompletionTest" time="0"/>
  <testcase name="testAnonymousNoStatementBefore - 1.7" classname="org.eclipse.jdt.core.tests.compiler.parser.InnerTypeCompletionTest" time="0.001"/>
  <testcase name="testAnonymousOneFieldBefore - 1.7" classname="org.eclipse.jdt.core.tests.compiler.parser.InnerTypeCompletionTest" time="0"/>
  <testcase name="testAnonymousOneStatementBefore - 1.7" classname="org.eclipse.jdt.core.tests.compiler.parser.InnerTypeCompletionTest" time="0"/>
  <testcase name="testAnonymousSecondMethod - 1.7" classname="org.eclipse.jdt.core.tests.compiler.parser.InnerTypeCompletionTest" time="0"/>
  <testcase name="testLocalTypeFirstMethod - 1.7" classname="org.eclipse.jdt.core.tests.compiler.parser.InnerTypeCompletionTest" time="0.001"/>
  <testcase name="testLocalTypeNoStatementBefore - 1.7" classname="org.eclipse.jdt.core.tests.compiler.parser.InnerTypeCompletionTest" time="0"/>
  <testcase name="testLocalTypeOneFieldBefore - 1.7" classname="org.eclipse.jdt.core.tests.compiler.parser.InnerTypeCompletionTest" time="0"/>
  <testcase name="testLocalTypeOneStatementBefore - 1.7" classname="org.eclipse.jdt.core.tests.compiler.parser.InnerTypeCompletionTest" time="0"/>
  <testcase name="testLocalTypeSecondMethod - 1.7" classname="org.eclipse.jdt.core.tests.compiler.parser.InnerTypeCompletionTest" time="0"/>
  <testcase name="test020 - 1.7" classname="org.eclipse.jdt.core.tests.compiler.parser.JavadocCompletionParserTest" time="0.001"/>
  <testcase name="test020 - 1.7" classname="org.eclipse.jdt.core.tests.compiler.parser.ParserTest" time="0.001"/>
  <testcase name="test021 - 1.7" classname="org.eclipse.jdt.core.tests.compiler.parser.JavadocCompletionParserTest" time="0"/>
  <testcase name="test021 - 1.7" classname="org.eclipse.jdt.core.tests.compiler.parser.ParserTest" time="0.154"/>
  <testcase name="test022 - 1.7" classname="org.eclipse.jdt.core.tests.compiler.parser.JavadocCompletionParserTest" time="0"/>
  <testcase name="test022 - 1.7" classname="org.eclipse.jdt.core.tests.compiler.parser.ParserTest" time="0"/>
  <testcase name="test023 - 1.7" classname="org.eclipse.jdt.core.tests.compiler.parser.JavadocCompletionParserTest" time="0"/>
  <testcase name="test023 - 1.7" classname="org.eclipse.jdt.core.tests.compiler.parser.ParserTest" time="0.001"/>
  <testcase name="test024 - 1.7" classname="org.eclipse.jdt.core.tests.compiler.parser.JavadocCompletionParserTest" time="0"/>
  <testcase name="test024 - 1.7" classname="org.eclipse.jdt.core.tests.compiler.parser.ParserTest" time="0"/>
  <testcase name="test025 - 1.7" classname="org.eclipse.jdt.core.tests.compiler.parser.JavadocCompletionParserTest" time="0"/>
  <testcase name="test025 - 1.7" classname="org.eclipse.jdt.core.tests.compiler.parser.ParserTest" time="0.001"/>
  <testcase name="test026 - 1.7" classname="org.eclipse.jdt.core.tests.compiler.parser.JavadocCompletionParserTest" time="0"/>
  <testcase name="test026 - 1.7" classname="org.eclipse.jdt.core.tests.compiler.parser.ParserTest" time="0"/>
  <testcase name="test027 - 1.7" classname="org.eclipse.jdt.core.tests.compiler.parser.JavadocCompletionParserTest" time="0"/>
  <testcase name="test027 - 1.7" classname="org.eclipse.jdt.core.tests.compiler.parser.ParserTest" time="0.001"/>
  <testcase name="test028 - 1.7" classname="org.eclipse.jdt.core.tests.compiler.parser.JavadocCompletionParserTest" time="0"/>
  <testcase name="test029 - 1.7" classname="org.eclipse.jdt.core.tests.compiler.parser.JavadocCompletionParserTest" time="0"/>
  <testcase name="test030 - 1.7" classname="org.eclipse.jdt.core.tests.compiler.parser.JavadocCompletionParserTest" time="0.001"/>
  <testcase name="test031 - 1.7" classname="org.eclipse.jdt.core.tests.compiler.parser.JavadocCompletionParserTest" time="0"/>
  <testcase name="test032 - 1.7" classname="org.eclipse.jdt.core.tests.compiler.parser.JavadocCompletionParserTest" time="0"/>
  <testcase name="test1FTEO9L - 1.7" classname="org.eclipse.jdt.core.tests.compiler.parser.LabelStatementCompletionTest" time="0"/>
  <testcase name="testInCaseWithIdentifier - 1.7" classname="org.eclipse.jdt.core.tests.compiler.parser.LabelStatementCompletionTest" time="0"/>
  <testcase name="testInCaseWithNumberConstant - 1.7" classname="org.eclipse.jdt.core.tests.compiler.parser.LabelStatementCompletionTest" time="0.001"/>
  <testcase name="testInLabeledInnerClass - 1.7" classname="org.eclipse.jdt.core.tests.compiler.parser.LabelStatementCompletionTest" time="0"/>
  <testcase name="testInLabeledInnerClassWithErrorBefore - 1.7" classname="org.eclipse.jdt.core.tests.compiler.parser.LabelStatementCompletionTest" time="0"/>
  <testcase name="testOneLevelDeep - 1.7" classname="org.eclipse.jdt.core.tests.compiler.parser.LabelStatementCompletionTest" time="0"/>
  <testcase name="testSecondLabel - 1.7" classname="org.eclipse.jdt.core.tests.compiler.parser.LabelStatementCompletionTest" time="0.001"/>
  <testcase name="testTwoLevelDeep - 1.7" classname="org.eclipse.jdt.core.tests.compiler.parser.LabelStatementCompletionTest" time="0"/>
  <testcase name="test1FVVWS8_1 - 1.7" classname="org.eclipse.jdt.core.tests.compiler.parser.MethodInvocationCompletionTest" time="0.001"/>
  <testcase name="test1FVVWS8_2 - 1.7" classname="org.eclipse.jdt.core.tests.compiler.parser.MethodInvocationCompletionTest" time="0"/>
  <testcase name="test1FW2ZTB_1 - 1.7" classname="org.eclipse.jdt.core.tests.compiler.parser.MethodInvocationCompletionTest" time="0"/>
  <testcase name="test1FW2ZTB_2 - 1.7" classname="org.eclipse.jdt.core.tests.compiler.parser.MethodInvocationCompletionTest" time="0"/>
  <testcase name="test1FW35YZ_1 - 1.7" classname="org.eclipse.jdt.core.tests.compiler.parser.MethodInvocationCompletionTest" time="0.001"/>
  <testcase name="test1FW35YZ_2 - 1.7" classname="org.eclipse.jdt.core.tests.compiler.parser.MethodInvocationCompletionTest" time="0"/>
  <testcase name="test1FWYBKF - 1.7" classname="org.eclipse.jdt.core.tests.compiler.parser.MethodInvocationCompletionTest" time="0"/>
  <testcase name="test1GAJBUQ - 1.7" classname="org.eclipse.jdt.core.tests.compiler.parser.MethodInvocationCompletionTest" time="0.001"/>
  <testcase name="testAfterEmptyAnonymous - 1.7" classname="org.eclipse.jdt.core.tests.compiler.parser.MethodInvocationCompletionTest" time="0"/>
  <testcase name="testAfterFirstParameter - 1.7" classname="org.eclipse.jdt.core.tests.compiler.parser.MethodInvocationCompletionTest" time="0"/>
  <testcase name="testBeforeFirstParameter - 1.7" classname="org.eclipse.jdt.core.tests.compiler.parser.MethodInvocationCompletionTest" time="0"/>
  <testcase name="testBeforeLastParameter - 1.7" classname="org.eclipse.jdt.core.tests.compiler.parser.MethodInvocationCompletionTest" time="0"/>
  <testcase name="testBeforeSecondParameter - 1.7" classname="org.eclipse.jdt.core.tests.compiler.parser.MethodInvocationCompletionTest" time="0"/>
  <testcase name="testEmptyInFirstParameter - 1.7" classname="org.eclipse.jdt.core.tests.compiler.parser.MethodInvocationCompletionTest" time="0"/>
  <testcase name="testInFirstParameter - 1.7" classname="org.eclipse.jdt.core.tests.compiler.parser.MethodInvocationCompletionTest" time="0"/>
  <testcase name="testLabeledWithExpressionReceiver - 1.7" classname="org.eclipse.jdt.core.tests.compiler.parser.MethodInvocationCompletionTest" time="0.001"/>
  <testcase name="testLabeledWithoutReceiver - 1.7" classname="org.eclipse.jdt.core.tests.compiler.parser.MethodInvocationCompletionTest" time="0"/>
  <testcase name="testNoReceiver - 1.7" classname="org.eclipse.jdt.core.tests.compiler.parser.MethodInvocationCompletionTest" time="0"/>
  <testcase name="testSpaceThenFirstParameter - 1.7" classname="org.eclipse.jdt.core.tests.compiler.parser.MethodInvocationCompletionTest" time="0"/>
  <testcase name="testWithExpressionReceiver - 1.7" classname="org.eclipse.jdt.core.tests.compiler.parser.MethodInvocationCompletionTest" time="0.001"/>
  <testcase name="testWithNameReceiver - 1.7" classname="org.eclipse.jdt.core.tests.compiler.parser.MethodInvocationCompletionTest" time="0"/>
  <testcase name="testWithNameReceiverAfterConditionalExpression - 1.7" classname="org.eclipse.jdt.core.tests.compiler.parser.MethodInvocationCompletionTest" time="0"/>
  <testcase name="testWithNameReceiverAndTwoArgs - 1.7" classname="org.eclipse.jdt.core.tests.compiler.parser.MethodInvocationCompletionTest" time="0"/>
  <testcase name="testWithQualifiedNameReceiver - 1.7" classname="org.eclipse.jdt.core.tests.compiler.parser.MethodInvocationCompletionTest" time="0"/>
  <testcase name="test1FTZ849 - 1.7" classname="org.eclipse.jdt.core.tests.compiler.parser.NameReferenceCompletionTest" time="0"/>
  <testcase name="test1FUUP73 - 1.7" classname="org.eclipse.jdt.core.tests.compiler.parser.NameReferenceCompletionTest" time="0"/>
  <testcase name="test1FVRQQA_1 - 1.7" classname="org.eclipse.jdt.core.tests.compiler.parser.NameReferenceCompletionTest" time="0.001"/>
  <testcase name="test1FVRQQA_2 - 1.7" classname="org.eclipse.jdt.core.tests.compiler.parser.NameReferenceCompletionTest" time="0"/>
  <testcase name="test1FVT66Q_1 - 1.7" classname="org.eclipse.jdt.core.tests.compiler.parser.NameReferenceCompletionTest" time="0"/>
  <testcase name="test1FVT66Q_2 - 1.7" classname="org.eclipse.jdt.core.tests.compiler.parser.NameReferenceCompletionTest" time="0"/>
  <testcase name="test1G8DE30 - 1.7" classname="org.eclipse.jdt.core.tests.compiler.parser.NameReferenceCompletionTest" time="0"/>
  <testcase name="testEmptyNameReference - 1.7" classname="org.eclipse.jdt.core.tests.compiler.parser.NameReferenceCompletionTest" time="0"/>
  <testcase name="testEmptyNameReferenceAfterCast - 1.7" classname="org.eclipse.jdt.core.tests.compiler.parser.NameReferenceCompletionTest" time="0"/>
  <testcase name="testEmptyNameReferenceAfterPlus - 1.7" classname="org.eclipse.jdt.core.tests.compiler.parser.NameReferenceCompletionTest" time="0"/>
  <testcase name="testEmptyNameReferenceInArrayDim - 1.7" classname="org.eclipse.jdt.core.tests.compiler.parser.NameReferenceCompletionTest" time="0"/>
  <testcase name="testEmptyNameReferenceInInnerClass - 1.7" classname="org.eclipse.jdt.core.tests.compiler.parser.NameReferenceCompletionTest" time="0"/>
  <testcase name="testInIfThenStatement - 1.7" classname="org.eclipse.jdt.core.tests.compiler.parser.NameReferenceCompletionTest" time="0"/>
  <testcase name="testInnerClassFieldInitializer - 1.7" classname="org.eclipse.jdt.core.tests.compiler.parser.NameReferenceCompletionTest" time="0"/>
  <testcase name="testInvocationFieldInitializer - 1.7" classname="org.eclipse.jdt.core.tests.compiler.parser.NameReferenceCompletionTest" time="0"/>
  <testcase name="testMethodInvocationAnonymousInnerClass - 1.7" classname="org.eclipse.jdt.core.tests.compiler.parser.NameReferenceCompletionTest" time="0"/>
  <testcase name="testQualifiedNameReferenceShrinkAll - 1.7" classname="org.eclipse.jdt.core.tests.compiler.parser.NameReferenceCompletionTest" time="0"/>
  <testcase name="testQualifiedNameReferenceShrinkAllButOne - 1.7" classname="org.eclipse.jdt.core.tests.compiler.parser.NameReferenceCompletionTest" time="0"/>
  <testcase name="testQualifiedNameReferenceShrinkAllButOne2 - 1.7" classname="org.eclipse.jdt.core.tests.compiler.parser.NameReferenceCompletionTest" time="0"/>
  <testcase name="testQualifiedNameReferenceShrinkNone - 1.7" classname="org.eclipse.jdt.core.tests.compiler.parser.NameReferenceCompletionTest" time="0"/>
  <testcase name="testQualifiedNameReferenceShrinkNone2 - 1.7" classname="org.eclipse.jdt.core.tests.compiler.parser.NameReferenceCompletionTest" time="0"/>
  <testcase name="testQualifiedNameReferenceShrinkOne - 1.7" classname="org.eclipse.jdt.core.tests.compiler.parser.NameReferenceCompletionTest" time="0"/>
  <testcase name="testQualifiedNameReferenceShrinkOne2 - 1.7" classname="org.eclipse.jdt.core.tests.compiler.parser.NameReferenceCompletionTest" time="0.001"/>
  <testcase name="testUnicode - 1.7" classname="org.eclipse.jdt.core.tests.compiler.parser.NameReferenceCompletionTest" time="0"/>
  <testcase name="test1FTZCIG - 1.7" classname="org.eclipse.jdt.core.tests.compiler.parser.ReferenceTypeCompletionTest" time="0"/>
  <testcase name="testCatchClause1 - 1.7" classname="org.eclipse.jdt.core.tests.compiler.parser.ReferenceTypeCompletionTest" time="0"/>
  <testcase name="testCatchClause2 - 1.7" classname="org.eclipse.jdt.core.tests.compiler.parser.ReferenceTypeCompletionTest" time="0"/>
  <testcase name="testCatchClause3 - 1.7" classname="org.eclipse.jdt.core.tests.compiler.parser.ReferenceTypeCompletionTest" time="0"/>
  <testcase name="testClassBody - 1.7" classname="org.eclipse.jdt.core.tests.compiler.parser.ReferenceTypeCompletionTest" time="0.001"/>
  <testcase name="testClassBodyDeclarations - 1.7" classname="org.eclipse.jdt.core.tests.compiler.parser.ReferenceTypeCompletionTest" time="0"/>
  <testcase name="testClassInstanceCreationExpression1 - 1.7" classname="org.eclipse.jdt.core.tests.compiler.parser.ReferenceTypeCompletionTest" time="0.001"/>
  <testcase name="testClassInstanceCreationExpression2 - 1.7" classname="org.eclipse.jdt.core.tests.compiler.parser.ReferenceTypeCompletionTest" time="0"/>
  <testcase name="testClassInstanceCreationExpression3 - 1.7" classname="org.eclipse.jdt.core.tests.compiler.parser.ReferenceTypeCompletionTest" time="0"/>
  <testcase name="testClassInstanceCreationExpression4 - 1.7" classname="org.eclipse.jdt.core.tests.compiler.parser.ReferenceTypeCompletionTest" time="0"/>
  <testcase name="testClassInstanceCreationExpressionName1 - 1.7" classname="org.eclipse.jdt.core.tests.compiler.parser.ReferenceTypeCompletionTest" time="0"/>
  <testcase name="testClassInstanceCreationExpressionName2 - 1.7" classname="org.eclipse.jdt.core.tests.compiler.parser.ReferenceTypeCompletionTest" time="0"/>
  <testcase name="testClassInstanceCreationExpressionName3 - 1.7" classname="org.eclipse.jdt.core.tests.compiler.parser.ReferenceTypeCompletionTest" time="0"/>
  <testcase name="testClassInstanceCreationExpressionName4 - 1.7" classname="org.eclipse.jdt.core.tests.compiler.parser.ReferenceTypeCompletionTest" time="0"/>
  <testcase name="testClassInstanceCreationExpressionPrimary1 - 1.7" classname="org.eclipse.jdt.core.tests.compiler.parser.ReferenceTypeCompletionTest" time="0"/>
  <testcase name="testClassInstanceCreationExpressionPrimary2 - 1.7" classname="org.eclipse.jdt.core.tests.compiler.parser.ReferenceTypeCompletionTest" time="0.001"/>
  <testcase name="testClassInstanceCreationExpressionPrimary3 - 1.7" classname="org.eclipse.jdt.core.tests.compiler.parser.ReferenceTypeCompletionTest" time="0"/>
  <testcase name="testClassInstanceCreationExpressionPrimary4 - 1.7" classname="org.eclipse.jdt.core.tests.compiler.parser.ReferenceTypeCompletionTest" time="0"/>
  <testcase name="testClassTypeList - 1.7" classname="org.eclipse.jdt.core.tests.compiler.parser.ReferenceTypeCompletionTest" time="0"/>
  <testcase name="testConstructorDeclarator - 1.7" classname="org.eclipse.jdt.core.tests.compiler.parser.ReferenceTypeCompletionTest" time="0"/>
  <testcase name="testDeepReference - 1.7" classname="org.eclipse.jdt.core.tests.compiler.parser.ReferenceTypeCompletionTest" time="0"/>
  <testcase name="testExtendsClass - 1.7" classname="org.eclipse.jdt.core.tests.compiler.parser.ReferenceTypeCompletionTest" time="0"/>
  <testcase name="testExtendsInterface - 1.7" classname="org.eclipse.jdt.core.tests.compiler.parser.ReferenceTypeCompletionTest" time="0"/>
  <testcase name="testFieldDeclarationWithModifiers - 1.7" classname="org.eclipse.jdt.core.tests.compiler.parser.ReferenceTypeCompletionTest" time="0"/>
  <testcase name="testFieldDeclarationWithoutModifiers - 1.7" classname="org.eclipse.jdt.core.tests.compiler.parser.ReferenceTypeCompletionTest" time="0"/>
  <testcase name="testFormalParameter - 1.7" classname="org.eclipse.jdt.core.tests.compiler.parser.ReferenceTypeCompletionTest" time="0"/>
  <testcase name="testFormalParameterList - 1.7" classname="org.eclipse.jdt.core.tests.compiler.parser.ReferenceTypeCompletionTest" time="0"/>
  <testcase name="testImplements - 1.7" classname="org.eclipse.jdt.core.tests.compiler.parser.ReferenceTypeCompletionTest" time="0"/>
  <testcase name="testInstanceOf - 1.7" classname="org.eclipse.jdt.core.tests.compiler.parser.ReferenceTypeCompletionTest" time="0"/>
  <testcase name="testInterfaceBody - 1.7" classname="org.eclipse.jdt.core.tests.compiler.parser.ReferenceTypeCompletionTest" time="0"/>
  <testcase name="testInterfaceMemberDeclarations - 1.7" classname="org.eclipse.jdt.core.tests.compiler.parser.ReferenceTypeCompletionTest" time="0"/>
  <testcase name="testInterfaceTypeList - 1.7" classname="org.eclipse.jdt.core.tests.compiler.parser.ReferenceTypeCompletionTest" time="0.001"/>
  <testcase name="testLocalVariableDeclaration - 1.7" classname="org.eclipse.jdt.core.tests.compiler.parser.ReferenceTypeCompletionTest" time="0"/>
  <testcase name="testMethodDeclarator - 1.7" classname="org.eclipse.jdt.core.tests.compiler.parser.ReferenceTypeCompletionTest" time="0"/>
  <testcase name="testMethodHeaderWithModifiers - 1.7" classname="org.eclipse.jdt.core.tests.compiler.parser.ReferenceTypeCompletionTest" time="0"/>
  <testcase name="testMethodHeaderWithoutModifiers - 1.7" classname="org.eclipse.jdt.core.tests.compiler.parser.ReferenceTypeCompletionTest" time="0"/>
  <testcase name="testQualifiedTypeReferenceShrinkAll - 1.7" classname="org.eclipse.jdt.core.tests.compiler.parser.ReferenceTypeCompletionTest" time="0"/>
  <testcase name="testQualifiedTypeReferenceShrinkAllButOne - 1.7" classname="org.eclipse.jdt.core.tests.compiler.parser.ReferenceTypeCompletionTest" time="0"/>
  <testcase name="testQualifiedTypeReferenceShrinkNone - 1.7" classname="org.eclipse.jdt.core.tests.compiler.parser.ReferenceTypeCompletionTest" time="0"/>
  <testcase name="testQualifiedTypeReferenceShrinkOne - 1.7" classname="org.eclipse.jdt.core.tests.compiler.parser.ReferenceTypeCompletionTest" time="0"/>
  <testcase name="testThrows - 1.7" classname="org.eclipse.jdt.core.tests.compiler.parser.ReferenceTypeCompletionTest" time="0"/>
  <testcase name="testNameSuper - 1.7" classname="org.eclipse.jdt.core.tests.compiler.parser.ExplicitConstructorInvocationSelectionTest" time="0"/>
  <testcase name="testNameThis - 1.7" classname="org.eclipse.jdt.core.tests.compiler.parser.ExplicitConstructorInvocationSelectionTest" time="0"/>
  <testcase name="testBug30946 - 1.7" classname="org.eclipse.jdt.core.tests.compiler.parser.SelectionTest2" time="1.004"/>
  <testcase name="test100 - 1.7" classname="org.eclipse.jdt.core.tests.compiler.parser.DietRecoveryTest" time="0.003"/>
  <testcase name="test102 - 1.7" classname="org.eclipse.jdt.core.tests.compiler.parser.DietRecoveryTest" time="0.012"/>
  <testcase name="test103 - 1.7" classname="org.eclipse.jdt.core.tests.compiler.parser.DietRecoveryTest" time="0.003"/>
  <testcase name="test104 - 1.7" classname="org.eclipse.jdt.core.tests.compiler.parser.DietRecoveryTest" time="0.008"/>
  <testcase name="test105 - 1.7" classname="org.eclipse.jdt.core.tests.compiler.parser.DietRecoveryTest" time="0.002"/>
  <testcase name="test106 - 1.7" classname="org.eclipse.jdt.core.tests.compiler.parser.DietRecoveryTest" time="0.001"/>
  <testcase name="test107 - 1.7" classname="org.eclipse.jdt.core.tests.compiler.parser.DietRecoveryTest" time="0.002"/>
  <testcase name="test108 - 1.7" classname="org.eclipse.jdt.core.tests.compiler.parser.DietRecoveryTest" time="0.002"/>
  <testcase name="test109 - 1.7" classname="org.eclipse.jdt.core.tests.compiler.parser.DietRecoveryTest" time="0.002"/>
  <testcase name="test110 - 1.7" classname="org.eclipse.jdt.core.tests.compiler.parser.DietRecoveryTest" time="0.003"/>
  <testcase name="test111 - 1.7" classname="org.eclipse.jdt.core.tests.compiler.parser.DietRecoveryTest" time="0.001"/>
  <testcase name="test112 - 1.7" classname="org.eclipse.jdt.core.tests.compiler.parser.DietRecoveryTest" time="0.005"/>
  <testcase name="test113 - 1.7" classname="org.eclipse.jdt.core.tests.compiler.parser.DietRecoveryTest" time="0.002"/>
  <testcase name="test114 - 1.7" classname="org.eclipse.jdt.core.tests.compiler.parser.DietRecoveryTest" time="0.001"/>
  <testcase name="test115 - 1.7" classname="org.eclipse.jdt.core.tests.compiler.parser.DietRecoveryTest" time="0.001"/>
  <testcase name="test116 - 1.7" classname="org.eclipse.jdt.core.tests.compiler.parser.DietRecoveryTest" time="0.002"/>
  <testcase name="test117 - 1.7" classname="org.eclipse.jdt.core.tests.compiler.parser.DietRecoveryTest" time="0.002"/>
  <testcase name="test117_2 - 1.7" classname="org.eclipse.jdt.core.tests.compiler.parser.DietRecoveryTest" time="0.001"/>
  <testcase name="test118 - 1.7" classname="org.eclipse.jdt.core.tests.compiler.parser.DietRecoveryTest" time="0.002"/>
  <testcase name="test119 - 1.7" classname="org.eclipse.jdt.core.tests.compiler.parser.DietRecoveryTest" time="0.002"/>
  <testcase name="test120 - 1.7" classname="org.eclipse.jdt.core.tests.compiler.parser.DietRecoveryTest" time="0.001"/>
  <testcase name="test121 - 1.7" classname="org.eclipse.jdt.core.tests.compiler.parser.DietRecoveryTest" time="0.001"/>
  <testcase name="test122 - 1.7" classname="org.eclipse.jdt.core.tests.compiler.parser.DietRecoveryTest" time="0.002"/>
  <testcase name="test123 - 1.7" classname="org.eclipse.jdt.core.tests.compiler.parser.DietRecoveryTest" time="0.001"/>
  <testcase name="test125 - 1.7" classname="org.eclipse.jdt.core.tests.compiler.parser.DietRecoveryTest" time="2.868"/>
  <testcase name="test126 - 1.7" classname="org.eclipse.jdt.core.tests.compiler.parser.DietRecoveryTest" time="0.002"/>
  <testcase name="test127 - 1.7" classname="org.eclipse.jdt.core.tests.compiler.parser.DietRecoveryTest" time="0.001"/>
  <testcase name="test128 - 1.7" classname="org.eclipse.jdt.core.tests.compiler.parser.DietRecoveryTest" time="0.002"/>
  <testcase name="test405778 - 1.7" classname="org.eclipse.jdt.core.tests.compiler.parser.DietRecoveryTest" time="0.002"/>
  <testcase name="test405778a - 1.7" classname="org.eclipse.jdt.core.tests.compiler.parser.DietRecoveryTest" time="0.002"/>
  <testcase name="test456861 - 1.7" classname="org.eclipse.jdt.core.tests.compiler.parser.DietRecoveryTest" time="0.001"/>
  <testcase name="test56 - 1.7" classname="org.eclipse.jdt.core.tests.compiler.parser.DietRecoveryTest" time="0.003"/>
  <testcase name="test56 - 1.7" classname="org.eclipse.jdt.core.tests.compiler.parser.SourceElementParserTest" time="0"/>
  <testcase name="test57 - 1.7" classname="org.eclipse.jdt.core.tests.compiler.parser.DietRecoveryTest" time="0.003"/>
  <testcase name="test57 - 1.7" classname="org.eclipse.jdt.core.tests.compiler.parser.SourceElementParserTest" time="0.001"/>
  <testcase name="test58 - 1.7" classname="org.eclipse.jdt.core.tests.compiler.parser.DietRecoveryTest" time="0.001"/>
  <testcase name="test58 - 1.7" classname="org.eclipse.jdt.core.tests.compiler.parser.SourceElementParserTest" time="0"/>
  <testcase name="test59 - 1.7" classname="org.eclipse.jdt.core.tests.compiler.parser.DietRecoveryTest" time="0.001"/>
  <testcase name="test59 - 1.7" classname="org.eclipse.jdt.core.tests.compiler.parser.SourceElementParserTest" time="0.001"/>
  <testcase name="test60 - 1.7" classname="org.eclipse.jdt.core.tests.compiler.parser.DietRecoveryTest" time="0.002"/>
  <testcase name="test60 - 1.7" classname="org.eclipse.jdt.core.tests.compiler.parser.SourceElementParserTest" time="0"/>
  <testcase name="test61 - 1.7" classname="org.eclipse.jdt.core.tests.compiler.parser.DietRecoveryTest" time="0.001"/>
  <testcase name="test61 - 1.7" classname="org.eclipse.jdt.core.tests.compiler.parser.SourceElementParserTest" time="0.001"/>
  <testcase name="test62 - 1.7" classname="org.eclipse.jdt.core.tests.compiler.parser.DietRecoveryTest" time="0.002"/>
  <testcase name="test62 - 1.7" classname="org.eclipse.jdt.core.tests.compiler.parser.SourceElementParserTest" time="0"/>
  <testcase name="test63 - 1.7" classname="org.eclipse.jdt.core.tests.compiler.parser.DietRecoveryTest" time="0.001"/>
  <testcase name="test63 - 1.7" classname="org.eclipse.jdt.core.tests.compiler.parser.SourceElementParserTest" time="0"/>
  <testcase name="test64 - 1.7" classname="org.eclipse.jdt.core.tests.compiler.parser.DietRecoveryTest" time="0.003"/>
  <testcase name="test64 - 1.7" classname="org.eclipse.jdt.core.tests.compiler.parser.SourceElementParserTest" time="0"/>
  <testcase name="test65 - 1.7" classname="org.eclipse.jdt.core.tests.compiler.parser.DietRecoveryTest" time="0.004"/>
  <testcase name="test65 - 1.7" classname="org.eclipse.jdt.core.tests.compiler.parser.SourceElementParserTest" time="0.001"/>
  <testcase name="test66 - 1.7" classname="org.eclipse.jdt.core.tests.compiler.parser.DietRecoveryTest" time="0.001"/>
  <testcase name="test66 - 1.7" classname="org.eclipse.jdt.core.tests.compiler.parser.SourceElementParserTest" time="0"/>
  <testcase name="test67 - 1.7" classname="org.eclipse.jdt.core.tests.compiler.parser.DietRecoveryTest" time="0.002"/>
  <testcase name="test67 - 1.7" classname="org.eclipse.jdt.core.tests.compiler.parser.SourceElementParserTest" time="0.001"/>
  <testcase name="test68 - 1.7" classname="org.eclipse.jdt.core.tests.compiler.parser.DietRecoveryTest" time="0"/>
  <testcase name="test68 - 1.7" classname="org.eclipse.jdt.core.tests.compiler.parser.SourceElementParserTest" time="0"/>
  <testcase name="test69 - 1.7" classname="org.eclipse.jdt.core.tests.compiler.parser.DietRecoveryTest" time="0.003"/>
  <testcase name="test69 - 1.7" classname="org.eclipse.jdt.core.tests.compiler.parser.SourceElementParserTest" time="0"/>
  <testcase name="test70 - 1.7" classname="org.eclipse.jdt.core.tests.compiler.parser.DietRecoveryTest" time="0.002"/>
  <testcase name="test70 - 1.7" classname="org.eclipse.jdt.core.tests.compiler.parser.SourceElementParserTest" time="0"/>
  <testcase name="test71 - 1.7" classname="org.eclipse.jdt.core.tests.compiler.parser.DietRecoveryTest" time="0.001"/>
  <testcase name="test71 - 1.7" classname="org.eclipse.jdt.core.tests.compiler.parser.SourceElementParserTest" time="0.001"/>
  <testcase name="test72 - 1.7" classname="org.eclipse.jdt.core.tests.compiler.parser.DietRecoveryTest" time="0.001"/>
  <testcase name="test72 - 1.7" classname="org.eclipse.jdt.core.tests.compiler.parser.SourceElementParserTest" time="0"/>
  <testcase name="test73 - 1.7" classname="org.eclipse.jdt.core.tests.compiler.parser.DietRecoveryTest" time="0.002"/>
  <testcase name="test73 - 1.7" classname="org.eclipse.jdt.core.tests.compiler.parser.SourceElementParserTest" time="0"/>
  <testcase name="test74 - 1.7" classname="org.eclipse.jdt.core.tests.compiler.parser.DietRecoveryTest" time="0.001"/>
  <testcase name="test74 - 1.7" classname="org.eclipse.jdt.core.tests.compiler.parser.SourceElementParserTest" time="0.001"/>
  <testcase name="test75 - 1.7" classname="org.eclipse.jdt.core.tests.compiler.parser.DietRecoveryTest" time="0.006"/>
  <testcase name="test75 - 1.7" classname="org.eclipse.jdt.core.tests.compiler.parser.SourceElementParserTest" time="0.001"/>
  <testcase name="test76 - 1.7" classname="org.eclipse.jdt.core.tests.compiler.parser.DietRecoveryTest" time="0.002"/>
  <testcase name="test76 - 1.7" classname="org.eclipse.jdt.core.tests.compiler.parser.SourceElementParserTest" time="0"/>
  <testcase name="test77 - 1.7" classname="org.eclipse.jdt.core.tests.compiler.parser.DietRecoveryTest" time="0.003"/>
  <testcase name="test78 - 1.7" classname="org.eclipse.jdt.core.tests.compiler.parser.DietRecoveryTest" time="0.003"/>
  <testcase name="test79 - 1.7" classname="org.eclipse.jdt.core.tests.compiler.parser.DietRecoveryTest" time="0.003"/>
  <testcase name="test80 - 1.7" classname="org.eclipse.jdt.core.tests.compiler.parser.DietRecoveryTest" time="0.002"/>
  <testcase name="test81 - 1.7" classname="org.eclipse.jdt.core.tests.compiler.parser.DietRecoveryTest" time="0.002"/>
  <testcase name="test81 - 1.7" classname="org.eclipse.jdt.core.tests.compiler.parser.SourceElementParserTest" time="0.001"/>
  <testcase name="test82 - 1.7" classname="org.eclipse.jdt.core.tests.compiler.parser.DietRecoveryTest" time="0.002"/>
  <testcase name="test83 - 1.7" classname="org.eclipse.jdt.core.tests.compiler.parser.DietRecoveryTest" time="0.001"/>
  <testcase name="test84 - 1.7" classname="org.eclipse.jdt.core.tests.compiler.parser.DietRecoveryTest" time="0.001"/>
  <testcase name="test85 - 1.7" classname="org.eclipse.jdt.core.tests.compiler.parser.DietRecoveryTest" time="0.001"/>
  <testcase name="test86 - 1.7" classname="org.eclipse.jdt.core.tests.compiler.parser.DietRecoveryTest" time="0.001"/>
  <testcase name="test87 - 1.7" classname="org.eclipse.jdt.core.tests.compiler.parser.DietRecoveryTest" time="0.001"/>
  <testcase name="test88 - 1.7" classname="org.eclipse.jdt.core.tests.compiler.parser.DietRecoveryTest" time="0.002"/>
  <testcase name="test89 - 1.7" classname="org.eclipse.jdt.core.tests.compiler.parser.DietRecoveryTest" time="0.002"/>
  <testcase name="test90 - 1.7" classname="org.eclipse.jdt.core.tests.compiler.parser.DietRecoveryTest" time="0.004"/>
  <testcase name="test91 - 1.7" classname="org.eclipse.jdt.core.tests.compiler.parser.DietRecoveryTest" time="0.001"/>
  <testcase name="test92 - 1.7" classname="org.eclipse.jdt.core.tests.compiler.parser.DietRecoveryTest" time="0.001"/>
  <testcase name="test93 - 1.7" classname="org.eclipse.jdt.core.tests.compiler.parser.DietRecoveryTest" time="0.001"/>
  <testcase name="test94 - 1.7" classname="org.eclipse.jdt.core.tests.compiler.parser.DietRecoveryTest" time="0.004"/>
  <testcase name="test95 - 1.7" classname="org.eclipse.jdt.core.tests.compiler.parser.DietRecoveryTest" time="0.001"/>
  <testcase name="test96 - 1.7" classname="org.eclipse.jdt.core.tests.compiler.parser.DietRecoveryTest" time="0.001"/>
  <testcase name="test97 - 1.7" classname="org.eclipse.jdt.core.tests.compiler.parser.DietRecoveryTest" time="0.001"/>
  <testcase name="test98 - 1.7" classname="org.eclipse.jdt.core.tests.compiler.parser.DietRecoveryTest" time="0.002"/>
  <testcase name="test99 - 1.7" classname="org.eclipse.jdt.core.tests.compiler.parser.DietRecoveryTest" time="0.019"/>
  <testcase name="test0021 - 1.7" classname="org.eclipse.jdt.core.tests.compiler.parser.StatementRecoveryTest" time="0"/>
  <testcase name="test0021 - 1.7" classname="org.eclipse.jdt.core.tests.compiler.parser.ComplianceDiagnoseTest" time="0.001"/>
  <testcase name="test0021 - 1.7" classname="org.eclipse.jdt.core.tests.compiler.parser.GenericsCompletionParserTest" time="0"/>
  <testcase name="test0021 - 1.7" classname="org.eclipse.jdt.core.tests.compiler.parser.AnnotationCompletionParserTest" time="0"/>
  <testcase name="test0021 - 1.7" classname="org.eclipse.jdt.core.tests.compiler.parser.GenericsSelectionTest" time="0"/>
  <testcase name="test0021 - 1.7" classname="org.eclipse.jdt.core.tests.compiler.parser.GenericDietRecoveryTest" time="0.003"/>
  <testcase name="test0021 - 1.7" classname="org.eclipse.jdt.core.tests.compiler.parser.AnnotationDietRecoveryTest" time="0.003"/>
  <testcase name="test0023 - 1.7" classname="org.eclipse.jdt.core.tests.compiler.parser.StatementRecoveryTest" time="0.001"/>
  <testcase name="test0023 - 1.7" classname="org.eclipse.jdt.core.tests.compiler.parser.ComplianceDiagnoseTest" time="0"/>
  <testcase name="test0023 - 1.7" classname="org.eclipse.jdt.core.tests.compiler.parser.GenericsCompletionParserTest" time="0"/>
  <testcase name="test0023 - 1.7" classname="org.eclipse.jdt.core.tests.compiler.parser.AnnotationCompletionParserTest" time="0"/>
  <testcase name="test0023 - 1.7" classname="org.eclipse.jdt.core.tests.compiler.parser.GenericsSelectionTest" time="0.001"/>
  <testcase name="test0023 - 1.7" classname="org.eclipse.jdt.core.tests.compiler.parser.GenericDietRecoveryTest" time="0.002"/>
  <testcase name="test0023 - 1.7" classname="org.eclipse.jdt.core.tests.compiler.parser.AnnotationDietRecoveryTest" time="0.003"/>
  <testcase name="test0024 - 1.7" classname="org.eclipse.jdt.core.tests.compiler.parser.StatementRecoveryTest" time="0.001"/>
  <testcase name="test0024 - 1.7" classname="org.eclipse.jdt.core.tests.compiler.parser.GenericsCompletionParserTest" time="0"/>
  <testcase name="test0024 - 1.7" classname="org.eclipse.jdt.core.tests.compiler.parser.GenericsSelectionTest" time="0"/>
  <testcase name="test0024 - 1.7" classname="org.eclipse.jdt.core.tests.compiler.parser.GenericDietRecoveryTest" time="0.002"/>
  <testcase name="test0024 - 1.7" classname="org.eclipse.jdt.core.tests.compiler.parser.AnnotationDietRecoveryTest" time="0.003"/>
  <testcase name="test0026 - 1.7" classname="org.eclipse.jdt.core.tests.compiler.parser.StatementRecoveryTest" time="0.001"/>
  <testcase name="test0026 - 1.7" classname="org.eclipse.jdt.core.tests.compiler.parser.ComplianceDiagnoseTest" time="0.001"/>
  <testcase name="test0026 - 1.7" classname="org.eclipse.jdt.core.tests.compiler.parser.GenericsCompletionParserTest" time="0"/>
  <testcase name="test0026 - 1.7" classname="org.eclipse.jdt.core.tests.compiler.parser.AnnotationCompletionParserTest" time="0"/>
  <testcase name="test0026 - 1.7" classname="org.eclipse.jdt.core.tests.compiler.parser.GenericDietRecoveryTest" time="0.002"/>
  <testcase name="test0026 - 1.7" classname="org.eclipse.jdt.core.tests.compiler.parser.AnnotationDietRecoveryTest" time="0.002"/>
  <testcase name="test0027 - 1.7" classname="org.eclipse.jdt.core.tests.compiler.parser.StatementRecoveryTest" time="0.001"/>
  <testcase name="test0027 - 1.7" classname="org.eclipse.jdt.core.tests.compiler.parser.ComplianceDiagnoseTest" time="0.001"/>
  <testcase name="test0027 - 1.7" classname="org.eclipse.jdt.core.tests.compiler.parser.GenericsCompletionParserTest" time="0.001"/>
  <testcase name="test0027 - 1.7" classname="org.eclipse.jdt.core.tests.compiler.parser.AnnotationCompletionParserTest" time="0"/>
  <testcase name="test0027 - 1.7" classname="org.eclipse.jdt.core.tests.compiler.parser.AnnotationDietRecoveryTest" time="0.001"/>
  <testcase name="test0038 - 1.7" classname="org.eclipse.jdt.core.tests.compiler.parser.StatementRecoveryTest" time="0.002"/>
  <testcase name="test0038 - 1.7" classname="org.eclipse.jdt.core.tests.compiler.parser.ComplianceDiagnoseTest" time="0.001"/>
  <testcase name="test0038 - 1.7" classname="org.eclipse.jdt.core.tests.compiler.parser.AnnotationCompletionParserTest" time="0"/>
  <testcase name="test0038 - 1.7" classname="org.eclipse.jdt.core.tests.compiler.parser.AnnotationDietRecoveryTest" time="0.002"/>
  <testcase name="test0039 - 1.7" classname="org.eclipse.jdt.core.tests.compiler.parser.StatementRecoveryTest" time="0.001"/>
  <testcase name="test0039 - 1.7" classname="org.eclipse.jdt.core.tests.compiler.parser.ComplianceDiagnoseTest" time="0.001"/>
  <testcase name="test0039 - 1.7" classname="org.eclipse.jdt.core.tests.compiler.parser.AnnotationCompletionParserTest" time="0"/>
  <testcase name="test0039 - 1.7" classname="org.eclipse.jdt.core.tests.compiler.parser.AnnotationDietRecoveryTest" time="0.001"/>
  <testcase name="test0041 - 1.7" classname="org.eclipse.jdt.core.tests.compiler.parser.StatementRecoveryTest" time="0.003"/>
  <testcase name="test0041 - 1.7" classname="org.eclipse.jdt.core.tests.compiler.parser.ComplianceDiagnoseTest" time="0"/>
  <testcase name="test0041 - 1.7" classname="org.eclipse.jdt.core.tests.compiler.parser.AnnotationDietRecoveryTest" time="0.001"/>
  <testcase name="test0042 - 1.7" classname="org.eclipse.jdt.core.tests.compiler.parser.StatementRecoveryTest" time="0.001"/>
  <testcase name="test0042 - 1.7" classname="org.eclipse.jdt.core.tests.compiler.parser.ComplianceDiagnoseTest" time="0.003"/>
  <testcase name="test0042 - 1.7" classname="org.eclipse.jdt.core.tests.compiler.parser.AnnotationCompletionParserTest" time="0"/>
  <testcase name="test0044 - 1.7" classname="org.eclipse.jdt.core.tests.compiler.parser.StatementRecoveryTest" time="0.001"/>
  <testcase name="test0044 - 1.7" classname="org.eclipse.jdt.core.tests.compiler.parser.ComplianceDiagnoseTest" time="0.001"/>
  <testcase name="test0044 - 1.7" classname="org.eclipse.jdt.core.tests.compiler.parser.AnnotationCompletionParserTest" time="0"/>
  <testcase name="test0045 - 1.7" classname="org.eclipse.jdt.core.tests.compiler.parser.StatementRecoveryTest" time="0.002"/>
  <testcase name="test0045 - 1.7" classname="org.eclipse.jdt.core.tests.compiler.parser.ComplianceDiagnoseTest" time="0"/>
  <testcase name="test0045 - 1.7" classname="org.eclipse.jdt.core.tests.compiler.parser.AnnotationCompletionParserTest" time="0"/>
  <testcase name="testBug430336 - 1.7" classname="org.eclipse.jdt.core.tests.compiler.parser.StatementRecoveryTest" time="0.002"/>
  <testcase name="testBug99662 - 1.7" classname="org.eclipse.jdt.core.tests.compiler.parser.SourceElementParserTest" time="0"/>
  <testcase name="test018 - 1.7" classname="org.eclipse.jdt.core.tests.compiler.parser.ParserTest" time="0"/>
  <testcase name="test019 - 1.7" classname="org.eclipse.jdt.core.tests.compiler.parser.ParserTest" time="0.001"/>
  <testcase name="testBug485477 - 1.7" classname="org.eclipse.jdt.core.tests.compiler.parser.ParserTest" time="0.001"/>
  <testcase name="test0056 - 1.7" classname="org.eclipse.jdt.core.tests.compiler.parser.ComplianceDiagnoseTest" time="0.002"/>
  <testcase name="test0056 - 1.7" classname="org.eclipse.jdt.core.tests.compiler.parser.AnnotationCompletionParserTest" time="0"/>
  <testcase name="test0057 - 1.7" classname="org.eclipse.jdt.core.tests.compiler.parser.ComplianceDiagnoseTest" time="0.001"/>
  <testcase name="test0057 - 1.7" classname="org.eclipse.jdt.core.tests.compiler.parser.AnnotationCompletionParserTest" time="0"/>
  <testcase name="test0059 - 1.7" classname="org.eclipse.jdt.core.tests.compiler.parser.ComplianceDiagnoseTest" time="0.001"/>
  <testcase name="test0059 - 1.7" classname="org.eclipse.jdt.core.tests.compiler.parser.GenericsCompletionParserTest" time="0"/>
  <testcase name="test401850 - 1.7" classname="org.eclipse.jdt.core.tests.compiler.parser.ComplianceDiagnoseTest" time="0.004"/>
  <testcase name="test406846 - 1.7" classname="org.eclipse.jdt.core.tests.compiler.parser.ComplianceDiagnoseTest" time="0.003"/>
  <testcase name="test421477 - 1.7" classname="org.eclipse.jdt.core.tests.compiler.parser.ComplianceDiagnoseTest" time="0.001"/>
  <testcase name="test428605 - 1.7" classname="org.eclipse.jdt.core.tests.compiler.parser.ComplianceDiagnoseTest" time="0"/>
  <testcase name="test429110 - 1.7" classname="org.eclipse.jdt.core.tests.compiler.parser.ComplianceDiagnoseTest" time="0.004"/>
  <testcase name="testBug391201 - 1.7" classname="org.eclipse.jdt.core.tests.compiler.parser.ComplianceDiagnoseTest" time="0.004"/>
  <testcase name="testBug399773 - 1.7" classname="org.eclipse.jdt.core.tests.compiler.parser.ComplianceDiagnoseTest" time="0.001"/>
  <testcase name="testBug399778 - 1.7" classname="org.eclipse.jdt.core.tests.compiler.parser.ComplianceDiagnoseTest" time="0.001"/>
  <testcase name="testBug399778a - 1.7" classname="org.eclipse.jdt.core.tests.compiler.parser.ComplianceDiagnoseTest" time="0.004"/>
  <testcase name="testBug399780 - 1.7" classname="org.eclipse.jdt.core.tests.compiler.parser.ComplianceDiagnoseTest" time="0.001"/>
  <testcase name="testBug399781 - 1.7" classname="org.eclipse.jdt.core.tests.compiler.parser.ComplianceDiagnoseTest" time="0.003"/>
  <testcase name="testBug440285 - 1.7" classname="org.eclipse.jdt.core.tests.compiler.parser.ComplianceDiagnoseTest" time="0"/>
  <testcase name="testBug531714_001 - 1.7" classname="org.eclipse.jdt.core.tests.compiler.parser.ComplianceDiagnoseTest" time="0.001"/>
  <testcase name="testBug531714_002 - 1.7" classname="org.eclipse.jdt.core.tests.compiler.parser.ComplianceDiagnoseTest" time="0.001"/>
  <testcase name="test0049_Diet - 1.7" classname="org.eclipse.jdt.core.tests.compiler.parser.GenericsCompletionParserTest" time="0"/>
  <testcase name="test0049_Method - 1.7" classname="org.eclipse.jdt.core.tests.compiler.parser.GenericsCompletionParserTest" time="0"/>
  <testcase name="test0052_Diet - 1.7" classname="org.eclipse.jdt.core.tests.compiler.parser.GenericsCompletionParserTest" time="0"/>
  <testcase name="test0052_Diet - 1.7" classname="org.eclipse.jdt.core.tests.compiler.parser.AnnotationCompletionParserTest" time="0.001"/>
  <testcase name="test0052_Method - 1.7" classname="org.eclipse.jdt.core.tests.compiler.parser.GenericsCompletionParserTest" time="0.001"/>
  <testcase name="test0052_Method - 1.7" classname="org.eclipse.jdt.core.tests.compiler.parser.AnnotationCompletionParserTest" time="0"/>
  <testcase name="test0080 - 1.7" classname="org.eclipse.jdt.core.tests.compiler.parser.GenericsCompletionParserTest" time="0"/>
  <testcase name="test0080 - 1.7" classname="org.eclipse.jdt.core.tests.compiler.parser.AnnotationCompletionParserTest" time="0"/>
  <testcase name="test0081 - 1.7" classname="org.eclipse.jdt.core.tests.compiler.parser.GenericsCompletionParserTest" time="0"/>
  <testcase name="test0081 - 1.7" classname="org.eclipse.jdt.core.tests.compiler.parser.AnnotationCompletionParserTest" time="0"/>
  <testcase name="test0082 - 1.7" classname="org.eclipse.jdt.core.tests.compiler.parser.GenericsCompletionParserTest" time="0"/>
  <testcase name="test0082 - 1.7" classname="org.eclipse.jdt.core.tests.compiler.parser.AnnotationCompletionParserTest" time="0"/>
  <testcase name="test0090 - 1.7" classname="org.eclipse.jdt.core.tests.compiler.parser.GenericsCompletionParserTest" time="0"/>
  <testcase name="test0090 - 1.7" classname="org.eclipse.jdt.core.tests.compiler.parser.AnnotationCompletionParserTest" time="0"/>
  <testcase name="test0092 - 1.7" classname="org.eclipse.jdt.core.tests.compiler.parser.GenericsCompletionParserTest" time="0"/>
  <testcase name="test0092 - 1.7" classname="org.eclipse.jdt.core.tests.compiler.parser.AnnotationCompletionParserTest" time="0"/>
  <testcase name="test0093 - 1.7" classname="org.eclipse.jdt.core.tests.compiler.parser.GenericsCompletionParserTest" time="0"/>
  <testcase name="test0093 - 1.7" classname="org.eclipse.jdt.core.tests.compiler.parser.AnnotationCompletionParserTest" time="0"/>
  <testcase name="test0095 - 1.7" classname="org.eclipse.jdt.core.tests.compiler.parser.GenericsCompletionParserTest" time="0"/>
  <testcase name="test0095 - 1.7" classname="org.eclipse.jdt.core.tests.compiler.parser.AnnotationCompletionParserTest" time="0.001"/>
  <testcase name="test0096 - 1.7" classname="org.eclipse.jdt.core.tests.compiler.parser.GenericsCompletionParserTest" time="0.001"/>
  <testcase name="test0096 - 1.7" classname="org.eclipse.jdt.core.tests.compiler.parser.AnnotationCompletionParserTest" time="0"/>
  <testcase name="test0097 - 1.7" classname="org.eclipse.jdt.core.tests.compiler.parser.GenericsCompletionParserTest" time="0"/>
  <testcase name="test0097 - 1.7" classname="org.eclipse.jdt.core.tests.compiler.parser.AnnotationCompletionParserTest" time="0"/>
  <testcase name="test0098 - 1.7" classname="org.eclipse.jdt.core.tests.compiler.parser.GenericsCompletionParserTest" time="0"/>
  <testcase name="test0098 - 1.7" classname="org.eclipse.jdt.core.tests.compiler.parser.AnnotationCompletionParserTest" time="0"/>
  <testcase name="test0127_Diet - 1.7" classname="org.eclipse.jdt.core.tests.compiler.parser.GenericsCompletionParserTest" time="0"/>
  <testcase name="test0127_Method - 1.7" classname="org.eclipse.jdt.core.tests.compiler.parser.GenericsCompletionParserTest" time="0"/>
  <testcase name="test0134_Diet - 1.7" classname="org.eclipse.jdt.core.tests.compiler.parser.GenericsCompletionParserTest" time="0"/>
  <testcase name="test0134_Method - 1.7" classname="org.eclipse.jdt.core.tests.compiler.parser.GenericsCompletionParserTest" time="0"/>
  <testcase name="test0136_Diet - 1.7" classname="org.eclipse.jdt.core.tests.compiler.parser.GenericsCompletionParserTest" time="0"/>
  <testcase name="test0136_Method - 1.7" classname="org.eclipse.jdt.core.tests.compiler.parser.GenericsCompletionParserTest" time="0"/>
  <testcase name="test0139_Diet - 1.7" classname="org.eclipse.jdt.core.tests.compiler.parser.GenericsCompletionParserTest" time="0"/>
  <testcase name="test0139_Method - 1.7" classname="org.eclipse.jdt.core.tests.compiler.parser.GenericsCompletionParserTest" time="0"/>
  <testcase name="test0140_Diet - 1.7" classname="org.eclipse.jdt.core.tests.compiler.parser.GenericsCompletionParserTest" time="0"/>
  <testcase name="test0140_Method - 1.7" classname="org.eclipse.jdt.core.tests.compiler.parser.GenericsCompletionParserTest" time="0.001"/>
  <testcase name="test0141_Diet - 1.7" classname="org.eclipse.jdt.core.tests.compiler.parser.GenericsCompletionParserTest" time="0"/>
  <testcase name="test0141_Method - 1.7" classname="org.eclipse.jdt.core.tests.compiler.parser.GenericsCompletionParserTest" time="0"/>
  <testcase name="test0159_Diet - 1.7" classname="org.eclipse.jdt.core.tests.compiler.parser.GenericsCompletionParserTest" time="0"/>
  <testcase name="test0159_Method - 1.7" classname="org.eclipse.jdt.core.tests.compiler.parser.GenericsCompletionParserTest" time="0"/>
  <testcase name="test0160_Diet - 1.7" classname="org.eclipse.jdt.core.tests.compiler.parser.GenericsCompletionParserTest" time="0"/>
  <testcase name="test0160_Method - 1.7" classname="org.eclipse.jdt.core.tests.compiler.parser.GenericsCompletionParserTest" time="0"/>
  <testcase name="test0172_Diet - 1.7" classname="org.eclipse.jdt.core.tests.compiler.parser.GenericsCompletionParserTest" time="0"/>
  <testcase name="test0172_Method - 1.7" classname="org.eclipse.jdt.core.tests.compiler.parser.GenericsCompletionParserTest" time="0"/>
  <testcase name="test0174_Method - 1.7" classname="org.eclipse.jdt.core.tests.compiler.parser.GenericsCompletionParserTest" time="0"/>
  <testcase name="test0175_Method - 1.7" classname="org.eclipse.jdt.core.tests.compiler.parser.GenericsCompletionParserTest" time="0"/>
  <testcase name="test0176_Method - 1.7" classname="org.eclipse.jdt.core.tests.compiler.parser.GenericsCompletionParserTest" time="0"/>
  <testcase name="test0181 - 1.7" classname="org.eclipse.jdt.core.tests.compiler.parser.GenericsCompletionParserTest" time="0"/>
  <testcase name="test0182 - 1.7" classname="org.eclipse.jdt.core.tests.compiler.parser.GenericsCompletionParserTest" time="0"/>
  <testcase name="test0183 - 1.7" classname="org.eclipse.jdt.core.tests.compiler.parser.GenericsCompletionParserTest" time="0"/>
  <testcase name="test0185 - 1.7" classname="org.eclipse.jdt.core.tests.compiler.parser.GenericsCompletionParserTest" time="0"/>
  <testcase name="test0186 - 1.7" classname="org.eclipse.jdt.core.tests.compiler.parser.GenericsCompletionParserTest" time="0"/>
  <testcase name="test0194_Diet - 1.7" classname="org.eclipse.jdt.core.tests.compiler.parser.GenericsCompletionParserTest" time="0"/>
  <testcase name="test0194_Method - 1.7" classname="org.eclipse.jdt.core.tests.compiler.parser.GenericsCompletionParserTest" time="0.001"/>
  <testcase name="test0195_Diet - 1.7" classname="org.eclipse.jdt.core.tests.compiler.parser.GenericsCompletionParserTest" time="0"/>
  <testcase name="test0195_Method - 1.7" classname="org.eclipse.jdt.core.tests.compiler.parser.GenericsCompletionParserTest" time="0"/>
  <testcase name="test0202_Diet - 1.7" classname="org.eclipse.jdt.core.tests.compiler.parser.GenericsCompletionParserTest" time="0"/>
  <testcase name="test0202_Method - 1.7" classname="org.eclipse.jdt.core.tests.compiler.parser.GenericsCompletionParserTest" time="0"/>
  <testcase name="test0203_Diet - 1.7" classname="org.eclipse.jdt.core.tests.compiler.parser.GenericsCompletionParserTest" time="0.001"/>
  <testcase name="test0203_Method - 1.7" classname="org.eclipse.jdt.core.tests.compiler.parser.GenericsCompletionParserTest" time="0"/>
  <testcase name="test0204_Diet - 1.7" classname="org.eclipse.jdt.core.tests.compiler.parser.GenericsCompletionParserTest" time="0"/>
  <testcase name="test0204_Method - 1.7" classname="org.eclipse.jdt.core.tests.compiler.parser.GenericsCompletionParserTest" time="0.001"/>
  <testcase name="test0206_Diet - 1.7" classname="org.eclipse.jdt.core.tests.compiler.parser.GenericsCompletionParserTest" time="0"/>
  <testcase name="test0206_Method - 1.7" classname="org.eclipse.jdt.core.tests.compiler.parser.GenericsCompletionParserTest" time="0"/>
  <testcase name="test0207_Diet - 1.7" classname="org.eclipse.jdt.core.tests.compiler.parser.GenericsCompletionParserTest" time="0.001"/>
  <testcase name="test0207_Method - 1.7" classname="org.eclipse.jdt.core.tests.compiler.parser.GenericsCompletionParserTest" time="0"/>
  <testcase name="test0208_Diet - 1.7" classname="org.eclipse.jdt.core.tests.compiler.parser.GenericsCompletionParserTest" time="0"/>
  <testcase name="test0208_Method - 1.7" classname="org.eclipse.jdt.core.tests.compiler.parser.GenericsCompletionParserTest" time="0"/>
  <testcase name="test0209_Diet - 1.7" classname="org.eclipse.jdt.core.tests.compiler.parser.GenericsCompletionParserTest" time="0.001"/>
  <testcase name="test0209_Method - 1.7" classname="org.eclipse.jdt.core.tests.compiler.parser.GenericsCompletionParserTest" time="0"/>
  <testcase name="test0210_Diet - 1.7" classname="org.eclipse.jdt.core.tests.compiler.parser.GenericsCompletionParserTest" time="0"/>
  <testcase name="test0210_Method - 1.7" classname="org.eclipse.jdt.core.tests.compiler.parser.GenericsCompletionParserTest" time="0"/>
  <testcase name="test0213_Diet - 1.7" classname="org.eclipse.jdt.core.tests.compiler.parser.GenericsCompletionParserTest" time="0"/>
  <testcase name="test0213_Method - 1.7" classname="org.eclipse.jdt.core.tests.compiler.parser.GenericsCompletionParserTest" time="0"/>
  <testcase name="test0215_Diet - 1.7" classname="org.eclipse.jdt.core.tests.compiler.parser.GenericsCompletionParserTest" time="0"/>
  <testcase name="test0215_Method - 1.7" classname="org.eclipse.jdt.core.tests.compiler.parser.GenericsCompletionParserTest" time="0"/>
  <testcase name="testBug351426 - 1.7" classname="org.eclipse.jdt.core.tests.compiler.parser.GenericsCompletionParserTest" time="0"/>
  <testcase name="testBug351426b - 1.7" classname="org.eclipse.jdt.core.tests.compiler.parser.GenericsCompletionParserTest" time="0.001"/>
  <testcase name="testBug351426c - 1.7" classname="org.eclipse.jdt.core.tests.compiler.parser.GenericsCompletionParserTest" time="0"/>
  <testcase name="test0013_Diet - 1.7" classname="org.eclipse.jdt.core.tests.compiler.parser.AnnotationCompletionParserTest" time="0"/>
  <testcase name="test0013_Method - 1.7" classname="org.eclipse.jdt.core.tests.compiler.parser.AnnotationCompletionParserTest" time="0"/>
  <testcase name="test0064_Diet - 1.7" classname="org.eclipse.jdt.core.tests.compiler.parser.AnnotationCompletionParserTest" time="0"/>
  <testcase name="test0064_Method - 1.7" classname="org.eclipse.jdt.core.tests.compiler.parser.AnnotationCompletionParserTest" time="0"/>
  <testcase name="test0099 - 1.7" classname="org.eclipse.jdt.core.tests.compiler.parser.AnnotationCompletionParserTest" time="0"/>
  <testcase name="test0100 - 1.7" classname="org.eclipse.jdt.core.tests.compiler.parser.AnnotationCompletionParserTest" time="0"/>
  <testcase name="testInIfStatement - 1.8" classname="org.eclipse.jdt.core.tests.compiler.parser.AllocationExpressionCompletionTest" time="0"/>
  <testcase name="testInIfStatement - 1.8" classname="org.eclipse.jdt.core.tests.compiler.parser.MethodInvocationCompletionTest" time="0"/>
  <testcase name="testNoQualificationQualifiedTypeName - 1.8" classname="org.eclipse.jdt.core.tests.compiler.parser.AllocationExpressionCompletionTest" time="0.001"/>
  <testcase name="testNoQualificationSimpleTypeName - 1.8" classname="org.eclipse.jdt.core.tests.compiler.parser.AllocationExpressionCompletionTest" time="0"/>
  <testcase name="testQualifiedWithName - 1.8" classname="org.eclipse.jdt.core.tests.compiler.parser.AllocationExpressionCompletionTest" time="0"/>
  <testcase name="testQualifiedWithPrimary - 1.8" classname="org.eclipse.jdt.core.tests.compiler.parser.AllocationExpressionCompletionTest" time="0"/>
  <testcase name="testArrayType - 1.8" classname="org.eclipse.jdt.core.tests.compiler.parser.ClassLiteralAccessCompletionTest" time="0.001"/>
  <testcase name="testArrayTypeWithNonEmptyIdentifier - 1.8" classname="org.eclipse.jdt.core.tests.compiler.parser.ClassLiteralAccessCompletionTest" time="0"/>
  <testcase name="testPrimitiveArrayType - 1.8" classname="org.eclipse.jdt.core.tests.compiler.parser.ClassLiteralAccessCompletionTest" time="0"/>
  <testcase name="testPrimitiveArrayTypeWithNonEmptyIdentifier - 1.8" classname="org.eclipse.jdt.core.tests.compiler.parser.ClassLiteralAccessCompletionTest" time="0"/>
  <testcase name="testPrimitiveType - 1.8" classname="org.eclipse.jdt.core.tests.compiler.parser.ClassLiteralAccessCompletionTest" time="0"/>
  <testcase name="testPrimitiveTypeWithNonEmptyIdentifier - 1.8" classname="org.eclipse.jdt.core.tests.compiler.parser.ClassLiteralAccessCompletionTest" time="0"/>
  <testcase name="test001 - 1.8" classname="org.eclipse.jdt.core.tests.compiler.parser.CompletionParserTest" time="0.001"/>
  <testcase name="test001 - 1.8" classname="org.eclipse.jdt.core.tests.compiler.parser.JavadocCompletionParserTest" time="0"/>
  <testcase name="test001 - 1.8" classname="org.eclipse.jdt.core.tests.compiler.parser.ParserTest" time="0.001"/>
  <testcase name="test002 - 1.8" classname="org.eclipse.jdt.core.tests.compiler.parser.CompletionParserTest" time="0"/>
  <testcase name="test002 - 1.8" classname="org.eclipse.jdt.core.tests.compiler.parser.JavadocCompletionParserTest" time="0"/>
  <testcase name="test002 - 1.8" classname="org.eclipse.jdt.core.tests.compiler.parser.ParserTest" time="0"/>
  <testcase name="test003 - 1.8" classname="org.eclipse.jdt.core.tests.compiler.parser.CompletionParserTest" time="0"/>
  <testcase name="test003 - 1.8" classname="org.eclipse.jdt.core.tests.compiler.parser.JavadocCompletionParserTest" time="0.001"/>
  <testcase name="test003 - 1.8" classname="org.eclipse.jdt.core.tests.compiler.parser.ParserTest" time="0.001"/>
  <testcase name="test004 - 1.8" classname="org.eclipse.jdt.core.tests.compiler.parser.CompletionParserTest" time="0.001"/>
  <testcase name="test004 - 1.8" classname="org.eclipse.jdt.core.tests.compiler.parser.JavadocCompletionParserTest" time="0"/>
  <testcase name="test004 - 1.8" classname="org.eclipse.jdt.core.tests.compiler.parser.ParserTest" time="0"/>
  <testcase name="test005 - 1.8" classname="org.eclipse.jdt.core.tests.compiler.parser.CompletionParserTest" time="0"/>
  <testcase name="test005 - 1.8" classname="org.eclipse.jdt.core.tests.compiler.parser.JavadocCompletionParserTest" time="0"/>
  <testcase name="test005 - 1.8" classname="org.eclipse.jdt.core.tests.compiler.parser.ParserTest" time="0.001"/>
  <testcase name="test006 - 1.8" classname="org.eclipse.jdt.core.tests.compiler.parser.CompletionParserTest" time="0"/>
  <testcase name="test006 - 1.8" classname="org.eclipse.jdt.core.tests.compiler.parser.JavadocCompletionParserTest" time="0"/>
  <testcase name="test006 - 1.8" classname="org.eclipse.jdt.core.tests.compiler.parser.ParserTest" time="0"/>
  <testcase name="test007 - 1.8" classname="org.eclipse.jdt.core.tests.compiler.parser.CompletionParserTest" time="0.023"/>
  <testcase name="test007 - 1.8" classname="org.eclipse.jdt.core.tests.compiler.parser.JavadocCompletionParserTest" time="0"/>
  <testcase name="test007 - 1.8" classname="org.eclipse.jdt.core.tests.compiler.parser.ParserTest" time="0.001"/>
  <testcase name="test007 - 1.8" classname="org.eclipse.jdt.core.tests.compiler.parser.TypeAnnotationSyntaxTest" time="0.001"/>
  <testcase name="test008 - 1.8" classname="org.eclipse.jdt.core.tests.compiler.parser.CompletionParserTest" time="0"/>
  <testcase name="test008 - 1.8" classname="org.eclipse.jdt.core.tests.compiler.parser.JavadocCompletionParserTest" time="0.001"/>
  <testcase name="test008 - 1.8" classname="org.eclipse.jdt.core.tests.compiler.parser.ParserTest" time="0"/>
  <testcase name="test009 - 1.8" classname="org.eclipse.jdt.core.tests.compiler.parser.CompletionParserTest" time="0.001"/>
  <testcase name="test009 - 1.8" classname="org.eclipse.jdt.core.tests.compiler.parser.ParserTest" time="0.001"/>
  <testcase name="test010 - 1.8" classname="org.eclipse.jdt.core.tests.compiler.parser.CompletionParserTest" time="0"/>
  <testcase name="test010 - 1.8" classname="org.eclipse.jdt.core.tests.compiler.parser.JavadocCompletionParserTest" time="0"/>
  <testcase name="test010 - 1.8" classname="org.eclipse.jdt.core.tests.compiler.parser.ParserTest" time="0"/>
  <testcase name="test011 - 1.8" classname="org.eclipse.jdt.core.tests.compiler.parser.CompletionParserTest" time="0"/>
  <testcase name="test011 - 1.8" classname="org.eclipse.jdt.core.tests.compiler.parser.JavadocCompletionParserTest" time="0"/>
  <testcase name="test012 - 1.8" classname="org.eclipse.jdt.core.tests.compiler.parser.CompletionParserTest" time="0"/>
  <testcase name="test012 - 1.8" classname="org.eclipse.jdt.core.tests.compiler.parser.JavadocCompletionParserTest" time="0"/>
  <testcase name="test012 - 1.8" classname="org.eclipse.jdt.core.tests.compiler.parser.ParserTest" time="0.001"/>
  <testcase name="test013 - 1.8" classname="org.eclipse.jdt.core.tests.compiler.parser.CompletionParserTest" time="0"/>
  <testcase name="test013 - 1.8" classname="org.eclipse.jdt.core.tests.compiler.parser.JavadocCompletionParserTest" time="0"/>
  <testcase name="test013 - 1.8" classname="org.eclipse.jdt.core.tests.compiler.parser.ParserTest" time="0.001"/>
  <testcase name="test014 - 1.8" classname="org.eclipse.jdt.core.tests.compiler.parser.CompletionParserTest" time="0"/>
  <testcase name="test014 - 1.8" classname="org.eclipse.jdt.core.tests.compiler.parser.JavadocCompletionParserTest" time="0"/>
  <testcase name="test014 - 1.8" classname="org.eclipse.jdt.core.tests.compiler.parser.ParserTest" time="0"/>
  <testcase name="test015 - 1.8" classname="org.eclipse.jdt.core.tests.compiler.parser.CompletionParserTest" time="0"/>
  <testcase name="test015 - 1.8" classname="org.eclipse.jdt.core.tests.compiler.parser.JavadocCompletionParserTest" time="0"/>
  <testcase name="test015 - 1.8" classname="org.eclipse.jdt.core.tests.compiler.parser.ParserTest" time="0.001"/>
  <testcase name="test016 - 1.8" classname="org.eclipse.jdt.core.tests.compiler.parser.CompletionParserTest" time="0"/>
  <testcase name="test016 - 1.8" classname="org.eclipse.jdt.core.tests.compiler.parser.ParserTest" time="0"/>
  <testcase name="test017 - 1.8" classname="org.eclipse.jdt.core.tests.compiler.parser.CompletionParserTest" time="0"/>
  <testcase name="test017 - 1.8" classname="org.eclipse.jdt.core.tests.compiler.parser.ParserTest" time="0"/>
  <testcase name="testA - 1.8" classname="org.eclipse.jdt.core.tests.compiler.parser.CompletionParserTest" time="0"/>
  <testcase name="testAA_1 - 1.8" classname="org.eclipse.jdt.core.tests.compiler.parser.CompletionParserTest" time="0.001"/>
  <testcase name="testAA_2 - 1.8" classname="org.eclipse.jdt.core.tests.compiler.parser.CompletionParserTest" time="0"/>
  <testcase name="testAA_3 - 1.8" classname="org.eclipse.jdt.core.tests.compiler.parser.CompletionParserTest" time="0"/>
  <testcase name="testAA_4 - 1.8" classname="org.eclipse.jdt.core.tests.compiler.parser.CompletionParserTest" time="0"/>
  <testcase name="testAB_1FHU9LU - 1.8" classname="org.eclipse.jdt.core.tests.compiler.parser.CompletionParserTest" time="0"/>
  <testcase name="testAC_1FJ8D9Z_1 - 1.8" classname="org.eclipse.jdt.core.tests.compiler.parser.CompletionParserTest" time="0"/>
  <testcase name="testAC_1FJ8D9Z_2 - 1.8" classname="org.eclipse.jdt.core.tests.compiler.parser.CompletionParserTest" time="0"/>
  <testcase name="testAC_1FJ8D9Z_3 - 1.8" classname="org.eclipse.jdt.core.tests.compiler.parser.CompletionParserTest" time="0"/>
  <testcase name="testB - 1.8" classname="org.eclipse.jdt.core.tests.compiler.parser.CompletionParserTest" time="0"/>
  <testcase name="testBA_1 - 1.8" classname="org.eclipse.jdt.core.tests.compiler.parser.CompletionParserTest" time="0.001"/>
  <testcase name="testBA_2 - 1.8" classname="org.eclipse.jdt.core.tests.compiler.parser.CompletionParserTest" time="0"/>
  <testcase name="testBB_1FHJ8H9 - 1.8" classname="org.eclipse.jdt.core.tests.compiler.parser.CompletionParserTest" time="0"/>
  <testcase name="testBC_1FJ4GSG_1 - 1.8" classname="org.eclipse.jdt.core.tests.compiler.parser.CompletionParserTest" time="0"/>
  <testcase name="testBC_1FJ4GSG_2 - 1.8" classname="org.eclipse.jdt.core.tests.compiler.parser.CompletionParserTest" time="0"/>
  <testcase name="testBC_1FJ4GSG_3 - 1.8" classname="org.eclipse.jdt.core.tests.compiler.parser.CompletionParserTest" time="0"/>
  <testcase name="testBug292087a - 1.8" classname="org.eclipse.jdt.core.tests.compiler.parser.CompletionParserTest" time="0"/>
  <testcase name="testBug292087b - 1.8" classname="org.eclipse.jdt.core.tests.compiler.parser.CompletionParserTest" time="0"/>
  <testcase name="testBug310423 - 1.8" classname="org.eclipse.jdt.core.tests.compiler.parser.CompletionParserTest" time="0"/>
  <testcase name="testBug338789 - 1.8" classname="org.eclipse.jdt.core.tests.compiler.parser.CompletionParserTest" time="0"/>
  <testcase name="testBug338789b - 1.8" classname="org.eclipse.jdt.core.tests.compiler.parser.CompletionParserTest" time="0"/>
  <testcase name="testBug343637 - 1.8" classname="org.eclipse.jdt.core.tests.compiler.parser.CompletionParserTest" time="0"/>
  <testcase name="testBug346415 - 1.8" classname="org.eclipse.jdt.core.tests.compiler.parser.CompletionParserTest" time="0.001"/>
  <testcase name="testBug346454 - 1.8" classname="org.eclipse.jdt.core.tests.compiler.parser.CompletionParserTest" time="0"/>
  <testcase name="testBug346454b - 1.8" classname="org.eclipse.jdt.core.tests.compiler.parser.CompletionParserTest" time="0"/>
  <testcase name="testC - 1.8" classname="org.eclipse.jdt.core.tests.compiler.parser.CompletionParserTest" time="0"/>
  <testcase name="testCA_1FGPJQZ - 1.8" classname="org.eclipse.jdt.core.tests.compiler.parser.CompletionParserTest" time="0"/>
  <testcase name="testCB_1FHSKQ9_1 - 1.8" classname="org.eclipse.jdt.core.tests.compiler.parser.CompletionParserTest" time="0"/>
  <testcase name="testCB_1FHSKQ9_2 - 1.8" classname="org.eclipse.jdt.core.tests.compiler.parser.CompletionParserTest" time="0"/>
  <testcase name="testCC_1FJ64I9 - 1.8" classname="org.eclipse.jdt.core.tests.compiler.parser.CompletionParserTest" time="0"/>
  <testcase name="testDA_1 - 1.8" classname="org.eclipse.jdt.core.tests.compiler.parser.CompletionParserTest" time="0"/>
  <testcase name="testDA_2 - 1.8" classname="org.eclipse.jdt.core.tests.compiler.parser.CompletionParserTest" time="0"/>
  <testcase name="testDA_3 - 1.8" classname="org.eclipse.jdt.core.tests.compiler.parser.CompletionParserTest" time="0"/>
  <testcase name="testDA_4 - 1.8" classname="org.eclipse.jdt.core.tests.compiler.parser.CompletionParserTest" time="0"/>
  <testcase name="testDA_5 - 1.8" classname="org.eclipse.jdt.core.tests.compiler.parser.CompletionParserTest" time="0"/>
  <testcase name="testDB_1FHSLDR - 1.8" classname="org.eclipse.jdt.core.tests.compiler.parser.CompletionParserTest" time="0.001"/>
  <testcase name="testDC_1FJJ0JR_1 - 1.8" classname="org.eclipse.jdt.core.tests.compiler.parser.CompletionParserTest" time="0"/>
  <testcase name="testD_1 - 1.8" classname="org.eclipse.jdt.core.tests.compiler.parser.CompletionParserTest" time="0"/>
  <testcase name="testD_2 - 1.8" classname="org.eclipse.jdt.core.tests.compiler.parser.CompletionParserTest" time="0.001"/>
  <testcase name="testEA_1 - 1.8" classname="org.eclipse.jdt.core.tests.compiler.parser.CompletionParserTest" time="0"/>
  <testcase name="testEA_2 - 1.8" classname="org.eclipse.jdt.core.tests.compiler.parser.CompletionParserTest" time="0"/>
  <testcase name="testEB_1FI74S3 - 1.8" classname="org.eclipse.jdt.core.tests.compiler.parser.CompletionParserTest" time="0"/>
  <testcase name="testEC_1FSBZ2Y - 1.8" classname="org.eclipse.jdt.core.tests.compiler.parser.CompletionParserTest" time="0"/>
  <testcase name="testE_1FG1YDS_1 - 1.8" classname="org.eclipse.jdt.core.tests.compiler.parser.CompletionParserTest" time="0"/>
  <testcase name="testE_1FG1YDS_2 - 1.8" classname="org.eclipse.jdt.core.tests.compiler.parser.CompletionParserTest" time="0"/>
  <testcase name="testE_1FG1YDS_3 - 1.8" classname="org.eclipse.jdt.core.tests.compiler.parser.CompletionParserTest" time="0.001"/>
  <testcase name="testF - 1.8" classname="org.eclipse.jdt.core.tests.compiler.parser.CompletionParserTest" time="0"/>
  <testcase name="testFA_1 - 1.8" classname="org.eclipse.jdt.core.tests.compiler.parser.CompletionParserTest" time="0"/>
  <testcase name="testFA_2 - 1.8" classname="org.eclipse.jdt.core.tests.compiler.parser.CompletionParserTest" time="0.001"/>
  <testcase name="testFB_1FI74S3 - 1.8" classname="org.eclipse.jdt.core.tests.compiler.parser.CompletionParserTest" time="0"/>
  <testcase name="testFC_1FSBZ9B - 1.8" classname="org.eclipse.jdt.core.tests.compiler.parser.CompletionParserTest" time="0"/>
  <testcase name="testG - 1.8" classname="org.eclipse.jdt.core.tests.compiler.parser.CompletionParserTest" time="0"/>
  <testcase name="testGA - 1.8" classname="org.eclipse.jdt.core.tests.compiler.parser.CompletionParserTest" time="0"/>
  <testcase name="testGB_1FI74S3 - 1.8" classname="org.eclipse.jdt.core.tests.compiler.parser.CompletionParserTest" time="0"/>
  <testcase name="testGC_1FSHLHV_1 - 1.8" classname="org.eclipse.jdt.core.tests.compiler.parser.CompletionParserTest" time="0"/>
  <testcase name="testGC_1FSHLHV_2 - 1.8" classname="org.eclipse.jdt.core.tests.compiler.parser.CompletionParserTest" time="0.001"/>
  <testcase name="testGC_1FSHLHV_3 - 1.8" classname="org.eclipse.jdt.core.tests.compiler.parser.CompletionParserTest" time="0"/>
  <testcase name="testGC_1FSHLHV_4 - 1.8" classname="org.eclipse.jdt.core.tests.compiler.parser.CompletionParserTest" time="0"/>
  <testcase name="testH - 1.8" classname="org.eclipse.jdt.core.tests.compiler.parser.CompletionParserTest" time="0.001"/>
  <testcase name="testHA_1 - 1.8" classname="org.eclipse.jdt.core.tests.compiler.parser.CompletionParserTest" time="0"/>
  <testcase name="testHA_2 - 1.8" classname="org.eclipse.jdt.core.tests.compiler.parser.CompletionParserTest" time="0"/>
  <testcase name="testHB_1FHSLDR - 1.8" classname="org.eclipse.jdt.core.tests.compiler.parser.CompletionParserTest" time="0.001"/>
  <testcase name="testHC_1FMPYO3_1 - 1.8" classname="org.eclipse.jdt.core.tests.compiler.parser.CompletionParserTest" time="0"/>
  <testcase name="testHC_1FMPYO3_2 - 1.8" classname="org.eclipse.jdt.core.tests.compiler.parser.CompletionParserTest" time="0"/>
  <testcase name="testI - 1.8" classname="org.eclipse.jdt.core.tests.compiler.parser.CompletionParserTest" time="0"/>
  <testcase name="testIA_1FGNBPR_1 - 1.8" classname="org.eclipse.jdt.core.tests.compiler.parser.CompletionParserTest" time="0.001"/>
  <testcase name="testIA_1FGNBPR_2 - 1.8" classname="org.eclipse.jdt.core.tests.compiler.parser.CompletionParserTest" time="0"/>
  <testcase name="testIB - 1.8" classname="org.eclipse.jdt.core.tests.compiler.parser.CompletionParserTest" time="0"/>
  <testcase name="testIC_1FMGUPR - 1.8" classname="org.eclipse.jdt.core.tests.compiler.parser.CompletionParserTest" time="0"/>
  <testcase name="testJ - 1.8" classname="org.eclipse.jdt.core.tests.compiler.parser.CompletionParserTest" time="0"/>
  <testcase name="testJA_1FGQVW2_1 - 1.8" classname="org.eclipse.jdt.core.tests.compiler.parser.CompletionParserTest" time="0"/>
  <testcase name="testJA_1FGQVW2_2 - 1.8" classname="org.eclipse.jdt.core.tests.compiler.parser.CompletionParserTest" time="0"/>
  <testcase name="testJB - 1.8" classname="org.eclipse.jdt.core.tests.compiler.parser.CompletionParserTest" time="0.001"/>
  <testcase name="testJC_1FLG1ZC - 1.8" classname="org.eclipse.jdt.core.tests.compiler.parser.CompletionParserTest" time="0"/>
  <testcase name="testKA_1FH5SU5 - 1.8" classname="org.eclipse.jdt.core.tests.compiler.parser.CompletionParserTest" time="0"/>
  <testcase name="testKB - 1.8" classname="org.eclipse.jdt.core.tests.compiler.parser.CompletionParserTest" time="0"/>
  <testcase name="testKC_1FLG1ZC - 1.8" classname="org.eclipse.jdt.core.tests.compiler.parser.CompletionParserTest" time="0.001"/>
  <testcase name="testK_1 - 1.8" classname="org.eclipse.jdt.core.tests.compiler.parser.CompletionParserTest" time="0"/>
  <testcase name="testK_2 - 1.8" classname="org.eclipse.jdt.core.tests.compiler.parser.CompletionParserTest" time="0.001"/>
  <testcase name="testK_3 - 1.8" classname="org.eclipse.jdt.core.tests.compiler.parser.CompletionParserTest" time="0"/>
  <testcase name="testK_4 - 1.8" classname="org.eclipse.jdt.core.tests.compiler.parser.CompletionParserTest" time="0"/>
  <testcase name="testLA_1FGLMOF - 1.8" classname="org.eclipse.jdt.core.tests.compiler.parser.CompletionParserTest" time="0"/>
  <testcase name="testLB - 1.8" classname="org.eclipse.jdt.core.tests.compiler.parser.CompletionParserTest" time="0"/>
  <testcase name="testLC_1FLG1E2 - 1.8" classname="org.eclipse.jdt.core.tests.compiler.parser.CompletionParserTest" time="0"/>
  <testcase name="testL_1 - 1.8" classname="org.eclipse.jdt.core.tests.compiler.parser.CompletionParserTest" time="0"/>
  <testcase name="testL_2 - 1.8" classname="org.eclipse.jdt.core.tests.compiler.parser.CompletionParserTest" time="0.001"/>
  <testcase name="testL_3 - 1.8" classname="org.eclipse.jdt.core.tests.compiler.parser.CompletionParserTest" time="0"/>
  <testcase name="testMA_1 - 1.8" classname="org.eclipse.jdt.core.tests.compiler.parser.CompletionParserTest" time="0"/>
  <testcase name="testMA_2 - 1.8" classname="org.eclipse.jdt.core.tests.compiler.parser.CompletionParserTest" time="0"/>
  <testcase name="testMA_3 - 1.8" classname="org.eclipse.jdt.core.tests.compiler.parser.CompletionParserTest" time="0"/>
  <testcase name="testMB_1FHSLMQ_1 - 1.8" classname="org.eclipse.jdt.core.tests.compiler.parser.CompletionParserTest" time="0"/>
  <testcase name="testMB_1FHSLMQ_2 - 1.8" classname="org.eclipse.jdt.core.tests.compiler.parser.CompletionParserTest" time="0"/>
  <testcase name="testMC_1FJ8D9Z - 1.8" classname="org.eclipse.jdt.core.tests.compiler.parser.CompletionParserTest" time="0.001"/>
  <testcase name="testM_1FGGLMT - 1.8" classname="org.eclipse.jdt.core.tests.compiler.parser.CompletionParserTest" time="0"/>
  <testcase name="testN - 1.8" classname="org.eclipse.jdt.core.tests.compiler.parser.CompletionParserTest" time="0"/>
  <testcase name="testNA_1 - 1.8" classname="org.eclipse.jdt.core.tests.compiler.parser.CompletionParserTest" time="0.001"/>
  <testcase name="testNA_2 - 1.8" classname="org.eclipse.jdt.core.tests.compiler.parser.CompletionParserTest" time="0"/>
  <testcase name="testNA_3 - 1.8" classname="org.eclipse.jdt.core.tests.compiler.parser.CompletionParserTest" time="0"/>
  <testcase name="testNB - 1.8" classname="org.eclipse.jdt.core.tests.compiler.parser.CompletionParserTest" time="0"/>
  <testcase name="testNC_1FJ8D9Z - 1.8" classname="org.eclipse.jdt.core.tests.compiler.parser.CompletionParserTest" time="0"/>
  <testcase name="testOA_1 - 1.8" classname="org.eclipse.jdt.core.tests.compiler.parser.CompletionParserTest" time="0"/>
  <testcase name="testOA_2 - 1.8" classname="org.eclipse.jdt.core.tests.compiler.parser.CompletionParserTest" time="0"/>
  <testcase name="testOB_1 - 1.8" classname="org.eclipse.jdt.core.tests.compiler.parser.CompletionParserTest" time="0.001"/>
  <testcase name="testOB_2 - 1.8" classname="org.eclipse.jdt.core.tests.compiler.parser.CompletionParserTest" time="0"/>
  <testcase name="testOC_1FM7J7F - 1.8" classname="org.eclipse.jdt.core.tests.compiler.parser.CompletionParserTest" time="0"/>
  <testcase name="testO_1FG1YU0 - 1.8" classname="org.eclipse.jdt.core.tests.compiler.parser.CompletionParserTest" time="0"/>
  <testcase name="testPA_1 - 1.8" classname="org.eclipse.jdt.core.tests.compiler.parser.CompletionParserTest" time="0.001"/>
  <testcase name="testPA_2 - 1.8" classname="org.eclipse.jdt.core.tests.compiler.parser.CompletionParserTest" time="0"/>
  <testcase name="testPB - 1.8" classname="org.eclipse.jdt.core.tests.compiler.parser.CompletionParserTest" time="0"/>
  <testcase name="testPC_1FSU4EF - 1.8" classname="org.eclipse.jdt.core.tests.compiler.parser.CompletionParserTest" time="0.001"/>
  <testcase name="testP_1FG1YU0 - 1.8" classname="org.eclipse.jdt.core.tests.compiler.parser.CompletionParserTest" time="0"/>
  <testcase name="testQA_1 - 1.8" classname="org.eclipse.jdt.core.tests.compiler.parser.CompletionParserTest" time="0"/>
  <testcase name="testQA_2 - 1.8" classname="org.eclipse.jdt.core.tests.compiler.parser.CompletionParserTest" time="0"/>
  <testcase name="testQA_3 - 1.8" classname="org.eclipse.jdt.core.tests.compiler.parser.CompletionParserTest" time="0"/>
  <testcase name="testQA_4 - 1.8" classname="org.eclipse.jdt.core.tests.compiler.parser.CompletionParserTest" time="0"/>
  <testcase name="testQB_1FIK820 - 1.8" classname="org.eclipse.jdt.core.tests.compiler.parser.CompletionParserTest" time="0"/>
  <testcase name="testQ_1FG1YU0 - 1.8" classname="org.eclipse.jdt.core.tests.compiler.parser.CompletionParserTest" time="0.001"/>
  <testcase name="testRA_1 - 1.8" classname="org.eclipse.jdt.core.tests.compiler.parser.CompletionParserTest" time="0"/>
  <testcase name="testRA_2 - 1.8" classname="org.eclipse.jdt.core.tests.compiler.parser.CompletionParserTest" time="0"/>
  <testcase name="testRA_3 - 1.8" classname="org.eclipse.jdt.core.tests.compiler.parser.CompletionParserTest" time="0"/>
  <testcase name="testRB_1FI74S3 - 1.8" classname="org.eclipse.jdt.core.tests.compiler.parser.CompletionParserTest" time="0"/>
  <testcase name="testR_1FGD31E - 1.8" classname="org.eclipse.jdt.core.tests.compiler.parser.CompletionParserTest" time="0"/>
  <testcase name="testSA - 1.8" classname="org.eclipse.jdt.core.tests.compiler.parser.CompletionParserTest" time="0"/>
  <testcase name="testSB_1FILFDG - 1.8" classname="org.eclipse.jdt.core.tests.compiler.parser.CompletionParserTest" time="0.001"/>
  <testcase name="testS_1FGF64P_1 - 1.8" classname="org.eclipse.jdt.core.tests.compiler.parser.CompletionParserTest" time="0"/>
  <testcase name="testS_1FGF64P_2 - 1.8" classname="org.eclipse.jdt.core.tests.compiler.parser.CompletionParserTest" time="0"/>
  <testcase name="testS_1FGF64P_3 - 1.8" classname="org.eclipse.jdt.core.tests.compiler.parser.CompletionParserTest" time="0.001"/>
  <testcase name="testTA_1FHISJJ_1 - 1.8" classname="org.eclipse.jdt.core.tests.compiler.parser.CompletionParserTest" time="0"/>
  <testcase name="testTA_1FHISJJ_2 - 1.8" classname="org.eclipse.jdt.core.tests.compiler.parser.CompletionParserTest" time="0"/>
  <testcase name="testTA_1FHISJJ_3 - 1.8" classname="org.eclipse.jdt.core.tests.compiler.parser.CompletionParserTest" time="0"/>
  <testcase name="testTB_1FHSLMQ - 1.8" classname="org.eclipse.jdt.core.tests.compiler.parser.CompletionParserTest" time="0"/>
  <testcase name="testT_1FGF64P - 1.8" classname="org.eclipse.jdt.core.tests.compiler.parser.CompletionParserTest" time="0"/>
  <testcase name="testUA_1FHISJJ_1 - 1.8" classname="org.eclipse.jdt.core.tests.compiler.parser.CompletionParserTest" time="0"/>
  <testcase name="testUA_1FHISJJ_2 - 1.8" classname="org.eclipse.jdt.core.tests.compiler.parser.CompletionParserTest" time="0.001"/>
  <testcase name="testUB_1FSBZ02 - 1.8" classname="org.eclipse.jdt.core.tests.compiler.parser.CompletionParserTest" time="0"/>
  <testcase name="testU_1FGGUME - 1.8" classname="org.eclipse.jdt.core.tests.compiler.parser.CompletionParserTest" time="0"/>
  <testcase name="testVA_1FHISJJ_1 - 1.8" classname="org.eclipse.jdt.core.tests.compiler.parser.CompletionParserTest" time="0"/>
  <testcase name="testVA_1FHISJJ_2 - 1.8" classname="org.eclipse.jdt.core.tests.compiler.parser.CompletionParserTest" time="0.001"/>
  <testcase name="testVB_1 - 1.8" classname="org.eclipse.jdt.core.tests.compiler.parser.CompletionParserTest" time="0"/>
  <testcase name="testVB_3 - 1.8" classname="org.eclipse.jdt.core.tests.compiler.parser.CompletionParserTest" time="0"/>
  <testcase name="testV_1FGGUOO_1 - 1.8" classname="org.eclipse.jdt.core.tests.compiler.parser.CompletionParserTest" time="0"/>
  <testcase name="testV_1FGGUOO_2 - 1.8" classname="org.eclipse.jdt.core.tests.compiler.parser.CompletionParserTest" time="0"/>
  <testcase name="testWA_1 - 1.8" classname="org.eclipse.jdt.core.tests.compiler.parser.CompletionParserTest" time="0"/>
  <testcase name="testWA_2 - 1.8" classname="org.eclipse.jdt.core.tests.compiler.parser.CompletionParserTest" time="0"/>
  <testcase name="testWB_1FI313C - 1.8" classname="org.eclipse.jdt.core.tests.compiler.parser.CompletionParserTest" time="0.001"/>
  <testcase name="testW_1FGGUS4 - 1.8" classname="org.eclipse.jdt.core.tests.compiler.parser.CompletionParserTest" time="0"/>
  <testcase name="testXA_1FGGUQF_1FHSL8H_2 - 1.8" classname="org.eclipse.jdt.core.tests.compiler.parser.CompletionParserTest" time="0"/>
  <testcase name="testXA_1FGGUQF_1FHSL8H_3 - 1.8" classname="org.eclipse.jdt.core.tests.compiler.parser.CompletionParserTest" time="0"/>
  <testcase name="testXA_1FGGUQF_1FHSL8H_4 - 1.8" classname="org.eclipse.jdt.core.tests.compiler.parser.CompletionParserTest" time="0"/>
  <testcase name="testXB_1FIYM5I_1 - 1.8" classname="org.eclipse.jdt.core.tests.compiler.parser.CompletionParserTest" time="0"/>
  <testcase name="testXB_1FIYM5I_2 - 1.8" classname="org.eclipse.jdt.core.tests.compiler.parser.CompletionParserTest" time="0"/>
  <testcase name="testXB_1FIYM5I_3 - 1.8" classname="org.eclipse.jdt.core.tests.compiler.parser.CompletionParserTest" time="0"/>
  <testcase name="testXB_1FIYM5I_4 - 1.8" classname="org.eclipse.jdt.core.tests.compiler.parser.CompletionParserTest" time="0"/>
  <testcase name="testX_1FGGV8C_1 - 1.8" classname="org.eclipse.jdt.core.tests.compiler.parser.CompletionParserTest" time="0"/>
  <testcase name="testX_1FGGV8C_2 - 1.8" classname="org.eclipse.jdt.core.tests.compiler.parser.CompletionParserTest" time="0.001"/>
  <testcase name="testX_1FGGV8C_3 - 1.8" classname="org.eclipse.jdt.core.tests.compiler.parser.CompletionParserTest" time="0"/>
  <testcase name="testX_1FGGV8C_4 - 1.8" classname="org.eclipse.jdt.core.tests.compiler.parser.CompletionParserTest" time="0"/>
  <testcase name="testX_1FGPE8E - 1.8" classname="org.eclipse.jdt.core.tests.compiler.parser.CompletionParserTest" time="0"/>
  <testcase name="testYA_1FGRIUH - 1.8" classname="org.eclipse.jdt.core.tests.compiler.parser.CompletionParserTest" time="0"/>
  <testcase name="testYB_1FJ4D46_1 - 1.8" classname="org.eclipse.jdt.core.tests.compiler.parser.CompletionParserTest" time="0"/>
  <testcase name="testY_1FGPESI - 1.8" classname="org.eclipse.jdt.core.tests.compiler.parser.CompletionParserTest" time="0"/>
  <testcase name="testZA_1 - 1.8" classname="org.eclipse.jdt.core.tests.compiler.parser.CompletionParserTest" time="0.001"/>
  <testcase name="testZA_2 - 1.8" classname="org.eclipse.jdt.core.tests.compiler.parser.CompletionParserTest" time="0"/>
  <testcase name="testZA_3 - 1.8" classname="org.eclipse.jdt.core.tests.compiler.parser.CompletionParserTest" time="0"/>
  <testcase name="testZB_1FJ4D46_1 - 1.8" classname="org.eclipse.jdt.core.tests.compiler.parser.CompletionParserTest" time="0"/>
  <testcase name="testZB_1FJ4D46_2 - 1.8" classname="org.eclipse.jdt.core.tests.compiler.parser.CompletionParserTest" time="0.001"/>
  <testcase name="testZ_1FGPF3D_1 - 1.8" classname="org.eclipse.jdt.core.tests.compiler.parser.CompletionParserTest" time="0"/>
  <testcase name="testZ_1FGPF3D_2 - 1.8" classname="org.eclipse.jdt.core.tests.compiler.parser.CompletionParserTest" time="0"/>
  <testcase name="test0001 - 1.8" classname="org.eclipse.jdt.core.tests.compiler.parser.CompletionParserTest2" time="0"/>
  <testcase name="test0001 - 1.8" classname="org.eclipse.jdt.core.tests.compiler.parser.CompletionParserTestKeyword" time="0"/>
  <testcase name="test0001 - 1.8" classname="org.eclipse.jdt.core.tests.compiler.parser.StatementRecoveryTest" time="0"/>
  <testcase name="test0001 - 1.8" classname="org.eclipse.jdt.core.tests.compiler.parser.ComplianceDiagnoseTest" time="0"/>
  <testcase name="test0001 - 1.8" classname="org.eclipse.jdt.core.tests.compiler.parser.GenericsCompletionParserTest" time="0.001"/>
  <testcase name="test0001 - 1.8" classname="org.eclipse.jdt.core.tests.compiler.parser.EnumCompletionParserTest" time="0"/>
  <testcase name="test0001 - 1.8" classname="org.eclipse.jdt.core.tests.compiler.parser.AnnotationCompletionParserTest" time="0"/>
  <testcase name="test0001 - 1.8" classname="org.eclipse.jdt.core.tests.compiler.parser.GenericsSelectionTest" time="0"/>
  <testcase name="test0001 - 1.8" classname="org.eclipse.jdt.core.tests.compiler.parser.AnnotationSelectionTest" time="0"/>
  <testcase name="test0001 - 1.8" classname="org.eclipse.jdt.core.tests.compiler.parser.EnumSelectionTest" time="0.001"/>
  <testcase name="test0001 - 1.8" classname="org.eclipse.jdt.core.tests.compiler.parser.GenericDietRecoveryTest" time="0.001"/>
  <testcase name="test0001 - 1.8" classname="org.eclipse.jdt.core.tests.compiler.parser.EnumDietRecoveryTest" time="0"/>
  <testcase name="test0001 - 1.8" classname="org.eclipse.jdt.core.tests.compiler.parser.AnnotationDietRecoveryTest" time="0"/>
  <testcase name="test0001 - 1.8" classname="org.eclipse.jdt.core.tests.compiler.parser.StatementRecoveryTest_1_5" time="0.002"/>
  <testcase name="test0001 - 1.8" classname="org.eclipse.jdt.core.tests.compiler.parser.ParserTest1_7" time="0"/>
  <testcase name="test0001 - 1.8" classname="org.eclipse.jdt.core.tests.compiler.parser.LambdaExpressionSyntaxTest" time="0"/>
  <testcase name="test0001 - 1.8" classname="org.eclipse.jdt.core.tests.compiler.parser.ReferenceExpressionSyntaxTest" time="0"/>
  <testcase name="test0001 - 1.8" classname="org.eclipse.jdt.core.tests.compiler.parser.TypeAnnotationSyntaxTest" time="0.001"/>
  <testcase name="test0001 - 1.8" classname="org.eclipse.jdt.core.tests.compiler.parser.CompletionParserTest18" time="0"/>
  <testcase name="test0002_Diet - 1.8" classname="org.eclipse.jdt.core.tests.compiler.parser.CompletionParserTest2" time="0"/>
  <testcase name="test0002_Method - 1.8" classname="org.eclipse.jdt.core.tests.compiler.parser.CompletionParserTest2" time="0"/>
  <testcase name="test0003_Diet - 1.8" classname="org.eclipse.jdt.core.tests.compiler.parser.CompletionParserTest2" time="0"/>
  <testcase name="test0003_Method - 1.8" classname="org.eclipse.jdt.core.tests.compiler.parser.CompletionParserTest2" time="0"/>
  <testcase name="test0004 - 1.8" classname="org.eclipse.jdt.core.tests.compiler.parser.CompletionParserTest2" time="0.001"/>
  <testcase name="test0004 - 1.8" classname="org.eclipse.jdt.core.tests.compiler.parser.CompletionParserTestKeyword" time="0"/>
  <testcase name="test0004 - 1.8" classname="org.eclipse.jdt.core.tests.compiler.parser.StatementRecoveryTest" time="0.001"/>
  <testcase name="test0004 - 1.8" classname="org.eclipse.jdt.core.tests.compiler.parser.ComplianceDiagnoseTest" time="0.001"/>
  <testcase name="test0004 - 1.8" classname="org.eclipse.jdt.core.tests.compiler.parser.GenericsCompletionParserTest" time="0"/>
  <testcase name="test0004 - 1.8" classname="org.eclipse.jdt.core.tests.compiler.parser.EnumCompletionParserTest" time="0"/>
  <testcase name="test0004 - 1.8" classname="org.eclipse.jdt.core.tests.compiler.parser.AnnotationCompletionParserTest" time="0"/>
  <testcase name="test0004 - 1.8" classname="org.eclipse.jdt.core.tests.compiler.parser.GenericsSelectionTest" time="0"/>
  <testcase name="test0004 - 1.8" classname="org.eclipse.jdt.core.tests.compiler.parser.AnnotationSelectionTest" time="0.001"/>
  <testcase name="test0004 - 1.8" classname="org.eclipse.jdt.core.tests.compiler.parser.GenericDietRecoveryTest" time="0.001"/>
  <testcase name="test0004 - 1.8" classname="org.eclipse.jdt.core.tests.compiler.parser.EnumDietRecoveryTest" time="0.001"/>
  <testcase name="test0004 - 1.8" classname="org.eclipse.jdt.core.tests.compiler.parser.AnnotationDietRecoveryTest" time="0.001"/>
  <testcase name="test0004 - 1.8" classname="org.eclipse.jdt.core.tests.compiler.parser.StatementRecoveryTest_1_5" time="0.003"/>
  <testcase name="test0004 - 1.8" classname="org.eclipse.jdt.core.tests.compiler.parser.ParserTest1_7" time="0"/>
  <testcase name="test0004 - 1.8" classname="org.eclipse.jdt.core.tests.compiler.parser.LambdaExpressionSyntaxTest" time="0"/>
  <testcase name="test0004 - 1.8" classname="org.eclipse.jdt.core.tests.compiler.parser.ReferenceExpressionSyntaxTest" time="0"/>
  <testcase name="test0004 - 1.8" classname="org.eclipse.jdt.core.tests.compiler.parser.TypeAnnotationSyntaxTest" time="0"/>
  <testcase name="test0004 - 1.8" classname="org.eclipse.jdt.core.tests.compiler.parser.CompletionParserTest18" time="0.001"/>
  <testcase name="test0005_Diet - 1.8" classname="org.eclipse.jdt.core.tests.compiler.parser.CompletionParserTest2" time="0"/>
  <testcase name="test0005_Method - 1.8" classname="org.eclipse.jdt.core.tests.compiler.parser.CompletionParserTest2" time="0"/>
  <testcase name="test0006_Diet - 1.8" classname="org.eclipse.jdt.core.tests.compiler.parser.CompletionParserTest2" time="0"/>
  <testcase name="test0006_Method - 1.8" classname="org.eclipse.jdt.core.tests.compiler.parser.CompletionParserTest2" time="0.001"/>
  <testcase name="test0007 - 1.8" classname="org.eclipse.jdt.core.tests.compiler.parser.CompletionParserTest2" time="0"/>
  <testcase name="test0007 - 1.8" classname="org.eclipse.jdt.core.tests.compiler.parser.CompletionParserTestKeyword" time="0"/>
  <testcase name="test0007 - 1.8" classname="org.eclipse.jdt.core.tests.compiler.parser.StatementRecoveryTest" time="0.001"/>
  <testcase name="test0007 - 1.8" classname="org.eclipse.jdt.core.tests.compiler.parser.ComplianceDiagnoseTest" time="0.001"/>
  <testcase name="test0007 - 1.8" classname="org.eclipse.jdt.core.tests.compiler.parser.GenericsCompletionParserTest" time="0"/>
  <testcase name="test0007 - 1.8" classname="org.eclipse.jdt.core.tests.compiler.parser.EnumCompletionParserTest" time="0"/>
  <testcase name="test0007 - 1.8" classname="org.eclipse.jdt.core.tests.compiler.parser.AnnotationCompletionParserTest" time="0"/>
  <testcase name="test0007 - 1.8" classname="org.eclipse.jdt.core.tests.compiler.parser.GenericsSelectionTest" time="0"/>
  <testcase name="test0007 - 1.8" classname="org.eclipse.jdt.core.tests.compiler.parser.AnnotationSelectionTest" time="0"/>
  <testcase name="test0007 - 1.8" classname="org.eclipse.jdt.core.tests.compiler.parser.GenericDietRecoveryTest" time="0.001"/>
  <testcase name="test0007 - 1.8" classname="org.eclipse.jdt.core.tests.compiler.parser.EnumDietRecoveryTest" time="0.001"/>
  <testcase name="test0007 - 1.8" classname="org.eclipse.jdt.core.tests.compiler.parser.AnnotationDietRecoveryTest" time="0.001"/>
  <testcase name="test0007 - 1.8" classname="org.eclipse.jdt.core.tests.compiler.parser.StatementRecoveryTest_1_5" time="0.003"/>
  <testcase name="test0007 - 1.8" classname="org.eclipse.jdt.core.tests.compiler.parser.ParserTest1_7" time="0"/>
  <testcase name="test0007 - 1.8" classname="org.eclipse.jdt.core.tests.compiler.parser.LambdaExpressionSyntaxTest" time="0"/>
  <testcase name="test0007 - 1.8" classname="org.eclipse.jdt.core.tests.compiler.parser.ReferenceExpressionSyntaxTest" time="0"/>
  <testcase name="test0007 - 1.8" classname="org.eclipse.jdt.core.tests.compiler.parser.CompletionParserTest18" time="0"/>
  <testcase name="test0008_Diet - 1.8" classname="org.eclipse.jdt.core.tests.compiler.parser.CompletionParserTest2" time="0"/>
  <testcase name="test0008_Method - 1.8" classname="org.eclipse.jdt.core.tests.compiler.parser.CompletionParserTest2" time="0"/>
  <testcase name="test0009_Diet - 1.8" classname="org.eclipse.jdt.core.tests.compiler.parser.CompletionParserTest2" time="0"/>
  <testcase name="test0009_Method - 1.8" classname="org.eclipse.jdt.core.tests.compiler.parser.CompletionParserTest2" time="0"/>
  <testcase name="test0010 - 1.8" classname="org.eclipse.jdt.core.tests.compiler.parser.CompletionParserTest2" time="0"/>
  <testcase name="test0010 - 1.8" classname="org.eclipse.jdt.core.tests.compiler.parser.CompletionParserTestKeyword" time="0"/>
  <testcase name="test0010 - 1.8" classname="org.eclipse.jdt.core.tests.compiler.parser.StatementRecoveryTest" time="0"/>
  <testcase name="test0010 - 1.8" classname="org.eclipse.jdt.core.tests.compiler.parser.ComplianceDiagnoseTest" time="0.001"/>
  <testcase name="test0010 - 1.8" classname="org.eclipse.jdt.core.tests.compiler.parser.GenericsCompletionParserTest" time="0"/>
  <testcase name="test0010 - 1.8" classname="org.eclipse.jdt.core.tests.compiler.parser.EnumCompletionParserTest" time="0"/>
  <testcase name="test0010 - 1.8" classname="org.eclipse.jdt.core.tests.compiler.parser.AnnotationCompletionParserTest" time="0"/>
  <testcase name="test0010 - 1.8" classname="org.eclipse.jdt.core.tests.compiler.parser.GenericsSelectionTest" time="0"/>
  <testcase name="test0010 - 1.8" classname="org.eclipse.jdt.core.tests.compiler.parser.AnnotationSelectionTest" time="0"/>
  <testcase name="test0010 - 1.8" classname="org.eclipse.jdt.core.tests.compiler.parser.GenericDietRecoveryTest" time="0.001"/>
  <testcase name="test0010 - 1.8" classname="org.eclipse.jdt.core.tests.compiler.parser.EnumDietRecoveryTest" time="0.001"/>
  <testcase name="test0010 - 1.8" classname="org.eclipse.jdt.core.tests.compiler.parser.AnnotationDietRecoveryTest" time="0.002"/>
  <testcase name="test0010 - 1.8" classname="org.eclipse.jdt.core.tests.compiler.parser.ParserTest1_7" time="0.02"/>
  <testcase name="test0010 - 1.8" classname="org.eclipse.jdt.core.tests.compiler.parser.ReferenceExpressionSyntaxTest" time="0"/>
  <testcase name="test0010 - 1.8" classname="org.eclipse.jdt.core.tests.compiler.parser.TypeAnnotationSyntaxTest" time="0.001"/>
  <testcase name="test0010 - 1.8" classname="org.eclipse.jdt.core.tests.compiler.parser.CompletionParserTest18" time="0"/>
  <testcase name="test0011_Diet - 1.8" classname="org.eclipse.jdt.core.tests.compiler.parser.CompletionParserTest2" time="0"/>
  <testcase name="test0011_Method - 1.8" classname="org.eclipse.jdt.core.tests.compiler.parser.CompletionParserTest2" time="0"/>
  <testcase name="test0012_Diet - 1.8" classname="org.eclipse.jdt.core.tests.compiler.parser.CompletionParserTest2" time="0"/>
  <testcase name="test0012_Method - 1.8" classname="org.eclipse.jdt.core.tests.compiler.parser.CompletionParserTest2" time="0"/>
  <testcase name="test0013 - 1.8" classname="org.eclipse.jdt.core.tests.compiler.parser.CompletionParserTest2" time="0"/>
  <testcase name="test0013 - 1.8" classname="org.eclipse.jdt.core.tests.compiler.parser.CompletionParserTestKeyword" time="0"/>
  <testcase name="test0013 - 1.8" classname="org.eclipse.jdt.core.tests.compiler.parser.StatementRecoveryTest" time="0.001"/>
  <testcase name="test0013 - 1.8" classname="org.eclipse.jdt.core.tests.compiler.parser.ComplianceDiagnoseTest" time="0.001"/>
  <testcase name="test0013 - 1.8" classname="org.eclipse.jdt.core.tests.compiler.parser.GenericsCompletionParserTest" time="0.001"/>
  <testcase name="test0013 - 1.8" classname="org.eclipse.jdt.core.tests.compiler.parser.EnumCompletionParserTest" time="0"/>
  <testcase name="test0013 - 1.8" classname="org.eclipse.jdt.core.tests.compiler.parser.GenericsSelectionTest" time="0"/>
  <testcase name="test0013 - 1.8" classname="org.eclipse.jdt.core.tests.compiler.parser.AnnotationSelectionTest" time="0"/>
  <testcase name="test0013 - 1.8" classname="org.eclipse.jdt.core.tests.compiler.parser.GenericDietRecoveryTest" time="0.001"/>
  <testcase name="test0013 - 1.8" classname="org.eclipse.jdt.core.tests.compiler.parser.EnumDietRecoveryTest" time="0.002"/>
  <testcase name="test0013 - 1.8" classname="org.eclipse.jdt.core.tests.compiler.parser.AnnotationDietRecoveryTest" time="0.001"/>
  <testcase name="test0013 - 1.8" classname="org.eclipse.jdt.core.tests.compiler.parser.LambdaExpressionSyntaxTest" time="0.001"/>
  <testcase name="test0013 - 1.8" classname="org.eclipse.jdt.core.tests.compiler.parser.ReferenceExpressionSyntaxTest" time="0"/>
  <testcase name="test0013 - 1.8" classname="org.eclipse.jdt.core.tests.compiler.parser.TypeAnnotationSyntaxTest" time="0.001"/>
  <testcase name="test0014_Diet - 1.8" classname="org.eclipse.jdt.core.tests.compiler.parser.CompletionParserTest2" time="0"/>
  <testcase name="test0014_Method - 1.8" classname="org.eclipse.jdt.core.tests.compiler.parser.CompletionParserTest2" time="0"/>
  <testcase name="test0015_Diet - 1.8" classname="org.eclipse.jdt.core.tests.compiler.parser.CompletionParserTest2" time="0"/>
  <testcase name="test0015_Method - 1.8" classname="org.eclipse.jdt.core.tests.compiler.parser.CompletionParserTest2" time="0"/>
  <testcase name="test0016 - 1.8" classname="org.eclipse.jdt.core.tests.compiler.parser.CompletionParserTest2" time="0"/>
  <testcase name="test0016 - 1.8" classname="org.eclipse.jdt.core.tests.compiler.parser.CompletionParserTestKeyword" time="0"/>
  <testcase name="test0016 - 1.8" classname="org.eclipse.jdt.core.tests.compiler.parser.StatementRecoveryTest" time="0.002"/>
  <testcase name="test0016 - 1.8" classname="org.eclipse.jdt.core.tests.compiler.parser.ComplianceDiagnoseTest" time="0.001"/>
  <testcase name="test0016 - 1.8" classname="org.eclipse.jdt.core.tests.compiler.parser.GenericsCompletionParserTest" time="0.001"/>
  <testcase name="test0016 - 1.8" classname="org.eclipse.jdt.core.tests.compiler.parser.AnnotationCompletionParserTest" time="0"/>
  <testcase name="test0016 - 1.8" classname="org.eclipse.jdt.core.tests.compiler.parser.GenericsSelectionTest" time="0"/>
  <testcase name="test0016 - 1.8" classname="org.eclipse.jdt.core.tests.compiler.parser.AnnotationSelectionTest" time="0"/>
  <testcase name="test0016 - 1.8" classname="org.eclipse.jdt.core.tests.compiler.parser.GenericDietRecoveryTest" time="0.001"/>
  <testcase name="test0016 - 1.8" classname="org.eclipse.jdt.core.tests.compiler.parser.EnumDietRecoveryTest" time="0.002"/>
  <testcase name="test0016 - 1.8" classname="org.eclipse.jdt.core.tests.compiler.parser.AnnotationDietRecoveryTest" time="0.003"/>
  <testcase name="test0016 - 1.8" classname="org.eclipse.jdt.core.tests.compiler.parser.LambdaExpressionSyntaxTest" time="0.001"/>
  <testcase name="test0016 - 1.8" classname="org.eclipse.jdt.core.tests.compiler.parser.ReferenceExpressionSyntaxTest" time="0"/>
  <testcase name="test0016 - 1.8" classname="org.eclipse.jdt.core.tests.compiler.parser.TypeAnnotationSyntaxTest" time="0.001"/>
  <testcase name="test0017_Diet - 1.8" classname="org.eclipse.jdt.core.tests.compiler.parser.CompletionParserTest2" time="0"/>
  <testcase name="test0017_Method - 1.8" classname="org.eclipse.jdt.core.tests.compiler.parser.CompletionParserTest2" time="0"/>
  <testcase name="test0018_Diet - 1.8" classname="org.eclipse.jdt.core.tests.compiler.parser.CompletionParserTest2" time="0"/>
  <testcase name="test0018_Method - 1.8" classname="org.eclipse.jdt.core.tests.compiler.parser.CompletionParserTest2" time="0"/>
  <testcase name="test0019 - 1.8" classname="org.eclipse.jdt.core.tests.compiler.parser.CompletionParserTest2" time="0.001"/>
  <testcase name="test0019 - 1.8" classname="org.eclipse.jdt.core.tests.compiler.parser.CompletionParserTestKeyword" time="0"/>
  <testcase name="test0019 - 1.8" classname="org.eclipse.jdt.core.tests.compiler.parser.StatementRecoveryTest" time="0.001"/>
  <testcase name="test0019 - 1.8" classname="org.eclipse.jdt.core.tests.compiler.parser.ComplianceDiagnoseTest" time="0.001"/>
  <testcase name="test0019 - 1.8" classname="org.eclipse.jdt.core.tests.compiler.parser.GenericsCompletionParserTest" time="0.001"/>
  <testcase name="test0019 - 1.8" classname="org.eclipse.jdt.core.tests.compiler.parser.AnnotationCompletionParserTest" time="0"/>
  <testcase name="test0019 - 1.8" classname="org.eclipse.jdt.core.tests.compiler.parser.GenericsSelectionTest" time="0"/>
  <testcase name="test0019 - 1.8" classname="org.eclipse.jdt.core.tests.compiler.parser.GenericDietRecoveryTest" time="0.003"/>
  <testcase name="test0019 - 1.8" classname="org.eclipse.jdt.core.tests.compiler.parser.AnnotationDietRecoveryTest" time="0.002"/>
  <testcase name="test0019 - 1.8" classname="org.eclipse.jdt.core.tests.compiler.parser.LambdaExpressionSyntaxTest" time="0"/>
  <testcase name="test0019 - 1.8" classname="org.eclipse.jdt.core.tests.compiler.parser.ReferenceExpressionSyntaxTest" time="0"/>
  <testcase name="test0019 - 1.8" classname="org.eclipse.jdt.core.tests.compiler.parser.TypeAnnotationSyntaxTest" time="0.001"/>
  <testcase name="test0020_Diet - 1.8" classname="org.eclipse.jdt.core.tests.compiler.parser.CompletionParserTest2" time="0"/>
  <testcase name="test0020_Method - 1.8" classname="org.eclipse.jdt.core.tests.compiler.parser.CompletionParserTest2" time="0"/>
  <testcase name="test0021_Diet - 1.8" classname="org.eclipse.jdt.core.tests.compiler.parser.CompletionParserTest2" time="0"/>
  <testcase name="test0021_Diet - 1.8" classname="org.eclipse.jdt.core.tests.compiler.parser.CompletionParserTestKeyword" time="0"/>
  <testcase name="test0021_Method - 1.8" classname="org.eclipse.jdt.core.tests.compiler.parser.CompletionParserTest2" time="0.001"/>
  <testcase name="test0021_Method - 1.8" classname="org.eclipse.jdt.core.tests.compiler.parser.CompletionParserTestKeyword" time="0"/>
  <testcase name="test0022 - 1.8" classname="org.eclipse.jdt.core.tests.compiler.parser.CompletionParserTest2" time="0"/>
  <testcase name="test0022 - 1.8" classname="org.eclipse.jdt.core.tests.compiler.parser.StatementRecoveryTest" time="0.001"/>
  <testcase name="test0022 - 1.8" classname="org.eclipse.jdt.core.tests.compiler.parser.ComplianceDiagnoseTest" time="0.001"/>
  <testcase name="test0022 - 1.8" classname="org.eclipse.jdt.core.tests.compiler.parser.GenericsCompletionParserTest" time="0.001"/>
  <testcase name="test0022 - 1.8" classname="org.eclipse.jdt.core.tests.compiler.parser.AnnotationCompletionParserTest" time="0.001"/>
  <testcase name="test0022 - 1.8" classname="org.eclipse.jdt.core.tests.compiler.parser.GenericsSelectionTest" time="0"/>
  <testcase name="test0022 - 1.8" classname="org.eclipse.jdt.core.tests.compiler.parser.GenericDietRecoveryTest" time="0.002"/>
  <testcase name="test0022 - 1.8" classname="org.eclipse.jdt.core.tests.compiler.parser.AnnotationDietRecoveryTest" time="0.004"/>
  <testcase name="test0022 - 1.8" classname="org.eclipse.jdt.core.tests.compiler.parser.TypeAnnotationSyntaxTest" time="0.001"/>
  <testcase name="test0023_Diet - 1.8" classname="org.eclipse.jdt.core.tests.compiler.parser.CompletionParserTest2" time="0"/>
  <testcase name="test0023_Diet - 1.8" classname="org.eclipse.jdt.core.tests.compiler.parser.CompletionParserTestKeyword" time="0"/>
  <testcase name="test0023_Method - 1.8" classname="org.eclipse.jdt.core.tests.compiler.parser.CompletionParserTest2" time="0"/>
  <testcase name="test0023_Method - 1.8" classname="org.eclipse.jdt.core.tests.compiler.parser.CompletionParserTestKeyword" time="0"/>
  <testcase name="test0024_Diet - 1.8" classname="org.eclipse.jdt.core.tests.compiler.parser.CompletionParserTest2" time="0.001"/>
  <testcase name="test0024_Diet - 1.8" classname="org.eclipse.jdt.core.tests.compiler.parser.CompletionParserTestKeyword" time="0"/>
  <testcase name="test0024_Diet - 1.8" classname="org.eclipse.jdt.core.tests.compiler.parser.AnnotationCompletionParserTest" time="0"/>
  <testcase name="test0024_Method - 1.8" classname="org.eclipse.jdt.core.tests.compiler.parser.CompletionParserTest2" time="0"/>
  <testcase name="test0024_Method - 1.8" classname="org.eclipse.jdt.core.tests.compiler.parser.CompletionParserTestKeyword" time="0"/>
  <testcase name="test0024_Method - 1.8" classname="org.eclipse.jdt.core.tests.compiler.parser.AnnotationCompletionParserTest" time="0"/>
  <testcase name="test0025 - 1.8" classname="org.eclipse.jdt.core.tests.compiler.parser.CompletionParserTest2" time="0"/>
  <testcase name="test0025 - 1.8" classname="org.eclipse.jdt.core.tests.compiler.parser.StatementRecoveryTest" time="0.001"/>
  <testcase name="test0025 - 1.8" classname="org.eclipse.jdt.core.tests.compiler.parser.ComplianceDiagnoseTest" time="0.001"/>
  <testcase name="test0025 - 1.8" classname="org.eclipse.jdt.core.tests.compiler.parser.GenericsCompletionParserTest" time="0"/>
  <testcase name="test0025 - 1.8" classname="org.eclipse.jdt.core.tests.compiler.parser.AnnotationCompletionParserTest" time="0.001"/>
  <testcase name="test0025 - 1.8" classname="org.eclipse.jdt.core.tests.compiler.parser.GenericDietRecoveryTest" time="0.002"/>
  <testcase name="test0025 - 1.8" classname="org.eclipse.jdt.core.tests.compiler.parser.AnnotationDietRecoveryTest" time="0.002"/>
  <testcase name="test0025 - 1.8" classname="org.eclipse.jdt.core.tests.compiler.parser.TypeAnnotationSyntaxTest" time="0.001"/>
  <testcase name="test0026_Diet - 1.8" classname="org.eclipse.jdt.core.tests.compiler.parser.CompletionParserTest2" time="0"/>
  <testcase name="test0026_Diet - 1.8" classname="org.eclipse.jdt.core.tests.compiler.parser.CompletionParserTestKeyword" time="0.001"/>
  <testcase name="test0026_Method - 1.8" classname="org.eclipse.jdt.core.tests.compiler.parser.CompletionParserTest2" time="0.001"/>
  <testcase name="test0026_Method - 1.8" classname="org.eclipse.jdt.core.tests.compiler.parser.CompletionParserTestKeyword" time="0"/>
  <testcase name="test0027_Diet - 1.8" classname="org.eclipse.jdt.core.tests.compiler.parser.CompletionParserTest2" time="0"/>
  <testcase name="test0027_Diet - 1.8" classname="org.eclipse.jdt.core.tests.compiler.parser.CompletionParserTestKeyword" time="0"/>
  <testcase name="test0027_Method - 1.8" classname="org.eclipse.jdt.core.tests.compiler.parser.CompletionParserTest2" time="0"/>
  <testcase name="test0027_Method - 1.8" classname="org.eclipse.jdt.core.tests.compiler.parser.CompletionParserTestKeyword" time="0"/>
  <testcase name="test0028 - 1.8" classname="org.eclipse.jdt.core.tests.compiler.parser.CompletionParserTest2" time="0"/>
  <testcase name="test0028 - 1.8" classname="org.eclipse.jdt.core.tests.compiler.parser.StatementRecoveryTest" time="0.001"/>
  <testcase name="test0028 - 1.8" classname="org.eclipse.jdt.core.tests.compiler.parser.ComplianceDiagnoseTest" time="0"/>
  <testcase name="test0028 - 1.8" classname="org.eclipse.jdt.core.tests.compiler.parser.GenericsCompletionParserTest" time="0"/>
  <testcase name="test0028 - 1.8" classname="org.eclipse.jdt.core.tests.compiler.parser.AnnotationDietRecoveryTest" time="0.002"/>
  <testcase name="test0028 - 1.8" classname="org.eclipse.jdt.core.tests.compiler.parser.TypeAnnotationSyntaxTest" time="0"/>
  <testcase name="test0029_Diet - 1.8" classname="org.eclipse.jdt.core.tests.compiler.parser.CompletionParserTest2" time="0.001"/>
  <testcase name="test0029_Diet - 1.8" classname="org.eclipse.jdt.core.tests.compiler.parser.AnnotationCompletionParserTest" time="0"/>
  <testcase name="test0029_Method - 1.8" classname="org.eclipse.jdt.core.tests.compiler.parser.CompletionParserTest2" time="0"/>
  <testcase name="test0029_Method - 1.8" classname="org.eclipse.jdt.core.tests.compiler.parser.AnnotationCompletionParserTest" time="0"/>
  <testcase name="test0030_Diet - 1.8" classname="org.eclipse.jdt.core.tests.compiler.parser.CompletionParserTest2" time="0"/>
  <testcase name="test0030_Diet - 1.8" classname="org.eclipse.jdt.core.tests.compiler.parser.GenericsCompletionParserTest" time="0"/>
  <testcase name="test0030_Method - 1.8" classname="org.eclipse.jdt.core.tests.compiler.parser.CompletionParserTest2" time="0"/>
  <testcase name="test0030_Method - 1.8" classname="org.eclipse.jdt.core.tests.compiler.parser.GenericsCompletionParserTest" time="0"/>
  <testcase name="test0031_Diet - 1.8" classname="org.eclipse.jdt.core.tests.compiler.parser.CompletionParserTest2" time="0.001"/>
  <testcase name="test0031_Diet - 1.8" classname="org.eclipse.jdt.core.tests.compiler.parser.GenericsCompletionParserTest" time="0"/>
  <testcase name="test0031_Method - 1.8" classname="org.eclipse.jdt.core.tests.compiler.parser.CompletionParserTest2" time="0"/>
  <testcase name="test0031_Method - 1.8" classname="org.eclipse.jdt.core.tests.compiler.parser.GenericsCompletionParserTest" time="0"/>
  <testcase name="test0032_Diet - 1.8" classname="org.eclipse.jdt.core.tests.compiler.parser.CompletionParserTest2" time="0"/>
  <testcase name="test0032_Diet - 1.8" classname="org.eclipse.jdt.core.tests.compiler.parser.GenericsCompletionParserTest" time="0"/>
  <testcase name="test0032_Method - 1.8" classname="org.eclipse.jdt.core.tests.compiler.parser.CompletionParserTest2" time="0"/>
  <testcase name="test0032_Method - 1.8" classname="org.eclipse.jdt.core.tests.compiler.parser.GenericsCompletionParserTest" time="0"/>
  <testcase name="test0033_Diet - 1.8" classname="org.eclipse.jdt.core.tests.compiler.parser.CompletionParserTest2" time="0.001"/>
  <testcase name="test0033_Diet - 1.8" classname="org.eclipse.jdt.core.tests.compiler.parser.GenericsCompletionParserTest" time="0.001"/>
  <testcase name="test0033_Method - 1.8" classname="org.eclipse.jdt.core.tests.compiler.parser.CompletionParserTest2" time="0"/>
  <testcase name="test0033_Method - 1.8" classname="org.eclipse.jdt.core.tests.compiler.parser.GenericsCompletionParserTest" time="0"/>
  <testcase name="test0034_Diet - 1.8" classname="org.eclipse.jdt.core.tests.compiler.parser.CompletionParserTest2" time="0"/>
  <testcase name="test0034_Diet - 1.8" classname="org.eclipse.jdt.core.tests.compiler.parser.GenericsCompletionParserTest" time="0"/>
  <testcase name="test0034_Diet - 1.8" classname="org.eclipse.jdt.core.tests.compiler.parser.AnnotationCompletionParserTest" time="0"/>
  <testcase name="test0034_Method - 1.8" classname="org.eclipse.jdt.core.tests.compiler.parser.CompletionParserTest2" time="0"/>
  <testcase name="test0034_Method - 1.8" classname="org.eclipse.jdt.core.tests.compiler.parser.GenericsCompletionParserTest" time="0"/>
  <testcase name="test0034_Method - 1.8" classname="org.eclipse.jdt.core.tests.compiler.parser.AnnotationCompletionParserTest" time="0"/>
  <testcase name="test0035_Diet - 1.8" classname="org.eclipse.jdt.core.tests.compiler.parser.CompletionParserTest2" time="0.001"/>
  <testcase name="test0035_Diet - 1.8" classname="org.eclipse.jdt.core.tests.compiler.parser.GenericsCompletionParserTest" time="0.001"/>
  <testcase name="test0035_Diet - 1.8" classname="org.eclipse.jdt.core.tests.compiler.parser.AnnotationCompletionParserTest" time="0"/>
  <testcase name="test0035_Method - 1.8" classname="org.eclipse.jdt.core.tests.compiler.parser.CompletionParserTest2" time="0"/>
  <testcase name="test0035_Method - 1.8" classname="org.eclipse.jdt.core.tests.compiler.parser.GenericsCompletionParserTest" time="0"/>
  <testcase name="test0035_Method - 1.8" classname="org.eclipse.jdt.core.tests.compiler.parser.AnnotationCompletionParserTest" time="0"/>
  <testcase name="test0036_Diet - 1.8" classname="org.eclipse.jdt.core.tests.compiler.parser.CompletionParserTest2" time="0"/>
  <testcase name="test0036_Diet - 1.8" classname="org.eclipse.jdt.core.tests.compiler.parser.GenericsCompletionParserTest" time="0"/>
  <testcase name="test0036_Method - 1.8" classname="org.eclipse.jdt.core.tests.compiler.parser.CompletionParserTest2" time="0"/>
  <testcase name="test0036_Method - 1.8" classname="org.eclipse.jdt.core.tests.compiler.parser.GenericsCompletionParserTest" time="0"/>
  <testcase name="test0037 - 1.8" classname="org.eclipse.jdt.core.tests.compiler.parser.CompletionParserTest2" time="0.001"/>
  <testcase name="test0037 - 1.8" classname="org.eclipse.jdt.core.tests.compiler.parser.StatementRecoveryTest" time="0.001"/>
  <testcase name="test0037 - 1.8" classname="org.eclipse.jdt.core.tests.compiler.parser.ComplianceDiagnoseTest" time="0.001"/>
  <testcase name="test0037 - 1.8" classname="org.eclipse.jdt.core.tests.compiler.parser.AnnotationCompletionParserTest" time="0"/>
  <testcase name="test0037 - 1.8" classname="org.eclipse.jdt.core.tests.compiler.parser.AnnotationDietRecoveryTest" time="0.001"/>
  <testcase name="test0037 - 1.8" classname="org.eclipse.jdt.core.tests.compiler.parser.TypeAnnotationSyntaxTest" time="0.001"/>
  <testcase name="test0038_Diet - 1.8" classname="org.eclipse.jdt.core.tests.compiler.parser.CompletionParserTest2" time="0"/>
  <testcase name="test0038_Diet - 1.8" classname="org.eclipse.jdt.core.tests.compiler.parser.CompletionParserTestKeyword" time="0"/>
  <testcase name="test0038_Diet - 1.8" classname="org.eclipse.jdt.core.tests.compiler.parser.GenericsCompletionParserTest" time="0"/>
  <testcase name="test0038_Method - 1.8" classname="org.eclipse.jdt.core.tests.compiler.parser.CompletionParserTest2" time="0"/>
  <testcase name="test0038_Method - 1.8" classname="org.eclipse.jdt.core.tests.compiler.parser.CompletionParserTestKeyword" time="0"/>
  <testcase name="test0038_Method - 1.8" classname="org.eclipse.jdt.core.tests.compiler.parser.GenericsCompletionParserTest" time="0"/>
  <testcase name="test0039_Diet - 1.8" classname="org.eclipse.jdt.core.tests.compiler.parser.CompletionParserTest2" time="0"/>
  <testcase name="test0039_Diet - 1.8" classname="org.eclipse.jdt.core.tests.compiler.parser.CompletionParserTestKeyword" time="0"/>
  <testcase name="test0039_Diet - 1.8" classname="org.eclipse.jdt.core.tests.compiler.parser.GenericsCompletionParserTest" time="0"/>
  <testcase name="test0039_Method - 1.8" classname="org.eclipse.jdt.core.tests.compiler.parser.CompletionParserTest2" time="0.001"/>
  <testcase name="test0039_Method - 1.8" classname="org.eclipse.jdt.core.tests.compiler.parser.CompletionParserTestKeyword" time="0.001"/>
  <testcase name="test0039_Method - 1.8" classname="org.eclipse.jdt.core.tests.compiler.parser.GenericsCompletionParserTest" time="0"/>
  <testcase name="test0040 - 1.8" classname="org.eclipse.jdt.core.tests.compiler.parser.CompletionParserTest2" time="0"/>
  <testcase name="test0040 - 1.8" classname="org.eclipse.jdt.core.tests.compiler.parser.StatementRecoveryTest" time="0.001"/>
  <testcase name="test0040 - 1.8" classname="org.eclipse.jdt.core.tests.compiler.parser.ComplianceDiagnoseTest" time="0.001"/>
  <testcase name="test0040 - 1.8" classname="org.eclipse.jdt.core.tests.compiler.parser.AnnotationDietRecoveryTest" time="0.001"/>
  <testcase name="test0040 - 1.8" classname="org.eclipse.jdt.core.tests.compiler.parser.TypeAnnotationSyntaxTest" time="0"/>
  <testcase name="test0041_Diet - 1.8" classname="org.eclipse.jdt.core.tests.compiler.parser.CompletionParserTest2" time="0"/>
  <testcase name="test0041_Diet - 1.8" classname="org.eclipse.jdt.core.tests.compiler.parser.CompletionParserTestKeyword" time="0"/>
  <testcase name="test0041_Diet - 1.8" classname="org.eclipse.jdt.core.tests.compiler.parser.GenericsCompletionParserTest" time="0"/>
  <testcase name="test0041_Diet - 1.8" classname="org.eclipse.jdt.core.tests.compiler.parser.AnnotationCompletionParserTest" time="0"/>
  <testcase name="test0041_Method - 1.8" classname="org.eclipse.jdt.core.tests.compiler.parser.CompletionParserTest2" time="0"/>
  <testcase name="test0041_Method - 1.8" classname="org.eclipse.jdt.core.tests.compiler.parser.CompletionParserTestKeyword" time="0.001"/>
  <testcase name="test0041_Method - 1.8" classname="org.eclipse.jdt.core.tests.compiler.parser.GenericsCompletionParserTest" time="0"/>
  <testcase name="test0041_Method - 1.8" classname="org.eclipse.jdt.core.tests.compiler.parser.AnnotationCompletionParserTest" time="0"/>
  <testcase name="test0042_Diet - 1.8" classname="org.eclipse.jdt.core.tests.compiler.parser.CompletionParserTest2" time="0"/>
  <testcase name="test0042_Diet - 1.8" classname="org.eclipse.jdt.core.tests.compiler.parser.CompletionParserTestKeyword" time="0"/>
  <testcase name="test0042_Diet - 1.8" classname="org.eclipse.jdt.core.tests.compiler.parser.GenericsCompletionParserTest" time="0.001"/>
  <testcase name="test0042_Method - 1.8" classname="org.eclipse.jdt.core.tests.compiler.parser.CompletionParserTest2" time="0"/>
  <testcase name="test0042_Method - 1.8" classname="org.eclipse.jdt.core.tests.compiler.parser.CompletionParserTestKeyword" time="0"/>
  <testcase name="test0042_Method - 1.8" classname="org.eclipse.jdt.core.tests.compiler.parser.GenericsCompletionParserTest" time="0"/>
  <testcase name="test0043 - 1.8" classname="org.eclipse.jdt.core.tests.compiler.parser.CompletionParserTest2" time="0"/>
  <testcase name="test0043 - 1.8" classname="org.eclipse.jdt.core.tests.compiler.parser.StatementRecoveryTest" time="0.001"/>
  <testcase name="test0043 - 1.8" classname="org.eclipse.jdt.core.tests.compiler.parser.ComplianceDiagnoseTest" time="0"/>
  <testcase name="test0043 - 1.8" classname="org.eclipse.jdt.core.tests.compiler.parser.AnnotationCompletionParserTest" time="0"/>
  <testcase name="test0043 - 1.8" classname="org.eclipse.jdt.core.tests.compiler.parser.TypeAnnotationSyntaxTest" time="0.001"/>
  <testcase name="test0044_Diet - 1.8" classname="org.eclipse.jdt.core.tests.compiler.parser.CompletionParserTest2" time="0"/>
  <testcase name="test0044_Diet - 1.8" classname="org.eclipse.jdt.core.tests.compiler.parser.CompletionParserTestKeyword" time="0"/>
  <testcase name="test0044_Diet - 1.8" classname="org.eclipse.jdt.core.tests.compiler.parser.GenericsCompletionParserTest" time="0"/>
  <testcase name="test0044_Method - 1.8" classname="org.eclipse.jdt.core.tests.compiler.parser.CompletionParserTest2" time="0"/>
  <testcase name="test0044_Method - 1.8" classname="org.eclipse.jdt.core.tests.compiler.parser.CompletionParserTestKeyword" time="0"/>
  <testcase name="test0044_Method - 1.8" classname="org.eclipse.jdt.core.tests.compiler.parser.GenericsCompletionParserTest" time="0"/>
  <testcase name="test0045_Diet - 1.8" classname="org.eclipse.jdt.core.tests.compiler.parser.CompletionParserTest2" time="0.001"/>
  <testcase name="test0045_Diet - 1.8" classname="org.eclipse.jdt.core.tests.compiler.parser.CompletionParserTestKeyword" time="0"/>
  <testcase name="test0045_Diet - 1.8" classname="org.eclipse.jdt.core.tests.compiler.parser.GenericsCompletionParserTest" time="0"/>
  <testcase name="test0045_Method - 1.8" classname="org.eclipse.jdt.core.tests.compiler.parser.CompletionParserTest2" time="0"/>
  <testcase name="test0045_Method - 1.8" classname="org.eclipse.jdt.core.tests.compiler.parser.CompletionParserTestKeyword" time="0"/>
  <testcase name="test0045_Method - 1.8" classname="org.eclipse.jdt.core.tests.compiler.parser.GenericsCompletionParserTest" time="0.001"/>
  <testcase name="test0046 - 1.8" classname="org.eclipse.jdt.core.tests.compiler.parser.CompletionParserTest2" time="0"/>
  <testcase name="test0046 - 1.8" classname="org.eclipse.jdt.core.tests.compiler.parser.StatementRecoveryTest" time="0.001"/>
  <testcase name="test0046 - 1.8" classname="org.eclipse.jdt.core.tests.compiler.parser.ComplianceDiagnoseTest" time="0.004"/>
  <testcase name="test0046 - 1.8" classname="org.eclipse.jdt.core.tests.compiler.parser.TypeAnnotationSyntaxTest" time="0.001"/>
  <testcase name="test0047_Diet - 1.8" classname="org.eclipse.jdt.core.tests.compiler.parser.CompletionParserTest2" time="0"/>
  <testcase name="test0047_Diet - 1.8" classname="org.eclipse.jdt.core.tests.compiler.parser.GenericsCompletionParserTest" time="0"/>
  <testcase name="test0047_Diet - 1.8" classname="org.eclipse.jdt.core.tests.compiler.parser.AnnotationCompletionParserTest" time="0"/>
  <testcase name="test0047_Method - 1.8" classname="org.eclipse.jdt.core.tests.compiler.parser.CompletionParserTest2" time="0"/>
  <testcase name="test0047_Method - 1.8" classname="org.eclipse.jdt.core.tests.compiler.parser.GenericsCompletionParserTest" time="0"/>
  <testcase name="test0047_Method - 1.8" classname="org.eclipse.jdt.core.tests.compiler.parser.AnnotationCompletionParserTest" time="0"/>
  <testcase name="test0048_Diet - 1.8" classname="org.eclipse.jdt.core.tests.compiler.parser.CompletionParserTest2" time="0.001"/>
  <testcase name="test0048_Diet - 1.8" classname="org.eclipse.jdt.core.tests.compiler.parser.GenericsCompletionParserTest" time="0"/>
  <testcase name="test0048_Method - 1.8" classname="org.eclipse.jdt.core.tests.compiler.parser.CompletionParserTest2" time="0"/>
  <testcase name="test0048_Method - 1.8" classname="org.eclipse.jdt.core.tests.compiler.parser.GenericsCompletionParserTest" time="0"/>
  <testcase name="test0049 - 1.8" classname="org.eclipse.jdt.core.tests.compiler.parser.CompletionParserTest2" time="0"/>
  <testcase name="test0049 - 1.8" classname="org.eclipse.jdt.core.tests.compiler.parser.CompletionParserTestKeyword" time="0"/>
  <testcase name="test0049 - 1.8" classname="org.eclipse.jdt.core.tests.compiler.parser.ComplianceDiagnoseTest" time="0.002"/>
  <testcase name="test0049 - 1.8" classname="org.eclipse.jdt.core.tests.compiler.parser.AnnotationCompletionParserTest" time="0"/>
  <testcase name="test0049 - 1.8" classname="org.eclipse.jdt.core.tests.compiler.parser.TypeAnnotationSyntaxTest" time="0.001"/>
  <testcase name="test0050_Diet - 1.8" classname="org.eclipse.jdt.core.tests.compiler.parser.CompletionParserTest2" time="0"/>
  <testcase name="test0050_Diet - 1.8" classname="org.eclipse.jdt.core.tests.compiler.parser.GenericsCompletionParserTest" time="0"/>
  <testcase name="test0050_Method - 1.8" classname="org.eclipse.jdt.core.tests.compiler.parser.CompletionParserTest2" time="0"/>
  <testcase name="test0050_Method - 1.8" classname="org.eclipse.jdt.core.tests.compiler.parser.GenericsCompletionParserTest" time="0"/>
  <testcase name="test0051_Diet - 1.8" classname="org.eclipse.jdt.core.tests.compiler.parser.CompletionParserTest2" time="0"/>
  <testcase name="test0051_Diet - 1.8" classname="org.eclipse.jdt.core.tests.compiler.parser.GenericsCompletionParserTest" time="0"/>
  <testcase name="test0051_Method - 1.8" classname="org.eclipse.jdt.core.tests.compiler.parser.CompletionParserTest2" time="0"/>
  <testcase name="test0051_Method - 1.8" classname="org.eclipse.jdt.core.tests.compiler.parser.GenericsCompletionParserTest" time="0"/>
  <testcase name="test0052 - 1.8" classname="org.eclipse.jdt.core.tests.compiler.parser.CompletionParserTest2" time="0"/>
  <testcase name="test0052 - 1.8" classname="org.eclipse.jdt.core.tests.compiler.parser.CompletionParserTestKeyword" time="0"/>
  <testcase name="test0052 - 1.8" classname="org.eclipse.jdt.core.tests.compiler.parser.ComplianceDiagnoseTest" time="0.001"/>
  <testcase name="test0052 - 1.8" classname="org.eclipse.jdt.core.tests.compiler.parser.TypeAnnotationSyntaxTest" time="0.001"/>
  <testcase name="test0053_Diet - 1.8" classname="org.eclipse.jdt.core.tests.compiler.parser.CompletionParserTest2" time="0"/>
  <testcase name="test0053_Diet - 1.8" classname="org.eclipse.jdt.core.tests.compiler.parser.GenericsCompletionParserTest" time="0"/>
  <testcase name="test0053_Diet - 1.8" classname="org.eclipse.jdt.core.tests.compiler.parser.AnnotationCompletionParserTest" time="0"/>
  <testcase name="test0053_Method - 1.8" classname="org.eclipse.jdt.core.tests.compiler.parser.CompletionParserTest2" time="0"/>
  <testcase name="test0053_Method - 1.8" classname="org.eclipse.jdt.core.tests.compiler.parser.GenericsCompletionParserTest" time="0"/>
  <testcase name="test0053_Method - 1.8" classname="org.eclipse.jdt.core.tests.compiler.parser.AnnotationCompletionParserTest" time="0.001"/>
  <testcase name="test0054_Diet - 1.8" classname="org.eclipse.jdt.core.tests.compiler.parser.CompletionParserTest2" time="0"/>
  <testcase name="test0054_Diet - 1.8" classname="org.eclipse.jdt.core.tests.compiler.parser.GenericsCompletionParserTest" time="0"/>
  <testcase name="test0054_Method - 1.8" classname="org.eclipse.jdt.core.tests.compiler.parser.CompletionParserTest2" time="0"/>
  <testcase name="test0054_Method - 1.8" classname="org.eclipse.jdt.core.tests.compiler.parser.GenericsCompletionParserTest" time="0"/>
  <testcase name="test0055 - 1.8" classname="org.eclipse.jdt.core.tests.compiler.parser.CompletionParserTest2" time="0"/>
  <testcase name="test0055 - 1.8" classname="org.eclipse.jdt.core.tests.compiler.parser.ComplianceDiagnoseTest" time="0"/>
  <testcase name="test0055 - 1.8" classname="org.eclipse.jdt.core.tests.compiler.parser.AnnotationCompletionParserTest" time="0"/>
  <testcase name="test0055 - 1.8" classname="org.eclipse.jdt.core.tests.compiler.parser.TypeAnnotationSyntaxTest" time="0"/>
  <testcase name="test0056_Diet - 1.8" classname="org.eclipse.jdt.core.tests.compiler.parser.CompletionParserTest2" time="0"/>
  <testcase name="test0056_Diet - 1.8" classname="org.eclipse.jdt.core.tests.compiler.parser.CompletionParserTestKeyword" time="0"/>
  <testcase name="test0056_Diet - 1.8" classname="org.eclipse.jdt.core.tests.compiler.parser.GenericsCompletionParserTest" time="0.001"/>
  <testcase name="test0056_Method - 1.8" classname="org.eclipse.jdt.core.tests.compiler.parser.CompletionParserTest2" time="0.001"/>
  <testcase name="test0056_Method - 1.8" classname="org.eclipse.jdt.core.tests.compiler.parser.CompletionParserTestKeyword" time="0"/>
  <testcase name="test0056_Method - 1.8" classname="org.eclipse.jdt.core.tests.compiler.parser.GenericsCompletionParserTest" time="0"/>
  <testcase name="test0057_Diet - 1.8" classname="org.eclipse.jdt.core.tests.compiler.parser.CompletionParserTest2" time="0"/>
  <testcase name="test0057_Diet - 1.8" classname="org.eclipse.jdt.core.tests.compiler.parser.CompletionParserTestKeyword" time="0"/>
  <testcase name="test0057_Diet - 1.8" classname="org.eclipse.jdt.core.tests.compiler.parser.GenericsCompletionParserTest" time="0"/>
  <testcase name="test0057_Method - 1.8" classname="org.eclipse.jdt.core.tests.compiler.parser.CompletionParserTest2" time="0"/>
  <testcase name="test0057_Method - 1.8" classname="org.eclipse.jdt.core.tests.compiler.parser.CompletionParserTestKeyword" time="0"/>
  <testcase name="test0057_Method - 1.8" classname="org.eclipse.jdt.core.tests.compiler.parser.GenericsCompletionParserTest" time="0"/>
  <testcase name="test0058 - 1.8" classname="org.eclipse.jdt.core.tests.compiler.parser.CompletionParserTest2" time="0"/>
  <testcase name="test0058 - 1.8" classname="org.eclipse.jdt.core.tests.compiler.parser.ComplianceDiagnoseTest" time="0"/>
  <testcase name="test0058 - 1.8" classname="org.eclipse.jdt.core.tests.compiler.parser.TypeAnnotationSyntaxTest" time="0.001"/>
  <testcase name="test0059_Diet - 1.8" classname="org.eclipse.jdt.core.tests.compiler.parser.CompletionParserTest2" time="0"/>
  <testcase name="test0059_Diet - 1.8" classname="org.eclipse.jdt.core.tests.compiler.parser.CompletionParserTestKeyword" time="0"/>
  <testcase name="test0059_Diet - 1.8" classname="org.eclipse.jdt.core.tests.compiler.parser.AnnotationCompletionParserTest" time="0"/>
  <testcase name="test0059_Method - 1.8" classname="org.eclipse.jdt.core.tests.compiler.parser.CompletionParserTest2" time="0"/>
  <testcase name="test0059_Method - 1.8" classname="org.eclipse.jdt.core.tests.compiler.parser.CompletionParserTestKeyword" time="0"/>
  <testcase name="test0059_Method - 1.8" classname="org.eclipse.jdt.core.tests.compiler.parser.AnnotationCompletionParserTest" time="0"/>
  <testcase name="test0060_Diet - 1.8" classname="org.eclipse.jdt.core.tests.compiler.parser.CompletionParserTest2" time="0"/>
  <testcase name="test0060_Method - 1.8" classname="org.eclipse.jdt.core.tests.compiler.parser.CompletionParserTest2" time="0"/>
  <testcase name="test0061 - 1.8" classname="org.eclipse.jdt.core.tests.compiler.parser.CompletionParserTest2" time="0"/>
  <testcase name="test0061 - 1.8" classname="org.eclipse.jdt.core.tests.compiler.parser.CompletionParserTestKeyword" time="0"/>
  <testcase name="test0061 - 1.8" classname="org.eclipse.jdt.core.tests.compiler.parser.ComplianceDiagnoseTest" time="0"/>
  <testcase name="test0061 - 1.8" classname="org.eclipse.jdt.core.tests.compiler.parser.GenericsCompletionParserTest" time="0"/>
  <testcase name="test0061 - 1.8" classname="org.eclipse.jdt.core.tests.compiler.parser.AnnotationCompletionParserTest" time="0.001"/>
  <testcase name="test0061 - 1.8" classname="org.eclipse.jdt.core.tests.compiler.parser.TypeAnnotationSyntaxTest" time="0.003"/>
  <testcase name="test0062_Diet - 1.8" classname="org.eclipse.jdt.core.tests.compiler.parser.CompletionParserTest2" time="0"/>
  <testcase name="test0062_Method - 1.8" classname="org.eclipse.jdt.core.tests.compiler.parser.CompletionParserTest2" time="0"/>
  <testcase name="test0063_Diet - 1.8" classname="org.eclipse.jdt.core.tests.compiler.parser.CompletionParserTest2" time="0.001"/>
  <testcase name="test0063_Method - 1.8" classname="org.eclipse.jdt.core.tests.compiler.parser.CompletionParserTest2" time="0"/>
  <testcase name="test0064 - 1.8" classname="org.eclipse.jdt.core.tests.compiler.parser.CompletionParserTest2" time="0"/>
  <testcase name="test0064 - 1.8" classname="org.eclipse.jdt.core.tests.compiler.parser.CompletionParserTestKeyword" time="0"/>
  <testcase name="test0064 - 1.8" classname="org.eclipse.jdt.core.tests.compiler.parser.ComplianceDiagnoseTest" time="0"/>
  <testcase name="test0064 - 1.8" classname="org.eclipse.jdt.core.tests.compiler.parser.GenericsCompletionParserTest" time="0"/>
  <testcase name="test0064 - 1.8" classname="org.eclipse.jdt.core.tests.compiler.parser.TypeAnnotationSyntaxTest" time="0"/>
  <testcase name="test0065_Diet - 1.8" classname="org.eclipse.jdt.core.tests.compiler.parser.CompletionParserTest2" time="0"/>
  <testcase name="test0065_Diet - 1.8" classname="org.eclipse.jdt.core.tests.compiler.parser.AnnotationCompletionParserTest" time="0"/>
  <testcase name="test0065_Method - 1.8" classname="org.eclipse.jdt.core.tests.compiler.parser.CompletionParserTest2" time="0"/>
  <testcase name="test0065_Method - 1.8" classname="org.eclipse.jdt.core.tests.compiler.parser.AnnotationCompletionParserTest" time="0"/>
  <testcase name="test0066_Diet - 1.8" classname="org.eclipse.jdt.core.tests.compiler.parser.CompletionParserTest2" time="0"/>
  <testcase name="test0066_Method - 1.8" classname="org.eclipse.jdt.core.tests.compiler.parser.CompletionParserTest2" time="0"/>
  <testcase name="test0067_Diet - 1.8" classname="org.eclipse.jdt.core.tests.compiler.parser.CompletionParserTest2" time="0"/>
  <testcase name="test0067_Method - 1.8" classname="org.eclipse.jdt.core.tests.compiler.parser.CompletionParserTest2" time="0"/>
  <testcase name="test0068_Diet - 1.8" classname="org.eclipse.jdt.core.tests.compiler.parser.CompletionParserTest2" time="0"/>
  <testcase name="test0068_Method - 1.8" classname="org.eclipse.jdt.core.tests.compiler.parser.CompletionParserTest2" time="0"/>
  <testcase name="test0069_Diet - 1.8" classname="org.eclipse.jdt.core.tests.compiler.parser.CompletionParserTest2" time="0.001"/>
  <testcase name="test0069_Method - 1.8" classname="org.eclipse.jdt.core.tests.compiler.parser.CompletionParserTest2" time="0"/>
  <testcase name="test0070_Diet - 1.8" classname="org.eclipse.jdt.core.tests.compiler.parser.CompletionParserTest2" time="0"/>
  <testcase name="test0070_Diet - 1.8" classname="org.eclipse.jdt.core.tests.compiler.parser.AnnotationCompletionParserTest" time="0"/>
  <testcase name="test0070_Method - 1.8" classname="org.eclipse.jdt.core.tests.compiler.parser.CompletionParserTest2" time="0"/>
  <testcase name="test0070_Method - 1.8" classname="org.eclipse.jdt.core.tests.compiler.parser.AnnotationCompletionParserTest" time="0.001"/>
  <testcase name="test0071_Diet - 1.8" classname="org.eclipse.jdt.core.tests.compiler.parser.CompletionParserTest2" time="0"/>
  <testcase name="test0071_Diet - 1.8" classname="org.eclipse.jdt.core.tests.compiler.parser.AnnotationCompletionParserTest" time="0"/>
  <testcase name="test0071_Method - 1.8" classname="org.eclipse.jdt.core.tests.compiler.parser.CompletionParserTest2" time="0"/>
  <testcase name="test0071_Method - 1.8" classname="org.eclipse.jdt.core.tests.compiler.parser.AnnotationCompletionParserTest" time="0"/>
  <testcase name="test0072_Diet - 1.8" classname="org.eclipse.jdt.core.tests.compiler.parser.CompletionParserTest2" time="0"/>
  <testcase name="test0072_Method - 1.8" classname="org.eclipse.jdt.core.tests.compiler.parser.CompletionParserTest2" time="0"/>
  <testcase name="test0073 - 1.8" classname="org.eclipse.jdt.core.tests.compiler.parser.CompletionParserTest2" time="0"/>
  <testcase name="test0073 - 1.8" classname="org.eclipse.jdt.core.tests.compiler.parser.CompletionParserTestKeyword" time="0"/>
  <testcase name="test0073 - 1.8" classname="org.eclipse.jdt.core.tests.compiler.parser.GenericsCompletionParserTest" time="0"/>
  <testcase name="test0073 - 1.8" classname="org.eclipse.jdt.core.tests.compiler.parser.AnnotationCompletionParserTest" time="0"/>
  <testcase name="test0073 - 1.8" classname="org.eclipse.jdt.core.tests.compiler.parser.TypeAnnotationSyntaxTest" time="0"/>
  <testcase name="test0074_Diet - 1.8" classname="org.eclipse.jdt.core.tests.compiler.parser.CompletionParserTest2" time="0"/>
  <testcase name="test0074_Method - 1.8" classname="org.eclipse.jdt.core.tests.compiler.parser.CompletionParserTest2" time="0"/>
  <testcase name="test0075_Diet - 1.8" classname="org.eclipse.jdt.core.tests.compiler.parser.CompletionParserTest2" time="0.001"/>
  <testcase name="test0075_Method - 1.8" classname="org.eclipse.jdt.core.tests.compiler.parser.CompletionParserTest2" time="0"/>
  <testcase name="test0076 - 1.8" classname="org.eclipse.jdt.core.tests.compiler.parser.CompletionParserTest2" time="0"/>
  <testcase name="test0076 - 1.8" classname="org.eclipse.jdt.core.tests.compiler.parser.CompletionParserTestKeyword" time="0"/>
  <testcase name="test0076 - 1.8" classname="org.eclipse.jdt.core.tests.compiler.parser.GenericsCompletionParserTest" time="0"/>
  <testcase name="test0076 - 1.8" classname="org.eclipse.jdt.core.tests.compiler.parser.AnnotationCompletionParserTest" time="0"/>
  <testcase name="test0076 - 1.8" classname="org.eclipse.jdt.core.tests.compiler.parser.TypeAnnotationSyntaxTest" time="0"/>
  <testcase name="test0077_Diet - 1.8" classname="org.eclipse.jdt.core.tests.compiler.parser.CompletionParserTest2" time="0"/>
  <testcase name="test0077_Method - 1.8" classname="org.eclipse.jdt.core.tests.compiler.parser.CompletionParserTest2" time="0"/>
  <testcase name="test0078_Diet - 1.8" classname="org.eclipse.jdt.core.tests.compiler.parser.CompletionParserTest2" time="0.001"/>
  <testcase name="test0078_Method - 1.8" classname="org.eclipse.jdt.core.tests.compiler.parser.CompletionParserTest2" time="0"/>
  <testcase name="test0079_Diet - 1.8" classname="org.eclipse.jdt.core.tests.compiler.parser.CompletionParserTest2" time="0"/>
  <testcase name="test0079_Method - 1.8" classname="org.eclipse.jdt.core.tests.compiler.parser.CompletionParserTest2" time="0"/>
  <testcase name="test0080_Diet - 1.8" classname="org.eclipse.jdt.core.tests.compiler.parser.CompletionParserTest2" time="0"/>
  <testcase name="test0080_Diet - 1.8" classname="org.eclipse.jdt.core.tests.compiler.parser.CompletionParserTestKeyword" time="0"/>
  <testcase name="test0080_Method - 1.8" classname="org.eclipse.jdt.core.tests.compiler.parser.CompletionParserTest2" time="0"/>
  <testcase name="test0080_Method - 1.8" classname="org.eclipse.jdt.core.tests.compiler.parser.CompletionParserTestKeyword" time="0"/>
  <testcase name="test0081_Diet - 1.8" classname="org.eclipse.jdt.core.tests.compiler.parser.CompletionParserTest2" time="0"/>
  <testcase name="test0081_Diet - 1.8" classname="org.eclipse.jdt.core.tests.compiler.parser.CompletionParserTestKeyword" time="0"/>
  <testcase name="test0081_Method - 1.8" classname="org.eclipse.jdt.core.tests.compiler.parser.CompletionParserTest2" time="0"/>
  <testcase name="test0081_Method - 1.8" classname="org.eclipse.jdt.core.tests.compiler.parser.CompletionParserTestKeyword" time="0"/>
  <testcase name="test0082_Diet - 1.8" classname="org.eclipse.jdt.core.tests.compiler.parser.CompletionParserTest2" time="0"/>
  <testcase name="test0082_Diet - 1.8" classname="org.eclipse.jdt.core.tests.compiler.parser.CompletionParserTestKeyword" time="0"/>
  <testcase name="test0082_Method - 1.8" classname="org.eclipse.jdt.core.tests.compiler.parser.CompletionParserTest2" time="0"/>
  <testcase name="test0082_Method - 1.8" classname="org.eclipse.jdt.core.tests.compiler.parser.CompletionParserTestKeyword" time="0"/>
  <testcase name="test0083_Diet - 1.8" classname="org.eclipse.jdt.core.tests.compiler.parser.CompletionParserTest2" time="0"/>
  <testcase name="test0083_Method - 1.8" classname="org.eclipse.jdt.core.tests.compiler.parser.CompletionParserTest2" time="0.001"/>
  <testcase name="test0084_Diet - 1.8" classname="org.eclipse.jdt.core.tests.compiler.parser.CompletionParserTest2" time="0"/>
  <testcase name="test0084_Method - 1.8" classname="org.eclipse.jdt.core.tests.compiler.parser.CompletionParserTest2" time="0"/>
  <testcase name="test0085_Diet - 1.8" classname="org.eclipse.jdt.core.tests.compiler.parser.CompletionParserTest2" time="0"/>
  <testcase name="test0085_Method - 1.8" classname="org.eclipse.jdt.core.tests.compiler.parser.CompletionParserTest2" time="0"/>
  <testcase name="test0086_Diet - 1.8" classname="org.eclipse.jdt.core.tests.compiler.parser.CompletionParserTest2" time="0.001"/>
  <testcase name="test0086_Method - 1.8" classname="org.eclipse.jdt.core.tests.compiler.parser.CompletionParserTest2" time="0"/>
  <testcase name="test0087_Diet - 1.8" classname="org.eclipse.jdt.core.tests.compiler.parser.CompletionParserTest2" time="0"/>
  <testcase name="test0087_Method - 1.8" classname="org.eclipse.jdt.core.tests.compiler.parser.CompletionParserTest2" time="0"/>
  <testcase name="test0088_Diet - 1.8" classname="org.eclipse.jdt.core.tests.compiler.parser.CompletionParserTest2" time="0"/>
  <testcase name="test0088_Method - 1.8" classname="org.eclipse.jdt.core.tests.compiler.parser.CompletionParserTest2" time="0.001"/>
  <testcase name="test0089_Diet - 1.8" classname="org.eclipse.jdt.core.tests.compiler.parser.CompletionParserTest2" time="0"/>
  <testcase name="test0089_Method - 1.8" classname="org.eclipse.jdt.core.tests.compiler.parser.CompletionParserTest2" time="0"/>
  <testcase name="test0090_Diet - 1.8" classname="org.eclipse.jdt.core.tests.compiler.parser.CompletionParserTest2" time="0"/>
  <testcase name="test0090_Diet - 1.8" classname="org.eclipse.jdt.core.tests.compiler.parser.CompletionParserTestKeyword" time="0"/>
  <testcase name="test0090_Method - 1.8" classname="org.eclipse.jdt.core.tests.compiler.parser.CompletionParserTest2" time="0"/>
  <testcase name="test0090_Method - 1.8" classname="org.eclipse.jdt.core.tests.compiler.parser.CompletionParserTestKeyword" time="0"/>
  <testcase name="test0091 - 1.8" classname="org.eclipse.jdt.core.tests.compiler.parser.CompletionParserTest2" time="0"/>
  <testcase name="test0091 - 1.8" classname="org.eclipse.jdt.core.tests.compiler.parser.GenericsCompletionParserTest" time="0"/>
  <testcase name="test0091 - 1.8" classname="org.eclipse.jdt.core.tests.compiler.parser.AnnotationCompletionParserTest" time="0"/>
  <testcase name="test0091 - 1.8" classname="org.eclipse.jdt.core.tests.compiler.parser.TypeAnnotationSyntaxTest" time="0.001"/>
  <testcase name="test0092_Diet - 1.8" classname="org.eclipse.jdt.core.tests.compiler.parser.CompletionParserTest2" time="0"/>
  <testcase name="test0092_Diet - 1.8" classname="org.eclipse.jdt.core.tests.compiler.parser.CompletionParserTestKeyword" time="0"/>
  <testcase name="test0092_Method - 1.8" classname="org.eclipse.jdt.core.tests.compiler.parser.CompletionParserTest2" time="0"/>
  <testcase name="test0092_Method - 1.8" classname="org.eclipse.jdt.core.tests.compiler.parser.CompletionParserTestKeyword" time="0"/>
  <testcase name="test0093_Diet - 1.8" classname="org.eclipse.jdt.core.tests.compiler.parser.CompletionParserTest2" time="0"/>
  <testcase name="test0093_Diet - 1.8" classname="org.eclipse.jdt.core.tests.compiler.parser.CompletionParserTestKeyword" time="0.001"/>
  <testcase name="test0093_Method - 1.8" classname="org.eclipse.jdt.core.tests.compiler.parser.CompletionParserTest2" time="0"/>
  <testcase name="test0093_Method - 1.8" classname="org.eclipse.jdt.core.tests.compiler.parser.CompletionParserTestKeyword" time="0"/>
  <testcase name="test0094 - 1.8" classname="org.eclipse.jdt.core.tests.compiler.parser.CompletionParserTest2" time="0"/>
  <testcase name="test0094 - 1.8" classname="org.eclipse.jdt.core.tests.compiler.parser.GenericsCompletionParserTest" time="0"/>
  <testcase name="test0094 - 1.8" classname="org.eclipse.jdt.core.tests.compiler.parser.AnnotationCompletionParserTest" time="0"/>
  <testcase name="test0094 - 1.8" classname="org.eclipse.jdt.core.tests.compiler.parser.TypeAnnotationSyntaxTest" time="0.001"/>
  <testcase name="test0095_Diet - 1.8" classname="org.eclipse.jdt.core.tests.compiler.parser.CompletionParserTest2" time="0"/>
  <testcase name="test0095_Diet - 1.8" classname="org.eclipse.jdt.core.tests.compiler.parser.CompletionParserTestKeyword" time="0.001"/>
  <testcase name="test0095_Method - 1.8" classname="org.eclipse.jdt.core.tests.compiler.parser.CompletionParserTest2" time="0"/>
  <testcase name="test0095_Method - 1.8" classname="org.eclipse.jdt.core.tests.compiler.parser.CompletionParserTestKeyword" time="0"/>
  <testcase name="test0096_Diet - 1.8" classname="org.eclipse.jdt.core.tests.compiler.parser.CompletionParserTest2" time="0"/>
  <testcase name="test0096_Diet - 1.8" classname="org.eclipse.jdt.core.tests.compiler.parser.CompletionParserTestKeyword" time="0"/>
  <testcase name="test0096_Method - 1.8" classname="org.eclipse.jdt.core.tests.compiler.parser.CompletionParserTest2" time="0"/>
  <testcase name="test0096_Method - 1.8" classname="org.eclipse.jdt.core.tests.compiler.parser.CompletionParserTestKeyword" time="0"/>
  <testcase name="test0097_Diet - 1.8" classname="org.eclipse.jdt.core.tests.compiler.parser.CompletionParserTest2" time="0"/>
  <testcase name="test0097_Diet - 1.8" classname="org.eclipse.jdt.core.tests.compiler.parser.CompletionParserTestKeyword" time="0"/>
  <testcase name="test0097_Method - 1.8" classname="org.eclipse.jdt.core.tests.compiler.parser.CompletionParserTest2" time="0.001"/>
  <testcase name="test0097_Method - 1.8" classname="org.eclipse.jdt.core.tests.compiler.parser.CompletionParserTestKeyword" time="0"/>
  <testcase name="test0098_Diet - 1.8" classname="org.eclipse.jdt.core.tests.compiler.parser.CompletionParserTest2" time="0"/>
  <testcase name="test0098_Diet - 1.8" classname="org.eclipse.jdt.core.tests.compiler.parser.CompletionParserTestKeyword" time="0"/>
  <testcase name="test0098_Method - 1.8" classname="org.eclipse.jdt.core.tests.compiler.parser.CompletionParserTest2" time="0"/>
  <testcase name="test0098_Method - 1.8" classname="org.eclipse.jdt.core.tests.compiler.parser.CompletionParserTestKeyword" time="0"/>
  <testcase name="test0099_Diet - 1.8" classname="org.eclipse.jdt.core.tests.compiler.parser.CompletionParserTest2" time="0"/>
  <testcase name="test0099_Diet - 1.8" classname="org.eclipse.jdt.core.tests.compiler.parser.CompletionParserTestKeyword" time="0"/>
  <testcase name="test0099_Diet - 1.8" classname="org.eclipse.jdt.core.tests.compiler.parser.GenericsCompletionParserTest" time="0.001"/>
  <testcase name="test0099_Method - 1.8" classname="org.eclipse.jdt.core.tests.compiler.parser.CompletionParserTest2" time="0"/>
  <testcase name="test0099_Method - 1.8" classname="org.eclipse.jdt.core.tests.compiler.parser.CompletionParserTestKeyword" time="0"/>
  <testcase name="test0099_Method - 1.8" classname="org.eclipse.jdt.core.tests.compiler.parser.GenericsCompletionParserTest" time="0"/>
  <testcase name="test0100_Diet - 1.8" classname="org.eclipse.jdt.core.tests.compiler.parser.CompletionParserTest2" time="0"/>
  <testcase name="test0100_Diet - 1.8" classname="org.eclipse.jdt.core.tests.compiler.parser.CompletionParserTestKeyword" time="0"/>
  <testcase name="test0100_Diet - 1.8" classname="org.eclipse.jdt.core.tests.compiler.parser.GenericsCompletionParserTest" time="0"/>
  <testcase name="test0100_Method - 1.8" classname="org.eclipse.jdt.core.tests.compiler.parser.CompletionParserTest2" time="0"/>
  <testcase name="test0100_Method - 1.8" classname="org.eclipse.jdt.core.tests.compiler.parser.CompletionParserTestKeyword" time="0"/>
  <testcase name="test0100_Method - 1.8" classname="org.eclipse.jdt.core.tests.compiler.parser.GenericsCompletionParserTest" time="0"/>
  <testcase name="test0101_Diet - 1.8" classname="org.eclipse.jdt.core.tests.compiler.parser.CompletionParserTest2" time="0"/>
  <testcase name="test0101_Diet - 1.8" classname="org.eclipse.jdt.core.tests.compiler.parser.GenericsCompletionParserTest" time="0"/>
  <testcase name="test0101_Method - 1.8" classname="org.eclipse.jdt.core.tests.compiler.parser.CompletionParserTest2" time="0"/>
  <testcase name="test0101_Method - 1.8" classname="org.eclipse.jdt.core.tests.compiler.parser.GenericsCompletionParserTest" time="0"/>
  <testcase name="test0102_Diet - 1.8" classname="org.eclipse.jdt.core.tests.compiler.parser.CompletionParserTest2" time="0"/>
  <testcase name="test0102_Diet - 1.8" classname="org.eclipse.jdt.core.tests.compiler.parser.GenericsCompletionParserTest" time="0"/>
  <testcase name="test0102_Method - 1.8" classname="org.eclipse.jdt.core.tests.compiler.parser.CompletionParserTest2" time="0"/>
  <testcase name="test0102_Method - 1.8" classname="org.eclipse.jdt.core.tests.compiler.parser.GenericsCompletionParserTest" time="0"/>
  <testcase name="test0103_Diet - 1.8" classname="org.eclipse.jdt.core.tests.compiler.parser.CompletionParserTest2" time="0"/>
  <testcase name="test0103_Diet - 1.8" classname="org.eclipse.jdt.core.tests.compiler.parser.GenericsCompletionParserTest" time="0"/>
  <testcase name="test0103_Method - 1.8" classname="org.eclipse.jdt.core.tests.compiler.parser.CompletionParserTest2" time="0"/>
  <testcase name="test0103_Method - 1.8" classname="org.eclipse.jdt.core.tests.compiler.parser.GenericsCompletionParserTest" time="0"/>
  <testcase name="test0104_Diet - 1.8" classname="org.eclipse.jdt.core.tests.compiler.parser.CompletionParserTest2" time="0"/>
  <testcase name="test0104_Diet - 1.8" classname="org.eclipse.jdt.core.tests.compiler.parser.GenericsCompletionParserTest" time="0"/>
  <testcase name="test0104_Method - 1.8" classname="org.eclipse.jdt.core.tests.compiler.parser.CompletionParserTest2" time="0"/>
  <testcase name="test0104_Method - 1.8" classname="org.eclipse.jdt.core.tests.compiler.parser.GenericsCompletionParserTest" time="0.001"/>
  <testcase name="test0105_Diet - 1.8" classname="org.eclipse.jdt.core.tests.compiler.parser.CompletionParserTest2" time="0.001"/>
  <testcase name="test0105_Diet - 1.8" classname="org.eclipse.jdt.core.tests.compiler.parser.GenericsCompletionParserTest" time="0"/>
  <testcase name="test0105_Diet - 1.8" classname="org.eclipse.jdt.core.tests.compiler.parser.AnnotationCompletionParserTest" time="0.001"/>
  <testcase name="test0105_Method - 1.8" classname="org.eclipse.jdt.core.tests.compiler.parser.CompletionParserTest2" time="0"/>
  <testcase name="test0105_Method - 1.8" classname="org.eclipse.jdt.core.tests.compiler.parser.GenericsCompletionParserTest" time="0"/>
  <testcase name="test0105_Method - 1.8" classname="org.eclipse.jdt.core.tests.compiler.parser.AnnotationCompletionParserTest" time="0"/>
  <testcase name="test0106_Diet - 1.8" classname="org.eclipse.jdt.core.tests.compiler.parser.CompletionParserTest2" time="0"/>
  <testcase name="test0106_Diet - 1.8" classname="org.eclipse.jdt.core.tests.compiler.parser.GenericsCompletionParserTest" time="0"/>
  <testcase name="test0106_Diet - 1.8" classname="org.eclipse.jdt.core.tests.compiler.parser.AnnotationCompletionParserTest" time="0"/>
  <testcase name="test0106_Method - 1.8" classname="org.eclipse.jdt.core.tests.compiler.parser.CompletionParserTest2" time="0"/>
  <testcase name="test0106_Method - 1.8" classname="org.eclipse.jdt.core.tests.compiler.parser.GenericsCompletionParserTest" time="0.001"/>
  <testcase name="test0106_Method - 1.8" classname="org.eclipse.jdt.core.tests.compiler.parser.AnnotationCompletionParserTest" time="0"/>
  <testcase name="test0107_Diet - 1.8" classname="org.eclipse.jdt.core.tests.compiler.parser.CompletionParserTest2" time="0"/>
  <testcase name="test0107_Diet - 1.8" classname="org.eclipse.jdt.core.tests.compiler.parser.CompletionParserTestKeyword" time="0"/>
  <testcase name="test0107_Diet - 1.8" classname="org.eclipse.jdt.core.tests.compiler.parser.GenericsCompletionParserTest" time="0"/>
  <testcase name="test0107_Diet - 1.8" classname="org.eclipse.jdt.core.tests.compiler.parser.AnnotationCompletionParserTest" time="0"/>
  <testcase name="test0107_Method - 1.8" classname="org.eclipse.jdt.core.tests.compiler.parser.CompletionParserTest2" time="0.001"/>
  <testcase name="test0107_Method - 1.8" classname="org.eclipse.jdt.core.tests.compiler.parser.CompletionParserTestKeyword" time="0"/>
  <testcase name="test0107_Method - 1.8" classname="org.eclipse.jdt.core.tests.compiler.parser.GenericsCompletionParserTest" time="0"/>
  <testcase name="test0107_Method - 1.8" classname="org.eclipse.jdt.core.tests.compiler.parser.AnnotationCompletionParserTest" time="0.001"/>
  <testcase name="test0108_Diet - 1.8" classname="org.eclipse.jdt.core.tests.compiler.parser.CompletionParserTest2" time="0"/>
  <testcase name="test0108_Diet - 1.8" classname="org.eclipse.jdt.core.tests.compiler.parser.CompletionParserTestKeyword" time="0"/>
  <testcase name="test0108_Diet - 1.8" classname="org.eclipse.jdt.core.tests.compiler.parser.GenericsCompletionParserTest" time="0"/>
  <testcase name="test0108_Diet - 1.8" classname="org.eclipse.jdt.core.tests.compiler.parser.AnnotationCompletionParserTest" time="0"/>
  <testcase name="test0108_Method - 1.8" classname="org.eclipse.jdt.core.tests.compiler.parser.CompletionParserTest2" time="0"/>
  <testcase name="test0108_Method - 1.8" classname="org.eclipse.jdt.core.tests.compiler.parser.CompletionParserTestKeyword" time="0.001"/>
  <testcase name="test0108_Method - 1.8" classname="org.eclipse.jdt.core.tests.compiler.parser.GenericsCompletionParserTest" time="0"/>
  <testcase name="test0108_Method - 1.8" classname="org.eclipse.jdt.core.tests.compiler.parser.AnnotationCompletionParserTest" time="0"/>
  <testcase name="test0109_Diet - 1.8" classname="org.eclipse.jdt.core.tests.compiler.parser.CompletionParserTest2" time="0"/>
  <testcase name="test0109_Diet - 1.8" classname="org.eclipse.jdt.core.tests.compiler.parser.CompletionParserTestKeyword" time="0"/>
  <testcase name="test0109_Diet - 1.8" classname="org.eclipse.jdt.core.tests.compiler.parser.GenericsCompletionParserTest" time="0"/>
  <testcase name="test0109_Diet - 1.8" classname="org.eclipse.jdt.core.tests.compiler.parser.AnnotationCompletionParserTest" time="0"/>
  <testcase name="test0109_Method - 1.8" classname="org.eclipse.jdt.core.tests.compiler.parser.CompletionParserTest2" time="0"/>
  <testcase name="test0109_Method - 1.8" classname="org.eclipse.jdt.core.tests.compiler.parser.CompletionParserTestKeyword" time="0"/>
  <testcase name="test0109_Method - 1.8" classname="org.eclipse.jdt.core.tests.compiler.parser.GenericsCompletionParserTest" time="0"/>
  <testcase name="test0109_Method - 1.8" classname="org.eclipse.jdt.core.tests.compiler.parser.AnnotationCompletionParserTest" time="0.001"/>
  <testcase name="test0110_Diet - 1.8" classname="org.eclipse.jdt.core.tests.compiler.parser.CompletionParserTest2" time="0"/>
  <testcase name="test0110_Diet - 1.8" classname="org.eclipse.jdt.core.tests.compiler.parser.CompletionParserTestKeyword" time="0"/>
  <testcase name="test0110_Diet - 1.8" classname="org.eclipse.jdt.core.tests.compiler.parser.GenericsCompletionParserTest" time="0"/>
  <testcase name="test0110_Diet - 1.8" classname="org.eclipse.jdt.core.tests.compiler.parser.AnnotationCompletionParserTest" time="0"/>
  <testcase name="test0110_Method - 1.8" classname="org.eclipse.jdt.core.tests.compiler.parser.CompletionParserTest2" time="0"/>
  <testcase name="test0110_Method - 1.8" classname="org.eclipse.jdt.core.tests.compiler.parser.CompletionParserTestKeyword" time="0"/>
  <testcase name="test0110_Method - 1.8" classname="org.eclipse.jdt.core.tests.compiler.parser.GenericsCompletionParserTest" time="0"/>
  <testcase name="test0110_Method - 1.8" classname="org.eclipse.jdt.core.tests.compiler.parser.AnnotationCompletionParserTest" time="0"/>
  <testcase name="test0111_Diet - 1.8" classname="org.eclipse.jdt.core.tests.compiler.parser.CompletionParserTest2" time="0"/>
  <testcase name="test0111_Diet - 1.8" classname="org.eclipse.jdt.core.tests.compiler.parser.GenericsCompletionParserTest" time="0"/>
  <testcase name="test0111_Diet - 1.8" classname="org.eclipse.jdt.core.tests.compiler.parser.AnnotationCompletionParserTest" time="0"/>
  <testcase name="test0111_Method - 1.8" classname="org.eclipse.jdt.core.tests.compiler.parser.CompletionParserTest2" time="0"/>
  <testcase name="test0111_Method - 1.8" classname="org.eclipse.jdt.core.tests.compiler.parser.GenericsCompletionParserTest" time="0"/>
  <testcase name="test0111_Method - 1.8" classname="org.eclipse.jdt.core.tests.compiler.parser.AnnotationCompletionParserTest" time="0"/>
  <testcase name="test0112_Diet - 1.8" classname="org.eclipse.jdt.core.tests.compiler.parser.CompletionParserTest2" time="0"/>
  <testcase name="test0112_Diet - 1.8" classname="org.eclipse.jdt.core.tests.compiler.parser.GenericsCompletionParserTest" time="0.001"/>
  <testcase name="test0112_Diet - 1.8" classname="org.eclipse.jdt.core.tests.compiler.parser.AnnotationCompletionParserTest" time="0.001"/>
  <testcase name="test0112_Method - 1.8" classname="org.eclipse.jdt.core.tests.compiler.parser.CompletionParserTest2" time="0"/>
  <testcase name="test0112_Method - 1.8" classname="org.eclipse.jdt.core.tests.compiler.parser.GenericsCompletionParserTest" time="0"/>
  <testcase name="test0112_Method - 1.8" classname="org.eclipse.jdt.core.tests.compiler.parser.AnnotationCompletionParserTest" time="0"/>
  <testcase name="test0113_Diet - 1.8" classname="org.eclipse.jdt.core.tests.compiler.parser.CompletionParserTest2" time="0.001"/>
  <testcase name="test0113_Diet - 1.8" classname="org.eclipse.jdt.core.tests.compiler.parser.GenericsCompletionParserTest" time="0"/>
  <testcase name="test0113_Diet - 1.8" classname="org.eclipse.jdt.core.tests.compiler.parser.AnnotationCompletionParserTest" time="0"/>
  <testcase name="test0113_Method - 1.8" classname="org.eclipse.jdt.core.tests.compiler.parser.CompletionParserTest2" time="0"/>
  <testcase name="test0113_Method - 1.8" classname="org.eclipse.jdt.core.tests.compiler.parser.GenericsCompletionParserTest" time="0"/>
  <testcase name="test0113_Method - 1.8" classname="org.eclipse.jdt.core.tests.compiler.parser.AnnotationCompletionParserTest" time="0"/>
  <testcase name="test0114_Diet - 1.8" classname="org.eclipse.jdt.core.tests.compiler.parser.CompletionParserTest2" time="0"/>
  <testcase name="test0114_Diet - 1.8" classname="org.eclipse.jdt.core.tests.compiler.parser.GenericsCompletionParserTest" time="0.001"/>
  <testcase name="test0114_Diet - 1.8" classname="org.eclipse.jdt.core.tests.compiler.parser.AnnotationCompletionParserTest" time="0"/>
  <testcase name="test0114_Method - 1.8" classname="org.eclipse.jdt.core.tests.compiler.parser.CompletionParserTest2" time="0"/>
  <testcase name="test0114_Method - 1.8" classname="org.eclipse.jdt.core.tests.compiler.parser.GenericsCompletionParserTest" time="0"/>
  <testcase name="test0114_Method - 1.8" classname="org.eclipse.jdt.core.tests.compiler.parser.AnnotationCompletionParserTest" time="0.001"/>
  <testcase name="test0115_Diet - 1.8" classname="org.eclipse.jdt.core.tests.compiler.parser.CompletionParserTest2" time="0"/>
  <testcase name="test0115_Diet - 1.8" classname="org.eclipse.jdt.core.tests.compiler.parser.GenericsCompletionParserTest" time="0"/>
  <testcase name="test0115_Method - 1.8" classname="org.eclipse.jdt.core.tests.compiler.parser.CompletionParserTest2" time="0.001"/>
  <testcase name="test0115_Method - 1.8" classname="org.eclipse.jdt.core.tests.compiler.parser.GenericsCompletionParserTest" time="0"/>
  <testcase name="test0116_Diet - 1.8" classname="org.eclipse.jdt.core.tests.compiler.parser.CompletionParserTest2" time="0"/>
  <testcase name="test0116_Diet - 1.8" classname="org.eclipse.jdt.core.tests.compiler.parser.GenericsCompletionParserTest" time="0"/>
  <testcase name="test0116_Method - 1.8" classname="org.eclipse.jdt.core.tests.compiler.parser.CompletionParserTest2" time="0"/>
  <testcase name="test0116_Method - 1.8" classname="org.eclipse.jdt.core.tests.compiler.parser.GenericsCompletionParserTest" time="0"/>
  <testcase name="test0117_Diet - 1.8" classname="org.eclipse.jdt.core.tests.compiler.parser.CompletionParserTest2" time="0"/>
  <testcase name="test0117_Diet - 1.8" classname="org.eclipse.jdt.core.tests.compiler.parser.GenericsCompletionParserTest" time="0"/>
  <testcase name="test0117_Method - 1.8" classname="org.eclipse.jdt.core.tests.compiler.parser.CompletionParserTest2" time="0"/>
  <testcase name="test0117_Method - 1.8" classname="org.eclipse.jdt.core.tests.compiler.parser.GenericsCompletionParserTest" time="0"/>
  <testcase name="test0118_Diet - 1.8" classname="org.eclipse.jdt.core.tests.compiler.parser.CompletionParserTest2" time="0"/>
  <testcase name="test0118_Diet - 1.8" classname="org.eclipse.jdt.core.tests.compiler.parser.GenericsCompletionParserTest" time="0"/>
  <testcase name="test0118_Method - 1.8" classname="org.eclipse.jdt.core.tests.compiler.parser.CompletionParserTest2" time="0"/>
  <testcase name="test0118_Method - 1.8" classname="org.eclipse.jdt.core.tests.compiler.parser.GenericsCompletionParserTest" time="0"/>
  <testcase name="test0119_Diet - 1.8" classname="org.eclipse.jdt.core.tests.compiler.parser.CompletionParserTest2" time="0"/>
  <testcase name="test0119_Diet - 1.8" classname="org.eclipse.jdt.core.tests.compiler.parser.GenericsCompletionParserTest" time="0"/>
  <testcase name="test0119_Diet - 1.8" classname="org.eclipse.jdt.core.tests.compiler.parser.AnnotationCompletionParserTest" time="0"/>
  <testcase name="test0119_Method - 1.8" classname="org.eclipse.jdt.core.tests.compiler.parser.CompletionParserTest2" time="0"/>
  <testcase name="test0119_Method - 1.8" classname="org.eclipse.jdt.core.tests.compiler.parser.GenericsCompletionParserTest" time="0"/>
  <testcase name="test0119_Method - 1.8" classname="org.eclipse.jdt.core.tests.compiler.parser.AnnotationCompletionParserTest" time="0"/>
  <testcase name="test0120_Diet - 1.8" classname="org.eclipse.jdt.core.tests.compiler.parser.CompletionParserTest2" time="0"/>
  <testcase name="test0120_Diet - 1.8" classname="org.eclipse.jdt.core.tests.compiler.parser.GenericsCompletionParserTest" time="0"/>
  <testcase name="test0120_Diet - 1.8" classname="org.eclipse.jdt.core.tests.compiler.parser.AnnotationCompletionParserTest" time="0"/>
  <testcase name="test0120_Method - 1.8" classname="org.eclipse.jdt.core.tests.compiler.parser.CompletionParserTest2" time="0"/>
  <testcase name="test0120_Method - 1.8" classname="org.eclipse.jdt.core.tests.compiler.parser.GenericsCompletionParserTest" time="0"/>
  <testcase name="test0120_Method - 1.8" classname="org.eclipse.jdt.core.tests.compiler.parser.AnnotationCompletionParserTest" time="0"/>
  <testcase name="test0121_Diet - 1.8" classname="org.eclipse.jdt.core.tests.compiler.parser.CompletionParserTest2" time="0"/>
  <testcase name="test0121_Diet - 1.8" classname="org.eclipse.jdt.core.tests.compiler.parser.GenericsCompletionParserTest" time="0"/>
  <testcase name="test0121_Method - 1.8" classname="org.eclipse.jdt.core.tests.compiler.parser.CompletionParserTest2" time="0"/>
  <testcase name="test0121_Method - 1.8" classname="org.eclipse.jdt.core.tests.compiler.parser.GenericsCompletionParserTest" time="0"/>
  <testcase name="test0122_Diet - 1.8" classname="org.eclipse.jdt.core.tests.compiler.parser.CompletionParserTest2" time="0"/>
  <testcase name="test0122_Diet - 1.8" classname="org.eclipse.jdt.core.tests.compiler.parser.GenericsCompletionParserTest" time="0"/>
  <testcase name="test0122_Method - 1.8" classname="org.eclipse.jdt.core.tests.compiler.parser.CompletionParserTest2" time="0"/>
  <testcase name="test0122_Method - 1.8" classname="org.eclipse.jdt.core.tests.compiler.parser.GenericsCompletionParserTest" time="0"/>
  <testcase name="test0123_Diet - 1.8" classname="org.eclipse.jdt.core.tests.compiler.parser.CompletionParserTest2" time="0"/>
  <testcase name="test0123_Diet - 1.8" classname="org.eclipse.jdt.core.tests.compiler.parser.GenericsCompletionParserTest" time="0"/>
  <testcase name="test0123_Method - 1.8" classname="org.eclipse.jdt.core.tests.compiler.parser.CompletionParserTest2" time="0"/>
  <testcase name="test0123_Method - 1.8" classname="org.eclipse.jdt.core.tests.compiler.parser.GenericsCompletionParserTest" time="0"/>
  <testcase name="test0124_Diet - 1.8" classname="org.eclipse.jdt.core.tests.compiler.parser.CompletionParserTest2" time="0"/>
  <testcase name="test0124_Diet - 1.8" classname="org.eclipse.jdt.core.tests.compiler.parser.GenericsCompletionParserTest" time="0"/>
  <testcase name="test0124_Method - 1.8" classname="org.eclipse.jdt.core.tests.compiler.parser.CompletionParserTest2" time="0"/>
  <testcase name="test0124_Method - 1.8" classname="org.eclipse.jdt.core.tests.compiler.parser.GenericsCompletionParserTest" time="0"/>
  <testcase name="test0125_Diet - 1.8" classname="org.eclipse.jdt.core.tests.compiler.parser.CompletionParserTest2" time="0"/>
  <testcase name="test0125_Diet - 1.8" classname="org.eclipse.jdt.core.tests.compiler.parser.GenericsCompletionParserTest" time="0.001"/>
  <testcase name="test0125_Method - 1.8" classname="org.eclipse.jdt.core.tests.compiler.parser.CompletionParserTest2" time="0"/>
  <testcase name="test0125_Method - 1.8" classname="org.eclipse.jdt.core.tests.compiler.parser.GenericsCompletionParserTest" time="0"/>
  <testcase name="test0126_Diet - 1.8" classname="org.eclipse.jdt.core.tests.compiler.parser.CompletionParserTest2" time="0"/>
  <testcase name="test0126_Diet - 1.8" classname="org.eclipse.jdt.core.tests.compiler.parser.GenericsCompletionParserTest" time="0"/>
  <testcase name="test0126_Method - 1.8" classname="org.eclipse.jdt.core.tests.compiler.parser.CompletionParserTest2" time="0"/>
  <testcase name="test0126_Method - 1.8" classname="org.eclipse.jdt.core.tests.compiler.parser.GenericsCompletionParserTest" time="0"/>
  <testcase name="test0127 - 1.8" classname="org.eclipse.jdt.core.tests.compiler.parser.CompletionParserTest2" time="0"/>
  <testcase name="test0127 - 1.8" classname="org.eclipse.jdt.core.tests.compiler.parser.CompletionParserTestKeyword" time="0"/>
  <testcase name="test0127 - 1.8" classname="org.eclipse.jdt.core.tests.compiler.parser.AnnotationCompletionParserTest" time="0"/>
  <testcase name="test0127 - 1.8" classname="org.eclipse.jdt.core.tests.compiler.parser.TypeAnnotationSyntaxTest" time="0"/>
  <testcase name="test0128_Diet - 1.8" classname="org.eclipse.jdt.core.tests.compiler.parser.CompletionParserTest2" time="0"/>
  <testcase name="test0128_Diet - 1.8" classname="org.eclipse.jdt.core.tests.compiler.parser.GenericsCompletionParserTest" time="0"/>
  <testcase name="test0128_Method - 1.8" classname="org.eclipse.jdt.core.tests.compiler.parser.CompletionParserTest2" time="0"/>
  <testcase name="test0128_Method - 1.8" classname="org.eclipse.jdt.core.tests.compiler.parser.GenericsCompletionParserTest" time="0"/>
  <testcase name="test0129_Diet - 1.8" classname="org.eclipse.jdt.core.tests.compiler.parser.CompletionParserTest2" time="0"/>
  <testcase name="test0129_Diet - 1.8" classname="org.eclipse.jdt.core.tests.compiler.parser.GenericsCompletionParserTest" time="0"/>
  <testcase name="test0129_Method - 1.8" classname="org.eclipse.jdt.core.tests.compiler.parser.CompletionParserTest2" time="0"/>
  <testcase name="test0129_Method - 1.8" classname="org.eclipse.jdt.core.tests.compiler.parser.GenericsCompletionParserTest" time="0"/>
  <testcase name="test0130_Diet - 1.8" classname="org.eclipse.jdt.core.tests.compiler.parser.CompletionParserTest2" time="0"/>
  <testcase name="test0130_Diet - 1.8" classname="org.eclipse.jdt.core.tests.compiler.parser.GenericsCompletionParserTest" time="0"/>
  <testcase name="test0130_Method - 1.8" classname="org.eclipse.jdt.core.tests.compiler.parser.CompletionParserTest2" time="0"/>
  <testcase name="test0130_Method - 1.8" classname="org.eclipse.jdt.core.tests.compiler.parser.GenericsCompletionParserTest" time="0"/>
  <testcase name="test0131_Diet - 1.8" classname="org.eclipse.jdt.core.tests.compiler.parser.CompletionParserTest2" time="0"/>
  <testcase name="test0131_Diet - 1.8" classname="org.eclipse.jdt.core.tests.compiler.parser.GenericsCompletionParserTest" time="0"/>
  <testcase name="test0131_Method - 1.8" classname="org.eclipse.jdt.core.tests.compiler.parser.CompletionParserTest2" time="0"/>
  <testcase name="test0131_Method - 1.8" classname="org.eclipse.jdt.core.tests.compiler.parser.GenericsCompletionParserTest" time="0"/>
  <testcase name="test0132_Diet - 1.8" classname="org.eclipse.jdt.core.tests.compiler.parser.CompletionParserTest2" time="0"/>
  <testcase name="test0132_Diet - 1.8" classname="org.eclipse.jdt.core.tests.compiler.parser.GenericsCompletionParserTest" time="0"/>
  <testcase name="test0132_Method - 1.8" classname="org.eclipse.jdt.core.tests.compiler.parser.CompletionParserTest2" time="0"/>
  <testcase name="test0132_Method - 1.8" classname="org.eclipse.jdt.core.tests.compiler.parser.GenericsCompletionParserTest" time="0.001"/>
  <testcase name="test0133_Diet - 1.8" classname="org.eclipse.jdt.core.tests.compiler.parser.CompletionParserTest2" time="0"/>
  <testcase name="test0133_Diet - 1.8" classname="org.eclipse.jdt.core.tests.compiler.parser.GenericsCompletionParserTest" time="0"/>
  <testcase name="test0133_Method - 1.8" classname="org.eclipse.jdt.core.tests.compiler.parser.CompletionParserTest2" time="0.001"/>
  <testcase name="test0133_Method - 1.8" classname="org.eclipse.jdt.core.tests.compiler.parser.GenericsCompletionParserTest" time="0"/>
  <testcase name="test0134 - 1.8" classname="org.eclipse.jdt.core.tests.compiler.parser.CompletionParserTest2" time="0"/>
  <testcase name="test0134 - 1.8" classname="org.eclipse.jdt.core.tests.compiler.parser.CompletionParserTestKeyword" time="0"/>
  <testcase name="test0134 - 1.8" classname="org.eclipse.jdt.core.tests.compiler.parser.TypeAnnotationSyntaxTest" time="0"/>
  <testcase name="test0135_Diet - 1.8" classname="org.eclipse.jdt.core.tests.compiler.parser.CompletionParserTest2" time="0"/>
  <testcase name="test0135_Diet - 1.8" classname="org.eclipse.jdt.core.tests.compiler.parser.GenericsCompletionParserTest" time="0"/>
  <testcase name="test0135_Method - 1.8" classname="org.eclipse.jdt.core.tests.compiler.parser.CompletionParserTest2" time="0"/>
  <testcase name="test0135_Method - 1.8" classname="org.eclipse.jdt.core.tests.compiler.parser.GenericsCompletionParserTest" time="0"/>
  <testcase name="test0136 - 1.8" classname="org.eclipse.jdt.core.tests.compiler.parser.CompletionParserTest2" time="0"/>
  <testcase name="test0136 - 1.8" classname="org.eclipse.jdt.core.tests.compiler.parser.CompletionParserTestKeyword" time="0"/>
  <testcase name="test0136 - 1.8" classname="org.eclipse.jdt.core.tests.compiler.parser.TypeAnnotationSyntaxTest" time="0.001"/>
  <testcase name="test0137_Diet - 1.8" classname="org.eclipse.jdt.core.tests.compiler.parser.CompletionParserTest2" time="0.001"/>
  <testcase name="test0137_Diet - 1.8" classname="org.eclipse.jdt.core.tests.compiler.parser.GenericsCompletionParserTest" time="0"/>
  <testcase name="test0137_Method - 1.8" classname="org.eclipse.jdt.core.tests.compiler.parser.CompletionParserTest2" time="0"/>
  <testcase name="test0137_Method - 1.8" classname="org.eclipse.jdt.core.tests.compiler.parser.GenericsCompletionParserTest" time="0"/>
  <testcase name="test0138_Diet - 1.8" classname="org.eclipse.jdt.core.tests.compiler.parser.CompletionParserTest2" time="0"/>
  <testcase name="test0138_Diet - 1.8" classname="org.eclipse.jdt.core.tests.compiler.parser.GenericsCompletionParserTest" time="0"/>
  <testcase name="test0138_Method - 1.8" classname="org.eclipse.jdt.core.tests.compiler.parser.CompletionParserTest2" time="0"/>
  <testcase name="test0138_Method - 1.8" classname="org.eclipse.jdt.core.tests.compiler.parser.GenericsCompletionParserTest" time="0"/>
  <testcase name="test0139 - 1.8" classname="org.eclipse.jdt.core.tests.compiler.parser.CompletionParserTest2" time="0"/>
  <testcase name="test0139 - 1.8" classname="org.eclipse.jdt.core.tests.compiler.parser.CompletionParserTestKeyword" time="0.001"/>
  <testcase name="test0139 - 1.8" classname="org.eclipse.jdt.core.tests.compiler.parser.TypeAnnotationSyntaxTest" time="0"/>
  <testcase name="test0140 - 1.8" classname="org.eclipse.jdt.core.tests.compiler.parser.CompletionParserTest2" time="0"/>
  <testcase name="test0140 - 1.8" classname="org.eclipse.jdt.core.tests.compiler.parser.CompletionParserTestKeyword" time="0"/>
  <testcase name="test0141 - 1.8" classname="org.eclipse.jdt.core.tests.compiler.parser.CompletionParserTest2" time="0"/>
  <testcase name="test0141 - 1.8" classname="org.eclipse.jdt.core.tests.compiler.parser.CompletionParserTestKeyword" time="0"/>
  <testcase name="test0142_Diet - 1.8" classname="org.eclipse.jdt.core.tests.compiler.parser.CompletionParserTest2" time="0"/>
  <testcase name="test0142_Diet - 1.8" classname="org.eclipse.jdt.core.tests.compiler.parser.GenericsCompletionParserTest" time="0"/>
  <testcase name="test0142_Method - 1.8" classname="org.eclipse.jdt.core.tests.compiler.parser.CompletionParserTest2" time="0"/>
  <testcase name="test0142_Method - 1.8" classname="org.eclipse.jdt.core.tests.compiler.parser.GenericsCompletionParserTest" time="0"/>
  <testcase name="test0143_Diet - 1.8" classname="org.eclipse.jdt.core.tests.compiler.parser.CompletionParserTest2" time="0"/>
  <testcase name="test0143_Diet - 1.8" classname="org.eclipse.jdt.core.tests.compiler.parser.GenericsCompletionParserTest" time="0"/>
  <testcase name="test0143_Method - 1.8" classname="org.eclipse.jdt.core.tests.compiler.parser.CompletionParserTest2" time="0"/>
  <testcase name="test0143_Method - 1.8" classname="org.eclipse.jdt.core.tests.compiler.parser.GenericsCompletionParserTest" time="0"/>
  <testcase name="test0144_Diet - 1.8" classname="org.eclipse.jdt.core.tests.compiler.parser.CompletionParserTest2" time="0"/>
  <testcase name="test0144_Diet - 1.8" classname="org.eclipse.jdt.core.tests.compiler.parser.GenericsCompletionParserTest" time="0.001"/>
  <testcase name="test0144_Method - 1.8" classname="org.eclipse.jdt.core.tests.compiler.parser.CompletionParserTest2" time="0"/>
  <testcase name="test0144_Method - 1.8" classname="org.eclipse.jdt.core.tests.compiler.parser.GenericsCompletionParserTest" time="0"/>
  <testcase name="test0145_Diet - 1.8" classname="org.eclipse.jdt.core.tests.compiler.parser.CompletionParserTest2" time="0"/>
  <testcase name="test0145_Diet - 1.8" classname="org.eclipse.jdt.core.tests.compiler.parser.GenericsCompletionParserTest" time="0"/>
  <testcase name="test0145_Method - 1.8" classname="org.eclipse.jdt.core.tests.compiler.parser.CompletionParserTest2" time="0"/>
  <testcase name="test0145_Method - 1.8" classname="org.eclipse.jdt.core.tests.compiler.parser.GenericsCompletionParserTest" time="0"/>
  <testcase name="test0146_Diet - 1.8" classname="org.eclipse.jdt.core.tests.compiler.parser.CompletionParserTest2" time="0"/>
  <testcase name="test0146_Method - 1.8" classname="org.eclipse.jdt.core.tests.compiler.parser.CompletionParserTest2" time="0"/>
  <testcase name="test0147 - 1.8" classname="org.eclipse.jdt.core.tests.compiler.parser.CompletionParserTest2" time="0"/>
  <testcase name="test0147 - 1.8" classname="org.eclipse.jdt.core.tests.compiler.parser.GenericsCompletionParserTest" time="0"/>
  <testcase name="test0148 - 1.8" classname="org.eclipse.jdt.core.tests.compiler.parser.CompletionParserTest2" time="0.001"/>
  <testcase name="test0148 - 1.8" classname="org.eclipse.jdt.core.tests.compiler.parser.GenericsCompletionParserTest" time="0"/>
  <testcase name="test0149_Diet - 1.8" classname="org.eclipse.jdt.core.tests.compiler.parser.CompletionParserTest2" time="0"/>
  <testcase name="test0149_Method - 1.8" classname="org.eclipse.jdt.core.tests.compiler.parser.CompletionParserTest2" time="0"/>
  <testcase name="test0150_Diet - 1.8" classname="org.eclipse.jdt.core.tests.compiler.parser.CompletionParserTest2" time="0"/>
  <testcase name="test0150_Method - 1.8" classname="org.eclipse.jdt.core.tests.compiler.parser.CompletionParserTest2" time="0"/>
  <testcase name="test0151_Diet - 1.8" classname="org.eclipse.jdt.core.tests.compiler.parser.CompletionParserTest2" time="0"/>
  <testcase name="test0151_Method - 1.8" classname="org.eclipse.jdt.core.tests.compiler.parser.CompletionParserTest2" time="0"/>
  <testcase name="test0152 - 1.8" classname="org.eclipse.jdt.core.tests.compiler.parser.CompletionParserTest2" time="0"/>
  <testcase name="test0152 - 1.8" classname="org.eclipse.jdt.core.tests.compiler.parser.CompletionParserTestKeyword" time="0"/>
  <testcase name="test0152 - 1.8" classname="org.eclipse.jdt.core.tests.compiler.parser.GenericsCompletionParserTest" time="0"/>
  <testcase name="test0153_Diet - 1.8" classname="org.eclipse.jdt.core.tests.compiler.parser.CompletionParserTest2" time="0"/>
  <testcase name="test0153_Method - 1.8" classname="org.eclipse.jdt.core.tests.compiler.parser.CompletionParserTest2" time="0.001"/>
  <testcase name="test0154_Diet - 1.8" classname="org.eclipse.jdt.core.tests.compiler.parser.CompletionParserTest2" time="0"/>
  <testcase name="test0154_Method - 1.8" classname="org.eclipse.jdt.core.tests.compiler.parser.CompletionParserTest2" time="0"/>
  <testcase name="test0155_Diet - 1.8" classname="org.eclipse.jdt.core.tests.compiler.parser.CompletionParserTest2" time="0"/>
  <testcase name="test0155_Method - 1.8" classname="org.eclipse.jdt.core.tests.compiler.parser.CompletionParserTest2" time="0"/>
  <testcase name="test0156_Diet - 1.8" classname="org.eclipse.jdt.core.tests.compiler.parser.CompletionParserTest2" time="0.001"/>
  <testcase name="test0156_Method - 1.8" classname="org.eclipse.jdt.core.tests.compiler.parser.CompletionParserTest2" time="0"/>
  <testcase name="test0157_Diet - 1.8" classname="org.eclipse.jdt.core.tests.compiler.parser.CompletionParserTest2" time="0"/>
  <testcase name="test0157_Method - 1.8" classname="org.eclipse.jdt.core.tests.compiler.parser.CompletionParserTest2" time="0"/>
  <testcase name="test0158_Diet - 1.8" classname="org.eclipse.jdt.core.tests.compiler.parser.CompletionParserTest2" time="0"/>
  <testcase name="test0158_Method - 1.8" classname="org.eclipse.jdt.core.tests.compiler.parser.CompletionParserTest2" time="0"/>
  <testcase name="test0159 - 1.8" classname="org.eclipse.jdt.core.tests.compiler.parser.CompletionParserTest2" time="0"/>
  <testcase name="test0159 - 1.8" classname="org.eclipse.jdt.core.tests.compiler.parser.CompletionParserTestKeyword" time="0"/>
  <testcase name="test0160 - 1.8" classname="org.eclipse.jdt.core.tests.compiler.parser.CompletionParserTest2" time="0"/>
  <testcase name="test0160 - 1.8" classname="org.eclipse.jdt.core.tests.compiler.parser.CompletionParserTestKeyword" time="0"/>
  <testcase name="test0161 - 1.8" classname="org.eclipse.jdt.core.tests.compiler.parser.CompletionParserTest2" time="0"/>
  <testcase name="test0161 - 1.8" classname="org.eclipse.jdt.core.tests.compiler.parser.CompletionParserTestKeyword" time="0.001"/>
  <testcase name="test0161 - 1.8" classname="org.eclipse.jdt.core.tests.compiler.parser.GenericsCompletionParserTest" time="0"/>
  <testcase name="test0162 - 1.8" classname="org.eclipse.jdt.core.tests.compiler.parser.CompletionParserTest2" time="0"/>
  <testcase name="test0162 - 1.8" classname="org.eclipse.jdt.core.tests.compiler.parser.CompletionParserTestKeyword" time="0"/>
  <testcase name="test0162 - 1.8" classname="org.eclipse.jdt.core.tests.compiler.parser.GenericsCompletionParserTest" time="0"/>
  <testcase name="test0163 - 1.8" classname="org.eclipse.jdt.core.tests.compiler.parser.CompletionParserTest2" time="0"/>
  <testcase name="test0163 - 1.8" classname="org.eclipse.jdt.core.tests.compiler.parser.CompletionParserTestKeyword" time="0"/>
  <testcase name="test0163 - 1.8" classname="org.eclipse.jdt.core.tests.compiler.parser.GenericsCompletionParserTest" time="0"/>
  <testcase name="test0164 - 1.8" classname="org.eclipse.jdt.core.tests.compiler.parser.CompletionParserTest2" time="0"/>
  <testcase name="test0164 - 1.8" classname="org.eclipse.jdt.core.tests.compiler.parser.CompletionParserTestKeyword" time="0"/>
  <testcase name="test0164 - 1.8" classname="org.eclipse.jdt.core.tests.compiler.parser.GenericsCompletionParserTest" time="0"/>
  <testcase name="test0165_Diet - 1.8" classname="org.eclipse.jdt.core.tests.compiler.parser.CompletionParserTest2" time="0"/>
  <testcase name="test0165_Diet - 1.8" classname="org.eclipse.jdt.core.tests.compiler.parser.GenericsCompletionParserTest" time="0"/>
  <testcase name="test0165_Method - 1.8" classname="org.eclipse.jdt.core.tests.compiler.parser.CompletionParserTest2" time="0"/>
  <testcase name="test0165_Method - 1.8" classname="org.eclipse.jdt.core.tests.compiler.parser.GenericsCompletionParserTest" time="0"/>
  <testcase name="test0166_Diet - 1.8" classname="org.eclipse.jdt.core.tests.compiler.parser.CompletionParserTest2" time="0.001"/>
  <testcase name="test0166_Diet - 1.8" classname="org.eclipse.jdt.core.tests.compiler.parser.GenericsCompletionParserTest" time="0"/>
  <testcase name="test0166_Method - 1.8" classname="org.eclipse.jdt.core.tests.compiler.parser.CompletionParserTest2" time="0"/>
  <testcase name="test0166_Method - 1.8" classname="org.eclipse.jdt.core.tests.compiler.parser.GenericsCompletionParserTest" time="0.001"/>
  <testcase name="test0167_Diet - 1.8" classname="org.eclipse.jdt.core.tests.compiler.parser.CompletionParserTest2" time="0"/>
  <testcase name="test0167_Diet - 1.8" classname="org.eclipse.jdt.core.tests.compiler.parser.GenericsCompletionParserTest" time="0"/>
  <testcase name="test0167_Method - 1.8" classname="org.eclipse.jdt.core.tests.compiler.parser.CompletionParserTest2" time="0"/>
  <testcase name="test0167_Method - 1.8" classname="org.eclipse.jdt.core.tests.compiler.parser.GenericsCompletionParserTest" time="0"/>
  <testcase name="test0168_Diet - 1.8" classname="org.eclipse.jdt.core.tests.compiler.parser.CompletionParserTest2" time="0"/>
  <testcase name="test0168_Diet - 1.8" classname="org.eclipse.jdt.core.tests.compiler.parser.GenericsCompletionParserTest" time="0.001"/>
  <testcase name="test0168_Method - 1.8" classname="org.eclipse.jdt.core.tests.compiler.parser.CompletionParserTest2" time="0"/>
  <testcase name="test0168_Method - 1.8" classname="org.eclipse.jdt.core.tests.compiler.parser.GenericsCompletionParserTest" time="0"/>
  <testcase name="test0169_Diet - 1.8" classname="org.eclipse.jdt.core.tests.compiler.parser.CompletionParserTest2" time="0"/>
  <testcase name="test0169_Method - 1.8" classname="org.eclipse.jdt.core.tests.compiler.parser.CompletionParserTest2" time="0"/>
  <testcase name="test0170_Diet - 1.8" classname="org.eclipse.jdt.core.tests.compiler.parser.CompletionParserTest2" time="0"/>
  <testcase name="test0170_Method - 1.8" classname="org.eclipse.jdt.core.tests.compiler.parser.CompletionParserTest2" time="0.001"/>
  <testcase name="test0171_Diet - 1.8" classname="org.eclipse.jdt.core.tests.compiler.parser.CompletionParserTest2" time="0"/>
  <testcase name="test0171_Diet - 1.8" classname="org.eclipse.jdt.core.tests.compiler.parser.GenericsCompletionParserTest" time="0"/>
  <testcase name="test0171_Method - 1.8" classname="org.eclipse.jdt.core.tests.compiler.parser.CompletionParserTest2" time="0"/>
  <testcase name="test0171_Method - 1.8" classname="org.eclipse.jdt.core.tests.compiler.parser.GenericsCompletionParserTest" time="0"/>
  <testcase name="test0172 - 1.8" classname="org.eclipse.jdt.core.tests.compiler.parser.CompletionParserTest2" time="0"/>
  <testcase name="test0172 - 1.8" classname="org.eclipse.jdt.core.tests.compiler.parser.CompletionParserTestKeyword" time="0"/>
  <testcase name="test0173_Diet - 1.8" classname="org.eclipse.jdt.core.tests.compiler.parser.CompletionParserTest2" time="0.001"/>
  <testcase name="test0173_Diet - 1.8" classname="org.eclipse.jdt.core.tests.compiler.parser.GenericsCompletionParserTest" time="0"/>
  <testcase name="test0173_Method - 1.8" classname="org.eclipse.jdt.core.tests.compiler.parser.CompletionParserTest2" time="0"/>
  <testcase name="test0173_Method - 1.8" classname="org.eclipse.jdt.core.tests.compiler.parser.GenericsCompletionParserTest" time="0"/>
  <testcase name="test0174_Diet - 1.8" classname="org.eclipse.jdt.core.tests.compiler.parser.CompletionParserTest2" time="0"/>
  <testcase name="test0174_Diet - 1.8" classname="org.eclipse.jdt.core.tests.compiler.parser.GenericsCompletionParserTest" time="0"/>
  <testcase name="test0175_Diet - 1.8" classname="org.eclipse.jdt.core.tests.compiler.parser.CompletionParserTest2" time="0"/>
  <testcase name="test0175_Diet - 1.8" classname="org.eclipse.jdt.core.tests.compiler.parser.GenericsCompletionParserTest" time="0"/>
  <testcase name="test0176_Diet - 1.8" classname="org.eclipse.jdt.core.tests.compiler.parser.CompletionParserTest2" time="0"/>
  <testcase name="test0176_Diet - 1.8" classname="org.eclipse.jdt.core.tests.compiler.parser.GenericsCompletionParserTest" time="0"/>
  <testcase name="test0177_Diet - 1.8" classname="org.eclipse.jdt.core.tests.compiler.parser.CompletionParserTest2" time="0.001"/>
  <testcase name="test0178_Method - 1.8" classname="org.eclipse.jdt.core.tests.compiler.parser.CompletionParserTest2" time="0"/>
  <testcase name="test0002 - 1.8" classname="org.eclipse.jdt.core.tests.compiler.parser.CompletionParserTestKeyword" time="0"/>
  <testcase name="test0002 - 1.8" classname="org.eclipse.jdt.core.tests.compiler.parser.StatementRecoveryTest" time="0"/>
  <testcase name="test0002 - 1.8" classname="org.eclipse.jdt.core.tests.compiler.parser.ComplianceDiagnoseTest" time="0.001"/>
  <testcase name="test0002 - 1.8" classname="org.eclipse.jdt.core.tests.compiler.parser.GenericsCompletionParserTest" time="0"/>
  <testcase name="test0002 - 1.8" classname="org.eclipse.jdt.core.tests.compiler.parser.EnumCompletionParserTest" time="0.001"/>
  <testcase name="test0002 - 1.8" classname="org.eclipse.jdt.core.tests.compiler.parser.AnnotationCompletionParserTest" time="0"/>
  <testcase name="test0002 - 1.8" classname="org.eclipse.jdt.core.tests.compiler.parser.GenericsSelectionTest" time="0"/>
  <testcase name="test0002 - 1.8" classname="org.eclipse.jdt.core.tests.compiler.parser.AnnotationSelectionTest" time="0"/>
  <testcase name="test0002 - 1.8" classname="org.eclipse.jdt.core.tests.compiler.parser.GenericDietRecoveryTest" time="0.001"/>
  <testcase name="test0002 - 1.8" classname="org.eclipse.jdt.core.tests.compiler.parser.EnumDietRecoveryTest" time="0"/>
  <testcase name="test0002 - 1.8" classname="org.eclipse.jdt.core.tests.compiler.parser.AnnotationDietRecoveryTest" time="0.001"/>
  <testcase name="test0002 - 1.8" classname="org.eclipse.jdt.core.tests.compiler.parser.StatementRecoveryTest_1_5" time="0.003"/>
  <testcase name="test0002 - 1.8" classname="org.eclipse.jdt.core.tests.compiler.parser.ParserTest1_7" time="0.001"/>
  <testcase name="test0002 - 1.8" classname="org.eclipse.jdt.core.tests.compiler.parser.LambdaExpressionSyntaxTest" time="0"/>
  <testcase name="test0002 - 1.8" classname="org.eclipse.jdt.core.tests.compiler.parser.ReferenceExpressionSyntaxTest" time="0"/>
  <testcase name="test0002 - 1.8" classname="org.eclipse.jdt.core.tests.compiler.parser.TypeAnnotationSyntaxTest" time="0.001"/>
  <testcase name="test0002 - 1.8" classname="org.eclipse.jdt.core.tests.compiler.parser.CompletionParserTest18" time="0"/>
  <testcase name="test0003 - 1.8" classname="org.eclipse.jdt.core.tests.compiler.parser.CompletionParserTestKeyword" time="0"/>
  <testcase name="test0003 - 1.8" classname="org.eclipse.jdt.core.tests.compiler.parser.StatementRecoveryTest" time="0.001"/>
  <testcase name="test0003 - 1.8" classname="org.eclipse.jdt.core.tests.compiler.parser.ComplianceDiagnoseTest" time="0.232"/>
  <testcase name="test0003 - 1.8" classname="org.eclipse.jdt.core.tests.compiler.parser.GenericsCompletionParserTest" time="0.001"/>
  <testcase name="test0003 - 1.8" classname="org.eclipse.jdt.core.tests.compiler.parser.EnumCompletionParserTest" time="0"/>
  <testcase name="test0003 - 1.8" classname="org.eclipse.jdt.core.tests.compiler.parser.AnnotationCompletionParserTest" time="0.001"/>
  <testcase name="test0003 - 1.8" classname="org.eclipse.jdt.core.tests.compiler.parser.GenericsSelectionTest" time="0"/>
  <testcase name="test0003 - 1.8" classname="org.eclipse.jdt.core.tests.compiler.parser.AnnotationSelectionTest" time="0"/>
  <testcase name="test0003 - 1.8" classname="org.eclipse.jdt.core.tests.compiler.parser.GenericDietRecoveryTest" time="0.001"/>
  <testcase name="test0003 - 1.8" classname="org.eclipse.jdt.core.tests.compiler.parser.EnumDietRecoveryTest" time="0.001"/>
  <testcase name="test0003 - 1.8" classname="org.eclipse.jdt.core.tests.compiler.parser.AnnotationDietRecoveryTest" time="0.001"/>
  <testcase name="test0003 - 1.8" classname="org.eclipse.jdt.core.tests.compiler.parser.StatementRecoveryTest_1_5" time="0.003"/>
  <testcase name="test0003 - 1.8" classname="org.eclipse.jdt.core.tests.compiler.parser.ParserTest1_7" time="0.001"/>
  <testcase name="test0003 - 1.8" classname="org.eclipse.jdt.core.tests.compiler.parser.LambdaExpressionSyntaxTest" time="0"/>
  <testcase name="test0003 - 1.8" classname="org.eclipse.jdt.core.tests.compiler.parser.ReferenceExpressionSyntaxTest" time="0"/>
  <testcase name="test0003 - 1.8" classname="org.eclipse.jdt.core.tests.compiler.parser.TypeAnnotationSyntaxTest" time="0.001"/>
  <testcase name="test0003 - 1.8" classname="org.eclipse.jdt.core.tests.compiler.parser.CompletionParserTest18" time="0.001"/>
  <testcase name="test0005 - 1.8" classname="org.eclipse.jdt.core.tests.compiler.parser.CompletionParserTestKeyword" time="0"/>
  <testcase name="test0005 - 1.8" classname="org.eclipse.jdt.core.tests.compiler.parser.StatementRecoveryTest" time="0.001"/>
  <testcase name="test0005 - 1.8" classname="org.eclipse.jdt.core.tests.compiler.parser.ComplianceDiagnoseTest" time="0.001"/>
  <testcase name="test0005 - 1.8" classname="org.eclipse.jdt.core.tests.compiler.parser.GenericsCompletionParserTest" time="0"/>
  <testcase name="test0005 - 1.8" classname="org.eclipse.jdt.core.tests.compiler.parser.EnumCompletionParserTest" time="0"/>
  <testcase name="test0005 - 1.8" classname="org.eclipse.jdt.core.tests.compiler.parser.AnnotationCompletionParserTest" time="0"/>
  <testcase name="test0005 - 1.8" classname="org.eclipse.jdt.core.tests.compiler.parser.GenericsSelectionTest" time="0"/>
  <testcase name="test0005 - 1.8" classname="org.eclipse.jdt.core.tests.compiler.parser.GenericDietRecoveryTest" time="0.003"/>
  <testcase name="test0005 - 1.8" classname="org.eclipse.jdt.core.tests.compiler.parser.EnumDietRecoveryTest" time="0.001"/>
  <testcase name="test0005 - 1.8" classname="org.eclipse.jdt.core.tests.compiler.parser.AnnotationDietRecoveryTest" time="0.001"/>
  <testcase name="test0005 - 1.8" classname="org.eclipse.jdt.core.tests.compiler.parser.StatementRecoveryTest_1_5" time="0.003"/>
  <testcase name="test0005 - 1.8" classname="org.eclipse.jdt.core.tests.compiler.parser.ParserTest1_7" time="0.001"/>
  <testcase name="test0005 - 1.8" classname="org.eclipse.jdt.core.tests.compiler.parser.LambdaExpressionSyntaxTest" time="0.001"/>
  <testcase name="test0005 - 1.8" classname="org.eclipse.jdt.core.tests.compiler.parser.ReferenceExpressionSyntaxTest" time="0"/>
  <testcase name="test0005 - 1.8" classname="org.eclipse.jdt.core.tests.compiler.parser.TypeAnnotationSyntaxTest" time="0.001"/>
  <testcase name="test0005 - 1.8" classname="org.eclipse.jdt.core.tests.compiler.parser.CompletionParserTest18" time="0"/>
  <testcase name="test0006 - 1.8" classname="org.eclipse.jdt.core.tests.compiler.parser.CompletionParserTestKeyword" time="0"/>
  <testcase name="test0006 - 1.8" classname="org.eclipse.jdt.core.tests.compiler.parser.StatementRecoveryTest" time="0.001"/>
  <testcase name="test0006 - 1.8" classname="org.eclipse.jdt.core.tests.compiler.parser.ComplianceDiagnoseTest" time="0.001"/>
  <testcase name="test0006 - 1.8" classname="org.eclipse.jdt.core.tests.compiler.parser.GenericsCompletionParserTest" time="0"/>
  <testcase name="test0006 - 1.8" classname="org.eclipse.jdt.core.tests.compiler.parser.EnumCompletionParserTest" time="0"/>
  <testcase name="test0006 - 1.8" classname="org.eclipse.jdt.core.tests.compiler.parser.AnnotationCompletionParserTest" time="0"/>
  <testcase name="test0006 - 1.8" classname="org.eclipse.jdt.core.tests.compiler.parser.GenericsSelectionTest" time="0"/>
  <testcase name="test0006 - 1.8" classname="org.eclipse.jdt.core.tests.compiler.parser.AnnotationSelectionTest" time="0"/>
  <testcase name="test0006 - 1.8" classname="org.eclipse.jdt.core.tests.compiler.parser.GenericDietRecoveryTest" time="0.002"/>
  <testcase name="test0006 - 1.8" classname="org.eclipse.jdt.core.tests.compiler.parser.EnumDietRecoveryTest" time="0.002"/>
  <testcase name="test0006 - 1.8" classname="org.eclipse.jdt.core.tests.compiler.parser.AnnotationDietRecoveryTest" time="0.002"/>
  <testcase name="test0006 - 1.8" classname="org.eclipse.jdt.core.tests.compiler.parser.StatementRecoveryTest_1_5" time="0.002"/>
  <testcase name="test0006 - 1.8" classname="org.eclipse.jdt.core.tests.compiler.parser.ParserTest1_7" time="0.001"/>
  <testcase name="test0006 - 1.8" classname="org.eclipse.jdt.core.tests.compiler.parser.LambdaExpressionSyntaxTest" time="0"/>
  <testcase name="test0006 - 1.8" classname="org.eclipse.jdt.core.tests.compiler.parser.ReferenceExpressionSyntaxTest" time="0"/>
  <testcase name="test0006 - 1.8" classname="org.eclipse.jdt.core.tests.compiler.parser.TypeAnnotationSyntaxTest" time="0.001"/>
  <testcase name="test0006 - 1.8" classname="org.eclipse.jdt.core.tests.compiler.parser.CompletionParserTest18" time="0"/>
  <testcase name="test0008 - 1.8" classname="org.eclipse.jdt.core.tests.compiler.parser.CompletionParserTestKeyword" time="0.001"/>
  <testcase name="test0008 - 1.8" classname="org.eclipse.jdt.core.tests.compiler.parser.StatementRecoveryTest" time="0.001"/>
  <testcase name="test0008 - 1.8" classname="org.eclipse.jdt.core.tests.compiler.parser.ComplianceDiagnoseTest" time="0.001"/>
  <testcase name="test0008 - 1.8" classname="org.eclipse.jdt.core.tests.compiler.parser.GenericsCompletionParserTest" time="0"/>
  <testcase name="test0008 - 1.8" classname="org.eclipse.jdt.core.tests.compiler.parser.EnumCompletionParserTest" time="0"/>
  <testcase name="test0008 - 1.8" classname="org.eclipse.jdt.core.tests.compiler.parser.AnnotationCompletionParserTest" time="0"/>
  <testcase name="test0008 - 1.8" classname="org.eclipse.jdt.core.tests.compiler.parser.GenericsSelectionTest" time="0"/>
  <testcase name="test0008 - 1.8" classname="org.eclipse.jdt.core.tests.compiler.parser.AnnotationSelectionTest" time="0"/>
  <testcase name="test0008 - 1.8" classname="org.eclipse.jdt.core.tests.compiler.parser.GenericDietRecoveryTest" time="0.002"/>
  <testcase name="test0008 - 1.8" classname="org.eclipse.jdt.core.tests.compiler.parser.EnumDietRecoveryTest" time="0.001"/>
  <testcase name="test0008 - 1.8" classname="org.eclipse.jdt.core.tests.compiler.parser.AnnotationDietRecoveryTest" time="0.002"/>
  <testcase name="test0008 - 1.8" classname="org.eclipse.jdt.core.tests.compiler.parser.StatementRecoveryTest_1_5" time="0.001"/>
  <testcase name="test0008 - 1.8" classname="org.eclipse.jdt.core.tests.compiler.parser.ParserTest1_7" time="0.001"/>
  <testcase name="test0008 - 1.8" classname="org.eclipse.jdt.core.tests.compiler.parser.LambdaExpressionSyntaxTest" time="0.001"/>
  <testcase name="test0008 - 1.8" classname="org.eclipse.jdt.core.tests.compiler.parser.ReferenceExpressionSyntaxTest" time="0.001"/>
  <testcase name="test0008 - 1.8" classname="org.eclipse.jdt.core.tests.compiler.parser.TypeAnnotationSyntaxTest" time="0"/>
  <testcase name="test0009 - 1.8" classname="org.eclipse.jdt.core.tests.compiler.parser.CompletionParserTestKeyword" time="0"/>
  <testcase name="test0009 - 1.8" classname="org.eclipse.jdt.core.tests.compiler.parser.StatementRecoveryTest" time="0.001"/>
  <testcase name="test0009 - 1.8" classname="org.eclipse.jdt.core.tests.compiler.parser.ComplianceDiagnoseTest" time="0.003"/>
  <testcase name="test0009 - 1.8" classname="org.eclipse.jdt.core.tests.compiler.parser.GenericsCompletionParserTest" time="0"/>
  <testcase name="test0009 - 1.8" classname="org.eclipse.jdt.core.tests.compiler.parser.EnumCompletionParserTest" time="0"/>
  <testcase name="test0009 - 1.8" classname="org.eclipse.jdt.core.tests.compiler.parser.AnnotationCompletionParserTest" time="0"/>
  <testcase name="test0009 - 1.8" classname="org.eclipse.jdt.core.tests.compiler.parser.GenericsSelectionTest" time="0"/>
  <testcase name="test0009 - 1.8" classname="org.eclipse.jdt.core.tests.compiler.parser.AnnotationSelectionTest" time="0.001"/>
  <testcase name="test0009 - 1.8" classname="org.eclipse.jdt.core.tests.compiler.parser.GenericDietRecoveryTest" time="0.001"/>
  <testcase name="test0009 - 1.8" classname="org.eclipse.jdt.core.tests.compiler.parser.EnumDietRecoveryTest" time="0.001"/>
  <testcase name="test0009 - 1.8" classname="org.eclipse.jdt.core.tests.compiler.parser.AnnotationDietRecoveryTest" time="0.002"/>
  <testcase name="test0009 - 1.8" classname="org.eclipse.jdt.core.tests.compiler.parser.ParserTest1_7" time="0"/>
  <testcase name="test0009 - 1.8" classname="org.eclipse.jdt.core.tests.compiler.parser.LambdaExpressionSyntaxTest" time="0"/>
  <testcase name="test0009 - 1.8" classname="org.eclipse.jdt.core.tests.compiler.parser.ReferenceExpressionSyntaxTest" time="0"/>
  <testcase name="test0009 - 1.8" classname="org.eclipse.jdt.core.tests.compiler.parser.TypeAnnotationSyntaxTest" time="0.001"/>
  <testcase name="test0011 - 1.8" classname="org.eclipse.jdt.core.tests.compiler.parser.CompletionParserTestKeyword" time="0"/>
  <testcase name="test0011 - 1.8" classname="org.eclipse.jdt.core.tests.compiler.parser.StatementRecoveryTest" time="0.001"/>
  <testcase name="test0011 - 1.8" classname="org.eclipse.jdt.core.tests.compiler.parser.ComplianceDiagnoseTest" time="0.001"/>
  <testcase name="test0011 - 1.8" classname="org.eclipse.jdt.core.tests.compiler.parser.GenericsCompletionParserTest" time="0"/>
  <testcase name="test0011 - 1.8" classname="org.eclipse.jdt.core.tests.compiler.parser.EnumCompletionParserTest" time="0"/>
  <testcase name="test0011 - 1.8" classname="org.eclipse.jdt.core.tests.compiler.parser.AnnotationCompletionParserTest" time="0"/>
  <testcase name="test0011 - 1.8" classname="org.eclipse.jdt.core.tests.compiler.parser.GenericsSelectionTest" time="0"/>
  <testcase name="test0011 - 1.8" classname="org.eclipse.jdt.core.tests.compiler.parser.AnnotationSelectionTest" time="0"/>
  <testcase name="test0011 - 1.8" classname="org.eclipse.jdt.core.tests.compiler.parser.GenericDietRecoveryTest" time="0"/>
  <testcase name="test0011 - 1.8" classname="org.eclipse.jdt.core.tests.compiler.parser.EnumDietRecoveryTest" time="0.002"/>
  <testcase name="test0011 - 1.8" classname="org.eclipse.jdt.core.tests.compiler.parser.AnnotationDietRecoveryTest" time="0.001"/>
  <testcase name="test0011 - 1.8" classname="org.eclipse.jdt.core.tests.compiler.parser.ParserTest1_7" time="0"/>
  <testcase name="test0011 - 1.8" classname="org.eclipse.jdt.core.tests.compiler.parser.LambdaExpressionSyntaxTest" time="0"/>
  <testcase name="test0011 - 1.8" classname="org.eclipse.jdt.core.tests.compiler.parser.ReferenceExpressionSyntaxTest" time="0"/>
  <testcase name="test0011 - 1.8" classname="org.eclipse.jdt.core.tests.compiler.parser.TypeAnnotationSyntaxTest" time="0.001"/>
  <testcase name="test0012 - 1.8" classname="org.eclipse.jdt.core.tests.compiler.parser.CompletionParserTestKeyword" time="0"/>
  <testcase name="test0012 - 1.8" classname="org.eclipse.jdt.core.tests.compiler.parser.StatementRecoveryTest" time="0.001"/>
  <testcase name="test0012 - 1.8" classname="org.eclipse.jdt.core.tests.compiler.parser.ComplianceDiagnoseTest" time="0.003"/>
  <testcase name="test0012 - 1.8" classname="org.eclipse.jdt.core.tests.compiler.parser.GenericsCompletionParserTest" time="0"/>
  <testcase name="test0012 - 1.8" classname="org.eclipse.jdt.core.tests.compiler.parser.EnumCompletionParserTest" time="0"/>
  <testcase name="test0012 - 1.8" classname="org.eclipse.jdt.core.tests.compiler.parser.AnnotationCompletionParserTest" time="0"/>
  <testcase name="test0012 - 1.8" classname="org.eclipse.jdt.core.tests.compiler.parser.GenericsSelectionTest" time="0"/>
  <testcase name="test0012 - 1.8" classname="org.eclipse.jdt.core.tests.compiler.parser.AnnotationSelectionTest" time="0"/>
  <testcase name="test0012 - 1.8" classname="org.eclipse.jdt.core.tests.compiler.parser.GenericDietRecoveryTest" time="0.001"/>
  <testcase name="test0012 - 1.8" classname="org.eclipse.jdt.core.tests.compiler.parser.EnumDietRecoveryTest" time="0.001"/>
  <testcase name="test0012 - 1.8" classname="org.eclipse.jdt.core.tests.compiler.parser.AnnotationDietRecoveryTest" time="0.002"/>
  <testcase name="test0012 - 1.8" classname="org.eclipse.jdt.core.tests.compiler.parser.ParserTest1_7" time="0.001"/>
  <testcase name="test0012 - 1.8" classname="org.eclipse.jdt.core.tests.compiler.parser.LambdaExpressionSyntaxTest" time="0"/>
  <testcase name="test0012 - 1.8" classname="org.eclipse.jdt.core.tests.compiler.parser.ReferenceExpressionSyntaxTest" time="0"/>
  <testcase name="test0012 - 1.8" classname="org.eclipse.jdt.core.tests.compiler.parser.TypeAnnotationSyntaxTest" time="0.001"/>
  <testcase name="test0014 - 1.8" classname="org.eclipse.jdt.core.tests.compiler.parser.CompletionParserTestKeyword" time="0"/>
  <testcase name="test0014 - 1.8" classname="org.eclipse.jdt.core.tests.compiler.parser.StatementRecoveryTest" time="0.001"/>
  <testcase name="test0014 - 1.8" classname="org.eclipse.jdt.core.tests.compiler.parser.ComplianceDiagnoseTest" time="0.002"/>
  <testcase name="test0014 - 1.8" classname="org.eclipse.jdt.core.tests.compiler.parser.GenericsCompletionParserTest" time="0"/>
  <testcase name="test0014 - 1.8" classname="org.eclipse.jdt.core.tests.compiler.parser.EnumCompletionParserTest" time="0"/>
  <testcase name="test0014 - 1.8" classname="org.eclipse.jdt.core.tests.compiler.parser.AnnotationCompletionParserTest" time="0"/>
  <testcase name="test0014 - 1.8" classname="org.eclipse.jdt.core.tests.compiler.parser.GenericsSelectionTest" time="0.001"/>
  <testcase name="test0014 - 1.8" classname="org.eclipse.jdt.core.tests.compiler.parser.AnnotationSelectionTest" time="0"/>
  <testcase name="test0014 - 1.8" classname="org.eclipse.jdt.core.tests.compiler.parser.GenericDietRecoveryTest" time="0.002"/>
  <testcase name="test0014 - 1.8" classname="org.eclipse.jdt.core.tests.compiler.parser.EnumDietRecoveryTest" time="0.001"/>
  <testcase name="test0014 - 1.8" classname="org.eclipse.jdt.core.tests.compiler.parser.AnnotationDietRecoveryTest" time="0.001"/>
  <testcase name="test0014 - 1.8" classname="org.eclipse.jdt.core.tests.compiler.parser.LambdaExpressionSyntaxTest" time="0"/>
  <testcase name="test0014 - 1.8" classname="org.eclipse.jdt.core.tests.compiler.parser.ReferenceExpressionSyntaxTest" time="0.001"/>
  <testcase name="test0014 - 1.8" classname="org.eclipse.jdt.core.tests.compiler.parser.TypeAnnotationSyntaxTest" time="0.001"/>
  <testcase name="test0015 - 1.8" classname="org.eclipse.jdt.core.tests.compiler.parser.CompletionParserTestKeyword" time="0"/>
  <testcase name="test0015 - 1.8" classname="org.eclipse.jdt.core.tests.compiler.parser.StatementRecoveryTest" time="0.001"/>
  <testcase name="test0015 - 1.8" classname="org.eclipse.jdt.core.tests.compiler.parser.ComplianceDiagnoseTest" time="0.001"/>
  <testcase name="test0015 - 1.8" classname="org.eclipse.jdt.core.tests.compiler.parser.GenericsCompletionParserTest" time="0"/>
  <testcase name="test0015 - 1.8" classname="org.eclipse.jdt.core.tests.compiler.parser.AnnotationCompletionParserTest" time="0"/>
  <testcase name="test0015 - 1.8" classname="org.eclipse.jdt.core.tests.compiler.parser.GenericsSelectionTest" time="0"/>
  <testcase name="test0015 - 1.8" classname="org.eclipse.jdt.core.tests.compiler.parser.AnnotationSelectionTest" time="0"/>
  <testcase name="test0015 - 1.8" classname="org.eclipse.jdt.core.tests.compiler.parser.GenericDietRecoveryTest" time="0.001"/>
  <testcase name="test0015 - 1.8" classname="org.eclipse.jdt.core.tests.compiler.parser.EnumDietRecoveryTest" time="0.002"/>
  <testcase name="test0015 - 1.8" classname="org.eclipse.jdt.core.tests.compiler.parser.AnnotationDietRecoveryTest" time="0.001"/>
  <testcase name="test0015 - 1.8" classname="org.eclipse.jdt.core.tests.compiler.parser.LambdaExpressionSyntaxTest" time="0"/>
  <testcase name="test0015 - 1.8" classname="org.eclipse.jdt.core.tests.compiler.parser.ReferenceExpressionSyntaxTest" time="0"/>
  <testcase name="test0015 - 1.8" classname="org.eclipse.jdt.core.tests.compiler.parser.TypeAnnotationSyntaxTest" time="0.001"/>
  <testcase name="test0017 - 1.8" classname="org.eclipse.jdt.core.tests.compiler.parser.CompletionParserTestKeyword" time="0"/>
  <testcase name="test0017 - 1.8" classname="org.eclipse.jdt.core.tests.compiler.parser.StatementRecoveryTest" time="0.001"/>
  <testcase name="test0017 - 1.8" classname="org.eclipse.jdt.core.tests.compiler.parser.ComplianceDiagnoseTest" time="0.001"/>
  <testcase name="test0017 - 1.8" classname="org.eclipse.jdt.core.tests.compiler.parser.GenericsCompletionParserTest" time="0"/>
  <testcase name="test0017 - 1.8" classname="org.eclipse.jdt.core.tests.compiler.parser.AnnotationCompletionParserTest" time="0"/>
  <testcase name="test0017 - 1.8" classname="org.eclipse.jdt.core.tests.compiler.parser.GenericsSelectionTest" time="0"/>
  <testcase name="test0017 - 1.8" classname="org.eclipse.jdt.core.tests.compiler.parser.AnnotationSelectionTest" time="0"/>
  <testcase name="test0017 - 1.8" classname="org.eclipse.jdt.core.tests.compiler.parser.GenericDietRecoveryTest" time="0.002"/>
  <testcase name="test0017 - 1.8" classname="org.eclipse.jdt.core.tests.compiler.parser.EnumDietRecoveryTest" time="0"/>
  <testcase name="test0017 - 1.8" classname="org.eclipse.jdt.core.tests.compiler.parser.AnnotationDietRecoveryTest" time="0.003"/>
  <testcase name="test0017 - 1.8" classname="org.eclipse.jdt.core.tests.compiler.parser.LambdaExpressionSyntaxTest" time="0"/>
  <testcase name="test0017 - 1.8" classname="org.eclipse.jdt.core.tests.compiler.parser.ReferenceExpressionSyntaxTest" time="0"/>
  <testcase name="test0017 - 1.8" classname="org.eclipse.jdt.core.tests.compiler.parser.TypeAnnotationSyntaxTest" time="0.001"/>
  <testcase name="test0018 - 1.8" classname="org.eclipse.jdt.core.tests.compiler.parser.CompletionParserTestKeyword" time="0"/>
  <testcase name="test0018 - 1.8" classname="org.eclipse.jdt.core.tests.compiler.parser.StatementRecoveryTest" time="0.001"/>
  <testcase name="test0018 - 1.8" classname="org.eclipse.jdt.core.tests.compiler.parser.ComplianceDiagnoseTest" time="0.001"/>
  <testcase name="test0018 - 1.8" classname="org.eclipse.jdt.core.tests.compiler.parser.GenericsCompletionParserTest" time="0"/>
  <testcase name="test0018 - 1.8" classname="org.eclipse.jdt.core.tests.compiler.parser.AnnotationCompletionParserTest" time="0"/>
  <testcase name="test0018 - 1.8" classname="org.eclipse.jdt.core.tests.compiler.parser.GenericsSelectionTest" time="0"/>
  <testcase name="test0018 - 1.8" classname="org.eclipse.jdt.core.tests.compiler.parser.GenericDietRecoveryTest" time="0.002"/>
  <testcase name="test0018 - 1.8" classname="org.eclipse.jdt.core.tests.compiler.parser.AnnotationDietRecoveryTest" time="0.003"/>
  <testcase name="test0018 - 1.8" classname="org.eclipse.jdt.core.tests.compiler.parser.LambdaExpressionSyntaxTest" time="0"/>
  <testcase name="test0018 - 1.8" classname="org.eclipse.jdt.core.tests.compiler.parser.ReferenceExpressionSyntaxTest" time="0.001"/>
  <testcase name="test0018 - 1.8" classname="org.eclipse.jdt.core.tests.compiler.parser.TypeAnnotationSyntaxTest" time="0.001"/>
  <testcase name="test0020 - 1.8" classname="org.eclipse.jdt.core.tests.compiler.parser.CompletionParserTestKeyword" time="0"/>
  <testcase name="test0020 - 1.8" classname="org.eclipse.jdt.core.tests.compiler.parser.StatementRecoveryTest" time="0.002"/>
  <testcase name="test0020 - 1.8" classname="org.eclipse.jdt.core.tests.compiler.parser.ComplianceDiagnoseTest" time="0.001"/>
  <testcase name="test0020 - 1.8" classname="org.eclipse.jdt.core.tests.compiler.parser.GenericsCompletionParserTest" time="0"/>
  <testcase name="test0020 - 1.8" classname="org.eclipse.jdt.core.tests.compiler.parser.AnnotationCompletionParserTest" time="0"/>
  <testcase name="test0020 - 1.8" classname="org.eclipse.jdt.core.tests.compiler.parser.GenericsSelectionTest" time="0"/>
  <testcase name="test0020 - 1.8" classname="org.eclipse.jdt.core.tests.compiler.parser.GenericDietRecoveryTest" time="0"/>
  <testcase name="test0020 - 1.8" classname="org.eclipse.jdt.core.tests.compiler.parser.AnnotationDietRecoveryTest" time="0.004"/>
  <testcase name="test0020 - 1.8" classname="org.eclipse.jdt.core.tests.compiler.parser.ReferenceExpressionSyntaxTest" time="0"/>
  <testcase name="test0020 - 1.8" classname="org.eclipse.jdt.core.tests.compiler.parser.TypeAnnotationSyntaxTest" time="0.001"/>
  <testcase name="test0022_Diet - 1.8" classname="org.eclipse.jdt.core.tests.compiler.parser.CompletionParserTestKeyword" time="0"/>
  <testcase name="test0022_Method - 1.8" classname="org.eclipse.jdt.core.tests.compiler.parser.CompletionParserTestKeyword" time="0"/>
  <testcase name="test0025_Diet - 1.8" classname="org.eclipse.jdt.core.tests.compiler.parser.CompletionParserTestKeyword" time="0"/>
  <testcase name="test0025_Method - 1.8" classname="org.eclipse.jdt.core.tests.compiler.parser.CompletionParserTestKeyword" time="0"/>
  <testcase name="test0028_Diet - 1.8" classname="org.eclipse.jdt.core.tests.compiler.parser.CompletionParserTestKeyword" time="0"/>
  <testcase name="test0028_Diet - 1.8" classname="org.eclipse.jdt.core.tests.compiler.parser.AnnotationCompletionParserTest" time="0"/>
  <testcase name="test0028_Method - 1.8" classname="org.eclipse.jdt.core.tests.compiler.parser.CompletionParserTestKeyword" time="0"/>
  <testcase name="test0028_Method - 1.8" classname="org.eclipse.jdt.core.tests.compiler.parser.AnnotationCompletionParserTest" time="0"/>
  <testcase name="test0029 - 1.8" classname="org.eclipse.jdt.core.tests.compiler.parser.CompletionParserTestKeyword" time="0"/>
  <testcase name="test0029 - 1.8" classname="org.eclipse.jdt.core.tests.compiler.parser.StatementRecoveryTest" time="0.001"/>
  <testcase name="test0029 - 1.8" classname="org.eclipse.jdt.core.tests.compiler.parser.ComplianceDiagnoseTest" time="0"/>
  <testcase name="test0029 - 1.8" classname="org.eclipse.jdt.core.tests.compiler.parser.GenericsCompletionParserTest" time="0.001"/>
  <testcase name="test0029 - 1.8" classname="org.eclipse.jdt.core.tests.compiler.parser.TypeAnnotationSyntaxTest" time="0"/>
  <testcase name="test0030 - 1.8" classname="org.eclipse.jdt.core.tests.compiler.parser.CompletionParserTestKeyword" time="0"/>
  <testcase name="test0030 - 1.8" classname="org.eclipse.jdt.core.tests.compiler.parser.StatementRecoveryTest" time="0.001"/>
  <testcase name="test0030 - 1.8" classname="org.eclipse.jdt.core.tests.compiler.parser.AnnotationCompletionParserTest" time="0"/>
  <testcase name="test0030 - 1.8" classname="org.eclipse.jdt.core.tests.compiler.parser.AnnotationDietRecoveryTest" time="0.002"/>
  <testcase name="test0030 - 1.8" classname="org.eclipse.jdt.core.tests.compiler.parser.TypeAnnotationSyntaxTest" time="0"/>
  <testcase name="test0031 - 1.8" classname="org.eclipse.jdt.core.tests.compiler.parser.CompletionParserTestKeyword" time="0"/>
  <testcase name="test0031 - 1.8" classname="org.eclipse.jdt.core.tests.compiler.parser.StatementRecoveryTest" time="0.001"/>
  <testcase name="test0031 - 1.8" classname="org.eclipse.jdt.core.tests.compiler.parser.ComplianceDiagnoseTest" time="0"/>
  <testcase name="test0031 - 1.8" classname="org.eclipse.jdt.core.tests.compiler.parser.AnnotationCompletionParserTest" time="0"/>
  <testcase name="test0031 - 1.8" classname="org.eclipse.jdt.core.tests.compiler.parser.AnnotationDietRecoveryTest" time="0.003"/>
  <testcase name="test0031 - 1.8" classname="org.eclipse.jdt.core.tests.compiler.parser.TypeAnnotationSyntaxTest" time="0"/>
  <testcase name="test0032 - 1.8" classname="org.eclipse.jdt.core.tests.compiler.parser.CompletionParserTestKeyword" time="0"/>
  <testcase name="test0032 - 1.8" classname="org.eclipse.jdt.core.tests.compiler.parser.StatementRecoveryTest" time="0.002"/>
  <testcase name="test0032 - 1.8" classname="org.eclipse.jdt.core.tests.compiler.parser.AnnotationCompletionParserTest" time="0.001"/>
  <testcase name="test0032 - 1.8" classname="org.eclipse.jdt.core.tests.compiler.parser.AnnotationDietRecoveryTest" time="0.002"/>
  <testcase name="test0032 - 1.8" classname="org.eclipse.jdt.core.tests.compiler.parser.TypeAnnotationSyntaxTest" time="0"/>
  <testcase name="test0033 - 1.8" classname="org.eclipse.jdt.core.tests.compiler.parser.CompletionParserTestKeyword" time="0"/>
  <testcase name="test0033 - 1.8" classname="org.eclipse.jdt.core.tests.compiler.parser.StatementRecoveryTest" time="0.001"/>
  <testcase name="test0033 - 1.8" classname="org.eclipse.jdt.core.tests.compiler.parser.ComplianceDiagnoseTest" time="0"/>
  <testcase name="test0033 - 1.8" classname="org.eclipse.jdt.core.tests.compiler.parser.AnnotationCompletionParserTest" time="0"/>
  <testcase name="test0033 - 1.8" classname="org.eclipse.jdt.core.tests.compiler.parser.AnnotationDietRecoveryTest" time="0.002"/>
  <testcase name="test0033 - 1.8" classname="org.eclipse.jdt.core.tests.compiler.parser.TypeAnnotationSyntaxTest" time="0.001"/>
  <testcase name="test0034 - 1.8" classname="org.eclipse.jdt.core.tests.compiler.parser.CompletionParserTestKeyword" time="0"/>
  <testcase name="test0034 - 1.8" classname="org.eclipse.jdt.core.tests.compiler.parser.StatementRecoveryTest" time="0.001"/>
  <testcase name="test0034 - 1.8" classname="org.eclipse.jdt.core.tests.compiler.parser.ComplianceDiagnoseTest" time="0.001"/>
  <testcase name="test0034 - 1.8" classname="org.eclipse.jdt.core.tests.compiler.parser.AnnotationDietRecoveryTest" time="0.001"/>
  <testcase name="test0034 - 1.8" classname="org.eclipse.jdt.core.tests.compiler.parser.TypeAnnotationSyntaxTest" time="0"/>
  <testcase name="test0035 - 1.8" classname="org.eclipse.jdt.core.tests.compiler.parser.CompletionParserTestKeyword" time="0"/>
  <testcase name="test0035 - 1.8" classname="org.eclipse.jdt.core.tests.compiler.parser.StatementRecoveryTest" time="0.001"/>
  <testcase name="test0035 - 1.8" classname="org.eclipse.jdt.core.tests.compiler.parser.ComplianceDiagnoseTest" time="0.001"/>
  <testcase name="test0035 - 1.8" classname="org.eclipse.jdt.core.tests.compiler.parser.AnnotationDietRecoveryTest" time="0.003"/>
  <testcase name="test0035 - 1.8" classname="org.eclipse.jdt.core.tests.compiler.parser.TypeAnnotationSyntaxTest" time="0.001"/>
  <testcase name="test0036 - 1.8" classname="org.eclipse.jdt.core.tests.compiler.parser.CompletionParserTestKeyword" time="0"/>
  <testcase name="test0036 - 1.8" classname="org.eclipse.jdt.core.tests.compiler.parser.StatementRecoveryTest" time="0.001"/>
  <testcase name="test0036 - 1.8" classname="org.eclipse.jdt.core.tests.compiler.parser.ComplianceDiagnoseTest" time="0.001"/>
  <testcase name="test0036 - 1.8" classname="org.eclipse.jdt.core.tests.compiler.parser.AnnotationCompletionParserTest" time="0"/>
  <testcase name="test0036 - 1.8" classname="org.eclipse.jdt.core.tests.compiler.parser.AnnotationDietRecoveryTest" time="0.001"/>
  <testcase name="test0036 - 1.8" classname="org.eclipse.jdt.core.tests.compiler.parser.TypeAnnotationSyntaxTest" time="0.001"/>
  <testcase name="test0037_Diet - 1.8" classname="org.eclipse.jdt.core.tests.compiler.parser.CompletionParserTestKeyword" time="0"/>
  <testcase name="test0037_Diet - 1.8" classname="org.eclipse.jdt.core.tests.compiler.parser.GenericsCompletionParserTest" time="0"/>
  <testcase name="test0037_Method - 1.8" classname="org.eclipse.jdt.core.tests.compiler.parser.CompletionParserTestKeyword" time="0"/>
  <testcase name="test0037_Method - 1.8" classname="org.eclipse.jdt.core.tests.compiler.parser.GenericsCompletionParserTest" time="0"/>
  <testcase name="test0040_Diet - 1.8" classname="org.eclipse.jdt.core.tests.compiler.parser.CompletionParserTestKeyword" time="0"/>
  <testcase name="test0040_Diet - 1.8" classname="org.eclipse.jdt.core.tests.compiler.parser.GenericsCompletionParserTest" time="0"/>
  <testcase name="test0040_Diet - 1.8" classname="org.eclipse.jdt.core.tests.compiler.parser.AnnotationCompletionParserTest" time="0"/>
  <testcase name="test0040_Method - 1.8" classname="org.eclipse.jdt.core.tests.compiler.parser.CompletionParserTestKeyword" time="0"/>
  <testcase name="test0040_Method - 1.8" classname="org.eclipse.jdt.core.tests.compiler.parser.GenericsCompletionParserTest" time="0"/>
  <testcase name="test0040_Method - 1.8" classname="org.eclipse.jdt.core.tests.compiler.parser.AnnotationCompletionParserTest" time="0"/>
  <testcase name="test0043_Diet - 1.8" classname="org.eclipse.jdt.core.tests.compiler.parser.CompletionParserTestKeyword" time="0"/>
  <testcase name="test0043_Diet - 1.8" classname="org.eclipse.jdt.core.tests.compiler.parser.GenericsCompletionParserTest" time="0"/>
  <testcase name="test0043_Method - 1.8" classname="org.eclipse.jdt.core.tests.compiler.parser.CompletionParserTestKeyword" time="0"/>
  <testcase name="test0043_Method - 1.8" classname="org.eclipse.jdt.core.tests.compiler.parser.GenericsCompletionParserTest" time="0"/>
  <testcase name="test0046_Diet - 1.8" classname="org.eclipse.jdt.core.tests.compiler.parser.CompletionParserTestKeyword" time="0.001"/>
  <testcase name="test0046_Diet - 1.8" classname="org.eclipse.jdt.core.tests.compiler.parser.GenericsCompletionParserTest" time="0"/>
  <testcase name="test0046_Diet - 1.8" classname="org.eclipse.jdt.core.tests.compiler.parser.AnnotationCompletionParserTest" time="0"/>
  <testcase name="test0046_Method - 1.8" classname="org.eclipse.jdt.core.tests.compiler.parser.CompletionParserTestKeyword" time="0"/>
  <testcase name="test0046_Method - 1.8" classname="org.eclipse.jdt.core.tests.compiler.parser.GenericsCompletionParserTest" time="0"/>
  <testcase name="test0046_Method - 1.8" classname="org.eclipse.jdt.core.tests.compiler.parser.AnnotationCompletionParserTest" time="0.001"/>
  <testcase name="test0047 - 1.8" classname="org.eclipse.jdt.core.tests.compiler.parser.CompletionParserTestKeyword" time="0"/>
  <testcase name="test0047 - 1.8" classname="org.eclipse.jdt.core.tests.compiler.parser.StatementRecoveryTest" time="0.001"/>
  <testcase name="test0047 - 1.8" classname="org.eclipse.jdt.core.tests.compiler.parser.ComplianceDiagnoseTest" time="0.004"/>
  <testcase name="test0047 - 1.8" classname="org.eclipse.jdt.core.tests.compiler.parser.TypeAnnotationSyntaxTest" time="0.001"/>
  <testcase name="test0048 - 1.8" classname="org.eclipse.jdt.core.tests.compiler.parser.CompletionParserTestKeyword" time="0"/>
  <testcase name="test0048 - 1.8" classname="org.eclipse.jdt.core.tests.compiler.parser.ComplianceDiagnoseTest" time="0.001"/>
  <testcase name="test0048 - 1.8" classname="org.eclipse.jdt.core.tests.compiler.parser.AnnotationCompletionParserTest" time="0"/>
  <testcase name="test0048 - 1.8" classname="org.eclipse.jdt.core.tests.compiler.parser.TypeAnnotationSyntaxTest" time="0.001"/>
  <testcase name="test0050 - 1.8" classname="org.eclipse.jdt.core.tests.compiler.parser.CompletionParserTestKeyword" time="0"/>
  <testcase name="test0050 - 1.8" classname="org.eclipse.jdt.core.tests.compiler.parser.ComplianceDiagnoseTest" time="0.001"/>
  <testcase name="test0050 - 1.8" classname="org.eclipse.jdt.core.tests.compiler.parser.AnnotationCompletionParserTest" time="0.001"/>
  <testcase name="test0050 - 1.8" classname="org.eclipse.jdt.core.tests.compiler.parser.TypeAnnotationSyntaxTest" time="0.001"/>
  <testcase name="test0051 - 1.8" classname="org.eclipse.jdt.core.tests.compiler.parser.CompletionParserTestKeyword" time="0"/>
  <testcase name="test0051 - 1.8" classname="org.eclipse.jdt.core.tests.compiler.parser.ComplianceDiagnoseTest" time="0.001"/>
  <testcase name="test0051 - 1.8" classname="org.eclipse.jdt.core.tests.compiler.parser.AnnotationCompletionParserTest" time="0"/>
  <testcase name="test0051 - 1.8" classname="org.eclipse.jdt.core.tests.compiler.parser.TypeAnnotationSyntaxTest" time="0"/>
  <testcase name="test0053 - 1.8" classname="org.eclipse.jdt.core.tests.compiler.parser.CompletionParserTestKeyword" time="0"/>
  <testcase name="test0053 - 1.8" classname="org.eclipse.jdt.core.tests.compiler.parser.ComplianceDiagnoseTest" time="0.004"/>
  <testcase name="test0053 - 1.8" classname="org.eclipse.jdt.core.tests.compiler.parser.TypeAnnotationSyntaxTest" time="0.001"/>
  <testcase name="test0054 - 1.8" classname="org.eclipse.jdt.core.tests.compiler.parser.CompletionParserTestKeyword" time="0"/>
  <testcase name="test0054 - 1.8" classname="org.eclipse.jdt.core.tests.compiler.parser.ComplianceDiagnoseTest" time="0.001"/>
  <testcase name="test0054 - 1.8" classname="org.eclipse.jdt.core.tests.compiler.parser.AnnotationCompletionParserTest" time="0"/>
  <testcase name="test0054 - 1.8" classname="org.eclipse.jdt.core.tests.compiler.parser.TypeAnnotationSyntaxTest" time="0.001"/>
  <testcase name="test0055_Diet - 1.8" classname="org.eclipse.jdt.core.tests.compiler.parser.CompletionParserTestKeyword" time="0"/>
  <testcase name="test0055_Diet - 1.8" classname="org.eclipse.jdt.core.tests.compiler.parser.GenericsCompletionParserTest" time="0"/>
  <testcase name="test0055_Method - 1.8" classname="org.eclipse.jdt.core.tests.compiler.parser.CompletionParserTestKeyword" time="0"/>
  <testcase name="test0055_Method - 1.8" classname="org.eclipse.jdt.core.tests.compiler.parser.GenericsCompletionParserTest" time="0"/>
  <testcase name="test0058_Diet - 1.8" classname="org.eclipse.jdt.core.tests.compiler.parser.CompletionParserTestKeyword" time="0"/>
  <testcase name="test0058_Diet - 1.8" classname="org.eclipse.jdt.core.tests.compiler.parser.GenericsCompletionParserTest" time="0"/>
  <testcase name="test0058_Diet - 1.8" classname="org.eclipse.jdt.core.tests.compiler.parser.AnnotationCompletionParserTest" time="0"/>
  <testcase name="test0058_Method - 1.8" classname="org.eclipse.jdt.core.tests.compiler.parser.CompletionParserTestKeyword" time="0"/>
  <testcase name="test0058_Method - 1.8" classname="org.eclipse.jdt.core.tests.compiler.parser.GenericsCompletionParserTest" time="0"/>
  <testcase name="test0058_Method - 1.8" classname="org.eclipse.jdt.core.tests.compiler.parser.AnnotationCompletionParserTest" time="0"/>
  <testcase name="test0060 - 1.8" classname="org.eclipse.jdt.core.tests.compiler.parser.CompletionParserTestKeyword" time="0"/>
  <testcase name="test0060 - 1.8" classname="org.eclipse.jdt.core.tests.compiler.parser.ComplianceDiagnoseTest" time="0"/>
  <testcase name="test0060 - 1.8" classname="org.eclipse.jdt.core.tests.compiler.parser.GenericsCompletionParserTest" time="0.001"/>
  <testcase name="test0060 - 1.8" classname="org.eclipse.jdt.core.tests.compiler.parser.AnnotationCompletionParserTest" time="0"/>
  <testcase name="test0060 - 1.8" classname="org.eclipse.jdt.core.tests.compiler.parser.TypeAnnotationSyntaxTest" time="0.003"/>
  <testcase name="test0062 - 1.8" classname="org.eclipse.jdt.core.tests.compiler.parser.CompletionParserTestKeyword" time="0"/>
  <testcase name="test0062 - 1.8" classname="org.eclipse.jdt.core.tests.compiler.parser.ComplianceDiagnoseTest" time="0"/>
  <testcase name="test0062 - 1.8" classname="org.eclipse.jdt.core.tests.compiler.parser.GenericsCompletionParserTest" time="0"/>
  <testcase name="test0062 - 1.8" classname="org.eclipse.jdt.core.tests.compiler.parser.AnnotationCompletionParserTest" time="0"/>
  <testcase name="test0062 - 1.8" classname="org.eclipse.jdt.core.tests.compiler.parser.TypeAnnotationSyntaxTest" time="0.001"/>
  <testcase name="test0063 - 1.8" classname="org.eclipse.jdt.core.tests.compiler.parser.CompletionParserTestKeyword" time="0"/>
  <testcase name="test0063 - 1.8" classname="org.eclipse.jdt.core.tests.compiler.parser.ComplianceDiagnoseTest" time="0"/>
  <testcase name="test0063 - 1.8" classname="org.eclipse.jdt.core.tests.compiler.parser.GenericsCompletionParserTest" time="0"/>
  <testcase name="test0063 - 1.8" classname="org.eclipse.jdt.core.tests.compiler.parser.AnnotationCompletionParserTest" time="0"/>
  <testcase name="test0063 - 1.8" classname="org.eclipse.jdt.core.tests.compiler.parser.TypeAnnotationSyntaxTest" time="0.002"/>
  <testcase name="test0065 - 1.8" classname="org.eclipse.jdt.core.tests.compiler.parser.CompletionParserTestKeyword" time="0"/>
  <testcase name="test0065 - 1.8" classname="org.eclipse.jdt.core.tests.compiler.parser.GenericsCompletionParserTest" time="0"/>
  <testcase name="test0066 - 1.8" classname="org.eclipse.jdt.core.tests.compiler.parser.CompletionParserTestKeyword" time="0"/>
  <testcase name="test0066 - 1.8" classname="org.eclipse.jdt.core.tests.compiler.parser.GenericsCompletionParserTest" time="0"/>
  <testcase name="test0066 - 1.8" classname="org.eclipse.jdt.core.tests.compiler.parser.AnnotationCompletionParserTest" time="0"/>
  <testcase name="test0066 - 1.8" classname="org.eclipse.jdt.core.tests.compiler.parser.TypeAnnotationSyntaxTest" time="0.001"/>
  <testcase name="test0067 - 1.8" classname="org.eclipse.jdt.core.tests.compiler.parser.CompletionParserTestKeyword" time="0"/>
  <testcase name="test0067 - 1.8" classname="org.eclipse.jdt.core.tests.compiler.parser.GenericsCompletionParserTest" time="0.001"/>
  <testcase name="test0067 - 1.8" classname="org.eclipse.jdt.core.tests.compiler.parser.AnnotationCompletionParserTest" time="0"/>
  <testcase name="test0067 - 1.8" classname="org.eclipse.jdt.core.tests.compiler.parser.TypeAnnotationSyntaxTest" time="0.001"/>
  <testcase name="test0068 - 1.8" classname="org.eclipse.jdt.core.tests.compiler.parser.CompletionParserTestKeyword" time="0"/>
  <testcase name="test0068 - 1.8" classname="org.eclipse.jdt.core.tests.compiler.parser.GenericsCompletionParserTest" time="0"/>
  <testcase name="test0068 - 1.8" classname="org.eclipse.jdt.core.tests.compiler.parser.AnnotationCompletionParserTest" time="0"/>
  <testcase name="test0068 - 1.8" classname="org.eclipse.jdt.core.tests.compiler.parser.TypeAnnotationSyntaxTest" time="0.001"/>
  <testcase name="test0069 - 1.8" classname="org.eclipse.jdt.core.tests.compiler.parser.CompletionParserTestKeyword" time="0"/>
  <testcase name="test0069 - 1.8" classname="org.eclipse.jdt.core.tests.compiler.parser.GenericsCompletionParserTest" time="0"/>
  <testcase name="test0069 - 1.8" classname="org.eclipse.jdt.core.tests.compiler.parser.AnnotationCompletionParserTest" time="0"/>
  <testcase name="test0069 - 1.8" classname="org.eclipse.jdt.core.tests.compiler.parser.TypeAnnotationSyntaxTest" time="0.001"/>
  <testcase name="test0070 - 1.8" classname="org.eclipse.jdt.core.tests.compiler.parser.CompletionParserTestKeyword" time="0"/>
  <testcase name="test0070 - 1.8" classname="org.eclipse.jdt.core.tests.compiler.parser.GenericsCompletionParserTest" time="0"/>
  <testcase name="test0070 - 1.8" classname="org.eclipse.jdt.core.tests.compiler.parser.TypeAnnotationSyntaxTest" time="0.001"/>
  <testcase name="test0071 - 1.8" classname="org.eclipse.jdt.core.tests.compiler.parser.CompletionParserTestKeyword" time="0"/>
  <testcase name="test0071 - 1.8" classname="org.eclipse.jdt.core.tests.compiler.parser.GenericsCompletionParserTest" time="0"/>
  <testcase name="test0071 - 1.8" classname="org.eclipse.jdt.core.tests.compiler.parser.TypeAnnotationSyntaxTest" time="0.001"/>
  <testcase name="test0072 - 1.8" classname="org.eclipse.jdt.core.tests.compiler.parser.CompletionParserTestKeyword" time="0.001"/>
  <testcase name="test0072 - 1.8" classname="org.eclipse.jdt.core.tests.compiler.parser.GenericsCompletionParserTest" time="0"/>
  <testcase name="test0072 - 1.8" classname="org.eclipse.jdt.core.tests.compiler.parser.AnnotationCompletionParserTest" time="0"/>
  <testcase name="test0072 - 1.8" classname="org.eclipse.jdt.core.tests.compiler.parser.TypeAnnotationSyntaxTest" time="0.001"/>
  <testcase name="test0074 - 1.8" classname="org.eclipse.jdt.core.tests.compiler.parser.CompletionParserTestKeyword" time="0"/>
  <testcase name="test0074 - 1.8" classname="org.eclipse.jdt.core.tests.compiler.parser.GenericsCompletionParserTest" time="0.001"/>
  <testcase name="test0074 - 1.8" classname="org.eclipse.jdt.core.tests.compiler.parser.AnnotationCompletionParserTest" time="0"/>
  <testcase name="test0074 - 1.8" classname="org.eclipse.jdt.core.tests.compiler.parser.TypeAnnotationSyntaxTest" time="0"/>
  <testcase name="test0075 - 1.8" classname="org.eclipse.jdt.core.tests.compiler.parser.CompletionParserTestKeyword" time="0"/>
  <testcase name="test0075 - 1.8" classname="org.eclipse.jdt.core.tests.compiler.parser.GenericsCompletionParserTest" time="0"/>
  <testcase name="test0075 - 1.8" classname="org.eclipse.jdt.core.tests.compiler.parser.AnnotationCompletionParserTest" time="0"/>
  <testcase name="test0075 - 1.8" classname="org.eclipse.jdt.core.tests.compiler.parser.TypeAnnotationSyntaxTest" time="0"/>
  <testcase name="test0077 - 1.8" classname="org.eclipse.jdt.core.tests.compiler.parser.CompletionParserTestKeyword" time="0.001"/>
  <testcase name="test0077 - 1.8" classname="org.eclipse.jdt.core.tests.compiler.parser.GenericsCompletionParserTest" time="0"/>
  <testcase name="test0077 - 1.8" classname="org.eclipse.jdt.core.tests.compiler.parser.TypeAnnotationSyntaxTest" time="0.001"/>
  <testcase name="test0078 - 1.8" classname="org.eclipse.jdt.core.tests.compiler.parser.CompletionParserTestKeyword" time="0"/>
  <testcase name="test0078 - 1.8" classname="org.eclipse.jdt.core.tests.compiler.parser.GenericsCompletionParserTest" time="0.001"/>
  <testcase name="test0078 - 1.8" classname="org.eclipse.jdt.core.tests.compiler.parser.AnnotationCompletionParserTest" time="0"/>
  <testcase name="test0078 - 1.8" classname="org.eclipse.jdt.core.tests.compiler.parser.TypeAnnotationSyntaxTest" time="0.001"/>
  <testcase name="test0079 - 1.8" classname="org.eclipse.jdt.core.tests.compiler.parser.CompletionParserTestKeyword" time="0"/>
  <testcase name="test0079 - 1.8" classname="org.eclipse.jdt.core.tests.compiler.parser.GenericsCompletionParserTest" time="0"/>
  <testcase name="test0079 - 1.8" classname="org.eclipse.jdt.core.tests.compiler.parser.AnnotationCompletionParserTest" time="0"/>
  <testcase name="test0079 - 1.8" classname="org.eclipse.jdt.core.tests.compiler.parser.TypeAnnotationSyntaxTest" time="0.001"/>
  <testcase name="test0083 - 1.8" classname="org.eclipse.jdt.core.tests.compiler.parser.CompletionParserTestKeyword" time="0"/>
  <testcase name="test0083 - 1.8" classname="org.eclipse.jdt.core.tests.compiler.parser.GenericsCompletionParserTest" time="0"/>
  <testcase name="test0083 - 1.8" classname="org.eclipse.jdt.core.tests.compiler.parser.AnnotationCompletionParserTest" time="0"/>
  <testcase name="test0083 - 1.8" classname="org.eclipse.jdt.core.tests.compiler.parser.TypeAnnotationSyntaxTest" time="0.001"/>
  <testcase name="test0084 - 1.8" classname="org.eclipse.jdt.core.tests.compiler.parser.CompletionParserTestKeyword" time="0"/>
  <testcase name="test0084 - 1.8" classname="org.eclipse.jdt.core.tests.compiler.parser.GenericsCompletionParserTest" time="0"/>
  <testcase name="test0084 - 1.8" classname="org.eclipse.jdt.core.tests.compiler.parser.AnnotationCompletionParserTest" time="0"/>
  <testcase name="test0084 - 1.8" classname="org.eclipse.jdt.core.tests.compiler.parser.TypeAnnotationSyntaxTest" time="0.001"/>
  <testcase name="test0085 - 1.8" classname="org.eclipse.jdt.core.tests.compiler.parser.CompletionParserTestKeyword" time="0"/>
  <testcase name="test0085 - 1.8" classname="org.eclipse.jdt.core.tests.compiler.parser.GenericsCompletionParserTest" time="0.001"/>
  <testcase name="test0085 - 1.8" classname="org.eclipse.jdt.core.tests.compiler.parser.AnnotationCompletionParserTest" time="0"/>
  <testcase name="test0085 - 1.8" classname="org.eclipse.jdt.core.tests.compiler.parser.TypeAnnotationSyntaxTest" time="0.002"/>
  <testcase name="test0086 - 1.8" classname="org.eclipse.jdt.core.tests.compiler.parser.CompletionParserTestKeyword" time="0"/>
  <testcase name="test0086 - 1.8" classname="org.eclipse.jdt.core.tests.compiler.parser.GenericsCompletionParserTest" time="0"/>
  <testcase name="test0086 - 1.8" classname="org.eclipse.jdt.core.tests.compiler.parser.AnnotationCompletionParserTest" time="0"/>
  <testcase name="test0086 - 1.8" classname="org.eclipse.jdt.core.tests.compiler.parser.TypeAnnotationSyntaxTest" time="0.001"/>
  <testcase name="test0087 - 1.8" classname="org.eclipse.jdt.core.tests.compiler.parser.CompletionParserTestKeyword" time="0.001"/>
  <testcase name="test0087 - 1.8" classname="org.eclipse.jdt.core.tests.compiler.parser.GenericsCompletionParserTest" time="0"/>
  <testcase name="test0087 - 1.8" classname="org.eclipse.jdt.core.tests.compiler.parser.AnnotationCompletionParserTest" time="0"/>
  <testcase name="test0087 - 1.8" classname="org.eclipse.jdt.core.tests.compiler.parser.TypeAnnotationSyntaxTest" time="0.002"/>
  <testcase name="test0088 - 1.8" classname="org.eclipse.jdt.core.tests.compiler.parser.CompletionParserTestKeyword" time="0"/>
  <testcase name="test0088 - 1.8" classname="org.eclipse.jdt.core.tests.compiler.parser.GenericsCompletionParserTest" time="0"/>
  <testcase name="test0088 - 1.8" classname="org.eclipse.jdt.core.tests.compiler.parser.AnnotationCompletionParserTest" time="0"/>
  <testcase name="test0088 - 1.8" classname="org.eclipse.jdt.core.tests.compiler.parser.TypeAnnotationSyntaxTest" time="0.001"/>
  <testcase name="test0089 - 1.8" classname="org.eclipse.jdt.core.tests.compiler.parser.CompletionParserTestKeyword" time="0"/>
  <testcase name="test0089 - 1.8" classname="org.eclipse.jdt.core.tests.compiler.parser.GenericsCompletionParserTest" time="0"/>
  <testcase name="test0089 - 1.8" classname="org.eclipse.jdt.core.tests.compiler.parser.AnnotationCompletionParserTest" time="0"/>
  <testcase name="test0089 - 1.8" classname="org.eclipse.jdt.core.tests.compiler.parser.TypeAnnotationSyntaxTest" time="0.001"/>
  <testcase name="test0091_Diet - 1.8" classname="org.eclipse.jdt.core.tests.compiler.parser.CompletionParserTestKeyword" time="0"/>
  <testcase name="test0091_Method - 1.8" classname="org.eclipse.jdt.core.tests.compiler.parser.CompletionParserTestKeyword" time="0"/>
  <testcase name="test0094_Diet - 1.8" classname="org.eclipse.jdt.core.tests.compiler.parser.CompletionParserTestKeyword" time="0"/>
  <testcase name="test0094_Method - 1.8" classname="org.eclipse.jdt.core.tests.compiler.parser.CompletionParserTestKeyword" time="0"/>
  <testcase name="test0101 - 1.8" classname="org.eclipse.jdt.core.tests.compiler.parser.CompletionParserTestKeyword" time="0"/>
  <testcase name="test0101 - 1.8" classname="org.eclipse.jdt.core.tests.compiler.parser.AnnotationCompletionParserTest" time="0"/>
  <testcase name="test0101 - 1.8" classname="org.eclipse.jdt.core.tests.compiler.parser.TypeAnnotationSyntaxTest" time="0.001"/>
  <testcase name="test0102 - 1.8" classname="org.eclipse.jdt.core.tests.compiler.parser.CompletionParserTestKeyword" time="0"/>
  <testcase name="test0102 - 1.8" classname="org.eclipse.jdt.core.tests.compiler.parser.AnnotationCompletionParserTest" time="0"/>
  <testcase name="test0102 - 1.8" classname="org.eclipse.jdt.core.tests.compiler.parser.TypeAnnotationSyntaxTest" time="0.002"/>
  <testcase name="test0103 - 1.8" classname="org.eclipse.jdt.core.tests.compiler.parser.CompletionParserTestKeyword" time="0"/>
  <testcase name="test0103 - 1.8" classname="org.eclipse.jdt.core.tests.compiler.parser.AnnotationCompletionParserTest" time="0"/>
  <testcase name="test0103 - 1.8" classname="org.eclipse.jdt.core.tests.compiler.parser.TypeAnnotationSyntaxTest" time="0.001"/>
  <testcase name="test0104 - 1.8" classname="org.eclipse.jdt.core.tests.compiler.parser.CompletionParserTestKeyword" time="0"/>
  <testcase name="test0104 - 1.8" classname="org.eclipse.jdt.core.tests.compiler.parser.AnnotationCompletionParserTest" time="0"/>
  <testcase name="test0104 - 1.8" classname="org.eclipse.jdt.core.tests.compiler.parser.TypeAnnotationSyntaxTest" time="0.001"/>
  <testcase name="test0105 - 1.8" classname="org.eclipse.jdt.core.tests.compiler.parser.CompletionParserTestKeyword" time="0"/>
  <testcase name="test0105 - 1.8" classname="org.eclipse.jdt.core.tests.compiler.parser.TypeAnnotationSyntaxTest" time="0.002"/>
  <testcase name="test0106 - 1.8" classname="org.eclipse.jdt.core.tests.compiler.parser.CompletionParserTestKeyword" time="0.001"/>
  <testcase name="test0106 - 1.8" classname="org.eclipse.jdt.core.tests.compiler.parser.TypeAnnotationSyntaxTest" time="0.001"/>
  <testcase name="test0111 - 1.8" classname="org.eclipse.jdt.core.tests.compiler.parser.CompletionParserTestKeyword" time="0"/>
  <testcase name="test0111 - 1.8" classname="org.eclipse.jdt.core.tests.compiler.parser.TypeAnnotationSyntaxTest" time="0"/>
  <testcase name="test0112 - 1.8" classname="org.eclipse.jdt.core.tests.compiler.parser.CompletionParserTestKeyword" time="0"/>
  <testcase name="test0112 - 1.8" classname="org.eclipse.jdt.core.tests.compiler.parser.TypeAnnotationSyntaxTest" time="0.001"/>
  <testcase name="test0113 - 1.8" classname="org.eclipse.jdt.core.tests.compiler.parser.CompletionParserTestKeyword" time="0"/>
  <testcase name="test0113 - 1.8" classname="org.eclipse.jdt.core.tests.compiler.parser.TypeAnnotationSyntaxTest" time="0.001"/>
  <testcase name="test0114 - 1.8" classname="org.eclipse.jdt.core.tests.compiler.parser.CompletionParserTestKeyword" time="0"/>
  <testcase name="test0114 - 1.8" classname="org.eclipse.jdt.core.tests.compiler.parser.TypeAnnotationSyntaxTest" time="0.001"/>
  <testcase name="test0115 - 1.8" classname="org.eclipse.jdt.core.tests.compiler.parser.CompletionParserTestKeyword" time="0"/>
  <testcase name="test0115 - 1.8" classname="org.eclipse.jdt.core.tests.compiler.parser.AnnotationCompletionParserTest" time="0"/>
  <testcase name="test0115 - 1.8" classname="org.eclipse.jdt.core.tests.compiler.parser.TypeAnnotationSyntaxTest" time="0.001"/>
  <testcase name="test0116 - 1.8" classname="org.eclipse.jdt.core.tests.compiler.parser.CompletionParserTestKeyword" time="0"/>
  <testcase name="test0116 - 1.8" classname="org.eclipse.jdt.core.tests.compiler.parser.AnnotationCompletionParserTest" time="0"/>
  <testcase name="test0116 - 1.8" classname="org.eclipse.jdt.core.tests.compiler.parser.TypeAnnotationSyntaxTest" time="0.001"/>
  <testcase name="test0117 - 1.8" classname="org.eclipse.jdt.core.tests.compiler.parser.CompletionParserTestKeyword" time="0"/>
  <testcase name="test0117 - 1.8" classname="org.eclipse.jdt.core.tests.compiler.parser.AnnotationCompletionParserTest" time="0"/>
  <testcase name="test0117 - 1.8" classname="org.eclipse.jdt.core.tests.compiler.parser.TypeAnnotationSyntaxTest" time="0.002"/>
  <testcase name="test0118 - 1.8" classname="org.eclipse.jdt.core.tests.compiler.parser.CompletionParserTestKeyword" time="0"/>
  <testcase name="test0118 - 1.8" classname="org.eclipse.jdt.core.tests.compiler.parser.AnnotationCompletionParserTest" time="0"/>
  <testcase name="test0118 - 1.8" classname="org.eclipse.jdt.core.tests.compiler.parser.TypeAnnotationSyntaxTest" time="0.001"/>
  <testcase name="test0119 - 1.8" classname="org.eclipse.jdt.core.tests.compiler.parser.CompletionParserTestKeyword" time="0"/>
  <testcase name="test0119 - 1.8" classname="org.eclipse.jdt.core.tests.compiler.parser.TypeAnnotationSyntaxTest" time="0.002"/>
  <testcase name="test0120 - 1.8" classname="org.eclipse.jdt.core.tests.compiler.parser.CompletionParserTestKeyword" time="0.001"/>
  <testcase name="test0120 - 1.8" classname="org.eclipse.jdt.core.tests.compiler.parser.TypeAnnotationSyntaxTest" time="0.001"/>
  <testcase name="test0121 - 1.8" classname="org.eclipse.jdt.core.tests.compiler.parser.CompletionParserTestKeyword" time="0"/>
  <testcase name="test0121 - 1.8" classname="org.eclipse.jdt.core.tests.compiler.parser.AnnotationCompletionParserTest" time="0.001"/>
  <testcase name="test0121 - 1.8" classname="org.eclipse.jdt.core.tests.compiler.parser.TypeAnnotationSyntaxTest" time="0.001"/>
  <testcase name="test0122 - 1.8" classname="org.eclipse.jdt.core.tests.compiler.parser.CompletionParserTestKeyword" time="0"/>
  <testcase name="test0122 - 1.8" classname="org.eclipse.jdt.core.tests.compiler.parser.AnnotationCompletionParserTest" time="0"/>
  <testcase name="test0122 - 1.8" classname="org.eclipse.jdt.core.tests.compiler.parser.TypeAnnotationSyntaxTest" time="0.001"/>
  <testcase name="test0123 - 1.8" classname="org.eclipse.jdt.core.tests.compiler.parser.CompletionParserTestKeyword" time="0"/>
  <testcase name="test0123 - 1.8" classname="org.eclipse.jdt.core.tests.compiler.parser.AnnotationCompletionParserTest" time="0"/>
  <testcase name="test0123 - 1.8" classname="org.eclipse.jdt.core.tests.compiler.parser.TypeAnnotationSyntaxTest" time="0.001"/>
  <testcase name="test0124 - 1.8" classname="org.eclipse.jdt.core.tests.compiler.parser.CompletionParserTestKeyword" time="0"/>
  <testcase name="test0124 - 1.8" classname="org.eclipse.jdt.core.tests.compiler.parser.AnnotationCompletionParserTest" time="0"/>
  <testcase name="test0125 - 1.8" classname="org.eclipse.jdt.core.tests.compiler.parser.CompletionParserTestKeyword" time="0.001"/>
  <testcase name="test0125 - 1.8" classname="org.eclipse.jdt.core.tests.compiler.parser.AnnotationCompletionParserTest" time="0"/>
  <testcase name="test0125 - 1.8" classname="org.eclipse.jdt.core.tests.compiler.parser.TypeAnnotationSyntaxTest" time="0.001"/>
  <testcase name="test0126 - 1.8" classname="org.eclipse.jdt.core.tests.compiler.parser.CompletionParserTestKeyword" time="0"/>
  <testcase name="test0126 - 1.8" classname="org.eclipse.jdt.core.tests.compiler.parser.AnnotationCompletionParserTest" time="0.001"/>
  <testcase name="test0126 - 1.8" classname="org.eclipse.jdt.core.tests.compiler.parser.TypeAnnotationSyntaxTest" time="0"/>
  <testcase name="test0128 - 1.8" classname="org.eclipse.jdt.core.tests.compiler.parser.CompletionParserTestKeyword" time="0"/>
  <testcase name="test0128 - 1.8" classname="org.eclipse.jdt.core.tests.compiler.parser.AnnotationCompletionParserTest" time="0.001"/>
  <testcase name="test0128 - 1.8" classname="org.eclipse.jdt.core.tests.compiler.parser.TypeAnnotationSyntaxTest" time="0.001"/>
  <testcase name="test0129 - 1.8" classname="org.eclipse.jdt.core.tests.compiler.parser.CompletionParserTestKeyword" time="0"/>
  <testcase name="test0129 - 1.8" classname="org.eclipse.jdt.core.tests.compiler.parser.AnnotationCompletionParserTest" time="0"/>
  <testcase name="test0129 - 1.8" classname="org.eclipse.jdt.core.tests.compiler.parser.TypeAnnotationSyntaxTest" time="0.001"/>
  <testcase name="test0130 - 1.8" classname="org.eclipse.jdt.core.tests.compiler.parser.CompletionParserTestKeyword" time="0"/>
  <testcase name="test0130 - 1.8" classname="org.eclipse.jdt.core.tests.compiler.parser.TypeAnnotationSyntaxTest" time="0.001"/>
  <testcase name="test0131 - 1.8" classname="org.eclipse.jdt.core.tests.compiler.parser.CompletionParserTestKeyword" time="0"/>
  <testcase name="test0131 - 1.8" classname="org.eclipse.jdt.core.tests.compiler.parser.TypeAnnotationSyntaxTest" time="0"/>
  <testcase name="test0132 - 1.8" classname="org.eclipse.jdt.core.tests.compiler.parser.CompletionParserTestKeyword" time="0"/>
  <testcase name="test0132 - 1.8" classname="org.eclipse.jdt.core.tests.compiler.parser.TypeAnnotationSyntaxTest" time="0"/>
  <testcase name="test0133 - 1.8" classname="org.eclipse.jdt.core.tests.compiler.parser.CompletionParserTestKeyword" time="0"/>
  <testcase name="test0133 - 1.8" classname="org.eclipse.jdt.core.tests.compiler.parser.TypeAnnotationSyntaxTest" time="0.001"/>
  <testcase name="test0135 - 1.8" classname="org.eclipse.jdt.core.tests.compiler.parser.CompletionParserTestKeyword" time="0"/>
  <testcase name="test0135 - 1.8" classname="org.eclipse.jdt.core.tests.compiler.parser.TypeAnnotationSyntaxTest" time="0"/>
  <testcase name="test0137 - 1.8" classname="org.eclipse.jdt.core.tests.compiler.parser.CompletionParserTestKeyword" time="0"/>
  <testcase name="test0137 - 1.8" classname="org.eclipse.jdt.core.tests.compiler.parser.TypeAnnotationSyntaxTest" time="0"/>
  <testcase name="test0138 - 1.8" classname="org.eclipse.jdt.core.tests.compiler.parser.CompletionParserTestKeyword" time="0"/>
  <testcase name="test0138 - 1.8" classname="org.eclipse.jdt.core.tests.compiler.parser.TypeAnnotationSyntaxTest" time="0"/>
  <testcase name="test0142 - 1.8" classname="org.eclipse.jdt.core.tests.compiler.parser.CompletionParserTestKeyword" time="0"/>
  <testcase name="test0143 - 1.8" classname="org.eclipse.jdt.core.tests.compiler.parser.CompletionParserTestKeyword" time="0"/>
  <testcase name="test0144 - 1.8" classname="org.eclipse.jdt.core.tests.compiler.parser.CompletionParserTestKeyword" time="0.001"/>
  <testcase name="test0145 - 1.8" classname="org.eclipse.jdt.core.tests.compiler.parser.CompletionParserTestKeyword" time="0"/>
  <testcase name="test0146 - 1.8" classname="org.eclipse.jdt.core.tests.compiler.parser.CompletionParserTestKeyword" time="0"/>
  <testcase name="test0146 - 1.8" classname="org.eclipse.jdt.core.tests.compiler.parser.GenericsCompletionParserTest" time="0.001"/>
  <testcase name="test0147_Diet - 1.8" classname="org.eclipse.jdt.core.tests.compiler.parser.CompletionParserTestKeyword" time="0"/>
  <testcase name="test0147_Method - 1.8" classname="org.eclipse.jdt.core.tests.compiler.parser.CompletionParserTestKeyword" time="0"/>
  <testcase name="test0148_Diet - 1.8" classname="org.eclipse.jdt.core.tests.compiler.parser.CompletionParserTestKeyword" time="0"/>
  <testcase name="test0148_Method - 1.8" classname="org.eclipse.jdt.core.tests.compiler.parser.CompletionParserTestKeyword" time="0"/>
  <testcase name="test0149 - 1.8" classname="org.eclipse.jdt.core.tests.compiler.parser.CompletionParserTestKeyword" time="0"/>
  <testcase name="test0149 - 1.8" classname="org.eclipse.jdt.core.tests.compiler.parser.GenericsCompletionParserTest" time="0"/>
  <testcase name="test0150 - 1.8" classname="org.eclipse.jdt.core.tests.compiler.parser.CompletionParserTestKeyword" time="0"/>
  <testcase name="test0150 - 1.8" classname="org.eclipse.jdt.core.tests.compiler.parser.GenericsCompletionParserTest" time="0"/>
  <testcase name="test0151 - 1.8" classname="org.eclipse.jdt.core.tests.compiler.parser.CompletionParserTestKeyword" time="0.001"/>
  <testcase name="test0151 - 1.8" classname="org.eclipse.jdt.core.tests.compiler.parser.GenericsCompletionParserTest" time="0"/>
  <testcase name="test0153 - 1.8" classname="org.eclipse.jdt.core.tests.compiler.parser.CompletionParserTestKeyword" time="0"/>
  <testcase name="test0153 - 1.8" classname="org.eclipse.jdt.core.tests.compiler.parser.GenericsCompletionParserTest" time="0"/>
  <testcase name="test0154 - 1.8" classname="org.eclipse.jdt.core.tests.compiler.parser.CompletionParserTestKeyword" time="0"/>
  <testcase name="test0154 - 1.8" classname="org.eclipse.jdt.core.tests.compiler.parser.GenericsCompletionParserTest" time="0"/>
  <testcase name="test0155 - 1.8" classname="org.eclipse.jdt.core.tests.compiler.parser.CompletionParserTestKeyword" time="0"/>
  <testcase name="test0155 - 1.8" classname="org.eclipse.jdt.core.tests.compiler.parser.GenericsCompletionParserTest" time="0"/>
  <testcase name="test0156 - 1.8" classname="org.eclipse.jdt.core.tests.compiler.parser.CompletionParserTestKeyword" time="0.001"/>
  <testcase name="test0156 - 1.8" classname="org.eclipse.jdt.core.tests.compiler.parser.GenericsCompletionParserTest" time="0"/>
  <testcase name="test0157 - 1.8" classname="org.eclipse.jdt.core.tests.compiler.parser.CompletionParserTestKeyword" time="0"/>
  <testcase name="test0157 - 1.8" classname="org.eclipse.jdt.core.tests.compiler.parser.GenericsCompletionParserTest" time="0.001"/>
  <testcase name="test0158 - 1.8" classname="org.eclipse.jdt.core.tests.compiler.parser.CompletionParserTestKeyword" time="0"/>
  <testcase name="test0158 - 1.8" classname="org.eclipse.jdt.core.tests.compiler.parser.GenericsCompletionParserTest" time="0"/>
  <testcase name="test0165 - 1.8" classname="org.eclipse.jdt.core.tests.compiler.parser.CompletionParserTestKeyword" time="0"/>
  <testcase name="test0166 - 1.8" classname="org.eclipse.jdt.core.tests.compiler.parser.CompletionParserTestKeyword" time="0"/>
  <testcase name="test0167 - 1.8" classname="org.eclipse.jdt.core.tests.compiler.parser.CompletionParserTestKeyword" time="0"/>
  <testcase name="test0168 - 1.8" classname="org.eclipse.jdt.core.tests.compiler.parser.CompletionParserTestKeyword" time="0"/>
  <testcase name="test0169 - 1.8" classname="org.eclipse.jdt.core.tests.compiler.parser.CompletionParserTestKeyword" time="0"/>
  <testcase name="test0169 - 1.8" classname="org.eclipse.jdt.core.tests.compiler.parser.GenericsCompletionParserTest" time="0"/>
  <testcase name="test0170 - 1.8" classname="org.eclipse.jdt.core.tests.compiler.parser.CompletionParserTestKeyword" time="0"/>
  <testcase name="test0170 - 1.8" classname="org.eclipse.jdt.core.tests.compiler.parser.GenericsCompletionParserTest" time="0"/>
  <testcase name="test0171 - 1.8" classname="org.eclipse.jdt.core.tests.compiler.parser.CompletionParserTestKeyword" time="0"/>
  <testcase name="test0173 - 1.8" classname="org.eclipse.jdt.core.tests.compiler.parser.CompletionParserTestKeyword" time="0"/>
  <testcase name="test0174 - 1.8" classname="org.eclipse.jdt.core.tests.compiler.parser.CompletionParserTestKeyword" time="0"/>
  <testcase name="test0175 - 1.8" classname="org.eclipse.jdt.core.tests.compiler.parser.CompletionParserTestKeyword" time="0"/>
  <testcase name="test0176 - 1.8" classname="org.eclipse.jdt.core.tests.compiler.parser.CompletionParserTestKeyword" time="0"/>
  <testcase name="test0177 - 1.8" classname="org.eclipse.jdt.core.tests.compiler.parser.CompletionParserTestKeyword" time="0"/>
  <testcase name="test0177 - 1.8" classname="org.eclipse.jdt.core.tests.compiler.parser.GenericsCompletionParserTest" time="0"/>
  <testcase name="test0178 - 1.8" classname="org.eclipse.jdt.core.tests.compiler.parser.CompletionParserTestKeyword" time="0"/>
  <testcase name="test0178 - 1.8" classname="org.eclipse.jdt.core.tests.compiler.parser.GenericsCompletionParserTest" time="0"/>
  <testcase name="test0179 - 1.8" classname="org.eclipse.jdt.core.tests.compiler.parser.CompletionParserTestKeyword" time="0"/>
  <testcase name="test0179 - 1.8" classname="org.eclipse.jdt.core.tests.compiler.parser.GenericsCompletionParserTest" time="0.001"/>
  <testcase name="test0180 - 1.8" classname="org.eclipse.jdt.core.tests.compiler.parser.CompletionParserTestKeyword" time="0.001"/>
  <testcase name="test0180 - 1.8" classname="org.eclipse.jdt.core.tests.compiler.parser.GenericsCompletionParserTest" time="0"/>
  <testcase name="test0181_Diet - 1.8" classname="org.eclipse.jdt.core.tests.compiler.parser.CompletionParserTestKeyword" time="0"/>
  <testcase name="test0181_Method - 1.8" classname="org.eclipse.jdt.core.tests.compiler.parser.CompletionParserTestKeyword" time="0"/>
  <testcase name="test0182_Diet - 1.8" classname="org.eclipse.jdt.core.tests.compiler.parser.CompletionParserTestKeyword" time="0"/>
  <testcase name="test0182_Method - 1.8" classname="org.eclipse.jdt.core.tests.compiler.parser.CompletionParserTestKeyword" time="0"/>
  <testcase name="test0183_Diet - 1.8" classname="org.eclipse.jdt.core.tests.compiler.parser.CompletionParserTestKeyword" time="0"/>
  <testcase name="test0183_Method - 1.8" classname="org.eclipse.jdt.core.tests.compiler.parser.CompletionParserTestKeyword" time="0"/>
  <testcase name="test0184_Diet - 1.8" classname="org.eclipse.jdt.core.tests.compiler.parser.CompletionParserTestKeyword" time="0"/>
  <testcase name="test0184_Diet - 1.8" classname="org.eclipse.jdt.core.tests.compiler.parser.GenericsCompletionParserTest" time="0"/>
  <testcase name="test0184_Method - 1.8" classname="org.eclipse.jdt.core.tests.compiler.parser.CompletionParserTestKeyword" time="0"/>
  <testcase name="test0184_Method - 1.8" classname="org.eclipse.jdt.core.tests.compiler.parser.GenericsCompletionParserTest" time="0"/>
  <testcase name="test0185_Diet - 1.8" classname="org.eclipse.jdt.core.tests.compiler.parser.CompletionParserTestKeyword" time="0"/>
  <testcase name="test0185_Method - 1.8" classname="org.eclipse.jdt.core.tests.compiler.parser.CompletionParserTestKeyword" time="0"/>
  <testcase name="test0186_Diet - 1.8" classname="org.eclipse.jdt.core.tests.compiler.parser.CompletionParserTestKeyword" time="0"/>
  <testcase name="test0186_Method - 1.8" classname="org.eclipse.jdt.core.tests.compiler.parser.CompletionParserTestKeyword" time="0"/>
  <testcase name="test0187_Diet - 1.8" classname="org.eclipse.jdt.core.tests.compiler.parser.CompletionParserTestKeyword" time="0.001"/>
  <testcase name="test0187_Diet - 1.8" classname="org.eclipse.jdt.core.tests.compiler.parser.GenericsCompletionParserTest" time="0"/>
  <testcase name="test0187_Method - 1.8" classname="org.eclipse.jdt.core.tests.compiler.parser.CompletionParserTestKeyword" time="0"/>
  <testcase name="test0187_Method - 1.8" classname="org.eclipse.jdt.core.tests.compiler.parser.GenericsCompletionParserTest" time="0"/>
  <testcase name="test0188_Diet - 1.8" classname="org.eclipse.jdt.core.tests.compiler.parser.CompletionParserTestKeyword" time="0"/>
  <testcase name="test0188_Diet - 1.8" classname="org.eclipse.jdt.core.tests.compiler.parser.GenericsCompletionParserTest" time="0.001"/>
  <testcase name="test0188_Method - 1.8" classname="org.eclipse.jdt.core.tests.compiler.parser.CompletionParserTestKeyword" time="0"/>
  <testcase name="test0188_Method - 1.8" classname="org.eclipse.jdt.core.tests.compiler.parser.GenericsCompletionParserTest" time="0"/>
  <testcase name="test0189_Diet - 1.8" classname="org.eclipse.jdt.core.tests.compiler.parser.CompletionParserTestKeyword" time="0.001"/>
  <testcase name="test0189_Diet - 1.8" classname="org.eclipse.jdt.core.tests.compiler.parser.GenericsCompletionParserTest" time="0"/>
  <testcase name="test0189_Method - 1.8" classname="org.eclipse.jdt.core.tests.compiler.parser.CompletionParserTestKeyword" time="0"/>
  <testcase name="test0189_Method - 1.8" classname="org.eclipse.jdt.core.tests.compiler.parser.GenericsCompletionParserTest" time="0"/>
  <testcase name="test0190_Diet - 1.8" classname="org.eclipse.jdt.core.tests.compiler.parser.CompletionParserTestKeyword" time="0"/>
  <testcase name="test0190_Diet - 1.8" classname="org.eclipse.jdt.core.tests.compiler.parser.GenericsCompletionParserTest" time="0.001"/>
  <testcase name="test0190_Method - 1.8" classname="org.eclipse.jdt.core.tests.compiler.parser.CompletionParserTestKeyword" time="0"/>
  <testcase name="test0190_Method - 1.8" classname="org.eclipse.jdt.core.tests.compiler.parser.GenericsCompletionParserTest" time="0"/>
  <testcase name="test0191_Diet - 1.8" classname="org.eclipse.jdt.core.tests.compiler.parser.CompletionParserTestKeyword" time="0"/>
  <testcase name="test0191_Diet - 1.8" classname="org.eclipse.jdt.core.tests.compiler.parser.GenericsCompletionParserTest" time="0"/>
  <testcase name="test0191_Method - 1.8" classname="org.eclipse.jdt.core.tests.compiler.parser.CompletionParserTestKeyword" time="0"/>
  <testcase name="test0191_Method - 1.8" classname="org.eclipse.jdt.core.tests.compiler.parser.GenericsCompletionParserTest" time="0"/>
  <testcase name="test0192_Diet - 1.8" classname="org.eclipse.jdt.core.tests.compiler.parser.CompletionParserTestKeyword" time="0"/>
  <testcase name="test0192_Diet - 1.8" classname="org.eclipse.jdt.core.tests.compiler.parser.GenericsCompletionParserTest" time="0.001"/>
  <testcase name="test0192_Method - 1.8" classname="org.eclipse.jdt.core.tests.compiler.parser.CompletionParserTestKeyword" time="0"/>
  <testcase name="test0192_Method - 1.8" classname="org.eclipse.jdt.core.tests.compiler.parser.GenericsCompletionParserTest" time="0"/>
  <testcase name="test0193_Diet - 1.8" classname="org.eclipse.jdt.core.tests.compiler.parser.CompletionParserTestKeyword" time="0"/>
  <testcase name="test0193_Diet - 1.8" classname="org.eclipse.jdt.core.tests.compiler.parser.GenericsCompletionParserTest" time="0"/>
  <testcase name="test0193_Method - 1.8" classname="org.eclipse.jdt.core.tests.compiler.parser.CompletionParserTestKeyword" time="0"/>
  <testcase name="test0193_Method - 1.8" classname="org.eclipse.jdt.core.tests.compiler.parser.GenericsCompletionParserTest" time="0"/>
  <testcase name="test0194 - 1.8" classname="org.eclipse.jdt.core.tests.compiler.parser.CompletionParserTestKeyword" time="0"/>
  <testcase name="test0195 - 1.8" classname="org.eclipse.jdt.core.tests.compiler.parser.CompletionParserTestKeyword" time="0"/>
  <testcase name="test0196 - 1.8" classname="org.eclipse.jdt.core.tests.compiler.parser.CompletionParserTestKeyword" time="0"/>
  <testcase name="test0196 - 1.8" classname="org.eclipse.jdt.core.tests.compiler.parser.GenericsCompletionParserTest" time="0.001"/>
  <testcase name="test0197 - 1.8" classname="org.eclipse.jdt.core.tests.compiler.parser.CompletionParserTestKeyword" time="0.001"/>
  <testcase name="test0197 - 1.8" classname="org.eclipse.jdt.core.tests.compiler.parser.GenericsCompletionParserTest" time="0"/>
  <testcase name="test0198 - 1.8" classname="org.eclipse.jdt.core.tests.compiler.parser.CompletionParserTestKeyword" time="0"/>
  <testcase name="test0198 - 1.8" classname="org.eclipse.jdt.core.tests.compiler.parser.GenericsCompletionParserTest" time="0"/>
  <testcase name="test0199 - 1.8" classname="org.eclipse.jdt.core.tests.compiler.parser.CompletionParserTestKeyword" time="0"/>
  <testcase name="test0199 - 1.8" classname="org.eclipse.jdt.core.tests.compiler.parser.GenericsCompletionParserTest" time="0"/>
  <testcase name="test0200 - 1.8" classname="org.eclipse.jdt.core.tests.compiler.parser.CompletionParserTestKeyword" time="0"/>
  <testcase name="test0200 - 1.8" classname="org.eclipse.jdt.core.tests.compiler.parser.GenericsCompletionParserTest" time="0"/>
  <testcase name="test0201 - 1.8" classname="org.eclipse.jdt.core.tests.compiler.parser.CompletionParserTestKeyword" time="0"/>
  <testcase name="test0201 - 1.8" classname="org.eclipse.jdt.core.tests.compiler.parser.GenericsCompletionParserTest" time="0"/>
  <testcase name="test0202 - 1.8" classname="org.eclipse.jdt.core.tests.compiler.parser.CompletionParserTestKeyword" time="0"/>
  <testcase name="test0203 - 1.8" classname="org.eclipse.jdt.core.tests.compiler.parser.CompletionParserTestKeyword" time="0"/>
  <testcase name="test0204 - 1.8" classname="org.eclipse.jdt.core.tests.compiler.parser.CompletionParserTestKeyword" time="0"/>
  <testcase name="test0205 - 1.8" classname="org.eclipse.jdt.core.tests.compiler.parser.CompletionParserTestKeyword" time="0"/>
  <testcase name="test0205 - 1.8" classname="org.eclipse.jdt.core.tests.compiler.parser.GenericsCompletionParserTest" time="0"/>
  <testcase name="test0206 - 1.8" classname="org.eclipse.jdt.core.tests.compiler.parser.CompletionParserTestKeyword" time="0"/>
  <testcase name="test0207 - 1.8" classname="org.eclipse.jdt.core.tests.compiler.parser.CompletionParserTestKeyword" time="0"/>
  <testcase name="test0208 - 1.8" classname="org.eclipse.jdt.core.tests.compiler.parser.CompletionParserTestKeyword" time="0"/>
  <testcase name="test0209 - 1.8" classname="org.eclipse.jdt.core.tests.compiler.parser.CompletionParserTestKeyword" time="0"/>
  <testcase name="test0210 - 1.8" classname="org.eclipse.jdt.core.tests.compiler.parser.CompletionParserTestKeyword" time="0"/>
  <testcase name="test0211 - 1.8" classname="org.eclipse.jdt.core.tests.compiler.parser.CompletionParserTestKeyword" time="0.001"/>
  <testcase name="test0211 - 1.8" classname="org.eclipse.jdt.core.tests.compiler.parser.GenericsCompletionParserTest" time="0.001"/>
  <testcase name="test0212 - 1.8" classname="org.eclipse.jdt.core.tests.compiler.parser.CompletionParserTestKeyword" time="0"/>
  <testcase name="test0212 - 1.8" classname="org.eclipse.jdt.core.tests.compiler.parser.GenericsCompletionParserTest" time="0"/>
  <testcase name="test0213 - 1.8" classname="org.eclipse.jdt.core.tests.compiler.parser.CompletionParserTestKeyword" time="0"/>
  <testcase name="test0214_Diet - 1.8" classname="org.eclipse.jdt.core.tests.compiler.parser.CompletionParserTestKeyword" time="0"/>
  <testcase name="test0214_Diet - 1.8" classname="org.eclipse.jdt.core.tests.compiler.parser.GenericsCompletionParserTest" time="0.001"/>
  <testcase name="test0214_Method - 1.8" classname="org.eclipse.jdt.core.tests.compiler.parser.CompletionParserTestKeyword" time="0"/>
  <testcase name="test0214_Method - 1.8" classname="org.eclipse.jdt.core.tests.compiler.parser.GenericsCompletionParserTest" time="0"/>
  <testcase name="test0216_Diet - 1.8" classname="org.eclipse.jdt.core.tests.compiler.parser.CompletionParserTestKeyword" time="0"/>
  <testcase name="test0216_Diet - 1.8" classname="org.eclipse.jdt.core.tests.compiler.parser.GenericsCompletionParserTest" time="0.001"/>
  <testcase name="test0216_Method - 1.8" classname="org.eclipse.jdt.core.tests.compiler.parser.CompletionParserTestKeyword" time="0"/>
  <testcase name="test0217_Diet - 1.8" classname="org.eclipse.jdt.core.tests.compiler.parser.CompletionParserTestKeyword" time="0"/>
  <testcase name="test0217_Method - 1.8" classname="org.eclipse.jdt.core.tests.compiler.parser.CompletionParserTestKeyword" time="0"/>
  <testcase name="test0217_Method - 1.8" classname="org.eclipse.jdt.core.tests.compiler.parser.GenericsCompletionParserTest" time="0"/>
  <testcase name="test0218_Diet - 1.8" classname="org.eclipse.jdt.core.tests.compiler.parser.CompletionParserTestKeyword" time="0"/>
  <testcase name="test0218_Diet - 1.8" classname="org.eclipse.jdt.core.tests.compiler.parser.GenericsCompletionParserTest" time="0"/>
  <testcase name="test0218_Method - 1.8" classname="org.eclipse.jdt.core.tests.compiler.parser.CompletionParserTestKeyword" time="0"/>
  <testcase name="test0219_Diet - 1.8" classname="org.eclipse.jdt.core.tests.compiler.parser.CompletionParserTestKeyword" time="0"/>
  <testcase name="test0219_Diet - 1.8" classname="org.eclipse.jdt.core.tests.compiler.parser.GenericsCompletionParserTest" time="0.001"/>
  <testcase name="test0219_Method - 1.8" classname="org.eclipse.jdt.core.tests.compiler.parser.CompletionParserTestKeyword" time="0"/>
  <testcase name="test0220_Diet - 1.8" classname="org.eclipse.jdt.core.tests.compiler.parser.CompletionParserTestKeyword" time="0"/>
  <testcase name="test0220_Diet - 1.8" classname="org.eclipse.jdt.core.tests.compiler.parser.GenericsCompletionParserTest" time="0"/>
  <testcase name="test0220_Method - 1.8" classname="org.eclipse.jdt.core.tests.compiler.parser.CompletionParserTestKeyword" time="0"/>
  <testcase name="test0221_Diet - 1.8" classname="org.eclipse.jdt.core.tests.compiler.parser.CompletionParserTestKeyword" time="0"/>
  <testcase name="test0221_Method - 1.8" classname="org.eclipse.jdt.core.tests.compiler.parser.CompletionParserTestKeyword" time="0"/>
  <testcase name="test0222_Diet - 1.8" classname="org.eclipse.jdt.core.tests.compiler.parser.CompletionParserTestKeyword" time="0"/>
  <testcase name="test0222_Method - 1.8" classname="org.eclipse.jdt.core.tests.compiler.parser.CompletionParserTestKeyword" time="0"/>
  <testcase name="test0223 - 1.8" classname="org.eclipse.jdt.core.tests.compiler.parser.CompletionParserTestKeyword" time="0"/>
  <testcase name="test0224 - 1.8" classname="org.eclipse.jdt.core.tests.compiler.parser.CompletionParserTestKeyword" time="0"/>
  <testcase name="test0225 - 1.8" classname="org.eclipse.jdt.core.tests.compiler.parser.CompletionParserTestKeyword" time="0"/>
  <testcase name="test0226 - 1.8" classname="org.eclipse.jdt.core.tests.compiler.parser.CompletionParserTestKeyword" time="0"/>
  <testcase name="test0227 - 1.8" classname="org.eclipse.jdt.core.tests.compiler.parser.CompletionParserTestKeyword" time="0"/>
  <testcase name="test0228 - 1.8" classname="org.eclipse.jdt.core.tests.compiler.parser.CompletionParserTestKeyword" time="0"/>
  <testcase name="test0229 - 1.8" classname="org.eclipse.jdt.core.tests.compiler.parser.CompletionParserTestKeyword" time="0"/>
  <testcase name="test0230 - 1.8" classname="org.eclipse.jdt.core.tests.compiler.parser.CompletionParserTestKeyword" time="0.001"/>
  <testcase name="test0231_Diet - 1.8" classname="org.eclipse.jdt.core.tests.compiler.parser.CompletionParserTestKeyword" time="0"/>
  <testcase name="test0231_Method - 1.8" classname="org.eclipse.jdt.core.tests.compiler.parser.CompletionParserTestKeyword" time="0"/>
  <testcase name="test0232_Diet - 1.8" classname="org.eclipse.jdt.core.tests.compiler.parser.CompletionParserTestKeyword" time="0"/>
  <testcase name="test0232_Method - 1.8" classname="org.eclipse.jdt.core.tests.compiler.parser.CompletionParserTestKeyword" time="0.001"/>
  <testcase name="test0233_Diet - 1.8" classname="org.eclipse.jdt.core.tests.compiler.parser.CompletionParserTestKeyword" time="0"/>
  <testcase name="test0233_Method - 1.8" classname="org.eclipse.jdt.core.tests.compiler.parser.CompletionParserTestKeyword" time="0"/>
  <testcase name="test0234_Diet - 1.8" classname="org.eclipse.jdt.core.tests.compiler.parser.CompletionParserTestKeyword" time="0"/>
  <testcase name="test0234_Method - 1.8" classname="org.eclipse.jdt.core.tests.compiler.parser.CompletionParserTestKeyword" time="0.001"/>
  <testcase name="test0235_Diet - 1.8" classname="org.eclipse.jdt.core.tests.compiler.parser.CompletionParserTestKeyword" time="0"/>
  <testcase name="test0235_Method - 1.8" classname="org.eclipse.jdt.core.tests.compiler.parser.CompletionParserTestKeyword" time="0"/>
  <testcase name="test0236_Diet - 1.8" classname="org.eclipse.jdt.core.tests.compiler.parser.CompletionParserTestKeyword" time="0"/>
  <testcase name="test0236_Method - 1.8" classname="org.eclipse.jdt.core.tests.compiler.parser.CompletionParserTestKeyword" time="0"/>
  <testcase name="test0237_Diet - 1.8" classname="org.eclipse.jdt.core.tests.compiler.parser.CompletionParserTestKeyword" time="0"/>
  <testcase name="test0237_Method - 1.8" classname="org.eclipse.jdt.core.tests.compiler.parser.CompletionParserTestKeyword" time="0"/>
  <testcase name="test0238_Diet - 1.8" classname="org.eclipse.jdt.core.tests.compiler.parser.CompletionParserTestKeyword" time="0"/>
  <testcase name="test0238_Method - 1.8" classname="org.eclipse.jdt.core.tests.compiler.parser.CompletionParserTestKeyword" time="0"/>
  <testcase name="test0239_Diet - 1.8" classname="org.eclipse.jdt.core.tests.compiler.parser.CompletionParserTestKeyword" time="0"/>
  <testcase name="test0239_Method - 1.8" classname="org.eclipse.jdt.core.tests.compiler.parser.CompletionParserTestKeyword" time="0"/>
  <testcase name="test0240_Diet - 1.8" classname="org.eclipse.jdt.core.tests.compiler.parser.CompletionParserTestKeyword" time="0"/>
  <testcase name="test0240_Method - 1.8" classname="org.eclipse.jdt.core.tests.compiler.parser.CompletionParserTestKeyword" time="0"/>
  <testcase name="test0241 - 1.8" classname="org.eclipse.jdt.core.tests.compiler.parser.CompletionParserTestKeyword" time="0.001"/>
  <testcase name="test0242 - 1.8" classname="org.eclipse.jdt.core.tests.compiler.parser.CompletionParserTestKeyword" time="0"/>
  <testcase name="test0243 - 1.8" classname="org.eclipse.jdt.core.tests.compiler.parser.CompletionParserTestKeyword" time="0"/>
  <testcase name="test0244 - 1.8" classname="org.eclipse.jdt.core.tests.compiler.parser.CompletionParserTestKeyword" time="0"/>
  <testcase name="test0245 - 1.8" classname="org.eclipse.jdt.core.tests.compiler.parser.CompletionParserTestKeyword" time="0"/>
  <testcase name="test0246 - 1.8" classname="org.eclipse.jdt.core.tests.compiler.parser.CompletionParserTestKeyword" time="0"/>
  <testcase name="test0247 - 1.8" classname="org.eclipse.jdt.core.tests.compiler.parser.CompletionParserTestKeyword" time="0"/>
  <testcase name="test0248 - 1.8" classname="org.eclipse.jdt.core.tests.compiler.parser.CompletionParserTestKeyword" time="0"/>
  <testcase name="test0249_Diet - 1.8" classname="org.eclipse.jdt.core.tests.compiler.parser.CompletionParserTestKeyword" time="0"/>
  <testcase name="test0249_Method - 1.8" classname="org.eclipse.jdt.core.tests.compiler.parser.CompletionParserTestKeyword" time="0"/>
  <testcase name="test0250_Diet - 1.8" classname="org.eclipse.jdt.core.tests.compiler.parser.CompletionParserTestKeyword" time="0.001"/>
  <testcase name="test0250_Method - 1.8" classname="org.eclipse.jdt.core.tests.compiler.parser.CompletionParserTestKeyword" time="0"/>
  <testcase name="test0251_Diet - 1.8" classname="org.eclipse.jdt.core.tests.compiler.parser.CompletionParserTestKeyword" time="0"/>
  <testcase name="test0251_Method - 1.8" classname="org.eclipse.jdt.core.tests.compiler.parser.CompletionParserTestKeyword" time="0"/>
  <testcase name="test0252_Diet - 1.8" classname="org.eclipse.jdt.core.tests.compiler.parser.CompletionParserTestKeyword" time="0"/>
  <testcase name="test0252_Method - 1.8" classname="org.eclipse.jdt.core.tests.compiler.parser.CompletionParserTestKeyword" time="0"/>
  <testcase name="test0253_Diet - 1.8" classname="org.eclipse.jdt.core.tests.compiler.parser.CompletionParserTestKeyword" time="0"/>
  <testcase name="test0253_Method - 1.8" classname="org.eclipse.jdt.core.tests.compiler.parser.CompletionParserTestKeyword" time="0"/>
  <testcase name="test0254 - 1.8" classname="org.eclipse.jdt.core.tests.compiler.parser.CompletionParserTestKeyword" time="0"/>
  <testcase name="test0255 - 1.8" classname="org.eclipse.jdt.core.tests.compiler.parser.CompletionParserTestKeyword" time="0.001"/>
  <testcase name="test0256 - 1.8" classname="org.eclipse.jdt.core.tests.compiler.parser.CompletionParserTestKeyword" time="0"/>
  <testcase name="test0257 - 1.8" classname="org.eclipse.jdt.core.tests.compiler.parser.CompletionParserTestKeyword" time="0"/>
  <testcase name="test0258 - 1.8" classname="org.eclipse.jdt.core.tests.compiler.parser.CompletionParserTestKeyword" time="0"/>
  <testcase name="test0259 - 1.8" classname="org.eclipse.jdt.core.tests.compiler.parser.CompletionParserTestKeyword" time="0"/>
  <testcase name="test0260 - 1.8" classname="org.eclipse.jdt.core.tests.compiler.parser.CompletionParserTestKeyword" time="0.001"/>
  <testcase name="test0261 - 1.8" classname="org.eclipse.jdt.core.tests.compiler.parser.CompletionParserTestKeyword" time="0"/>
  <testcase name="test0262 - 1.8" classname="org.eclipse.jdt.core.tests.compiler.parser.CompletionParserTestKeyword" time="0"/>
  <testcase name="test0263 - 1.8" classname="org.eclipse.jdt.core.tests.compiler.parser.CompletionParserTestKeyword" time="0"/>
  <testcase name="test0264 - 1.8" classname="org.eclipse.jdt.core.tests.compiler.parser.CompletionParserTestKeyword" time="0"/>
  <testcase name="test0265 - 1.8" classname="org.eclipse.jdt.core.tests.compiler.parser.CompletionParserTestKeyword" time="0"/>
  <testcase name="test0266 - 1.8" classname="org.eclipse.jdt.core.tests.compiler.parser.CompletionParserTestKeyword" time="0"/>
  <testcase name="test0267 - 1.8" classname="org.eclipse.jdt.core.tests.compiler.parser.CompletionParserTestKeyword" time="0"/>
  <testcase name="test0268 - 1.8" classname="org.eclipse.jdt.core.tests.compiler.parser.CompletionParserTestKeyword" time="0"/>
  <testcase name="test0269 - 1.8" classname="org.eclipse.jdt.core.tests.compiler.parser.CompletionParserTestKeyword" time="0"/>
  <testcase name="test0270 - 1.8" classname="org.eclipse.jdt.core.tests.compiler.parser.CompletionParserTestKeyword" time="0"/>
  <testcase name="test0271 - 1.8" classname="org.eclipse.jdt.core.tests.compiler.parser.CompletionParserTestKeyword" time="0"/>
  <testcase name="test0272 - 1.8" classname="org.eclipse.jdt.core.tests.compiler.parser.CompletionParserTestKeyword" time="0"/>
  <testcase name="test0273 - 1.8" classname="org.eclipse.jdt.core.tests.compiler.parser.CompletionParserTestKeyword" time="0"/>
  <testcase name="test0274_Diet - 1.8" classname="org.eclipse.jdt.core.tests.compiler.parser.CompletionParserTestKeyword" time="0.001"/>
  <testcase name="test0274_Method - 1.8" classname="org.eclipse.jdt.core.tests.compiler.parser.CompletionParserTestKeyword" time="0"/>
  <testcase name="test0275_Diet - 1.8" classname="org.eclipse.jdt.core.tests.compiler.parser.CompletionParserTestKeyword" time="0"/>
  <testcase name="test0275_Method - 1.8" classname="org.eclipse.jdt.core.tests.compiler.parser.CompletionParserTestKeyword" time="0"/>
  <testcase name="test0276_Diet - 1.8" classname="org.eclipse.jdt.core.tests.compiler.parser.CompletionParserTestKeyword" time="0"/>
  <testcase name="test0276_Method - 1.8" classname="org.eclipse.jdt.core.tests.compiler.parser.CompletionParserTestKeyword" time="0"/>
  <testcase name="test0277 - 1.8" classname="org.eclipse.jdt.core.tests.compiler.parser.CompletionParserTestKeyword" time="0"/>
  <testcase name="test0278 - 1.8" classname="org.eclipse.jdt.core.tests.compiler.parser.CompletionParserTestKeyword" time="0"/>
  <testcase name="test0279 - 1.8" classname="org.eclipse.jdt.core.tests.compiler.parser.CompletionParserTestKeyword" time="0"/>
  <testcase name="test0280 - 1.8" classname="org.eclipse.jdt.core.tests.compiler.parser.CompletionParserTestKeyword" time="0"/>
  <testcase name="test0281 - 1.8" classname="org.eclipse.jdt.core.tests.compiler.parser.CompletionParserTestKeyword" time="0"/>
  <testcase name="test0282 - 1.8" classname="org.eclipse.jdt.core.tests.compiler.parser.CompletionParserTestKeyword" time="0"/>
  <testcase name="test0283 - 1.8" classname="org.eclipse.jdt.core.tests.compiler.parser.CompletionParserTestKeyword" time="0"/>
  <testcase name="test0284_Diet - 1.8" classname="org.eclipse.jdt.core.tests.compiler.parser.CompletionParserTestKeyword" time="0"/>
  <testcase name="test0284_Method - 1.8" classname="org.eclipse.jdt.core.tests.compiler.parser.CompletionParserTestKeyword" time="0"/>
  <testcase name="test0285_Diet - 1.8" classname="org.eclipse.jdt.core.tests.compiler.parser.CompletionParserTestKeyword" time="0"/>
  <testcase name="test0285_Method - 1.8" classname="org.eclipse.jdt.core.tests.compiler.parser.CompletionParserTestKeyword" time="0"/>
  <testcase name="test0286_Diet - 1.8" classname="org.eclipse.jdt.core.tests.compiler.parser.CompletionParserTestKeyword" time="0"/>
  <testcase name="test0286_Method - 1.8" classname="org.eclipse.jdt.core.tests.compiler.parser.CompletionParserTestKeyword" time="0"/>
  <testcase name="test0287_Diet - 1.8" classname="org.eclipse.jdt.core.tests.compiler.parser.CompletionParserTestKeyword" time="0"/>
  <testcase name="test0287_Method - 1.8" classname="org.eclipse.jdt.core.tests.compiler.parser.CompletionParserTestKeyword" time="0"/>
  <testcase name="test0288_Diet - 1.8" classname="org.eclipse.jdt.core.tests.compiler.parser.CompletionParserTestKeyword" time="0"/>
  <testcase name="test0288_Method - 1.8" classname="org.eclipse.jdt.core.tests.compiler.parser.CompletionParserTestKeyword" time="0"/>
  <testcase name="test0289_Diet - 1.8" classname="org.eclipse.jdt.core.tests.compiler.parser.CompletionParserTestKeyword" time="0.001"/>
  <testcase name="test0289_Method - 1.8" classname="org.eclipse.jdt.core.tests.compiler.parser.CompletionParserTestKeyword" time="0"/>
  <testcase name="test0290_Diet - 1.8" classname="org.eclipse.jdt.core.tests.compiler.parser.CompletionParserTestKeyword" time="0"/>
  <testcase name="test0290_Method - 1.8" classname="org.eclipse.jdt.core.tests.compiler.parser.CompletionParserTestKeyword" time="0"/>
  <testcase name="test0291_Diet - 1.8" classname="org.eclipse.jdt.core.tests.compiler.parser.CompletionParserTestKeyword" time="0"/>
  <testcase name="test0291_Method - 1.8" classname="org.eclipse.jdt.core.tests.compiler.parser.CompletionParserTestKeyword" time="0"/>
  <testcase name="test0292_Diet - 1.8" classname="org.eclipse.jdt.core.tests.compiler.parser.CompletionParserTestKeyword" time="0"/>
  <testcase name="test0292_Method - 1.8" classname="org.eclipse.jdt.core.tests.compiler.parser.CompletionParserTestKeyword" time="0"/>
  <testcase name="test0293_Diet - 1.8" classname="org.eclipse.jdt.core.tests.compiler.parser.CompletionParserTestKeyword" time="0"/>
  <testcase name="test0293_Method - 1.8" classname="org.eclipse.jdt.core.tests.compiler.parser.CompletionParserTestKeyword" time="0"/>
  <testcase name="test0294_Diet - 1.8" classname="org.eclipse.jdt.core.tests.compiler.parser.CompletionParserTestKeyword" time="0"/>
  <testcase name="test0294_Method - 1.8" classname="org.eclipse.jdt.core.tests.compiler.parser.CompletionParserTestKeyword" time="0"/>
  <testcase name="test0295 - 1.8" classname="org.eclipse.jdt.core.tests.compiler.parser.CompletionParserTestKeyword" time="0"/>
  <testcase name="test0296 - 1.8" classname="org.eclipse.jdt.core.tests.compiler.parser.CompletionParserTestKeyword" time="0"/>
  <testcase name="test0297 - 1.8" classname="org.eclipse.jdt.core.tests.compiler.parser.CompletionParserTestKeyword" time="0"/>
  <testcase name="test0298 - 1.8" classname="org.eclipse.jdt.core.tests.compiler.parser.CompletionParserTestKeyword" time="0"/>
  <testcase name="test0299 - 1.8" classname="org.eclipse.jdt.core.tests.compiler.parser.CompletionParserTestKeyword" time="0.001"/>
  <testcase name="test0300 - 1.8" classname="org.eclipse.jdt.core.tests.compiler.parser.CompletionParserTestKeyword" time="0"/>
  <testcase name="test0301_Diet - 1.8" classname="org.eclipse.jdt.core.tests.compiler.parser.CompletionParserTestKeyword" time="0"/>
  <testcase name="test0301_Method - 1.8" classname="org.eclipse.jdt.core.tests.compiler.parser.CompletionParserTestKeyword" time="0"/>
  <testcase name="test0302_Diet - 1.8" classname="org.eclipse.jdt.core.tests.compiler.parser.CompletionParserTestKeyword" time="0"/>
  <testcase name="test0302_Method - 1.8" classname="org.eclipse.jdt.core.tests.compiler.parser.CompletionParserTestKeyword" time="0"/>
  <testcase name="test0303_Diet - 1.8" classname="org.eclipse.jdt.core.tests.compiler.parser.CompletionParserTestKeyword" time="0"/>
  <testcase name="test0303_Method - 1.8" classname="org.eclipse.jdt.core.tests.compiler.parser.CompletionParserTestKeyword" time="0"/>
  <testcase name="test0304_Diet - 1.8" classname="org.eclipse.jdt.core.tests.compiler.parser.CompletionParserTestKeyword" time="0"/>
  <testcase name="test0304_Method - 1.8" classname="org.eclipse.jdt.core.tests.compiler.parser.CompletionParserTestKeyword" time="0.001"/>
  <testcase name="test0305 - 1.8" classname="org.eclipse.jdt.core.tests.compiler.parser.CompletionParserTestKeyword" time="0"/>
  <testcase name="test0306 - 1.8" classname="org.eclipse.jdt.core.tests.compiler.parser.CompletionParserTestKeyword" time="0"/>
  <testcase name="test0307 - 1.8" classname="org.eclipse.jdt.core.tests.compiler.parser.CompletionParserTestKeyword" time="0"/>
  <testcase name="test0308 - 1.8" classname="org.eclipse.jdt.core.tests.compiler.parser.CompletionParserTestKeyword" time="0"/>
  <testcase name="test0309 - 1.8" classname="org.eclipse.jdt.core.tests.compiler.parser.CompletionParserTestKeyword" time="0"/>
  <testcase name="test0310 - 1.8" classname="org.eclipse.jdt.core.tests.compiler.parser.CompletionParserTestKeyword" time="0.001"/>
  <testcase name="test0311 - 1.8" classname="org.eclipse.jdt.core.tests.compiler.parser.CompletionParserTestKeyword" time="0"/>
  <testcase name="test0312 - 1.8" classname="org.eclipse.jdt.core.tests.compiler.parser.CompletionParserTestKeyword" time="0"/>
  <testcase name="test0313 - 1.8" classname="org.eclipse.jdt.core.tests.compiler.parser.CompletionParserTestKeyword" time="0"/>
  <testcase name="test0314 - 1.8" classname="org.eclipse.jdt.core.tests.compiler.parser.CompletionParserTestKeyword" time="0"/>
  <testcase name="test0315 - 1.8" classname="org.eclipse.jdt.core.tests.compiler.parser.CompletionParserTestKeyword" time="0"/>
  <testcase name="test0316 - 1.8" classname="org.eclipse.jdt.core.tests.compiler.parser.CompletionParserTestKeyword" time="0.001"/>
  <testcase name="test0317 - 1.8" classname="org.eclipse.jdt.core.tests.compiler.parser.CompletionParserTestKeyword" time="0"/>
  <testcase name="test0318 - 1.8" classname="org.eclipse.jdt.core.tests.compiler.parser.CompletionParserTestKeyword" time="0"/>
  <testcase name="test0319 - 1.8" classname="org.eclipse.jdt.core.tests.compiler.parser.CompletionParserTestKeyword" time="0"/>
  <testcase name="test0320 - 1.8" classname="org.eclipse.jdt.core.tests.compiler.parser.CompletionParserTestKeyword" time="0"/>
  <testcase name="test0321 - 1.8" classname="org.eclipse.jdt.core.tests.compiler.parser.CompletionParserTestKeyword" time="0"/>
  <testcase name="test0322 - 1.8" classname="org.eclipse.jdt.core.tests.compiler.parser.CompletionParserTestKeyword" time="0.001"/>
  <testcase name="test0323 - 1.8" classname="org.eclipse.jdt.core.tests.compiler.parser.CompletionParserTestKeyword" time="0"/>
  <testcase name="test0324 - 1.8" classname="org.eclipse.jdt.core.tests.compiler.parser.CompletionParserTestKeyword" time="0"/>
  <testcase name="test0325 - 1.8" classname="org.eclipse.jdt.core.tests.compiler.parser.CompletionParserTestKeyword" time="0"/>
  <testcase name="test0326 - 1.8" classname="org.eclipse.jdt.core.tests.compiler.parser.CompletionParserTestKeyword" time="0"/>
  <testcase name="test0327 - 1.8" classname="org.eclipse.jdt.core.tests.compiler.parser.CompletionParserTestKeyword" time="0"/>
  <testcase name="test0328 - 1.8" classname="org.eclipse.jdt.core.tests.compiler.parser.CompletionParserTestKeyword" time="0.001"/>
  <testcase name="test0329 - 1.8" classname="org.eclipse.jdt.core.tests.compiler.parser.CompletionParserTestKeyword" time="0"/>
  <testcase name="test0330 - 1.8" classname="org.eclipse.jdt.core.tests.compiler.parser.CompletionParserTestKeyword" time="0"/>
  <testcase name="test0331 - 1.8" classname="org.eclipse.jdt.core.tests.compiler.parser.CompletionParserTestKeyword" time="0"/>
  <testcase name="test0332 - 1.8" classname="org.eclipse.jdt.core.tests.compiler.parser.CompletionParserTestKeyword" time="0"/>
  <testcase name="test0333 - 1.8" classname="org.eclipse.jdt.core.tests.compiler.parser.CompletionParserTestKeyword" time="0"/>
  <testcase name="test0334 - 1.8" classname="org.eclipse.jdt.core.tests.compiler.parser.CompletionParserTestKeyword" time="0.001"/>
  <testcase name="test0335 - 1.8" classname="org.eclipse.jdt.core.tests.compiler.parser.CompletionParserTestKeyword" time="0"/>
  <testcase name="test0336 - 1.8" classname="org.eclipse.jdt.core.tests.compiler.parser.CompletionParserTestKeyword" time="0"/>
  <testcase name="test0337 - 1.8" classname="org.eclipse.jdt.core.tests.compiler.parser.CompletionParserTestKeyword" time="0"/>
  <testcase name="test0338 - 1.8" classname="org.eclipse.jdt.core.tests.compiler.parser.CompletionParserTestKeyword" time="0"/>
  <testcase name="test0339 - 1.8" classname="org.eclipse.jdt.core.tests.compiler.parser.CompletionParserTestKeyword" time="0"/>
  <testcase name="test0340 - 1.8" classname="org.eclipse.jdt.core.tests.compiler.parser.CompletionParserTestKeyword" time="0.001"/>
  <testcase name="test0341_Diet - 1.8" classname="org.eclipse.jdt.core.tests.compiler.parser.CompletionParserTestKeyword" time="0"/>
  <testcase name="test0341_Method - 1.8" classname="org.eclipse.jdt.core.tests.compiler.parser.CompletionParserTestKeyword" time="0"/>
  <testcase name="test0342_Diet - 1.8" classname="org.eclipse.jdt.core.tests.compiler.parser.CompletionParserTestKeyword" time="0"/>
  <testcase name="test0342_Method - 1.8" classname="org.eclipse.jdt.core.tests.compiler.parser.CompletionParserTestKeyword" time="0"/>
  <testcase name="test0343 - 1.8" classname="org.eclipse.jdt.core.tests.compiler.parser.CompletionParserTestKeyword" time="0"/>
  <testcase name="test0344 - 1.8" classname="org.eclipse.jdt.core.tests.compiler.parser.CompletionParserTestKeyword" time="0"/>
  <testcase name="test0345 - 1.8" classname="org.eclipse.jdt.core.tests.compiler.parser.CompletionParserTestKeyword" time="0"/>
  <testcase name="test0346 - 1.8" classname="org.eclipse.jdt.core.tests.compiler.parser.CompletionParserTestKeyword" time="0"/>
  <testcase name="test0347 - 1.8" classname="org.eclipse.jdt.core.tests.compiler.parser.CompletionParserTestKeyword" time="0"/>
  <testcase name="test0348 - 1.8" classname="org.eclipse.jdt.core.tests.compiler.parser.CompletionParserTestKeyword" time="0"/>
  <testcase name="test0349 - 1.8" classname="org.eclipse.jdt.core.tests.compiler.parser.CompletionParserTestKeyword" time="0"/>
  <testcase name="test0350 - 1.8" classname="org.eclipse.jdt.core.tests.compiler.parser.CompletionParserTestKeyword" time="0"/>
  <testcase name="test0351 - 1.8" classname="org.eclipse.jdt.core.tests.compiler.parser.CompletionParserTestKeyword" time="0"/>
  <testcase name="test0352 - 1.8" classname="org.eclipse.jdt.core.tests.compiler.parser.CompletionParserTestKeyword" time="0"/>
  <testcase name="test0353 - 1.8" classname="org.eclipse.jdt.core.tests.compiler.parser.CompletionParserTestKeyword" time="0"/>
  <testcase name="test0354 - 1.8" classname="org.eclipse.jdt.core.tests.compiler.parser.CompletionParserTestKeyword" time="0"/>
  <testcase name="test0355 - 1.8" classname="org.eclipse.jdt.core.tests.compiler.parser.CompletionParserTestKeyword" time="0"/>
  <testcase name="test0356 - 1.8" classname="org.eclipse.jdt.core.tests.compiler.parser.CompletionParserTestKeyword" time="0"/>
  <testcase name="test0357 - 1.8" classname="org.eclipse.jdt.core.tests.compiler.parser.CompletionParserTestKeyword" time="0"/>
  <testcase name="test0358 - 1.8" classname="org.eclipse.jdt.core.tests.compiler.parser.CompletionParserTestKeyword" time="0"/>
  <testcase name="test0359 - 1.8" classname="org.eclipse.jdt.core.tests.compiler.parser.CompletionParserTestKeyword" time="0"/>
  <testcase name="test0360 - 1.8" classname="org.eclipse.jdt.core.tests.compiler.parser.CompletionParserTestKeyword" time="0"/>
  <testcase name="test0361 - 1.8" classname="org.eclipse.jdt.core.tests.compiler.parser.CompletionParserTestKeyword" time="0.001"/>
  <testcase name="test0362 - 1.8" classname="org.eclipse.jdt.core.tests.compiler.parser.CompletionParserTestKeyword" time="0"/>
  <testcase name="test0363 - 1.8" classname="org.eclipse.jdt.core.tests.compiler.parser.CompletionParserTestKeyword" time="0"/>
  <testcase name="test0364 - 1.8" classname="org.eclipse.jdt.core.tests.compiler.parser.CompletionParserTestKeyword" time="0"/>
  <testcase name="test0365 - 1.8" classname="org.eclipse.jdt.core.tests.compiler.parser.CompletionParserTestKeyword" time="0"/>
  <testcase name="test0366 - 1.8" classname="org.eclipse.jdt.core.tests.compiler.parser.CompletionParserTestKeyword" time="0"/>
  <testcase name="test0367 - 1.8" classname="org.eclipse.jdt.core.tests.compiler.parser.CompletionParserTestKeyword" time="0.001"/>
  <testcase name="test0368 - 1.8" classname="org.eclipse.jdt.core.tests.compiler.parser.CompletionParserTestKeyword" time="0"/>
  <testcase name="test0369 - 1.8" classname="org.eclipse.jdt.core.tests.compiler.parser.CompletionParserTestKeyword" time="0"/>
  <testcase name="test0370 - 1.8" classname="org.eclipse.jdt.core.tests.compiler.parser.CompletionParserTestKeyword" time="0"/>
  <testcase name="test0371 - 1.8" classname="org.eclipse.jdt.core.tests.compiler.parser.CompletionParserTestKeyword" time="0"/>
  <testcase name="test0372 - 1.8" classname="org.eclipse.jdt.core.tests.compiler.parser.CompletionParserTestKeyword" time="0"/>
  <testcase name="test0373 - 1.8" classname="org.eclipse.jdt.core.tests.compiler.parser.CompletionParserTestKeyword" time="0.001"/>
  <testcase name="test0374 - 1.8" classname="org.eclipse.jdt.core.tests.compiler.parser.CompletionParserTestKeyword" time="0"/>
  <testcase name="test0375_Diet - 1.8" classname="org.eclipse.jdt.core.tests.compiler.parser.CompletionParserTestKeyword" time="0"/>
  <testcase name="test0375_Method - 1.8" classname="org.eclipse.jdt.core.tests.compiler.parser.CompletionParserTestKeyword" time="0"/>
  <testcase name="test0376_Diet - 1.8" classname="org.eclipse.jdt.core.tests.compiler.parser.CompletionParserTestKeyword" time="0"/>
  <testcase name="test0376_Method - 1.8" classname="org.eclipse.jdt.core.tests.compiler.parser.CompletionParserTestKeyword" time="0"/>
  <testcase name="test0377_Diet - 1.8" classname="org.eclipse.jdt.core.tests.compiler.parser.CompletionParserTestKeyword" time="0"/>
  <testcase name="test0377_Method - 1.8" classname="org.eclipse.jdt.core.tests.compiler.parser.CompletionParserTestKeyword" time="0"/>
  <testcase name="test0378_Diet - 1.8" classname="org.eclipse.jdt.core.tests.compiler.parser.CompletionParserTestKeyword" time="0"/>
  <testcase name="test0378_Method - 1.8" classname="org.eclipse.jdt.core.tests.compiler.parser.CompletionParserTestKeyword" time="0"/>
  <testcase name="test0379_Diet - 1.8" classname="org.eclipse.jdt.core.tests.compiler.parser.CompletionParserTestKeyword" time="0"/>
  <testcase name="test0379_Method - 1.8" classname="org.eclipse.jdt.core.tests.compiler.parser.CompletionParserTestKeyword" time="0.001"/>
  <testcase name="test0380_Diet - 1.8" classname="org.eclipse.jdt.core.tests.compiler.parser.CompletionParserTestKeyword" time="0"/>
  <testcase name="test0380_Method - 1.8" classname="org.eclipse.jdt.core.tests.compiler.parser.CompletionParserTestKeyword" time="0"/>
  <testcase name="test0381_Diet - 1.8" classname="org.eclipse.jdt.core.tests.compiler.parser.CompletionParserTestKeyword" time="0"/>
  <testcase name="test0381_Method - 1.8" classname="org.eclipse.jdt.core.tests.compiler.parser.CompletionParserTestKeyword" time="0"/>
  <testcase name="test0382_Diet - 1.8" classname="org.eclipse.jdt.core.tests.compiler.parser.CompletionParserTestKeyword" time="0"/>
  <testcase name="test0382_Method - 1.8" classname="org.eclipse.jdt.core.tests.compiler.parser.CompletionParserTestKeyword" time="0"/>
  <testcase name="test0384_Diet - 1.8" classname="org.eclipse.jdt.core.tests.compiler.parser.CompletionParserTestKeyword" time="0"/>
  <testcase name="test0384_Method - 1.8" classname="org.eclipse.jdt.core.tests.compiler.parser.CompletionParserTestKeyword" time="0"/>
  <testcase name="test0385_Diet - 1.8" classname="org.eclipse.jdt.core.tests.compiler.parser.CompletionParserTestKeyword" time="0"/>
  <testcase name="test0385_Method - 1.8" classname="org.eclipse.jdt.core.tests.compiler.parser.CompletionParserTestKeyword" time="0.001"/>
  <testcase name="test0386_Diet - 1.8" classname="org.eclipse.jdt.core.tests.compiler.parser.CompletionParserTestKeyword" time="0"/>
  <testcase name="test0386_Method - 1.8" classname="org.eclipse.jdt.core.tests.compiler.parser.CompletionParserTestKeyword" time="0"/>
  <testcase name="test0387_Diet - 1.8" classname="org.eclipse.jdt.core.tests.compiler.parser.CompletionParserTestKeyword" time="0"/>
  <testcase name="test0387_Method - 1.8" classname="org.eclipse.jdt.core.tests.compiler.parser.CompletionParserTestKeyword" time="0"/>
  <testcase name="test0388_Diet - 1.8" classname="org.eclipse.jdt.core.tests.compiler.parser.CompletionParserTestKeyword" time="0"/>
  <testcase name="test0388_Method - 1.8" classname="org.eclipse.jdt.core.tests.compiler.parser.CompletionParserTestKeyword" time="0"/>
  <testcase name="test01 - 1.8" classname="org.eclipse.jdt.core.tests.compiler.parser.CompletionRecoveryTest" time="0"/>
  <testcase name="test01 - 1.8" classname="org.eclipse.jdt.core.tests.compiler.parser.DietCompletionTest" time="0"/>
  <testcase name="test01 - 1.8" classname="org.eclipse.jdt.core.tests.compiler.parser.SelectionTest" time="0"/>
  <testcase name="test01 - 1.8" classname="org.eclipse.jdt.core.tests.compiler.parser.SelectionJavadocTest" time="0.001"/>
  <testcase name="test01 - 1.8" classname="org.eclipse.jdt.core.tests.compiler.parser.DietRecoveryTest" time="0.004"/>
  <testcase name="test01 - 1.8" classname="org.eclipse.jdt.core.tests.compiler.parser.SourceElementParserTest" time="0.001"/>
  <testcase name="test01 - 1.8" classname="org.eclipse.jdt.core.tests.compiler.parser.DocumentElementParserTest" time="0"/>
  <testcase name="test01 - 1.8" classname="org.eclipse.jdt.core.tests.compiler.parser.SyntaxErrorTest" time="0.001"/>
  <testcase name="test01 - 1.8" classname="org.eclipse.jdt.core.tests.compiler.parser.DualParseSyntaxErrorTest" time="0"/>
  <testcase name="test02 - 1.8" classname="org.eclipse.jdt.core.tests.compiler.parser.CompletionRecoveryTest" time="0"/>
  <testcase name="test02 - 1.8" classname="org.eclipse.jdt.core.tests.compiler.parser.DietCompletionTest" time="0"/>
  <testcase name="test02 - 1.8" classname="org.eclipse.jdt.core.tests.compiler.parser.SelectionTest" time="0"/>
  <testcase name="test02 - 1.8" classname="org.eclipse.jdt.core.tests.compiler.parser.SelectionJavadocTest" time="0"/>
  <testcase name="test02 - 1.8" classname="org.eclipse.jdt.core.tests.compiler.parser.DietRecoveryTest" time="0.003"/>
  <testcase name="test02 - 1.8" classname="org.eclipse.jdt.core.tests.compiler.parser.SourceElementParserTest" time="0"/>
  <testcase name="test02 - 1.8" classname="org.eclipse.jdt.core.tests.compiler.parser.SyntaxErrorTest" time="0"/>
  <testcase name="test02 - 1.8" classname="org.eclipse.jdt.core.tests.compiler.parser.DualParseSyntaxErrorTest" time="0.001"/>
  <testcase name="test03 - 1.8" classname="org.eclipse.jdt.core.tests.compiler.parser.CompletionRecoveryTest" time="0"/>
  <testcase name="test03 - 1.8" classname="org.eclipse.jdt.core.tests.compiler.parser.DietCompletionTest" time="0"/>
  <testcase name="test03 - 1.8" classname="org.eclipse.jdt.core.tests.compiler.parser.SelectionTest" time="0"/>
  <testcase name="test03 - 1.8" classname="org.eclipse.jdt.core.tests.compiler.parser.SelectionJavadocTest" time="0.001"/>
  <testcase name="test03 - 1.8" classname="org.eclipse.jdt.core.tests.compiler.parser.DietRecoveryTest" time="0.003"/>
  <testcase name="test03 - 1.8" classname="org.eclipse.jdt.core.tests.compiler.parser.SourceElementParserTest" time="0"/>
  <testcase name="test03 - 1.8" classname="org.eclipse.jdt.core.tests.compiler.parser.SyntaxErrorTest" time="0.001"/>
  <testcase name="test03 - 1.8" classname="org.eclipse.jdt.core.tests.compiler.parser.DualParseSyntaxErrorTest" time="0"/>
  <testcase name="test04 - 1.8" classname="org.eclipse.jdt.core.tests.compiler.parser.CompletionRecoveryTest" time="0"/>
  <testcase name="test04 - 1.8" classname="org.eclipse.jdt.core.tests.compiler.parser.DietCompletionTest" time="0"/>
  <testcase name="test04 - 1.8" classname="org.eclipse.jdt.core.tests.compiler.parser.SelectionTest" time="0"/>
  <testcase name="test04 - 1.8" classname="org.eclipse.jdt.core.tests.compiler.parser.SelectionJavadocTest" time="0"/>
  <testcase name="test04 - 1.8" classname="org.eclipse.jdt.core.tests.compiler.parser.DietRecoveryTest" time="0.003"/>
  <testcase name="test04 - 1.8" classname="org.eclipse.jdt.core.tests.compiler.parser.SourceElementParserTest" time="0.001"/>
  <testcase name="test04 - 1.8" classname="org.eclipse.jdt.core.tests.compiler.parser.SyntaxErrorTest" time="0"/>
  <testcase name="test04 - 1.8" classname="org.eclipse.jdt.core.tests.compiler.parser.DualParseSyntaxErrorTest" time="0.001"/>
  <testcase name="test05 - 1.8" classname="org.eclipse.jdt.core.tests.compiler.parser.CompletionRecoveryTest" time="0"/>
  <testcase name="test05 - 1.8" classname="org.eclipse.jdt.core.tests.compiler.parser.DietCompletionTest" time="0"/>
  <testcase name="test05 - 1.8" classname="org.eclipse.jdt.core.tests.compiler.parser.SelectionTest" time="0.001"/>
  <testcase name="test05 - 1.8" classname="org.eclipse.jdt.core.tests.compiler.parser.SelectionJavadocTest" time="0"/>
  <testcase name="test05 - 1.8" classname="org.eclipse.jdt.core.tests.compiler.parser.DietRecoveryTest" time="0.003"/>
  <testcase name="test05 - 1.8" classname="org.eclipse.jdt.core.tests.compiler.parser.SourceElementParserTest" time="0"/>
  <testcase name="test05 - 1.8" classname="org.eclipse.jdt.core.tests.compiler.parser.SyntaxErrorTest" time="0.001"/>
  <testcase name="test05 - 1.8" classname="org.eclipse.jdt.core.tests.compiler.parser.DualParseSyntaxErrorTest" time="0"/>
  <testcase name="test06 - 1.8" classname="org.eclipse.jdt.core.tests.compiler.parser.CompletionRecoveryTest" time="0"/>
  <testcase name="test06 - 1.8" classname="org.eclipse.jdt.core.tests.compiler.parser.DietCompletionTest" time="0"/>
  <testcase name="test06 - 1.8" classname="org.eclipse.jdt.core.tests.compiler.parser.SelectionTest" time="0"/>
  <testcase name="test06 - 1.8" classname="org.eclipse.jdt.core.tests.compiler.parser.SelectionJavadocTest" time="0"/>
  <testcase name="test06 - 1.8" classname="org.eclipse.jdt.core.tests.compiler.parser.DietRecoveryTest" time="0.003"/>
  <testcase name="test06 - 1.8" classname="org.eclipse.jdt.core.tests.compiler.parser.SourceElementParserTest" time="0.001"/>
  <testcase name="test06 - 1.8" classname="org.eclipse.jdt.core.tests.compiler.parser.SyntaxErrorTest" time="0"/>
  <testcase name="test06 - 1.8" classname="org.eclipse.jdt.core.tests.compiler.parser.DualParseSyntaxErrorTest" time="0"/>
  <testcase name="test07 - 1.8" classname="org.eclipse.jdt.core.tests.compiler.parser.CompletionRecoveryTest" time="0"/>
  <testcase name="test07 - 1.8" classname="org.eclipse.jdt.core.tests.compiler.parser.DietCompletionTest" time="0"/>
  <testcase name="test07 - 1.8" classname="org.eclipse.jdt.core.tests.compiler.parser.SelectionTest" time="0"/>
  <testcase name="test07 - 1.8" classname="org.eclipse.jdt.core.tests.compiler.parser.SelectionJavadocTest" time="0.001"/>
  <testcase name="test07 - 1.8" classname="org.eclipse.jdt.core.tests.compiler.parser.DietRecoveryTest" time="0.002"/>
  <testcase name="test07 - 1.8" classname="org.eclipse.jdt.core.tests.compiler.parser.SourceElementParserTest" time="0"/>
  <testcase name="test07 - 1.8" classname="org.eclipse.jdt.core.tests.compiler.parser.SyntaxErrorTest" time="0.001"/>
  <testcase name="test07 - 1.8" classname="org.eclipse.jdt.core.tests.compiler.parser.DualParseSyntaxErrorTest" time="0.001"/>
  <testcase name="test08 - 1.8" classname="org.eclipse.jdt.core.tests.compiler.parser.CompletionRecoveryTest" time="0"/>
  <testcase name="test08 - 1.8" classname="org.eclipse.jdt.core.tests.compiler.parser.DietCompletionTest" time="0"/>
  <testcase name="test08 - 1.8" classname="org.eclipse.jdt.core.tests.compiler.parser.SelectionTest" time="0"/>
  <testcase name="test08 - 1.8" classname="org.eclipse.jdt.core.tests.compiler.parser.SelectionJavadocTest" time="0.001"/>
  <testcase name="test08 - 1.8" classname="org.eclipse.jdt.core.tests.compiler.parser.DietRecoveryTest" time="0.003"/>
  <testcase name="test08 - 1.8" classname="org.eclipse.jdt.core.tests.compiler.parser.SourceElementParserTest" time="0"/>
  <testcase name="test08 - 1.8" classname="org.eclipse.jdt.core.tests.compiler.parser.SyntaxErrorTest" time="0"/>
  <testcase name="test08 - 1.8" classname="org.eclipse.jdt.core.tests.compiler.parser.DualParseSyntaxErrorTest" time="0"/>
  <testcase name="test09 - 1.8" classname="org.eclipse.jdt.core.tests.compiler.parser.CompletionRecoveryTest" time="0"/>
  <testcase name="test09 - 1.8" classname="org.eclipse.jdt.core.tests.compiler.parser.DietCompletionTest" time="0"/>
  <testcase name="test09 - 1.8" classname="org.eclipse.jdt.core.tests.compiler.parser.SelectionTest" time="0"/>
  <testcase name="test09 - 1.8" classname="org.eclipse.jdt.core.tests.compiler.parser.SelectionJavadocTest" time="0.002"/>
  <testcase name="test09 - 1.8" classname="org.eclipse.jdt.core.tests.compiler.parser.DietRecoveryTest" time="0.003"/>
  <testcase name="test09 - 1.8" classname="org.eclipse.jdt.core.tests.compiler.parser.SourceElementParserTest" time="0.001"/>
  <testcase name="test09 - 1.8" classname="org.eclipse.jdt.core.tests.compiler.parser.SyntaxErrorTest" time="0"/>
  <testcase name="test09 - 1.8" classname="org.eclipse.jdt.core.tests.compiler.parser.DualParseSyntaxErrorTest" time="0"/>
  <testcase name="test10 - 1.8" classname="org.eclipse.jdt.core.tests.compiler.parser.CompletionRecoveryTest" time="0"/>
  <testcase name="test10 - 1.8" classname="org.eclipse.jdt.core.tests.compiler.parser.DietCompletionTest" time="0"/>
  <testcase name="test10 - 1.8" classname="org.eclipse.jdt.core.tests.compiler.parser.SelectionTest" time="0.001"/>
  <testcase name="test10 - 1.8" classname="org.eclipse.jdt.core.tests.compiler.parser.SelectionJavadocTest" time="0.002"/>
  <testcase name="test10 - 1.8" classname="org.eclipse.jdt.core.tests.compiler.parser.DietRecoveryTest" time="0.003"/>
  <testcase name="test10 - 1.8" classname="org.eclipse.jdt.core.tests.compiler.parser.SourceElementParserTest" time="0"/>
  <testcase name="test10 - 1.8" classname="org.eclipse.jdt.core.tests.compiler.parser.SyntaxErrorTest" time="0.001"/>
  <testcase name="test10 - 1.8" classname="org.eclipse.jdt.core.tests.compiler.parser.DualParseSyntaxErrorTest" time="0"/>
  <testcase name="test11 - 1.8" classname="org.eclipse.jdt.core.tests.compiler.parser.CompletionRecoveryTest" time="0"/>
  <testcase name="test11 - 1.8" classname="org.eclipse.jdt.core.tests.compiler.parser.DietCompletionTest" time="0"/>
  <testcase name="test11 - 1.8" classname="org.eclipse.jdt.core.tests.compiler.parser.SelectionTest" time="0"/>
  <testcase name="test11 - 1.8" classname="org.eclipse.jdt.core.tests.compiler.parser.SelectionJavadocTest" time="0"/>
  <testcase name="test11 - 1.8" classname="org.eclipse.jdt.core.tests.compiler.parser.DietRecoveryTest" time="0.003"/>
  <testcase name="test11 - 1.8" classname="org.eclipse.jdt.core.tests.compiler.parser.SourceElementParserTest" time="0"/>
  <testcase name="test11 - 1.8" classname="org.eclipse.jdt.core.tests.compiler.parser.SyntaxErrorTest" time="0"/>
  <testcase name="test12 - 1.8" classname="org.eclipse.jdt.core.tests.compiler.parser.CompletionRecoveryTest" time="0"/>
  <testcase name="test12 - 1.8" classname="org.eclipse.jdt.core.tests.compiler.parser.DietCompletionTest" time="0"/>
  <testcase name="test12 - 1.8" classname="org.eclipse.jdt.core.tests.compiler.parser.SelectionTest" time="0"/>
  <testcase name="test12 - 1.8" classname="org.eclipse.jdt.core.tests.compiler.parser.SelectionJavadocTest" time="0"/>
  <testcase name="test12 - 1.8" classname="org.eclipse.jdt.core.tests.compiler.parser.DietRecoveryTest" time="0.002"/>
  <testcase name="test12 - 1.8" classname="org.eclipse.jdt.core.tests.compiler.parser.SourceElementParserTest" time="0.001"/>
  <testcase name="test12 - 1.8" classname="org.eclipse.jdt.core.tests.compiler.parser.SyntaxErrorTest" time="0"/>
  <testcase name="test13 - 1.8" classname="org.eclipse.jdt.core.tests.compiler.parser.CompletionRecoveryTest" time="0"/>
  <testcase name="test13 - 1.8" classname="org.eclipse.jdt.core.tests.compiler.parser.DietCompletionTest" time="0"/>
  <testcase name="test13 - 1.8" classname="org.eclipse.jdt.core.tests.compiler.parser.SelectionTest" time="0"/>
  <testcase name="test13 - 1.8" classname="org.eclipse.jdt.core.tests.compiler.parser.SelectionJavadocTest" time="0.001"/>
  <testcase name="test13 - 1.8" classname="org.eclipse.jdt.core.tests.compiler.parser.DietRecoveryTest" time="0.001"/>
  <testcase name="test13 - 1.8" classname="org.eclipse.jdt.core.tests.compiler.parser.SourceElementParserTest" time="0"/>
  <testcase name="test13 - 1.8" classname="org.eclipse.jdt.core.tests.compiler.parser.SyntaxErrorTest" time="0.001"/>
  <testcase name="test14 - 1.8" classname="org.eclipse.jdt.core.tests.compiler.parser.CompletionRecoveryTest" time="0.001"/>
  <testcase name="test14 - 1.8" classname="org.eclipse.jdt.core.tests.compiler.parser.DietCompletionTest" time="0"/>
  <testcase name="test14 - 1.8" classname="org.eclipse.jdt.core.tests.compiler.parser.SelectionTest" time="0.001"/>
  <testcase name="test14 - 1.8" classname="org.eclipse.jdt.core.tests.compiler.parser.SelectionJavadocTest" time="0.001"/>
  <testcase name="test14 - 1.8" classname="org.eclipse.jdt.core.tests.compiler.parser.DietRecoveryTest" time="0.002"/>
  <testcase name="test14 - 1.8" classname="org.eclipse.jdt.core.tests.compiler.parser.SourceElementParserTest" time="0.001"/>
  <testcase name="test14 - 1.8" classname="org.eclipse.jdt.core.tests.compiler.parser.SyntaxErrorTest" time="0"/>
  <testcase name="test15 - 1.8" classname="org.eclipse.jdt.core.tests.compiler.parser.CompletionRecoveryTest" time="0"/>
  <testcase name="test15 - 1.8" classname="org.eclipse.jdt.core.tests.compiler.parser.DietCompletionTest" time="0.001"/>
  <testcase name="test15 - 1.8" classname="org.eclipse.jdt.core.tests.compiler.parser.SelectionTest" time="0"/>
  <testcase name="test15 - 1.8" classname="org.eclipse.jdt.core.tests.compiler.parser.SelectionJavadocTest" time="0.001"/>
  <testcase name="test15 - 1.8" classname="org.eclipse.jdt.core.tests.compiler.parser.DietRecoveryTest" time="0.001"/>
  <testcase name="test15 - 1.8" classname="org.eclipse.jdt.core.tests.compiler.parser.SourceElementParserTest" time="0"/>
  <testcase name="test15 - 1.8" classname="org.eclipse.jdt.core.tests.compiler.parser.SyntaxErrorTest" time="0.001"/>
  <testcase name="test16 - 1.8" classname="org.eclipse.jdt.core.tests.compiler.parser.CompletionRecoveryTest" time="0"/>
  <testcase name="test16 - 1.8" classname="org.eclipse.jdt.core.tests.compiler.parser.DietCompletionTest" time="0"/>
  <testcase name="test16 - 1.8" classname="org.eclipse.jdt.core.tests.compiler.parser.SelectionTest" time="0"/>
  <testcase name="test16 - 1.8" classname="org.eclipse.jdt.core.tests.compiler.parser.SelectionJavadocTest" time="0.001"/>
  <testcase name="test16 - 1.8" classname="org.eclipse.jdt.core.tests.compiler.parser.DietRecoveryTest" time="0.002"/>
  <testcase name="test16 - 1.8" classname="org.eclipse.jdt.core.tests.compiler.parser.SourceElementParserTest" time="0"/>
  <testcase name="test17 - 1.8" classname="org.eclipse.jdt.core.tests.compiler.parser.CompletionRecoveryTest" time="0"/>
  <testcase name="test17 - 1.8" classname="org.eclipse.jdt.core.tests.compiler.parser.DietCompletionTest" time="0"/>
  <testcase name="test17 - 1.8" classname="org.eclipse.jdt.core.tests.compiler.parser.SelectionTest" time="0"/>
  <testcase name="test17 - 1.8" classname="org.eclipse.jdt.core.tests.compiler.parser.SelectionJavadocTest" time="0.001"/>
  <testcase name="test17 - 1.8" classname="org.eclipse.jdt.core.tests.compiler.parser.DietRecoveryTest" time="0.002"/>
  <testcase name="test17 - 1.8" classname="org.eclipse.jdt.core.tests.compiler.parser.SourceElementParserTest" time="0"/>
  <testcase name="test18 - 1.8" classname="org.eclipse.jdt.core.tests.compiler.parser.CompletionRecoveryTest" time="0"/>
  <testcase name="test18 - 1.8" classname="org.eclipse.jdt.core.tests.compiler.parser.DietCompletionTest" time="0"/>
  <testcase name="test18 - 1.8" classname="org.eclipse.jdt.core.tests.compiler.parser.SelectionTest" time="0.001"/>
  <testcase name="test18 - 1.8" classname="org.eclipse.jdt.core.tests.compiler.parser.SelectionJavadocTest" time="0.001"/>
  <testcase name="test18 - 1.8" classname="org.eclipse.jdt.core.tests.compiler.parser.DietRecoveryTest" time="0.001"/>
  <testcase name="test18 - 1.8" classname="org.eclipse.jdt.core.tests.compiler.parser.SourceElementParserTest" time="0"/>
  <testcase name="test19 - 1.8" classname="org.eclipse.jdt.core.tests.compiler.parser.CompletionRecoveryTest" time="0"/>
  <testcase name="test19 - 1.8" classname="org.eclipse.jdt.core.tests.compiler.parser.DietCompletionTest" time="0"/>
  <testcase name="test19 - 1.8" classname="org.eclipse.jdt.core.tests.compiler.parser.SelectionTest" time="0"/>
  <testcase name="test19 - 1.8" classname="org.eclipse.jdt.core.tests.compiler.parser.SelectionJavadocTest" time="0.001"/>
  <testcase name="test19 - 1.8" classname="org.eclipse.jdt.core.tests.compiler.parser.DietRecoveryTest" time="0.002"/>
  <testcase name="test19 - 1.8" classname="org.eclipse.jdt.core.tests.compiler.parser.SourceElementParserTest" time="0.001"/>
  <testcase name="test20 - 1.8" classname="org.eclipse.jdt.core.tests.compiler.parser.CompletionRecoveryTest" time="0"/>
  <testcase name="test20 - 1.8" classname="org.eclipse.jdt.core.tests.compiler.parser.DietCompletionTest" time="0.001"/>
  <testcase name="test20 - 1.8" classname="org.eclipse.jdt.core.tests.compiler.parser.SelectionTest" time="0"/>
  <testcase name="test20 - 1.8" classname="org.eclipse.jdt.core.tests.compiler.parser.SelectionJavadocTest" time="0"/>
  <testcase name="test20 - 1.8" classname="org.eclipse.jdt.core.tests.compiler.parser.DietRecoveryTest" time="0.003"/>
  <testcase name="test20 - 1.8" classname="org.eclipse.jdt.core.tests.compiler.parser.SourceElementParserTest" time="0"/>
  <testcase name="test21 - 1.8" classname="org.eclipse.jdt.core.tests.compiler.parser.CompletionRecoveryTest" time="0"/>
  <testcase name="test21 - 1.8" classname="org.eclipse.jdt.core.tests.compiler.parser.DietCompletionTest" time="0"/>
  <testcase name="test21 - 1.8" classname="org.eclipse.jdt.core.tests.compiler.parser.SelectionTest" time="0"/>
  <testcase name="test21 - 1.8" classname="org.eclipse.jdt.core.tests.compiler.parser.SelectionJavadocTest" time="0"/>
  <testcase name="test21 - 1.8" classname="org.eclipse.jdt.core.tests.compiler.parser.DietRecoveryTest" time="0.001"/>
  <testcase name="test21 - 1.8" classname="org.eclipse.jdt.core.tests.compiler.parser.SourceElementParserTest" time="0.001"/>
  <testcase name="test22 - 1.8" classname="org.eclipse.jdt.core.tests.compiler.parser.CompletionRecoveryTest" time="0"/>
  <testcase name="test22 - 1.8" classname="org.eclipse.jdt.core.tests.compiler.parser.DietCompletionTest" time="0"/>
  <testcase name="test22 - 1.8" classname="org.eclipse.jdt.core.tests.compiler.parser.SelectionTest" time="0"/>
  <testcase name="test22 - 1.8" classname="org.eclipse.jdt.core.tests.compiler.parser.SelectionJavadocTest" time="0.001"/>
  <testcase name="test22 - 1.8" classname="org.eclipse.jdt.core.tests.compiler.parser.DietRecoveryTest" time="0.003"/>
  <testcase name="test22 - 1.8" classname="org.eclipse.jdt.core.tests.compiler.parser.SourceElementParserTest" time="0"/>
  <testcase name="test23 - 1.8" classname="org.eclipse.jdt.core.tests.compiler.parser.CompletionRecoveryTest" time="0.001"/>
  <testcase name="test23 - 1.8" classname="org.eclipse.jdt.core.tests.compiler.parser.DietCompletionTest" time="0"/>
  <testcase name="test23 - 1.8" classname="org.eclipse.jdt.core.tests.compiler.parser.SelectionTest" time="0"/>
  <testcase name="test23 - 1.8" classname="org.eclipse.jdt.core.tests.compiler.parser.SelectionJavadocTest" time="0"/>
  <testcase name="test23 - 1.8" classname="org.eclipse.jdt.core.tests.compiler.parser.DietRecoveryTest" time="0.003"/>
  <testcase name="test23 - 1.8" classname="org.eclipse.jdt.core.tests.compiler.parser.SourceElementParserTest" time="0"/>
  <testcase name="test24 - 1.8" classname="org.eclipse.jdt.core.tests.compiler.parser.CompletionRecoveryTest" time="0"/>
  <testcase name="test24 - 1.8" classname="org.eclipse.jdt.core.tests.compiler.parser.DietCompletionTest" time="0.001"/>
  <testcase name="test24 - 1.8" classname="org.eclipse.jdt.core.tests.compiler.parser.SelectionTest" time="0"/>
  <testcase name="test24 - 1.8" classname="org.eclipse.jdt.core.tests.compiler.parser.SelectionJavadocTest" time="0.001"/>
  <testcase name="test24 - 1.8" classname="org.eclipse.jdt.core.tests.compiler.parser.DietRecoveryTest" time="0.002"/>
  <testcase name="test24 - 1.8" classname="org.eclipse.jdt.core.tests.compiler.parser.SourceElementParserTest" time="0"/>
  <testcase name="test25 - 1.8" classname="org.eclipse.jdt.core.tests.compiler.parser.CompletionRecoveryTest" time="0"/>
  <testcase name="test25 - 1.8" classname="org.eclipse.jdt.core.tests.compiler.parser.DietCompletionTest" time="0"/>
  <testcase name="test25 - 1.8" classname="org.eclipse.jdt.core.tests.compiler.parser.SelectionTest" time="0.001"/>
  <testcase name="test25 - 1.8" classname="org.eclipse.jdt.core.tests.compiler.parser.SelectionJavadocTest" time="0"/>
  <testcase name="test25 - 1.8" classname="org.eclipse.jdt.core.tests.compiler.parser.DietRecoveryTest" time="0.003"/>
  <testcase name="test25 - 1.8" classname="org.eclipse.jdt.core.tests.compiler.parser.SourceElementParserTest" time="0"/>
  <testcase name="test26 - 1.8" classname="org.eclipse.jdt.core.tests.compiler.parser.CompletionRecoveryTest" time="0"/>
  <testcase name="test26 - 1.8" classname="org.eclipse.jdt.core.tests.compiler.parser.DietCompletionTest" time="0"/>
  <testcase name="test26 - 1.8" classname="org.eclipse.jdt.core.tests.compiler.parser.SelectionTest" time="0"/>
  <testcase name="test26 - 1.8" classname="org.eclipse.jdt.core.tests.compiler.parser.SelectionJavadocTest" time="0"/>
  <testcase name="test26 - 1.8" classname="org.eclipse.jdt.core.tests.compiler.parser.DietRecoveryTest" time="0.003"/>
  <testcase name="test26 - 1.8" classname="org.eclipse.jdt.core.tests.compiler.parser.SourceElementParserTest" time="0"/>
  <testcase name="test27 - 1.8" classname="org.eclipse.jdt.core.tests.compiler.parser.DietCompletionTest" time="0"/>
  <testcase name="test27 - 1.8" classname="org.eclipse.jdt.core.tests.compiler.parser.SelectionTest" time="0"/>
  <testcase name="test27 - 1.8" classname="org.eclipse.jdt.core.tests.compiler.parser.DietRecoveryTest" time="0.003"/>
  <testcase name="test27 - 1.8" classname="org.eclipse.jdt.core.tests.compiler.parser.SourceElementParserTest" time="0.001"/>
  <testcase name="test28 - 1.8" classname="org.eclipse.jdt.core.tests.compiler.parser.DietCompletionTest" time="0"/>
  <testcase name="test28 - 1.8" classname="org.eclipse.jdt.core.tests.compiler.parser.SelectionTest" time="0"/>
  <testcase name="test28 - 1.8" classname="org.eclipse.jdt.core.tests.compiler.parser.DietRecoveryTest" time="0.001"/>
  <testcase name="test28 - 1.8" classname="org.eclipse.jdt.core.tests.compiler.parser.SourceElementParserTest" time="0"/>
  <testcase name="test29 - 1.8" classname="org.eclipse.jdt.core.tests.compiler.parser.DietCompletionTest" time="0"/>
  <testcase name="test29 - 1.8" classname="org.eclipse.jdt.core.tests.compiler.parser.SelectionTest" time="0.001"/>
  <testcase name="test29 - 1.8" classname="org.eclipse.jdt.core.tests.compiler.parser.DietRecoveryTest" time="0.001"/>
  <testcase name="test29 - 1.8" classname="org.eclipse.jdt.core.tests.compiler.parser.SourceElementParserTest" time="0"/>
  <testcase name="test30 - 1.8" classname="org.eclipse.jdt.core.tests.compiler.parser.DietCompletionTest" time="0"/>
  <testcase name="test30 - 1.8" classname="org.eclipse.jdt.core.tests.compiler.parser.SelectionTest" time="0"/>
  <testcase name="test30 - 1.8" classname="org.eclipse.jdt.core.tests.compiler.parser.DietRecoveryTest" time="0.001"/>
  <testcase name="test30 - 1.8" classname="org.eclipse.jdt.core.tests.compiler.parser.SourceElementParserTest" time="0"/>
  <testcase name="test31 - 1.8" classname="org.eclipse.jdt.core.tests.compiler.parser.DietCompletionTest" time="0"/>
  <testcase name="test31 - 1.8" classname="org.eclipse.jdt.core.tests.compiler.parser.SelectionTest" time="0"/>
  <testcase name="test31 - 1.8" classname="org.eclipse.jdt.core.tests.compiler.parser.DietRecoveryTest" time="0.003"/>
  <testcase name="test31 - 1.8" classname="org.eclipse.jdt.core.tests.compiler.parser.SourceElementParserTest" time="0"/>
  <testcase name="test32 - 1.8" classname="org.eclipse.jdt.core.tests.compiler.parser.DietCompletionTest" time="0"/>
  <testcase name="test32 - 1.8" classname="org.eclipse.jdt.core.tests.compiler.parser.SelectionTest" time="0.001"/>
  <testcase name="test32 - 1.8" classname="org.eclipse.jdt.core.tests.compiler.parser.SourceElementParserTest" time="0.001"/>
  <testcase name="test33 - 1.8" classname="org.eclipse.jdt.core.tests.compiler.parser.DietCompletionTest" time="0.001"/>
  <testcase name="test33 - 1.8" classname="org.eclipse.jdt.core.tests.compiler.parser.SelectionTest" time="0"/>
  <testcase name="test33 - 1.8" classname="org.eclipse.jdt.core.tests.compiler.parser.DietRecoveryTest" time="0.002"/>
  <testcase name="test33 - 1.8" classname="org.eclipse.jdt.core.tests.compiler.parser.SourceElementParserTest" time="0.001"/>
  <testcase name="test34 - 1.8" classname="org.eclipse.jdt.core.tests.compiler.parser.DietCompletionTest" time="0"/>
  <testcase name="test34 - 1.8" classname="org.eclipse.jdt.core.tests.compiler.parser.SelectionTest" time="0"/>
  <testcase name="test34 - 1.8" classname="org.eclipse.jdt.core.tests.compiler.parser.DietRecoveryTest" time="0.002"/>
  <testcase name="test34 - 1.8" classname="org.eclipse.jdt.core.tests.compiler.parser.SourceElementParserTest" time="0"/>
  <testcase name="test34a - 1.8" classname="org.eclipse.jdt.core.tests.compiler.parser.DietCompletionTest" time="0"/>
  <testcase name="test34b - 1.8" classname="org.eclipse.jdt.core.tests.compiler.parser.DietCompletionTest" time="0"/>
  <testcase name="test34c - 1.8" classname="org.eclipse.jdt.core.tests.compiler.parser.DietCompletionTest" time="0"/>
  <testcase name="test35 - 1.8" classname="org.eclipse.jdt.core.tests.compiler.parser.DietCompletionTest" time="0"/>
  <testcase name="test35 - 1.8" classname="org.eclipse.jdt.core.tests.compiler.parser.SelectionTest" time="0"/>
  <testcase name="test35 - 1.8" classname="org.eclipse.jdt.core.tests.compiler.parser.DietRecoveryTest" time="0.002"/>
  <testcase name="test35 - 1.8" classname="org.eclipse.jdt.core.tests.compiler.parser.SourceElementParserTest" time="0.001"/>
  <testcase name="test36 - 1.8" classname="org.eclipse.jdt.core.tests.compiler.parser.DietCompletionTest" time="0"/>
  <testcase name="test36 - 1.8" classname="org.eclipse.jdt.core.tests.compiler.parser.SelectionTest" time="0"/>
  <testcase name="test36 - 1.8" classname="org.eclipse.jdt.core.tests.compiler.parser.DietRecoveryTest" time="0.001"/>
  <testcase name="test36 - 1.8" classname="org.eclipse.jdt.core.tests.compiler.parser.SourceElementParserTest" time="0"/>
  <testcase name="test37 - 1.8" classname="org.eclipse.jdt.core.tests.compiler.parser.DietCompletionTest" time="0"/>
  <testcase name="test37 - 1.8" classname="org.eclipse.jdt.core.tests.compiler.parser.SelectionTest" time="0"/>
  <testcase name="test37 - 1.8" classname="org.eclipse.jdt.core.tests.compiler.parser.DietRecoveryTest" time="0"/>
  <testcase name="test37 - 1.8" classname="org.eclipse.jdt.core.tests.compiler.parser.SourceElementParserTest" time="0.001"/>
  <testcase name="test38 - 1.8" classname="org.eclipse.jdt.core.tests.compiler.parser.DietCompletionTest" time="0"/>
  <testcase name="test38 - 1.8" classname="org.eclipse.jdt.core.tests.compiler.parser.SelectionTest" time="0"/>
  <testcase name="test38 - 1.8" classname="org.eclipse.jdt.core.tests.compiler.parser.DietRecoveryTest" time="0.002"/>
  <testcase name="test38 - 1.8" classname="org.eclipse.jdt.core.tests.compiler.parser.SourceElementParserTest" time="0"/>
  <testcase name="test39 - 1.8" classname="org.eclipse.jdt.core.tests.compiler.parser.DietCompletionTest" time="0"/>
  <testcase name="test39 - 1.8" classname="org.eclipse.jdt.core.tests.compiler.parser.SelectionTest" time="0"/>
  <testcase name="test39 - 1.8" classname="org.eclipse.jdt.core.tests.compiler.parser.DietRecoveryTest" time="0.001"/>
  <testcase name="test39 - 1.8" classname="org.eclipse.jdt.core.tests.compiler.parser.SourceElementParserTest" time="0"/>
  <testcase name="test40 - 1.8" classname="org.eclipse.jdt.core.tests.compiler.parser.DietCompletionTest" time="0"/>
  <testcase name="test40 - 1.8" classname="org.eclipse.jdt.core.tests.compiler.parser.SelectionTest" time="0.001"/>
  <testcase name="test40 - 1.8" classname="org.eclipse.jdt.core.tests.compiler.parser.DietRecoveryTest" time="0.002"/>
  <testcase name="test40 - 1.8" classname="org.eclipse.jdt.core.tests.compiler.parser.SourceElementParserTest" time="0.001"/>
  <testcase name="test41 - 1.8" classname="org.eclipse.jdt.core.tests.compiler.parser.DietCompletionTest" time="0"/>
  <testcase name="test41 - 1.8" classname="org.eclipse.jdt.core.tests.compiler.parser.SelectionTest" time="0"/>
  <testcase name="test41 - 1.8" classname="org.eclipse.jdt.core.tests.compiler.parser.DietRecoveryTest" time="0.003"/>
  <testcase name="test41 - 1.8" classname="org.eclipse.jdt.core.tests.compiler.parser.SourceElementParserTest" time="0"/>
  <testcase name="test42 - 1.8" classname="org.eclipse.jdt.core.tests.compiler.parser.DietCompletionTest" time="0"/>
  <testcase name="test42 - 1.8" classname="org.eclipse.jdt.core.tests.compiler.parser.SelectionTest" time="0"/>
  <testcase name="test42 - 1.8" classname="org.eclipse.jdt.core.tests.compiler.parser.DietRecoveryTest" time="0.002"/>
  <testcase name="test42 - 1.8" classname="org.eclipse.jdt.core.tests.compiler.parser.SourceElementParserTest" time="0"/>
  <testcase name="test43 - 1.8" classname="org.eclipse.jdt.core.tests.compiler.parser.DietCompletionTest" time="0"/>
  <testcase name="test43 - 1.8" classname="org.eclipse.jdt.core.tests.compiler.parser.SelectionTest" time="0"/>
  <testcase name="test43 - 1.8" classname="org.eclipse.jdt.core.tests.compiler.parser.DietRecoveryTest" time="0.003"/>
  <testcase name="test43 - 1.8" classname="org.eclipse.jdt.core.tests.compiler.parser.SourceElementParserTest" time="0"/>
  <testcase name="test44 - 1.8" classname="org.eclipse.jdt.core.tests.compiler.parser.DietCompletionTest" time="0.001"/>
  <testcase name="test44 - 1.8" classname="org.eclipse.jdt.core.tests.compiler.parser.SelectionTest" time="0.001"/>
  <testcase name="test44 - 1.8" classname="org.eclipse.jdt.core.tests.compiler.parser.DietRecoveryTest" time="0.002"/>
  <testcase name="test44 - 1.8" classname="org.eclipse.jdt.core.tests.compiler.parser.SourceElementParserTest" time="0"/>
  <testcase name="test45 - 1.8" classname="org.eclipse.jdt.core.tests.compiler.parser.DietCompletionTest" time="0"/>
  <testcase name="test45 - 1.8" classname="org.eclipse.jdt.core.tests.compiler.parser.SelectionTest" time="0"/>
  <testcase name="test45 - 1.8" classname="org.eclipse.jdt.core.tests.compiler.parser.DietRecoveryTest" time="0"/>
  <testcase name="test45 - 1.8" classname="org.eclipse.jdt.core.tests.compiler.parser.SourceElementParserTest" time="0"/>
  <testcase name="test46 - 1.8" classname="org.eclipse.jdt.core.tests.compiler.parser.DietCompletionTest" time="0"/>
  <testcase name="test46 - 1.8" classname="org.eclipse.jdt.core.tests.compiler.parser.SelectionTest" time="0"/>
  <testcase name="test46 - 1.8" classname="org.eclipse.jdt.core.tests.compiler.parser.DietRecoveryTest" time="0.004"/>
  <testcase name="test46 - 1.8" classname="org.eclipse.jdt.core.tests.compiler.parser.SourceElementParserTest" time="0"/>
  <testcase name="test47 - 1.8" classname="org.eclipse.jdt.core.tests.compiler.parser.DietCompletionTest" time="0"/>
  <testcase name="test47 - 1.8" classname="org.eclipse.jdt.core.tests.compiler.parser.SelectionTest" time="0"/>
  <testcase name="test47 - 1.8" classname="org.eclipse.jdt.core.tests.compiler.parser.DietRecoveryTest" time="0.001"/>
  <testcase name="test47 - 1.8" classname="org.eclipse.jdt.core.tests.compiler.parser.SourceElementParserTest" time="0"/>
  <testcase name="test48 - 1.8" classname="org.eclipse.jdt.core.tests.compiler.parser.DietCompletionTest" time="0"/>
  <testcase name="test48 - 1.8" classname="org.eclipse.jdt.core.tests.compiler.parser.SelectionTest" time="0"/>
  <testcase name="test48 - 1.8" classname="org.eclipse.jdt.core.tests.compiler.parser.DietRecoveryTest" time="0"/>
  <testcase name="test48 - 1.8" classname="org.eclipse.jdt.core.tests.compiler.parser.SourceElementParserTest" time="0"/>
  <testcase name="test49 - 1.8" classname="org.eclipse.jdt.core.tests.compiler.parser.DietCompletionTest" time="0"/>
  <testcase name="test49 - 1.8" classname="org.eclipse.jdt.core.tests.compiler.parser.SelectionTest" time="0"/>
  <testcase name="test49 - 1.8" classname="org.eclipse.jdt.core.tests.compiler.parser.DietRecoveryTest" time="0.003"/>
  <testcase name="test49 - 1.8" classname="org.eclipse.jdt.core.tests.compiler.parser.SourceElementParserTest" time="0"/>
  <testcase name="test50 - 1.8" classname="org.eclipse.jdt.core.tests.compiler.parser.DietCompletionTest" time="0"/>
  <testcase name="test50 - 1.8" classname="org.eclipse.jdt.core.tests.compiler.parser.SelectionTest" time="0"/>
  <testcase name="test50 - 1.8" classname="org.eclipse.jdt.core.tests.compiler.parser.DietRecoveryTest" time="0.002"/>
  <testcase name="test50 - 1.8" classname="org.eclipse.jdt.core.tests.compiler.parser.SourceElementParserTest" time="0"/>
  <testcase name="test51 - 1.8" classname="org.eclipse.jdt.core.tests.compiler.parser.DietCompletionTest" time="0"/>
  <testcase name="test51 - 1.8" classname="org.eclipse.jdt.core.tests.compiler.parser.SelectionTest" time="0"/>
  <testcase name="test51 - 1.8" classname="org.eclipse.jdt.core.tests.compiler.parser.DietRecoveryTest" time="0.002"/>
  <testcase name="test51 - 1.8" classname="org.eclipse.jdt.core.tests.compiler.parser.SourceElementParserTest" time="0"/>
  <testcase name="test52 - 1.8" classname="org.eclipse.jdt.core.tests.compiler.parser.DietCompletionTest" time="0"/>
  <testcase name="test52 - 1.8" classname="org.eclipse.jdt.core.tests.compiler.parser.SelectionTest" time="0"/>
  <testcase name="test52 - 1.8" classname="org.eclipse.jdt.core.tests.compiler.parser.DietRecoveryTest" time="0.002"/>
  <testcase name="test52 - 1.8" classname="org.eclipse.jdt.core.tests.compiler.parser.SourceElementParserTest" time="0"/>
  <testcase name="test53 - 1.8" classname="org.eclipse.jdt.core.tests.compiler.parser.DietCompletionTest" time="0"/>
  <testcase name="test53 - 1.8" classname="org.eclipse.jdt.core.tests.compiler.parser.SelectionTest" time="0"/>
  <testcase name="test53 - 1.8" classname="org.eclipse.jdt.core.tests.compiler.parser.DietRecoveryTest" time="0.001"/>
  <testcase name="test53 - 1.8" classname="org.eclipse.jdt.core.tests.compiler.parser.SourceElementParserTest" time="0.001"/>
  <testcase name="test54 - 1.8" classname="org.eclipse.jdt.core.tests.compiler.parser.DietCompletionTest" time="0"/>
  <testcase name="test54 - 1.8" classname="org.eclipse.jdt.core.tests.compiler.parser.SelectionTest" time="0"/>
  <testcase name="test54 - 1.8" classname="org.eclipse.jdt.core.tests.compiler.parser.DietRecoveryTest" time="0.002"/>
  <testcase name="test54 - 1.8" classname="org.eclipse.jdt.core.tests.compiler.parser.SourceElementParserTest" time="0.001"/>
  <testcase name="test55 - 1.8" classname="org.eclipse.jdt.core.tests.compiler.parser.DietCompletionTest" time="0"/>
  <testcase name="test55 - 1.8" classname="org.eclipse.jdt.core.tests.compiler.parser.SelectionTest" time="0"/>
  <testcase name="test55 - 1.8" classname="org.eclipse.jdt.core.tests.compiler.parser.DietRecoveryTest" time="0.002"/>
  <testcase name="test55 - 1.8" classname="org.eclipse.jdt.core.tests.compiler.parser.SourceElementParserTest" time="0"/>
  <testcase name="testPrimarySuper - 1.8" classname="org.eclipse.jdt.core.tests.compiler.parser.ExplicitConstructorInvocationCompletionTest" time="0"/>
  <testcase name="testPrimarySuper - 1.8" classname="org.eclipse.jdt.core.tests.compiler.parser.ExplicitConstructorInvocationSelectionTest" time="0"/>
  <testcase name="testPrimaryThis - 1.8" classname="org.eclipse.jdt.core.tests.compiler.parser.ExplicitConstructorInvocationCompletionTest" time="0"/>
  <testcase name="testSuper - 1.8" classname="org.eclipse.jdt.core.tests.compiler.parser.ExplicitConstructorInvocationCompletionTest" time="0.001"/>
  <testcase name="testSuper - 1.8" classname="org.eclipse.jdt.core.tests.compiler.parser.MethodInvocationCompletionTest" time="0"/>
  <testcase name="testSuper - 1.8" classname="org.eclipse.jdt.core.tests.compiler.parser.ExplicitConstructorInvocationSelectionTest" time="0"/>
  <testcase name="testThis - 1.8" classname="org.eclipse.jdt.core.tests.compiler.parser.ExplicitConstructorInvocationCompletionTest" time="0"/>
  <testcase name="testThis - 1.8" classname="org.eclipse.jdt.core.tests.compiler.parser.ExplicitConstructorInvocationSelectionTest" time="0"/>
  <testcase name="testWrapperNameSuper - 1.8" classname="org.eclipse.jdt.core.tests.compiler.parser.ExplicitConstructorInvocationCompletionTest" time="0"/>
  <testcase name="testWrapperNameThis - 1.8" classname="org.eclipse.jdt.core.tests.compiler.parser.ExplicitConstructorInvocationCompletionTest" time="0"/>
  <testcase name="testWrapperPrimarySuper - 1.8" classname="org.eclipse.jdt.core.tests.compiler.parser.ExplicitConstructorInvocationCompletionTest" time="0"/>
  <testcase name="testWrapperSuper - 1.8" classname="org.eclipse.jdt.core.tests.compiler.parser.ExplicitConstructorInvocationCompletionTest" time="0.001"/>
  <testcase name="testWrapperThis - 1.8" classname="org.eclipse.jdt.core.tests.compiler.parser.ExplicitConstructorInvocationCompletionTest" time="0"/>
  <testcase name="testAdditiveExpressionMinus - 1.8" classname="org.eclipse.jdt.core.tests.compiler.parser.FieldAccessCompletionTest" time="0"/>
  <testcase name="testAdditiveExpressionPlus - 1.8" classname="org.eclipse.jdt.core.tests.compiler.parser.FieldAccessCompletionTest" time="0"/>
  <testcase name="testAndExpression - 1.8" classname="org.eclipse.jdt.core.tests.compiler.parser.FieldAccessCompletionTest" time="0"/>
  <testcase name="testArgumentList - 1.8" classname="org.eclipse.jdt.core.tests.compiler.parser.FieldAccessCompletionTest" time="0"/>
  <testcase name="testArrayAccess - 1.8" classname="org.eclipse.jdt.core.tests.compiler.parser.FieldAccessCompletionTest" time="0"/>
  <testcase name="testArrayAccessPrimaryNoNewArray - 1.8" classname="org.eclipse.jdt.core.tests.compiler.parser.FieldAccessCompletionTest" time="0"/>
  <testcase name="testArrayInitializer - 1.8" classname="org.eclipse.jdt.core.tests.compiler.parser.FieldAccessCompletionTest" time="0"/>
  <testcase name="testArrayInitializerComma - 1.8" classname="org.eclipse.jdt.core.tests.compiler.parser.FieldAccessCompletionTest" time="0"/>
  <testcase name="testAssignment - 1.8" classname="org.eclipse.jdt.core.tests.compiler.parser.FieldAccessCompletionTest" time="0"/>
  <testcase name="testBlock - 1.8" classname="org.eclipse.jdt.core.tests.compiler.parser.FieldAccessCompletionTest" time="0"/>
  <testcase name="testBlock - 1.8" classname="org.eclipse.jdt.core.tests.compiler.parser.ReferenceTypeCompletionTest" time="0"/>
  <testcase name="testBlockStatements - 1.8" classname="org.eclipse.jdt.core.tests.compiler.parser.FieldAccessCompletionTest" time="0"/>
  <testcase name="testBlockStatements - 1.8" classname="org.eclipse.jdt.core.tests.compiler.parser.ReferenceTypeCompletionTest" time="0"/>
  <testcase name="testBlockStatementsInConstructorBody - 1.8" classname="org.eclipse.jdt.core.tests.compiler.parser.FieldAccessCompletionTest" time="0"/>
  <testcase name="testBlockStatementsInInitializer - 1.8" classname="org.eclipse.jdt.core.tests.compiler.parser.FieldAccessCompletionTest" time="0.001"/>
  <testcase name="testBlockStatementsInStaticInitializer - 1.8" classname="org.eclipse.jdt.core.tests.compiler.parser.FieldAccessCompletionTest" time="0"/>
  <testcase name="testCastExpression - 1.8" classname="org.eclipse.jdt.core.tests.compiler.parser.FieldAccessCompletionTest" time="0"/>
  <testcase name="testCastExpressionUnaryExpression - 1.8" classname="org.eclipse.jdt.core.tests.compiler.parser.FieldAccessCompletionTest" time="0"/>
  <testcase name="testClassInstanceCreationExpression - 1.8" classname="org.eclipse.jdt.core.tests.compiler.parser.FieldAccessCompletionTest" time="0"/>
  <testcase name="testClassInstanceCreationExpressionName - 1.8" classname="org.eclipse.jdt.core.tests.compiler.parser.FieldAccessCompletionTest" time="0.001"/>
  <testcase name="testClassInstanceCreationExpressionPrimary - 1.8" classname="org.eclipse.jdt.core.tests.compiler.parser.FieldAccessCompletionTest" time="0"/>
  <testcase name="testConditionalAndExpression - 1.8" classname="org.eclipse.jdt.core.tests.compiler.parser.FieldAccessCompletionTest" time="0"/>
  <testcase name="testConditionalExpression - 1.8" classname="org.eclipse.jdt.core.tests.compiler.parser.FieldAccessCompletionTest" time="0"/>
  <testcase name="testConditionalExpressionConditionalExpression - 1.8" classname="org.eclipse.jdt.core.tests.compiler.parser.FieldAccessCompletionTest" time="0"/>
  <testcase name="testConditionalOrExpression - 1.8" classname="org.eclipse.jdt.core.tests.compiler.parser.FieldAccessCompletionTest" time="0.001"/>
  <testcase name="testConstructorBody - 1.8" classname="org.eclipse.jdt.core.tests.compiler.parser.FieldAccessCompletionTest" time="0"/>
  <testcase name="testConstructorBody - 1.8" classname="org.eclipse.jdt.core.tests.compiler.parser.ReferenceTypeCompletionTest" time="0"/>
  <testcase name="testDimWithOrWithOutExpr - 1.8" classname="org.eclipse.jdt.core.tests.compiler.parser.FieldAccessCompletionTest" time="0"/>
  <testcase name="testDoExpression - 1.8" classname="org.eclipse.jdt.core.tests.compiler.parser.FieldAccessCompletionTest" time="0"/>
  <testcase name="testDoStatement - 1.8" classname="org.eclipse.jdt.core.tests.compiler.parser.FieldAccessCompletionTest" time="0"/>
  <testcase name="testEqualityExpression - 1.8" classname="org.eclipse.jdt.core.tests.compiler.parser.FieldAccessCompletionTest" time="0"/>
  <testcase name="testEqualityExpressionNot - 1.8" classname="org.eclipse.jdt.core.tests.compiler.parser.FieldAccessCompletionTest" time="0"/>
  <testcase name="testExclusiveOrExpression - 1.8" classname="org.eclipse.jdt.core.tests.compiler.parser.FieldAccessCompletionTest" time="0"/>
  <testcase name="testExplicitConstructorInvocationInConstructorBody - 1.8" classname="org.eclipse.jdt.core.tests.compiler.parser.FieldAccessCompletionTest" time="0"/>
  <testcase name="testForInit - 1.8" classname="org.eclipse.jdt.core.tests.compiler.parser.FieldAccessCompletionTest" time="0"/>
  <testcase name="testForStatement - 1.8" classname="org.eclipse.jdt.core.tests.compiler.parser.FieldAccessCompletionTest" time="0.001"/>
  <testcase name="testForStatement - 1.8" classname="org.eclipse.jdt.core.tests.compiler.parser.ReferenceTypeCompletionTest" time="0"/>
  <testcase name="testForStatementExpression - 1.8" classname="org.eclipse.jdt.core.tests.compiler.parser.FieldAccessCompletionTest" time="0"/>
  <testcase name="testForUpdate - 1.8" classname="org.eclipse.jdt.core.tests.compiler.parser.FieldAccessCompletionTest" time="0"/>
  <testcase name="testIfExpresionThen - 1.8" classname="org.eclipse.jdt.core.tests.compiler.parser.FieldAccessCompletionTest" time="0"/>
  <testcase name="testIfExpresionThenElse - 1.8" classname="org.eclipse.jdt.core.tests.compiler.parser.FieldAccessCompletionTest" time="0"/>
  <testcase name="testIfThenElseStatement - 1.8" classname="org.eclipse.jdt.core.tests.compiler.parser.FieldAccessCompletionTest" time="0"/>
  <testcase name="testIfThenStatement - 1.8" classname="org.eclipse.jdt.core.tests.compiler.parser.FieldAccessCompletionTest" time="0"/>
  <testcase name="testIfThenStatementElse - 1.8" classname="org.eclipse.jdt.core.tests.compiler.parser.FieldAccessCompletionTest" time="0"/>
  <testcase name="testInclusiveOrExpression - 1.8" classname="org.eclipse.jdt.core.tests.compiler.parser.FieldAccessCompletionTest" time="0"/>
  <testcase name="testLabeledStatement - 1.8" classname="org.eclipse.jdt.core.tests.compiler.parser.FieldAccessCompletionTest" time="0"/>
  <testcase name="testMethodBody - 1.8" classname="org.eclipse.jdt.core.tests.compiler.parser.FieldAccessCompletionTest" time="0"/>
  <testcase name="testMethodBody - 1.8" classname="org.eclipse.jdt.core.tests.compiler.parser.ReferenceTypeCompletionTest" time="0"/>
  <testcase name="testMethodInvocation - 1.8" classname="org.eclipse.jdt.core.tests.compiler.parser.FieldAccessCompletionTest" time="0"/>
  <testcase name="testMethodInvocationPrimary - 1.8" classname="org.eclipse.jdt.core.tests.compiler.parser.FieldAccessCompletionTest" time="0"/>
  <testcase name="testMethodInvocationSuper - 1.8" classname="org.eclipse.jdt.core.tests.compiler.parser.FieldAccessCompletionTest" time="0"/>
  <testcase name="testMultiplicativeExpressionMultiplication - 1.8" classname="org.eclipse.jdt.core.tests.compiler.parser.FieldAccessCompletionTest" time="0.001"/>
  <testcase name="testMultiplicativeExpressionRemainder - 1.8" classname="org.eclipse.jdt.core.tests.compiler.parser.FieldAccessCompletionTest" time="0"/>
  <testcase name="testMultiplicativeExpressiondDivision - 1.8" classname="org.eclipse.jdt.core.tests.compiler.parser.FieldAccessCompletionTest" time="0"/>
  <testcase name="testPreIncrementExpressionMinusMinus - 1.8" classname="org.eclipse.jdt.core.tests.compiler.parser.FieldAccessCompletionTest" time="0"/>
  <testcase name="testPreIncrementExpressionPlusPlus - 1.8" classname="org.eclipse.jdt.core.tests.compiler.parser.FieldAccessCompletionTest" time="0"/>
  <testcase name="testPrimaryNoNewArray - 1.8" classname="org.eclipse.jdt.core.tests.compiler.parser.FieldAccessCompletionTest" time="0.001"/>
  <testcase name="testRelationalExpressionGreaterThan - 1.8" classname="org.eclipse.jdt.core.tests.compiler.parser.FieldAccessCompletionTest" time="0"/>
  <testcase name="testRelationalExpressionGreaterThanOrEquals - 1.8" classname="org.eclipse.jdt.core.tests.compiler.parser.FieldAccessCompletionTest" time="0"/>
  <testcase name="testRelationalExpressionLessThan - 1.8" classname="org.eclipse.jdt.core.tests.compiler.parser.FieldAccessCompletionTest" time="0"/>
  <testcase name="testRelationalExpressionLessThanOrEqual - 1.8" classname="org.eclipse.jdt.core.tests.compiler.parser.FieldAccessCompletionTest" time="0.001"/>
  <testcase name="testReturnStatement - 1.8" classname="org.eclipse.jdt.core.tests.compiler.parser.FieldAccessCompletionTest" time="0"/>
  <testcase name="testShiftExpressionLeft - 1.8" classname="org.eclipse.jdt.core.tests.compiler.parser.FieldAccessCompletionTest" time="0"/>
  <testcase name="testShiftExpressionRight - 1.8" classname="org.eclipse.jdt.core.tests.compiler.parser.FieldAccessCompletionTest" time="0"/>
  <testcase name="testShiftExpressionRightUnSigned - 1.8" classname="org.eclipse.jdt.core.tests.compiler.parser.FieldAccessCompletionTest" time="0.001"/>
  <testcase name="testStatementExpressionList - 1.8" classname="org.eclipse.jdt.core.tests.compiler.parser.FieldAccessCompletionTest" time="0"/>
  <testcase name="testSwitchBlockStatement - 1.8" classname="org.eclipse.jdt.core.tests.compiler.parser.FieldAccessCompletionTest" time="0"/>
  <testcase name="testSwitchBlockStatement - 1.8" classname="org.eclipse.jdt.core.tests.compiler.parser.ReferenceTypeCompletionTest" time="0"/>
  <testcase name="testSwitchExpression - 1.8" classname="org.eclipse.jdt.core.tests.compiler.parser.FieldAccessCompletionTest" time="0"/>
  <testcase name="testSwitchLabel - 1.8" classname="org.eclipse.jdt.core.tests.compiler.parser.FieldAccessCompletionTest" time="0"/>
  <testcase name="testSynchronizedStatement - 1.8" classname="org.eclipse.jdt.core.tests.compiler.parser.FieldAccessCompletionTest" time="0.001"/>
  <testcase name="testThrowExpression - 1.8" classname="org.eclipse.jdt.core.tests.compiler.parser.FieldAccessCompletionTest" time="0"/>
  <testcase name="testUnaryExpressionBitwiseComplement - 1.8" classname="org.eclipse.jdt.core.tests.compiler.parser.FieldAccessCompletionTest" time="0"/>
  <testcase name="testUnaryExpressionLogicalComplement - 1.8" classname="org.eclipse.jdt.core.tests.compiler.parser.FieldAccessCompletionTest" time="0"/>
  <testcase name="testUnaryExpressionMinus - 1.8" classname="org.eclipse.jdt.core.tests.compiler.parser.FieldAccessCompletionTest" time="0"/>
  <testcase name="testUnaryExpressionPlus - 1.8" classname="org.eclipse.jdt.core.tests.compiler.parser.FieldAccessCompletionTest" time="0.001"/>
  <testcase name="testVariableDeclarator - 1.8" classname="org.eclipse.jdt.core.tests.compiler.parser.FieldAccessCompletionTest" time="0"/>
  <testcase name="testVariableInitializers - 1.8" classname="org.eclipse.jdt.core.tests.compiler.parser.FieldAccessCompletionTest" time="0"/>
  <testcase name="testWhileExpression - 1.8" classname="org.eclipse.jdt.core.tests.compiler.parser.FieldAccessCompletionTest" time="0"/>
  <testcase name="testWhileStatement - 1.8" classname="org.eclipse.jdt.core.tests.compiler.parser.FieldAccessCompletionTest" time="0"/>
  <testcase name="testAnonymousFirstMethod - 1.8" classname="org.eclipse.jdt.core.tests.compiler.parser.InnerTypeCompletionTest" time="0"/>
  <testcase name="testAnonymousNoStatementBefore - 1.8" classname="org.eclipse.jdt.core.tests.compiler.parser.InnerTypeCompletionTest" time="0"/>
  <testcase name="testAnonymousOneFieldBefore - 1.8" classname="org.eclipse.jdt.core.tests.compiler.parser.InnerTypeCompletionTest" time="0"/>
  <testcase name="testAnonymousOneStatementBefore - 1.8" classname="org.eclipse.jdt.core.tests.compiler.parser.InnerTypeCompletionTest" time="0"/>
  <testcase name="testAnonymousSecondMethod - 1.8" classname="org.eclipse.jdt.core.tests.compiler.parser.InnerTypeCompletionTest" time="0.001"/>
  <testcase name="testLocalTypeFirstMethod - 1.8" classname="org.eclipse.jdt.core.tests.compiler.parser.InnerTypeCompletionTest" time="0"/>
  <testcase name="testLocalTypeNoStatementBefore - 1.8" classname="org.eclipse.jdt.core.tests.compiler.parser.InnerTypeCompletionTest" time="0"/>
  <testcase name="testLocalTypeOneFieldBefore - 1.8" classname="org.eclipse.jdt.core.tests.compiler.parser.InnerTypeCompletionTest" time="0"/>
  <testcase name="testLocalTypeOneStatementBefore - 1.8" classname="org.eclipse.jdt.core.tests.compiler.parser.InnerTypeCompletionTest" time="0"/>
  <testcase name="testLocalTypeSecondMethod - 1.8" classname="org.eclipse.jdt.core.tests.compiler.parser.InnerTypeCompletionTest" time="0"/>
  <testcase name="test020 - 1.8" classname="org.eclipse.jdt.core.tests.compiler.parser.JavadocCompletionParserTest" time="0"/>
  <testcase name="test020 - 1.8" classname="org.eclipse.jdt.core.tests.compiler.parser.ParserTest" time="0"/>
  <testcase name="test021 - 1.8" classname="org.eclipse.jdt.core.tests.compiler.parser.JavadocCompletionParserTest" time="0"/>
  <testcase name="test021 - 1.8" classname="org.eclipse.jdt.core.tests.compiler.parser.ParserTest" time="0.151"/>
  <testcase name="test022 - 1.8" classname="org.eclipse.jdt.core.tests.compiler.parser.JavadocCompletionParserTest" time="0"/>
  <testcase name="test022 - 1.8" classname="org.eclipse.jdt.core.tests.compiler.parser.ParserTest" time="0.001"/>
  <testcase name="test023 - 1.8" classname="org.eclipse.jdt.core.tests.compiler.parser.JavadocCompletionParserTest" time="0"/>
  <testcase name="test023 - 1.8" classname="org.eclipse.jdt.core.tests.compiler.parser.ParserTest" time="0"/>
  <testcase name="test024 - 1.8" classname="org.eclipse.jdt.core.tests.compiler.parser.JavadocCompletionParserTest" time="0.001"/>
  <testcase name="test024 - 1.8" classname="org.eclipse.jdt.core.tests.compiler.parser.ParserTest" time="0.001"/>
  <testcase name="test025 - 1.8" classname="org.eclipse.jdt.core.tests.compiler.parser.JavadocCompletionParserTest" time="0"/>
  <testcase name="test025 - 1.8" classname="org.eclipse.jdt.core.tests.compiler.parser.ParserTest" time="0.001"/>
  <testcase name="test026 - 1.8" classname="org.eclipse.jdt.core.tests.compiler.parser.JavadocCompletionParserTest" time="0"/>
  <testcase name="test026 - 1.8" classname="org.eclipse.jdt.core.tests.compiler.parser.ParserTest" time="0.001"/>
  <testcase name="test027 - 1.8" classname="org.eclipse.jdt.core.tests.compiler.parser.JavadocCompletionParserTest" time="0"/>
  <testcase name="test027 - 1.8" classname="org.eclipse.jdt.core.tests.compiler.parser.ParserTest" time="0.001"/>
  <testcase name="test028 - 1.8" classname="org.eclipse.jdt.core.tests.compiler.parser.JavadocCompletionParserTest" time="0"/>
  <testcase name="test029 - 1.8" classname="org.eclipse.jdt.core.tests.compiler.parser.JavadocCompletionParserTest" time="0"/>
  <testcase name="test030 - 1.8" classname="org.eclipse.jdt.core.tests.compiler.parser.JavadocCompletionParserTest" time="0.001"/>
  <testcase name="test031 - 1.8" classname="org.eclipse.jdt.core.tests.compiler.parser.JavadocCompletionParserTest" time="0"/>
  <testcase name="test032 - 1.8" classname="org.eclipse.jdt.core.tests.compiler.parser.JavadocCompletionParserTest" time="0"/>
  <testcase name="test1FTEO9L - 1.8" classname="org.eclipse.jdt.core.tests.compiler.parser.LabelStatementCompletionTest" time="0.001"/>
  <testcase name="testInCaseWithIdentifier - 1.8" classname="org.eclipse.jdt.core.tests.compiler.parser.LabelStatementCompletionTest" time="0"/>
  <testcase name="testInCaseWithNumberConstant - 1.8" classname="org.eclipse.jdt.core.tests.compiler.parser.LabelStatementCompletionTest" time="0"/>
  <testcase name="testInLabeledInnerClass - 1.8" classname="org.eclipse.jdt.core.tests.compiler.parser.LabelStatementCompletionTest" time="0"/>
  <testcase name="testInLabeledInnerClassWithErrorBefore - 1.8" classname="org.eclipse.jdt.core.tests.compiler.parser.LabelStatementCompletionTest" time="0.001"/>
  <testcase name="testOneLevelDeep - 1.8" classname="org.eclipse.jdt.core.tests.compiler.parser.LabelStatementCompletionTest" time="0"/>
  <testcase name="testSecondLabel - 1.8" classname="org.eclipse.jdt.core.tests.compiler.parser.LabelStatementCompletionTest" time="0"/>
  <testcase name="testTwoLevelDeep - 1.8" classname="org.eclipse.jdt.core.tests.compiler.parser.LabelStatementCompletionTest" time="0"/>
  <testcase name="test1FVVWS8_1 - 1.8" classname="org.eclipse.jdt.core.tests.compiler.parser.MethodInvocationCompletionTest" time="0.001"/>
  <testcase name="test1FVVWS8_2 - 1.8" classname="org.eclipse.jdt.core.tests.compiler.parser.MethodInvocationCompletionTest" time="0"/>
  <testcase name="test1FW2ZTB_1 - 1.8" classname="org.eclipse.jdt.core.tests.compiler.parser.MethodInvocationCompletionTest" time="0"/>
  <testcase name="test1FW2ZTB_2 - 1.8" classname="org.eclipse.jdt.core.tests.compiler.parser.MethodInvocationCompletionTest" time="0"/>
  <testcase name="test1FW35YZ_1 - 1.8" classname="org.eclipse.jdt.core.tests.compiler.parser.MethodInvocationCompletionTest" time="0"/>
  <testcase name="test1FW35YZ_2 - 1.8" classname="org.eclipse.jdt.core.tests.compiler.parser.MethodInvocationCompletionTest" time="0.001"/>
  <testcase name="test1FWYBKF - 1.8" classname="org.eclipse.jdt.core.tests.compiler.parser.MethodInvocationCompletionTest" time="0"/>
  <testcase name="test1GAJBUQ - 1.8" classname="org.eclipse.jdt.core.tests.compiler.parser.MethodInvocationCompletionTest" time="0"/>
  <testcase name="testAfterEmptyAnonymous - 1.8" classname="org.eclipse.jdt.core.tests.compiler.parser.MethodInvocationCompletionTest" time="0"/>
  <testcase name="testAfterFirstParameter - 1.8" classname="org.eclipse.jdt.core.tests.compiler.parser.MethodInvocationCompletionTest" time="0"/>
  <testcase name="testBeforeFirstParameter - 1.8" classname="org.eclipse.jdt.core.tests.compiler.parser.MethodInvocationCompletionTest" time="0.001"/>
  <testcase name="testBeforeLastParameter - 1.8" classname="org.eclipse.jdt.core.tests.compiler.parser.MethodInvocationCompletionTest" time="0"/>
  <testcase name="testBeforeSecondParameter - 1.8" classname="org.eclipse.jdt.core.tests.compiler.parser.MethodInvocationCompletionTest" time="0"/>
  <testcase name="testEmptyInFirstParameter - 1.8" classname="org.eclipse.jdt.core.tests.compiler.parser.MethodInvocationCompletionTest" time="0.001"/>
  <testcase name="testInFirstParameter - 1.8" classname="org.eclipse.jdt.core.tests.compiler.parser.MethodInvocationCompletionTest" time="0"/>
  <testcase name="testLabeledWithExpressionReceiver - 1.8" classname="org.eclipse.jdt.core.tests.compiler.parser.MethodInvocationCompletionTest" time="0"/>
  <testcase name="testLabeledWithoutReceiver - 1.8" classname="org.eclipse.jdt.core.tests.compiler.parser.MethodInvocationCompletionTest" time="0"/>
  <testcase name="testNoReceiver - 1.8" classname="org.eclipse.jdt.core.tests.compiler.parser.MethodInvocationCompletionTest" time="0.001"/>
  <testcase name="testSpaceThenFirstParameter - 1.8" classname="org.eclipse.jdt.core.tests.compiler.parser.MethodInvocationCompletionTest" time="0"/>
  <testcase name="testWithExpressionReceiver - 1.8" classname="org.eclipse.jdt.core.tests.compiler.parser.MethodInvocationCompletionTest" time="0"/>
  <testcase name="testWithNameReceiver - 1.8" classname="org.eclipse.jdt.core.tests.compiler.parser.MethodInvocationCompletionTest" time="0"/>
  <testcase name="testWithNameReceiverAfterConditionalExpression - 1.8" classname="org.eclipse.jdt.core.tests.compiler.parser.MethodInvocationCompletionTest" time="0"/>
  <testcase name="testWithNameReceiverAndTwoArgs - 1.8" classname="org.eclipse.jdt.core.tests.compiler.parser.MethodInvocationCompletionTest" time="0"/>
  <testcase name="testWithQualifiedNameReceiver - 1.8" classname="org.eclipse.jdt.core.tests.compiler.parser.MethodInvocationCompletionTest" time="0"/>
  <testcase name="test1FTZ849 - 1.8" classname="org.eclipse.jdt.core.tests.compiler.parser.NameReferenceCompletionTest" time="0"/>
  <testcase name="test1FUUP73 - 1.8" classname="org.eclipse.jdt.core.tests.compiler.parser.NameReferenceCompletionTest" time="0.001"/>
  <testcase name="test1FVRQQA_1 - 1.8" classname="org.eclipse.jdt.core.tests.compiler.parser.NameReferenceCompletionTest" time="0"/>
  <testcase name="test1FVRQQA_2 - 1.8" classname="org.eclipse.jdt.core.tests.compiler.parser.NameReferenceCompletionTest" time="0"/>
  <testcase name="test1FVT66Q_1 - 1.8" classname="org.eclipse.jdt.core.tests.compiler.parser.NameReferenceCompletionTest" time="0"/>
  <testcase name="test1FVT66Q_2 - 1.8" classname="org.eclipse.jdt.core.tests.compiler.parser.NameReferenceCompletionTest" time="0"/>
  <testcase name="test1G8DE30 - 1.8" classname="org.eclipse.jdt.core.tests.compiler.parser.NameReferenceCompletionTest" time="0"/>
  <testcase name="testEmptyNameReference - 1.8" classname="org.eclipse.jdt.core.tests.compiler.parser.NameReferenceCompletionTest" time="0"/>
  <testcase name="testEmptyNameReferenceAfterCast - 1.8" classname="org.eclipse.jdt.core.tests.compiler.parser.NameReferenceCompletionTest" time="0"/>
  <testcase name="testEmptyNameReferenceAfterPlus - 1.8" classname="org.eclipse.jdt.core.tests.compiler.parser.NameReferenceCompletionTest" time="0"/>
  <testcase name="testEmptyNameReferenceInArrayDim - 1.8" classname="org.eclipse.jdt.core.tests.compiler.parser.NameReferenceCompletionTest" time="0"/>
  <testcase name="testEmptyNameReferenceInInnerClass - 1.8" classname="org.eclipse.jdt.core.tests.compiler.parser.NameReferenceCompletionTest" time="0.001"/>
  <testcase name="testInIfThenStatement - 1.8" classname="org.eclipse.jdt.core.tests.compiler.parser.NameReferenceCompletionTest" time="0"/>
  <testcase name="testInnerClassFieldInitializer - 1.8" classname="org.eclipse.jdt.core.tests.compiler.parser.NameReferenceCompletionTest" time="0"/>
  <testcase name="testInvocationFieldInitializer - 1.8" classname="org.eclipse.jdt.core.tests.compiler.parser.NameReferenceCompletionTest" time="0"/>
  <testcase name="testMethodInvocationAnonymousInnerClass - 1.8" classname="org.eclipse.jdt.core.tests.compiler.parser.NameReferenceCompletionTest" time="0.001"/>
  <testcase name="testQualifiedNameReferenceShrinkAll - 1.8" classname="org.eclipse.jdt.core.tests.compiler.parser.NameReferenceCompletionTest" time="0.001"/>
  <testcase name="testQualifiedNameReferenceShrinkAllButOne - 1.8" classname="org.eclipse.jdt.core.tests.compiler.parser.NameReferenceCompletionTest" time="0"/>
  <testcase name="testQualifiedNameReferenceShrinkAllButOne2 - 1.8" classname="org.eclipse.jdt.core.tests.compiler.parser.NameReferenceCompletionTest" time="0"/>
  <testcase name="testQualifiedNameReferenceShrinkNone - 1.8" classname="org.eclipse.jdt.core.tests.compiler.parser.NameReferenceCompletionTest" time="0"/>
  <testcase name="testQualifiedNameReferenceShrinkNone2 - 1.8" classname="org.eclipse.jdt.core.tests.compiler.parser.NameReferenceCompletionTest" time="0"/>
  <testcase name="testQualifiedNameReferenceShrinkOne - 1.8" classname="org.eclipse.jdt.core.tests.compiler.parser.NameReferenceCompletionTest" time="0.001"/>
  <testcase name="testQualifiedNameReferenceShrinkOne2 - 1.8" classname="org.eclipse.jdt.core.tests.compiler.parser.NameReferenceCompletionTest" time="0"/>
  <testcase name="testUnicode - 1.8" classname="org.eclipse.jdt.core.tests.compiler.parser.NameReferenceCompletionTest" time="0"/>
  <testcase name="test1FTZCIG - 1.8" classname="org.eclipse.jdt.core.tests.compiler.parser.ReferenceTypeCompletionTest" time="0"/>
  <testcase name="testCatchClause1 - 1.8" classname="org.eclipse.jdt.core.tests.compiler.parser.ReferenceTypeCompletionTest" time="0"/>
  <testcase name="testCatchClause2 - 1.8" classname="org.eclipse.jdt.core.tests.compiler.parser.ReferenceTypeCompletionTest" time="0"/>
  <testcase name="testCatchClause3 - 1.8" classname="org.eclipse.jdt.core.tests.compiler.parser.ReferenceTypeCompletionTest" time="0"/>
  <testcase name="testClassBody - 1.8" classname="org.eclipse.jdt.core.tests.compiler.parser.ReferenceTypeCompletionTest" time="0.001"/>
  <testcase name="testClassBodyDeclarations - 1.8" classname="org.eclipse.jdt.core.tests.compiler.parser.ReferenceTypeCompletionTest" time="0"/>
  <testcase name="testClassInstanceCreationExpression1 - 1.8" classname="org.eclipse.jdt.core.tests.compiler.parser.ReferenceTypeCompletionTest" time="0"/>
  <testcase name="testClassInstanceCreationExpression2 - 1.8" classname="org.eclipse.jdt.core.tests.compiler.parser.ReferenceTypeCompletionTest" time="0"/>
  <testcase name="testClassInstanceCreationExpression3 - 1.8" classname="org.eclipse.jdt.core.tests.compiler.parser.ReferenceTypeCompletionTest" time="0"/>
  <testcase name="testClassInstanceCreationExpression4 - 1.8" classname="org.eclipse.jdt.core.tests.compiler.parser.ReferenceTypeCompletionTest" time="0.001"/>
  <testcase name="testClassInstanceCreationExpressionName1 - 1.8" classname="org.eclipse.jdt.core.tests.compiler.parser.ReferenceTypeCompletionTest" time="0"/>
  <testcase name="testClassInstanceCreationExpressionName2 - 1.8" classname="org.eclipse.jdt.core.tests.compiler.parser.ReferenceTypeCompletionTest" time="0"/>
  <testcase name="testClassInstanceCreationExpressionName3 - 1.8" classname="org.eclipse.jdt.core.tests.compiler.parser.ReferenceTypeCompletionTest" time="0"/>
  <testcase name="testClassInstanceCreationExpressionName4 - 1.8" classname="org.eclipse.jdt.core.tests.compiler.parser.ReferenceTypeCompletionTest" time="0"/>
  <testcase name="testClassInstanceCreationExpressionPrimary1 - 1.8" classname="org.eclipse.jdt.core.tests.compiler.parser.ReferenceTypeCompletionTest" time="0.001"/>
  <testcase name="testClassInstanceCreationExpressionPrimary2 - 1.8" classname="org.eclipse.jdt.core.tests.compiler.parser.ReferenceTypeCompletionTest" time="0"/>
  <testcase name="testClassInstanceCreationExpressionPrimary3 - 1.8" classname="org.eclipse.jdt.core.tests.compiler.parser.ReferenceTypeCompletionTest" time="0"/>
  <testcase name="testClassInstanceCreationExpressionPrimary4 - 1.8" classname="org.eclipse.jdt.core.tests.compiler.parser.ReferenceTypeCompletionTest" time="0"/>
  <testcase name="testClassTypeList - 1.8" classname="org.eclipse.jdt.core.tests.compiler.parser.ReferenceTypeCompletionTest" time="0"/>
  <testcase name="testConstructorDeclarator - 1.8" classname="org.eclipse.jdt.core.tests.compiler.parser.ReferenceTypeCompletionTest" time="0"/>
  <testcase name="testDeepReference - 1.8" classname="org.eclipse.jdt.core.tests.compiler.parser.ReferenceTypeCompletionTest" time="0"/>
  <testcase name="testExtendsClass - 1.8" classname="org.eclipse.jdt.core.tests.compiler.parser.ReferenceTypeCompletionTest" time="0"/>
  <testcase name="testExtendsInterface - 1.8" classname="org.eclipse.jdt.core.tests.compiler.parser.ReferenceTypeCompletionTest" time="0"/>
  <testcase name="testFieldDeclarationWithModifiers - 1.8" classname="org.eclipse.jdt.core.tests.compiler.parser.ReferenceTypeCompletionTest" time="0"/>
  <testcase name="testFieldDeclarationWithoutModifiers - 1.8" classname="org.eclipse.jdt.core.tests.compiler.parser.ReferenceTypeCompletionTest" time="0.001"/>
  <testcase name="testFormalParameter - 1.8" classname="org.eclipse.jdt.core.tests.compiler.parser.ReferenceTypeCompletionTest" time="0"/>
  <testcase name="testFormalParameterList - 1.8" classname="org.eclipse.jdt.core.tests.compiler.parser.ReferenceTypeCompletionTest" time="0"/>
  <testcase name="testImplements - 1.8" classname="org.eclipse.jdt.core.tests.compiler.parser.ReferenceTypeCompletionTest" time="0"/>
  <testcase name="testInstanceOf - 1.8" classname="org.eclipse.jdt.core.tests.compiler.parser.ReferenceTypeCompletionTest" time="0"/>
  <testcase name="testInterfaceBody - 1.8" classname="org.eclipse.jdt.core.tests.compiler.parser.ReferenceTypeCompletionTest" time="0"/>
  <testcase name="testInterfaceMemberDeclarations - 1.8" classname="org.eclipse.jdt.core.tests.compiler.parser.ReferenceTypeCompletionTest" time="0"/>
  <testcase name="testInterfaceTypeList - 1.8" classname="org.eclipse.jdt.core.tests.compiler.parser.ReferenceTypeCompletionTest" time="0"/>
  <testcase name="testLocalVariableDeclaration - 1.8" classname="org.eclipse.jdt.core.tests.compiler.parser.ReferenceTypeCompletionTest" time="0"/>
  <testcase name="testMethodDeclarator - 1.8" classname="org.eclipse.jdt.core.tests.compiler.parser.ReferenceTypeCompletionTest" time="0"/>
  <testcase name="testMethodHeaderWithModifiers - 1.8" classname="org.eclipse.jdt.core.tests.compiler.parser.ReferenceTypeCompletionTest" time="0"/>
  <testcase name="testMethodHeaderWithoutModifiers - 1.8" classname="org.eclipse.jdt.core.tests.compiler.parser.ReferenceTypeCompletionTest" time="0.001"/>
  <testcase name="testQualifiedTypeReferenceShrinkAll - 1.8" classname="org.eclipse.jdt.core.tests.compiler.parser.ReferenceTypeCompletionTest" time="0"/>
  <testcase name="testQualifiedTypeReferenceShrinkAllButOne - 1.8" classname="org.eclipse.jdt.core.tests.compiler.parser.ReferenceTypeCompletionTest" time="0"/>
  <testcase name="testQualifiedTypeReferenceShrinkNone - 1.8" classname="org.eclipse.jdt.core.tests.compiler.parser.ReferenceTypeCompletionTest" time="0"/>
  <testcase name="testQualifiedTypeReferenceShrinkOne - 1.8" classname="org.eclipse.jdt.core.tests.compiler.parser.ReferenceTypeCompletionTest" time="0"/>
  <testcase name="testThrows - 1.8" classname="org.eclipse.jdt.core.tests.compiler.parser.ReferenceTypeCompletionTest" time="0"/>
  <testcase name="testNameSuper - 1.8" classname="org.eclipse.jdt.core.tests.compiler.parser.ExplicitConstructorInvocationSelectionTest" time="0"/>
  <testcase name="testNameThis - 1.8" classname="org.eclipse.jdt.core.tests.compiler.parser.ExplicitConstructorInvocationSelectionTest" time="0"/>
  <testcase name="testBug30946 - 1.8" classname="org.eclipse.jdt.core.tests.compiler.parser.SelectionTest2" time="1.007"/>
  <testcase name="test100 - 1.8" classname="org.eclipse.jdt.core.tests.compiler.parser.DietRecoveryTest" time="0.003"/>
  <testcase name="test102 - 1.8" classname="org.eclipse.jdt.core.tests.compiler.parser.DietRecoveryTest" time="0.011"/>
  <testcase name="test103 - 1.8" classname="org.eclipse.jdt.core.tests.compiler.parser.DietRecoveryTest" time="0.003"/>
  <testcase name="test104 - 1.8" classname="org.eclipse.jdt.core.tests.compiler.parser.DietRecoveryTest" time="0.007"/>
  <testcase name="test105 - 1.8" classname="org.eclipse.jdt.core.tests.compiler.parser.DietRecoveryTest" time="0.003"/>
  <testcase name="test106 - 1.8" classname="org.eclipse.jdt.core.tests.compiler.parser.DietRecoveryTest" time="0"/>
  <testcase name="test107 - 1.8" classname="org.eclipse.jdt.core.tests.compiler.parser.DietRecoveryTest" time="0.002"/>
  <testcase name="test108 - 1.8" classname="org.eclipse.jdt.core.tests.compiler.parser.DietRecoveryTest" time="0.002"/>
  <testcase name="test109 - 1.8" classname="org.eclipse.jdt.core.tests.compiler.parser.DietRecoveryTest" time="0.002"/>
  <testcase name="test110 - 1.8" classname="org.eclipse.jdt.core.tests.compiler.parser.DietRecoveryTest" time="0.002"/>
  <testcase name="test111 - 1.8" classname="org.eclipse.jdt.core.tests.compiler.parser.DietRecoveryTest" time="0.001"/>
  <testcase name="test112 - 1.8" classname="org.eclipse.jdt.core.tests.compiler.parser.DietRecoveryTest" time="0.004"/>
  <testcase name="test113 - 1.8" classname="org.eclipse.jdt.core.tests.compiler.parser.DietRecoveryTest" time="0.002"/>
  <testcase name="test114 - 1.8" classname="org.eclipse.jdt.core.tests.compiler.parser.DietRecoveryTest" time="0.001"/>
  <testcase name="test115 - 1.8" classname="org.eclipse.jdt.core.tests.compiler.parser.DietRecoveryTest" time="0.001"/>
  <testcase name="test116 - 1.8" classname="org.eclipse.jdt.core.tests.compiler.parser.DietRecoveryTest" time="0.002"/>
  <testcase name="test117 - 1.8" classname="org.eclipse.jdt.core.tests.compiler.parser.DietRecoveryTest" time="0.001"/>
  <testcase name="test117_2 - 1.8" classname="org.eclipse.jdt.core.tests.compiler.parser.DietRecoveryTest" time="0.002"/>
  <testcase name="test118 - 1.8" classname="org.eclipse.jdt.core.tests.compiler.parser.DietRecoveryTest" time="0.001"/>
  <testcase name="test119 - 1.8" classname="org.eclipse.jdt.core.tests.compiler.parser.DietRecoveryTest" time="0.002"/>
  <testcase name="test120 - 1.8" classname="org.eclipse.jdt.core.tests.compiler.parser.DietRecoveryTest" time="0.001"/>
  <testcase name="test121 - 1.8" classname="org.eclipse.jdt.core.tests.compiler.parser.DietRecoveryTest" time="0.001"/>
  <testcase name="test122 - 1.8" classname="org.eclipse.jdt.core.tests.compiler.parser.DietRecoveryTest" time="0.002"/>
  <testcase name="test123 - 1.8" classname="org.eclipse.jdt.core.tests.compiler.parser.DietRecoveryTest" time="0.002"/>
  <testcase name="test125 - 1.8" classname="org.eclipse.jdt.core.tests.compiler.parser.DietRecoveryTest" time="2.872"/>
  <testcase name="test126 - 1.8" classname="org.eclipse.jdt.core.tests.compiler.parser.DietRecoveryTest" time="0.002"/>
  <testcase name="test127 - 1.8" classname="org.eclipse.jdt.core.tests.compiler.parser.DietRecoveryTest" time="0.001"/>
  <testcase name="test128 - 1.8" classname="org.eclipse.jdt.core.tests.compiler.parser.DietRecoveryTest" time="0.002"/>
  <testcase name="test405778 - 1.8" classname="org.eclipse.jdt.core.tests.compiler.parser.DietRecoveryTest" time="0.001"/>
  <testcase name="test405778a - 1.8" classname="org.eclipse.jdt.core.tests.compiler.parser.DietRecoveryTest" time="0.002"/>
  <testcase name="test456861 - 1.8" classname="org.eclipse.jdt.core.tests.compiler.parser.DietRecoveryTest" time="0.001"/>
  <testcase name="test56 - 1.8" classname="org.eclipse.jdt.core.tests.compiler.parser.DietRecoveryTest" time="0.003"/>
  <testcase name="test56 - 1.8" classname="org.eclipse.jdt.core.tests.compiler.parser.SourceElementParserTest" time="0.001"/>
  <testcase name="test57 - 1.8" classname="org.eclipse.jdt.core.tests.compiler.parser.DietRecoveryTest" time="0.003"/>
  <testcase name="test57 - 1.8" classname="org.eclipse.jdt.core.tests.compiler.parser.SourceElementParserTest" time="0"/>
  <testcase name="test58 - 1.8" classname="org.eclipse.jdt.core.tests.compiler.parser.DietRecoveryTest" time="0.001"/>
  <testcase name="test58 - 1.8" classname="org.eclipse.jdt.core.tests.compiler.parser.SourceElementParserTest" time="0"/>
  <testcase name="test59 - 1.8" classname="org.eclipse.jdt.core.tests.compiler.parser.DietRecoveryTest" time="0.001"/>
  <testcase name="test59 - 1.8" classname="org.eclipse.jdt.core.tests.compiler.parser.SourceElementParserTest" time="0"/>
  <testcase name="test60 - 1.8" classname="org.eclipse.jdt.core.tests.compiler.parser.DietRecoveryTest" time="0.002"/>
  <testcase name="test60 - 1.8" classname="org.eclipse.jdt.core.tests.compiler.parser.SourceElementParserTest" time="0"/>
  <testcase name="test61 - 1.8" classname="org.eclipse.jdt.core.tests.compiler.parser.DietRecoveryTest" time="0.001"/>
  <testcase name="test61 - 1.8" classname="org.eclipse.jdt.core.tests.compiler.parser.SourceElementParserTest" time="0.001"/>
  <testcase name="test62 - 1.8" classname="org.eclipse.jdt.core.tests.compiler.parser.DietRecoveryTest" time="0.003"/>
  <testcase name="test62 - 1.8" classname="org.eclipse.jdt.core.tests.compiler.parser.SourceElementParserTest" time="0"/>
  <testcase name="test63 - 1.8" classname="org.eclipse.jdt.core.tests.compiler.parser.DietRecoveryTest" time="0.001"/>
  <testcase name="test63 - 1.8" classname="org.eclipse.jdt.core.tests.compiler.parser.SourceElementParserTest" time="0.001"/>
  <testcase name="test64 - 1.8" classname="org.eclipse.jdt.core.tests.compiler.parser.DietRecoveryTest" time="0.003"/>
  <testcase name="test64 - 1.8" classname="org.eclipse.jdt.core.tests.compiler.parser.SourceElementParserTest" time="0"/>
  <testcase name="test65 - 1.8" classname="org.eclipse.jdt.core.tests.compiler.parser.DietRecoveryTest" time="0.004"/>
  <testcase name="test65 - 1.8" classname="org.eclipse.jdt.core.tests.compiler.parser.SourceElementParserTest" time="0"/>
  <testcase name="test66 - 1.8" classname="org.eclipse.jdt.core.tests.compiler.parser.DietRecoveryTest" time="0.001"/>
  <testcase name="test66 - 1.8" classname="org.eclipse.jdt.core.tests.compiler.parser.SourceElementParserTest" time="0"/>
  <testcase name="test67 - 1.8" classname="org.eclipse.jdt.core.tests.compiler.parser.DietRecoveryTest" time="0.002"/>
  <testcase name="test67 - 1.8" classname="org.eclipse.jdt.core.tests.compiler.parser.SourceElementParserTest" time="0"/>
  <testcase name="test68 - 1.8" classname="org.eclipse.jdt.core.tests.compiler.parser.DietRecoveryTest" time="0"/>
  <testcase name="test68 - 1.8" classname="org.eclipse.jdt.core.tests.compiler.parser.SourceElementParserTest" time="0"/>
  <testcase name="test69 - 1.8" classname="org.eclipse.jdt.core.tests.compiler.parser.DietRecoveryTest" time="0.002"/>
  <testcase name="test69 - 1.8" classname="org.eclipse.jdt.core.tests.compiler.parser.SourceElementParserTest" time="0"/>
  <testcase name="test70 - 1.8" classname="org.eclipse.jdt.core.tests.compiler.parser.DietRecoveryTest" time="0.002"/>
  <testcase name="test70 - 1.8" classname="org.eclipse.jdt.core.tests.compiler.parser.SourceElementParserTest" time="0.001"/>
  <testcase name="test71 - 1.8" classname="org.eclipse.jdt.core.tests.compiler.parser.DietRecoveryTest" time="0.001"/>
  <testcase name="test71 - 1.8" classname="org.eclipse.jdt.core.tests.compiler.parser.SourceElementParserTest" time="0"/>
  <testcase name="test72 - 1.8" classname="org.eclipse.jdt.core.tests.compiler.parser.DietRecoveryTest" time="0.001"/>
  <testcase name="test72 - 1.8" classname="org.eclipse.jdt.core.tests.compiler.parser.SourceElementParserTest" time="0"/>
  <testcase name="test73 - 1.8" classname="org.eclipse.jdt.core.tests.compiler.parser.DietRecoveryTest" time="0.002"/>
  <testcase name="test73 - 1.8" classname="org.eclipse.jdt.core.tests.compiler.parser.SourceElementParserTest" time="0"/>
  <testcase name="test74 - 1.8" classname="org.eclipse.jdt.core.tests.compiler.parser.DietRecoveryTest" time="0.001"/>
  <testcase name="test74 - 1.8" classname="org.eclipse.jdt.core.tests.compiler.parser.SourceElementParserTest" time="0"/>
  <testcase name="test75 - 1.8" classname="org.eclipse.jdt.core.tests.compiler.parser.DietRecoveryTest" time="0.007"/>
  <testcase name="test75 - 1.8" classname="org.eclipse.jdt.core.tests.compiler.parser.SourceElementParserTest" time="0"/>
  <testcase name="test76 - 1.8" classname="org.eclipse.jdt.core.tests.compiler.parser.DietRecoveryTest" time="0.002"/>
  <testcase name="test76 - 1.8" classname="org.eclipse.jdt.core.tests.compiler.parser.SourceElementParserTest" time="0"/>
  <testcase name="test77 - 1.8" classname="org.eclipse.jdt.core.tests.compiler.parser.DietRecoveryTest" time="0.004"/>
  <testcase name="test78 - 1.8" classname="org.eclipse.jdt.core.tests.compiler.parser.DietRecoveryTest" time="0.002"/>
  <testcase name="test79 - 1.8" classname="org.eclipse.jdt.core.tests.compiler.parser.DietRecoveryTest" time="0.003"/>
  <testcase name="test80 - 1.8" classname="org.eclipse.jdt.core.tests.compiler.parser.DietRecoveryTest" time="0.003"/>
  <testcase name="test81 - 1.8" classname="org.eclipse.jdt.core.tests.compiler.parser.DietRecoveryTest" time="0.002"/>
  <testcase name="test81 - 1.8" classname="org.eclipse.jdt.core.tests.compiler.parser.SourceElementParserTest" time="0"/>
  <testcase name="test82 - 1.8" classname="org.eclipse.jdt.core.tests.compiler.parser.DietRecoveryTest" time="0.002"/>
  <testcase name="test83 - 1.8" classname="org.eclipse.jdt.core.tests.compiler.parser.DietRecoveryTest" time="0.001"/>
  <testcase name="test84 - 1.8" classname="org.eclipse.jdt.core.tests.compiler.parser.DietRecoveryTest" time="0.001"/>
  <testcase name="test85 - 1.8" classname="org.eclipse.jdt.core.tests.compiler.parser.DietRecoveryTest" time="0.002"/>
  <testcase name="test86 - 1.8" classname="org.eclipse.jdt.core.tests.compiler.parser.DietRecoveryTest" time="0.001"/>
  <testcase name="test87 - 1.8" classname="org.eclipse.jdt.core.tests.compiler.parser.DietRecoveryTest" time="0.002"/>
  <testcase name="test88 - 1.8" classname="org.eclipse.jdt.core.tests.compiler.parser.DietRecoveryTest" time="0.002"/>
  <testcase name="test89 - 1.8" classname="org.eclipse.jdt.core.tests.compiler.parser.DietRecoveryTest" time="0.002"/>
  <testcase name="test90 - 1.8" classname="org.eclipse.jdt.core.tests.compiler.parser.DietRecoveryTest" time="0.004"/>
  <testcase name="test91 - 1.8" classname="org.eclipse.jdt.core.tests.compiler.parser.DietRecoveryTest" time="0"/>
  <testcase name="test92 - 1.8" classname="org.eclipse.jdt.core.tests.compiler.parser.DietRecoveryTest" time="0.001"/>
  <testcase name="test93 - 1.8" classname="org.eclipse.jdt.core.tests.compiler.parser.DietRecoveryTest" time="0.001"/>
  <testcase name="test94 - 1.8" classname="org.eclipse.jdt.core.tests.compiler.parser.DietRecoveryTest" time="0.004"/>
  <testcase name="test95 - 1.8" classname="org.eclipse.jdt.core.tests.compiler.parser.DietRecoveryTest" time="0"/>
  <testcase name="test96 - 1.8" classname="org.eclipse.jdt.core.tests.compiler.parser.DietRecoveryTest" time="0.001"/>
  <testcase name="test97 - 1.8" classname="org.eclipse.jdt.core.tests.compiler.parser.DietRecoveryTest" time="0.001"/>
  <testcase name="test98 - 1.8" classname="org.eclipse.jdt.core.tests.compiler.parser.DietRecoveryTest" time="0.002"/>
  <testcase name="test99 - 1.8" classname="org.eclipse.jdt.core.tests.compiler.parser.DietRecoveryTest" time="0.019"/>
  <testcase name="test0021 - 1.8" classname="org.eclipse.jdt.core.tests.compiler.parser.StatementRecoveryTest" time="0.001"/>
  <testcase name="test0021 - 1.8" classname="org.eclipse.jdt.core.tests.compiler.parser.ComplianceDiagnoseTest" time="0.001"/>
  <testcase name="test0021 - 1.8" classname="org.eclipse.jdt.core.tests.compiler.parser.GenericsCompletionParserTest" time="0"/>
  <testcase name="test0021 - 1.8" classname="org.eclipse.jdt.core.tests.compiler.parser.AnnotationCompletionParserTest" time="0"/>
  <testcase name="test0021 - 1.8" classname="org.eclipse.jdt.core.tests.compiler.parser.GenericsSelectionTest" time="0"/>
  <testcase name="test0021 - 1.8" classname="org.eclipse.jdt.core.tests.compiler.parser.GenericDietRecoveryTest" time="0.002"/>
  <testcase name="test0021 - 1.8" classname="org.eclipse.jdt.core.tests.compiler.parser.AnnotationDietRecoveryTest" time="0.003"/>
  <testcase name="test0021 - 1.8" classname="org.eclipse.jdt.core.tests.compiler.parser.TypeAnnotationSyntaxTest" time="0.001"/>
  <testcase name="test0023 - 1.8" classname="org.eclipse.jdt.core.tests.compiler.parser.StatementRecoveryTest" time="0.001"/>
  <testcase name="test0023 - 1.8" classname="org.eclipse.jdt.core.tests.compiler.parser.ComplianceDiagnoseTest" time="0"/>
  <testcase name="test0023 - 1.8" classname="org.eclipse.jdt.core.tests.compiler.parser.GenericsCompletionParserTest" time="0"/>
  <testcase name="test0023 - 1.8" classname="org.eclipse.jdt.core.tests.compiler.parser.AnnotationCompletionParserTest" time="0"/>
  <testcase name="test0023 - 1.8" classname="org.eclipse.jdt.core.tests.compiler.parser.GenericsSelectionTest" time="0"/>
  <testcase name="test0023 - 1.8" classname="org.eclipse.jdt.core.tests.compiler.parser.GenericDietRecoveryTest" time="0.002"/>
  <testcase name="test0023 - 1.8" classname="org.eclipse.jdt.core.tests.compiler.parser.AnnotationDietRecoveryTest" time="0.003"/>
  <testcase name="test0023 - 1.8" classname="org.eclipse.jdt.core.tests.compiler.parser.TypeAnnotationSyntaxTest" time="0.001"/>
  <testcase name="test0024 - 1.8" classname="org.eclipse.jdt.core.tests.compiler.parser.StatementRecoveryTest" time="0.001"/>
  <testcase name="test0024 - 1.8" classname="org.eclipse.jdt.core.tests.compiler.parser.GenericsCompletionParserTest" time="0"/>
  <testcase name="test0024 - 1.8" classname="org.eclipse.jdt.core.tests.compiler.parser.GenericsSelectionTest" time="0.001"/>
  <testcase name="test0024 - 1.8" classname="org.eclipse.jdt.core.tests.compiler.parser.GenericDietRecoveryTest" time="0.001"/>
  <testcase name="test0024 - 1.8" classname="org.eclipse.jdt.core.tests.compiler.parser.AnnotationDietRecoveryTest" time="0.003"/>
  <testcase name="test0024 - 1.8" classname="org.eclipse.jdt.core.tests.compiler.parser.TypeAnnotationSyntaxTest" time="0.001"/>
  <testcase name="test0026 - 1.8" classname="org.eclipse.jdt.core.tests.compiler.parser.StatementRecoveryTest" time="0"/>
  <testcase name="test0026 - 1.8" classname="org.eclipse.jdt.core.tests.compiler.parser.ComplianceDiagnoseTest" time="0.001"/>
  <testcase name="test0026 - 1.8" classname="org.eclipse.jdt.core.tests.compiler.parser.GenericsCompletionParserTest" time="0"/>
  <testcase name="test0026 - 1.8" classname="org.eclipse.jdt.core.tests.compiler.parser.AnnotationCompletionParserTest" time="0"/>
  <testcase name="test0026 - 1.8" classname="org.eclipse.jdt.core.tests.compiler.parser.GenericDietRecoveryTest" time="0.001"/>
  <testcase name="test0026 - 1.8" classname="org.eclipse.jdt.core.tests.compiler.parser.AnnotationDietRecoveryTest" time="0.001"/>
  <testcase name="test0026 - 1.8" classname="org.eclipse.jdt.core.tests.compiler.parser.TypeAnnotationSyntaxTest" time="0"/>
  <testcase name="test0027 - 1.8" classname="org.eclipse.jdt.core.tests.compiler.parser.StatementRecoveryTest" time="0.001"/>
  <testcase name="test0027 - 1.8" classname="org.eclipse.jdt.core.tests.compiler.parser.ComplianceDiagnoseTest" time="0"/>
  <testcase name="test0027 - 1.8" classname="org.eclipse.jdt.core.tests.compiler.parser.GenericsCompletionParserTest" time="0"/>
  <testcase name="test0027 - 1.8" classname="org.eclipse.jdt.core.tests.compiler.parser.AnnotationCompletionParserTest" time="0"/>
  <testcase name="test0027 - 1.8" classname="org.eclipse.jdt.core.tests.compiler.parser.AnnotationDietRecoveryTest" time="0.001"/>
  <testcase name="test0027 - 1.8" classname="org.eclipse.jdt.core.tests.compiler.parser.TypeAnnotationSyntaxTest" time="0"/>
  <testcase name="test0038 - 1.8" classname="org.eclipse.jdt.core.tests.compiler.parser.StatementRecoveryTest" time="0.001"/>
  <testcase name="test0038 - 1.8" classname="org.eclipse.jdt.core.tests.compiler.parser.ComplianceDiagnoseTest" time="0.001"/>
  <testcase name="test0038 - 1.8" classname="org.eclipse.jdt.core.tests.compiler.parser.AnnotationCompletionParserTest" time="0"/>
  <testcase name="test0038 - 1.8" classname="org.eclipse.jdt.core.tests.compiler.parser.AnnotationDietRecoveryTest" time="0.003"/>
  <testcase name="test0038 - 1.8" classname="org.eclipse.jdt.core.tests.compiler.parser.TypeAnnotationSyntaxTest" time="0"/>
  <testcase name="test0039 - 1.8" classname="org.eclipse.jdt.core.tests.compiler.parser.StatementRecoveryTest" time="0.001"/>
  <testcase name="test0039 - 1.8" classname="org.eclipse.jdt.core.tests.compiler.parser.ComplianceDiagnoseTest" time="0.001"/>
  <testcase name="test0039 - 1.8" classname="org.eclipse.jdt.core.tests.compiler.parser.AnnotationCompletionParserTest" time="0.001"/>
  <testcase name="test0039 - 1.8" classname="org.eclipse.jdt.core.tests.compiler.parser.AnnotationDietRecoveryTest" time="0.001"/>
  <testcase name="test0039 - 1.8" classname="org.eclipse.jdt.core.tests.compiler.parser.TypeAnnotationSyntaxTest" time="0"/>
  <testcase name="test0041 - 1.8" classname="org.eclipse.jdt.core.tests.compiler.parser.StatementRecoveryTest" time="0.003"/>
  <testcase name="test0041 - 1.8" classname="org.eclipse.jdt.core.tests.compiler.parser.ComplianceDiagnoseTest" time="0.001"/>
  <testcase name="test0041 - 1.8" classname="org.eclipse.jdt.core.tests.compiler.parser.AnnotationDietRecoveryTest" time="0.001"/>
  <testcase name="test0041 - 1.8" classname="org.eclipse.jdt.core.tests.compiler.parser.TypeAnnotationSyntaxTest" time="0.001"/>
  <testcase name="test0042 - 1.8" classname="org.eclipse.jdt.core.tests.compiler.parser.StatementRecoveryTest" time="0.001"/>
  <testcase name="test0042 - 1.8" classname="org.eclipse.jdt.core.tests.compiler.parser.ComplianceDiagnoseTest" time="0.004"/>
  <testcase name="test0042 - 1.8" classname="org.eclipse.jdt.core.tests.compiler.parser.AnnotationCompletionParserTest" time="0.001"/>
  <testcase name="test0042 - 1.8" classname="org.eclipse.jdt.core.tests.compiler.parser.TypeAnnotationSyntaxTest" time="0.001"/>
  <testcase name="test0044 - 1.8" classname="org.eclipse.jdt.core.tests.compiler.parser.StatementRecoveryTest" time="0.001"/>
  <testcase name="test0044 - 1.8" classname="org.eclipse.jdt.core.tests.compiler.parser.ComplianceDiagnoseTest" time="0.002"/>
  <testcase name="test0044 - 1.8" classname="org.eclipse.jdt.core.tests.compiler.parser.AnnotationCompletionParserTest" time="0"/>
  <testcase name="test0044 - 1.8" classname="org.eclipse.jdt.core.tests.compiler.parser.TypeAnnotationSyntaxTest" time="0.001"/>
  <testcase name="test0045 - 1.8" classname="org.eclipse.jdt.core.tests.compiler.parser.StatementRecoveryTest" time="0.002"/>
  <testcase name="test0045 - 1.8" classname="org.eclipse.jdt.core.tests.compiler.parser.ComplianceDiagnoseTest" time="0.001"/>
  <testcase name="test0045 - 1.8" classname="org.eclipse.jdt.core.tests.compiler.parser.AnnotationCompletionParserTest" time="0"/>
  <testcase name="test0045 - 1.8" classname="org.eclipse.jdt.core.tests.compiler.parser.TypeAnnotationSyntaxTest" time="0"/>
  <testcase name="testBug430336 - 1.8" classname="org.eclipse.jdt.core.tests.compiler.parser.StatementRecoveryTest" time="0.002"/>
  <testcase name="testBug99662 - 1.8" classname="org.eclipse.jdt.core.tests.compiler.parser.SourceElementParserTest" time="0"/>
  <testcase name="test018 - 1.8" classname="org.eclipse.jdt.core.tests.compiler.parser.ParserTest" time="0"/>
  <testcase name="test019 - 1.8" classname="org.eclipse.jdt.core.tests.compiler.parser.ParserTest" time="0"/>
  <testcase name="testBug485477 - 1.8" classname="org.eclipse.jdt.core.tests.compiler.parser.ParserTest" time="0.001"/>
  <testcase name="test0056 - 1.8" classname="org.eclipse.jdt.core.tests.compiler.parser.ComplianceDiagnoseTest" time="0.002"/>
  <testcase name="test0056 - 1.8" classname="org.eclipse.jdt.core.tests.compiler.parser.AnnotationCompletionParserTest" time="0"/>
  <testcase name="test0056 - 1.8" classname="org.eclipse.jdt.core.tests.compiler.parser.TypeAnnotationSyntaxTest" time="0.001"/>
  <testcase name="test0057 - 1.8" classname="org.eclipse.jdt.core.tests.compiler.parser.ComplianceDiagnoseTest" time="0"/>
  <testcase name="test0057 - 1.8" classname="org.eclipse.jdt.core.tests.compiler.parser.AnnotationCompletionParserTest" time="0"/>
  <testcase name="test0057 - 1.8" classname="org.eclipse.jdt.core.tests.compiler.parser.TypeAnnotationSyntaxTest" time="0.001"/>
  <testcase name="test0059 - 1.8" classname="org.eclipse.jdt.core.tests.compiler.parser.ComplianceDiagnoseTest" time="0"/>
  <testcase name="test0059 - 1.8" classname="org.eclipse.jdt.core.tests.compiler.parser.GenericsCompletionParserTest" time="0"/>
  <testcase name="test0059 - 1.8" classname="org.eclipse.jdt.core.tests.compiler.parser.TypeAnnotationSyntaxTest" time="0.001"/>
  <testcase name="test401850 - 1.8" classname="org.eclipse.jdt.core.tests.compiler.parser.ComplianceDiagnoseTest" time="0.005"/>
  <testcase name="test406846 - 1.8" classname="org.eclipse.jdt.core.tests.compiler.parser.ComplianceDiagnoseTest" time="0"/>
  <testcase name="test421477 - 1.8" classname="org.eclipse.jdt.core.tests.compiler.parser.ComplianceDiagnoseTest" time="0.001"/>
  <testcase name="test428605 - 1.8" classname="org.eclipse.jdt.core.tests.compiler.parser.ComplianceDiagnoseTest" time="0.003"/>
  <testcase name="test429110 - 1.8" classname="org.eclipse.jdt.core.tests.compiler.parser.ComplianceDiagnoseTest" time="0"/>
  <testcase name="testBug391201 - 1.8" classname="org.eclipse.jdt.core.tests.compiler.parser.ComplianceDiagnoseTest" time="0"/>
  <testcase name="testBug399773 - 1.8" classname="org.eclipse.jdt.core.tests.compiler.parser.ComplianceDiagnoseTest" time="0"/>
  <testcase name="testBug399778 - 1.8" classname="org.eclipse.jdt.core.tests.compiler.parser.ComplianceDiagnoseTest" time="0.005"/>
  <testcase name="testBug399778a - 1.8" classname="org.eclipse.jdt.core.tests.compiler.parser.ComplianceDiagnoseTest" time="0.005"/>
  <testcase name="testBug399780 - 1.8" classname="org.eclipse.jdt.core.tests.compiler.parser.ComplianceDiagnoseTest" time="0"/>
  <testcase name="testBug399781 - 1.8" classname="org.eclipse.jdt.core.tests.compiler.parser.ComplianceDiagnoseTest" time="0.004"/>
  <testcase name="testBug440285 - 1.8" classname="org.eclipse.jdt.core.tests.compiler.parser.ComplianceDiagnoseTest" time="0.002"/>
  <testcase name="testBug531714_001 - 1.8" classname="org.eclipse.jdt.core.tests.compiler.parser.ComplianceDiagnoseTest" time="0"/>
  <testcase name="testBug531714_002 - 1.8" classname="org.eclipse.jdt.core.tests.compiler.parser.ComplianceDiagnoseTest" time="0.001"/>
  <testcase name="test0049_Diet - 1.8" classname="org.eclipse.jdt.core.tests.compiler.parser.GenericsCompletionParserTest" time="0.001"/>
  <testcase name="test0049_Method - 1.8" classname="org.eclipse.jdt.core.tests.compiler.parser.GenericsCompletionParserTest" time="0"/>
  <testcase name="test0052_Diet - 1.8" classname="org.eclipse.jdt.core.tests.compiler.parser.GenericsCompletionParserTest" time="0"/>
  <testcase name="test0052_Diet - 1.8" classname="org.eclipse.jdt.core.tests.compiler.parser.AnnotationCompletionParserTest" time="0"/>
  <testcase name="test0052_Method - 1.8" classname="org.eclipse.jdt.core.tests.compiler.parser.GenericsCompletionParserTest" time="0.001"/>
  <testcase name="test0052_Method - 1.8" classname="org.eclipse.jdt.core.tests.compiler.parser.AnnotationCompletionParserTest" time="0"/>
  <testcase name="test0080 - 1.8" classname="org.eclipse.jdt.core.tests.compiler.parser.GenericsCompletionParserTest" time="0"/>
  <testcase name="test0080 - 1.8" classname="org.eclipse.jdt.core.tests.compiler.parser.AnnotationCompletionParserTest" time="0"/>
  <testcase name="test0080 - 1.8" classname="org.eclipse.jdt.core.tests.compiler.parser.TypeAnnotationSyntaxTest" time="0"/>
  <testcase name="test0081 - 1.8" classname="org.eclipse.jdt.core.tests.compiler.parser.GenericsCompletionParserTest" time="0"/>
  <testcase name="test0081 - 1.8" classname="org.eclipse.jdt.core.tests.compiler.parser.AnnotationCompletionParserTest" time="0.001"/>
  <testcase name="test0081 - 1.8" classname="org.eclipse.jdt.core.tests.compiler.parser.TypeAnnotationSyntaxTest" time="0"/>
  <testcase name="test0082 - 1.8" classname="org.eclipse.jdt.core.tests.compiler.parser.GenericsCompletionParserTest" time="0"/>
  <testcase name="test0082 - 1.8" classname="org.eclipse.jdt.core.tests.compiler.parser.AnnotationCompletionParserTest" time="0"/>
  <testcase name="test0082 - 1.8" classname="org.eclipse.jdt.core.tests.compiler.parser.TypeAnnotationSyntaxTest" time="0.001"/>
  <testcase name="test0090 - 1.8" classname="org.eclipse.jdt.core.tests.compiler.parser.GenericsCompletionParserTest" time="0"/>
  <testcase name="test0090 - 1.8" classname="org.eclipse.jdt.core.tests.compiler.parser.AnnotationCompletionParserTest" time="0"/>
  <testcase name="test0090 - 1.8" classname="org.eclipse.jdt.core.tests.compiler.parser.TypeAnnotationSyntaxTest" time="0.001"/>
  <testcase name="test0092 - 1.8" classname="org.eclipse.jdt.core.tests.compiler.parser.GenericsCompletionParserTest" time="0.001"/>
  <testcase name="test0092 - 1.8" classname="org.eclipse.jdt.core.tests.compiler.parser.AnnotationCompletionParserTest" time="0"/>
  <testcase name="test0092 - 1.8" classname="org.eclipse.jdt.core.tests.compiler.parser.TypeAnnotationSyntaxTest" time="0.001"/>
  <testcase name="test0093 - 1.8" classname="org.eclipse.jdt.core.tests.compiler.parser.GenericsCompletionParserTest" time="0"/>
  <testcase name="test0093 - 1.8" classname="org.eclipse.jdt.core.tests.compiler.parser.AnnotationCompletionParserTest" time="0"/>
  <testcase name="test0093 - 1.8" classname="org.eclipse.jdt.core.tests.compiler.parser.TypeAnnotationSyntaxTest" time="0.001"/>
  <testcase name="test0095 - 1.8" classname="org.eclipse.jdt.core.tests.compiler.parser.GenericsCompletionParserTest" time="0"/>
  <testcase name="test0095 - 1.8" classname="org.eclipse.jdt.core.tests.compiler.parser.AnnotationCompletionParserTest" time="0"/>
  <testcase name="test0095 - 1.8" classname="org.eclipse.jdt.core.tests.compiler.parser.TypeAnnotationSyntaxTest" time="0.002"/>
  <testcase name="test0096 - 1.8" classname="org.eclipse.jdt.core.tests.compiler.parser.GenericsCompletionParserTest" time="0"/>
  <testcase name="test0096 - 1.8" classname="org.eclipse.jdt.core.tests.compiler.parser.AnnotationCompletionParserTest" time="0"/>
  <testcase name="test0096 - 1.8" classname="org.eclipse.jdt.core.tests.compiler.parser.TypeAnnotationSyntaxTest" time="0.001"/>
  <testcase name="test0097 - 1.8" classname="org.eclipse.jdt.core.tests.compiler.parser.GenericsCompletionParserTest" time="0"/>
  <testcase name="test0097 - 1.8" classname="org.eclipse.jdt.core.tests.compiler.parser.AnnotationCompletionParserTest" time="0"/>
  <testcase name="test0097 - 1.8" classname="org.eclipse.jdt.core.tests.compiler.parser.TypeAnnotationSyntaxTest" time="0.001"/>
  <testcase name="test0098 - 1.8" classname="org.eclipse.jdt.core.tests.compiler.parser.GenericsCompletionParserTest" time="0"/>
  <testcase name="test0098 - 1.8" classname="org.eclipse.jdt.core.tests.compiler.parser.AnnotationCompletionParserTest" time="0"/>
  <testcase name="test0098 - 1.8" classname="org.eclipse.jdt.core.tests.compiler.parser.TypeAnnotationSyntaxTest" time="0.001"/>
  <testcase name="test0127_Diet - 1.8" classname="org.eclipse.jdt.core.tests.compiler.parser.GenericsCompletionParserTest" time="0.001"/>
  <testcase name="test0127_Method - 1.8" classname="org.eclipse.jdt.core.tests.compiler.parser.GenericsCompletionParserTest" time="0"/>
  <testcase name="test0134_Diet - 1.8" classname="org.eclipse.jdt.core.tests.compiler.parser.GenericsCompletionParserTest" time="0"/>
  <testcase name="test0134_Method - 1.8" classname="org.eclipse.jdt.core.tests.compiler.parser.GenericsCompletionParserTest" time="0"/>
  <testcase name="test0136_Diet - 1.8" classname="org.eclipse.jdt.core.tests.compiler.parser.GenericsCompletionParserTest" time="0"/>
  <testcase name="test0136_Method - 1.8" classname="org.eclipse.jdt.core.tests.compiler.parser.GenericsCompletionParserTest" time="0"/>
  <testcase name="test0139_Diet - 1.8" classname="org.eclipse.jdt.core.tests.compiler.parser.GenericsCompletionParserTest" time="0"/>
  <testcase name="test0139_Method - 1.8" classname="org.eclipse.jdt.core.tests.compiler.parser.GenericsCompletionParserTest" time="0"/>
  <testcase name="test0140_Diet - 1.8" classname="org.eclipse.jdt.core.tests.compiler.parser.GenericsCompletionParserTest" time="0"/>
  <testcase name="test0140_Method - 1.8" classname="org.eclipse.jdt.core.tests.compiler.parser.GenericsCompletionParserTest" time="0.001"/>
  <testcase name="test0141_Diet - 1.8" classname="org.eclipse.jdt.core.tests.compiler.parser.GenericsCompletionParserTest" time="0"/>
  <testcase name="test0141_Method - 1.8" classname="org.eclipse.jdt.core.tests.compiler.parser.GenericsCompletionParserTest" time="0"/>
  <testcase name="test0159_Diet - 1.8" classname="org.eclipse.jdt.core.tests.compiler.parser.GenericsCompletionParserTest" time="0"/>
  <testcase name="test0159_Method - 1.8" classname="org.eclipse.jdt.core.tests.compiler.parser.GenericsCompletionParserTest" time="0"/>
  <testcase name="test0160_Diet - 1.8" classname="org.eclipse.jdt.core.tests.compiler.parser.GenericsCompletionParserTest" time="0"/>
  <testcase name="test0160_Method - 1.8" classname="org.eclipse.jdt.core.tests.compiler.parser.GenericsCompletionParserTest" time="0"/>
  <testcase name="test0172_Diet - 1.8" classname="org.eclipse.jdt.core.tests.compiler.parser.GenericsCompletionParserTest" time="0"/>
  <testcase name="test0172_Method - 1.8" classname="org.eclipse.jdt.core.tests.compiler.parser.GenericsCompletionParserTest" time="0"/>
  <testcase name="test0174_Method - 1.8" classname="org.eclipse.jdt.core.tests.compiler.parser.GenericsCompletionParserTest" time="0.001"/>
  <testcase name="test0175_Method - 1.8" classname="org.eclipse.jdt.core.tests.compiler.parser.GenericsCompletionParserTest" time="0"/>
  <testcase name="test0176_Method - 1.8" classname="org.eclipse.jdt.core.tests.compiler.parser.GenericsCompletionParserTest" time="0"/>
  <testcase name="test0181 - 1.8" classname="org.eclipse.jdt.core.tests.compiler.parser.GenericsCompletionParserTest" time="0"/>
  <testcase name="test0182 - 1.8" classname="org.eclipse.jdt.core.tests.compiler.parser.GenericsCompletionParserTest" time="0"/>
  <testcase name="test0183 - 1.8" classname="org.eclipse.jdt.core.tests.compiler.parser.GenericsCompletionParserTest" time="0"/>
  <testcase name="test0185 - 1.8" classname="org.eclipse.jdt.core.tests.compiler.parser.GenericsCompletionParserTest" time="0.001"/>
  <testcase name="test0186 - 1.8" classname="org.eclipse.jdt.core.tests.compiler.parser.GenericsCompletionParserTest" time="0"/>
  <testcase name="test0194_Diet - 1.8" classname="org.eclipse.jdt.core.tests.compiler.parser.GenericsCompletionParserTest" time="0.001"/>
  <testcase name="test0194_Method - 1.8" classname="org.eclipse.jdt.core.tests.compiler.parser.GenericsCompletionParserTest" time="0"/>
  <testcase name="test0195_Diet - 1.8" classname="org.eclipse.jdt.core.tests.compiler.parser.GenericsCompletionParserTest" time="0"/>
  <testcase name="test0195_Method - 1.8" classname="org.eclipse.jdt.core.tests.compiler.parser.GenericsCompletionParserTest" time="0"/>
  <testcase name="test0202_Diet - 1.8" classname="org.eclipse.jdt.core.tests.compiler.parser.GenericsCompletionParserTest" time="0"/>
  <testcase name="test0202_Method - 1.8" classname="org.eclipse.jdt.core.tests.compiler.parser.GenericsCompletionParserTest" time="0"/>
  <testcase name="test0203_Diet - 1.8" classname="org.eclipse.jdt.core.tests.compiler.parser.GenericsCompletionParserTest" time="0"/>
  <testcase name="test0203_Method - 1.8" classname="org.eclipse.jdt.core.tests.compiler.parser.GenericsCompletionParserTest" time="0"/>
  <testcase name="test0204_Diet - 1.8" classname="org.eclipse.jdt.core.tests.compiler.parser.GenericsCompletionParserTest" time="0"/>
  <testcase name="test0204_Method - 1.8" classname="org.eclipse.jdt.core.tests.compiler.parser.GenericsCompletionParserTest" time="0.001"/>
  <testcase name="test0206_Diet - 1.8" classname="org.eclipse.jdt.core.tests.compiler.parser.GenericsCompletionParserTest" time="0"/>
  <testcase name="test0206_Method - 1.8" classname="org.eclipse.jdt.core.tests.compiler.parser.GenericsCompletionParserTest" time="0"/>
  <testcase name="test0207_Diet - 1.8" classname="org.eclipse.jdt.core.tests.compiler.parser.GenericsCompletionParserTest" time="0"/>
  <testcase name="test0207_Method - 1.8" classname="org.eclipse.jdt.core.tests.compiler.parser.GenericsCompletionParserTest" time="0"/>
  <testcase name="test0208_Diet - 1.8" classname="org.eclipse.jdt.core.tests.compiler.parser.GenericsCompletionParserTest" time="0"/>
  <testcase name="test0208_Method - 1.8" classname="org.eclipse.jdt.core.tests.compiler.parser.GenericsCompletionParserTest" time="0"/>
  <testcase name="test0209_Diet - 1.8" classname="org.eclipse.jdt.core.tests.compiler.parser.GenericsCompletionParserTest" time="0.001"/>
  <testcase name="test0209_Method - 1.8" classname="org.eclipse.jdt.core.tests.compiler.parser.GenericsCompletionParserTest" time="0"/>
  <testcase name="test0210_Diet - 1.8" classname="org.eclipse.jdt.core.tests.compiler.parser.GenericsCompletionParserTest" time="0"/>
  <testcase name="test0210_Method - 1.8" classname="org.eclipse.jdt.core.tests.compiler.parser.GenericsCompletionParserTest" time="0"/>
  <testcase name="test0213_Diet - 1.8" classname="org.eclipse.jdt.core.tests.compiler.parser.GenericsCompletionParserTest" time="0"/>
  <testcase name="test0213_Method - 1.8" classname="org.eclipse.jdt.core.tests.compiler.parser.GenericsCompletionParserTest" time="0"/>
  <testcase name="test0215_Diet - 1.8" classname="org.eclipse.jdt.core.tests.compiler.parser.GenericsCompletionParserTest" time="0"/>
  <testcase name="test0215_Method - 1.8" classname="org.eclipse.jdt.core.tests.compiler.parser.GenericsCompletionParserTest" time="0"/>
  <testcase name="testBug351426 - 1.8" classname="org.eclipse.jdt.core.tests.compiler.parser.GenericsCompletionParserTest" time="0"/>
  <testcase name="testBug351426b - 1.8" classname="org.eclipse.jdt.core.tests.compiler.parser.GenericsCompletionParserTest" time="0"/>
  <testcase name="testBug351426c - 1.8" classname="org.eclipse.jdt.core.tests.compiler.parser.GenericsCompletionParserTest" time="0"/>
  <testcase name="test0013_Diet - 1.8" classname="org.eclipse.jdt.core.tests.compiler.parser.AnnotationCompletionParserTest" time="0"/>
  <testcase name="test0013_Method - 1.8" classname="org.eclipse.jdt.core.tests.compiler.parser.AnnotationCompletionParserTest" time="0"/>
  <testcase name="test0064_Diet - 1.8" classname="org.eclipse.jdt.core.tests.compiler.parser.AnnotationCompletionParserTest" time="0"/>
  <testcase name="test0064_Method - 1.8" classname="org.eclipse.jdt.core.tests.compiler.parser.AnnotationCompletionParserTest" time="0"/>
  <testcase name="test0099 - 1.8" classname="org.eclipse.jdt.core.tests.compiler.parser.AnnotationCompletionParserTest" time="0"/>
  <testcase name="test0099 - 1.8" classname="org.eclipse.jdt.core.tests.compiler.parser.TypeAnnotationSyntaxTest" time="0.001"/>
  <testcase name="test0100 - 1.8" classname="org.eclipse.jdt.core.tests.compiler.parser.AnnotationCompletionParserTest" time="0.001"/>
  <testcase name="test0100 - 1.8" classname="org.eclipse.jdt.core.tests.compiler.parser.TypeAnnotationSyntaxTest" time="0.001"/>
  <testcase name="test00010 - 1.8" classname="org.eclipse.jdt.core.tests.compiler.parser.LambdaExpressionSyntaxTest" time="0"/>
  <testcase name="test385132 - 1.8" classname="org.eclipse.jdt.core.tests.compiler.parser.LambdaExpressionSyntaxTest" time="0"/>
  <testcase name="test385132 - 1.8" classname="org.eclipse.jdt.core.tests.compiler.parser.ReferenceExpressionSyntaxTest" time="0"/>
  <testcase name="testNestedLambda01 - 1.8" classname="org.eclipse.jdt.core.tests.compiler.parser.LambdaExpressionSyntaxTest" time="0"/>
  <testcase name="test385374 - 1.8" classname="org.eclipse.jdt.core.tests.compiler.parser.ReferenceExpressionSyntaxTest" time="0"/>
  <testcase name="test385374a - 1.8" classname="org.eclipse.jdt.core.tests.compiler.parser.ReferenceExpressionSyntaxTest" time="0"/>
  <testcase name="test0107 - 1.8" classname="org.eclipse.jdt.core.tests.compiler.parser.TypeAnnotationSyntaxTest" time="0.001"/>
  <testcase name="test0108 - 1.8" classname="org.eclipse.jdt.core.tests.compiler.parser.TypeAnnotationSyntaxTest" time="0.001"/>
  <testcase name="test0109 - 1.8" classname="org.eclipse.jdt.core.tests.compiler.parser.TypeAnnotationSyntaxTest" time="0"/>
  <testcase name="test0110 - 1.8" classname="org.eclipse.jdt.core.tests.compiler.parser.TypeAnnotationSyntaxTest" time="0"/>
  <testcase name="test402081 - 1.8" classname="org.eclipse.jdt.core.tests.compiler.parser.CompletionParserTest18" time="0.001"/>
  <testcase name="test405126 - 1.8" classname="org.eclipse.jdt.core.tests.compiler.parser.CompletionParserTest18" time="0"/>
  <testcase name="test417935 - 1.8" classname="org.eclipse.jdt.core.tests.compiler.parser.CompletionParserTest18" time="0"/>
  <testcase name="test422468 - 1.8" classname="org.eclipse.jdt.core.tests.compiler.parser.CompletionParserTest18" time="0.002"/>
  <testcase name="test424080 - 1.8" classname="org.eclipse.jdt.core.tests.compiler.parser.CompletionParserTest18" time="0.002"/>
  <testcase name="test425084 - 1.8" classname="org.eclipse.jdt.core.tests.compiler.parser.CompletionParserTest18" time="0.001"/>
  <testcase name="test425084b - 1.8" classname="org.eclipse.jdt.core.tests.compiler.parser.CompletionParserTest18" time="0"/>
  <testcase name="test427117 - 1.8" classname="org.eclipse.jdt.core.tests.compiler.parser.CompletionParserTest18" time="0"/>
  <testcase name="test427255 - 1.8" classname="org.eclipse.jdt.core.tests.compiler.parser.CompletionParserTest18" time="0"/>
  <testcase name="test427322 - 1.8" classname="org.eclipse.jdt.core.tests.compiler.parser.CompletionParserTest18" time="0"/>
  <testcase name="test427322a - 1.8" classname="org.eclipse.jdt.core.tests.compiler.parser.CompletionParserTest18" time="0"/>
  <testcase name="test427463 - 1.8" classname="org.eclipse.jdt.core.tests.compiler.parser.CompletionParserTest18" time="0"/>
  <testcase name="test427532 - 1.8" classname="org.eclipse.jdt.core.tests.compiler.parser.CompletionParserTest18" time="0"/>
  <testcase name="test428735 - 1.8" classname="org.eclipse.jdt.core.tests.compiler.parser.CompletionParserTest18" time="0.001"/>
  <testcase name="test428735a - 1.8" classname="org.eclipse.jdt.core.tests.compiler.parser.CompletionParserTest18" time="0"/>
  <testcase name="test428735b - 1.8" classname="org.eclipse.jdt.core.tests.compiler.parser.CompletionParserTest18" time="0"/>
  <testcase name="test428735c - 1.8" classname="org.eclipse.jdt.core.tests.compiler.parser.CompletionParserTest18" time="0.001"/>
  <testcase name="test428735d - 1.8" classname="org.eclipse.jdt.core.tests.compiler.parser.CompletionParserTest18" time="0"/>
  <testcase name="test428735e - 1.8" classname="org.eclipse.jdt.core.tests.compiler.parser.CompletionParserTest18" time="0.001"/>
  <testcase name="test428735f - 1.8" classname="org.eclipse.jdt.core.tests.compiler.parser.CompletionParserTest18" time="0"/>
  <testcase name="test428735g - 1.8" classname="org.eclipse.jdt.core.tests.compiler.parser.CompletionParserTest18" time="0.001"/>
  <testcase name="test428735h - 1.8" classname="org.eclipse.jdt.core.tests.compiler.parser.CompletionParserTest18" time="0.001"/>
  <testcase name="test430656 - 1.8" classname="org.eclipse.jdt.core.tests.compiler.parser.CompletionParserTest18" time="0.001"/>
  <testcase name="test430667 - 1.8" classname="org.eclipse.jdt.core.tests.compiler.parser.CompletionParserTest18" time="0.001"/>
  <testcase name="test430667a - 1.8" classname="org.eclipse.jdt.core.tests.compiler.parser.CompletionParserTest18" time="0.001"/>
  <testcase name="test430667b - 1.8" classname="org.eclipse.jdt.core.tests.compiler.parser.CompletionParserTest18" time="0"/>
  <testcase name="test430667c - 1.8" classname="org.eclipse.jdt.core.tests.compiler.parser.CompletionParserTest18" time="0"/>
  <testcase name="test430667d - 1.8" classname="org.eclipse.jdt.core.tests.compiler.parser.CompletionParserTest18" time="0.001"/>
  <testcase name="test435219 - 1.8" classname="org.eclipse.jdt.core.tests.compiler.parser.CompletionParserTest18" time="0"/>
  <testcase name="test435682 - 1.8" classname="org.eclipse.jdt.core.tests.compiler.parser.CompletionParserTest18" time="0.001"/>
  <testcase name="test438952 - 1.8" classname="org.eclipse.jdt.core.tests.compiler.parser.CompletionParserTest18" time="0.001"/>
  <testcase name="test446765 - 1.8" classname="org.eclipse.jdt.core.tests.compiler.parser.CompletionParserTest18" time="0.002"/>
  <testcase name="test473008 - 1.8" classname="org.eclipse.jdt.core.tests.compiler.parser.CompletionParserTest18" time="0"/>
  <testcase name="testBrokenMethodCall - 1.8" classname="org.eclipse.jdt.core.tests.compiler.parser.CompletionParserTest18" time="0"/>
  <testcase name="testCompletionLocation - 1.8" classname="org.eclipse.jdt.core.tests.compiler.parser.CompletionParserTest18" time="0.001"/>
  <testcase name="testElidedCompletion - 1.8" classname="org.eclipse.jdt.core.tests.compiler.parser.CompletionParserTest18" time="0"/>
  <testcase name="testElidedCompletion2 - 1.8" classname="org.eclipse.jdt.core.tests.compiler.parser.CompletionParserTest18" time="0.001"/>
  <testcase name="testLocalsPromotion - 1.8" classname="org.eclipse.jdt.core.tests.compiler.parser.CompletionParserTest18" time="0"/>
  <testcase name="testUnspecifiedReference - 1.8" classname="org.eclipse.jdt.core.tests.compiler.parser.CompletionParserTest18" time="0"/>
  <testcase name="test424110 - 1.8" classname="org.eclipse.jdt.core.tests.compiler.parser.SelectionParserTest18" time="0"/>
  <testcase name="test424110a - 1.8" classname="org.eclipse.jdt.core.tests.compiler.parser.SelectionParserTest18" time="0"/>
  <testcase name="test430572 - 1.8" classname="org.eclipse.jdt.core.tests.compiler.parser.SelectionParserTest18" time="0.001"/>
  <testcase name="test476693 - 1.8" classname="org.eclipse.jdt.core.tests.compiler.parser.SelectionParserTest18" time="0.001"/>
  <testcase name="test495912 - 1.8" classname="org.eclipse.jdt.core.tests.compiler.parser.SelectionParserTest18" time="0.001"/>
  <testcase name="test495912a - 1.8" classname="org.eclipse.jdt.core.tests.compiler.parser.SelectionParserTest18" time="0.001"/>
  <testcase name="test495912b - 1.8" classname="org.eclipse.jdt.core.tests.compiler.parser.SelectionParserTest18" time="0.001"/>
  <testcase name="testInIfStatement - 9" classname="org.eclipse.jdt.core.tests.compiler.parser.AllocationExpressionCompletionTest" time="0.001"/>
  <testcase name="testInIfStatement - 9" classname="org.eclipse.jdt.core.tests.compiler.parser.MethodInvocationCompletionTest" time="0"/>
  <testcase name="testNoQualificationQualifiedTypeName - 9" classname="org.eclipse.jdt.core.tests.compiler.parser.AllocationExpressionCompletionTest" time="0"/>
  <testcase name="testNoQualificationSimpleTypeName - 9" classname="org.eclipse.jdt.core.tests.compiler.parser.AllocationExpressionCompletionTest" time="0"/>
  <testcase name="testQualifiedWithName - 9" classname="org.eclipse.jdt.core.tests.compiler.parser.AllocationExpressionCompletionTest" time="0"/>
  <testcase name="testQualifiedWithPrimary - 9" classname="org.eclipse.jdt.core.tests.compiler.parser.AllocationExpressionCompletionTest" time="0"/>
  <testcase name="testArrayType - 9" classname="org.eclipse.jdt.core.tests.compiler.parser.ClassLiteralAccessCompletionTest" time="0"/>
  <testcase name="testArrayTypeWithNonEmptyIdentifier - 9" classname="org.eclipse.jdt.core.tests.compiler.parser.ClassLiteralAccessCompletionTest" time="0.001"/>
  <testcase name="testPrimitiveArrayType - 9" classname="org.eclipse.jdt.core.tests.compiler.parser.ClassLiteralAccessCompletionTest" time="0"/>
  <testcase name="testPrimitiveArrayTypeWithNonEmptyIdentifier - 9" classname="org.eclipse.jdt.core.tests.compiler.parser.ClassLiteralAccessCompletionTest" time="0"/>
  <testcase name="testPrimitiveType - 9" classname="org.eclipse.jdt.core.tests.compiler.parser.ClassLiteralAccessCompletionTest" time="0.001"/>
  <testcase name="testPrimitiveTypeWithNonEmptyIdentifier - 9" classname="org.eclipse.jdt.core.tests.compiler.parser.ClassLiteralAccessCompletionTest" time="0"/>
  <testcase name="test001 - 9" classname="org.eclipse.jdt.core.tests.compiler.parser.CompletionParserTest" time="0"/>
  <testcase name="test001 - 9" classname="org.eclipse.jdt.core.tests.compiler.parser.JavadocCompletionParserTest" time="0"/>
  <testcase name="test001 - 9" classname="org.eclipse.jdt.core.tests.compiler.parser.ParserTest" time="0"/>
  <testcase name="test002 - 9" classname="org.eclipse.jdt.core.tests.compiler.parser.CompletionParserTest" time="0.001"/>
  <testcase name="test002 - 9" classname="org.eclipse.jdt.core.tests.compiler.parser.JavadocCompletionParserTest" time="0"/>
  <testcase name="test002 - 9" classname="org.eclipse.jdt.core.tests.compiler.parser.ParserTest" time="0.001"/>
  <testcase name="test003 - 9" classname="org.eclipse.jdt.core.tests.compiler.parser.CompletionParserTest" time="0"/>
  <testcase name="test003 - 9" classname="org.eclipse.jdt.core.tests.compiler.parser.JavadocCompletionParserTest" time="0.001"/>
  <testcase name="test003 - 9" classname="org.eclipse.jdt.core.tests.compiler.parser.ParserTest" time="0"/>
  <testcase name="test004 - 9" classname="org.eclipse.jdt.core.tests.compiler.parser.CompletionParserTest" time="0.001"/>
  <testcase name="test004 - 9" classname="org.eclipse.jdt.core.tests.compiler.parser.JavadocCompletionParserTest" time="0"/>
  <testcase name="test004 - 9" classname="org.eclipse.jdt.core.tests.compiler.parser.ParserTest" time="0.001"/>
  <testcase name="test005 - 9" classname="org.eclipse.jdt.core.tests.compiler.parser.CompletionParserTest" time="0"/>
  <testcase name="test005 - 9" classname="org.eclipse.jdt.core.tests.compiler.parser.JavadocCompletionParserTest" time="0"/>
  <testcase name="test005 - 9" classname="org.eclipse.jdt.core.tests.compiler.parser.ParserTest" time="0"/>
  <testcase name="test006 - 9" classname="org.eclipse.jdt.core.tests.compiler.parser.CompletionParserTest" time="0"/>
  <testcase name="test006 - 9" classname="org.eclipse.jdt.core.tests.compiler.parser.JavadocCompletionParserTest" time="0.001"/>
  <testcase name="test006 - 9" classname="org.eclipse.jdt.core.tests.compiler.parser.ParserTest" time="0.001"/>
  <testcase name="test007 - 9" classname="org.eclipse.jdt.core.tests.compiler.parser.CompletionParserTest" time="0"/>
  <testcase name="test007 - 9" classname="org.eclipse.jdt.core.tests.compiler.parser.JavadocCompletionParserTest" time="0"/>
  <testcase name="test007 - 9" classname="org.eclipse.jdt.core.tests.compiler.parser.ParserTest" time="0"/>
  <testcase name="test007 - 9" classname="org.eclipse.jdt.core.tests.compiler.parser.TypeAnnotationSyntaxTest" time="0.001"/>
  <testcase name="test008 - 9" classname="org.eclipse.jdt.core.tests.compiler.parser.CompletionParserTest" time="0"/>
  <testcase name="test008 - 9" classname="org.eclipse.jdt.core.tests.compiler.parser.JavadocCompletionParserTest" time="0"/>
  <testcase name="test008 - 9" classname="org.eclipse.jdt.core.tests.compiler.parser.ParserTest" time="0.001"/>
  <testcase name="test009 - 9" classname="org.eclipse.jdt.core.tests.compiler.parser.CompletionParserTest" time="0"/>
  <testcase name="test009 - 9" classname="org.eclipse.jdt.core.tests.compiler.parser.ParserTest" time="0"/>
  <testcase name="test010 - 9" classname="org.eclipse.jdt.core.tests.compiler.parser.CompletionParserTest" time="0"/>
  <testcase name="test010 - 9" classname="org.eclipse.jdt.core.tests.compiler.parser.JavadocCompletionParserTest" time="0"/>
  <testcase name="test010 - 9" classname="org.eclipse.jdt.core.tests.compiler.parser.ParserTest" time="0"/>
  <testcase name="test011 - 9" classname="org.eclipse.jdt.core.tests.compiler.parser.CompletionParserTest" time="0"/>
  <testcase name="test011 - 9" classname="org.eclipse.jdt.core.tests.compiler.parser.JavadocCompletionParserTest" time="0"/>
  <testcase name="test012 - 9" classname="org.eclipse.jdt.core.tests.compiler.parser.CompletionParserTest" time="0"/>
  <testcase name="test012 - 9" classname="org.eclipse.jdt.core.tests.compiler.parser.JavadocCompletionParserTest" time="0"/>
  <testcase name="test012 - 9" classname="org.eclipse.jdt.core.tests.compiler.parser.ParserTest" time="0.001"/>
  <testcase name="test013 - 9" classname="org.eclipse.jdt.core.tests.compiler.parser.CompletionParserTest" time="0"/>
  <testcase name="test013 - 9" classname="org.eclipse.jdt.core.tests.compiler.parser.JavadocCompletionParserTest" time="0"/>
  <testcase name="test013 - 9" classname="org.eclipse.jdt.core.tests.compiler.parser.ParserTest" time="0"/>
  <testcase name="test014 - 9" classname="org.eclipse.jdt.core.tests.compiler.parser.CompletionParserTest" time="0"/>
  <testcase name="test014 - 9" classname="org.eclipse.jdt.core.tests.compiler.parser.JavadocCompletionParserTest" time="0.001"/>
  <testcase name="test014 - 9" classname="org.eclipse.jdt.core.tests.compiler.parser.ParserTest" time="0.001"/>
  <testcase name="test015 - 9" classname="org.eclipse.jdt.core.tests.compiler.parser.CompletionParserTest" time="0.001"/>
  <testcase name="test015 - 9" classname="org.eclipse.jdt.core.tests.compiler.parser.JavadocCompletionParserTest" time="0"/>
  <testcase name="test015 - 9" classname="org.eclipse.jdt.core.tests.compiler.parser.ParserTest" time="0"/>
  <testcase name="test016 - 9" classname="org.eclipse.jdt.core.tests.compiler.parser.CompletionParserTest" time="0"/>
  <testcase name="test016 - 9" classname="org.eclipse.jdt.core.tests.compiler.parser.ParserTest" time="0.001"/>
  <testcase name="test017 - 9" classname="org.eclipse.jdt.core.tests.compiler.parser.CompletionParserTest" time="0"/>
  <testcase name="test017 - 9" classname="org.eclipse.jdt.core.tests.compiler.parser.ParserTest" time="0"/>
  <testcase name="testA - 9" classname="org.eclipse.jdt.core.tests.compiler.parser.CompletionParserTest" time="0.001"/>
  <testcase name="testAA_1 - 9" classname="org.eclipse.jdt.core.tests.compiler.parser.CompletionParserTest" time="0"/>
  <testcase name="testAA_2 - 9" classname="org.eclipse.jdt.core.tests.compiler.parser.CompletionParserTest" time="0"/>
  <testcase name="testAA_3 - 9" classname="org.eclipse.jdt.core.tests.compiler.parser.CompletionParserTest" time="0"/>
  <testcase name="testAA_4 - 9" classname="org.eclipse.jdt.core.tests.compiler.parser.CompletionParserTest" time="0"/>
  <testcase name="testAB_1FHU9LU - 9" classname="org.eclipse.jdt.core.tests.compiler.parser.CompletionParserTest" time="0"/>
  <testcase name="testAC_1FJ8D9Z_1 - 9" classname="org.eclipse.jdt.core.tests.compiler.parser.CompletionParserTest" time="0.001"/>
  <testcase name="testAC_1FJ8D9Z_2 - 9" classname="org.eclipse.jdt.core.tests.compiler.parser.CompletionParserTest" time="0"/>
  <testcase name="testAC_1FJ8D9Z_3 - 9" classname="org.eclipse.jdt.core.tests.compiler.parser.CompletionParserTest" time="0.001"/>
  <testcase name="testB - 9" classname="org.eclipse.jdt.core.tests.compiler.parser.CompletionParserTest" time="0"/>
  <testcase name="testBA_1 - 9" classname="org.eclipse.jdt.core.tests.compiler.parser.CompletionParserTest" time="0"/>
  <testcase name="testBA_2 - 9" classname="org.eclipse.jdt.core.tests.compiler.parser.CompletionParserTest" time="0.001"/>
  <testcase name="testBB_1FHJ8H9 - 9" classname="org.eclipse.jdt.core.tests.compiler.parser.CompletionParserTest" time="0"/>
  <testcase name="testBC_1FJ4GSG_1 - 9" classname="org.eclipse.jdt.core.tests.compiler.parser.CompletionParserTest" time="0"/>
  <testcase name="testBC_1FJ4GSG_2 - 9" classname="org.eclipse.jdt.core.tests.compiler.parser.CompletionParserTest" time="0"/>
  <testcase name="testBC_1FJ4GSG_3 - 9" classname="org.eclipse.jdt.core.tests.compiler.parser.CompletionParserTest" time="0"/>
  <testcase name="testBug292087a - 9" classname="org.eclipse.jdt.core.tests.compiler.parser.CompletionParserTest" time="0.001"/>
  <testcase name="testBug292087b - 9" classname="org.eclipse.jdt.core.tests.compiler.parser.CompletionParserTest" time="0"/>
  <testcase name="testBug310423 - 9" classname="org.eclipse.jdt.core.tests.compiler.parser.CompletionParserTest" time="0.001"/>
  <testcase name="testBug338789 - 9" classname="org.eclipse.jdt.core.tests.compiler.parser.CompletionParserTest" time="0"/>
  <testcase name="testBug338789b - 9" classname="org.eclipse.jdt.core.tests.compiler.parser.CompletionParserTest" time="0.001"/>
  <testcase name="testBug343637 - 9" classname="org.eclipse.jdt.core.tests.compiler.parser.CompletionParserTest" time="0.001"/>
  <testcase name="testBug346415 - 9" classname="org.eclipse.jdt.core.tests.compiler.parser.CompletionParserTest" time="0"/>
  <testcase name="testBug346454 - 9" classname="org.eclipse.jdt.core.tests.compiler.parser.CompletionParserTest" time="0.001"/>
  <testcase name="testBug346454b - 9" classname="org.eclipse.jdt.core.tests.compiler.parser.CompletionParserTest" time="0"/>
  <testcase name="testC - 9" classname="org.eclipse.jdt.core.tests.compiler.parser.CompletionParserTest" time="0"/>
  <testcase name="testCA_1FGPJQZ - 9" classname="org.eclipse.jdt.core.tests.compiler.parser.CompletionParserTest" time="0.001"/>
  <testcase name="testCB_1FHSKQ9_1 - 9" classname="org.eclipse.jdt.core.tests.compiler.parser.CompletionParserTest" time="0"/>
  <testcase name="testCB_1FHSKQ9_2 - 9" classname="org.eclipse.jdt.core.tests.compiler.parser.CompletionParserTest" time="0"/>
  <testcase name="testCC_1FJ64I9 - 9" classname="org.eclipse.jdt.core.tests.compiler.parser.CompletionParserTest" time="0"/>
  <testcase name="testDA_1 - 9" classname="org.eclipse.jdt.core.tests.compiler.parser.CompletionParserTest" time="0"/>
  <testcase name="testDA_2 - 9" classname="org.eclipse.jdt.core.tests.compiler.parser.CompletionParserTest" time="0.001"/>
  <testcase name="testDA_3 - 9" classname="org.eclipse.jdt.core.tests.compiler.parser.CompletionParserTest" time="0"/>
  <testcase name="testDA_4 - 9" classname="org.eclipse.jdt.core.tests.compiler.parser.CompletionParserTest" time="0"/>
  <testcase name="testDA_5 - 9" classname="org.eclipse.jdt.core.tests.compiler.parser.CompletionParserTest" time="0"/>
  <testcase name="testDB_1FHSLDR - 9" classname="org.eclipse.jdt.core.tests.compiler.parser.CompletionParserTest" time="0"/>
  <testcase name="testDC_1FJJ0JR_1 - 9" classname="org.eclipse.jdt.core.tests.compiler.parser.CompletionParserTest" time="0.001"/>
  <testcase name="testD_1 - 9" classname="org.eclipse.jdt.core.tests.compiler.parser.CompletionParserTest" time="0"/>
  <testcase name="testD_2 - 9" classname="org.eclipse.jdt.core.tests.compiler.parser.CompletionParserTest" time="0.001"/>
  <testcase name="testEA_1 - 9" classname="org.eclipse.jdt.core.tests.compiler.parser.CompletionParserTest" time="0"/>
  <testcase name="testEA_2 - 9" classname="org.eclipse.jdt.core.tests.compiler.parser.CompletionParserTest" time="0"/>
  <testcase name="testEB_1FI74S3 - 9" classname="org.eclipse.jdt.core.tests.compiler.parser.CompletionParserTest" time="0.001"/>
  <testcase name="testEC_1FSBZ2Y - 9" classname="org.eclipse.jdt.core.tests.compiler.parser.CompletionParserTest" time="0"/>
  <testcase name="testE_1FG1YDS_1 - 9" classname="org.eclipse.jdt.core.tests.compiler.parser.CompletionParserTest" time="0"/>
  <testcase name="testE_1FG1YDS_2 - 9" classname="org.eclipse.jdt.core.tests.compiler.parser.CompletionParserTest" time="0.001"/>
  <testcase name="testE_1FG1YDS_3 - 9" classname="org.eclipse.jdt.core.tests.compiler.parser.CompletionParserTest" time="0"/>
  <testcase name="testF - 9" classname="org.eclipse.jdt.core.tests.compiler.parser.CompletionParserTest" time="0"/>
  <testcase name="testFA_1 - 9" classname="org.eclipse.jdt.core.tests.compiler.parser.CompletionParserTest" time="0.001"/>
  <testcase name="testFA_2 - 9" classname="org.eclipse.jdt.core.tests.compiler.parser.CompletionParserTest" time="0"/>
  <testcase name="testFB_1FI74S3 - 9" classname="org.eclipse.jdt.core.tests.compiler.parser.CompletionParserTest" time="0.001"/>
  <testcase name="testFC_1FSBZ9B - 9" classname="org.eclipse.jdt.core.tests.compiler.parser.CompletionParserTest" time="0"/>
  <testcase name="testG - 9" classname="org.eclipse.jdt.core.tests.compiler.parser.CompletionParserTest" time="0"/>
  <testcase name="testGA - 9" classname="org.eclipse.jdt.core.tests.compiler.parser.CompletionParserTest" time="0.001"/>
  <testcase name="testGB_1FI74S3 - 9" classname="org.eclipse.jdt.core.tests.compiler.parser.CompletionParserTest" time="0"/>
  <testcase name="testGC_1FSHLHV_1 - 9" classname="org.eclipse.jdt.core.tests.compiler.parser.CompletionParserTest" time="0"/>
  <testcase name="testGC_1FSHLHV_2 - 9" classname="org.eclipse.jdt.core.tests.compiler.parser.CompletionParserTest" time="0.001"/>
  <testcase name="testGC_1FSHLHV_3 - 9" classname="org.eclipse.jdt.core.tests.compiler.parser.CompletionParserTest" time="0"/>
  <testcase name="testGC_1FSHLHV_4 - 9" classname="org.eclipse.jdt.core.tests.compiler.parser.CompletionParserTest" time="0"/>
  <testcase name="testH - 9" classname="org.eclipse.jdt.core.tests.compiler.parser.CompletionParserTest" time="0"/>
  <testcase name="testHA_1 - 9" classname="org.eclipse.jdt.core.tests.compiler.parser.CompletionParserTest" time="0"/>
  <testcase name="testHA_2 - 9" classname="org.eclipse.jdt.core.tests.compiler.parser.CompletionParserTest" time="0"/>
  <testcase name="testHB_1FHSLDR - 9" classname="org.eclipse.jdt.core.tests.compiler.parser.CompletionParserTest" time="0"/>
  <testcase name="testHC_1FMPYO3_1 - 9" classname="org.eclipse.jdt.core.tests.compiler.parser.CompletionParserTest" time="0"/>
  <testcase name="testHC_1FMPYO3_2 - 9" classname="org.eclipse.jdt.core.tests.compiler.parser.CompletionParserTest" time="0.001"/>
  <testcase name="testI - 9" classname="org.eclipse.jdt.core.tests.compiler.parser.CompletionParserTest" time="0"/>
  <testcase name="testIA_1FGNBPR_1 - 9" classname="org.eclipse.jdt.core.tests.compiler.parser.CompletionParserTest" time="0"/>
  <testcase name="testIA_1FGNBPR_2 - 9" classname="org.eclipse.jdt.core.tests.compiler.parser.CompletionParserTest" time="0.001"/>
  <testcase name="testIB - 9" classname="org.eclipse.jdt.core.tests.compiler.parser.CompletionParserTest" time="0"/>
  <testcase name="testIC_1FMGUPR - 9" classname="org.eclipse.jdt.core.tests.compiler.parser.CompletionParserTest" time="0"/>
  <testcase name="testJ - 9" classname="org.eclipse.jdt.core.tests.compiler.parser.CompletionParserTest" time="0.001"/>
  <testcase name="testJA_1FGQVW2_1 - 9" classname="org.eclipse.jdt.core.tests.compiler.parser.CompletionParserTest" time="0"/>
  <testcase name="testJA_1FGQVW2_2 - 9" classname="org.eclipse.jdt.core.tests.compiler.parser.CompletionParserTest" time="0"/>
  <testcase name="testJB - 9" classname="org.eclipse.jdt.core.tests.compiler.parser.CompletionParserTest" time="0.001"/>
  <testcase name="testJC_1FLG1ZC - 9" classname="org.eclipse.jdt.core.tests.compiler.parser.CompletionParserTest" time="0"/>
  <testcase name="testKA_1FH5SU5 - 9" classname="org.eclipse.jdt.core.tests.compiler.parser.CompletionParserTest" time="0"/>
  <testcase name="testKB - 9" classname="org.eclipse.jdt.core.tests.compiler.parser.CompletionParserTest" time="0.001"/>
  <testcase name="testKC_1FLG1ZC - 9" classname="org.eclipse.jdt.core.tests.compiler.parser.CompletionParserTest" time="0"/>
  <testcase name="testK_1 - 9" classname="org.eclipse.jdt.core.tests.compiler.parser.CompletionParserTest" time="0"/>
  <testcase name="testK_2 - 9" classname="org.eclipse.jdt.core.tests.compiler.parser.CompletionParserTest" time="0"/>
  <testcase name="testK_3 - 9" classname="org.eclipse.jdt.core.tests.compiler.parser.CompletionParserTest" time="0.001"/>
  <testcase name="testK_4 - 9" classname="org.eclipse.jdt.core.tests.compiler.parser.CompletionParserTest" time="0"/>
  <testcase name="testLA_1FGLMOF - 9" classname="org.eclipse.jdt.core.tests.compiler.parser.CompletionParserTest" time="0"/>
  <testcase name="testLB - 9" classname="org.eclipse.jdt.core.tests.compiler.parser.CompletionParserTest" time="0"/>
  <testcase name="testLC_1FLG1E2 - 9" classname="org.eclipse.jdt.core.tests.compiler.parser.CompletionParserTest" time="0"/>
  <testcase name="testL_1 - 9" classname="org.eclipse.jdt.core.tests.compiler.parser.CompletionParserTest" time="0"/>
  <testcase name="testL_2 - 9" classname="org.eclipse.jdt.core.tests.compiler.parser.CompletionParserTest" time="0.001"/>
  <testcase name="testL_3 - 9" classname="org.eclipse.jdt.core.tests.compiler.parser.CompletionParserTest" time="0"/>
  <testcase name="testMA_1 - 9" classname="org.eclipse.jdt.core.tests.compiler.parser.CompletionParserTest" time="0"/>
  <testcase name="testMA_2 - 9" classname="org.eclipse.jdt.core.tests.compiler.parser.CompletionParserTest" time="0.001"/>
  <testcase name="testMA_3 - 9" classname="org.eclipse.jdt.core.tests.compiler.parser.CompletionParserTest" time="0"/>
  <testcase name="testMB_1FHSLMQ_1 - 9" classname="org.eclipse.jdt.core.tests.compiler.parser.CompletionParserTest" time="0"/>
  <testcase name="testMB_1FHSLMQ_2 - 9" classname="org.eclipse.jdt.core.tests.compiler.parser.CompletionParserTest" time="0.001"/>
  <testcase name="testMC_1FJ8D9Z - 9" classname="org.eclipse.jdt.core.tests.compiler.parser.CompletionParserTest" time="0"/>
  <testcase name="testM_1FGGLMT - 9" classname="org.eclipse.jdt.core.tests.compiler.parser.CompletionParserTest" time="0"/>
  <testcase name="testN - 9" classname="org.eclipse.jdt.core.tests.compiler.parser.CompletionParserTest" time="0.001"/>
  <testcase name="testNA_1 - 9" classname="org.eclipse.jdt.core.tests.compiler.parser.CompletionParserTest" time="0"/>
  <testcase name="testNA_2 - 9" classname="org.eclipse.jdt.core.tests.compiler.parser.CompletionParserTest" time="0"/>
  <testcase name="testNA_3 - 9" classname="org.eclipse.jdt.core.tests.compiler.parser.CompletionParserTest" time="0"/>
  <testcase name="testNB - 9" classname="org.eclipse.jdt.core.tests.compiler.parser.CompletionParserTest" time="0"/>
  <testcase name="testNC_1FJ8D9Z - 9" classname="org.eclipse.jdt.core.tests.compiler.parser.CompletionParserTest" time="0"/>
  <testcase name="testOA_1 - 9" classname="org.eclipse.jdt.core.tests.compiler.parser.CompletionParserTest" time="0"/>
  <testcase name="testOA_2 - 9" classname="org.eclipse.jdt.core.tests.compiler.parser.CompletionParserTest" time="0.001"/>
  <testcase name="testOB_1 - 9" classname="org.eclipse.jdt.core.tests.compiler.parser.CompletionParserTest" time="0"/>
  <testcase name="testOB_2 - 9" classname="org.eclipse.jdt.core.tests.compiler.parser.CompletionParserTest" time="0"/>
  <testcase name="testOC_1FM7J7F - 9" classname="org.eclipse.jdt.core.tests.compiler.parser.CompletionParserTest" time="0.001"/>
  <testcase name="testO_1FG1YU0 - 9" classname="org.eclipse.jdt.core.tests.compiler.parser.CompletionParserTest" time="0"/>
  <testcase name="testPA_1 - 9" classname="org.eclipse.jdt.core.tests.compiler.parser.CompletionParserTest" time="0"/>
  <testcase name="testPA_2 - 9" classname="org.eclipse.jdt.core.tests.compiler.parser.CompletionParserTest" time="0.001"/>
  <testcase name="testPB - 9" classname="org.eclipse.jdt.core.tests.compiler.parser.CompletionParserTest" time="0"/>
  <testcase name="testPC_1FSU4EF - 9" classname="org.eclipse.jdt.core.tests.compiler.parser.CompletionParserTest" time="0"/>
  <testcase name="testP_1FG1YU0 - 9" classname="org.eclipse.jdt.core.tests.compiler.parser.CompletionParserTest" time="0"/>
  <testcase name="testQA_1 - 9" classname="org.eclipse.jdt.core.tests.compiler.parser.CompletionParserTest" time="0"/>
  <testcase name="testQA_2 - 9" classname="org.eclipse.jdt.core.tests.compiler.parser.CompletionParserTest" time="0.001"/>
  <testcase name="testQA_3 - 9" classname="org.eclipse.jdt.core.tests.compiler.parser.CompletionParserTest" time="0"/>
  <testcase name="testQA_4 - 9" classname="org.eclipse.jdt.core.tests.compiler.parser.CompletionParserTest" time="0"/>
  <testcase name="testQB_1FIK820 - 9" classname="org.eclipse.jdt.core.tests.compiler.parser.CompletionParserTest" time="0.001"/>
  <testcase name="testQ_1FG1YU0 - 9" classname="org.eclipse.jdt.core.tests.compiler.parser.CompletionParserTest" time="0"/>
  <testcase name="testRA_1 - 9" classname="org.eclipse.jdt.core.tests.compiler.parser.CompletionParserTest" time="0"/>
  <testcase name="testRA_2 - 9" classname="org.eclipse.jdt.core.tests.compiler.parser.CompletionParserTest" time="0.001"/>
  <testcase name="testRA_3 - 9" classname="org.eclipse.jdt.core.tests.compiler.parser.CompletionParserTest" time="0"/>
  <testcase name="testRB_1FI74S3 - 9" classname="org.eclipse.jdt.core.tests.compiler.parser.CompletionParserTest" time="0"/>
  <testcase name="testR_1FGD31E - 9" classname="org.eclipse.jdt.core.tests.compiler.parser.CompletionParserTest" time="0.001"/>
  <testcase name="testSA - 9" classname="org.eclipse.jdt.core.tests.compiler.parser.CompletionParserTest" time="0"/>
  <testcase name="testSB_1FILFDG - 9" classname="org.eclipse.jdt.core.tests.compiler.parser.CompletionParserTest" time="0"/>
  <testcase name="testS_1FGF64P_1 - 9" classname="org.eclipse.jdt.core.tests.compiler.parser.CompletionParserTest" time="0"/>
  <testcase name="testS_1FGF64P_2 - 9" classname="org.eclipse.jdt.core.tests.compiler.parser.CompletionParserTest" time="0"/>
  <testcase name="testS_1FGF64P_3 - 9" classname="org.eclipse.jdt.core.tests.compiler.parser.CompletionParserTest" time="0.001"/>
  <testcase name="testTA_1FHISJJ_1 - 9" classname="org.eclipse.jdt.core.tests.compiler.parser.CompletionParserTest" time="0"/>
  <testcase name="testTA_1FHISJJ_2 - 9" classname="org.eclipse.jdt.core.tests.compiler.parser.CompletionParserTest" time="0"/>
  <testcase name="testTA_1FHISJJ_3 - 9" classname="org.eclipse.jdt.core.tests.compiler.parser.CompletionParserTest" time="0.001"/>
  <testcase name="testTB_1FHSLMQ - 9" classname="org.eclipse.jdt.core.tests.compiler.parser.CompletionParserTest" time="0"/>
  <testcase name="testT_1FGF64P - 9" classname="org.eclipse.jdt.core.tests.compiler.parser.CompletionParserTest" time="0"/>
  <testcase name="testUA_1FHISJJ_1 - 9" classname="org.eclipse.jdt.core.tests.compiler.parser.CompletionParserTest" time="0"/>
  <testcase name="testUA_1FHISJJ_2 - 9" classname="org.eclipse.jdt.core.tests.compiler.parser.CompletionParserTest" time="0"/>
  <testcase name="testUB_1FSBZ02 - 9" classname="org.eclipse.jdt.core.tests.compiler.parser.CompletionParserTest" time="0"/>
  <testcase name="testU_1FGGUME - 9" classname="org.eclipse.jdt.core.tests.compiler.parser.CompletionParserTest" time="0"/>
  <testcase name="testVA_1FHISJJ_1 - 9" classname="org.eclipse.jdt.core.tests.compiler.parser.CompletionParserTest" time="0.001"/>
  <testcase name="testVA_1FHISJJ_2 - 9" classname="org.eclipse.jdt.core.tests.compiler.parser.CompletionParserTest" time="0"/>
  <testcase name="testVB_1 - 9" classname="org.eclipse.jdt.core.tests.compiler.parser.CompletionParserTest" time="0"/>
  <testcase name="testVB_3 - 9" classname="org.eclipse.jdt.core.tests.compiler.parser.CompletionParserTest" time="0"/>
  <testcase name="testV_1FGGUOO_1 - 9" classname="org.eclipse.jdt.core.tests.compiler.parser.CompletionParserTest" time="0"/>
  <testcase name="testV_1FGGUOO_2 - 9" classname="org.eclipse.jdt.core.tests.compiler.parser.CompletionParserTest" time="0"/>
  <testcase name="testWA_1 - 9" classname="org.eclipse.jdt.core.tests.compiler.parser.CompletionParserTest" time="0"/>
  <testcase name="testWA_2 - 9" classname="org.eclipse.jdt.core.tests.compiler.parser.CompletionParserTest" time="0"/>
  <testcase name="testWB_1FI313C - 9" classname="org.eclipse.jdt.core.tests.compiler.parser.CompletionParserTest" time="0.001"/>
  <testcase name="testW_1FGGUS4 - 9" classname="org.eclipse.jdt.core.tests.compiler.parser.CompletionParserTest" time="0"/>
  <testcase name="testXA_1FGGUQF_1FHSL8H_2 - 9" classname="org.eclipse.jdt.core.tests.compiler.parser.CompletionParserTest" time="0"/>
  <testcase name="testXA_1FGGUQF_1FHSL8H_3 - 9" classname="org.eclipse.jdt.core.tests.compiler.parser.CompletionParserTest" time="0"/>
  <testcase name="testXA_1FGGUQF_1FHSL8H_4 - 9" classname="org.eclipse.jdt.core.tests.compiler.parser.CompletionParserTest" time="0"/>
  <testcase name="testXB_1FIYM5I_1 - 9" classname="org.eclipse.jdt.core.tests.compiler.parser.CompletionParserTest" time="0"/>
  <testcase name="testXB_1FIYM5I_2 - 9" classname="org.eclipse.jdt.core.tests.compiler.parser.CompletionParserTest" time="0.001"/>
  <testcase name="testXB_1FIYM5I_3 - 9" classname="org.eclipse.jdt.core.tests.compiler.parser.CompletionParserTest" time="0"/>
  <testcase name="testXB_1FIYM5I_4 - 9" classname="org.eclipse.jdt.core.tests.compiler.parser.CompletionParserTest" time="0"/>
  <testcase name="testX_1FGGV8C_1 - 9" classname="org.eclipse.jdt.core.tests.compiler.parser.CompletionParserTest" time="0.001"/>
  <testcase name="testX_1FGGV8C_2 - 9" classname="org.eclipse.jdt.core.tests.compiler.parser.CompletionParserTest" time="0"/>
  <testcase name="testX_1FGGV8C_3 - 9" classname="org.eclipse.jdt.core.tests.compiler.parser.CompletionParserTest" time="0"/>
  <testcase name="testX_1FGGV8C_4 - 9" classname="org.eclipse.jdt.core.tests.compiler.parser.CompletionParserTest" time="0"/>
  <testcase name="testX_1FGPE8E - 9" classname="org.eclipse.jdt.core.tests.compiler.parser.CompletionParserTest" time="0"/>
  <testcase name="testYA_1FGRIUH - 9" classname="org.eclipse.jdt.core.tests.compiler.parser.CompletionParserTest" time="0"/>
  <testcase name="testYB_1FJ4D46_1 - 9" classname="org.eclipse.jdt.core.tests.compiler.parser.CompletionParserTest" time="0"/>
  <testcase name="testY_1FGPESI - 9" classname="org.eclipse.jdt.core.tests.compiler.parser.CompletionParserTest" time="0"/>
  <testcase name="testZA_1 - 9" classname="org.eclipse.jdt.core.tests.compiler.parser.CompletionParserTest" time="0"/>
  <testcase name="testZA_2 - 9" classname="org.eclipse.jdt.core.tests.compiler.parser.CompletionParserTest" time="0.001"/>
  <testcase name="testZA_3 - 9" classname="org.eclipse.jdt.core.tests.compiler.parser.CompletionParserTest" time="0"/>
  <testcase name="testZB_1FJ4D46_1 - 9" classname="org.eclipse.jdt.core.tests.compiler.parser.CompletionParserTest" time="0"/>
  <testcase name="testZB_1FJ4D46_2 - 9" classname="org.eclipse.jdt.core.tests.compiler.parser.CompletionParserTest" time="0.001"/>
  <testcase name="testZ_1FGPF3D_1 - 9" classname="org.eclipse.jdt.core.tests.compiler.parser.CompletionParserTest" time="0"/>
  <testcase name="testZ_1FGPF3D_2 - 9" classname="org.eclipse.jdt.core.tests.compiler.parser.CompletionParserTest" time="0"/>
  <testcase name="test0001 - 9" classname="org.eclipse.jdt.core.tests.compiler.parser.CompletionParserTest2" time="0.001"/>
  <testcase name="test0001 - 9" classname="org.eclipse.jdt.core.tests.compiler.parser.CompletionParserTestKeyword" time="0"/>
  <testcase name="test0001 - 9" classname="org.eclipse.jdt.core.tests.compiler.parser.StatementRecoveryTest" time="0.001"/>
  <testcase name="test0001 - 9" classname="org.eclipse.jdt.core.tests.compiler.parser.ComplianceDiagnoseTest" time="0"/>
  <testcase name="test0001 - 9" classname="org.eclipse.jdt.core.tests.compiler.parser.GenericsCompletionParserTest" time="0.001"/>
  <testcase name="test0001 - 9" classname="org.eclipse.jdt.core.tests.compiler.parser.EnumCompletionParserTest" time="0"/>
  <testcase name="test0001 - 9" classname="org.eclipse.jdt.core.tests.compiler.parser.AnnotationCompletionParserTest" time="0"/>
  <testcase name="test0001 - 9" classname="org.eclipse.jdt.core.tests.compiler.parser.GenericsSelectionTest" time="0"/>
  <testcase name="test0001 - 9" classname="org.eclipse.jdt.core.tests.compiler.parser.AnnotationSelectionTest" time="0"/>
  <testcase name="test0001 - 9" classname="org.eclipse.jdt.core.tests.compiler.parser.EnumSelectionTest" time="0"/>
  <testcase name="test0001 - 9" classname="org.eclipse.jdt.core.tests.compiler.parser.GenericDietRecoveryTest" time="0.001"/>
  <testcase name="test0001 - 9" classname="org.eclipse.jdt.core.tests.compiler.parser.EnumDietRecoveryTest" time="0"/>
  <testcase name="test0001 - 9" classname="org.eclipse.jdt.core.tests.compiler.parser.AnnotationDietRecoveryTest" time="0.001"/>
  <testcase name="test0001 - 9" classname="org.eclipse.jdt.core.tests.compiler.parser.StatementRecoveryTest_1_5" time="0.002"/>
  <testcase name="test0001 - 9" classname="org.eclipse.jdt.core.tests.compiler.parser.ParserTest1_7" time="0.001"/>
  <testcase name="test0001 - 9" classname="org.eclipse.jdt.core.tests.compiler.parser.LambdaExpressionSyntaxTest" time="0"/>
  <testcase name="test0001 - 9" classname="org.eclipse.jdt.core.tests.compiler.parser.ReferenceExpressionSyntaxTest" time="0"/>
  <testcase name="test0001 - 9" classname="org.eclipse.jdt.core.tests.compiler.parser.TypeAnnotationSyntaxTest" time="0.001"/>
  <testcase name="test0001 - 9" classname="org.eclipse.jdt.core.tests.compiler.parser.CompletionParserTest18" time="0.001"/>
  <testcase name="test0001 - 9" classname="org.eclipse.jdt.core.tests.compiler.parser.ModuleDeclarationSyntaxTest" time="0.001"/>
  <testcase name="test0002_Diet - 9" classname="org.eclipse.jdt.core.tests.compiler.parser.CompletionParserTest2" time="0"/>
  <testcase name="test0002_Method - 9" classname="org.eclipse.jdt.core.tests.compiler.parser.CompletionParserTest2" time="0"/>
  <testcase name="test0003_Diet - 9" classname="org.eclipse.jdt.core.tests.compiler.parser.CompletionParserTest2" time="0"/>
  <testcase name="test0003_Method - 9" classname="org.eclipse.jdt.core.tests.compiler.parser.CompletionParserTest2" time="0"/>
  <testcase name="test0004 - 9" classname="org.eclipse.jdt.core.tests.compiler.parser.CompletionParserTest2" time="0"/>
  <testcase name="test0004 - 9" classname="org.eclipse.jdt.core.tests.compiler.parser.CompletionParserTestKeyword" time="0"/>
  <testcase name="test0004 - 9" classname="org.eclipse.jdt.core.tests.compiler.parser.StatementRecoveryTest" time="0.001"/>
  <testcase name="test0004 - 9" classname="org.eclipse.jdt.core.tests.compiler.parser.ComplianceDiagnoseTest" time="0.001"/>
  <testcase name="test0004 - 9" classname="org.eclipse.jdt.core.tests.compiler.parser.GenericsCompletionParserTest" time="0"/>
  <testcase name="test0004 - 9" classname="org.eclipse.jdt.core.tests.compiler.parser.EnumCompletionParserTest" time="0"/>
  <testcase name="test0004 - 9" classname="org.eclipse.jdt.core.tests.compiler.parser.AnnotationCompletionParserTest" time="0"/>
  <testcase name="test0004 - 9" classname="org.eclipse.jdt.core.tests.compiler.parser.GenericsSelectionTest" time="0"/>
  <testcase name="test0004 - 9" classname="org.eclipse.jdt.core.tests.compiler.parser.AnnotationSelectionTest" time="0"/>
  <testcase name="test0004 - 9" classname="org.eclipse.jdt.core.tests.compiler.parser.GenericDietRecoveryTest" time="0.001"/>
  <testcase name="test0004 - 9" classname="org.eclipse.jdt.core.tests.compiler.parser.EnumDietRecoveryTest" time="0.001"/>
  <testcase name="test0004 - 9" classname="org.eclipse.jdt.core.tests.compiler.parser.AnnotationDietRecoveryTest" time="0.001"/>
  <testcase name="test0004 - 9" classname="org.eclipse.jdt.core.tests.compiler.parser.StatementRecoveryTest_1_5" time="0.003"/>
  <testcase name="test0004 - 9" classname="org.eclipse.jdt.core.tests.compiler.parser.ParserTest1_7" time="0"/>
  <testcase name="test0004 - 9" classname="org.eclipse.jdt.core.tests.compiler.parser.LambdaExpressionSyntaxTest" time="0"/>
  <testcase name="test0004 - 9" classname="org.eclipse.jdt.core.tests.compiler.parser.ReferenceExpressionSyntaxTest" time="0"/>
  <testcase name="test0004 - 9" classname="org.eclipse.jdt.core.tests.compiler.parser.TypeAnnotationSyntaxTest" time="0.001"/>
  <testcase name="test0004 - 9" classname="org.eclipse.jdt.core.tests.compiler.parser.CompletionParserTest18" time="0.001"/>
  <testcase name="test0004 - 9" classname="org.eclipse.jdt.core.tests.compiler.parser.ModuleDeclarationSyntaxTest" time="0.001"/>
  <testcase name="test0005_Diet - 9" classname="org.eclipse.jdt.core.tests.compiler.parser.CompletionParserTest2" time="0"/>
  <testcase name="test0005_Method - 9" classname="org.eclipse.jdt.core.tests.compiler.parser.CompletionParserTest2" time="0.001"/>
  <testcase name="test0006_Diet - 9" classname="org.eclipse.jdt.core.tests.compiler.parser.CompletionParserTest2" time="0"/>
  <testcase name="test0006_Method - 9" classname="org.eclipse.jdt.core.tests.compiler.parser.CompletionParserTest2" time="0"/>
  <testcase name="test0007 - 9" classname="org.eclipse.jdt.core.tests.compiler.parser.CompletionParserTest2" time="0"/>
  <testcase name="test0007 - 9" classname="org.eclipse.jdt.core.tests.compiler.parser.CompletionParserTestKeyword" time="0"/>
  <testcase name="test0007 - 9" classname="org.eclipse.jdt.core.tests.compiler.parser.StatementRecoveryTest" time="0"/>
  <testcase name="test0007 - 9" classname="org.eclipse.jdt.core.tests.compiler.parser.ComplianceDiagnoseTest" time="0"/>
  <testcase name="test0007 - 9" classname="org.eclipse.jdt.core.tests.compiler.parser.GenericsCompletionParserTest" time="0"/>
  <testcase name="test0007 - 9" classname="org.eclipse.jdt.core.tests.compiler.parser.EnumCompletionParserTest" time="0"/>
  <testcase name="test0007 - 9" classname="org.eclipse.jdt.core.tests.compiler.parser.AnnotationCompletionParserTest" time="0"/>
  <testcase name="test0007 - 9" classname="org.eclipse.jdt.core.tests.compiler.parser.GenericsSelectionTest" time="0"/>
  <testcase name="test0007 - 9" classname="org.eclipse.jdt.core.tests.compiler.parser.AnnotationSelectionTest" time="0"/>
  <testcase name="test0007 - 9" classname="org.eclipse.jdt.core.tests.compiler.parser.GenericDietRecoveryTest" time="0.001"/>
  <testcase name="test0007 - 9" classname="org.eclipse.jdt.core.tests.compiler.parser.EnumDietRecoveryTest" time="0.002"/>
  <testcase name="test0007 - 9" classname="org.eclipse.jdt.core.tests.compiler.parser.AnnotationDietRecoveryTest" time="0.002"/>
  <testcase name="test0007 - 9" classname="org.eclipse.jdt.core.tests.compiler.parser.StatementRecoveryTest_1_5" time="0.003"/>
  <testcase name="test0007 - 9" classname="org.eclipse.jdt.core.tests.compiler.parser.ParserTest1_7" time="0"/>
  <testcase name="test0007 - 9" classname="org.eclipse.jdt.core.tests.compiler.parser.LambdaExpressionSyntaxTest" time="0"/>
  <testcase name="test0007 - 9" classname="org.eclipse.jdt.core.tests.compiler.parser.ReferenceExpressionSyntaxTest" time="0"/>
  <testcase name="test0007 - 9" classname="org.eclipse.jdt.core.tests.compiler.parser.CompletionParserTest18" time="0.001"/>
  <testcase name="test0007 - 9" classname="org.eclipse.jdt.core.tests.compiler.parser.ModuleDeclarationSyntaxTest" time="0.003"/>
  <testcase name="test0008_Diet - 9" classname="org.eclipse.jdt.core.tests.compiler.parser.CompletionParserTest2" time="0"/>
  <testcase name="test0008_Method - 9" classname="org.eclipse.jdt.core.tests.compiler.parser.CompletionParserTest2" time="0"/>
  <testcase name="test0009_Diet - 9" classname="org.eclipse.jdt.core.tests.compiler.parser.CompletionParserTest2" time="0"/>
  <testcase name="test0009_Method - 9" classname="org.eclipse.jdt.core.tests.compiler.parser.CompletionParserTest2" time="0.001"/>
  <testcase name="test0010 - 9" classname="org.eclipse.jdt.core.tests.compiler.parser.CompletionParserTest2" time="0"/>
  <testcase name="test0010 - 9" classname="org.eclipse.jdt.core.tests.compiler.parser.CompletionParserTestKeyword" time="0"/>
  <testcase name="test0010 - 9" classname="org.eclipse.jdt.core.tests.compiler.parser.StatementRecoveryTest" time="0"/>
  <testcase name="test0010 - 9" classname="org.eclipse.jdt.core.tests.compiler.parser.ComplianceDiagnoseTest" time="0.001"/>
  <testcase name="test0010 - 9" classname="org.eclipse.jdt.core.tests.compiler.parser.GenericsCompletionParserTest" time="0"/>
  <testcase name="test0010 - 9" classname="org.eclipse.jdt.core.tests.compiler.parser.EnumCompletionParserTest" time="0"/>
  <testcase name="test0010 - 9" classname="org.eclipse.jdt.core.tests.compiler.parser.AnnotationCompletionParserTest" time="0"/>
  <testcase name="test0010 - 9" classname="org.eclipse.jdt.core.tests.compiler.parser.GenericsSelectionTest" time="0.001"/>
  <testcase name="test0010 - 9" classname="org.eclipse.jdt.core.tests.compiler.parser.AnnotationSelectionTest" time="0"/>
  <testcase name="test0010 - 9" classname="org.eclipse.jdt.core.tests.compiler.parser.GenericDietRecoveryTest" time="0.002"/>
  <testcase name="test0010 - 9" classname="org.eclipse.jdt.core.tests.compiler.parser.EnumDietRecoveryTest" time="0.002"/>
  <testcase name="test0010 - 9" classname="org.eclipse.jdt.core.tests.compiler.parser.AnnotationDietRecoveryTest" time="0.002"/>
  <testcase name="test0010 - 9" classname="org.eclipse.jdt.core.tests.compiler.parser.ParserTest1_7" time="0.001"/>
  <testcase name="test0010 - 9" classname="org.eclipse.jdt.core.tests.compiler.parser.ReferenceExpressionSyntaxTest" time="0"/>
  <testcase name="test0010 - 9" classname="org.eclipse.jdt.core.tests.compiler.parser.TypeAnnotationSyntaxTest" time="0.001"/>
  <testcase name="test0010 - 9" classname="org.eclipse.jdt.core.tests.compiler.parser.CompletionParserTest18" time="0"/>
  <testcase name="test0010 - 9" classname="org.eclipse.jdt.core.tests.compiler.parser.ModuleDeclarationSyntaxTest" time="0"/>
  <testcase name="test0011_Diet - 9" classname="org.eclipse.jdt.core.tests.compiler.parser.CompletionParserTest2" time="0"/>
  <testcase name="test0011_Method - 9" classname="org.eclipse.jdt.core.tests.compiler.parser.CompletionParserTest2" time="0"/>
  <testcase name="test0012_Diet - 9" classname="org.eclipse.jdt.core.tests.compiler.parser.CompletionParserTest2" time="0"/>
  <testcase name="test0012_Method - 9" classname="org.eclipse.jdt.core.tests.compiler.parser.CompletionParserTest2" time="0"/>
  <testcase name="test0013 - 9" classname="org.eclipse.jdt.core.tests.compiler.parser.CompletionParserTest2" time="0"/>
  <testcase name="test0013 - 9" classname="org.eclipse.jdt.core.tests.compiler.parser.CompletionParserTestKeyword" time="0"/>
  <testcase name="test0013 - 9" classname="org.eclipse.jdt.core.tests.compiler.parser.StatementRecoveryTest" time="0.001"/>
  <testcase name="test0013 - 9" classname="org.eclipse.jdt.core.tests.compiler.parser.ComplianceDiagnoseTest" time="0"/>
  <testcase name="test0013 - 9" classname="org.eclipse.jdt.core.tests.compiler.parser.GenericsCompletionParserTest" time="0.001"/>
  <testcase name="test0013 - 9" classname="org.eclipse.jdt.core.tests.compiler.parser.EnumCompletionParserTest" time="0"/>
  <testcase name="test0013 - 9" classname="org.eclipse.jdt.core.tests.compiler.parser.GenericsSelectionTest" time="0"/>
  <testcase name="test0013 - 9" classname="org.eclipse.jdt.core.tests.compiler.parser.AnnotationSelectionTest" time="0"/>
  <testcase name="test0013 - 9" classname="org.eclipse.jdt.core.tests.compiler.parser.GenericDietRecoveryTest" time="0.001"/>
  <testcase name="test0013 - 9" classname="org.eclipse.jdt.core.tests.compiler.parser.EnumDietRecoveryTest" time="0.002"/>
  <testcase name="test0013 - 9" classname="org.eclipse.jdt.core.tests.compiler.parser.AnnotationDietRecoveryTest" time="0"/>
  <testcase name="test0013 - 9" classname="org.eclipse.jdt.core.tests.compiler.parser.LambdaExpressionSyntaxTest" time="0"/>
  <testcase name="test0013 - 9" classname="org.eclipse.jdt.core.tests.compiler.parser.ReferenceExpressionSyntaxTest" time="0"/>
  <testcase name="test0013 - 9" classname="org.eclipse.jdt.core.tests.compiler.parser.TypeAnnotationSyntaxTest" time="0.001"/>
  <testcase name="test0013 - 9" classname="org.eclipse.jdt.core.tests.compiler.parser.ModuleDeclarationSyntaxTest" time="0.001"/>
  <testcase name="test0014_Diet - 9" classname="org.eclipse.jdt.core.tests.compiler.parser.CompletionParserTest2" time="0.001"/>
  <testcase name="test0014_Method - 9" classname="org.eclipse.jdt.core.tests.compiler.parser.CompletionParserTest2" time="0"/>
  <testcase name="test0015_Diet - 9" classname="org.eclipse.jdt.core.tests.compiler.parser.CompletionParserTest2" time="0"/>
  <testcase name="test0015_Method - 9" classname="org.eclipse.jdt.core.tests.compiler.parser.CompletionParserTest2" time="0.001"/>
  <testcase name="test0016 - 9" classname="org.eclipse.jdt.core.tests.compiler.parser.CompletionParserTest2" time="0"/>
  <testcase name="test0016 - 9" classname="org.eclipse.jdt.core.tests.compiler.parser.CompletionParserTestKeyword" time="0"/>
  <testcase name="test0016 - 9" classname="org.eclipse.jdt.core.tests.compiler.parser.StatementRecoveryTest" time="0.001"/>
  <testcase name="test0016 - 9" classname="org.eclipse.jdt.core.tests.compiler.parser.ComplianceDiagnoseTest" time="0"/>
  <testcase name="test0016 - 9" classname="org.eclipse.jdt.core.tests.compiler.parser.GenericsCompletionParserTest" time="0"/>
  <testcase name="test0016 - 9" classname="org.eclipse.jdt.core.tests.compiler.parser.AnnotationCompletionParserTest" time="0"/>
  <testcase name="test0016 - 9" classname="org.eclipse.jdt.core.tests.compiler.parser.GenericsSelectionTest" time="0"/>
  <testcase name="test0016 - 9" classname="org.eclipse.jdt.core.tests.compiler.parser.AnnotationSelectionTest" time="0"/>
  <testcase name="test0016 - 9" classname="org.eclipse.jdt.core.tests.compiler.parser.GenericDietRecoveryTest" time="0.001"/>
  <testcase name="test0016 - 9" classname="org.eclipse.jdt.core.tests.compiler.parser.EnumDietRecoveryTest" time="0.002"/>
  <testcase name="test0016 - 9" classname="org.eclipse.jdt.core.tests.compiler.parser.AnnotationDietRecoveryTest" time="0.004"/>
  <testcase name="test0016 - 9" classname="org.eclipse.jdt.core.tests.compiler.parser.LambdaExpressionSyntaxTest" time="0"/>
  <testcase name="test0016 - 9" classname="org.eclipse.jdt.core.tests.compiler.parser.ReferenceExpressionSyntaxTest" time="0"/>
  <testcase name="test0016 - 9" classname="org.eclipse.jdt.core.tests.compiler.parser.TypeAnnotationSyntaxTest" time="0"/>
  <testcase name="test0016 - 9" classname="org.eclipse.jdt.core.tests.compiler.parser.ModuleDeclarationSyntaxTest" time="0"/>
  <testcase name="test0017_Diet - 9" classname="org.eclipse.jdt.core.tests.compiler.parser.CompletionParserTest2" time="0"/>
  <testcase name="test0017_Method - 9" classname="org.eclipse.jdt.core.tests.compiler.parser.CompletionParserTest2" time="0"/>
  <testcase name="test0018_Diet - 9" classname="org.eclipse.jdt.core.tests.compiler.parser.CompletionParserTest2" time="0"/>
  <testcase name="test0018_Method - 9" classname="org.eclipse.jdt.core.tests.compiler.parser.CompletionParserTest2" time="0"/>
  <testcase name="test0019 - 9" classname="org.eclipse.jdt.core.tests.compiler.parser.CompletionParserTest2" time="0"/>
  <testcase name="test0019 - 9" classname="org.eclipse.jdt.core.tests.compiler.parser.CompletionParserTestKeyword" time="0"/>
  <testcase name="test0019 - 9" classname="org.eclipse.jdt.core.tests.compiler.parser.StatementRecoveryTest" time="0.001"/>
  <testcase name="test0019 - 9" classname="org.eclipse.jdt.core.tests.compiler.parser.ComplianceDiagnoseTest" time="0.001"/>
  <testcase name="test0019 - 9" classname="org.eclipse.jdt.core.tests.compiler.parser.GenericsCompletionParserTest" time="0"/>
  <testcase name="test0019 - 9" classname="org.eclipse.jdt.core.tests.compiler.parser.AnnotationCompletionParserTest" time="0"/>
  <testcase name="test0019 - 9" classname="org.eclipse.jdt.core.tests.compiler.parser.GenericsSelectionTest" time="0"/>
  <testcase name="test0019 - 9" classname="org.eclipse.jdt.core.tests.compiler.parser.GenericDietRecoveryTest" time="0.003"/>
  <testcase name="test0019 - 9" classname="org.eclipse.jdt.core.tests.compiler.parser.AnnotationDietRecoveryTest" time="0.003"/>
  <testcase name="test0019 - 9" classname="org.eclipse.jdt.core.tests.compiler.parser.LambdaExpressionSyntaxTest" time="0"/>
  <testcase name="test0019 - 9" classname="org.eclipse.jdt.core.tests.compiler.parser.ReferenceExpressionSyntaxTest" time="0"/>
  <testcase name="test0019 - 9" classname="org.eclipse.jdt.core.tests.compiler.parser.TypeAnnotationSyntaxTest" time="0.001"/>
  <testcase name="test0019 - 9" classname="org.eclipse.jdt.core.tests.compiler.parser.ModuleDeclarationSyntaxTest" time="0"/>
  <testcase name="test0020_Diet - 9" classname="org.eclipse.jdt.core.tests.compiler.parser.CompletionParserTest2" time="0"/>
  <testcase name="test0020_Method - 9" classname="org.eclipse.jdt.core.tests.compiler.parser.CompletionParserTest2" time="0"/>
  <testcase name="test0021_Diet - 9" classname="org.eclipse.jdt.core.tests.compiler.parser.CompletionParserTest2" time="0"/>
  <testcase name="test0021_Diet - 9" classname="org.eclipse.jdt.core.tests.compiler.parser.CompletionParserTestKeyword" time="0.001"/>
  <testcase name="test0021_Method - 9" classname="org.eclipse.jdt.core.tests.compiler.parser.CompletionParserTest2" time="0.001"/>
  <testcase name="test0021_Method - 9" classname="org.eclipse.jdt.core.tests.compiler.parser.CompletionParserTestKeyword" time="0"/>
  <testcase name="test0022 - 9" classname="org.eclipse.jdt.core.tests.compiler.parser.CompletionParserTest2" time="0"/>
  <testcase name="test0022 - 9" classname="org.eclipse.jdt.core.tests.compiler.parser.StatementRecoveryTest" time="0.001"/>
  <testcase name="test0022 - 9" classname="org.eclipse.jdt.core.tests.compiler.parser.ComplianceDiagnoseTest" time="0.001"/>
  <testcase name="test0022 - 9" classname="org.eclipse.jdt.core.tests.compiler.parser.GenericsCompletionParserTest" time="0"/>
  <testcase name="test0022 - 9" classname="org.eclipse.jdt.core.tests.compiler.parser.AnnotationCompletionParserTest" time="0"/>
  <testcase name="test0022 - 9" classname="org.eclipse.jdt.core.tests.compiler.parser.GenericsSelectionTest" time="0"/>
  <testcase name="test0022 - 9" classname="org.eclipse.jdt.core.tests.compiler.parser.GenericDietRecoveryTest" time="0.002"/>
  <testcase name="test0022 - 9" classname="org.eclipse.jdt.core.tests.compiler.parser.AnnotationDietRecoveryTest" time="0.005"/>
  <testcase name="test0022 - 9" classname="org.eclipse.jdt.core.tests.compiler.parser.TypeAnnotationSyntaxTest" time="0"/>
  <testcase name="test0022 - 9" classname="org.eclipse.jdt.core.tests.compiler.parser.ModuleDeclarationSyntaxTest" time="0"/>
  <testcase name="test0023_Diet - 9" classname="org.eclipse.jdt.core.tests.compiler.parser.CompletionParserTest2" time="0"/>
  <testcase name="test0023_Diet - 9" classname="org.eclipse.jdt.core.tests.compiler.parser.CompletionParserTestKeyword" time="0"/>
  <testcase name="test0023_Method - 9" classname="org.eclipse.jdt.core.tests.compiler.parser.CompletionParserTest2" time="0.001"/>
  <testcase name="test0023_Method - 9" classname="org.eclipse.jdt.core.tests.compiler.parser.CompletionParserTestKeyword" time="0"/>
  <testcase name="test0024_Diet - 9" classname="org.eclipse.jdt.core.tests.compiler.parser.CompletionParserTest2" time="0"/>
  <testcase name="test0024_Diet - 9" classname="org.eclipse.jdt.core.tests.compiler.parser.CompletionParserTestKeyword" time="0"/>
  <testcase name="test0024_Diet - 9" classname="org.eclipse.jdt.core.tests.compiler.parser.AnnotationCompletionParserTest" time="0.001"/>
  <testcase name="test0024_Method - 9" classname="org.eclipse.jdt.core.tests.compiler.parser.CompletionParserTest2" time="0"/>
  <testcase name="test0024_Method - 9" classname="org.eclipse.jdt.core.tests.compiler.parser.CompletionParserTestKeyword" time="0"/>
  <testcase name="test0024_Method - 9" classname="org.eclipse.jdt.core.tests.compiler.parser.AnnotationCompletionParserTest" time="0"/>
  <testcase name="test0025 - 9" classname="org.eclipse.jdt.core.tests.compiler.parser.CompletionParserTest2" time="0"/>
  <testcase name="test0025 - 9" classname="org.eclipse.jdt.core.tests.compiler.parser.StatementRecoveryTest" time="0.001"/>
  <testcase name="test0025 - 9" classname="org.eclipse.jdt.core.tests.compiler.parser.ComplianceDiagnoseTest" time="0"/>
  <testcase name="test0025 - 9" classname="org.eclipse.jdt.core.tests.compiler.parser.GenericsCompletionParserTest" time="0"/>
  <testcase name="test0025 - 9" classname="org.eclipse.jdt.core.tests.compiler.parser.AnnotationCompletionParserTest" time="0"/>
  <testcase name="test0025 - 9" classname="org.eclipse.jdt.core.tests.compiler.parser.GenericDietRecoveryTest" time="0.003"/>
  <testcase name="test0025 - 9" classname="org.eclipse.jdt.core.tests.compiler.parser.AnnotationDietRecoveryTest" time="0.003"/>
  <testcase name="test0025 - 9" classname="org.eclipse.jdt.core.tests.compiler.parser.TypeAnnotationSyntaxTest" time="0"/>
  <testcase name="test0025 - 9" classname="org.eclipse.jdt.core.tests.compiler.parser.ModuleDeclarationSyntaxTest" time="0"/>
  <testcase name="test0026_Diet - 9" classname="org.eclipse.jdt.core.tests.compiler.parser.CompletionParserTest2" time="0"/>
  <testcase name="test0026_Diet - 9" classname="org.eclipse.jdt.core.tests.compiler.parser.CompletionParserTestKeyword" time="0"/>
  <testcase name="test0026_Method - 9" classname="org.eclipse.jdt.core.tests.compiler.parser.CompletionParserTest2" time="0"/>
  <testcase name="test0026_Method - 9" classname="org.eclipse.jdt.core.tests.compiler.parser.CompletionParserTestKeyword" time="0"/>
  <testcase name="test0027_Diet - 9" classname="org.eclipse.jdt.core.tests.compiler.parser.CompletionParserTest2" time="0"/>
  <testcase name="test0027_Diet - 9" classname="org.eclipse.jdt.core.tests.compiler.parser.CompletionParserTestKeyword" time="0"/>
  <testcase name="test0027_Method - 9" classname="org.eclipse.jdt.core.tests.compiler.parser.CompletionParserTest2" time="0.001"/>
  <testcase name="test0027_Method - 9" classname="org.eclipse.jdt.core.tests.compiler.parser.CompletionParserTestKeyword" time="0"/>
  <testcase name="test0028 - 9" classname="org.eclipse.jdt.core.tests.compiler.parser.CompletionParserTest2" time="0"/>
  <testcase name="test0028 - 9" classname="org.eclipse.jdt.core.tests.compiler.parser.StatementRecoveryTest" time="0.001"/>
  <testcase name="test0028 - 9" classname="org.eclipse.jdt.core.tests.compiler.parser.ComplianceDiagnoseTest" time="0"/>
  <testcase name="test0028 - 9" classname="org.eclipse.jdt.core.tests.compiler.parser.GenericsCompletionParserTest" time="0"/>
  <testcase name="test0028 - 9" classname="org.eclipse.jdt.core.tests.compiler.parser.AnnotationDietRecoveryTest" time="0.002"/>
  <testcase name="test0028 - 9" classname="org.eclipse.jdt.core.tests.compiler.parser.TypeAnnotationSyntaxTest" time="0"/>
  <testcase name="test0029_Diet - 9" classname="org.eclipse.jdt.core.tests.compiler.parser.CompletionParserTest2" time="0"/>
  <testcase name="test0029_Diet - 9" classname="org.eclipse.jdt.core.tests.compiler.parser.AnnotationCompletionParserTest" time="0"/>
  <testcase name="test0029_Method - 9" classname="org.eclipse.jdt.core.tests.compiler.parser.CompletionParserTest2" time="0.001"/>
  <testcase name="test0029_Method - 9" classname="org.eclipse.jdt.core.tests.compiler.parser.AnnotationCompletionParserTest" time="0"/>
  <testcase name="test0030_Diet - 9" classname="org.eclipse.jdt.core.tests.compiler.parser.CompletionParserTest2" time="0"/>
  <testcase name="test0030_Diet - 9" classname="org.eclipse.jdt.core.tests.compiler.parser.GenericsCompletionParserTest" time="0.001"/>
  <testcase name="test0030_Method - 9" classname="org.eclipse.jdt.core.tests.compiler.parser.CompletionParserTest2" time="0"/>
  <testcase name="test0030_Method - 9" classname="org.eclipse.jdt.core.tests.compiler.parser.GenericsCompletionParserTest" time="0"/>
  <testcase name="test0031_Diet - 9" classname="org.eclipse.jdt.core.tests.compiler.parser.CompletionParserTest2" time="0"/>
  <testcase name="test0031_Diet - 9" classname="org.eclipse.jdt.core.tests.compiler.parser.GenericsCompletionParserTest" time="0"/>
  <testcase name="test0031_Method - 9" classname="org.eclipse.jdt.core.tests.compiler.parser.CompletionParserTest2" time="0"/>
  <testcase name="test0031_Method - 9" classname="org.eclipse.jdt.core.tests.compiler.parser.GenericsCompletionParserTest" time="0.001"/>
  <testcase name="test0032_Diet - 9" classname="org.eclipse.jdt.core.tests.compiler.parser.CompletionParserTest2" time="0"/>
  <testcase name="test0032_Diet - 9" classname="org.eclipse.jdt.core.tests.compiler.parser.GenericsCompletionParserTest" time="0"/>
  <testcase name="test0032_Method - 9" classname="org.eclipse.jdt.core.tests.compiler.parser.CompletionParserTest2" time="0.001"/>
  <testcase name="test0032_Method - 9" classname="org.eclipse.jdt.core.tests.compiler.parser.GenericsCompletionParserTest" time="0"/>
  <testcase name="test0033_Diet - 9" classname="org.eclipse.jdt.core.tests.compiler.parser.CompletionParserTest2" time="0"/>
  <testcase name="test0033_Diet - 9" classname="org.eclipse.jdt.core.tests.compiler.parser.GenericsCompletionParserTest" time="0"/>
  <testcase name="test0033_Method - 9" classname="org.eclipse.jdt.core.tests.compiler.parser.CompletionParserTest2" time="0"/>
  <testcase name="test0033_Method - 9" classname="org.eclipse.jdt.core.tests.compiler.parser.GenericsCompletionParserTest" time="0.001"/>
  <testcase name="test0034_Diet - 9" classname="org.eclipse.jdt.core.tests.compiler.parser.CompletionParserTest2" time="0.001"/>
  <testcase name="test0034_Diet - 9" classname="org.eclipse.jdt.core.tests.compiler.parser.GenericsCompletionParserTest" time="0"/>
  <testcase name="test0034_Diet - 9" classname="org.eclipse.jdt.core.tests.compiler.parser.AnnotationCompletionParserTest" time="0"/>
  <testcase name="test0034_Method - 9" classname="org.eclipse.jdt.core.tests.compiler.parser.CompletionParserTest2" time="0"/>
  <testcase name="test0034_Method - 9" classname="org.eclipse.jdt.core.tests.compiler.parser.GenericsCompletionParserTest" time="0"/>
  <testcase name="test0034_Method - 9" classname="org.eclipse.jdt.core.tests.compiler.parser.AnnotationCompletionParserTest" time="0"/>
  <testcase name="test0035_Diet - 9" classname="org.eclipse.jdt.core.tests.compiler.parser.CompletionParserTest2" time="0"/>
  <testcase name="test0035_Diet - 9" classname="org.eclipse.jdt.core.tests.compiler.parser.GenericsCompletionParserTest" time="0"/>
  <testcase name="test0035_Diet - 9" classname="org.eclipse.jdt.core.tests.compiler.parser.AnnotationCompletionParserTest" time="0"/>
  <testcase name="test0035_Method - 9" classname="org.eclipse.jdt.core.tests.compiler.parser.CompletionParserTest2" time="0.001"/>
  <testcase name="test0035_Method - 9" classname="org.eclipse.jdt.core.tests.compiler.parser.GenericsCompletionParserTest" time="0"/>
  <testcase name="test0035_Method - 9" classname="org.eclipse.jdt.core.tests.compiler.parser.AnnotationCompletionParserTest" time="0"/>
  <testcase name="test0036_Diet - 9" classname="org.eclipse.jdt.core.tests.compiler.parser.CompletionParserTest2" time="0"/>
  <testcase name="test0036_Diet - 9" classname="org.eclipse.jdt.core.tests.compiler.parser.GenericsCompletionParserTest" time="0"/>
  <testcase name="test0036_Method - 9" classname="org.eclipse.jdt.core.tests.compiler.parser.CompletionParserTest2" time="0.001"/>
  <testcase name="test0036_Method - 9" classname="org.eclipse.jdt.core.tests.compiler.parser.GenericsCompletionParserTest" time="0"/>
  <testcase name="test0037 - 9" classname="org.eclipse.jdt.core.tests.compiler.parser.CompletionParserTest2" time="0"/>
  <testcase name="test0037 - 9" classname="org.eclipse.jdt.core.tests.compiler.parser.StatementRecoveryTest" time="0"/>
  <testcase name="test0037 - 9" classname="org.eclipse.jdt.core.tests.compiler.parser.ComplianceDiagnoseTest" time="0"/>
  <testcase name="test0037 - 9" classname="org.eclipse.jdt.core.tests.compiler.parser.AnnotationCompletionParserTest" time="0"/>
  <testcase name="test0037 - 9" classname="org.eclipse.jdt.core.tests.compiler.parser.AnnotationDietRecoveryTest" time="0.002"/>
  <testcase name="test0037 - 9" classname="org.eclipse.jdt.core.tests.compiler.parser.TypeAnnotationSyntaxTest" time="0.001"/>
  <testcase name="test0038_Diet - 9" classname="org.eclipse.jdt.core.tests.compiler.parser.CompletionParserTest2" time="0"/>
  <testcase name="test0038_Diet - 9" classname="org.eclipse.jdt.core.tests.compiler.parser.CompletionParserTestKeyword" time="0"/>
  <testcase name="test0038_Diet - 9" classname="org.eclipse.jdt.core.tests.compiler.parser.GenericsCompletionParserTest" time="0"/>
  <testcase name="test0038_Method - 9" classname="org.eclipse.jdt.core.tests.compiler.parser.CompletionParserTest2" time="0.001"/>
  <testcase name="test0038_Method - 9" classname="org.eclipse.jdt.core.tests.compiler.parser.CompletionParserTestKeyword" time="0"/>
  <testcase name="test0038_Method - 9" classname="org.eclipse.jdt.core.tests.compiler.parser.GenericsCompletionParserTest" time="0"/>
  <testcase name="test0039_Diet - 9" classname="org.eclipse.jdt.core.tests.compiler.parser.CompletionParserTest2" time="0"/>
  <testcase name="test0039_Diet - 9" classname="org.eclipse.jdt.core.tests.compiler.parser.CompletionParserTestKeyword" time="0"/>
  <testcase name="test0039_Diet - 9" classname="org.eclipse.jdt.core.tests.compiler.parser.GenericsCompletionParserTest" time="0"/>
  <testcase name="test0039_Method - 9" classname="org.eclipse.jdt.core.tests.compiler.parser.CompletionParserTest2" time="0"/>
  <testcase name="test0039_Method - 9" classname="org.eclipse.jdt.core.tests.compiler.parser.CompletionParserTestKeyword" time="0"/>
  <testcase name="test0039_Method - 9" classname="org.eclipse.jdt.core.tests.compiler.parser.GenericsCompletionParserTest" time="0"/>
  <testcase name="test0040 - 9" classname="org.eclipse.jdt.core.tests.compiler.parser.CompletionParserTest2" time="0.001"/>
  <testcase name="test0040 - 9" classname="org.eclipse.jdt.core.tests.compiler.parser.StatementRecoveryTest" time="0.002"/>
  <testcase name="test0040 - 9" classname="org.eclipse.jdt.core.tests.compiler.parser.ComplianceDiagnoseTest" time="0.001"/>
  <testcase name="test0040 - 9" classname="org.eclipse.jdt.core.tests.compiler.parser.AnnotationDietRecoveryTest" time="0.001"/>
  <testcase name="test0040 - 9" classname="org.eclipse.jdt.core.tests.compiler.parser.TypeAnnotationSyntaxTest" time="0.001"/>
  <testcase name="test0041_Diet - 9" classname="org.eclipse.jdt.core.tests.compiler.parser.CompletionParserTest2" time="0"/>
  <testcase name="test0041_Diet - 9" classname="org.eclipse.jdt.core.tests.compiler.parser.CompletionParserTestKeyword" time="0"/>
  <testcase name="test0041_Diet - 9" classname="org.eclipse.jdt.core.tests.compiler.parser.GenericsCompletionParserTest" time="0.001"/>
  <testcase name="test0041_Diet - 9" classname="org.eclipse.jdt.core.tests.compiler.parser.AnnotationCompletionParserTest" time="0"/>
  <testcase name="test0041_Method - 9" classname="org.eclipse.jdt.core.tests.compiler.parser.CompletionParserTest2" time="0"/>
  <testcase name="test0041_Method - 9" classname="org.eclipse.jdt.core.tests.compiler.parser.CompletionParserTestKeyword" time="0"/>
  <testcase name="test0041_Method - 9" classname="org.eclipse.jdt.core.tests.compiler.parser.GenericsCompletionParserTest" time="0"/>
  <testcase name="test0041_Method - 9" classname="org.eclipse.jdt.core.tests.compiler.parser.AnnotationCompletionParserTest" time="0"/>
  <testcase name="test0042_Diet - 9" classname="org.eclipse.jdt.core.tests.compiler.parser.CompletionParserTest2" time="0.001"/>
  <testcase name="test0042_Diet - 9" classname="org.eclipse.jdt.core.tests.compiler.parser.CompletionParserTestKeyword" time="0"/>
  <testcase name="test0042_Diet - 9" classname="org.eclipse.jdt.core.tests.compiler.parser.GenericsCompletionParserTest" time="0"/>
  <testcase name="test0042_Method - 9" classname="org.eclipse.jdt.core.tests.compiler.parser.CompletionParserTest2" time="0"/>
  <testcase name="test0042_Method - 9" classname="org.eclipse.jdt.core.tests.compiler.parser.CompletionParserTestKeyword" time="0"/>
  <testcase name="test0042_Method - 9" classname="org.eclipse.jdt.core.tests.compiler.parser.GenericsCompletionParserTest" time="0"/>
  <testcase name="test0043 - 9" classname="org.eclipse.jdt.core.tests.compiler.parser.CompletionParserTest2" time="0"/>
  <testcase name="test0043 - 9" classname="org.eclipse.jdt.core.tests.compiler.parser.StatementRecoveryTest" time="0.001"/>
  <testcase name="test0043 - 9" classname="org.eclipse.jdt.core.tests.compiler.parser.ComplianceDiagnoseTest" time="0.001"/>
  <testcase name="test0043 - 9" classname="org.eclipse.jdt.core.tests.compiler.parser.AnnotationCompletionParserTest" time="0"/>
  <testcase name="test0043 - 9" classname="org.eclipse.jdt.core.tests.compiler.parser.TypeAnnotationSyntaxTest" time="0.001"/>
  <testcase name="test0044_Diet - 9" classname="org.eclipse.jdt.core.tests.compiler.parser.CompletionParserTest2" time="0"/>
  <testcase name="test0044_Diet - 9" classname="org.eclipse.jdt.core.tests.compiler.parser.CompletionParserTestKeyword" time="0"/>
  <testcase name="test0044_Diet - 9" classname="org.eclipse.jdt.core.tests.compiler.parser.GenericsCompletionParserTest" time="0.001"/>
  <testcase name="test0044_Method - 9" classname="org.eclipse.jdt.core.tests.compiler.parser.CompletionParserTest2" time="0"/>
  <testcase name="test0044_Method - 9" classname="org.eclipse.jdt.core.tests.compiler.parser.CompletionParserTestKeyword" time="0"/>
  <testcase name="test0044_Method - 9" classname="org.eclipse.jdt.core.tests.compiler.parser.GenericsCompletionParserTest" time="0"/>
  <testcase name="test0045_Diet - 9" classname="org.eclipse.jdt.core.tests.compiler.parser.CompletionParserTest2" time="0"/>
  <testcase name="test0045_Diet - 9" classname="org.eclipse.jdt.core.tests.compiler.parser.CompletionParserTestKeyword" time="0"/>
  <testcase name="test0045_Diet - 9" classname="org.eclipse.jdt.core.tests.compiler.parser.GenericsCompletionParserTest" time="0"/>
  <testcase name="test0045_Method - 9" classname="org.eclipse.jdt.core.tests.compiler.parser.CompletionParserTest2" time="0"/>
  <testcase name="test0045_Method - 9" classname="org.eclipse.jdt.core.tests.compiler.parser.CompletionParserTestKeyword" time="0"/>
  <testcase name="test0045_Method - 9" classname="org.eclipse.jdt.core.tests.compiler.parser.GenericsCompletionParserTest" time="0"/>
  <testcase name="test0046 - 9" classname="org.eclipse.jdt.core.tests.compiler.parser.CompletionParserTest2" time="0"/>
  <testcase name="test0046 - 9" classname="org.eclipse.jdt.core.tests.compiler.parser.StatementRecoveryTest" time="0.001"/>
  <testcase name="test0046 - 9" classname="org.eclipse.jdt.core.tests.compiler.parser.ComplianceDiagnoseTest" time="0.003"/>
  <testcase name="test0046 - 9" classname="org.eclipse.jdt.core.tests.compiler.parser.TypeAnnotationSyntaxTest" time="0.001"/>
  <testcase name="test0047_Diet - 9" classname="org.eclipse.jdt.core.tests.compiler.parser.CompletionParserTest2" time="0"/>
  <testcase name="test0047_Diet - 9" classname="org.eclipse.jdt.core.tests.compiler.parser.GenericsCompletionParserTest" time="0"/>
  <testcase name="test0047_Diet - 9" classname="org.eclipse.jdt.core.tests.compiler.parser.AnnotationCompletionParserTest" time="0"/>
  <testcase name="test0047_Method - 9" classname="org.eclipse.jdt.core.tests.compiler.parser.CompletionParserTest2" time="0.001"/>
  <testcase name="test0047_Method - 9" classname="org.eclipse.jdt.core.tests.compiler.parser.GenericsCompletionParserTest" time="0.001"/>
  <testcase name="test0047_Method - 9" classname="org.eclipse.jdt.core.tests.compiler.parser.AnnotationCompletionParserTest" time="0"/>
  <testcase name="test0048_Diet - 9" classname="org.eclipse.jdt.core.tests.compiler.parser.CompletionParserTest2" time="0"/>
  <testcase name="test0048_Diet - 9" classname="org.eclipse.jdt.core.tests.compiler.parser.GenericsCompletionParserTest" time="0"/>
  <testcase name="test0048_Method - 9" classname="org.eclipse.jdt.core.tests.compiler.parser.CompletionParserTest2" time="0"/>
  <testcase name="test0048_Method - 9" classname="org.eclipse.jdt.core.tests.compiler.parser.GenericsCompletionParserTest" time="0"/>
  <testcase name="test0049 - 9" classname="org.eclipse.jdt.core.tests.compiler.parser.CompletionParserTest2" time="0.001"/>
  <testcase name="test0049 - 9" classname="org.eclipse.jdt.core.tests.compiler.parser.CompletionParserTestKeyword" time="0"/>
  <testcase name="test0049 - 9" classname="org.eclipse.jdt.core.tests.compiler.parser.ComplianceDiagnoseTest" time="0.002"/>
  <testcase name="test0049 - 9" classname="org.eclipse.jdt.core.tests.compiler.parser.AnnotationCompletionParserTest" time="0.001"/>
  <testcase name="test0049 - 9" classname="org.eclipse.jdt.core.tests.compiler.parser.TypeAnnotationSyntaxTest" time="0.001"/>
  <testcase name="test0050_Diet - 9" classname="org.eclipse.jdt.core.tests.compiler.parser.CompletionParserTest2" time="0"/>
  <testcase name="test0050_Diet - 9" classname="org.eclipse.jdt.core.tests.compiler.parser.GenericsCompletionParserTest" time="0"/>
  <testcase name="test0050_Method - 9" classname="org.eclipse.jdt.core.tests.compiler.parser.CompletionParserTest2" time="0"/>
  <testcase name="test0050_Method - 9" classname="org.eclipse.jdt.core.tests.compiler.parser.GenericsCompletionParserTest" time="0"/>
  <testcase name="test0051_Diet - 9" classname="org.eclipse.jdt.core.tests.compiler.parser.CompletionParserTest2" time="0.001"/>
  <testcase name="test0051_Diet - 9" classname="org.eclipse.jdt.core.tests.compiler.parser.GenericsCompletionParserTest" time="0"/>
  <testcase name="test0051_Method - 9" classname="org.eclipse.jdt.core.tests.compiler.parser.CompletionParserTest2" time="0"/>
  <testcase name="test0051_Method - 9" classname="org.eclipse.jdt.core.tests.compiler.parser.GenericsCompletionParserTest" time="0"/>
  <testcase name="test0052 - 9" classname="org.eclipse.jdt.core.tests.compiler.parser.CompletionParserTest2" time="0"/>
  <testcase name="test0052 - 9" classname="org.eclipse.jdt.core.tests.compiler.parser.CompletionParserTestKeyword" time="0"/>
  <testcase name="test0052 - 9" classname="org.eclipse.jdt.core.tests.compiler.parser.ComplianceDiagnoseTest" time="0.001"/>
  <testcase name="test0052 - 9" classname="org.eclipse.jdt.core.tests.compiler.parser.TypeAnnotationSyntaxTest" time="0"/>
  <testcase name="test0053_Diet - 9" classname="org.eclipse.jdt.core.tests.compiler.parser.CompletionParserTest2" time="0"/>
  <testcase name="test0053_Diet - 9" classname="org.eclipse.jdt.core.tests.compiler.parser.GenericsCompletionParserTest" time="0.001"/>
  <testcase name="test0053_Diet - 9" classname="org.eclipse.jdt.core.tests.compiler.parser.AnnotationCompletionParserTest" time="0.001"/>
  <testcase name="test0053_Method - 9" classname="org.eclipse.jdt.core.tests.compiler.parser.CompletionParserTest2" time="0"/>
  <testcase name="test0053_Method - 9" classname="org.eclipse.jdt.core.tests.compiler.parser.GenericsCompletionParserTest" time="0"/>
  <testcase name="test0053_Method - 9" classname="org.eclipse.jdt.core.tests.compiler.parser.AnnotationCompletionParserTest" time="0"/>
  <testcase name="test0054_Diet - 9" classname="org.eclipse.jdt.core.tests.compiler.parser.CompletionParserTest2" time="0.001"/>
  <testcase name="test0054_Diet - 9" classname="org.eclipse.jdt.core.tests.compiler.parser.GenericsCompletionParserTest" time="0"/>
  <testcase name="test0054_Method - 9" classname="org.eclipse.jdt.core.tests.compiler.parser.CompletionParserTest2" time="0"/>
  <testcase name="test0054_Method - 9" classname="org.eclipse.jdt.core.tests.compiler.parser.GenericsCompletionParserTest" time="0"/>
  <testcase name="test0055 - 9" classname="org.eclipse.jdt.core.tests.compiler.parser.CompletionParserTest2" time="0"/>
  <testcase name="test0055 - 9" classname="org.eclipse.jdt.core.tests.compiler.parser.ComplianceDiagnoseTest" time="0"/>
  <testcase name="test0055 - 9" classname="org.eclipse.jdt.core.tests.compiler.parser.AnnotationCompletionParserTest" time="0"/>
  <testcase name="test0055 - 9" classname="org.eclipse.jdt.core.tests.compiler.parser.TypeAnnotationSyntaxTest" time="0.001"/>
  <testcase name="test0056_Diet - 9" classname="org.eclipse.jdt.core.tests.compiler.parser.CompletionParserTest2" time="0.001"/>
  <testcase name="test0056_Diet - 9" classname="org.eclipse.jdt.core.tests.compiler.parser.CompletionParserTestKeyword" time="0"/>
  <testcase name="test0056_Diet - 9" classname="org.eclipse.jdt.core.tests.compiler.parser.GenericsCompletionParserTest" time="0"/>
  <testcase name="test0056_Method - 9" classname="org.eclipse.jdt.core.tests.compiler.parser.CompletionParserTest2" time="0"/>
  <testcase name="test0056_Method - 9" classname="org.eclipse.jdt.core.tests.compiler.parser.CompletionParserTestKeyword" time="0"/>
  <testcase name="test0056_Method - 9" classname="org.eclipse.jdt.core.tests.compiler.parser.GenericsCompletionParserTest" time="0.001"/>
  <testcase name="test0057_Diet - 9" classname="org.eclipse.jdt.core.tests.compiler.parser.CompletionParserTest2" time="0"/>
  <testcase name="test0057_Diet - 9" classname="org.eclipse.jdt.core.tests.compiler.parser.CompletionParserTestKeyword" time="0.001"/>
  <testcase name="test0057_Diet - 9" classname="org.eclipse.jdt.core.tests.compiler.parser.GenericsCompletionParserTest" time="0"/>
  <testcase name="test0057_Method - 9" classname="org.eclipse.jdt.core.tests.compiler.parser.CompletionParserTest2" time="0"/>
  <testcase name="test0057_Method - 9" classname="org.eclipse.jdt.core.tests.compiler.parser.CompletionParserTestKeyword" time="0"/>
  <testcase name="test0057_Method - 9" classname="org.eclipse.jdt.core.tests.compiler.parser.GenericsCompletionParserTest" time="0"/>
  <testcase name="test0058 - 9" classname="org.eclipse.jdt.core.tests.compiler.parser.CompletionParserTest2" time="0"/>
  <testcase name="test0058 - 9" classname="org.eclipse.jdt.core.tests.compiler.parser.ComplianceDiagnoseTest" time="0.001"/>
  <testcase name="test0058 - 9" classname="org.eclipse.jdt.core.tests.compiler.parser.TypeAnnotationSyntaxTest" time="0.001"/>
  <testcase name="test0059_Diet - 9" classname="org.eclipse.jdt.core.tests.compiler.parser.CompletionParserTest2" time="0"/>
  <testcase name="test0059_Diet - 9" classname="org.eclipse.jdt.core.tests.compiler.parser.CompletionParserTestKeyword" time="0"/>
  <testcase name="test0059_Diet - 9" classname="org.eclipse.jdt.core.tests.compiler.parser.AnnotationCompletionParserTest" time="0"/>
  <testcase name="test0059_Method - 9" classname="org.eclipse.jdt.core.tests.compiler.parser.CompletionParserTest2" time="0"/>
  <testcase name="test0059_Method - 9" classname="org.eclipse.jdt.core.tests.compiler.parser.CompletionParserTestKeyword" time="0"/>
  <testcase name="test0059_Method - 9" classname="org.eclipse.jdt.core.tests.compiler.parser.AnnotationCompletionParserTest" time="0"/>
  <testcase name="test0060_Diet - 9" classname="org.eclipse.jdt.core.tests.compiler.parser.CompletionParserTest2" time="0.001"/>
  <testcase name="test0060_Method - 9" classname="org.eclipse.jdt.core.tests.compiler.parser.CompletionParserTest2" time="0"/>
  <testcase name="test0061 - 9" classname="org.eclipse.jdt.core.tests.compiler.parser.CompletionParserTest2" time="0"/>
  <testcase name="test0061 - 9" classname="org.eclipse.jdt.core.tests.compiler.parser.CompletionParserTestKeyword" time="0"/>
  <testcase name="test0061 - 9" classname="org.eclipse.jdt.core.tests.compiler.parser.ComplianceDiagnoseTest" time="0"/>
  <testcase name="test0061 - 9" classname="org.eclipse.jdt.core.tests.compiler.parser.GenericsCompletionParserTest" time="0"/>
  <testcase name="test0061 - 9" classname="org.eclipse.jdt.core.tests.compiler.parser.AnnotationCompletionParserTest" time="0"/>
  <testcase name="test0061 - 9" classname="org.eclipse.jdt.core.tests.compiler.parser.TypeAnnotationSyntaxTest" time="0.002"/>
  <testcase name="test0062_Diet - 9" classname="org.eclipse.jdt.core.tests.compiler.parser.CompletionParserTest2" time="0"/>
  <testcase name="test0062_Method - 9" classname="org.eclipse.jdt.core.tests.compiler.parser.CompletionParserTest2" time="0"/>
  <testcase name="test0063_Diet - 9" classname="org.eclipse.jdt.core.tests.compiler.parser.CompletionParserTest2" time="0"/>
  <testcase name="test0063_Method - 9" classname="org.eclipse.jdt.core.tests.compiler.parser.CompletionParserTest2" time="0"/>
  <testcase name="test0064 - 9" classname="org.eclipse.jdt.core.tests.compiler.parser.CompletionParserTest2" time="0"/>
  <testcase name="test0064 - 9" classname="org.eclipse.jdt.core.tests.compiler.parser.CompletionParserTestKeyword" time="0"/>
  <testcase name="test0064 - 9" classname="org.eclipse.jdt.core.tests.compiler.parser.ComplianceDiagnoseTest" time="0"/>
  <testcase name="test0064 - 9" classname="org.eclipse.jdt.core.tests.compiler.parser.GenericsCompletionParserTest" time="0"/>
  <testcase name="test0064 - 9" classname="org.eclipse.jdt.core.tests.compiler.parser.TypeAnnotationSyntaxTest" time="0.001"/>
  <testcase name="test0065_Diet - 9" classname="org.eclipse.jdt.core.tests.compiler.parser.CompletionParserTest2" time="0"/>
  <testcase name="test0065_Diet - 9" classname="org.eclipse.jdt.core.tests.compiler.parser.AnnotationCompletionParserTest" time="0"/>
  <testcase name="test0065_Method - 9" classname="org.eclipse.jdt.core.tests.compiler.parser.CompletionParserTest2" time="0"/>
  <testcase name="test0065_Method - 9" classname="org.eclipse.jdt.core.tests.compiler.parser.AnnotationCompletionParserTest" time="0"/>
  <testcase name="test0066_Diet - 9" classname="org.eclipse.jdt.core.tests.compiler.parser.CompletionParserTest2" time="0.001"/>
  <testcase name="test0066_Method - 9" classname="org.eclipse.jdt.core.tests.compiler.parser.CompletionParserTest2" time="0"/>
  <testcase name="test0067_Diet - 9" classname="org.eclipse.jdt.core.tests.compiler.parser.CompletionParserTest2" time="0"/>
  <testcase name="test0067_Method - 9" classname="org.eclipse.jdt.core.tests.compiler.parser.CompletionParserTest2" time="0.001"/>
  <testcase name="test0068_Diet - 9" classname="org.eclipse.jdt.core.tests.compiler.parser.CompletionParserTest2" time="0"/>
  <testcase name="test0068_Method - 9" classname="org.eclipse.jdt.core.tests.compiler.parser.CompletionParserTest2" time="0"/>
  <testcase name="test0069_Diet - 9" classname="org.eclipse.jdt.core.tests.compiler.parser.CompletionParserTest2" time="0.001"/>
  <testcase name="test0069_Method - 9" classname="org.eclipse.jdt.core.tests.compiler.parser.CompletionParserTest2" time="0"/>
  <testcase name="test0070_Diet - 9" classname="org.eclipse.jdt.core.tests.compiler.parser.CompletionParserTest2" time="0"/>
  <testcase name="test0070_Diet - 9" classname="org.eclipse.jdt.core.tests.compiler.parser.AnnotationCompletionParserTest" time="0"/>
  <testcase name="test0070_Method - 9" classname="org.eclipse.jdt.core.tests.compiler.parser.CompletionParserTest2" time="0.001"/>
  <testcase name="test0070_Method - 9" classname="org.eclipse.jdt.core.tests.compiler.parser.AnnotationCompletionParserTest" time="0"/>
  <testcase name="test0071_Diet - 9" classname="org.eclipse.jdt.core.tests.compiler.parser.CompletionParserTest2" time="0"/>
  <testcase name="test0071_Diet - 9" classname="org.eclipse.jdt.core.tests.compiler.parser.AnnotationCompletionParserTest" time="0"/>
  <testcase name="test0071_Method - 9" classname="org.eclipse.jdt.core.tests.compiler.parser.CompletionParserTest2" time="0"/>
  <testcase name="test0071_Method - 9" classname="org.eclipse.jdt.core.tests.compiler.parser.AnnotationCompletionParserTest" time="0"/>
  <testcase name="test0072_Diet - 9" classname="org.eclipse.jdt.core.tests.compiler.parser.CompletionParserTest2" time="0"/>
  <testcase name="test0072_Method - 9" classname="org.eclipse.jdt.core.tests.compiler.parser.CompletionParserTest2" time="0"/>
  <testcase name="test0073 - 9" classname="org.eclipse.jdt.core.tests.compiler.parser.CompletionParserTest2" time="0.001"/>
  <testcase name="test0073 - 9" classname="org.eclipse.jdt.core.tests.compiler.parser.CompletionParserTestKeyword" time="0"/>
  <testcase name="test0073 - 9" classname="org.eclipse.jdt.core.tests.compiler.parser.GenericsCompletionParserTest" time="0.001"/>
  <testcase name="test0073 - 9" classname="org.eclipse.jdt.core.tests.compiler.parser.AnnotationCompletionParserTest" time="0"/>
  <testcase name="test0073 - 9" classname="org.eclipse.jdt.core.tests.compiler.parser.TypeAnnotationSyntaxTest" time="0.001"/>
  <testcase name="test0074_Diet - 9" classname="org.eclipse.jdt.core.tests.compiler.parser.CompletionParserTest2" time="0"/>
  <testcase name="test0074_Method - 9" classname="org.eclipse.jdt.core.tests.compiler.parser.CompletionParserTest2" time="0"/>
  <testcase name="test0075_Diet - 9" classname="org.eclipse.jdt.core.tests.compiler.parser.CompletionParserTest2" time="0"/>
  <testcase name="test0075_Method - 9" classname="org.eclipse.jdt.core.tests.compiler.parser.CompletionParserTest2" time="0"/>
  <testcase name="test0076 - 9" classname="org.eclipse.jdt.core.tests.compiler.parser.CompletionParserTest2" time="0"/>
  <testcase name="test0076 - 9" classname="org.eclipse.jdt.core.tests.compiler.parser.CompletionParserTestKeyword" time="0"/>
  <testcase name="test0076 - 9" classname="org.eclipse.jdt.core.tests.compiler.parser.GenericsCompletionParserTest" time="0"/>
  <testcase name="test0076 - 9" classname="org.eclipse.jdt.core.tests.compiler.parser.AnnotationCompletionParserTest" time="0"/>
  <testcase name="test0076 - 9" classname="org.eclipse.jdt.core.tests.compiler.parser.TypeAnnotationSyntaxTest" time="0.001"/>
  <testcase name="test0077_Diet - 9" classname="org.eclipse.jdt.core.tests.compiler.parser.CompletionParserTest2" time="0"/>
  <testcase name="test0077_Method - 9" classname="org.eclipse.jdt.core.tests.compiler.parser.CompletionParserTest2" time="0"/>
  <testcase name="test0078_Diet - 9" classname="org.eclipse.jdt.core.tests.compiler.parser.CompletionParserTest2" time="0"/>
  <testcase name="test0078_Method - 9" classname="org.eclipse.jdt.core.tests.compiler.parser.CompletionParserTest2" time="0"/>
  <testcase name="test0079_Diet - 9" classname="org.eclipse.jdt.core.tests.compiler.parser.CompletionParserTest2" time="0.001"/>
  <testcase name="test0079_Method - 9" classname="org.eclipse.jdt.core.tests.compiler.parser.CompletionParserTest2" time="0"/>
  <testcase name="test0080_Diet - 9" classname="org.eclipse.jdt.core.tests.compiler.parser.CompletionParserTest2" time="0"/>
  <testcase name="test0080_Diet - 9" classname="org.eclipse.jdt.core.tests.compiler.parser.CompletionParserTestKeyword" time="0"/>
  <testcase name="test0080_Method - 9" classname="org.eclipse.jdt.core.tests.compiler.parser.CompletionParserTest2" time="0.001"/>
  <testcase name="test0080_Method - 9" classname="org.eclipse.jdt.core.tests.compiler.parser.CompletionParserTestKeyword" time="0"/>
  <testcase name="test0081_Diet - 9" classname="org.eclipse.jdt.core.tests.compiler.parser.CompletionParserTest2" time="0"/>
  <testcase name="test0081_Diet - 9" classname="org.eclipse.jdt.core.tests.compiler.parser.CompletionParserTestKeyword" time="0"/>
  <testcase name="test0081_Method - 9" classname="org.eclipse.jdt.core.tests.compiler.parser.CompletionParserTest2" time="0"/>
  <testcase name="test0081_Method - 9" classname="org.eclipse.jdt.core.tests.compiler.parser.CompletionParserTestKeyword" time="0"/>
  <testcase name="test0082_Diet - 9" classname="org.eclipse.jdt.core.tests.compiler.parser.CompletionParserTest2" time="0"/>
  <testcase name="test0082_Diet - 9" classname="org.eclipse.jdt.core.tests.compiler.parser.CompletionParserTestKeyword" time="0"/>
  <testcase name="test0082_Method - 9" classname="org.eclipse.jdt.core.tests.compiler.parser.CompletionParserTest2" time="0"/>
  <testcase name="test0082_Method - 9" classname="org.eclipse.jdt.core.tests.compiler.parser.CompletionParserTestKeyword" time="0"/>
  <testcase name="test0083_Diet - 9" classname="org.eclipse.jdt.core.tests.compiler.parser.CompletionParserTest2" time="0"/>
  <testcase name="test0083_Method - 9" classname="org.eclipse.jdt.core.tests.compiler.parser.CompletionParserTest2" time="0"/>
  <testcase name="test0084_Diet - 9" classname="org.eclipse.jdt.core.tests.compiler.parser.CompletionParserTest2" time="0"/>
  <testcase name="test0084_Method - 9" classname="org.eclipse.jdt.core.tests.compiler.parser.CompletionParserTest2" time="0.001"/>
  <testcase name="test0085_Diet - 9" classname="org.eclipse.jdt.core.tests.compiler.parser.CompletionParserTest2" time="0"/>
  <testcase name="test0085_Method - 9" classname="org.eclipse.jdt.core.tests.compiler.parser.CompletionParserTest2" time="0"/>
  <testcase name="test0086_Diet - 9" classname="org.eclipse.jdt.core.tests.compiler.parser.CompletionParserTest2" time="0.001"/>
  <testcase name="test0086_Method - 9" classname="org.eclipse.jdt.core.tests.compiler.parser.CompletionParserTest2" time="0"/>
  <testcase name="test0087_Diet - 9" classname="org.eclipse.jdt.core.tests.compiler.parser.CompletionParserTest2" time="0"/>
  <testcase name="test0087_Method - 9" classname="org.eclipse.jdt.core.tests.compiler.parser.CompletionParserTest2" time="0.001"/>
  <testcase name="test0088_Diet - 9" classname="org.eclipse.jdt.core.tests.compiler.parser.CompletionParserTest2" time="0"/>
  <testcase name="test0088_Method - 9" classname="org.eclipse.jdt.core.tests.compiler.parser.CompletionParserTest2" time="0"/>
  <testcase name="test0089_Diet - 9" classname="org.eclipse.jdt.core.tests.compiler.parser.CompletionParserTest2" time="0.001"/>
  <testcase name="test0089_Method - 9" classname="org.eclipse.jdt.core.tests.compiler.parser.CompletionParserTest2" time="0"/>
  <testcase name="test0090_Diet - 9" classname="org.eclipse.jdt.core.tests.compiler.parser.CompletionParserTest2" time="0"/>
  <testcase name="test0090_Diet - 9" classname="org.eclipse.jdt.core.tests.compiler.parser.CompletionParserTestKeyword" time="0"/>
  <testcase name="test0090_Method - 9" classname="org.eclipse.jdt.core.tests.compiler.parser.CompletionParserTest2" time="0"/>
  <testcase name="test0090_Method - 9" classname="org.eclipse.jdt.core.tests.compiler.parser.CompletionParserTestKeyword" time="0"/>
  <testcase name="test0091 - 9" classname="org.eclipse.jdt.core.tests.compiler.parser.CompletionParserTest2" time="0"/>
  <testcase name="test0091 - 9" classname="org.eclipse.jdt.core.tests.compiler.parser.GenericsCompletionParserTest" time="0"/>
  <testcase name="test0091 - 9" classname="org.eclipse.jdt.core.tests.compiler.parser.AnnotationCompletionParserTest" time="0"/>
  <testcase name="test0091 - 9" classname="org.eclipse.jdt.core.tests.compiler.parser.TypeAnnotationSyntaxTest" time="0.001"/>
  <testcase name="test0092_Diet - 9" classname="org.eclipse.jdt.core.tests.compiler.parser.CompletionParserTest2" time="0.001"/>
  <testcase name="test0092_Diet - 9" classname="org.eclipse.jdt.core.tests.compiler.parser.CompletionParserTestKeyword" time="0"/>
  <testcase name="test0092_Method - 9" classname="org.eclipse.jdt.core.tests.compiler.parser.CompletionParserTest2" time="0"/>
  <testcase name="test0092_Method - 9" classname="org.eclipse.jdt.core.tests.compiler.parser.CompletionParserTestKeyword" time="0"/>
  <testcase name="test0093_Diet - 9" classname="org.eclipse.jdt.core.tests.compiler.parser.CompletionParserTest2" time="0"/>
  <testcase name="test0093_Diet - 9" classname="org.eclipse.jdt.core.tests.compiler.parser.CompletionParserTestKeyword" time="0"/>
  <testcase name="test0093_Method - 9" classname="org.eclipse.jdt.core.tests.compiler.parser.CompletionParserTest2" time="0"/>
  <testcase name="test0093_Method - 9" classname="org.eclipse.jdt.core.tests.compiler.parser.CompletionParserTestKeyword" time="0"/>
  <testcase name="test0094 - 9" classname="org.eclipse.jdt.core.tests.compiler.parser.CompletionParserTest2" time="0"/>
  <testcase name="test0094 - 9" classname="org.eclipse.jdt.core.tests.compiler.parser.GenericsCompletionParserTest" time="0"/>
  <testcase name="test0094 - 9" classname="org.eclipse.jdt.core.tests.compiler.parser.AnnotationCompletionParserTest" time="0"/>
  <testcase name="test0094 - 9" classname="org.eclipse.jdt.core.tests.compiler.parser.TypeAnnotationSyntaxTest" time="0.001"/>
  <testcase name="test0095_Diet - 9" classname="org.eclipse.jdt.core.tests.compiler.parser.CompletionParserTest2" time="0"/>
  <testcase name="test0095_Diet - 9" classname="org.eclipse.jdt.core.tests.compiler.parser.CompletionParserTestKeyword" time="0"/>
  <testcase name="test0095_Method - 9" classname="org.eclipse.jdt.core.tests.compiler.parser.CompletionParserTest2" time="0"/>
  <testcase name="test0095_Method - 9" classname="org.eclipse.jdt.core.tests.compiler.parser.CompletionParserTestKeyword" time="0"/>
  <testcase name="test0096_Diet - 9" classname="org.eclipse.jdt.core.tests.compiler.parser.CompletionParserTest2" time="0"/>
  <testcase name="test0096_Diet - 9" classname="org.eclipse.jdt.core.tests.compiler.parser.CompletionParserTestKeyword" time="0.001"/>
  <testcase name="test0096_Method - 9" classname="org.eclipse.jdt.core.tests.compiler.parser.CompletionParserTest2" time="0"/>
  <testcase name="test0096_Method - 9" classname="org.eclipse.jdt.core.tests.compiler.parser.CompletionParserTestKeyword" time="0"/>
  <testcase name="test0097_Diet - 9" classname="org.eclipse.jdt.core.tests.compiler.parser.CompletionParserTest2" time="0"/>
  <testcase name="test0097_Diet - 9" classname="org.eclipse.jdt.core.tests.compiler.parser.CompletionParserTestKeyword" time="0"/>
  <testcase name="test0097_Method - 9" classname="org.eclipse.jdt.core.tests.compiler.parser.CompletionParserTest2" time="0.001"/>
  <testcase name="test0097_Method - 9" classname="org.eclipse.jdt.core.tests.compiler.parser.CompletionParserTestKeyword" time="0.001"/>
  <testcase name="test0098_Diet - 9" classname="org.eclipse.jdt.core.tests.compiler.parser.CompletionParserTest2" time="0"/>
  <testcase name="test0098_Diet - 9" classname="org.eclipse.jdt.core.tests.compiler.parser.CompletionParserTestKeyword" time="0"/>
  <testcase name="test0098_Method - 9" classname="org.eclipse.jdt.core.tests.compiler.parser.CompletionParserTest2" time="0"/>
  <testcase name="test0098_Method - 9" classname="org.eclipse.jdt.core.tests.compiler.parser.CompletionParserTestKeyword" time="0"/>
  <testcase name="test0099_Diet - 9" classname="org.eclipse.jdt.core.tests.compiler.parser.CompletionParserTest2" time="0"/>
  <testcase name="test0099_Diet - 9" classname="org.eclipse.jdt.core.tests.compiler.parser.CompletionParserTestKeyword" time="0"/>
  <testcase name="test0099_Diet - 9" classname="org.eclipse.jdt.core.tests.compiler.parser.GenericsCompletionParserTest" time="0"/>
  <testcase name="test0099_Method - 9" classname="org.eclipse.jdt.core.tests.compiler.parser.CompletionParserTest2" time="0"/>
  <testcase name="test0099_Method - 9" classname="org.eclipse.jdt.core.tests.compiler.parser.CompletionParserTestKeyword" time="0"/>
  <testcase name="test0099_Method - 9" classname="org.eclipse.jdt.core.tests.compiler.parser.GenericsCompletionParserTest" time="0.001"/>
  <testcase name="test0100_Diet - 9" classname="org.eclipse.jdt.core.tests.compiler.parser.CompletionParserTest2" time="0"/>
  <testcase name="test0100_Diet - 9" classname="org.eclipse.jdt.core.tests.compiler.parser.CompletionParserTestKeyword" time="0"/>
  <testcase name="test0100_Diet - 9" classname="org.eclipse.jdt.core.tests.compiler.parser.GenericsCompletionParserTest" time="0"/>
  <testcase name="test0100_Method - 9" classname="org.eclipse.jdt.core.tests.compiler.parser.CompletionParserTest2" time="0"/>
  <testcase name="test0100_Method - 9" classname="org.eclipse.jdt.core.tests.compiler.parser.CompletionParserTestKeyword" time="0"/>
  <testcase name="test0100_Method - 9" classname="org.eclipse.jdt.core.tests.compiler.parser.GenericsCompletionParserTest" time="0"/>
  <testcase name="test0101_Diet - 9" classname="org.eclipse.jdt.core.tests.compiler.parser.CompletionParserTest2" time="0.001"/>
  <testcase name="test0101_Diet - 9" classname="org.eclipse.jdt.core.tests.compiler.parser.GenericsCompletionParserTest" time="0"/>
  <testcase name="test0101_Method - 9" classname="org.eclipse.jdt.core.tests.compiler.parser.CompletionParserTest2" time="0"/>
  <testcase name="test0101_Method - 9" classname="org.eclipse.jdt.core.tests.compiler.parser.GenericsCompletionParserTest" time="0.001"/>
  <testcase name="test0102_Diet - 9" classname="org.eclipse.jdt.core.tests.compiler.parser.CompletionParserTest2" time="0"/>
  <testcase name="test0102_Diet - 9" classname="org.eclipse.jdt.core.tests.compiler.parser.GenericsCompletionParserTest" time="0"/>
  <testcase name="test0102_Method - 9" classname="org.eclipse.jdt.core.tests.compiler.parser.CompletionParserTest2" time="0.001"/>
  <testcase name="test0102_Method - 9" classname="org.eclipse.jdt.core.tests.compiler.parser.GenericsCompletionParserTest" time="0"/>
  <testcase name="test0103_Diet - 9" classname="org.eclipse.jdt.core.tests.compiler.parser.CompletionParserTest2" time="0"/>
  <testcase name="test0103_Diet - 9" classname="org.eclipse.jdt.core.tests.compiler.parser.GenericsCompletionParserTest" time="0"/>
  <testcase name="test0103_Method - 9" classname="org.eclipse.jdt.core.tests.compiler.parser.CompletionParserTest2" time="0"/>
  <testcase name="test0103_Method - 9" classname="org.eclipse.jdt.core.tests.compiler.parser.GenericsCompletionParserTest" time="0.001"/>
  <testcase name="test0104_Diet - 9" classname="org.eclipse.jdt.core.tests.compiler.parser.CompletionParserTest2" time="0"/>
  <testcase name="test0104_Diet - 9" classname="org.eclipse.jdt.core.tests.compiler.parser.GenericsCompletionParserTest" time="0"/>
  <testcase name="test0104_Method - 9" classname="org.eclipse.jdt.core.tests.compiler.parser.CompletionParserTest2" time="0"/>
  <testcase name="test0104_Method - 9" classname="org.eclipse.jdt.core.tests.compiler.parser.GenericsCompletionParserTest" time="0"/>
  <testcase name="test0105_Diet - 9" classname="org.eclipse.jdt.core.tests.compiler.parser.CompletionParserTest2" time="0"/>
  <testcase name="test0105_Diet - 9" classname="org.eclipse.jdt.core.tests.compiler.parser.GenericsCompletionParserTest" time="0"/>
  <testcase name="test0105_Diet - 9" classname="org.eclipse.jdt.core.tests.compiler.parser.AnnotationCompletionParserTest" time="0"/>
  <testcase name="test0105_Method - 9" classname="org.eclipse.jdt.core.tests.compiler.parser.CompletionParserTest2" time="0"/>
  <testcase name="test0105_Method - 9" classname="org.eclipse.jdt.core.tests.compiler.parser.GenericsCompletionParserTest" time="0"/>
  <testcase name="test0105_Method - 9" classname="org.eclipse.jdt.core.tests.compiler.parser.AnnotationCompletionParserTest" time="0"/>
  <testcase name="test0106_Diet - 9" classname="org.eclipse.jdt.core.tests.compiler.parser.CompletionParserTest2" time="0"/>
  <testcase name="test0106_Diet - 9" classname="org.eclipse.jdt.core.tests.compiler.parser.GenericsCompletionParserTest" time="0"/>
  <testcase name="test0106_Diet - 9" classname="org.eclipse.jdt.core.tests.compiler.parser.AnnotationCompletionParserTest" time="0"/>
  <testcase name="test0106_Method - 9" classname="org.eclipse.jdt.core.tests.compiler.parser.CompletionParserTest2" time="0"/>
  <testcase name="test0106_Method - 9" classname="org.eclipse.jdt.core.tests.compiler.parser.GenericsCompletionParserTest" time="0"/>
  <testcase name="test0106_Method - 9" classname="org.eclipse.jdt.core.tests.compiler.parser.AnnotationCompletionParserTest" time="0"/>
  <testcase name="test0107_Diet - 9" classname="org.eclipse.jdt.core.tests.compiler.parser.CompletionParserTest2" time="0"/>
  <testcase name="test0107_Diet - 9" classname="org.eclipse.jdt.core.tests.compiler.parser.CompletionParserTestKeyword" time="0"/>
  <testcase name="test0107_Diet - 9" classname="org.eclipse.jdt.core.tests.compiler.parser.GenericsCompletionParserTest" time="0"/>
  <testcase name="test0107_Diet - 9" classname="org.eclipse.jdt.core.tests.compiler.parser.AnnotationCompletionParserTest" time="0"/>
  <testcase name="test0107_Method - 9" classname="org.eclipse.jdt.core.tests.compiler.parser.CompletionParserTest2" time="0.001"/>
  <testcase name="test0107_Method - 9" classname="org.eclipse.jdt.core.tests.compiler.parser.CompletionParserTestKeyword" time="0"/>
  <testcase name="test0107_Method - 9" classname="org.eclipse.jdt.core.tests.compiler.parser.GenericsCompletionParserTest" time="0.001"/>
  <testcase name="test0107_Method - 9" classname="org.eclipse.jdt.core.tests.compiler.parser.AnnotationCompletionParserTest" time="0"/>
  <testcase name="test0108_Diet - 9" classname="org.eclipse.jdt.core.tests.compiler.parser.CompletionParserTest2" time="0"/>
  <testcase name="test0108_Diet - 9" classname="org.eclipse.jdt.core.tests.compiler.parser.CompletionParserTestKeyword" time="0.001"/>
  <testcase name="test0108_Diet - 9" classname="org.eclipse.jdt.core.tests.compiler.parser.GenericsCompletionParserTest" time="0"/>
  <testcase name="test0108_Diet - 9" classname="org.eclipse.jdt.core.tests.compiler.parser.AnnotationCompletionParserTest" time="0"/>
  <testcase name="test0108_Method - 9" classname="org.eclipse.jdt.core.tests.compiler.parser.CompletionParserTest2" time="0"/>
  <testcase name="test0108_Method - 9" classname="org.eclipse.jdt.core.tests.compiler.parser.CompletionParserTestKeyword" time="0"/>
  <testcase name="test0108_Method - 9" classname="org.eclipse.jdt.core.tests.compiler.parser.GenericsCompletionParserTest" time="0"/>
  <testcase name="test0108_Method - 9" classname="org.eclipse.jdt.core.tests.compiler.parser.AnnotationCompletionParserTest" time="0"/>
  <testcase name="test0109_Diet - 9" classname="org.eclipse.jdt.core.tests.compiler.parser.CompletionParserTest2" time="0.001"/>
  <testcase name="test0109_Diet - 9" classname="org.eclipse.jdt.core.tests.compiler.parser.CompletionParserTestKeyword" time="0"/>
  <testcase name="test0109_Diet - 9" classname="org.eclipse.jdt.core.tests.compiler.parser.GenericsCompletionParserTest" time="0"/>
  <testcase name="test0109_Diet - 9" classname="org.eclipse.jdt.core.tests.compiler.parser.AnnotationCompletionParserTest" time="0.001"/>
  <testcase name="test0109_Method - 9" classname="org.eclipse.jdt.core.tests.compiler.parser.CompletionParserTest2" time="0"/>
  <testcase name="test0109_Method - 9" classname="org.eclipse.jdt.core.tests.compiler.parser.CompletionParserTestKeyword" time="0.001"/>
  <testcase name="test0109_Method - 9" classname="org.eclipse.jdt.core.tests.compiler.parser.GenericsCompletionParserTest" time="0.001"/>
  <testcase name="test0109_Method - 9" classname="org.eclipse.jdt.core.tests.compiler.parser.AnnotationCompletionParserTest" time="0"/>
  <testcase name="test0110_Diet - 9" classname="org.eclipse.jdt.core.tests.compiler.parser.CompletionParserTest2" time="0"/>
  <testcase name="test0110_Diet - 9" classname="org.eclipse.jdt.core.tests.compiler.parser.CompletionParserTestKeyword" time="0"/>
  <testcase name="test0110_Diet - 9" classname="org.eclipse.jdt.core.tests.compiler.parser.GenericsCompletionParserTest" time="0"/>
  <testcase name="test0110_Diet - 9" classname="org.eclipse.jdt.core.tests.compiler.parser.AnnotationCompletionParserTest" time="0"/>
  <testcase name="test0110_Method - 9" classname="org.eclipse.jdt.core.tests.compiler.parser.CompletionParserTest2" time="0"/>
  <testcase name="test0110_Method - 9" classname="org.eclipse.jdt.core.tests.compiler.parser.CompletionParserTestKeyword" time="0"/>
  <testcase name="test0110_Method - 9" classname="org.eclipse.jdt.core.tests.compiler.parser.GenericsCompletionParserTest" time="0"/>
  <testcase name="test0110_Method - 9" classname="org.eclipse.jdt.core.tests.compiler.parser.AnnotationCompletionParserTest" time="0"/>
  <testcase name="test0111_Diet - 9" classname="org.eclipse.jdt.core.tests.compiler.parser.CompletionParserTest2" time="0"/>
  <testcase name="test0111_Diet - 9" classname="org.eclipse.jdt.core.tests.compiler.parser.GenericsCompletionParserTest" time="0"/>
  <testcase name="test0111_Diet - 9" classname="org.eclipse.jdt.core.tests.compiler.parser.AnnotationCompletionParserTest" time="0"/>
  <testcase name="test0111_Method - 9" classname="org.eclipse.jdt.core.tests.compiler.parser.CompletionParserTest2" time="0"/>
  <testcase name="test0111_Method - 9" classname="org.eclipse.jdt.core.tests.compiler.parser.GenericsCompletionParserTest" time="0.001"/>
  <testcase name="test0111_Method - 9" classname="org.eclipse.jdt.core.tests.compiler.parser.AnnotationCompletionParserTest" time="0.001"/>
  <testcase name="test0112_Diet - 9" classname="org.eclipse.jdt.core.tests.compiler.parser.CompletionParserTest2" time="0"/>
  <testcase name="test0112_Diet - 9" classname="org.eclipse.jdt.core.tests.compiler.parser.GenericsCompletionParserTest" time="0"/>
  <testcase name="test0112_Diet - 9" classname="org.eclipse.jdt.core.tests.compiler.parser.AnnotationCompletionParserTest" time="0"/>
  <testcase name="test0112_Method - 9" classname="org.eclipse.jdt.core.tests.compiler.parser.CompletionParserTest2" time="0"/>
  <testcase name="test0112_Method - 9" classname="org.eclipse.jdt.core.tests.compiler.parser.GenericsCompletionParserTest" time="0"/>
  <testcase name="test0112_Method - 9" classname="org.eclipse.jdt.core.tests.compiler.parser.AnnotationCompletionParserTest" time="0"/>
  <testcase name="test0113_Diet - 9" classname="org.eclipse.jdt.core.tests.compiler.parser.CompletionParserTest2" time="0"/>
  <testcase name="test0113_Diet - 9" classname="org.eclipse.jdt.core.tests.compiler.parser.GenericsCompletionParserTest" time="0"/>
  <testcase name="test0113_Diet - 9" classname="org.eclipse.jdt.core.tests.compiler.parser.AnnotationCompletionParserTest" time="0"/>
  <testcase name="test0113_Method - 9" classname="org.eclipse.jdt.core.tests.compiler.parser.CompletionParserTest2" time="0"/>
  <testcase name="test0113_Method - 9" classname="org.eclipse.jdt.core.tests.compiler.parser.GenericsCompletionParserTest" time="0.001"/>
  <testcase name="test0113_Method - 9" classname="org.eclipse.jdt.core.tests.compiler.parser.AnnotationCompletionParserTest" time="0"/>
  <testcase name="test0114_Diet - 9" classname="org.eclipse.jdt.core.tests.compiler.parser.CompletionParserTest2" time="0"/>
  <testcase name="test0114_Diet - 9" classname="org.eclipse.jdt.core.tests.compiler.parser.GenericsCompletionParserTest" time="0"/>
  <testcase name="test0114_Diet - 9" classname="org.eclipse.jdt.core.tests.compiler.parser.AnnotationCompletionParserTest" time="0"/>
  <testcase name="test0114_Method - 9" classname="org.eclipse.jdt.core.tests.compiler.parser.CompletionParserTest2" time="0"/>
  <testcase name="test0114_Method - 9" classname="org.eclipse.jdt.core.tests.compiler.parser.GenericsCompletionParserTest" time="0"/>
  <testcase name="test0114_Method - 9" classname="org.eclipse.jdt.core.tests.compiler.parser.AnnotationCompletionParserTest" time="0"/>
  <testcase name="test0115_Diet - 9" classname="org.eclipse.jdt.core.tests.compiler.parser.CompletionParserTest2" time="0"/>
  <testcase name="test0115_Diet - 9" classname="org.eclipse.jdt.core.tests.compiler.parser.GenericsCompletionParserTest" time="0"/>
  <testcase name="test0115_Method - 9" classname="org.eclipse.jdt.core.tests.compiler.parser.CompletionParserTest2" time="0.001"/>
  <testcase name="test0115_Method - 9" classname="org.eclipse.jdt.core.tests.compiler.parser.GenericsCompletionParserTest" time="0.001"/>
  <testcase name="test0116_Diet - 9" classname="org.eclipse.jdt.core.tests.compiler.parser.CompletionParserTest2" time="0"/>
  <testcase name="test0116_Diet - 9" classname="org.eclipse.jdt.core.tests.compiler.parser.GenericsCompletionParserTest" time="0"/>
  <testcase name="test0116_Method - 9" classname="org.eclipse.jdt.core.tests.compiler.parser.CompletionParserTest2" time="0"/>
  <testcase name="test0116_Method - 9" classname="org.eclipse.jdt.core.tests.compiler.parser.GenericsCompletionParserTest" time="0"/>
  <testcase name="test0117_Diet - 9" classname="org.eclipse.jdt.core.tests.compiler.parser.CompletionParserTest2" time="0.001"/>
  <testcase name="test0117_Diet - 9" classname="org.eclipse.jdt.core.tests.compiler.parser.GenericsCompletionParserTest" time="0"/>
  <testcase name="test0117_Method - 9" classname="org.eclipse.jdt.core.tests.compiler.parser.CompletionParserTest2" time="0"/>
  <testcase name="test0117_Method - 9" classname="org.eclipse.jdt.core.tests.compiler.parser.GenericsCompletionParserTest" time="0"/>
  <testcase name="test0118_Diet - 9" classname="org.eclipse.jdt.core.tests.compiler.parser.CompletionParserTest2" time="0.001"/>
  <testcase name="test0118_Diet - 9" classname="org.eclipse.jdt.core.tests.compiler.parser.GenericsCompletionParserTest" time="0"/>
  <testcase name="test0118_Method - 9" classname="org.eclipse.jdt.core.tests.compiler.parser.CompletionParserTest2" time="0"/>
  <testcase name="test0118_Method - 9" classname="org.eclipse.jdt.core.tests.compiler.parser.GenericsCompletionParserTest" time="0"/>
  <testcase name="test0119_Diet - 9" classname="org.eclipse.jdt.core.tests.compiler.parser.CompletionParserTest2" time="0"/>
  <testcase name="test0119_Diet - 9" classname="org.eclipse.jdt.core.tests.compiler.parser.GenericsCompletionParserTest" time="0"/>
  <testcase name="test0119_Diet - 9" classname="org.eclipse.jdt.core.tests.compiler.parser.AnnotationCompletionParserTest" time="0"/>
  <testcase name="test0119_Method - 9" classname="org.eclipse.jdt.core.tests.compiler.parser.CompletionParserTest2" time="0"/>
  <testcase name="test0119_Method - 9" classname="org.eclipse.jdt.core.tests.compiler.parser.GenericsCompletionParserTest" time="0"/>
  <testcase name="test0119_Method - 9" classname="org.eclipse.jdt.core.tests.compiler.parser.AnnotationCompletionParserTest" time="0"/>
  <testcase name="test0120_Diet - 9" classname="org.eclipse.jdt.core.tests.compiler.parser.CompletionParserTest2" time="0"/>
  <testcase name="test0120_Diet - 9" classname="org.eclipse.jdt.core.tests.compiler.parser.GenericsCompletionParserTest" time="0"/>
  <testcase name="test0120_Diet - 9" classname="org.eclipse.jdt.core.tests.compiler.parser.AnnotationCompletionParserTest" time="0"/>
  <testcase name="test0120_Method - 9" classname="org.eclipse.jdt.core.tests.compiler.parser.CompletionParserTest2" time="0"/>
  <testcase name="test0120_Method - 9" classname="org.eclipse.jdt.core.tests.compiler.parser.GenericsCompletionParserTest" time="0"/>
  <testcase name="test0120_Method - 9" classname="org.eclipse.jdt.core.tests.compiler.parser.AnnotationCompletionParserTest" time="0"/>
  <testcase name="test0121_Diet - 9" classname="org.eclipse.jdt.core.tests.compiler.parser.CompletionParserTest2" time="0"/>
  <testcase name="test0121_Diet - 9" classname="org.eclipse.jdt.core.tests.compiler.parser.GenericsCompletionParserTest" time="0"/>
  <testcase name="test0121_Method - 9" classname="org.eclipse.jdt.core.tests.compiler.parser.CompletionParserTest2" time="0"/>
  <testcase name="test0121_Method - 9" classname="org.eclipse.jdt.core.tests.compiler.parser.GenericsCompletionParserTest" time="0"/>
  <testcase name="test0122_Diet - 9" classname="org.eclipse.jdt.core.tests.compiler.parser.CompletionParserTest2" time="0"/>
  <testcase name="test0122_Diet - 9" classname="org.eclipse.jdt.core.tests.compiler.parser.GenericsCompletionParserTest" time="0.001"/>
  <testcase name="test0122_Method - 9" classname="org.eclipse.jdt.core.tests.compiler.parser.CompletionParserTest2" time="0"/>
  <testcase name="test0122_Method - 9" classname="org.eclipse.jdt.core.tests.compiler.parser.GenericsCompletionParserTest" time="0"/>
  <testcase name="test0123_Diet - 9" classname="org.eclipse.jdt.core.tests.compiler.parser.CompletionParserTest2" time="0.001"/>
  <testcase name="test0123_Diet - 9" classname="org.eclipse.jdt.core.tests.compiler.parser.GenericsCompletionParserTest" time="0"/>
  <testcase name="test0123_Method - 9" classname="org.eclipse.jdt.core.tests.compiler.parser.CompletionParserTest2" time="0"/>
  <testcase name="test0123_Method - 9" classname="org.eclipse.jdt.core.tests.compiler.parser.GenericsCompletionParserTest" time="0"/>
  <testcase name="test0124_Diet - 9" classname="org.eclipse.jdt.core.tests.compiler.parser.CompletionParserTest2" time="0.001"/>
  <testcase name="test0124_Diet - 9" classname="org.eclipse.jdt.core.tests.compiler.parser.GenericsCompletionParserTest" time="0"/>
  <testcase name="test0124_Method - 9" classname="org.eclipse.jdt.core.tests.compiler.parser.CompletionParserTest2" time="0"/>
  <testcase name="test0124_Method - 9" classname="org.eclipse.jdt.core.tests.compiler.parser.GenericsCompletionParserTest" time="0"/>
  <testcase name="test0125_Diet - 9" classname="org.eclipse.jdt.core.tests.compiler.parser.CompletionParserTest2" time="0"/>
  <testcase name="test0125_Diet - 9" classname="org.eclipse.jdt.core.tests.compiler.parser.GenericsCompletionParserTest" time="0"/>
  <testcase name="test0125_Method - 9" classname="org.eclipse.jdt.core.tests.compiler.parser.CompletionParserTest2" time="0.001"/>
  <testcase name="test0125_Method - 9" classname="org.eclipse.jdt.core.tests.compiler.parser.GenericsCompletionParserTest" time="0"/>
  <testcase name="test0126_Diet - 9" classname="org.eclipse.jdt.core.tests.compiler.parser.CompletionParserTest2" time="0"/>
  <testcase name="test0126_Diet - 9" classname="org.eclipse.jdt.core.tests.compiler.parser.GenericsCompletionParserTest" time="0"/>
  <testcase name="test0126_Method - 9" classname="org.eclipse.jdt.core.tests.compiler.parser.CompletionParserTest2" time="0"/>
  <testcase name="test0126_Method - 9" classname="org.eclipse.jdt.core.tests.compiler.parser.GenericsCompletionParserTest" time="0"/>
  <testcase name="test0127 - 9" classname="org.eclipse.jdt.core.tests.compiler.parser.CompletionParserTest2" time="0.001"/>
  <testcase name="test0127 - 9" classname="org.eclipse.jdt.core.tests.compiler.parser.CompletionParserTestKeyword" time="0.001"/>
  <testcase name="test0127 - 9" classname="org.eclipse.jdt.core.tests.compiler.parser.AnnotationCompletionParserTest" time="0"/>
  <testcase name="test0127 - 9" classname="org.eclipse.jdt.core.tests.compiler.parser.TypeAnnotationSyntaxTest" time="0"/>
  <testcase name="test0128_Diet - 9" classname="org.eclipse.jdt.core.tests.compiler.parser.CompletionParserTest2" time="0"/>
  <testcase name="test0128_Diet - 9" classname="org.eclipse.jdt.core.tests.compiler.parser.GenericsCompletionParserTest" time="0"/>
  <testcase name="test0128_Method - 9" classname="org.eclipse.jdt.core.tests.compiler.parser.CompletionParserTest2" time="0"/>
  <testcase name="test0128_Method - 9" classname="org.eclipse.jdt.core.tests.compiler.parser.GenericsCompletionParserTest" time="0"/>
  <testcase name="test0129_Diet - 9" classname="org.eclipse.jdt.core.tests.compiler.parser.CompletionParserTest2" time="0"/>
  <testcase name="test0129_Diet - 9" classname="org.eclipse.jdt.core.tests.compiler.parser.GenericsCompletionParserTest" time="0.001"/>
  <testcase name="test0129_Method - 9" classname="org.eclipse.jdt.core.tests.compiler.parser.CompletionParserTest2" time="0"/>
  <testcase name="test0129_Method - 9" classname="org.eclipse.jdt.core.tests.compiler.parser.GenericsCompletionParserTest" time="0"/>
  <testcase name="test0130_Diet - 9" classname="org.eclipse.jdt.core.tests.compiler.parser.CompletionParserTest2" time="0.001"/>
  <testcase name="test0130_Diet - 9" classname="org.eclipse.jdt.core.tests.compiler.parser.GenericsCompletionParserTest" time="0"/>
  <testcase name="test0130_Method - 9" classname="org.eclipse.jdt.core.tests.compiler.parser.CompletionParserTest2" time="0"/>
  <testcase name="test0130_Method - 9" classname="org.eclipse.jdt.core.tests.compiler.parser.GenericsCompletionParserTest" time="0"/>
  <testcase name="test0131_Diet - 9" classname="org.eclipse.jdt.core.tests.compiler.parser.CompletionParserTest2" time="0"/>
  <testcase name="test0131_Diet - 9" classname="org.eclipse.jdt.core.tests.compiler.parser.GenericsCompletionParserTest" time="0"/>
  <testcase name="test0131_Method - 9" classname="org.eclipse.jdt.core.tests.compiler.parser.CompletionParserTest2" time="0.001"/>
  <testcase name="test0131_Method - 9" classname="org.eclipse.jdt.core.tests.compiler.parser.GenericsCompletionParserTest" time="0.001"/>
  <testcase name="test0132_Diet - 9" classname="org.eclipse.jdt.core.tests.compiler.parser.CompletionParserTest2" time="0"/>
  <testcase name="test0132_Diet - 9" classname="org.eclipse.jdt.core.tests.compiler.parser.GenericsCompletionParserTest" time="0"/>
  <testcase name="test0132_Method - 9" classname="org.eclipse.jdt.core.tests.compiler.parser.CompletionParserTest2" time="0"/>
  <testcase name="test0132_Method - 9" classname="org.eclipse.jdt.core.tests.compiler.parser.GenericsCompletionParserTest" time="0"/>
  <testcase name="test0133_Diet - 9" classname="org.eclipse.jdt.core.tests.compiler.parser.CompletionParserTest2" time="0"/>
  <testcase name="test0133_Diet - 9" classname="org.eclipse.jdt.core.tests.compiler.parser.GenericsCompletionParserTest" time="0"/>
  <testcase name="test0133_Method - 9" classname="org.eclipse.jdt.core.tests.compiler.parser.CompletionParserTest2" time="0.001"/>
  <testcase name="test0133_Method - 9" classname="org.eclipse.jdt.core.tests.compiler.parser.GenericsCompletionParserTest" time="0"/>
  <testcase name="test0134 - 9" classname="org.eclipse.jdt.core.tests.compiler.parser.CompletionParserTest2" time="0"/>
  <testcase name="test0134 - 9" classname="org.eclipse.jdt.core.tests.compiler.parser.CompletionParserTestKeyword" time="0"/>
  <testcase name="test0134 - 9" classname="org.eclipse.jdt.core.tests.compiler.parser.TypeAnnotationSyntaxTest" time="0"/>
  <testcase name="test0135_Diet - 9" classname="org.eclipse.jdt.core.tests.compiler.parser.CompletionParserTest2" time="0"/>
  <testcase name="test0135_Diet - 9" classname="org.eclipse.jdt.core.tests.compiler.parser.GenericsCompletionParserTest" time="0"/>
  <testcase name="test0135_Method - 9" classname="org.eclipse.jdt.core.tests.compiler.parser.CompletionParserTest2" time="0"/>
  <testcase name="test0135_Method - 9" classname="org.eclipse.jdt.core.tests.compiler.parser.GenericsCompletionParserTest" time="0"/>
  <testcase name="test0136 - 9" classname="org.eclipse.jdt.core.tests.compiler.parser.CompletionParserTest2" time="0"/>
  <testcase name="test0136 - 9" classname="org.eclipse.jdt.core.tests.compiler.parser.CompletionParserTestKeyword" time="0"/>
  <testcase name="test0136 - 9" classname="org.eclipse.jdt.core.tests.compiler.parser.TypeAnnotationSyntaxTest" time="0"/>
  <testcase name="test0137_Diet - 9" classname="org.eclipse.jdt.core.tests.compiler.parser.CompletionParserTest2" time="0.001"/>
  <testcase name="test0137_Diet - 9" classname="org.eclipse.jdt.core.tests.compiler.parser.GenericsCompletionParserTest" time="0"/>
  <testcase name="test0137_Method - 9" classname="org.eclipse.jdt.core.tests.compiler.parser.CompletionParserTest2" time="0"/>
  <testcase name="test0137_Method - 9" classname="org.eclipse.jdt.core.tests.compiler.parser.GenericsCompletionParserTest" time="0"/>
  <testcase name="test0138_Diet - 9" classname="org.eclipse.jdt.core.tests.compiler.parser.CompletionParserTest2" time="0"/>
  <testcase name="test0138_Diet - 9" classname="org.eclipse.jdt.core.tests.compiler.parser.GenericsCompletionParserTest" time="0"/>
  <testcase name="test0138_Method - 9" classname="org.eclipse.jdt.core.tests.compiler.parser.CompletionParserTest2" time="0.001"/>
  <testcase name="test0138_Method - 9" classname="org.eclipse.jdt.core.tests.compiler.parser.GenericsCompletionParserTest" time="0"/>
  <testcase name="test0139 - 9" classname="org.eclipse.jdt.core.tests.compiler.parser.CompletionParserTest2" time="0"/>
  <testcase name="test0139 - 9" classname="org.eclipse.jdt.core.tests.compiler.parser.CompletionParserTestKeyword" time="0"/>
  <testcase name="test0139 - 9" classname="org.eclipse.jdt.core.tests.compiler.parser.TypeAnnotationSyntaxTest" time="0"/>
  <testcase name="test0140 - 9" classname="org.eclipse.jdt.core.tests.compiler.parser.CompletionParserTest2" time="0.001"/>
  <testcase name="test0140 - 9" classname="org.eclipse.jdt.core.tests.compiler.parser.CompletionParserTestKeyword" time="0"/>
  <testcase name="test0141 - 9" classname="org.eclipse.jdt.core.tests.compiler.parser.CompletionParserTest2" time="0"/>
  <testcase name="test0141 - 9" classname="org.eclipse.jdt.core.tests.compiler.parser.CompletionParserTestKeyword" time="0"/>
  <testcase name="test0142_Diet - 9" classname="org.eclipse.jdt.core.tests.compiler.parser.CompletionParserTest2" time="0"/>
  <testcase name="test0142_Diet - 9" classname="org.eclipse.jdt.core.tests.compiler.parser.GenericsCompletionParserTest" time="0"/>
  <testcase name="test0142_Method - 9" classname="org.eclipse.jdt.core.tests.compiler.parser.CompletionParserTest2" time="0.001"/>
  <testcase name="test0142_Method - 9" classname="org.eclipse.jdt.core.tests.compiler.parser.GenericsCompletionParserTest" time="0"/>
  <testcase name="test0143_Diet - 9" classname="org.eclipse.jdt.core.tests.compiler.parser.CompletionParserTest2" time="0"/>
  <testcase name="test0143_Diet - 9" classname="org.eclipse.jdt.core.tests.compiler.parser.GenericsCompletionParserTest" time="0"/>
  <testcase name="test0143_Method - 9" classname="org.eclipse.jdt.core.tests.compiler.parser.CompletionParserTest2" time="0"/>
  <testcase name="test0143_Method - 9" classname="org.eclipse.jdt.core.tests.compiler.parser.GenericsCompletionParserTest" time="0"/>
  <testcase name="test0144_Diet - 9" classname="org.eclipse.jdt.core.tests.compiler.parser.CompletionParserTest2" time="0"/>
  <testcase name="test0144_Diet - 9" classname="org.eclipse.jdt.core.tests.compiler.parser.GenericsCompletionParserTest" time="0.001"/>
  <testcase name="test0144_Method - 9" classname="org.eclipse.jdt.core.tests.compiler.parser.CompletionParserTest2" time="0"/>
  <testcase name="test0144_Method - 9" classname="org.eclipse.jdt.core.tests.compiler.parser.GenericsCompletionParserTest" time="0"/>
  <testcase name="test0145_Diet - 9" classname="org.eclipse.jdt.core.tests.compiler.parser.CompletionParserTest2" time="0.001"/>
  <testcase name="test0145_Diet - 9" classname="org.eclipse.jdt.core.tests.compiler.parser.GenericsCompletionParserTest" time="0"/>
  <testcase name="test0145_Method - 9" classname="org.eclipse.jdt.core.tests.compiler.parser.CompletionParserTest2" time="0"/>
  <testcase name="test0145_Method - 9" classname="org.eclipse.jdt.core.tests.compiler.parser.GenericsCompletionParserTest" time="0"/>
  <testcase name="test0146_Diet - 9" classname="org.eclipse.jdt.core.tests.compiler.parser.CompletionParserTest2" time="0"/>
  <testcase name="test0146_Method - 9" classname="org.eclipse.jdt.core.tests.compiler.parser.CompletionParserTest2" time="0"/>
  <testcase name="test0147 - 9" classname="org.eclipse.jdt.core.tests.compiler.parser.CompletionParserTest2" time="0"/>
  <testcase name="test0147 - 9" classname="org.eclipse.jdt.core.tests.compiler.parser.GenericsCompletionParserTest" time="0.001"/>
  <testcase name="test0148 - 9" classname="org.eclipse.jdt.core.tests.compiler.parser.CompletionParserTest2" time="0"/>
  <testcase name="test0148 - 9" classname="org.eclipse.jdt.core.tests.compiler.parser.GenericsCompletionParserTest" time="0"/>
  <testcase name="test0149_Diet - 9" classname="org.eclipse.jdt.core.tests.compiler.parser.CompletionParserTest2" time="0"/>
  <testcase name="test0149_Method - 9" classname="org.eclipse.jdt.core.tests.compiler.parser.CompletionParserTest2" time="0"/>
  <testcase name="test0150_Diet - 9" classname="org.eclipse.jdt.core.tests.compiler.parser.CompletionParserTest2" time="0"/>
  <testcase name="test0150_Method - 9" classname="org.eclipse.jdt.core.tests.compiler.parser.CompletionParserTest2" time="0"/>
  <testcase name="test0151_Diet - 9" classname="org.eclipse.jdt.core.tests.compiler.parser.CompletionParserTest2" time="0"/>
  <testcase name="test0151_Method - 9" classname="org.eclipse.jdt.core.tests.compiler.parser.CompletionParserTest2" time="0.001"/>
  <testcase name="test0152 - 9" classname="org.eclipse.jdt.core.tests.compiler.parser.CompletionParserTest2" time="0"/>
  <testcase name="test0152 - 9" classname="org.eclipse.jdt.core.tests.compiler.parser.CompletionParserTestKeyword" time="0"/>
  <testcase name="test0152 - 9" classname="org.eclipse.jdt.core.tests.compiler.parser.GenericsCompletionParserTest" time="0"/>
  <testcase name="test0153_Diet - 9" classname="org.eclipse.jdt.core.tests.compiler.parser.CompletionParserTest2" time="0"/>
  <testcase name="test0153_Method - 9" classname="org.eclipse.jdt.core.tests.compiler.parser.CompletionParserTest2" time="0.001"/>
  <testcase name="test0154_Diet - 9" classname="org.eclipse.jdt.core.tests.compiler.parser.CompletionParserTest2" time="0"/>
  <testcase name="test0154_Method - 9" classname="org.eclipse.jdt.core.tests.compiler.parser.CompletionParserTest2" time="0"/>
  <testcase name="test0155_Diet - 9" classname="org.eclipse.jdt.core.tests.compiler.parser.CompletionParserTest2" time="0"/>
  <testcase name="test0155_Method - 9" classname="org.eclipse.jdt.core.tests.compiler.parser.CompletionParserTest2" time="0.001"/>
  <testcase name="test0156_Diet - 9" classname="org.eclipse.jdt.core.tests.compiler.parser.CompletionParserTest2" time="0"/>
  <testcase name="test0156_Method - 9" classname="org.eclipse.jdt.core.tests.compiler.parser.CompletionParserTest2" time="0"/>
  <testcase name="test0157_Diet - 9" classname="org.eclipse.jdt.core.tests.compiler.parser.CompletionParserTest2" time="0.001"/>
  <testcase name="test0157_Method - 9" classname="org.eclipse.jdt.core.tests.compiler.parser.CompletionParserTest2" time="0"/>
  <testcase name="test0158_Diet - 9" classname="org.eclipse.jdt.core.tests.compiler.parser.CompletionParserTest2" time="0"/>
  <testcase name="test0158_Method - 9" classname="org.eclipse.jdt.core.tests.compiler.parser.CompletionParserTest2" time="0.001"/>
  <testcase name="test0159 - 9" classname="org.eclipse.jdt.core.tests.compiler.parser.CompletionParserTest2" time="0"/>
  <testcase name="test0159 - 9" classname="org.eclipse.jdt.core.tests.compiler.parser.CompletionParserTestKeyword" time="0"/>
  <testcase name="test0160 - 9" classname="org.eclipse.jdt.core.tests.compiler.parser.CompletionParserTest2" time="0"/>
  <testcase name="test0160 - 9" classname="org.eclipse.jdt.core.tests.compiler.parser.CompletionParserTestKeyword" time="0.001"/>
  <testcase name="test0161 - 9" classname="org.eclipse.jdt.core.tests.compiler.parser.CompletionParserTest2" time="0.001"/>
  <testcase name="test0161 - 9" classname="org.eclipse.jdt.core.tests.compiler.parser.CompletionParserTestKeyword" time="0"/>
  <testcase name="test0161 - 9" classname="org.eclipse.jdt.core.tests.compiler.parser.GenericsCompletionParserTest" time="0"/>
  <testcase name="test0162 - 9" classname="org.eclipse.jdt.core.tests.compiler.parser.CompletionParserTest2" time="0"/>
  <testcase name="test0162 - 9" classname="org.eclipse.jdt.core.tests.compiler.parser.CompletionParserTestKeyword" time="0"/>
  <testcase name="test0162 - 9" classname="org.eclipse.jdt.core.tests.compiler.parser.GenericsCompletionParserTest" time="0"/>
  <testcase name="test0163 - 9" classname="org.eclipse.jdt.core.tests.compiler.parser.CompletionParserTest2" time="0"/>
  <testcase name="test0163 - 9" classname="org.eclipse.jdt.core.tests.compiler.parser.CompletionParserTestKeyword" time="0.001"/>
  <testcase name="test0163 - 9" classname="org.eclipse.jdt.core.tests.compiler.parser.GenericsCompletionParserTest" time="0"/>
  <testcase name="test0164 - 9" classname="org.eclipse.jdt.core.tests.compiler.parser.CompletionParserTest2" time="0.001"/>
  <testcase name="test0164 - 9" classname="org.eclipse.jdt.core.tests.compiler.parser.CompletionParserTestKeyword" time="0"/>
  <testcase name="test0164 - 9" classname="org.eclipse.jdt.core.tests.compiler.parser.GenericsCompletionParserTest" time="0"/>
  <testcase name="test0165_Diet - 9" classname="org.eclipse.jdt.core.tests.compiler.parser.CompletionParserTest2" time="0"/>
  <testcase name="test0165_Diet - 9" classname="org.eclipse.jdt.core.tests.compiler.parser.GenericsCompletionParserTest" time="0"/>
  <testcase name="test0165_Method - 9" classname="org.eclipse.jdt.core.tests.compiler.parser.CompletionParserTest2" time="0"/>
  <testcase name="test0165_Method - 9" classname="org.eclipse.jdt.core.tests.compiler.parser.GenericsCompletionParserTest" time="0"/>
  <testcase name="test0166_Diet - 9" classname="org.eclipse.jdt.core.tests.compiler.parser.CompletionParserTest2" time="0"/>
  <testcase name="test0166_Diet - 9" classname="org.eclipse.jdt.core.tests.compiler.parser.GenericsCompletionParserTest" time="0"/>
  <testcase name="test0166_Method - 9" classname="org.eclipse.jdt.core.tests.compiler.parser.CompletionParserTest2" time="0"/>
  <testcase name="test0166_Method - 9" classname="org.eclipse.jdt.core.tests.compiler.parser.GenericsCompletionParserTest" time="0"/>
  <testcase name="test0167_Diet - 9" classname="org.eclipse.jdt.core.tests.compiler.parser.CompletionParserTest2" time="0"/>
  <testcase name="test0167_Diet - 9" classname="org.eclipse.jdt.core.tests.compiler.parser.GenericsCompletionParserTest" time="0"/>
  <testcase name="test0167_Method - 9" classname="org.eclipse.jdt.core.tests.compiler.parser.CompletionParserTest2" time="0"/>
  <testcase name="test0167_Method - 9" classname="org.eclipse.jdt.core.tests.compiler.parser.GenericsCompletionParserTest" time="0"/>
  <testcase name="test0168_Diet - 9" classname="org.eclipse.jdt.core.tests.compiler.parser.CompletionParserTest2" time="0"/>
  <testcase name="test0168_Diet - 9" classname="org.eclipse.jdt.core.tests.compiler.parser.GenericsCompletionParserTest" time="0"/>
  <testcase name="test0168_Method - 9" classname="org.eclipse.jdt.core.tests.compiler.parser.CompletionParserTest2" time="0"/>
  <testcase name="test0168_Method - 9" classname="org.eclipse.jdt.core.tests.compiler.parser.GenericsCompletionParserTest" time="0.001"/>
  <testcase name="test0169_Diet - 9" classname="org.eclipse.jdt.core.tests.compiler.parser.CompletionParserTest2" time="0"/>
  <testcase name="test0169_Method - 9" classname="org.eclipse.jdt.core.tests.compiler.parser.CompletionParserTest2" time="0"/>
  <testcase name="test0170_Diet - 9" classname="org.eclipse.jdt.core.tests.compiler.parser.CompletionParserTest2" time="0.001"/>
  <testcase name="test0170_Method - 9" classname="org.eclipse.jdt.core.tests.compiler.parser.CompletionParserTest2" time="0"/>
  <testcase name="test0171_Diet - 9" classname="org.eclipse.jdt.core.tests.compiler.parser.CompletionParserTest2" time="0"/>
  <testcase name="test0171_Diet - 9" classname="org.eclipse.jdt.core.tests.compiler.parser.GenericsCompletionParserTest" time="0"/>
  <testcase name="test0171_Method - 9" classname="org.eclipse.jdt.core.tests.compiler.parser.CompletionParserTest2" time="0"/>
  <testcase name="test0171_Method - 9" classname="org.eclipse.jdt.core.tests.compiler.parser.GenericsCompletionParserTest" time="0.001"/>
  <testcase name="test0172 - 9" classname="org.eclipse.jdt.core.tests.compiler.parser.CompletionParserTest2" time="0.001"/>
  <testcase name="test0172 - 9" classname="org.eclipse.jdt.core.tests.compiler.parser.CompletionParserTestKeyword" time="0"/>
  <testcase name="test0173_Diet - 9" classname="org.eclipse.jdt.core.tests.compiler.parser.CompletionParserTest2" time="0"/>
  <testcase name="test0173_Diet - 9" classname="org.eclipse.jdt.core.tests.compiler.parser.GenericsCompletionParserTest" time="0"/>
  <testcase name="test0173_Method - 9" classname="org.eclipse.jdt.core.tests.compiler.parser.CompletionParserTest2" time="0"/>
  <testcase name="test0173_Method - 9" classname="org.eclipse.jdt.core.tests.compiler.parser.GenericsCompletionParserTest" time="0.001"/>
  <testcase name="test0174_Diet - 9" classname="org.eclipse.jdt.core.tests.compiler.parser.CompletionParserTest2" time="0"/>
  <testcase name="test0174_Diet - 9" classname="org.eclipse.jdt.core.tests.compiler.parser.GenericsCompletionParserTest" time="0"/>
  <testcase name="test0175_Diet - 9" classname="org.eclipse.jdt.core.tests.compiler.parser.CompletionParserTest2" time="0"/>
  <testcase name="test0175_Diet - 9" classname="org.eclipse.jdt.core.tests.compiler.parser.GenericsCompletionParserTest" time="0"/>
  <testcase name="test0176_Diet - 9" classname="org.eclipse.jdt.core.tests.compiler.parser.CompletionParserTest2" time="0"/>
  <testcase name="test0176_Diet - 9" classname="org.eclipse.jdt.core.tests.compiler.parser.GenericsCompletionParserTest" time="0"/>
  <testcase name="test0177_Diet - 9" classname="org.eclipse.jdt.core.tests.compiler.parser.CompletionParserTest2" time="0"/>
  <testcase name="test0178_Method - 9" classname="org.eclipse.jdt.core.tests.compiler.parser.CompletionParserTest2" time="0"/>
  <testcase name="test0002 - 9" classname="org.eclipse.jdt.core.tests.compiler.parser.CompletionParserTestKeyword" time="0"/>
  <testcase name="test0002 - 9" classname="org.eclipse.jdt.core.tests.compiler.parser.StatementRecoveryTest" time="0.001"/>
  <testcase name="test0002 - 9" classname="org.eclipse.jdt.core.tests.compiler.parser.ComplianceDiagnoseTest" time="0.001"/>
  <testcase name="test0002 - 9" classname="org.eclipse.jdt.core.tests.compiler.parser.GenericsCompletionParserTest" time="0"/>
  <testcase name="test0002 - 9" classname="org.eclipse.jdt.core.tests.compiler.parser.EnumCompletionParserTest" time="0"/>
  <testcase name="test0002 - 9" classname="org.eclipse.jdt.core.tests.compiler.parser.AnnotationCompletionParserTest" time="0"/>
  <testcase name="test0002 - 9" classname="org.eclipse.jdt.core.tests.compiler.parser.GenericsSelectionTest" time="0"/>
  <testcase name="test0002 - 9" classname="org.eclipse.jdt.core.tests.compiler.parser.AnnotationSelectionTest" time="0"/>
  <testcase name="test0002 - 9" classname="org.eclipse.jdt.core.tests.compiler.parser.GenericDietRecoveryTest" time="0.001"/>
  <testcase name="test0002 - 9" classname="org.eclipse.jdt.core.tests.compiler.parser.EnumDietRecoveryTest" time="0.001"/>
  <testcase name="test0002 - 9" classname="org.eclipse.jdt.core.tests.compiler.parser.AnnotationDietRecoveryTest" time="0"/>
  <testcase name="test0002 - 9" classname="org.eclipse.jdt.core.tests.compiler.parser.StatementRecoveryTest_1_5" time="0.004"/>
  <testcase name="test0002 - 9" classname="org.eclipse.jdt.core.tests.compiler.parser.ParserTest1_7" time="0.001"/>
  <testcase name="test0002 - 9" classname="org.eclipse.jdt.core.tests.compiler.parser.LambdaExpressionSyntaxTest" time="0"/>
  <testcase name="test0002 - 9" classname="org.eclipse.jdt.core.tests.compiler.parser.ReferenceExpressionSyntaxTest" time="0.001"/>
  <testcase name="test0002 - 9" classname="org.eclipse.jdt.core.tests.compiler.parser.TypeAnnotationSyntaxTest" time="0"/>
  <testcase name="test0002 - 9" classname="org.eclipse.jdt.core.tests.compiler.parser.CompletionParserTest18" time="0.001"/>
  <testcase name="test0002 - 9" classname="org.eclipse.jdt.core.tests.compiler.parser.ModuleDeclarationSyntaxTest" time="0"/>
  <testcase name="test0003 - 9" classname="org.eclipse.jdt.core.tests.compiler.parser.CompletionParserTestKeyword" time="0.001"/>
  <testcase name="test0003 - 9" classname="org.eclipse.jdt.core.tests.compiler.parser.StatementRecoveryTest" time="0.001"/>
  <testcase name="test0003 - 9" classname="org.eclipse.jdt.core.tests.compiler.parser.ComplianceDiagnoseTest" time="0.206"/>
  <testcase name="test0003 - 9" classname="org.eclipse.jdt.core.tests.compiler.parser.GenericsCompletionParserTest" time="0"/>
  <testcase name="test0003 - 9" classname="org.eclipse.jdt.core.tests.compiler.parser.EnumCompletionParserTest" time="0"/>
  <testcase name="test0003 - 9" classname="org.eclipse.jdt.core.tests.compiler.parser.AnnotationCompletionParserTest" time="0.001"/>
  <testcase name="test0003 - 9" classname="org.eclipse.jdt.core.tests.compiler.parser.GenericsSelectionTest" time="0"/>
  <testcase name="test0003 - 9" classname="org.eclipse.jdt.core.tests.compiler.parser.AnnotationSelectionTest" time="0"/>
  <testcase name="test0003 - 9" classname="org.eclipse.jdt.core.tests.compiler.parser.GenericDietRecoveryTest" time="0.001"/>
  <testcase name="test0003 - 9" classname="org.eclipse.jdt.core.tests.compiler.parser.EnumDietRecoveryTest" time="0.001"/>
  <testcase name="test0003 - 9" classname="org.eclipse.jdt.core.tests.compiler.parser.AnnotationDietRecoveryTest" time="0.001"/>
  <testcase name="test0003 - 9" classname="org.eclipse.jdt.core.tests.compiler.parser.StatementRecoveryTest_1_5" time="0.003"/>
  <testcase name="test0003 - 9" classname="org.eclipse.jdt.core.tests.compiler.parser.ParserTest1_7" time="0.001"/>
  <testcase name="test0003 - 9" classname="org.eclipse.jdt.core.tests.compiler.parser.LambdaExpressionSyntaxTest" time="0"/>
  <testcase name="test0003 - 9" classname="org.eclipse.jdt.core.tests.compiler.parser.ReferenceExpressionSyntaxTest" time="0"/>
  <testcase name="test0003 - 9" classname="org.eclipse.jdt.core.tests.compiler.parser.TypeAnnotationSyntaxTest" time="0"/>
  <testcase name="test0003 - 9" classname="org.eclipse.jdt.core.tests.compiler.parser.CompletionParserTest18" time="0"/>
  <testcase name="test0003 - 9" classname="org.eclipse.jdt.core.tests.compiler.parser.ModuleDeclarationSyntaxTest" time="0"/>
  <testcase name="test0005 - 9" classname="org.eclipse.jdt.core.tests.compiler.parser.CompletionParserTestKeyword" time="0"/>
  <testcase name="test0005 - 9" classname="org.eclipse.jdt.core.tests.compiler.parser.StatementRecoveryTest" time="0.001"/>
  <testcase name="test0005 - 9" classname="org.eclipse.jdt.core.tests.compiler.parser.ComplianceDiagnoseTest" time="0.001"/>
  <testcase name="test0005 - 9" classname="org.eclipse.jdt.core.tests.compiler.parser.GenericsCompletionParserTest" time="0"/>
  <testcase name="test0005 - 9" classname="org.eclipse.jdt.core.tests.compiler.parser.EnumCompletionParserTest" time="0.001"/>
  <testcase name="test0005 - 9" classname="org.eclipse.jdt.core.tests.compiler.parser.AnnotationCompletionParserTest" time="0"/>
  <testcase name="test0005 - 9" classname="org.eclipse.jdt.core.tests.compiler.parser.GenericsSelectionTest" time="0"/>
  <testcase name="test0005 - 9" classname="org.eclipse.jdt.core.tests.compiler.parser.GenericDietRecoveryTest" time="0.001"/>
  <testcase name="test0005 - 9" classname="org.eclipse.jdt.core.tests.compiler.parser.EnumDietRecoveryTest" time="0.001"/>
  <testcase name="test0005 - 9" classname="org.eclipse.jdt.core.tests.compiler.parser.AnnotationDietRecoveryTest" time="0.002"/>
  <testcase name="test0005 - 9" classname="org.eclipse.jdt.core.tests.compiler.parser.StatementRecoveryTest_1_5" time="0.003"/>
  <testcase name="test0005 - 9" classname="org.eclipse.jdt.core.tests.compiler.parser.ParserTest1_7" time="0.001"/>
  <testcase name="test0005 - 9" classname="org.eclipse.jdt.core.tests.compiler.parser.LambdaExpressionSyntaxTest" time="0"/>
  <testcase name="test0005 - 9" classname="org.eclipse.jdt.core.tests.compiler.parser.ReferenceExpressionSyntaxTest" time="0"/>
  <testcase name="test0005 - 9" classname="org.eclipse.jdt.core.tests.compiler.parser.TypeAnnotationSyntaxTest" time="0.001"/>
  <testcase name="test0005 - 9" classname="org.eclipse.jdt.core.tests.compiler.parser.CompletionParserTest18" time="0.001"/>
  <testcase name="test0005 - 9" classname="org.eclipse.jdt.core.tests.compiler.parser.ModuleDeclarationSyntaxTest" time="0"/>
  <testcase name="test0006 - 9" classname="org.eclipse.jdt.core.tests.compiler.parser.CompletionParserTestKeyword" time="0.001"/>
  <testcase name="test0006 - 9" classname="org.eclipse.jdt.core.tests.compiler.parser.StatementRecoveryTest" time="0.001"/>
  <testcase name="test0006 - 9" classname="org.eclipse.jdt.core.tests.compiler.parser.ComplianceDiagnoseTest" time="0.001"/>
  <testcase name="test0006 - 9" classname="org.eclipse.jdt.core.tests.compiler.parser.GenericsCompletionParserTest" time="0.001"/>
  <testcase name="test0006 - 9" classname="org.eclipse.jdt.core.tests.compiler.parser.EnumCompletionParserTest" time="0"/>
  <testcase name="test0006 - 9" classname="org.eclipse.jdt.core.tests.compiler.parser.AnnotationCompletionParserTest" time="0"/>
  <testcase name="test0006 - 9" classname="org.eclipse.jdt.core.tests.compiler.parser.GenericsSelectionTest" time="0"/>
  <testcase name="test0006 - 9" classname="org.eclipse.jdt.core.tests.compiler.parser.AnnotationSelectionTest" time="0"/>
  <testcase name="test0006 - 9" classname="org.eclipse.jdt.core.tests.compiler.parser.GenericDietRecoveryTest" time="0.002"/>
  <testcase name="test0006 - 9" classname="org.eclipse.jdt.core.tests.compiler.parser.EnumDietRecoveryTest" time="0.002"/>
  <testcase name="test0006 - 9" classname="org.eclipse.jdt.core.tests.compiler.parser.AnnotationDietRecoveryTest" time="0.002"/>
  <testcase name="test0006 - 9" classname="org.eclipse.jdt.core.tests.compiler.parser.StatementRecoveryTest_1_5" time="0.002"/>
  <testcase name="test0006 - 9" classname="org.eclipse.jdt.core.tests.compiler.parser.ParserTest1_7" time="0.001"/>
  <testcase name="test0006 - 9" classname="org.eclipse.jdt.core.tests.compiler.parser.LambdaExpressionSyntaxTest" time="0"/>
  <testcase name="test0006 - 9" classname="org.eclipse.jdt.core.tests.compiler.parser.ReferenceExpressionSyntaxTest" time="0"/>
  <testcase name="test0006 - 9" classname="org.eclipse.jdt.core.tests.compiler.parser.TypeAnnotationSyntaxTest" time="0.001"/>
  <testcase name="test0006 - 9" classname="org.eclipse.jdt.core.tests.compiler.parser.CompletionParserTest18" time="0"/>
  <testcase name="test0006 - 9" classname="org.eclipse.jdt.core.tests.compiler.parser.ModuleDeclarationSyntaxTest" time="0"/>
  <testcase name="test0008 - 9" classname="org.eclipse.jdt.core.tests.compiler.parser.CompletionParserTestKeyword" time="0"/>
  <testcase name="test0008 - 9" classname="org.eclipse.jdt.core.tests.compiler.parser.StatementRecoveryTest" time="0"/>
  <testcase name="test0008 - 9" classname="org.eclipse.jdt.core.tests.compiler.parser.ComplianceDiagnoseTest" time="0.001"/>
  <testcase name="test0008 - 9" classname="org.eclipse.jdt.core.tests.compiler.parser.GenericsCompletionParserTest" time="0"/>
  <testcase name="test0008 - 9" classname="org.eclipse.jdt.core.tests.compiler.parser.EnumCompletionParserTest" time="0"/>
  <testcase name="test0008 - 9" classname="org.eclipse.jdt.core.tests.compiler.parser.AnnotationCompletionParserTest" time="0"/>
  <testcase name="test0008 - 9" classname="org.eclipse.jdt.core.tests.compiler.parser.GenericsSelectionTest" time="0"/>
  <testcase name="test0008 - 9" classname="org.eclipse.jdt.core.tests.compiler.parser.AnnotationSelectionTest" time="0"/>
  <testcase name="test0008 - 9" classname="org.eclipse.jdt.core.tests.compiler.parser.GenericDietRecoveryTest" time="0.002"/>
  <testcase name="test0008 - 9" classname="org.eclipse.jdt.core.tests.compiler.parser.EnumDietRecoveryTest" time="0.001"/>
  <testcase name="test0008 - 9" classname="org.eclipse.jdt.core.tests.compiler.parser.AnnotationDietRecoveryTest" time="0.003"/>
  <testcase name="test0008 - 9" classname="org.eclipse.jdt.core.tests.compiler.parser.StatementRecoveryTest_1_5" time="0.001"/>
  <testcase name="test0008 - 9" classname="org.eclipse.jdt.core.tests.compiler.parser.ParserTest1_7" time="0"/>
  <testcase name="test0008 - 9" classname="org.eclipse.jdt.core.tests.compiler.parser.LambdaExpressionSyntaxTest" time="0.001"/>
  <testcase name="test0008 - 9" classname="org.eclipse.jdt.core.tests.compiler.parser.ReferenceExpressionSyntaxTest" time="0"/>
  <testcase name="test0008 - 9" classname="org.eclipse.jdt.core.tests.compiler.parser.TypeAnnotationSyntaxTest" time="0.001"/>
  <testcase name="test0008 - 9" classname="org.eclipse.jdt.core.tests.compiler.parser.ModuleDeclarationSyntaxTest" time="0.001"/>
  <testcase name="test0009 - 9" classname="org.eclipse.jdt.core.tests.compiler.parser.CompletionParserTestKeyword" time="0.001"/>
  <testcase name="test0009 - 9" classname="org.eclipse.jdt.core.tests.compiler.parser.StatementRecoveryTest" time="0.001"/>
  <testcase name="test0009 - 9" classname="org.eclipse.jdt.core.tests.compiler.parser.ComplianceDiagnoseTest" time="0.003"/>
  <testcase name="test0009 - 9" classname="org.eclipse.jdt.core.tests.compiler.parser.GenericsCompletionParserTest" time="0"/>
  <testcase name="test0009 - 9" classname="org.eclipse.jdt.core.tests.compiler.parser.EnumCompletionParserTest" time="0"/>
  <testcase name="test0009 - 9" classname="org.eclipse.jdt.core.tests.compiler.parser.AnnotationCompletionParserTest" time="0"/>
  <testcase name="test0009 - 9" classname="org.eclipse.jdt.core.tests.compiler.parser.GenericsSelectionTest" time="0"/>
  <testcase name="test0009 - 9" classname="org.eclipse.jdt.core.tests.compiler.parser.AnnotationSelectionTest" time="0"/>
  <testcase name="test0009 - 9" classname="org.eclipse.jdt.core.tests.compiler.parser.GenericDietRecoveryTest" time="0.001"/>
  <testcase name="test0009 - 9" classname="org.eclipse.jdt.core.tests.compiler.parser.EnumDietRecoveryTest" time="0.001"/>
  <testcase name="test0009 - 9" classname="org.eclipse.jdt.core.tests.compiler.parser.AnnotationDietRecoveryTest" time="0.003"/>
  <testcase name="test0009 - 9" classname="org.eclipse.jdt.core.tests.compiler.parser.ParserTest1_7" time="0.001"/>
  <testcase name="test0009 - 9" classname="org.eclipse.jdt.core.tests.compiler.parser.LambdaExpressionSyntaxTest" time="0"/>
  <testcase name="test0009 - 9" classname="org.eclipse.jdt.core.tests.compiler.parser.ReferenceExpressionSyntaxTest" time="0.001"/>
  <testcase name="test0009 - 9" classname="org.eclipse.jdt.core.tests.compiler.parser.TypeAnnotationSyntaxTest" time="0.001"/>
  <testcase name="test0009 - 9" classname="org.eclipse.jdt.core.tests.compiler.parser.ModuleDeclarationSyntaxTest" time="0.001"/>
  <testcase name="test0011 - 9" classname="org.eclipse.jdt.core.tests.compiler.parser.CompletionParserTestKeyword" time="0"/>
  <testcase name="test0011 - 9" classname="org.eclipse.jdt.core.tests.compiler.parser.StatementRecoveryTest" time="0.001"/>
  <testcase name="test0011 - 9" classname="org.eclipse.jdt.core.tests.compiler.parser.ComplianceDiagnoseTest" time="0.001"/>
  <testcase name="test0011 - 9" classname="org.eclipse.jdt.core.tests.compiler.parser.GenericsCompletionParserTest" time="0"/>
  <testcase name="test0011 - 9" classname="org.eclipse.jdt.core.tests.compiler.parser.EnumCompletionParserTest" time="0.001"/>
  <testcase name="test0011 - 9" classname="org.eclipse.jdt.core.tests.compiler.parser.AnnotationCompletionParserTest" time="0"/>
  <testcase name="test0011 - 9" classname="org.eclipse.jdt.core.tests.compiler.parser.GenericsSelectionTest" time="0"/>
  <testcase name="test0011 - 9" classname="org.eclipse.jdt.core.tests.compiler.parser.AnnotationSelectionTest" time="0"/>
  <testcase name="test0011 - 9" classname="org.eclipse.jdt.core.tests.compiler.parser.GenericDietRecoveryTest" time="0.001"/>
  <testcase name="test0011 - 9" classname="org.eclipse.jdt.core.tests.compiler.parser.EnumDietRecoveryTest" time="0.002"/>
  <testcase name="test0011 - 9" classname="org.eclipse.jdt.core.tests.compiler.parser.AnnotationDietRecoveryTest" time="0.001"/>
  <testcase name="test0011 - 9" classname="org.eclipse.jdt.core.tests.compiler.parser.ParserTest1_7" time="0"/>
  <testcase name="test0011 - 9" classname="org.eclipse.jdt.core.tests.compiler.parser.LambdaExpressionSyntaxTest" time="0"/>
  <testcase name="test0011 - 9" classname="org.eclipse.jdt.core.tests.compiler.parser.ReferenceExpressionSyntaxTest" time="0"/>
  <testcase name="test0011 - 9" classname="org.eclipse.jdt.core.tests.compiler.parser.TypeAnnotationSyntaxTest" time="0.001"/>
  <testcase name="test0011 - 9" classname="org.eclipse.jdt.core.tests.compiler.parser.ModuleDeclarationSyntaxTest" time="0.001"/>
  <testcase name="test0012 - 9" classname="org.eclipse.jdt.core.tests.compiler.parser.CompletionParserTestKeyword" time="0.001"/>
  <testcase name="test0012 - 9" classname="org.eclipse.jdt.core.tests.compiler.parser.StatementRecoveryTest" time="0.001"/>
  <testcase name="test0012 - 9" classname="org.eclipse.jdt.core.tests.compiler.parser.ComplianceDiagnoseTest" time="0.001"/>
  <testcase name="test0012 - 9" classname="org.eclipse.jdt.core.tests.compiler.parser.GenericsCompletionParserTest" time="0"/>
  <testcase name="test0012 - 9" classname="org.eclipse.jdt.core.tests.compiler.parser.EnumCompletionParserTest" time="0"/>
  <testcase name="test0012 - 9" classname="org.eclipse.jdt.core.tests.compiler.parser.AnnotationCompletionParserTest" time="0"/>
  <testcase name="test0012 - 9" classname="org.eclipse.jdt.core.tests.compiler.parser.GenericsSelectionTest" time="0"/>
  <testcase name="test0012 - 9" classname="org.eclipse.jdt.core.tests.compiler.parser.AnnotationSelectionTest" time="0.001"/>
  <testcase name="test0012 - 9" classname="org.eclipse.jdt.core.tests.compiler.parser.GenericDietRecoveryTest" time="0.001"/>
  <testcase name="test0012 - 9" classname="org.eclipse.jdt.core.tests.compiler.parser.EnumDietRecoveryTest" time="0.002"/>
  <testcase name="test0012 - 9" classname="org.eclipse.jdt.core.tests.compiler.parser.AnnotationDietRecoveryTest" time="0.002"/>
  <testcase name="test0012 - 9" classname="org.eclipse.jdt.core.tests.compiler.parser.ParserTest1_7" time="0.001"/>
  <testcase name="test0012 - 9" classname="org.eclipse.jdt.core.tests.compiler.parser.LambdaExpressionSyntaxTest" time="0.001"/>
  <testcase name="test0012 - 9" classname="org.eclipse.jdt.core.tests.compiler.parser.ReferenceExpressionSyntaxTest" time="0.001"/>
  <testcase name="test0012 - 9" classname="org.eclipse.jdt.core.tests.compiler.parser.TypeAnnotationSyntaxTest" time="0.001"/>
  <testcase name="test0012 - 9" classname="org.eclipse.jdt.core.tests.compiler.parser.ModuleDeclarationSyntaxTest" time="0.001"/>
  <testcase name="test0014 - 9" classname="org.eclipse.jdt.core.tests.compiler.parser.CompletionParserTestKeyword" time="0"/>
  <testcase name="test0014 - 9" classname="org.eclipse.jdt.core.tests.compiler.parser.StatementRecoveryTest" time="0.001"/>
  <testcase name="test0014 - 9" classname="org.eclipse.jdt.core.tests.compiler.parser.ComplianceDiagnoseTest" time="0.002"/>
  <testcase name="test0014 - 9" classname="org.eclipse.jdt.core.tests.compiler.parser.GenericsCompletionParserTest" time="0"/>
  <testcase name="test0014 - 9" classname="org.eclipse.jdt.core.tests.compiler.parser.EnumCompletionParserTest" time="0"/>
  <testcase name="test0014 - 9" classname="org.eclipse.jdt.core.tests.compiler.parser.AnnotationCompletionParserTest" time="0"/>
  <testcase name="test0014 - 9" classname="org.eclipse.jdt.core.tests.compiler.parser.GenericsSelectionTest" time="0"/>
  <testcase name="test0014 - 9" classname="org.eclipse.jdt.core.tests.compiler.parser.AnnotationSelectionTest" time="0"/>
  <testcase name="test0014 - 9" classname="org.eclipse.jdt.core.tests.compiler.parser.GenericDietRecoveryTest" time="0.002"/>
  <testcase name="test0014 - 9" classname="org.eclipse.jdt.core.tests.compiler.parser.EnumDietRecoveryTest" time="0.001"/>
  <testcase name="test0014 - 9" classname="org.eclipse.jdt.core.tests.compiler.parser.AnnotationDietRecoveryTest" time="0.001"/>
  <testcase name="test0014 - 9" classname="org.eclipse.jdt.core.tests.compiler.parser.LambdaExpressionSyntaxTest" time="0"/>
  <testcase name="test0014 - 9" classname="org.eclipse.jdt.core.tests.compiler.parser.ReferenceExpressionSyntaxTest" time="0"/>
  <testcase name="test0014 - 9" classname="org.eclipse.jdt.core.tests.compiler.parser.TypeAnnotationSyntaxTest" time="0.001"/>
  <testcase name="test0014 - 9" classname="org.eclipse.jdt.core.tests.compiler.parser.ModuleDeclarationSyntaxTest" time="0"/>
  <testcase name="test0015 - 9" classname="org.eclipse.jdt.core.tests.compiler.parser.CompletionParserTestKeyword" time="0.001"/>
  <testcase name="test0015 - 9" classname="org.eclipse.jdt.core.tests.compiler.parser.StatementRecoveryTest" time="0.001"/>
  <testcase name="test0015 - 9" classname="org.eclipse.jdt.core.tests.compiler.parser.ComplianceDiagnoseTest" time="0"/>
  <testcase name="test0015 - 9" classname="org.eclipse.jdt.core.tests.compiler.parser.GenericsCompletionParserTest" time="0"/>
  <testcase name="test0015 - 9" classname="org.eclipse.jdt.core.tests.compiler.parser.AnnotationCompletionParserTest" time="0.001"/>
  <testcase name="test0015 - 9" classname="org.eclipse.jdt.core.tests.compiler.parser.GenericsSelectionTest" time="0"/>
  <testcase name="test0015 - 9" classname="org.eclipse.jdt.core.tests.compiler.parser.AnnotationSelectionTest" time="0"/>
  <testcase name="test0015 - 9" classname="org.eclipse.jdt.core.tests.compiler.parser.GenericDietRecoveryTest" time="0.002"/>
  <testcase name="test0015 - 9" classname="org.eclipse.jdt.core.tests.compiler.parser.EnumDietRecoveryTest" time="0.003"/>
  <testcase name="test0015 - 9" classname="org.eclipse.jdt.core.tests.compiler.parser.AnnotationDietRecoveryTest" time="0.001"/>
  <testcase name="test0015 - 9" classname="org.eclipse.jdt.core.tests.compiler.parser.LambdaExpressionSyntaxTest" time="0"/>
  <testcase name="test0015 - 9" classname="org.eclipse.jdt.core.tests.compiler.parser.ReferenceExpressionSyntaxTest" time="0"/>
  <testcase name="test0015 - 9" classname="org.eclipse.jdt.core.tests.compiler.parser.TypeAnnotationSyntaxTest" time="0.001"/>
  <testcase name="test0015 - 9" classname="org.eclipse.jdt.core.tests.compiler.parser.ModuleDeclarationSyntaxTest" time="0"/>
  <testcase name="test0017 - 9" classname="org.eclipse.jdt.core.tests.compiler.parser.CompletionParserTestKeyword" time="0"/>
  <testcase name="test0017 - 9" classname="org.eclipse.jdt.core.tests.compiler.parser.StatementRecoveryTest" time="0.001"/>
  <testcase name="test0017 - 9" classname="org.eclipse.jdt.core.tests.compiler.parser.ComplianceDiagnoseTest" time="0.001"/>
  <testcase name="test0017 - 9" classname="org.eclipse.jdt.core.tests.compiler.parser.GenericsCompletionParserTest" time="0"/>
  <testcase name="test0017 - 9" classname="org.eclipse.jdt.core.tests.compiler.parser.AnnotationCompletionParserTest" time="0"/>
  <testcase name="test0017 - 9" classname="org.eclipse.jdt.core.tests.compiler.parser.GenericsSelectionTest" time="0"/>
  <testcase name="test0017 - 9" classname="org.eclipse.jdt.core.tests.compiler.parser.AnnotationSelectionTest" time="0"/>
  <testcase name="test0017 - 9" classname="org.eclipse.jdt.core.tests.compiler.parser.GenericDietRecoveryTest" time="0.002"/>
  <testcase name="test0017 - 9" classname="org.eclipse.jdt.core.tests.compiler.parser.EnumDietRecoveryTest" time="0.001"/>
  <testcase name="test0017 - 9" classname="org.eclipse.jdt.core.tests.compiler.parser.AnnotationDietRecoveryTest" time="0.004"/>
  <testcase name="test0017 - 9" classname="org.eclipse.jdt.core.tests.compiler.parser.LambdaExpressionSyntaxTest" time="0"/>
  <testcase name="test0017 - 9" classname="org.eclipse.jdt.core.tests.compiler.parser.ReferenceExpressionSyntaxTest" time="0"/>
  <testcase name="test0017 - 9" classname="org.eclipse.jdt.core.tests.compiler.parser.TypeAnnotationSyntaxTest" time="0"/>
  <testcase name="test0017 - 9" classname="org.eclipse.jdt.core.tests.compiler.parser.ModuleDeclarationSyntaxTest" time="0"/>
  <testcase name="test0018 - 9" classname="org.eclipse.jdt.core.tests.compiler.parser.CompletionParserTestKeyword" time="0.001"/>
  <testcase name="test0018 - 9" classname="org.eclipse.jdt.core.tests.compiler.parser.StatementRecoveryTest" time="0.001"/>
  <testcase name="test0018 - 9" classname="org.eclipse.jdt.core.tests.compiler.parser.ComplianceDiagnoseTest" time="0.001"/>
  <testcase name="test0018 - 9" classname="org.eclipse.jdt.core.tests.compiler.parser.GenericsCompletionParserTest" time="0"/>
  <testcase name="test0018 - 9" classname="org.eclipse.jdt.core.tests.compiler.parser.AnnotationCompletionParserTest" time="0"/>
  <testcase name="test0018 - 9" classname="org.eclipse.jdt.core.tests.compiler.parser.GenericsSelectionTest" time="0.001"/>
  <testcase name="test0018 - 9" classname="org.eclipse.jdt.core.tests.compiler.parser.GenericDietRecoveryTest" time="0.003"/>
  <testcase name="test0018 - 9" classname="org.eclipse.jdt.core.tests.compiler.parser.AnnotationDietRecoveryTest" time="0.003"/>
  <testcase name="test0018 - 9" classname="org.eclipse.jdt.core.tests.compiler.parser.LambdaExpressionSyntaxTest" time="0"/>
  <testcase name="test0018 - 9" classname="org.eclipse.jdt.core.tests.compiler.parser.ReferenceExpressionSyntaxTest" time="0"/>
  <testcase name="test0018 - 9" classname="org.eclipse.jdt.core.tests.compiler.parser.TypeAnnotationSyntaxTest" time="0.001"/>
  <testcase name="test0018 - 9" classname="org.eclipse.jdt.core.tests.compiler.parser.ModuleDeclarationSyntaxTest" time="0.001"/>
  <testcase name="test0020 - 9" classname="org.eclipse.jdt.core.tests.compiler.parser.CompletionParserTestKeyword" time="0"/>
  <testcase name="test0020 - 9" classname="org.eclipse.jdt.core.tests.compiler.parser.StatementRecoveryTest" time="0.002"/>
  <testcase name="test0020 - 9" classname="org.eclipse.jdt.core.tests.compiler.parser.ComplianceDiagnoseTest" time="0.001"/>
  <testcase name="test0020 - 9" classname="org.eclipse.jdt.core.tests.compiler.parser.GenericsCompletionParserTest" time="0.001"/>
  <testcase name="test0020 - 9" classname="org.eclipse.jdt.core.tests.compiler.parser.AnnotationCompletionParserTest" time="0"/>
  <testcase name="test0020 - 9" classname="org.eclipse.jdt.core.tests.compiler.parser.GenericsSelectionTest" time="0"/>
  <testcase name="test0020 - 9" classname="org.eclipse.jdt.core.tests.compiler.parser.GenericDietRecoveryTest" time="0.002"/>
  <testcase name="test0020 - 9" classname="org.eclipse.jdt.core.tests.compiler.parser.AnnotationDietRecoveryTest" time="0.005"/>
  <testcase name="test0020 - 9" classname="org.eclipse.jdt.core.tests.compiler.parser.ReferenceExpressionSyntaxTest" time="0"/>
  <testcase name="test0020 - 9" classname="org.eclipse.jdt.core.tests.compiler.parser.TypeAnnotationSyntaxTest" time="0.001"/>
  <testcase name="test0020 - 9" classname="org.eclipse.jdt.core.tests.compiler.parser.ModuleDeclarationSyntaxTest" time="0"/>
  <testcase name="test0022_Diet - 9" classname="org.eclipse.jdt.core.tests.compiler.parser.CompletionParserTestKeyword" time="0"/>
  <testcase name="test0022_Method - 9" classname="org.eclipse.jdt.core.tests.compiler.parser.CompletionParserTestKeyword" time="0"/>
  <testcase name="test0025_Diet - 9" classname="org.eclipse.jdt.core.tests.compiler.parser.CompletionParserTestKeyword" time="0"/>
  <testcase name="test0025_Method - 9" classname="org.eclipse.jdt.core.tests.compiler.parser.CompletionParserTestKeyword" time="0"/>
  <testcase name="test0028_Diet - 9" classname="org.eclipse.jdt.core.tests.compiler.parser.CompletionParserTestKeyword" time="0"/>
  <testcase name="test0028_Diet - 9" classname="org.eclipse.jdt.core.tests.compiler.parser.AnnotationCompletionParserTest" time="0.001"/>
  <testcase name="test0028_Method - 9" classname="org.eclipse.jdt.core.tests.compiler.parser.CompletionParserTestKeyword" time="0"/>
  <testcase name="test0028_Method - 9" classname="org.eclipse.jdt.core.tests.compiler.parser.AnnotationCompletionParserTest" time="0"/>
  <testcase name="test0029 - 9" classname="org.eclipse.jdt.core.tests.compiler.parser.CompletionParserTestKeyword" time="0.001"/>
  <testcase name="test0029 - 9" classname="org.eclipse.jdt.core.tests.compiler.parser.StatementRecoveryTest" time="0.001"/>
  <testcase name="test0029 - 9" classname="org.eclipse.jdt.core.tests.compiler.parser.ComplianceDiagnoseTest" time="0.001"/>
  <testcase name="test0029 - 9" classname="org.eclipse.jdt.core.tests.compiler.parser.GenericsCompletionParserTest" time="0"/>
  <testcase name="test0029 - 9" classname="org.eclipse.jdt.core.tests.compiler.parser.TypeAnnotationSyntaxTest" time="0"/>
  <testcase name="test0030 - 9" classname="org.eclipse.jdt.core.tests.compiler.parser.CompletionParserTestKeyword" time="0"/>
  <testcase name="test0030 - 9" classname="org.eclipse.jdt.core.tests.compiler.parser.StatementRecoveryTest" time="0.002"/>
  <testcase name="test0030 - 9" classname="org.eclipse.jdt.core.tests.compiler.parser.AnnotationCompletionParserTest" time="0"/>
  <testcase name="test0030 - 9" classname="org.eclipse.jdt.core.tests.compiler.parser.AnnotationDietRecoveryTest" time="0.002"/>
  <testcase name="test0030 - 9" classname="org.eclipse.jdt.core.tests.compiler.parser.TypeAnnotationSyntaxTest" time="0"/>
  <testcase name="test0031 - 9" classname="org.eclipse.jdt.core.tests.compiler.parser.CompletionParserTestKeyword" time="0"/>
  <testcase name="test0031 - 9" classname="org.eclipse.jdt.core.tests.compiler.parser.StatementRecoveryTest" time="0.001"/>
  <testcase name="test0031 - 9" classname="org.eclipse.jdt.core.tests.compiler.parser.ComplianceDiagnoseTest" time="0.001"/>
  <testcase name="test0031 - 9" classname="org.eclipse.jdt.core.tests.compiler.parser.AnnotationCompletionParserTest" time="0"/>
  <testcase name="test0031 - 9" classname="org.eclipse.jdt.core.tests.compiler.parser.AnnotationDietRecoveryTest" time="0.003"/>
  <testcase name="test0031 - 9" classname="org.eclipse.jdt.core.tests.compiler.parser.TypeAnnotationSyntaxTest" time="0"/>
  <testcase name="test0032 - 9" classname="org.eclipse.jdt.core.tests.compiler.parser.CompletionParserTestKeyword" time="0.001"/>
  <testcase name="test0032 - 9" classname="org.eclipse.jdt.core.tests.compiler.parser.StatementRecoveryTest" time="0.001"/>
  <testcase name="test0032 - 9" classname="org.eclipse.jdt.core.tests.compiler.parser.AnnotationCompletionParserTest" time="0"/>
  <testcase name="test0032 - 9" classname="org.eclipse.jdt.core.tests.compiler.parser.AnnotationDietRecoveryTest" time="0.003"/>
  <testcase name="test0032 - 9" classname="org.eclipse.jdt.core.tests.compiler.parser.TypeAnnotationSyntaxTest" time="0"/>
  <testcase name="test0033 - 9" classname="org.eclipse.jdt.core.tests.compiler.parser.CompletionParserTestKeyword" time="0"/>
  <testcase name="test0033 - 9" classname="org.eclipse.jdt.core.tests.compiler.parser.StatementRecoveryTest" time="0"/>
  <testcase name="test0033 - 9" classname="org.eclipse.jdt.core.tests.compiler.parser.ComplianceDiagnoseTest" time="0"/>
  <testcase name="test0033 - 9" classname="org.eclipse.jdt.core.tests.compiler.parser.AnnotationCompletionParserTest" time="0"/>
  <testcase name="test0033 - 9" classname="org.eclipse.jdt.core.tests.compiler.parser.AnnotationDietRecoveryTest" time="0.003"/>
  <testcase name="test0033 - 9" classname="org.eclipse.jdt.core.tests.compiler.parser.TypeAnnotationSyntaxTest" time="0.001"/>
  <testcase name="test0034 - 9" classname="org.eclipse.jdt.core.tests.compiler.parser.CompletionParserTestKeyword" time="0"/>
  <testcase name="test0034 - 9" classname="org.eclipse.jdt.core.tests.compiler.parser.StatementRecoveryTest" time="0"/>
  <testcase name="test0034 - 9" classname="org.eclipse.jdt.core.tests.compiler.parser.ComplianceDiagnoseTest" time="0"/>
  <testcase name="test0034 - 9" classname="org.eclipse.jdt.core.tests.compiler.parser.AnnotationDietRecoveryTest" time="0.002"/>
  <testcase name="test0034 - 9" classname="org.eclipse.jdt.core.tests.compiler.parser.TypeAnnotationSyntaxTest" time="0"/>
  <testcase name="test0035 - 9" classname="org.eclipse.jdt.core.tests.compiler.parser.CompletionParserTestKeyword" time="0.001"/>
  <testcase name="test0035 - 9" classname="org.eclipse.jdt.core.tests.compiler.parser.StatementRecoveryTest" time="0.002"/>
  <testcase name="test0035 - 9" classname="org.eclipse.jdt.core.tests.compiler.parser.ComplianceDiagnoseTest" time="0.001"/>
  <testcase name="test0035 - 9" classname="org.eclipse.jdt.core.tests.compiler.parser.AnnotationDietRecoveryTest" time="0.003"/>
  <testcase name="test0035 - 9" classname="org.eclipse.jdt.core.tests.compiler.parser.TypeAnnotationSyntaxTest" time="0"/>
  <testcase name="test0036 - 9" classname="org.eclipse.jdt.core.tests.compiler.parser.CompletionParserTestKeyword" time="0"/>
  <testcase name="test0036 - 9" classname="org.eclipse.jdt.core.tests.compiler.parser.StatementRecoveryTest" time="0"/>
  <testcase name="test0036 - 9" classname="org.eclipse.jdt.core.tests.compiler.parser.ComplianceDiagnoseTest" time="0.001"/>
  <testcase name="test0036 - 9" classname="org.eclipse.jdt.core.tests.compiler.parser.AnnotationCompletionParserTest" time="0"/>
  <testcase name="test0036 - 9" classname="org.eclipse.jdt.core.tests.compiler.parser.AnnotationDietRecoveryTest" time="0.001"/>
  <testcase name="test0036 - 9" classname="org.eclipse.jdt.core.tests.compiler.parser.TypeAnnotationSyntaxTest" time="0.001"/>
  <testcase name="test0037_Diet - 9" classname="org.eclipse.jdt.core.tests.compiler.parser.CompletionParserTestKeyword" time="0"/>
  <testcase name="test0037_Diet - 9" classname="org.eclipse.jdt.core.tests.compiler.parser.GenericsCompletionParserTest" time="0"/>
  <testcase name="test0037_Method - 9" classname="org.eclipse.jdt.core.tests.compiler.parser.CompletionParserTestKeyword" time="0.001"/>
  <testcase name="test0037_Method - 9" classname="org.eclipse.jdt.core.tests.compiler.parser.GenericsCompletionParserTest" time="0"/>
  <testcase name="test0040_Diet - 9" classname="org.eclipse.jdt.core.tests.compiler.parser.CompletionParserTestKeyword" time="0"/>
  <testcase name="test0040_Diet - 9" classname="org.eclipse.jdt.core.tests.compiler.parser.GenericsCompletionParserTest" time="0"/>
  <testcase name="test0040_Diet - 9" classname="org.eclipse.jdt.core.tests.compiler.parser.AnnotationCompletionParserTest" time="0"/>
  <testcase name="test0040_Method - 9" classname="org.eclipse.jdt.core.tests.compiler.parser.CompletionParserTestKeyword" time="0"/>
  <testcase name="test0040_Method - 9" classname="org.eclipse.jdt.core.tests.compiler.parser.GenericsCompletionParserTest" time="0"/>
  <testcase name="test0040_Method - 9" classname="org.eclipse.jdt.core.tests.compiler.parser.AnnotationCompletionParserTest" time="0"/>
  <testcase name="test0043_Diet - 9" classname="org.eclipse.jdt.core.tests.compiler.parser.CompletionParserTestKeyword" time="0"/>
  <testcase name="test0043_Diet - 9" classname="org.eclipse.jdt.core.tests.compiler.parser.GenericsCompletionParserTest" time="0"/>
  <testcase name="test0043_Method - 9" classname="org.eclipse.jdt.core.tests.compiler.parser.CompletionParserTestKeyword" time="0"/>
  <testcase name="test0043_Method - 9" classname="org.eclipse.jdt.core.tests.compiler.parser.GenericsCompletionParserTest" time="0"/>
  <testcase name="test0046_Diet - 9" classname="org.eclipse.jdt.core.tests.compiler.parser.CompletionParserTestKeyword" time="0"/>
  <testcase name="test0046_Diet - 9" classname="org.eclipse.jdt.core.tests.compiler.parser.GenericsCompletionParserTest" time="0"/>
  <testcase name="test0046_Diet - 9" classname="org.eclipse.jdt.core.tests.compiler.parser.AnnotationCompletionParserTest" time="0"/>
  <testcase name="test0046_Method - 9" classname="org.eclipse.jdt.core.tests.compiler.parser.CompletionParserTestKeyword" time="0"/>
  <testcase name="test0046_Method - 9" classname="org.eclipse.jdt.core.tests.compiler.parser.GenericsCompletionParserTest" time="0"/>
  <testcase name="test0046_Method - 9" classname="org.eclipse.jdt.core.tests.compiler.parser.AnnotationCompletionParserTest" time="0"/>
  <testcase name="test0047 - 9" classname="org.eclipse.jdt.core.tests.compiler.parser.CompletionParserTestKeyword" time="0.001"/>
  <testcase name="test0047 - 9" classname="org.eclipse.jdt.core.tests.compiler.parser.StatementRecoveryTest" time="0.001"/>
  <testcase name="test0047 - 9" classname="org.eclipse.jdt.core.tests.compiler.parser.ComplianceDiagnoseTest" time="0.003"/>
  <testcase name="test0047 - 9" classname="org.eclipse.jdt.core.tests.compiler.parser.TypeAnnotationSyntaxTest" time="0.001"/>
  <testcase name="test0048 - 9" classname="org.eclipse.jdt.core.tests.compiler.parser.CompletionParserTestKeyword" time="0"/>
  <testcase name="test0048 - 9" classname="org.eclipse.jdt.core.tests.compiler.parser.ComplianceDiagnoseTest" time="0.001"/>
  <testcase name="test0048 - 9" classname="org.eclipse.jdt.core.tests.compiler.parser.AnnotationCompletionParserTest" time="0"/>
  <testcase name="test0048 - 9" classname="org.eclipse.jdt.core.tests.compiler.parser.TypeAnnotationSyntaxTest" time="0.001"/>
  <testcase name="test0050 - 9" classname="org.eclipse.jdt.core.tests.compiler.parser.CompletionParserTestKeyword" time="0.001"/>
  <testcase name="test0050 - 9" classname="org.eclipse.jdt.core.tests.compiler.parser.ComplianceDiagnoseTest" time="0.001"/>
  <testcase name="test0050 - 9" classname="org.eclipse.jdt.core.tests.compiler.parser.AnnotationCompletionParserTest" time="0"/>
  <testcase name="test0050 - 9" classname="org.eclipse.jdt.core.tests.compiler.parser.TypeAnnotationSyntaxTest" time="0.001"/>
  <testcase name="test0051 - 9" classname="org.eclipse.jdt.core.tests.compiler.parser.CompletionParserTestKeyword" time="0"/>
  <testcase name="test0051 - 9" classname="org.eclipse.jdt.core.tests.compiler.parser.ComplianceDiagnoseTest" time="0.001"/>
  <testcase name="test0051 - 9" classname="org.eclipse.jdt.core.tests.compiler.parser.AnnotationCompletionParserTest" time="0"/>
  <testcase name="test0051 - 9" classname="org.eclipse.jdt.core.tests.compiler.parser.TypeAnnotationSyntaxTest" time="0"/>
  <testcase name="test0053 - 9" classname="org.eclipse.jdt.core.tests.compiler.parser.CompletionParserTestKeyword" time="0.001"/>
  <testcase name="test0053 - 9" classname="org.eclipse.jdt.core.tests.compiler.parser.ComplianceDiagnoseTest" time="0.003"/>
  <testcase name="test0053 - 9" classname="org.eclipse.jdt.core.tests.compiler.parser.TypeAnnotationSyntaxTest" time="0.001"/>
  <testcase name="test0054 - 9" classname="org.eclipse.jdt.core.tests.compiler.parser.CompletionParserTestKeyword" time="0"/>
  <testcase name="test0054 - 9" classname="org.eclipse.jdt.core.tests.compiler.parser.ComplianceDiagnoseTest" time="0.001"/>
  <testcase name="test0054 - 9" classname="org.eclipse.jdt.core.tests.compiler.parser.AnnotationCompletionParserTest" time="0"/>
  <testcase name="test0054 - 9" classname="org.eclipse.jdt.core.tests.compiler.parser.TypeAnnotationSyntaxTest" time="0.001"/>
  <testcase name="test0055_Diet - 9" classname="org.eclipse.jdt.core.tests.compiler.parser.CompletionParserTestKeyword" time="0"/>
  <testcase name="test0055_Diet - 9" classname="org.eclipse.jdt.core.tests.compiler.parser.GenericsCompletionParserTest" time="0"/>
  <testcase name="test0055_Method - 9" classname="org.eclipse.jdt.core.tests.compiler.parser.CompletionParserTestKeyword" time="0.001"/>
  <testcase name="test0055_Method - 9" classname="org.eclipse.jdt.core.tests.compiler.parser.GenericsCompletionParserTest" time="0"/>
  <testcase name="test0058_Diet - 9" classname="org.eclipse.jdt.core.tests.compiler.parser.CompletionParserTestKeyword" time="0"/>
  <testcase name="test0058_Diet - 9" classname="org.eclipse.jdt.core.tests.compiler.parser.GenericsCompletionParserTest" time="0"/>
  <testcase name="test0058_Diet - 9" classname="org.eclipse.jdt.core.tests.compiler.parser.AnnotationCompletionParserTest" time="0"/>
  <testcase name="test0058_Method - 9" classname="org.eclipse.jdt.core.tests.compiler.parser.CompletionParserTestKeyword" time="0.001"/>
  <testcase name="test0058_Method - 9" classname="org.eclipse.jdt.core.tests.compiler.parser.GenericsCompletionParserTest" time="0.001"/>
  <testcase name="test0058_Method - 9" classname="org.eclipse.jdt.core.tests.compiler.parser.AnnotationCompletionParserTest" time="0"/>
  <testcase name="test0060 - 9" classname="org.eclipse.jdt.core.tests.compiler.parser.CompletionParserTestKeyword" time="0"/>
  <testcase name="test0060 - 9" classname="org.eclipse.jdt.core.tests.compiler.parser.ComplianceDiagnoseTest" time="0"/>
  <testcase name="test0060 - 9" classname="org.eclipse.jdt.core.tests.compiler.parser.GenericsCompletionParserTest" time="0"/>
  <testcase name="test0060 - 9" classname="org.eclipse.jdt.core.tests.compiler.parser.AnnotationCompletionParserTest" time="0"/>
  <testcase name="test0060 - 9" classname="org.eclipse.jdt.core.tests.compiler.parser.TypeAnnotationSyntaxTest" time="0.003"/>
  <testcase name="test0062 - 9" classname="org.eclipse.jdt.core.tests.compiler.parser.CompletionParserTestKeyword" time="0"/>
  <testcase name="test0062 - 9" classname="org.eclipse.jdt.core.tests.compiler.parser.ComplianceDiagnoseTest" time="0"/>
  <testcase name="test0062 - 9" classname="org.eclipse.jdt.core.tests.compiler.parser.GenericsCompletionParserTest" time="0"/>
  <testcase name="test0062 - 9" classname="org.eclipse.jdt.core.tests.compiler.parser.AnnotationCompletionParserTest" time="0"/>
  <testcase name="test0062 - 9" classname="org.eclipse.jdt.core.tests.compiler.parser.TypeAnnotationSyntaxTest" time="0.002"/>
  <testcase name="test0063 - 9" classname="org.eclipse.jdt.core.tests.compiler.parser.CompletionParserTestKeyword" time="0"/>
  <testcase name="test0063 - 9" classname="org.eclipse.jdt.core.tests.compiler.parser.ComplianceDiagnoseTest" time="0"/>
  <testcase name="test0063 - 9" classname="org.eclipse.jdt.core.tests.compiler.parser.GenericsCompletionParserTest" time="0"/>
  <testcase name="test0063 - 9" classname="org.eclipse.jdt.core.tests.compiler.parser.AnnotationCompletionParserTest" time="0"/>
  <testcase name="test0063 - 9" classname="org.eclipse.jdt.core.tests.compiler.parser.TypeAnnotationSyntaxTest" time="0.002"/>
  <testcase name="test0065 - 9" classname="org.eclipse.jdt.core.tests.compiler.parser.CompletionParserTestKeyword" time="0"/>
  <testcase name="test0065 - 9" classname="org.eclipse.jdt.core.tests.compiler.parser.GenericsCompletionParserTest" time="0"/>
  <testcase name="test0066 - 9" classname="org.eclipse.jdt.core.tests.compiler.parser.CompletionParserTestKeyword" time="0"/>
  <testcase name="test0066 - 9" classname="org.eclipse.jdt.core.tests.compiler.parser.GenericsCompletionParserTest" time="0"/>
  <testcase name="test0066 - 9" classname="org.eclipse.jdt.core.tests.compiler.parser.AnnotationCompletionParserTest" time="0"/>
  <testcase name="test0066 - 9" classname="org.eclipse.jdt.core.tests.compiler.parser.TypeAnnotationSyntaxTest" time="0.001"/>
  <testcase name="test0067 - 9" classname="org.eclipse.jdt.core.tests.compiler.parser.CompletionParserTestKeyword" time="0.001"/>
  <testcase name="test0067 - 9" classname="org.eclipse.jdt.core.tests.compiler.parser.GenericsCompletionParserTest" time="0"/>
  <testcase name="test0067 - 9" classname="org.eclipse.jdt.core.tests.compiler.parser.AnnotationCompletionParserTest" time="0"/>
  <testcase name="test0067 - 9" classname="org.eclipse.jdt.core.tests.compiler.parser.TypeAnnotationSyntaxTest" time="0.001"/>
  <testcase name="test0068 - 9" classname="org.eclipse.jdt.core.tests.compiler.parser.CompletionParserTestKeyword" time="0"/>
  <testcase name="test0068 - 9" classname="org.eclipse.jdt.core.tests.compiler.parser.GenericsCompletionParserTest" time="0"/>
  <testcase name="test0068 - 9" classname="org.eclipse.jdt.core.tests.compiler.parser.AnnotationCompletionParserTest" time="0"/>
  <testcase name="test0068 - 9" classname="org.eclipse.jdt.core.tests.compiler.parser.TypeAnnotationSyntaxTest" time="0.001"/>
  <testcase name="test0069 - 9" classname="org.eclipse.jdt.core.tests.compiler.parser.CompletionParserTestKeyword" time="0"/>
  <testcase name="test0069 - 9" classname="org.eclipse.jdt.core.tests.compiler.parser.GenericsCompletionParserTest" time="0"/>
  <testcase name="test0069 - 9" classname="org.eclipse.jdt.core.tests.compiler.parser.AnnotationCompletionParserTest" time="0"/>
  <testcase name="test0069 - 9" classname="org.eclipse.jdt.core.tests.compiler.parser.TypeAnnotationSyntaxTest" time="0.001"/>
  <testcase name="test0070 - 9" classname="org.eclipse.jdt.core.tests.compiler.parser.CompletionParserTestKeyword" time="0.001"/>
  <testcase name="test0070 - 9" classname="org.eclipse.jdt.core.tests.compiler.parser.GenericsCompletionParserTest" time="0"/>
  <testcase name="test0070 - 9" classname="org.eclipse.jdt.core.tests.compiler.parser.TypeAnnotationSyntaxTest" time="0.001"/>
  <testcase name="test0071 - 9" classname="org.eclipse.jdt.core.tests.compiler.parser.CompletionParserTestKeyword" time="0"/>
  <testcase name="test0071 - 9" classname="org.eclipse.jdt.core.tests.compiler.parser.GenericsCompletionParserTest" time="0"/>
  <testcase name="test0071 - 9" classname="org.eclipse.jdt.core.tests.compiler.parser.TypeAnnotationSyntaxTest" time="0.001"/>
  <testcase name="test0072 - 9" classname="org.eclipse.jdt.core.tests.compiler.parser.CompletionParserTestKeyword" time="0"/>
  <testcase name="test0072 - 9" classname="org.eclipse.jdt.core.tests.compiler.parser.GenericsCompletionParserTest" time="0"/>
  <testcase name="test0072 - 9" classname="org.eclipse.jdt.core.tests.compiler.parser.AnnotationCompletionParserTest" time="0"/>
  <testcase name="test0072 - 9" classname="org.eclipse.jdt.core.tests.compiler.parser.TypeAnnotationSyntaxTest" time="0.001"/>
  <testcase name="test0074 - 9" classname="org.eclipse.jdt.core.tests.compiler.parser.CompletionParserTestKeyword" time="0"/>
  <testcase name="test0074 - 9" classname="org.eclipse.jdt.core.tests.compiler.parser.GenericsCompletionParserTest" time="0"/>
  <testcase name="test0074 - 9" classname="org.eclipse.jdt.core.tests.compiler.parser.AnnotationCompletionParserTest" time="0"/>
  <testcase name="test0074 - 9" classname="org.eclipse.jdt.core.tests.compiler.parser.TypeAnnotationSyntaxTest" time="0.001"/>
  <testcase name="test0075 - 9" classname="org.eclipse.jdt.core.tests.compiler.parser.CompletionParserTestKeyword" time="0"/>
  <testcase name="test0075 - 9" classname="org.eclipse.jdt.core.tests.compiler.parser.GenericsCompletionParserTest" time="0"/>
  <testcase name="test0075 - 9" classname="org.eclipse.jdt.core.tests.compiler.parser.AnnotationCompletionParserTest" time="0"/>
  <testcase name="test0075 - 9" classname="org.eclipse.jdt.core.tests.compiler.parser.TypeAnnotationSyntaxTest" time="0.001"/>
  <testcase name="test0077 - 9" classname="org.eclipse.jdt.core.tests.compiler.parser.CompletionParserTestKeyword" time="0"/>
  <testcase name="test0077 - 9" classname="org.eclipse.jdt.core.tests.compiler.parser.GenericsCompletionParserTest" time="0.001"/>
  <testcase name="test0077 - 9" classname="org.eclipse.jdt.core.tests.compiler.parser.TypeAnnotationSyntaxTest" time="0.001"/>
  <testcase name="test0078 - 9" classname="org.eclipse.jdt.core.tests.compiler.parser.CompletionParserTestKeyword" time="0"/>
  <testcase name="test0078 - 9" classname="org.eclipse.jdt.core.tests.compiler.parser.GenericsCompletionParserTest" time="0"/>
  <testcase name="test0078 - 9" classname="org.eclipse.jdt.core.tests.compiler.parser.AnnotationCompletionParserTest" time="0"/>
  <testcase name="test0078 - 9" classname="org.eclipse.jdt.core.tests.compiler.parser.TypeAnnotationSyntaxTest" time="0.001"/>
  <testcase name="test0079 - 9" classname="org.eclipse.jdt.core.tests.compiler.parser.CompletionParserTestKeyword" time="0"/>
  <testcase name="test0079 - 9" classname="org.eclipse.jdt.core.tests.compiler.parser.GenericsCompletionParserTest" time="0"/>
  <testcase name="test0079 - 9" classname="org.eclipse.jdt.core.tests.compiler.parser.AnnotationCompletionParserTest" time="0"/>
  <testcase name="test0079 - 9" classname="org.eclipse.jdt.core.tests.compiler.parser.TypeAnnotationSyntaxTest" time="0"/>
  <testcase name="test0083 - 9" classname="org.eclipse.jdt.core.tests.compiler.parser.CompletionParserTestKeyword" time="0.001"/>
  <testcase name="test0083 - 9" classname="org.eclipse.jdt.core.tests.compiler.parser.GenericsCompletionParserTest" time="0"/>
  <testcase name="test0083 - 9" classname="org.eclipse.jdt.core.tests.compiler.parser.AnnotationCompletionParserTest" time="0"/>
  <testcase name="test0083 - 9" classname="org.eclipse.jdt.core.tests.compiler.parser.TypeAnnotationSyntaxTest" time="0.001"/>
  <testcase name="test0084 - 9" classname="org.eclipse.jdt.core.tests.compiler.parser.CompletionParserTestKeyword" time="0"/>
  <testcase name="test0084 - 9" classname="org.eclipse.jdt.core.tests.compiler.parser.GenericsCompletionParserTest" time="0"/>
  <testcase name="test0084 - 9" classname="org.eclipse.jdt.core.tests.compiler.parser.AnnotationCompletionParserTest" time="0"/>
  <testcase name="test0084 - 9" classname="org.eclipse.jdt.core.tests.compiler.parser.TypeAnnotationSyntaxTest" time="0.002"/>
  <testcase name="test0085 - 9" classname="org.eclipse.jdt.core.tests.compiler.parser.CompletionParserTestKeyword" time="0"/>
  <testcase name="test0085 - 9" classname="org.eclipse.jdt.core.tests.compiler.parser.GenericsCompletionParserTest" time="0.001"/>
  <testcase name="test0085 - 9" classname="org.eclipse.jdt.core.tests.compiler.parser.AnnotationCompletionParserTest" time="0"/>
  <testcase name="test0085 - 9" classname="org.eclipse.jdt.core.tests.compiler.parser.TypeAnnotationSyntaxTest" time="0.002"/>
  <testcase name="test0086 - 9" classname="org.eclipse.jdt.core.tests.compiler.parser.CompletionParserTestKeyword" time="0.001"/>
  <testcase name="test0086 - 9" classname="org.eclipse.jdt.core.tests.compiler.parser.GenericsCompletionParserTest" time="0"/>
  <testcase name="test0086 - 9" classname="org.eclipse.jdt.core.tests.compiler.parser.AnnotationCompletionParserTest" time="0"/>
  <testcase name="test0086 - 9" classname="org.eclipse.jdt.core.tests.compiler.parser.TypeAnnotationSyntaxTest" time="0.001"/>
  <testcase name="test0087 - 9" classname="org.eclipse.jdt.core.tests.compiler.parser.CompletionParserTestKeyword" time="0"/>
  <testcase name="test0087 - 9" classname="org.eclipse.jdt.core.tests.compiler.parser.GenericsCompletionParserTest" time="0"/>
  <testcase name="test0087 - 9" classname="org.eclipse.jdt.core.tests.compiler.parser.AnnotationCompletionParserTest" time="0"/>
  <testcase name="test0087 - 9" classname="org.eclipse.jdt.core.tests.compiler.parser.TypeAnnotationSyntaxTest" time="0.001"/>
  <testcase name="test0088 - 9" classname="org.eclipse.jdt.core.tests.compiler.parser.CompletionParserTestKeyword" time="0"/>
  <testcase name="test0088 - 9" classname="org.eclipse.jdt.core.tests.compiler.parser.GenericsCompletionParserTest" time="0"/>
  <testcase name="test0088 - 9" classname="org.eclipse.jdt.core.tests.compiler.parser.AnnotationCompletionParserTest" time="0"/>
  <testcase name="test0088 - 9" classname="org.eclipse.jdt.core.tests.compiler.parser.TypeAnnotationSyntaxTest" time="0"/>
  <testcase name="test0089 - 9" classname="org.eclipse.jdt.core.tests.compiler.parser.CompletionParserTestKeyword" time="0"/>
  <testcase name="test0089 - 9" classname="org.eclipse.jdt.core.tests.compiler.parser.GenericsCompletionParserTest" time="0"/>
  <testcase name="test0089 - 9" classname="org.eclipse.jdt.core.tests.compiler.parser.AnnotationCompletionParserTest" time="0"/>
  <testcase name="test0089 - 9" classname="org.eclipse.jdt.core.tests.compiler.parser.TypeAnnotationSyntaxTest" time="0"/>
  <testcase name="test0091_Diet - 9" classname="org.eclipse.jdt.core.tests.compiler.parser.CompletionParserTestKeyword" time="0"/>
  <testcase name="test0091_Method - 9" classname="org.eclipse.jdt.core.tests.compiler.parser.CompletionParserTestKeyword" time="0"/>
  <testcase name="test0094_Diet - 9" classname="org.eclipse.jdt.core.tests.compiler.parser.CompletionParserTestKeyword" time="0"/>
  <testcase name="test0094_Method - 9" classname="org.eclipse.jdt.core.tests.compiler.parser.CompletionParserTestKeyword" time="0.001"/>
  <testcase name="test0101 - 9" classname="org.eclipse.jdt.core.tests.compiler.parser.CompletionParserTestKeyword" time="0"/>
  <testcase name="test0101 - 9" classname="org.eclipse.jdt.core.tests.compiler.parser.AnnotationCompletionParserTest" time="0"/>
  <testcase name="test0101 - 9" classname="org.eclipse.jdt.core.tests.compiler.parser.TypeAnnotationSyntaxTest" time="0.001"/>
  <testcase name="test0102 - 9" classname="org.eclipse.jdt.core.tests.compiler.parser.CompletionParserTestKeyword" time="0"/>
  <testcase name="test0102 - 9" classname="org.eclipse.jdt.core.tests.compiler.parser.AnnotationCompletionParserTest" time="0"/>
  <testcase name="test0102 - 9" classname="org.eclipse.jdt.core.tests.compiler.parser.TypeAnnotationSyntaxTest" time="0.001"/>
  <testcase name="test0103 - 9" classname="org.eclipse.jdt.core.tests.compiler.parser.CompletionParserTestKeyword" time="0.001"/>
  <testcase name="test0103 - 9" classname="org.eclipse.jdt.core.tests.compiler.parser.AnnotationCompletionParserTest" time="0.001"/>
  <testcase name="test0103 - 9" classname="org.eclipse.jdt.core.tests.compiler.parser.TypeAnnotationSyntaxTest" time="0.001"/>
  <testcase name="test0104 - 9" classname="org.eclipse.jdt.core.tests.compiler.parser.CompletionParserTestKeyword" time="0"/>
  <testcase name="test0104 - 9" classname="org.eclipse.jdt.core.tests.compiler.parser.AnnotationCompletionParserTest" time="0"/>
  <testcase name="test0104 - 9" classname="org.eclipse.jdt.core.tests.compiler.parser.TypeAnnotationSyntaxTest" time="0.002"/>
  <testcase name="test0105 - 9" classname="org.eclipse.jdt.core.tests.compiler.parser.CompletionParserTestKeyword" time="0"/>
  <testcase name="test0105 - 9" classname="org.eclipse.jdt.core.tests.compiler.parser.TypeAnnotationSyntaxTest" time="0.002"/>
  <testcase name="test0106 - 9" classname="org.eclipse.jdt.core.tests.compiler.parser.CompletionParserTestKeyword" time="0.001"/>
  <testcase name="test0106 - 9" classname="org.eclipse.jdt.core.tests.compiler.parser.TypeAnnotationSyntaxTest" time="0.001"/>
  <testcase name="test0111 - 9" classname="org.eclipse.jdt.core.tests.compiler.parser.CompletionParserTestKeyword" time="0.001"/>
  <testcase name="test0111 - 9" classname="org.eclipse.jdt.core.tests.compiler.parser.TypeAnnotationSyntaxTest" time="0"/>
  <testcase name="test0112 - 9" classname="org.eclipse.jdt.core.tests.compiler.parser.CompletionParserTestKeyword" time="0"/>
  <testcase name="test0112 - 9" classname="org.eclipse.jdt.core.tests.compiler.parser.TypeAnnotationSyntaxTest" time="0.001"/>
  <testcase name="test0113 - 9" classname="org.eclipse.jdt.core.tests.compiler.parser.CompletionParserTestKeyword" time="0"/>
  <testcase name="test0113 - 9" classname="org.eclipse.jdt.core.tests.compiler.parser.TypeAnnotationSyntaxTest" time="0.001"/>
  <testcase name="test0114 - 9" classname="org.eclipse.jdt.core.tests.compiler.parser.CompletionParserTestKeyword" time="0"/>
  <testcase name="test0114 - 9" classname="org.eclipse.jdt.core.tests.compiler.parser.TypeAnnotationSyntaxTest" time="0"/>
  <testcase name="test0115 - 9" classname="org.eclipse.jdt.core.tests.compiler.parser.CompletionParserTestKeyword" time="0"/>
  <testcase name="test0115 - 9" classname="org.eclipse.jdt.core.tests.compiler.parser.AnnotationCompletionParserTest" time="0"/>
  <testcase name="test0115 - 9" classname="org.eclipse.jdt.core.tests.compiler.parser.TypeAnnotationSyntaxTest" time="0.001"/>
  <testcase name="test0116 - 9" classname="org.eclipse.jdt.core.tests.compiler.parser.CompletionParserTestKeyword" time="0"/>
  <testcase name="test0116 - 9" classname="org.eclipse.jdt.core.tests.compiler.parser.AnnotationCompletionParserTest" time="0"/>
  <testcase name="test0116 - 9" classname="org.eclipse.jdt.core.tests.compiler.parser.TypeAnnotationSyntaxTest" time="0.001"/>
  <testcase name="test0117 - 9" classname="org.eclipse.jdt.core.tests.compiler.parser.CompletionParserTestKeyword" time="0"/>
  <testcase name="test0117 - 9" classname="org.eclipse.jdt.core.tests.compiler.parser.AnnotationCompletionParserTest" time="0"/>
  <testcase name="test0117 - 9" classname="org.eclipse.jdt.core.tests.compiler.parser.TypeAnnotationSyntaxTest" time="0.002"/>
  <testcase name="test0118 - 9" classname="org.eclipse.jdt.core.tests.compiler.parser.CompletionParserTestKeyword" time="0"/>
  <testcase name="test0118 - 9" classname="org.eclipse.jdt.core.tests.compiler.parser.AnnotationCompletionParserTest" time="0"/>
  <testcase name="test0118 - 9" classname="org.eclipse.jdt.core.tests.compiler.parser.TypeAnnotationSyntaxTest" time="0.001"/>
  <testcase name="test0119 - 9" classname="org.eclipse.jdt.core.tests.compiler.parser.CompletionParserTestKeyword" time="0"/>
  <testcase name="test0119 - 9" classname="org.eclipse.jdt.core.tests.compiler.parser.TypeAnnotationSyntaxTest" time="0.002"/>
  <testcase name="test0120 - 9" classname="org.eclipse.jdt.core.tests.compiler.parser.CompletionParserTestKeyword" time="0"/>
  <testcase name="test0120 - 9" classname="org.eclipse.jdt.core.tests.compiler.parser.TypeAnnotationSyntaxTest" time="0.001"/>
  <testcase name="test0121 - 9" classname="org.eclipse.jdt.core.tests.compiler.parser.CompletionParserTestKeyword" time="0.001"/>
  <testcase name="test0121 - 9" classname="org.eclipse.jdt.core.tests.compiler.parser.AnnotationCompletionParserTest" time="0"/>
  <testcase name="test0121 - 9" classname="org.eclipse.jdt.core.tests.compiler.parser.TypeAnnotationSyntaxTest" time="0.001"/>
  <testcase name="test0122 - 9" classname="org.eclipse.jdt.core.tests.compiler.parser.CompletionParserTestKeyword" time="0"/>
  <testcase name="test0122 - 9" classname="org.eclipse.jdt.core.tests.compiler.parser.AnnotationCompletionParserTest" time="0"/>
  <testcase name="test0122 - 9" classname="org.eclipse.jdt.core.tests.compiler.parser.TypeAnnotationSyntaxTest" time="0.002"/>
  <testcase name="test0123 - 9" classname="org.eclipse.jdt.core.tests.compiler.parser.CompletionParserTestKeyword" time="0"/>
  <testcase name="test0123 - 9" classname="org.eclipse.jdt.core.tests.compiler.parser.AnnotationCompletionParserTest" time="0"/>
  <testcase name="test0123 - 9" classname="org.eclipse.jdt.core.tests.compiler.parser.TypeAnnotationSyntaxTest" time="0.002"/>
  <testcase name="test0124 - 9" classname="org.eclipse.jdt.core.tests.compiler.parser.CompletionParserTestKeyword" time="0.001"/>
  <testcase name="test0124 - 9" classname="org.eclipse.jdt.core.tests.compiler.parser.AnnotationCompletionParserTest" time="0"/>
  <testcase name="test0125 - 9" classname="org.eclipse.jdt.core.tests.compiler.parser.CompletionParserTestKeyword" time="0"/>
  <testcase name="test0125 - 9" classname="org.eclipse.jdt.core.tests.compiler.parser.AnnotationCompletionParserTest" time="0"/>
  <testcase name="test0125 - 9" classname="org.eclipse.jdt.core.tests.compiler.parser.TypeAnnotationSyntaxTest" time="0"/>
  <testcase name="test0126 - 9" classname="org.eclipse.jdt.core.tests.compiler.parser.CompletionParserTestKeyword" time="0"/>
  <testcase name="test0126 - 9" classname="org.eclipse.jdt.core.tests.compiler.parser.AnnotationCompletionParserTest" time="0"/>
  <testcase name="test0126 - 9" classname="org.eclipse.jdt.core.tests.compiler.parser.TypeAnnotationSyntaxTest" time="0"/>
  <testcase name="test0128 - 9" classname="org.eclipse.jdt.core.tests.compiler.parser.CompletionParserTestKeyword" time="0"/>
  <testcase name="test0128 - 9" classname="org.eclipse.jdt.core.tests.compiler.parser.AnnotationCompletionParserTest" time="0"/>
  <testcase name="test0128 - 9" classname="org.eclipse.jdt.core.tests.compiler.parser.TypeAnnotationSyntaxTest" time="0.002"/>
  <testcase name="test0129 - 9" classname="org.eclipse.jdt.core.tests.compiler.parser.CompletionParserTestKeyword" time="0"/>
  <testcase name="test0129 - 9" classname="org.eclipse.jdt.core.tests.compiler.parser.AnnotationCompletionParserTest" time="0"/>
  <testcase name="test0129 - 9" classname="org.eclipse.jdt.core.tests.compiler.parser.TypeAnnotationSyntaxTest" time="0.001"/>
  <testcase name="test0130 - 9" classname="org.eclipse.jdt.core.tests.compiler.parser.CompletionParserTestKeyword" time="0.001"/>
  <testcase name="test0130 - 9" classname="org.eclipse.jdt.core.tests.compiler.parser.TypeAnnotationSyntaxTest" time="0.001"/>
  <testcase name="test0131 - 9" classname="org.eclipse.jdt.core.tests.compiler.parser.CompletionParserTestKeyword" time="0"/>
  <testcase name="test0131 - 9" classname="org.eclipse.jdt.core.tests.compiler.parser.TypeAnnotationSyntaxTest" time="0"/>
  <testcase name="test0132 - 9" classname="org.eclipse.jdt.core.tests.compiler.parser.CompletionParserTestKeyword" time="0"/>
  <testcase name="test0132 - 9" classname="org.eclipse.jdt.core.tests.compiler.parser.TypeAnnotationSyntaxTest" time="0.001"/>
  <testcase name="test0133 - 9" classname="org.eclipse.jdt.core.tests.compiler.parser.CompletionParserTestKeyword" time="0"/>
  <testcase name="test0133 - 9" classname="org.eclipse.jdt.core.tests.compiler.parser.TypeAnnotationSyntaxTest" time="0"/>
  <testcase name="test0135 - 9" classname="org.eclipse.jdt.core.tests.compiler.parser.CompletionParserTestKeyword" time="0"/>
  <testcase name="test0135 - 9" classname="org.eclipse.jdt.core.tests.compiler.parser.TypeAnnotationSyntaxTest" time="0.001"/>
  <testcase name="test0137 - 9" classname="org.eclipse.jdt.core.tests.compiler.parser.CompletionParserTestKeyword" time="0"/>
  <testcase name="test0137 - 9" classname="org.eclipse.jdt.core.tests.compiler.parser.TypeAnnotationSyntaxTest" time="0.001"/>
  <testcase name="test0138 - 9" classname="org.eclipse.jdt.core.tests.compiler.parser.CompletionParserTestKeyword" time="0"/>
  <testcase name="test0138 - 9" classname="org.eclipse.jdt.core.tests.compiler.parser.TypeAnnotationSyntaxTest" time="0"/>
  <testcase name="test0142 - 9" classname="org.eclipse.jdt.core.tests.compiler.parser.CompletionParserTestKeyword" time="0"/>
  <testcase name="test0143 - 9" classname="org.eclipse.jdt.core.tests.compiler.parser.CompletionParserTestKeyword" time="0"/>
  <testcase name="test0144 - 9" classname="org.eclipse.jdt.core.tests.compiler.parser.CompletionParserTestKeyword" time="0"/>
  <testcase name="test0145 - 9" classname="org.eclipse.jdt.core.tests.compiler.parser.CompletionParserTestKeyword" time="0"/>
  <testcase name="test0146 - 9" classname="org.eclipse.jdt.core.tests.compiler.parser.CompletionParserTestKeyword" time="0.001"/>
  <testcase name="test0146 - 9" classname="org.eclipse.jdt.core.tests.compiler.parser.GenericsCompletionParserTest" time="0"/>
  <testcase name="test0147_Diet - 9" classname="org.eclipse.jdt.core.tests.compiler.parser.CompletionParserTestKeyword" time="0"/>
  <testcase name="test0147_Method - 9" classname="org.eclipse.jdt.core.tests.compiler.parser.CompletionParserTestKeyword" time="0"/>
  <testcase name="test0148_Diet - 9" classname="org.eclipse.jdt.core.tests.compiler.parser.CompletionParserTestKeyword" time="0.001"/>
  <testcase name="test0148_Method - 9" classname="org.eclipse.jdt.core.tests.compiler.parser.CompletionParserTestKeyword" time="0"/>
  <testcase name="test0149 - 9" classname="org.eclipse.jdt.core.tests.compiler.parser.CompletionParserTestKeyword" time="0"/>
  <testcase name="test0149 - 9" classname="org.eclipse.jdt.core.tests.compiler.parser.GenericsCompletionParserTest" time="0"/>
  <testcase name="test0150 - 9" classname="org.eclipse.jdt.core.tests.compiler.parser.CompletionParserTestKeyword" time="0.001"/>
  <testcase name="test0150 - 9" classname="org.eclipse.jdt.core.tests.compiler.parser.GenericsCompletionParserTest" time="0"/>
  <testcase name="test0151 - 9" classname="org.eclipse.jdt.core.tests.compiler.parser.CompletionParserTestKeyword" time="0"/>
  <testcase name="test0151 - 9" classname="org.eclipse.jdt.core.tests.compiler.parser.GenericsCompletionParserTest" time="0"/>
  <testcase name="test0153 - 9" classname="org.eclipse.jdt.core.tests.compiler.parser.CompletionParserTestKeyword" time="0"/>
  <testcase name="test0153 - 9" classname="org.eclipse.jdt.core.tests.compiler.parser.GenericsCompletionParserTest" time="0"/>
  <testcase name="test0154 - 9" classname="org.eclipse.jdt.core.tests.compiler.parser.CompletionParserTestKeyword" time="0"/>
  <testcase name="test0154 - 9" classname="org.eclipse.jdt.core.tests.compiler.parser.GenericsCompletionParserTest" time="0"/>
  <testcase name="test0155 - 9" classname="org.eclipse.jdt.core.tests.compiler.parser.CompletionParserTestKeyword" time="0"/>
  <testcase name="test0155 - 9" classname="org.eclipse.jdt.core.tests.compiler.parser.GenericsCompletionParserTest" time="0"/>
  <testcase name="test0156 - 9" classname="org.eclipse.jdt.core.tests.compiler.parser.CompletionParserTestKeyword" time="0"/>
  <testcase name="test0156 - 9" classname="org.eclipse.jdt.core.tests.compiler.parser.GenericsCompletionParserTest" time="0.001"/>
  <testcase name="test0157 - 9" classname="org.eclipse.jdt.core.tests.compiler.parser.CompletionParserTestKeyword" time="0"/>
  <testcase name="test0157 - 9" classname="org.eclipse.jdt.core.tests.compiler.parser.GenericsCompletionParserTest" time="0"/>
  <testcase name="test0158 - 9" classname="org.eclipse.jdt.core.tests.compiler.parser.CompletionParserTestKeyword" time="0"/>
  <testcase name="test0158 - 9" classname="org.eclipse.jdt.core.tests.compiler.parser.GenericsCompletionParserTest" time="0"/>
  <testcase name="test0165 - 9" classname="org.eclipse.jdt.core.tests.compiler.parser.CompletionParserTestKeyword" time="0"/>
  <testcase name="test0166 - 9" classname="org.eclipse.jdt.core.tests.compiler.parser.CompletionParserTestKeyword" time="0"/>
  <testcase name="test0167 - 9" classname="org.eclipse.jdt.core.tests.compiler.parser.CompletionParserTestKeyword" time="0"/>
  <testcase name="test0168 - 9" classname="org.eclipse.jdt.core.tests.compiler.parser.CompletionParserTestKeyword" time="0"/>
  <testcase name="test0169 - 9" classname="org.eclipse.jdt.core.tests.compiler.parser.CompletionParserTestKeyword" time="0"/>
  <testcase name="test0169 - 9" classname="org.eclipse.jdt.core.tests.compiler.parser.GenericsCompletionParserTest" time="0"/>
  <testcase name="test0170 - 9" classname="org.eclipse.jdt.core.tests.compiler.parser.CompletionParserTestKeyword" time="0.001"/>
  <testcase name="test0170 - 9" classname="org.eclipse.jdt.core.tests.compiler.parser.GenericsCompletionParserTest" time="0"/>
  <testcase name="test0171 - 9" classname="org.eclipse.jdt.core.tests.compiler.parser.CompletionParserTestKeyword" time="0"/>
  <testcase name="test0173 - 9" classname="org.eclipse.jdt.core.tests.compiler.parser.CompletionParserTestKeyword" time="0.001"/>
  <testcase name="test0174 - 9" classname="org.eclipse.jdt.core.tests.compiler.parser.CompletionParserTestKeyword" time="0"/>
  <testcase name="test0175 - 9" classname="org.eclipse.jdt.core.tests.compiler.parser.CompletionParserTestKeyword" time="0"/>
  <testcase name="test0176 - 9" classname="org.eclipse.jdt.core.tests.compiler.parser.CompletionParserTestKeyword" time="0"/>
  <testcase name="test0177 - 9" classname="org.eclipse.jdt.core.tests.compiler.parser.CompletionParserTestKeyword" time="0"/>
  <testcase name="test0177 - 9" classname="org.eclipse.jdt.core.tests.compiler.parser.GenericsCompletionParserTest" time="0"/>
  <testcase name="test0178 - 9" classname="org.eclipse.jdt.core.tests.compiler.parser.CompletionParserTestKeyword" time="0"/>
  <testcase name="test0178 - 9" classname="org.eclipse.jdt.core.tests.compiler.parser.GenericsCompletionParserTest" time="0"/>
  <testcase name="test0179 - 9" classname="org.eclipse.jdt.core.tests.compiler.parser.CompletionParserTestKeyword" time="0"/>
  <testcase name="test0179 - 9" classname="org.eclipse.jdt.core.tests.compiler.parser.GenericsCompletionParserTest" time="0"/>
  <testcase name="test0180 - 9" classname="org.eclipse.jdt.core.tests.compiler.parser.CompletionParserTestKeyword" time="0.001"/>
  <testcase name="test0180 - 9" classname="org.eclipse.jdt.core.tests.compiler.parser.GenericsCompletionParserTest" time="0"/>
  <testcase name="test0181_Diet - 9" classname="org.eclipse.jdt.core.tests.compiler.parser.CompletionParserTestKeyword" time="0"/>
  <testcase name="test0181_Method - 9" classname="org.eclipse.jdt.core.tests.compiler.parser.CompletionParserTestKeyword" time="0"/>
  <testcase name="test0182_Diet - 9" classname="org.eclipse.jdt.core.tests.compiler.parser.CompletionParserTestKeyword" time="0.001"/>
  <testcase name="test0182_Method - 9" classname="org.eclipse.jdt.core.tests.compiler.parser.CompletionParserTestKeyword" time="0"/>
  <testcase name="test0183_Diet - 9" classname="org.eclipse.jdt.core.tests.compiler.parser.CompletionParserTestKeyword" time="0"/>
  <testcase name="test0183_Method - 9" classname="org.eclipse.jdt.core.tests.compiler.parser.CompletionParserTestKeyword" time="0"/>
  <testcase name="test0184_Diet - 9" classname="org.eclipse.jdt.core.tests.compiler.parser.CompletionParserTestKeyword" time="0"/>
  <testcase name="test0184_Diet - 9" classname="org.eclipse.jdt.core.tests.compiler.parser.GenericsCompletionParserTest" time="0"/>
  <testcase name="test0184_Method - 9" classname="org.eclipse.jdt.core.tests.compiler.parser.CompletionParserTestKeyword" time="0"/>
  <testcase name="test0184_Method - 9" classname="org.eclipse.jdt.core.tests.compiler.parser.GenericsCompletionParserTest" time="0"/>
  <testcase name="test0185_Diet - 9" classname="org.eclipse.jdt.core.tests.compiler.parser.CompletionParserTestKeyword" time="0"/>
  <testcase name="test0185_Method - 9" classname="org.eclipse.jdt.core.tests.compiler.parser.CompletionParserTestKeyword" time="0"/>
  <testcase name="test0186_Diet - 9" classname="org.eclipse.jdt.core.tests.compiler.parser.CompletionParserTestKeyword" time="0"/>
  <testcase name="test0186_Method - 9" classname="org.eclipse.jdt.core.tests.compiler.parser.CompletionParserTestKeyword" time="0"/>
  <testcase name="test0187_Diet - 9" classname="org.eclipse.jdt.core.tests.compiler.parser.CompletionParserTestKeyword" time="0.001"/>
  <testcase name="test0187_Diet - 9" classname="org.eclipse.jdt.core.tests.compiler.parser.GenericsCompletionParserTest" time="0"/>
  <testcase name="test0187_Method - 9" classname="org.eclipse.jdt.core.tests.compiler.parser.CompletionParserTestKeyword" time="0"/>
  <testcase name="test0187_Method - 9" classname="org.eclipse.jdt.core.tests.compiler.parser.GenericsCompletionParserTest" time="0"/>
  <testcase name="test0188_Diet - 9" classname="org.eclipse.jdt.core.tests.compiler.parser.CompletionParserTestKeyword" time="0"/>
  <testcase name="test0188_Diet - 9" classname="org.eclipse.jdt.core.tests.compiler.parser.GenericsCompletionParserTest" time="0"/>
  <testcase name="test0188_Method - 9" classname="org.eclipse.jdt.core.tests.compiler.parser.CompletionParserTestKeyword" time="0.001"/>
  <testcase name="test0188_Method - 9" classname="org.eclipse.jdt.core.tests.compiler.parser.GenericsCompletionParserTest" time="0.001"/>
  <testcase name="test0189_Diet - 9" classname="org.eclipse.jdt.core.tests.compiler.parser.CompletionParserTestKeyword" time="0"/>
  <testcase name="test0189_Diet - 9" classname="org.eclipse.jdt.core.tests.compiler.parser.GenericsCompletionParserTest" time="0"/>
  <testcase name="test0189_Method - 9" classname="org.eclipse.jdt.core.tests.compiler.parser.CompletionParserTestKeyword" time="0"/>
  <testcase name="test0189_Method - 9" classname="org.eclipse.jdt.core.tests.compiler.parser.GenericsCompletionParserTest" time="0"/>
  <testcase name="test0190_Diet - 9" classname="org.eclipse.jdt.core.tests.compiler.parser.CompletionParserTestKeyword" time="0.001"/>
  <testcase name="test0190_Diet - 9" classname="org.eclipse.jdt.core.tests.compiler.parser.GenericsCompletionParserTest" time="0"/>
  <testcase name="test0190_Method - 9" classname="org.eclipse.jdt.core.tests.compiler.parser.CompletionParserTestKeyword" time="0"/>
  <testcase name="test0190_Method - 9" classname="org.eclipse.jdt.core.tests.compiler.parser.GenericsCompletionParserTest" time="0"/>
  <testcase name="test0191_Diet - 9" classname="org.eclipse.jdt.core.tests.compiler.parser.CompletionParserTestKeyword" time="0"/>
  <testcase name="test0191_Diet - 9" classname="org.eclipse.jdt.core.tests.compiler.parser.GenericsCompletionParserTest" time="0"/>
  <testcase name="test0191_Method - 9" classname="org.eclipse.jdt.core.tests.compiler.parser.CompletionParserTestKeyword" time="0"/>
  <testcase name="test0191_Method - 9" classname="org.eclipse.jdt.core.tests.compiler.parser.GenericsCompletionParserTest" time="0"/>
  <testcase name="test0192_Diet - 9" classname="org.eclipse.jdt.core.tests.compiler.parser.CompletionParserTestKeyword" time="0"/>
  <testcase name="test0192_Diet - 9" classname="org.eclipse.jdt.core.tests.compiler.parser.GenericsCompletionParserTest" time="0"/>
  <testcase name="test0192_Method - 9" classname="org.eclipse.jdt.core.tests.compiler.parser.CompletionParserTestKeyword" time="0"/>
  <testcase name="test0192_Method - 9" classname="org.eclipse.jdt.core.tests.compiler.parser.GenericsCompletionParserTest" time="0"/>
  <testcase name="test0193_Diet - 9" classname="org.eclipse.jdt.core.tests.compiler.parser.CompletionParserTestKeyword" time="0.001"/>
  <testcase name="test0193_Diet - 9" classname="org.eclipse.jdt.core.tests.compiler.parser.GenericsCompletionParserTest" time="0.001"/>
  <testcase name="test0193_Method - 9" classname="org.eclipse.jdt.core.tests.compiler.parser.CompletionParserTestKeyword" time="0"/>
  <testcase name="test0193_Method - 9" classname="org.eclipse.jdt.core.tests.compiler.parser.GenericsCompletionParserTest" time="0"/>
  <testcase name="test0194 - 9" classname="org.eclipse.jdt.core.tests.compiler.parser.CompletionParserTestKeyword" time="0"/>
  <testcase name="test0195 - 9" classname="org.eclipse.jdt.core.tests.compiler.parser.CompletionParserTestKeyword" time="0.001"/>
  <testcase name="test0196 - 9" classname="org.eclipse.jdt.core.tests.compiler.parser.CompletionParserTestKeyword" time="0"/>
  <testcase name="test0196 - 9" classname="org.eclipse.jdt.core.tests.compiler.parser.GenericsCompletionParserTest" time="0"/>
  <testcase name="test0197 - 9" classname="org.eclipse.jdt.core.tests.compiler.parser.CompletionParserTestKeyword" time="0"/>
  <testcase name="test0197 - 9" classname="org.eclipse.jdt.core.tests.compiler.parser.GenericsCompletionParserTest" time="0"/>
  <testcase name="test0198 - 9" classname="org.eclipse.jdt.core.tests.compiler.parser.CompletionParserTestKeyword" time="0.001"/>
  <testcase name="test0198 - 9" classname="org.eclipse.jdt.core.tests.compiler.parser.GenericsCompletionParserTest" time="0"/>
  <testcase name="test0199 - 9" classname="org.eclipse.jdt.core.tests.compiler.parser.CompletionParserTestKeyword" time="0"/>
  <testcase name="test0199 - 9" classname="org.eclipse.jdt.core.tests.compiler.parser.GenericsCompletionParserTest" time="0.001"/>
  <testcase name="test0200 - 9" classname="org.eclipse.jdt.core.tests.compiler.parser.CompletionParserTestKeyword" time="0"/>
  <testcase name="test0200 - 9" classname="org.eclipse.jdt.core.tests.compiler.parser.GenericsCompletionParserTest" time="0"/>
  <testcase name="test0201 - 9" classname="org.eclipse.jdt.core.tests.compiler.parser.CompletionParserTestKeyword" time="0.001"/>
  <testcase name="test0201 - 9" classname="org.eclipse.jdt.core.tests.compiler.parser.GenericsCompletionParserTest" time="0"/>
  <testcase name="test0202 - 9" classname="org.eclipse.jdt.core.tests.compiler.parser.CompletionParserTestKeyword" time="0"/>
  <testcase name="test0203 - 9" classname="org.eclipse.jdt.core.tests.compiler.parser.CompletionParserTestKeyword" time="0"/>
  <testcase name="test0204 - 9" classname="org.eclipse.jdt.core.tests.compiler.parser.CompletionParserTestKeyword" time="0.001"/>
  <testcase name="test0205 - 9" classname="org.eclipse.jdt.core.tests.compiler.parser.CompletionParserTestKeyword" time="0"/>
  <testcase name="test0205 - 9" classname="org.eclipse.jdt.core.tests.compiler.parser.GenericsCompletionParserTest" time="0"/>
  <testcase name="test0206 - 9" classname="org.eclipse.jdt.core.tests.compiler.parser.CompletionParserTestKeyword" time="0"/>
  <testcase name="test0207 - 9" classname="org.eclipse.jdt.core.tests.compiler.parser.CompletionParserTestKeyword" time="0"/>
  <testcase name="test0208 - 9" classname="org.eclipse.jdt.core.tests.compiler.parser.CompletionParserTestKeyword" time="0"/>
  <testcase name="test0209 - 9" classname="org.eclipse.jdt.core.tests.compiler.parser.CompletionParserTestKeyword" time="0"/>
  <testcase name="test0210 - 9" classname="org.eclipse.jdt.core.tests.compiler.parser.CompletionParserTestKeyword" time="0"/>
  <testcase name="test0211 - 9" classname="org.eclipse.jdt.core.tests.compiler.parser.CompletionParserTestKeyword" time="0"/>
  <testcase name="test0211 - 9" classname="org.eclipse.jdt.core.tests.compiler.parser.GenericsCompletionParserTest" time="0"/>
  <testcase name="test0212 - 9" classname="org.eclipse.jdt.core.tests.compiler.parser.CompletionParserTestKeyword" time="0"/>
  <testcase name="test0212 - 9" classname="org.eclipse.jdt.core.tests.compiler.parser.GenericsCompletionParserTest" time="0"/>
  <testcase name="test0213 - 9" classname="org.eclipse.jdt.core.tests.compiler.parser.CompletionParserTestKeyword" time="0"/>
  <testcase name="test0214_Diet - 9" classname="org.eclipse.jdt.core.tests.compiler.parser.CompletionParserTestKeyword" time="0"/>
  <testcase name="test0214_Diet - 9" classname="org.eclipse.jdt.core.tests.compiler.parser.GenericsCompletionParserTest" time="0"/>
  <testcase name="test0214_Method - 9" classname="org.eclipse.jdt.core.tests.compiler.parser.CompletionParserTestKeyword" time="0"/>
  <testcase name="test0214_Method - 9" classname="org.eclipse.jdt.core.tests.compiler.parser.GenericsCompletionParserTest" time="0"/>
  <testcase name="test0216_Diet - 9" classname="org.eclipse.jdt.core.tests.compiler.parser.CompletionParserTestKeyword" time="0"/>
  <testcase name="test0216_Diet - 9" classname="org.eclipse.jdt.core.tests.compiler.parser.GenericsCompletionParserTest" time="0"/>
  <testcase name="test0216_Method - 9" classname="org.eclipse.jdt.core.tests.compiler.parser.CompletionParserTestKeyword" time="0"/>
  <testcase name="test0217_Diet - 9" classname="org.eclipse.jdt.core.tests.compiler.parser.CompletionParserTestKeyword" time="0"/>
  <testcase name="test0217_Method - 9" classname="org.eclipse.jdt.core.tests.compiler.parser.CompletionParserTestKeyword" time="0"/>
  <testcase name="test0217_Method - 9" classname="org.eclipse.jdt.core.tests.compiler.parser.GenericsCompletionParserTest" time="0"/>
  <testcase name="test0218_Diet - 9" classname="org.eclipse.jdt.core.tests.compiler.parser.CompletionParserTestKeyword" time="0"/>
  <testcase name="test0218_Diet - 9" classname="org.eclipse.jdt.core.tests.compiler.parser.GenericsCompletionParserTest" time="0"/>
  <testcase name="test0218_Method - 9" classname="org.eclipse.jdt.core.tests.compiler.parser.CompletionParserTestKeyword" time="0"/>
  <testcase name="test0219_Diet - 9" classname="org.eclipse.jdt.core.tests.compiler.parser.CompletionParserTestKeyword" time="0.001"/>
  <testcase name="test0219_Diet - 9" classname="org.eclipse.jdt.core.tests.compiler.parser.GenericsCompletionParserTest" time="0"/>
  <testcase name="test0219_Method - 9" classname="org.eclipse.jdt.core.tests.compiler.parser.CompletionParserTestKeyword" time="0"/>
  <testcase name="test0220_Diet - 9" classname="org.eclipse.jdt.core.tests.compiler.parser.CompletionParserTestKeyword" time="0"/>
  <testcase name="test0220_Diet - 9" classname="org.eclipse.jdt.core.tests.compiler.parser.GenericsCompletionParserTest" time="0"/>
  <testcase name="test0220_Method - 9" classname="org.eclipse.jdt.core.tests.compiler.parser.CompletionParserTestKeyword" time="0.001"/>
  <testcase name="test0221_Diet - 9" classname="org.eclipse.jdt.core.tests.compiler.parser.CompletionParserTestKeyword" time="0"/>
  <testcase name="test0221_Method - 9" classname="org.eclipse.jdt.core.tests.compiler.parser.CompletionParserTestKeyword" time="0"/>
  <testcase name="test0222_Diet - 9" classname="org.eclipse.jdt.core.tests.compiler.parser.CompletionParserTestKeyword" time="0.001"/>
  <testcase name="test0222_Method - 9" classname="org.eclipse.jdt.core.tests.compiler.parser.CompletionParserTestKeyword" time="0"/>
  <testcase name="test0223 - 9" classname="org.eclipse.jdt.core.tests.compiler.parser.CompletionParserTestKeyword" time="0.001"/>
  <testcase name="test0224 - 9" classname="org.eclipse.jdt.core.tests.compiler.parser.CompletionParserTestKeyword" time="0"/>
  <testcase name="test0225 - 9" classname="org.eclipse.jdt.core.tests.compiler.parser.CompletionParserTestKeyword" time="0"/>
  <testcase name="test0226 - 9" classname="org.eclipse.jdt.core.tests.compiler.parser.CompletionParserTestKeyword" time="0.001"/>
  <testcase name="test0227 - 9" classname="org.eclipse.jdt.core.tests.compiler.parser.CompletionParserTestKeyword" time="0"/>
  <testcase name="test0228 - 9" classname="org.eclipse.jdt.core.tests.compiler.parser.CompletionParserTestKeyword" time="0"/>
  <testcase name="test0229 - 9" classname="org.eclipse.jdt.core.tests.compiler.parser.CompletionParserTestKeyword" time="0.001"/>
  <testcase name="test0230 - 9" classname="org.eclipse.jdt.core.tests.compiler.parser.CompletionParserTestKeyword" time="0"/>
  <testcase name="test0231_Diet - 9" classname="org.eclipse.jdt.core.tests.compiler.parser.CompletionParserTestKeyword" time="0"/>
  <testcase name="test0231_Method - 9" classname="org.eclipse.jdt.core.tests.compiler.parser.CompletionParserTestKeyword" time="0.001"/>
  <testcase name="test0232_Diet - 9" classname="org.eclipse.jdt.core.tests.compiler.parser.CompletionParserTestKeyword" time="0"/>
  <testcase name="test0232_Method - 9" classname="org.eclipse.jdt.core.tests.compiler.parser.CompletionParserTestKeyword" time="0"/>
  <testcase name="test0233_Diet - 9" classname="org.eclipse.jdt.core.tests.compiler.parser.CompletionParserTestKeyword" time="0"/>
  <testcase name="test0233_Method - 9" classname="org.eclipse.jdt.core.tests.compiler.parser.CompletionParserTestKeyword" time="0"/>
  <testcase name="test0234_Diet - 9" classname="org.eclipse.jdt.core.tests.compiler.parser.CompletionParserTestKeyword" time="0"/>
  <testcase name="test0234_Method - 9" classname="org.eclipse.jdt.core.tests.compiler.parser.CompletionParserTestKeyword" time="0.001"/>
  <testcase name="test0235_Diet - 9" classname="org.eclipse.jdt.core.tests.compiler.parser.CompletionParserTestKeyword" time="0"/>
  <testcase name="test0235_Method - 9" classname="org.eclipse.jdt.core.tests.compiler.parser.CompletionParserTestKeyword" time="0"/>
  <testcase name="test0236_Diet - 9" classname="org.eclipse.jdt.core.tests.compiler.parser.CompletionParserTestKeyword" time="0"/>
  <testcase name="test0236_Method - 9" classname="org.eclipse.jdt.core.tests.compiler.parser.CompletionParserTestKeyword" time="0"/>
  <testcase name="test0237_Diet - 9" classname="org.eclipse.jdt.core.tests.compiler.parser.CompletionParserTestKeyword" time="0"/>
  <testcase name="test0237_Method - 9" classname="org.eclipse.jdt.core.tests.compiler.parser.CompletionParserTestKeyword" time="0.001"/>
  <testcase name="test0238_Diet - 9" classname="org.eclipse.jdt.core.tests.compiler.parser.CompletionParserTestKeyword" time="0"/>
  <testcase name="test0238_Method - 9" classname="org.eclipse.jdt.core.tests.compiler.parser.CompletionParserTestKeyword" time="0"/>
  <testcase name="test0239_Diet - 9" classname="org.eclipse.jdt.core.tests.compiler.parser.CompletionParserTestKeyword" time="0"/>
  <testcase name="test0239_Method - 9" classname="org.eclipse.jdt.core.tests.compiler.parser.CompletionParserTestKeyword" time="0"/>
  <testcase name="test0240_Diet - 9" classname="org.eclipse.jdt.core.tests.compiler.parser.CompletionParserTestKeyword" time="0"/>
  <testcase name="test0240_Method - 9" classname="org.eclipse.jdt.core.tests.compiler.parser.CompletionParserTestKeyword" time="0"/>
  <testcase name="test0241 - 9" classname="org.eclipse.jdt.core.tests.compiler.parser.CompletionParserTestKeyword" time="0"/>
  <testcase name="test0242 - 9" classname="org.eclipse.jdt.core.tests.compiler.parser.CompletionParserTestKeyword" time="0"/>
  <testcase name="test0243 - 9" classname="org.eclipse.jdt.core.tests.compiler.parser.CompletionParserTestKeyword" time="0"/>
  <testcase name="test0244 - 9" classname="org.eclipse.jdt.core.tests.compiler.parser.CompletionParserTestKeyword" time="0"/>
  <testcase name="test0245 - 9" classname="org.eclipse.jdt.core.tests.compiler.parser.CompletionParserTestKeyword" time="0"/>
  <testcase name="test0246 - 9" classname="org.eclipse.jdt.core.tests.compiler.parser.CompletionParserTestKeyword" time="0"/>
  <testcase name="test0247 - 9" classname="org.eclipse.jdt.core.tests.compiler.parser.CompletionParserTestKeyword" time="0"/>
  <testcase name="test0248 - 9" classname="org.eclipse.jdt.core.tests.compiler.parser.CompletionParserTestKeyword" time="0"/>
  <testcase name="test0249_Diet - 9" classname="org.eclipse.jdt.core.tests.compiler.parser.CompletionParserTestKeyword" time="0"/>
  <testcase name="test0249_Method - 9" classname="org.eclipse.jdt.core.tests.compiler.parser.CompletionParserTestKeyword" time="0"/>
  <testcase name="test0250_Diet - 9" classname="org.eclipse.jdt.core.tests.compiler.parser.CompletionParserTestKeyword" time="0"/>
  <testcase name="test0250_Method - 9" classname="org.eclipse.jdt.core.tests.compiler.parser.CompletionParserTestKeyword" time="0.001"/>
  <testcase name="test0251_Diet - 9" classname="org.eclipse.jdt.core.tests.compiler.parser.CompletionParserTestKeyword" time="0"/>
  <testcase name="test0251_Method - 9" classname="org.eclipse.jdt.core.tests.compiler.parser.CompletionParserTestKeyword" time="0"/>
  <testcase name="test0252_Diet - 9" classname="org.eclipse.jdt.core.tests.compiler.parser.CompletionParserTestKeyword" time="0.001"/>
  <testcase name="test0252_Method - 9" classname="org.eclipse.jdt.core.tests.compiler.parser.CompletionParserTestKeyword" time="0"/>
  <testcase name="test0253_Diet - 9" classname="org.eclipse.jdt.core.tests.compiler.parser.CompletionParserTestKeyword" time="0"/>
  <testcase name="test0253_Method - 9" classname="org.eclipse.jdt.core.tests.compiler.parser.CompletionParserTestKeyword" time="0.001"/>
  <testcase name="test0254 - 9" classname="org.eclipse.jdt.core.tests.compiler.parser.CompletionParserTestKeyword" time="0"/>
  <testcase name="test0255 - 9" classname="org.eclipse.jdt.core.tests.compiler.parser.CompletionParserTestKeyword" time="0"/>
  <testcase name="test0256 - 9" classname="org.eclipse.jdt.core.tests.compiler.parser.CompletionParserTestKeyword" time="0"/>
  <testcase name="test0257 - 9" classname="org.eclipse.jdt.core.tests.compiler.parser.CompletionParserTestKeyword" time="0"/>
  <testcase name="test0258 - 9" classname="org.eclipse.jdt.core.tests.compiler.parser.CompletionParserTestKeyword" time="0"/>
  <testcase name="test0259 - 9" classname="org.eclipse.jdt.core.tests.compiler.parser.CompletionParserTestKeyword" time="0"/>
  <testcase name="test0260 - 9" classname="org.eclipse.jdt.core.tests.compiler.parser.CompletionParserTestKeyword" time="0.001"/>
  <testcase name="test0261 - 9" classname="org.eclipse.jdt.core.tests.compiler.parser.CompletionParserTestKeyword" time="0"/>
  <testcase name="test0262 - 9" classname="org.eclipse.jdt.core.tests.compiler.parser.CompletionParserTestKeyword" time="0"/>
  <testcase name="test0263 - 9" classname="org.eclipse.jdt.core.tests.compiler.parser.CompletionParserTestKeyword" time="0"/>
  <testcase name="test0264 - 9" classname="org.eclipse.jdt.core.tests.compiler.parser.CompletionParserTestKeyword" time="0"/>
  <testcase name="test0265 - 9" classname="org.eclipse.jdt.core.tests.compiler.parser.CompletionParserTestKeyword" time="0"/>
  <testcase name="test0266 - 9" classname="org.eclipse.jdt.core.tests.compiler.parser.CompletionParserTestKeyword" time="0"/>
  <testcase name="test0267 - 9" classname="org.eclipse.jdt.core.tests.compiler.parser.CompletionParserTestKeyword" time="0.001"/>
  <testcase name="test0268 - 9" classname="org.eclipse.jdt.core.tests.compiler.parser.CompletionParserTestKeyword" time="0"/>
  <testcase name="test0269 - 9" classname="org.eclipse.jdt.core.tests.compiler.parser.CompletionParserTestKeyword" time="0"/>
  <testcase name="test0270 - 9" classname="org.eclipse.jdt.core.tests.compiler.parser.CompletionParserTestKeyword" time="0.001"/>
  <testcase name="test0271 - 9" classname="org.eclipse.jdt.core.tests.compiler.parser.CompletionParserTestKeyword" time="0"/>
  <testcase name="test0272 - 9" classname="org.eclipse.jdt.core.tests.compiler.parser.CompletionParserTestKeyword" time="0"/>
  <testcase name="test0273 - 9" classname="org.eclipse.jdt.core.tests.compiler.parser.CompletionParserTestKeyword" time="0"/>
  <testcase name="test0274_Diet - 9" classname="org.eclipse.jdt.core.tests.compiler.parser.CompletionParserTestKeyword" time="0"/>
  <testcase name="test0274_Method - 9" classname="org.eclipse.jdt.core.tests.compiler.parser.CompletionParserTestKeyword" time="0"/>
  <testcase name="test0275_Diet - 9" classname="org.eclipse.jdt.core.tests.compiler.parser.CompletionParserTestKeyword" time="0"/>
  <testcase name="test0275_Method - 9" classname="org.eclipse.jdt.core.tests.compiler.parser.CompletionParserTestKeyword" time="0.001"/>
  <testcase name="test0276_Diet - 9" classname="org.eclipse.jdt.core.tests.compiler.parser.CompletionParserTestKeyword" time="0"/>
  <testcase name="test0276_Method - 9" classname="org.eclipse.jdt.core.tests.compiler.parser.CompletionParserTestKeyword" time="0"/>
  <testcase name="test0277 - 9" classname="org.eclipse.jdt.core.tests.compiler.parser.CompletionParserTestKeyword" time="0.001"/>
  <testcase name="test0278 - 9" classname="org.eclipse.jdt.core.tests.compiler.parser.CompletionParserTestKeyword" time="0"/>
  <testcase name="test0279 - 9" classname="org.eclipse.jdt.core.tests.compiler.parser.CompletionParserTestKeyword" time="0"/>
  <testcase name="test0280 - 9" classname="org.eclipse.jdt.core.tests.compiler.parser.CompletionParserTestKeyword" time="0"/>
  <testcase name="test0281 - 9" classname="org.eclipse.jdt.core.tests.compiler.parser.CompletionParserTestKeyword" time="0"/>
  <testcase name="test0282 - 9" classname="org.eclipse.jdt.core.tests.compiler.parser.CompletionParserTestKeyword" time="0"/>
  <testcase name="test0283 - 9" classname="org.eclipse.jdt.core.tests.compiler.parser.CompletionParserTestKeyword" time="0"/>
  <testcase name="test0284_Diet - 9" classname="org.eclipse.jdt.core.tests.compiler.parser.CompletionParserTestKeyword" time="0.001"/>
  <testcase name="test0284_Method - 9" classname="org.eclipse.jdt.core.tests.compiler.parser.CompletionParserTestKeyword" time="0"/>
  <testcase name="test0285_Diet - 9" classname="org.eclipse.jdt.core.tests.compiler.parser.CompletionParserTestKeyword" time="0"/>
  <testcase name="test0285_Method - 9" classname="org.eclipse.jdt.core.tests.compiler.parser.CompletionParserTestKeyword" time="0"/>
  <testcase name="test0286_Diet - 9" classname="org.eclipse.jdt.core.tests.compiler.parser.CompletionParserTestKeyword" time="0"/>
  <testcase name="test0286_Method - 9" classname="org.eclipse.jdt.core.tests.compiler.parser.CompletionParserTestKeyword" time="0"/>
  <testcase name="test0287_Diet - 9" classname="org.eclipse.jdt.core.tests.compiler.parser.CompletionParserTestKeyword" time="0"/>
  <testcase name="test0287_Method - 9" classname="org.eclipse.jdt.core.tests.compiler.parser.CompletionParserTestKeyword" time="0"/>
  <testcase name="test0288_Diet - 9" classname="org.eclipse.jdt.core.tests.compiler.parser.CompletionParserTestKeyword" time="0"/>
  <testcase name="test0288_Method - 9" classname="org.eclipse.jdt.core.tests.compiler.parser.CompletionParserTestKeyword" time="0"/>
  <testcase name="test0289_Diet - 9" classname="org.eclipse.jdt.core.tests.compiler.parser.CompletionParserTestKeyword" time="0.001"/>
  <testcase name="test0289_Method - 9" classname="org.eclipse.jdt.core.tests.compiler.parser.CompletionParserTestKeyword" time="0"/>
  <testcase name="test0290_Diet - 9" classname="org.eclipse.jdt.core.tests.compiler.parser.CompletionParserTestKeyword" time="0"/>
  <testcase name="test0290_Method - 9" classname="org.eclipse.jdt.core.tests.compiler.parser.CompletionParserTestKeyword" time="0"/>
  <testcase name="test0291_Diet - 9" classname="org.eclipse.jdt.core.tests.compiler.parser.CompletionParserTestKeyword" time="0"/>
  <testcase name="test0291_Method - 9" classname="org.eclipse.jdt.core.tests.compiler.parser.CompletionParserTestKeyword" time="0"/>
  <testcase name="test0292_Diet - 9" classname="org.eclipse.jdt.core.tests.compiler.parser.CompletionParserTestKeyword" time="0"/>
  <testcase name="test0292_Method - 9" classname="org.eclipse.jdt.core.tests.compiler.parser.CompletionParserTestKeyword" time="0"/>
  <testcase name="test0293_Diet - 9" classname="org.eclipse.jdt.core.tests.compiler.parser.CompletionParserTestKeyword" time="0"/>
  <testcase name="test0293_Method - 9" classname="org.eclipse.jdt.core.tests.compiler.parser.CompletionParserTestKeyword" time="0"/>
  <testcase name="test0294_Diet - 9" classname="org.eclipse.jdt.core.tests.compiler.parser.CompletionParserTestKeyword" time="0.001"/>
  <testcase name="test0294_Method - 9" classname="org.eclipse.jdt.core.tests.compiler.parser.CompletionParserTestKeyword" time="0"/>
  <testcase name="test0295 - 9" classname="org.eclipse.jdt.core.tests.compiler.parser.CompletionParserTestKeyword" time="0"/>
  <testcase name="test0296 - 9" classname="org.eclipse.jdt.core.tests.compiler.parser.CompletionParserTestKeyword" time="0.001"/>
  <testcase name="test0297 - 9" classname="org.eclipse.jdt.core.tests.compiler.parser.CompletionParserTestKeyword" time="0"/>
  <testcase name="test0298 - 9" classname="org.eclipse.jdt.core.tests.compiler.parser.CompletionParserTestKeyword" time="0"/>
  <testcase name="test0299 - 9" classname="org.eclipse.jdt.core.tests.compiler.parser.CompletionParserTestKeyword" time="0.001"/>
  <testcase name="test0300 - 9" classname="org.eclipse.jdt.core.tests.compiler.parser.CompletionParserTestKeyword" time="0"/>
  <testcase name="test0301_Diet - 9" classname="org.eclipse.jdt.core.tests.compiler.parser.CompletionParserTestKeyword" time="0"/>
  <testcase name="test0301_Method - 9" classname="org.eclipse.jdt.core.tests.compiler.parser.CompletionParserTestKeyword" time="0.001"/>
  <testcase name="test0302_Diet - 9" classname="org.eclipse.jdt.core.tests.compiler.parser.CompletionParserTestKeyword" time="0"/>
  <testcase name="test0302_Method - 9" classname="org.eclipse.jdt.core.tests.compiler.parser.CompletionParserTestKeyword" time="0"/>
  <testcase name="test0303_Diet - 9" classname="org.eclipse.jdt.core.tests.compiler.parser.CompletionParserTestKeyword" time="0"/>
  <testcase name="test0303_Method - 9" classname="org.eclipse.jdt.core.tests.compiler.parser.CompletionParserTestKeyword" time="0"/>
  <testcase name="test0304_Diet - 9" classname="org.eclipse.jdt.core.tests.compiler.parser.CompletionParserTestKeyword" time="0"/>
  <testcase name="test0304_Method - 9" classname="org.eclipse.jdt.core.tests.compiler.parser.CompletionParserTestKeyword" time="0"/>
  <testcase name="test0305 - 9" classname="org.eclipse.jdt.core.tests.compiler.parser.CompletionParserTestKeyword" time="0.001"/>
  <testcase name="test0306 - 9" classname="org.eclipse.jdt.core.tests.compiler.parser.CompletionParserTestKeyword" time="0"/>
  <testcase name="test0307 - 9" classname="org.eclipse.jdt.core.tests.compiler.parser.CompletionParserTestKeyword" time="0"/>
  <testcase name="test0308 - 9" classname="org.eclipse.jdt.core.tests.compiler.parser.CompletionParserTestKeyword" time="0.001"/>
  <testcase name="test0309 - 9" classname="org.eclipse.jdt.core.tests.compiler.parser.CompletionParserTestKeyword" time="0"/>
  <testcase name="test0310 - 9" classname="org.eclipse.jdt.core.tests.compiler.parser.CompletionParserTestKeyword" time="0"/>
  <testcase name="test0311 - 9" classname="org.eclipse.jdt.core.tests.compiler.parser.CompletionParserTestKeyword" time="0"/>
  <testcase name="test0312 - 9" classname="org.eclipse.jdt.core.tests.compiler.parser.CompletionParserTestKeyword" time="0"/>
  <testcase name="test0313 - 9" classname="org.eclipse.jdt.core.tests.compiler.parser.CompletionParserTestKeyword" time="0"/>
  <testcase name="test0314 - 9" classname="org.eclipse.jdt.core.tests.compiler.parser.CompletionParserTestKeyword" time="0"/>
  <testcase name="test0315 - 9" classname="org.eclipse.jdt.core.tests.compiler.parser.CompletionParserTestKeyword" time="0"/>
  <testcase name="test0316 - 9" classname="org.eclipse.jdt.core.tests.compiler.parser.CompletionParserTestKeyword" time="0"/>
  <testcase name="test0317 - 9" classname="org.eclipse.jdt.core.tests.compiler.parser.CompletionParserTestKeyword" time="0"/>
  <testcase name="test0318 - 9" classname="org.eclipse.jdt.core.tests.compiler.parser.CompletionParserTestKeyword" time="0.001"/>
  <testcase name="test0319 - 9" classname="org.eclipse.jdt.core.tests.compiler.parser.CompletionParserTestKeyword" time="0"/>
  <testcase name="test0320 - 9" classname="org.eclipse.jdt.core.tests.compiler.parser.CompletionParserTestKeyword" time="0"/>
  <testcase name="test0321 - 9" classname="org.eclipse.jdt.core.tests.compiler.parser.CompletionParserTestKeyword" time="0"/>
  <testcase name="test0322 - 9" classname="org.eclipse.jdt.core.tests.compiler.parser.CompletionParserTestKeyword" time="0"/>
  <testcase name="test0323 - 9" classname="org.eclipse.jdt.core.tests.compiler.parser.CompletionParserTestKeyword" time="0"/>
  <testcase name="test0324 - 9" classname="org.eclipse.jdt.core.tests.compiler.parser.CompletionParserTestKeyword" time="0"/>
  <testcase name="test0325 - 9" classname="org.eclipse.jdt.core.tests.compiler.parser.CompletionParserTestKeyword" time="0.001"/>
  <testcase name="test0326 - 9" classname="org.eclipse.jdt.core.tests.compiler.parser.CompletionParserTestKeyword" time="0"/>
  <testcase name="test0327 - 9" classname="org.eclipse.jdt.core.tests.compiler.parser.CompletionParserTestKeyword" time="0"/>
  <testcase name="test0328 - 9" classname="org.eclipse.jdt.core.tests.compiler.parser.CompletionParserTestKeyword" time="0.001"/>
  <testcase name="test0329 - 9" classname="org.eclipse.jdt.core.tests.compiler.parser.CompletionParserTestKeyword" time="0"/>
  <testcase name="test0330 - 9" classname="org.eclipse.jdt.core.tests.compiler.parser.CompletionParserTestKeyword" time="0"/>
  <testcase name="test0331 - 9" classname="org.eclipse.jdt.core.tests.compiler.parser.CompletionParserTestKeyword" time="0"/>
  <testcase name="test0332 - 9" classname="org.eclipse.jdt.core.tests.compiler.parser.CompletionParserTestKeyword" time="0"/>
  <testcase name="test0333 - 9" classname="org.eclipse.jdt.core.tests.compiler.parser.CompletionParserTestKeyword" time="0"/>
  <testcase name="test0334 - 9" classname="org.eclipse.jdt.core.tests.compiler.parser.CompletionParserTestKeyword" time="0"/>
  <testcase name="test0335 - 9" classname="org.eclipse.jdt.core.tests.compiler.parser.CompletionParserTestKeyword" time="0.001"/>
  <testcase name="test0336 - 9" classname="org.eclipse.jdt.core.tests.compiler.parser.CompletionParserTestKeyword" time="0"/>
  <testcase name="test0337 - 9" classname="org.eclipse.jdt.core.tests.compiler.parser.CompletionParserTestKeyword" time="0"/>
  <testcase name="test0338 - 9" classname="org.eclipse.jdt.core.tests.compiler.parser.CompletionParserTestKeyword" time="0"/>
  <testcase name="test0339 - 9" classname="org.eclipse.jdt.core.tests.compiler.parser.CompletionParserTestKeyword" time="0"/>
  <testcase name="test0340 - 9" classname="org.eclipse.jdt.core.tests.compiler.parser.CompletionParserTestKeyword" time="0"/>
  <testcase name="test0341_Diet - 9" classname="org.eclipse.jdt.core.tests.compiler.parser.CompletionParserTestKeyword" time="0"/>
  <testcase name="test0341_Method - 9" classname="org.eclipse.jdt.core.tests.compiler.parser.CompletionParserTestKeyword" time="0.001"/>
  <testcase name="test0342_Diet - 9" classname="org.eclipse.jdt.core.tests.compiler.parser.CompletionParserTestKeyword" time="0"/>
  <testcase name="test0342_Method - 9" classname="org.eclipse.jdt.core.tests.compiler.parser.CompletionParserTestKeyword" time="0"/>
  <testcase name="test0343 - 9" classname="org.eclipse.jdt.core.tests.compiler.parser.CompletionParserTestKeyword" time="0.001"/>
  <testcase name="test0344 - 9" classname="org.eclipse.jdt.core.tests.compiler.parser.CompletionParserTestKeyword" time="0"/>
  <testcase name="test0345 - 9" classname="org.eclipse.jdt.core.tests.compiler.parser.CompletionParserTestKeyword" time="0"/>
  <testcase name="test0346 - 9" classname="org.eclipse.jdt.core.tests.compiler.parser.CompletionParserTestKeyword" time="0.001"/>
  <testcase name="test0347 - 9" classname="org.eclipse.jdt.core.tests.compiler.parser.CompletionParserTestKeyword" time="0"/>
  <testcase name="test0348 - 9" classname="org.eclipse.jdt.core.tests.compiler.parser.CompletionParserTestKeyword" time="0"/>
  <testcase name="test0349 - 9" classname="org.eclipse.jdt.core.tests.compiler.parser.CompletionParserTestKeyword" time="0"/>
  <testcase name="test0350 - 9" classname="org.eclipse.jdt.core.tests.compiler.parser.CompletionParserTestKeyword" time="0.001"/>
  <testcase name="test0351 - 9" classname="org.eclipse.jdt.core.tests.compiler.parser.CompletionParserTestKeyword" time="0"/>
  <testcase name="test0352 - 9" classname="org.eclipse.jdt.core.tests.compiler.parser.CompletionParserTestKeyword" time="0"/>
  <testcase name="test0353 - 9" classname="org.eclipse.jdt.core.tests.compiler.parser.CompletionParserTestKeyword" time="0.001"/>
  <testcase name="test0354 - 9" classname="org.eclipse.jdt.core.tests.compiler.parser.CompletionParserTestKeyword" time="0"/>
  <testcase name="test0355 - 9" classname="org.eclipse.jdt.core.tests.compiler.parser.CompletionParserTestKeyword" time="0"/>
  <testcase name="test0356 - 9" classname="org.eclipse.jdt.core.tests.compiler.parser.CompletionParserTestKeyword" time="0"/>
  <testcase name="test0357 - 9" classname="org.eclipse.jdt.core.tests.compiler.parser.CompletionParserTestKeyword" time="0"/>
  <testcase name="test0358 - 9" classname="org.eclipse.jdt.core.tests.compiler.parser.CompletionParserTestKeyword" time="0"/>
  <testcase name="test0359 - 9" classname="org.eclipse.jdt.core.tests.compiler.parser.CompletionParserTestKeyword" time="0"/>
  <testcase name="test0360 - 9" classname="org.eclipse.jdt.core.tests.compiler.parser.CompletionParserTestKeyword" time="0.001"/>
  <testcase name="test0361 - 9" classname="org.eclipse.jdt.core.tests.compiler.parser.CompletionParserTestKeyword" time="0"/>
  <testcase name="test0362 - 9" classname="org.eclipse.jdt.core.tests.compiler.parser.CompletionParserTestKeyword" time="0"/>
  <testcase name="test0363 - 9" classname="org.eclipse.jdt.core.tests.compiler.parser.CompletionParserTestKeyword" time="0"/>
  <testcase name="test0364 - 9" classname="org.eclipse.jdt.core.tests.compiler.parser.CompletionParserTestKeyword" time="0"/>
  <testcase name="test0365 - 9" classname="org.eclipse.jdt.core.tests.compiler.parser.CompletionParserTestKeyword" time="0"/>
  <testcase name="test0366 - 9" classname="org.eclipse.jdt.core.tests.compiler.parser.CompletionParserTestKeyword" time="0"/>
  <testcase name="test0367 - 9" classname="org.eclipse.jdt.core.tests.compiler.parser.CompletionParserTestKeyword" time="0.001"/>
  <testcase name="test0368 - 9" classname="org.eclipse.jdt.core.tests.compiler.parser.CompletionParserTestKeyword" time="0"/>
  <testcase name="test0369 - 9" classname="org.eclipse.jdt.core.tests.compiler.parser.CompletionParserTestKeyword" time="0"/>
  <testcase name="test0370 - 9" classname="org.eclipse.jdt.core.tests.compiler.parser.CompletionParserTestKeyword" time="0"/>
  <testcase name="test0371 - 9" classname="org.eclipse.jdt.core.tests.compiler.parser.CompletionParserTestKeyword" time="0"/>
  <testcase name="test0372 - 9" classname="org.eclipse.jdt.core.tests.compiler.parser.CompletionParserTestKeyword" time="0"/>
  <testcase name="test0373 - 9" classname="org.eclipse.jdt.core.tests.compiler.parser.CompletionParserTestKeyword" time="0"/>
  <testcase name="test0374 - 9" classname="org.eclipse.jdt.core.tests.compiler.parser.CompletionParserTestKeyword" time="0.001"/>
  <testcase name="test0375_Diet - 9" classname="org.eclipse.jdt.core.tests.compiler.parser.CompletionParserTestKeyword" time="0"/>
  <testcase name="test0375_Method - 9" classname="org.eclipse.jdt.core.tests.compiler.parser.CompletionParserTestKeyword" time="0"/>
  <testcase name="test0376_Diet - 9" classname="org.eclipse.jdt.core.tests.compiler.parser.CompletionParserTestKeyword" time="0"/>
  <testcase name="test0376_Method - 9" classname="org.eclipse.jdt.core.tests.compiler.parser.CompletionParserTestKeyword" time="0"/>
  <testcase name="test0377_Diet - 9" classname="org.eclipse.jdt.core.tests.compiler.parser.CompletionParserTestKeyword" time="0"/>
  <testcase name="test0377_Method - 9" classname="org.eclipse.jdt.core.tests.compiler.parser.CompletionParserTestKeyword" time="0"/>
  <testcase name="test0378_Diet - 9" classname="org.eclipse.jdt.core.tests.compiler.parser.CompletionParserTestKeyword" time="0.001"/>
  <testcase name="test0378_Method - 9" classname="org.eclipse.jdt.core.tests.compiler.parser.CompletionParserTestKeyword" time="0"/>
  <testcase name="test0379_Diet - 9" classname="org.eclipse.jdt.core.tests.compiler.parser.CompletionParserTestKeyword" time="0"/>
  <testcase name="test0379_Method - 9" classname="org.eclipse.jdt.core.tests.compiler.parser.CompletionParserTestKeyword" time="0"/>
  <testcase name="test0380_Diet - 9" classname="org.eclipse.jdt.core.tests.compiler.parser.CompletionParserTestKeyword" time="0"/>
  <testcase name="test0380_Method - 9" classname="org.eclipse.jdt.core.tests.compiler.parser.CompletionParserTestKeyword" time="0"/>
  <testcase name="test0381_Diet - 9" classname="org.eclipse.jdt.core.tests.compiler.parser.CompletionParserTestKeyword" time="0"/>
  <testcase name="test0381_Method - 9" classname="org.eclipse.jdt.core.tests.compiler.parser.CompletionParserTestKeyword" time="0.001"/>
  <testcase name="test0382_Diet - 9" classname="org.eclipse.jdt.core.tests.compiler.parser.CompletionParserTestKeyword" time="0"/>
  <testcase name="test0382_Method - 9" classname="org.eclipse.jdt.core.tests.compiler.parser.CompletionParserTestKeyword" time="0"/>
  <testcase name="test0384_Diet - 9" classname="org.eclipse.jdt.core.tests.compiler.parser.CompletionParserTestKeyword" time="0"/>
  <testcase name="test0384_Method - 9" classname="org.eclipse.jdt.core.tests.compiler.parser.CompletionParserTestKeyword" time="0"/>
  <testcase name="test0385_Diet - 9" classname="org.eclipse.jdt.core.tests.compiler.parser.CompletionParserTestKeyword" time="0"/>
  <testcase name="test0385_Method - 9" classname="org.eclipse.jdt.core.tests.compiler.parser.CompletionParserTestKeyword" time="0"/>
  <testcase name="test0386_Diet - 9" classname="org.eclipse.jdt.core.tests.compiler.parser.CompletionParserTestKeyword" time="0"/>
  <testcase name="test0386_Method - 9" classname="org.eclipse.jdt.core.tests.compiler.parser.CompletionParserTestKeyword" time="0"/>
  <testcase name="test0387_Diet - 9" classname="org.eclipse.jdt.core.tests.compiler.parser.CompletionParserTestKeyword" time="0"/>
  <testcase name="test0387_Method - 9" classname="org.eclipse.jdt.core.tests.compiler.parser.CompletionParserTestKeyword" time="0"/>
  <testcase name="test0388_Diet - 9" classname="org.eclipse.jdt.core.tests.compiler.parser.CompletionParserTestKeyword" time="0.001"/>
  <testcase name="test0388_Method - 9" classname="org.eclipse.jdt.core.tests.compiler.parser.CompletionParserTestKeyword" time="0"/>
  <testcase name="test01 - 9" classname="org.eclipse.jdt.core.tests.compiler.parser.CompletionRecoveryTest" time="0.001"/>
  <testcase name="test01 - 9" classname="org.eclipse.jdt.core.tests.compiler.parser.DietCompletionTest" time="0"/>
  <testcase name="test01 - 9" classname="org.eclipse.jdt.core.tests.compiler.parser.SelectionTest" time="0"/>
  <testcase name="test01 - 9" classname="org.eclipse.jdt.core.tests.compiler.parser.SelectionJavadocTest" time="0.001"/>
  <testcase name="test01 - 9" classname="org.eclipse.jdt.core.tests.compiler.parser.DietRecoveryTest" time="0.004"/>
  <testcase name="test01 - 9" classname="org.eclipse.jdt.core.tests.compiler.parser.SourceElementParserTest" time="0.001"/>
  <testcase name="test01 - 9" classname="org.eclipse.jdt.core.tests.compiler.parser.DocumentElementParserTest" time="0"/>
  <testcase name="test01 - 9" classname="org.eclipse.jdt.core.tests.compiler.parser.SyntaxErrorTest" time="0"/>
  <testcase name="test01 - 9" classname="org.eclipse.jdt.core.tests.compiler.parser.DualParseSyntaxErrorTest" time="0"/>
  <testcase name="test02 - 9" classname="org.eclipse.jdt.core.tests.compiler.parser.CompletionRecoveryTest" time="0"/>
  <testcase name="test02 - 9" classname="org.eclipse.jdt.core.tests.compiler.parser.DietCompletionTest" time="0"/>
  <testcase name="test02 - 9" classname="org.eclipse.jdt.core.tests.compiler.parser.SelectionTest" time="0"/>
  <testcase name="test02 - 9" classname="org.eclipse.jdt.core.tests.compiler.parser.SelectionJavadocTest" time="0"/>
  <testcase name="test02 - 9" classname="org.eclipse.jdt.core.tests.compiler.parser.DietRecoveryTest" time="0.003"/>
  <testcase name="test02 - 9" classname="org.eclipse.jdt.core.tests.compiler.parser.SourceElementParserTest" time="0"/>
  <testcase name="test02 - 9" classname="org.eclipse.jdt.core.tests.compiler.parser.SyntaxErrorTest" time="0"/>
  <testcase name="test02 - 9" classname="org.eclipse.jdt.core.tests.compiler.parser.DualParseSyntaxErrorTest" time="0"/>
  <testcase name="test03 - 9" classname="org.eclipse.jdt.core.tests.compiler.parser.CompletionRecoveryTest" time="0.001"/>
  <testcase name="test03 - 9" classname="org.eclipse.jdt.core.tests.compiler.parser.DietCompletionTest" time="0.001"/>
  <testcase name="test03 - 9" classname="org.eclipse.jdt.core.tests.compiler.parser.SelectionTest" time="0"/>
  <testcase name="test03 - 9" classname="org.eclipse.jdt.core.tests.compiler.parser.SelectionJavadocTest" time="0.001"/>
  <testcase name="test03 - 9" classname="org.eclipse.jdt.core.tests.compiler.parser.DietRecoveryTest" time="0.003"/>
  <testcase name="test03 - 9" classname="org.eclipse.jdt.core.tests.compiler.parser.SourceElementParserTest" time="0"/>
  <testcase name="test03 - 9" classname="org.eclipse.jdt.core.tests.compiler.parser.SyntaxErrorTest" time="0.001"/>
  <testcase name="test03 - 9" classname="org.eclipse.jdt.core.tests.compiler.parser.DualParseSyntaxErrorTest" time="0.001"/>
  <testcase name="test04 - 9" classname="org.eclipse.jdt.core.tests.compiler.parser.CompletionRecoveryTest" time="0"/>
  <testcase name="test04 - 9" classname="org.eclipse.jdt.core.tests.compiler.parser.DietCompletionTest" time="0"/>
  <testcase name="test04 - 9" classname="org.eclipse.jdt.core.tests.compiler.parser.SelectionTest" time="0"/>
  <testcase name="test04 - 9" classname="org.eclipse.jdt.core.tests.compiler.parser.SelectionJavadocTest" time="0"/>
  <testcase name="test04 - 9" classname="org.eclipse.jdt.core.tests.compiler.parser.DietRecoveryTest" time="0.003"/>
  <testcase name="test04 - 9" classname="org.eclipse.jdt.core.tests.compiler.parser.SourceElementParserTest" time="0.001"/>
  <testcase name="test04 - 9" classname="org.eclipse.jdt.core.tests.compiler.parser.SyntaxErrorTest" time="0.001"/>
  <testcase name="test04 - 9" classname="org.eclipse.jdt.core.tests.compiler.parser.DualParseSyntaxErrorTest" time="0"/>
  <testcase name="test05 - 9" classname="org.eclipse.jdt.core.tests.compiler.parser.CompletionRecoveryTest" time="0.001"/>
  <testcase name="test05 - 9" classname="org.eclipse.jdt.core.tests.compiler.parser.DietCompletionTest" time="0"/>
  <testcase name="test05 - 9" classname="org.eclipse.jdt.core.tests.compiler.parser.SelectionTest" time="0.001"/>
  <testcase name="test05 - 9" classname="org.eclipse.jdt.core.tests.compiler.parser.SelectionJavadocTest" time="0"/>
  <testcase name="test05 - 9" classname="org.eclipse.jdt.core.tests.compiler.parser.DietRecoveryTest" time="0.002"/>
  <testcase name="test05 - 9" classname="org.eclipse.jdt.core.tests.compiler.parser.SourceElementParserTest" time="0"/>
  <testcase name="test05 - 9" classname="org.eclipse.jdt.core.tests.compiler.parser.SyntaxErrorTest" time="0"/>
  <testcase name="test05 - 9" classname="org.eclipse.jdt.core.tests.compiler.parser.DualParseSyntaxErrorTest" time="0"/>
  <testcase name="test06 - 9" classname="org.eclipse.jdt.core.tests.compiler.parser.CompletionRecoveryTest" time="0"/>
  <testcase name="test06 - 9" classname="org.eclipse.jdt.core.tests.compiler.parser.DietCompletionTest" time="0"/>
  <testcase name="test06 - 9" classname="org.eclipse.jdt.core.tests.compiler.parser.SelectionTest" time="0"/>
  <testcase name="test06 - 9" classname="org.eclipse.jdt.core.tests.compiler.parser.SelectionJavadocTest" time="0"/>
  <testcase name="test06 - 9" classname="org.eclipse.jdt.core.tests.compiler.parser.DietRecoveryTest" time="0.003"/>
  <testcase name="test06 - 9" classname="org.eclipse.jdt.core.tests.compiler.parser.SourceElementParserTest" time="0.001"/>
  <testcase name="test06 - 9" classname="org.eclipse.jdt.core.tests.compiler.parser.SyntaxErrorTest" time="0"/>
  <testcase name="test06 - 9" classname="org.eclipse.jdt.core.tests.compiler.parser.DualParseSyntaxErrorTest" time="0.001"/>
  <testcase name="test07 - 9" classname="org.eclipse.jdt.core.tests.compiler.parser.CompletionRecoveryTest" time="0"/>
  <testcase name="test07 - 9" classname="org.eclipse.jdt.core.tests.compiler.parser.DietCompletionTest" time="0"/>
  <testcase name="test07 - 9" classname="org.eclipse.jdt.core.tests.compiler.parser.SelectionTest" time="0.001"/>
  <testcase name="test07 - 9" classname="org.eclipse.jdt.core.tests.compiler.parser.SelectionJavadocTest" time="0.001"/>
  <testcase name="test07 - 9" classname="org.eclipse.jdt.core.tests.compiler.parser.DietRecoveryTest" time="0.003"/>
  <testcase name="test07 - 9" classname="org.eclipse.jdt.core.tests.compiler.parser.SourceElementParserTest" time="0"/>
  <testcase name="test07 - 9" classname="org.eclipse.jdt.core.tests.compiler.parser.SyntaxErrorTest" time="0"/>
  <testcase name="test07 - 9" classname="org.eclipse.jdt.core.tests.compiler.parser.DualParseSyntaxErrorTest" time="0"/>
  <testcase name="test08 - 9" classname="org.eclipse.jdt.core.tests.compiler.parser.CompletionRecoveryTest" time="0"/>
  <testcase name="test08 - 9" classname="org.eclipse.jdt.core.tests.compiler.parser.DietCompletionTest" time="0"/>
  <testcase name="test08 - 9" classname="org.eclipse.jdt.core.tests.compiler.parser.SelectionTest" time="0"/>
  <testcase name="test08 - 9" classname="org.eclipse.jdt.core.tests.compiler.parser.SelectionJavadocTest" time="0.001"/>
  <testcase name="test08 - 9" classname="org.eclipse.jdt.core.tests.compiler.parser.DietRecoveryTest" time="0.003"/>
  <testcase name="test08 - 9" classname="org.eclipse.jdt.core.tests.compiler.parser.SourceElementParserTest" time="0"/>
  <testcase name="test08 - 9" classname="org.eclipse.jdt.core.tests.compiler.parser.SyntaxErrorTest" time="0"/>
  <testcase name="test08 - 9" classname="org.eclipse.jdt.core.tests.compiler.parser.DualParseSyntaxErrorTest" time="0"/>
  <testcase name="test09 - 9" classname="org.eclipse.jdt.core.tests.compiler.parser.CompletionRecoveryTest" time="0"/>
  <testcase name="test09 - 9" classname="org.eclipse.jdt.core.tests.compiler.parser.DietCompletionTest" time="0"/>
  <testcase name="test09 - 9" classname="org.eclipse.jdt.core.tests.compiler.parser.SelectionTest" time="0"/>
  <testcase name="test09 - 9" classname="org.eclipse.jdt.core.tests.compiler.parser.SelectionJavadocTest" time="0.002"/>
  <testcase name="test09 - 9" classname="org.eclipse.jdt.core.tests.compiler.parser.DietRecoveryTest" time="0.002"/>
  <testcase name="test09 - 9" classname="org.eclipse.jdt.core.tests.compiler.parser.SourceElementParserTest" time="0"/>
  <testcase name="test09 - 9" classname="org.eclipse.jdt.core.tests.compiler.parser.SyntaxErrorTest" time="0.001"/>
  <testcase name="test09 - 9" classname="org.eclipse.jdt.core.tests.compiler.parser.DualParseSyntaxErrorTest" time="0.001"/>
  <testcase name="test10 - 9" classname="org.eclipse.jdt.core.tests.compiler.parser.CompletionRecoveryTest" time="0.001"/>
  <testcase name="test10 - 9" classname="org.eclipse.jdt.core.tests.compiler.parser.DietCompletionTest" time="0.001"/>
  <testcase name="test10 - 9" classname="org.eclipse.jdt.core.tests.compiler.parser.SelectionTest" time="0.001"/>
  <testcase name="test10 - 9" classname="org.eclipse.jdt.core.tests.compiler.parser.SelectionJavadocTest" time="0.002"/>
  <testcase name="test10 - 9" classname="org.eclipse.jdt.core.tests.compiler.parser.DietRecoveryTest" time="0.003"/>
  <testcase name="test10 - 9" classname="org.eclipse.jdt.core.tests.compiler.parser.SourceElementParserTest" time="0"/>
  <testcase name="test10 - 9" classname="org.eclipse.jdt.core.tests.compiler.parser.SyntaxErrorTest" time="0"/>
  <testcase name="test10 - 9" classname="org.eclipse.jdt.core.tests.compiler.parser.DualParseSyntaxErrorTest" time="0"/>
  <testcase name="test11 - 9" classname="org.eclipse.jdt.core.tests.compiler.parser.CompletionRecoveryTest" time="0"/>
  <testcase name="test11 - 9" classname="org.eclipse.jdt.core.tests.compiler.parser.DietCompletionTest" time="0"/>
  <testcase name="test11 - 9" classname="org.eclipse.jdt.core.tests.compiler.parser.SelectionTest" time="0"/>
  <testcase name="test11 - 9" classname="org.eclipse.jdt.core.tests.compiler.parser.SelectionJavadocTest" time="0"/>
  <testcase name="test11 - 9" classname="org.eclipse.jdt.core.tests.compiler.parser.DietRecoveryTest" time="0.003"/>
  <testcase name="test11 - 9" classname="org.eclipse.jdt.core.tests.compiler.parser.SourceElementParserTest" time="0.001"/>
  <testcase name="test11 - 9" classname="org.eclipse.jdt.core.tests.compiler.parser.SyntaxErrorTest" time="0"/>
  <testcase name="test12 - 9" classname="org.eclipse.jdt.core.tests.compiler.parser.CompletionRecoveryTest" time="0"/>
  <testcase name="test12 - 9" classname="org.eclipse.jdt.core.tests.compiler.parser.DietCompletionTest" time="0"/>
  <testcase name="test12 - 9" classname="org.eclipse.jdt.core.tests.compiler.parser.SelectionTest" time="0"/>
  <testcase name="test12 - 9" classname="org.eclipse.jdt.core.tests.compiler.parser.SelectionJavadocTest" time="0"/>
  <testcase name="test12 - 9" classname="org.eclipse.jdt.core.tests.compiler.parser.DietRecoveryTest" time="0.002"/>
  <testcase name="test12 - 9" classname="org.eclipse.jdt.core.tests.compiler.parser.SourceElementParserTest" time="0"/>
  <testcase name="test12 - 9" classname="org.eclipse.jdt.core.tests.compiler.parser.SyntaxErrorTest" time="0"/>
  <testcase name="test13 - 9" classname="org.eclipse.jdt.core.tests.compiler.parser.CompletionRecoveryTest" time="0"/>
  <testcase name="test13 - 9" classname="org.eclipse.jdt.core.tests.compiler.parser.DietCompletionTest" time="0"/>
  <testcase name="test13 - 9" classname="org.eclipse.jdt.core.tests.compiler.parser.SelectionTest" time="0"/>
  <testcase name="test13 - 9" classname="org.eclipse.jdt.core.tests.compiler.parser.SelectionJavadocTest" time="0"/>
  <testcase name="test13 - 9" classname="org.eclipse.jdt.core.tests.compiler.parser.DietRecoveryTest" time="0.001"/>
  <testcase name="test13 - 9" classname="org.eclipse.jdt.core.tests.compiler.parser.SourceElementParserTest" time="0"/>
  <testcase name="test13 - 9" classname="org.eclipse.jdt.core.tests.compiler.parser.SyntaxErrorTest" time="0"/>
  <testcase name="test14 - 9" classname="org.eclipse.jdt.core.tests.compiler.parser.CompletionRecoveryTest" time="0"/>
  <testcase name="test14 - 9" classname="org.eclipse.jdt.core.tests.compiler.parser.DietCompletionTest" time="0.001"/>
  <testcase name="test14 - 9" classname="org.eclipse.jdt.core.tests.compiler.parser.SelectionTest" time="0"/>
  <testcase name="test14 - 9" classname="org.eclipse.jdt.core.tests.compiler.parser.SelectionJavadocTest" time="0.001"/>
  <testcase name="test14 - 9" classname="org.eclipse.jdt.core.tests.compiler.parser.DietRecoveryTest" time="0.001"/>
  <testcase name="test14 - 9" classname="org.eclipse.jdt.core.tests.compiler.parser.SourceElementParserTest" time="0.001"/>
  <testcase name="test14 - 9" classname="org.eclipse.jdt.core.tests.compiler.parser.SyntaxErrorTest" time="0"/>
  <testcase name="test15 - 9" classname="org.eclipse.jdt.core.tests.compiler.parser.CompletionRecoveryTest" time="0"/>
  <testcase name="test15 - 9" classname="org.eclipse.jdt.core.tests.compiler.parser.DietCompletionTest" time="0"/>
  <testcase name="test15 - 9" classname="org.eclipse.jdt.core.tests.compiler.parser.SelectionTest" time="0"/>
  <testcase name="test15 - 9" classname="org.eclipse.jdt.core.tests.compiler.parser.SelectionJavadocTest" time="0.001"/>
  <testcase name="test15 - 9" classname="org.eclipse.jdt.core.tests.compiler.parser.DietRecoveryTest" time="0.002"/>
  <testcase name="test15 - 9" classname="org.eclipse.jdt.core.tests.compiler.parser.SourceElementParserTest" time="0"/>
  <testcase name="test15 - 9" classname="org.eclipse.jdt.core.tests.compiler.parser.SyntaxErrorTest" time="0"/>
  <testcase name="test16 - 9" classname="org.eclipse.jdt.core.tests.compiler.parser.CompletionRecoveryTest" time="0.001"/>
  <testcase name="test16 - 9" classname="org.eclipse.jdt.core.tests.compiler.parser.DietCompletionTest" time="0"/>
  <testcase name="test16 - 9" classname="org.eclipse.jdt.core.tests.compiler.parser.SelectionTest" time="0.001"/>
  <testcase name="test16 - 9" classname="org.eclipse.jdt.core.tests.compiler.parser.SelectionJavadocTest" time="0.001"/>
  <testcase name="test16 - 9" classname="org.eclipse.jdt.core.tests.compiler.parser.DietRecoveryTest" time="0.002"/>
  <testcase name="test16 - 9" classname="org.eclipse.jdt.core.tests.compiler.parser.SourceElementParserTest" time="0"/>
  <testcase name="test17 - 9" classname="org.eclipse.jdt.core.tests.compiler.parser.CompletionRecoveryTest" time="0"/>
  <testcase name="test17 - 9" classname="org.eclipse.jdt.core.tests.compiler.parser.DietCompletionTest" time="0"/>
  <testcase name="test17 - 9" classname="org.eclipse.jdt.core.tests.compiler.parser.SelectionTest" time="0"/>
  <testcase name="test17 - 9" classname="org.eclipse.jdt.core.tests.compiler.parser.SelectionJavadocTest" time="0.001"/>
  <testcase name="test17 - 9" classname="org.eclipse.jdt.core.tests.compiler.parser.DietRecoveryTest" time="0.002"/>
  <testcase name="test17 - 9" classname="org.eclipse.jdt.core.tests.compiler.parser.SourceElementParserTest" time="0"/>
  <testcase name="test18 - 9" classname="org.eclipse.jdt.core.tests.compiler.parser.CompletionRecoveryTest" time="0"/>
  <testcase name="test18 - 9" classname="org.eclipse.jdt.core.tests.compiler.parser.DietCompletionTest" time="0"/>
  <testcase name="test18 - 9" classname="org.eclipse.jdt.core.tests.compiler.parser.SelectionTest" time="0"/>
  <testcase name="test18 - 9" classname="org.eclipse.jdt.core.tests.compiler.parser.SelectionJavadocTest" time="0.001"/>
  <testcase name="test18 - 9" classname="org.eclipse.jdt.core.tests.compiler.parser.DietRecoveryTest" time="0.002"/>
  <testcase name="test18 - 9" classname="org.eclipse.jdt.core.tests.compiler.parser.SourceElementParserTest" time="0"/>
  <testcase name="test19 - 9" classname="org.eclipse.jdt.core.tests.compiler.parser.CompletionRecoveryTest" time="0"/>
  <testcase name="test19 - 9" classname="org.eclipse.jdt.core.tests.compiler.parser.DietCompletionTest" time="0"/>
  <testcase name="test19 - 9" classname="org.eclipse.jdt.core.tests.compiler.parser.SelectionTest" time="0.001"/>
  <testcase name="test19 - 9" classname="org.eclipse.jdt.core.tests.compiler.parser.SelectionJavadocTest" time="0.001"/>
  <testcase name="test19 - 9" classname="org.eclipse.jdt.core.tests.compiler.parser.DietRecoveryTest" time="0.002"/>
  <testcase name="test19 - 9" classname="org.eclipse.jdt.core.tests.compiler.parser.SourceElementParserTest" time="0.001"/>
  <testcase name="test20 - 9" classname="org.eclipse.jdt.core.tests.compiler.parser.CompletionRecoveryTest" time="0"/>
  <testcase name="test20 - 9" classname="org.eclipse.jdt.core.tests.compiler.parser.DietCompletionTest" time="0"/>
  <testcase name="test20 - 9" classname="org.eclipse.jdt.core.tests.compiler.parser.SelectionTest" time="0.001"/>
  <testcase name="test20 - 9" classname="org.eclipse.jdt.core.tests.compiler.parser.SelectionJavadocTest" time="0.001"/>
  <testcase name="test20 - 9" classname="org.eclipse.jdt.core.tests.compiler.parser.DietRecoveryTest" time="0.002"/>
  <testcase name="test20 - 9" classname="org.eclipse.jdt.core.tests.compiler.parser.SourceElementParserTest" time="0"/>
  <testcase name="test21 - 9" classname="org.eclipse.jdt.core.tests.compiler.parser.CompletionRecoveryTest" time="0"/>
  <testcase name="test21 - 9" classname="org.eclipse.jdt.core.tests.compiler.parser.DietCompletionTest" time="0.001"/>
  <testcase name="test21 - 9" classname="org.eclipse.jdt.core.tests.compiler.parser.SelectionTest" time="0"/>
  <testcase name="test21 - 9" classname="org.eclipse.jdt.core.tests.compiler.parser.SelectionJavadocTest" time="0"/>
  <testcase name="test21 - 9" classname="org.eclipse.jdt.core.tests.compiler.parser.DietRecoveryTest" time="0.002"/>
  <testcase name="test21 - 9" classname="org.eclipse.jdt.core.tests.compiler.parser.SourceElementParserTest" time="0.001"/>
  <testcase name="test22 - 9" classname="org.eclipse.jdt.core.tests.compiler.parser.CompletionRecoveryTest" time="0"/>
  <testcase name="test22 - 9" classname="org.eclipse.jdt.core.tests.compiler.parser.DietCompletionTest" time="0"/>
  <testcase name="test22 - 9" classname="org.eclipse.jdt.core.tests.compiler.parser.SelectionTest" time="0"/>
  <testcase name="test22 - 9" classname="org.eclipse.jdt.core.tests.compiler.parser.SelectionJavadocTest" time="0.001"/>
  <testcase name="test22 - 9" classname="org.eclipse.jdt.core.tests.compiler.parser.DietRecoveryTest" time="0.002"/>
  <testcase name="test22 - 9" classname="org.eclipse.jdt.core.tests.compiler.parser.SourceElementParserTest" time="0"/>
  <testcase name="test23 - 9" classname="org.eclipse.jdt.core.tests.compiler.parser.CompletionRecoveryTest" time="0"/>
  <testcase name="test23 - 9" classname="org.eclipse.jdt.core.tests.compiler.parser.DietCompletionTest" time="0"/>
  <testcase name="test23 - 9" classname="org.eclipse.jdt.core.tests.compiler.parser.SelectionTest" time="0"/>
  <testcase name="test23 - 9" classname="org.eclipse.jdt.core.tests.compiler.parser.SelectionJavadocTest" time="0.001"/>
  <testcase name="test23 - 9" classname="org.eclipse.jdt.core.tests.compiler.parser.DietRecoveryTest" time="0.003"/>
  <testcase name="test23 - 9" classname="org.eclipse.jdt.core.tests.compiler.parser.SourceElementParserTest" time="0"/>
  <testcase name="test24 - 9" classname="org.eclipse.jdt.core.tests.compiler.parser.CompletionRecoveryTest" time="0"/>
  <testcase name="test24 - 9" classname="org.eclipse.jdt.core.tests.compiler.parser.DietCompletionTest" time="0.001"/>
  <testcase name="test24 - 9" classname="org.eclipse.jdt.core.tests.compiler.parser.SelectionTest" time="0.001"/>
  <testcase name="test24 - 9" classname="org.eclipse.jdt.core.tests.compiler.parser.SelectionJavadocTest" time="0"/>
  <testcase name="test24 - 9" classname="org.eclipse.jdt.core.tests.compiler.parser.DietRecoveryTest" time="0.003"/>
  <testcase name="test24 - 9" classname="org.eclipse.jdt.core.tests.compiler.parser.SourceElementParserTest" time="0.001"/>
  <testcase name="test25 - 9" classname="org.eclipse.jdt.core.tests.compiler.parser.CompletionRecoveryTest" time="0"/>
  <testcase name="test25 - 9" classname="org.eclipse.jdt.core.tests.compiler.parser.DietCompletionTest" time="0"/>
  <testcase name="test25 - 9" classname="org.eclipse.jdt.core.tests.compiler.parser.SelectionTest" time="0"/>
  <testcase name="test25 - 9" classname="org.eclipse.jdt.core.tests.compiler.parser.SelectionJavadocTest" time="0.001"/>
  <testcase name="test25 - 9" classname="org.eclipse.jdt.core.tests.compiler.parser.DietRecoveryTest" time="0.003"/>
  <testcase name="test25 - 9" classname="org.eclipse.jdt.core.tests.compiler.parser.SourceElementParserTest" time="0"/>
  <testcase name="test26 - 9" classname="org.eclipse.jdt.core.tests.compiler.parser.CompletionRecoveryTest" time="0"/>
  <testcase name="test26 - 9" classname="org.eclipse.jdt.core.tests.compiler.parser.DietCompletionTest" time="0"/>
  <testcase name="test26 - 9" classname="org.eclipse.jdt.core.tests.compiler.parser.SelectionTest" time="0.001"/>
  <testcase name="test26 - 9" classname="org.eclipse.jdt.core.tests.compiler.parser.SelectionJavadocTest" time="0"/>
  <testcase name="test26 - 9" classname="org.eclipse.jdt.core.tests.compiler.parser.DietRecoveryTest" time="0.003"/>
  <testcase name="test26 - 9" classname="org.eclipse.jdt.core.tests.compiler.parser.SourceElementParserTest" time="0"/>
  <testcase name="test27 - 9" classname="org.eclipse.jdt.core.tests.compiler.parser.DietCompletionTest" time="0"/>
  <testcase name="test27 - 9" classname="org.eclipse.jdt.core.tests.compiler.parser.SelectionTest" time="0"/>
  <testcase name="test27 - 9" classname="org.eclipse.jdt.core.tests.compiler.parser.DietRecoveryTest" time="0.003"/>
  <testcase name="test27 - 9" classname="org.eclipse.jdt.core.tests.compiler.parser.SourceElementParserTest" time="0.001"/>
  <testcase name="test28 - 9" classname="org.eclipse.jdt.core.tests.compiler.parser.DietCompletionTest" time="0"/>
  <testcase name="test28 - 9" classname="org.eclipse.jdt.core.tests.compiler.parser.SelectionTest" time="0"/>
  <testcase name="test28 - 9" classname="org.eclipse.jdt.core.tests.compiler.parser.DietRecoveryTest" time="0.001"/>
  <testcase name="test28 - 9" classname="org.eclipse.jdt.core.tests.compiler.parser.SourceElementParserTest" time="0"/>
  <testcase name="test29 - 9" classname="org.eclipse.jdt.core.tests.compiler.parser.DietCompletionTest" time="0"/>
  <testcase name="test29 - 9" classname="org.eclipse.jdt.core.tests.compiler.parser.SelectionTest" time="0"/>
  <testcase name="test29 - 9" classname="org.eclipse.jdt.core.tests.compiler.parser.DietRecoveryTest" time="0.002"/>
  <testcase name="test29 - 9" classname="org.eclipse.jdt.core.tests.compiler.parser.SourceElementParserTest" time="0.001"/>
  <testcase name="test30 - 9" classname="org.eclipse.jdt.core.tests.compiler.parser.DietCompletionTest" time="0"/>
  <testcase name="test30 - 9" classname="org.eclipse.jdt.core.tests.compiler.parser.SelectionTest" time="0"/>
  <testcase name="test30 - 9" classname="org.eclipse.jdt.core.tests.compiler.parser.DietRecoveryTest" time="0.002"/>
  <testcase name="test30 - 9" classname="org.eclipse.jdt.core.tests.compiler.parser.SourceElementParserTest" time="0"/>
  <testcase name="test31 - 9" classname="org.eclipse.jdt.core.tests.compiler.parser.DietCompletionTest" time="0"/>
  <testcase name="test31 - 9" classname="org.eclipse.jdt.core.tests.compiler.parser.SelectionTest" time="0.001"/>
  <testcase name="test31 - 9" classname="org.eclipse.jdt.core.tests.compiler.parser.DietRecoveryTest" time="0.003"/>
  <testcase name="test31 - 9" classname="org.eclipse.jdt.core.tests.compiler.parser.SourceElementParserTest" time="0.001"/>
  <testcase name="test32 - 9" classname="org.eclipse.jdt.core.tests.compiler.parser.DietCompletionTest" time="0"/>
  <testcase name="test32 - 9" classname="org.eclipse.jdt.core.tests.compiler.parser.SelectionTest" time="0"/>
  <testcase name="test32 - 9" classname="org.eclipse.jdt.core.tests.compiler.parser.SourceElementParserTest" time="0"/>
  <testcase name="test33 - 9" classname="org.eclipse.jdt.core.tests.compiler.parser.DietCompletionTest" time="0"/>
  <testcase name="test33 - 9" classname="org.eclipse.jdt.core.tests.compiler.parser.SelectionTest" time="0"/>
  <testcase name="test33 - 9" classname="org.eclipse.jdt.core.tests.compiler.parser.DietRecoveryTest" time="0.002"/>
  <testcase name="test33 - 9" classname="org.eclipse.jdt.core.tests.compiler.parser.SourceElementParserTest" time="0"/>
  <testcase name="test34 - 9" classname="org.eclipse.jdt.core.tests.compiler.parser.DietCompletionTest" time="0"/>
  <testcase name="test34 - 9" classname="org.eclipse.jdt.core.tests.compiler.parser.SelectionTest" time="0"/>
  <testcase name="test34 - 9" classname="org.eclipse.jdt.core.tests.compiler.parser.DietRecoveryTest" time="0.003"/>
  <testcase name="test34 - 9" classname="org.eclipse.jdt.core.tests.compiler.parser.SourceElementParserTest" time="0.001"/>
  <testcase name="test34a - 9" classname="org.eclipse.jdt.core.tests.compiler.parser.DietCompletionTest" time="0"/>
  <testcase name="test34b - 9" classname="org.eclipse.jdt.core.tests.compiler.parser.DietCompletionTest" time="0"/>
  <testcase name="test34c - 9" classname="org.eclipse.jdt.core.tests.compiler.parser.DietCompletionTest" time="0.001"/>
  <testcase name="test35 - 9" classname="org.eclipse.jdt.core.tests.compiler.parser.DietCompletionTest" time="0"/>
  <testcase name="test35 - 9" classname="org.eclipse.jdt.core.tests.compiler.parser.SelectionTest" time="0"/>
  <testcase name="test35 - 9" classname="org.eclipse.jdt.core.tests.compiler.parser.DietRecoveryTest" time="0.001"/>
  <testcase name="test35 - 9" classname="org.eclipse.jdt.core.tests.compiler.parser.SourceElementParserTest" time="0"/>
  <testcase name="test36 - 9" classname="org.eclipse.jdt.core.tests.compiler.parser.DietCompletionTest" time="0"/>
  <testcase name="test36 - 9" classname="org.eclipse.jdt.core.tests.compiler.parser.SelectionTest" time="0"/>
  <testcase name="test36 - 9" classname="org.eclipse.jdt.core.tests.compiler.parser.DietRecoveryTest" time="0.001"/>
  <testcase name="test36 - 9" classname="org.eclipse.jdt.core.tests.compiler.parser.SourceElementParserTest" time="0.001"/>
  <testcase name="test37 - 9" classname="org.eclipse.jdt.core.tests.compiler.parser.DietCompletionTest" time="0.001"/>
  <testcase name="test37 - 9" classname="org.eclipse.jdt.core.tests.compiler.parser.SelectionTest" time="0"/>
  <testcase name="test37 - 9" classname="org.eclipse.jdt.core.tests.compiler.parser.DietRecoveryTest" time="0"/>
  <testcase name="test37 - 9" classname="org.eclipse.jdt.core.tests.compiler.parser.SourceElementParserTest" time="0"/>
  <testcase name="test38 - 9" classname="org.eclipse.jdt.core.tests.compiler.parser.DietCompletionTest" time="0"/>
  <testcase name="test38 - 9" classname="org.eclipse.jdt.core.tests.compiler.parser.SelectionTest" time="0"/>
  <testcase name="test38 - 9" classname="org.eclipse.jdt.core.tests.compiler.parser.DietRecoveryTest" time="0.001"/>
  <testcase name="test38 - 9" classname="org.eclipse.jdt.core.tests.compiler.parser.SourceElementParserTest" time="0"/>
  <testcase name="test39 - 9" classname="org.eclipse.jdt.core.tests.compiler.parser.DietCompletionTest" time="0"/>
  <testcase name="test39 - 9" classname="org.eclipse.jdt.core.tests.compiler.parser.SelectionTest" time="0.001"/>
  <testcase name="test39 - 9" classname="org.eclipse.jdt.core.tests.compiler.parser.DietRecoveryTest" time="0.001"/>
  <testcase name="test39 - 9" classname="org.eclipse.jdt.core.tests.compiler.parser.SourceElementParserTest" time="0.001"/>
  <testcase name="test40 - 9" classname="org.eclipse.jdt.core.tests.compiler.parser.DietCompletionTest" time="0.001"/>
  <testcase name="test40 - 9" classname="org.eclipse.jdt.core.tests.compiler.parser.SelectionTest" time="0"/>
  <testcase name="test40 - 9" classname="org.eclipse.jdt.core.tests.compiler.parser.DietRecoveryTest" time="0.002"/>
  <testcase name="test40 - 9" classname="org.eclipse.jdt.core.tests.compiler.parser.SourceElementParserTest" time="0"/>
  <testcase name="test41 - 9" classname="org.eclipse.jdt.core.tests.compiler.parser.DietCompletionTest" time="0"/>
  <testcase name="test41 - 9" classname="org.eclipse.jdt.core.tests.compiler.parser.SelectionTest" time="0"/>
  <testcase name="test41 - 9" classname="org.eclipse.jdt.core.tests.compiler.parser.DietRecoveryTest" time="0.003"/>
  <testcase name="test41 - 9" classname="org.eclipse.jdt.core.tests.compiler.parser.SourceElementParserTest" time="0.001"/>
  <testcase name="test42 - 9" classname="org.eclipse.jdt.core.tests.compiler.parser.DietCompletionTest" time="0"/>
  <testcase name="test42 - 9" classname="org.eclipse.jdt.core.tests.compiler.parser.SelectionTest" time="0"/>
  <testcase name="test42 - 9" classname="org.eclipse.jdt.core.tests.compiler.parser.DietRecoveryTest" time="0.002"/>
  <testcase name="test42 - 9" classname="org.eclipse.jdt.core.tests.compiler.parser.SourceElementParserTest" time="0"/>
  <testcase name="test43 - 9" classname="org.eclipse.jdt.core.tests.compiler.parser.DietCompletionTest" time="0"/>
  <testcase name="test43 - 9" classname="org.eclipse.jdt.core.tests.compiler.parser.SelectionTest" time="0"/>
  <testcase name="test43 - 9" classname="org.eclipse.jdt.core.tests.compiler.parser.DietRecoveryTest" time="0.004"/>
  <testcase name="test43 - 9" classname="org.eclipse.jdt.core.tests.compiler.parser.SourceElementParserTest" time="0"/>
  <testcase name="test44 - 9" classname="org.eclipse.jdt.core.tests.compiler.parser.DietCompletionTest" time="0"/>
  <testcase name="test44 - 9" classname="org.eclipse.jdt.core.tests.compiler.parser.SelectionTest" time="0.001"/>
  <testcase name="test44 - 9" classname="org.eclipse.jdt.core.tests.compiler.parser.DietRecoveryTest" time="0.002"/>
  <testcase name="test44 - 9" classname="org.eclipse.jdt.core.tests.compiler.parser.SourceElementParserTest" time="0.001"/>
  <testcase name="test45 - 9" classname="org.eclipse.jdt.core.tests.compiler.parser.DietCompletionTest" time="0"/>
  <testcase name="test45 - 9" classname="org.eclipse.jdt.core.tests.compiler.parser.SelectionTest" time="0"/>
  <testcase name="test45 - 9" classname="org.eclipse.jdt.core.tests.compiler.parser.DietRecoveryTest" time="0.001"/>
  <testcase name="test45 - 9" classname="org.eclipse.jdt.core.tests.compiler.parser.SourceElementParserTest" time="0"/>
  <testcase name="test46 - 9" classname="org.eclipse.jdt.core.tests.compiler.parser.DietCompletionTest" time="0"/>
  <testcase name="test46 - 9" classname="org.eclipse.jdt.core.tests.compiler.parser.SelectionTest" time="0"/>
  <testcase name="test46 - 9" classname="org.eclipse.jdt.core.tests.compiler.parser.DietRecoveryTest" time="0.004"/>
  <testcase name="test46 - 9" classname="org.eclipse.jdt.core.tests.compiler.parser.SourceElementParserTest" time="0"/>
  <testcase name="test47 - 9" classname="org.eclipse.jdt.core.tests.compiler.parser.DietCompletionTest" time="0"/>
  <testcase name="test47 - 9" classname="org.eclipse.jdt.core.tests.compiler.parser.SelectionTest" time="0.001"/>
  <testcase name="test47 - 9" classname="org.eclipse.jdt.core.tests.compiler.parser.DietRecoveryTest" time="0.002"/>
  <testcase name="test47 - 9" classname="org.eclipse.jdt.core.tests.compiler.parser.SourceElementParserTest" time="0"/>
  <testcase name="test48 - 9" classname="org.eclipse.jdt.core.tests.compiler.parser.DietCompletionTest" time="0"/>
  <testcase name="test48 - 9" classname="org.eclipse.jdt.core.tests.compiler.parser.SelectionTest" time="0"/>
  <testcase name="test48 - 9" classname="org.eclipse.jdt.core.tests.compiler.parser.DietRecoveryTest" time="0"/>
  <testcase name="test48 - 9" classname="org.eclipse.jdt.core.tests.compiler.parser.SourceElementParserTest" time="0.001"/>
  <testcase name="test49 - 9" classname="org.eclipse.jdt.core.tests.compiler.parser.DietCompletionTest" time="0"/>
  <testcase name="test49 - 9" classname="org.eclipse.jdt.core.tests.compiler.parser.SelectionTest" time="0"/>
  <testcase name="test49 - 9" classname="org.eclipse.jdt.core.tests.compiler.parser.DietRecoveryTest" time="0.002"/>
  <testcase name="test49 - 9" classname="org.eclipse.jdt.core.tests.compiler.parser.SourceElementParserTest" time="0"/>
  <testcase name="test50 - 9" classname="org.eclipse.jdt.core.tests.compiler.parser.DietCompletionTest" time="0"/>
  <testcase name="test50 - 9" classname="org.eclipse.jdt.core.tests.compiler.parser.SelectionTest" time="0.001"/>
  <testcase name="test50 - 9" classname="org.eclipse.jdt.core.tests.compiler.parser.DietRecoveryTest" time="0.002"/>
  <testcase name="test50 - 9" classname="org.eclipse.jdt.core.tests.compiler.parser.SourceElementParserTest" time="0"/>
  <testcase name="test51 - 9" classname="org.eclipse.jdt.core.tests.compiler.parser.DietCompletionTest" time="0"/>
  <testcase name="test51 - 9" classname="org.eclipse.jdt.core.tests.compiler.parser.SelectionTest" time="0"/>
  <testcase name="test51 - 9" classname="org.eclipse.jdt.core.tests.compiler.parser.DietRecoveryTest" time="0.002"/>
  <testcase name="test51 - 9" classname="org.eclipse.jdt.core.tests.compiler.parser.SourceElementParserTest" time="0"/>
  <testcase name="test52 - 9" classname="org.eclipse.jdt.core.tests.compiler.parser.DietCompletionTest" time="0.001"/>
  <testcase name="test52 - 9" classname="org.eclipse.jdt.core.tests.compiler.parser.SelectionTest" time="0.001"/>
  <testcase name="test52 - 9" classname="org.eclipse.jdt.core.tests.compiler.parser.DietRecoveryTest" time="0.002"/>
  <testcase name="test52 - 9" classname="org.eclipse.jdt.core.tests.compiler.parser.SourceElementParserTest" time="0"/>
  <testcase name="test53 - 9" classname="org.eclipse.jdt.core.tests.compiler.parser.DietCompletionTest" time="0"/>
  <testcase name="test53 - 9" classname="org.eclipse.jdt.core.tests.compiler.parser.SelectionTest" time="0"/>
  <testcase name="test53 - 9" classname="org.eclipse.jdt.core.tests.compiler.parser.DietRecoveryTest" time="0.001"/>
  <testcase name="test53 - 9" classname="org.eclipse.jdt.core.tests.compiler.parser.SourceElementParserTest" time="0.001"/>
  <testcase name="test54 - 9" classname="org.eclipse.jdt.core.tests.compiler.parser.DietCompletionTest" time="0"/>
  <testcase name="test54 - 9" classname="org.eclipse.jdt.core.tests.compiler.parser.SelectionTest" time="0.001"/>
  <testcase name="test54 - 9" classname="org.eclipse.jdt.core.tests.compiler.parser.DietRecoveryTest" time="0.002"/>
  <testcase name="test54 - 9" classname="org.eclipse.jdt.core.tests.compiler.parser.SourceElementParserTest" time="0.001"/>
  <testcase name="test55 - 9" classname="org.eclipse.jdt.core.tests.compiler.parser.DietCompletionTest" time="0"/>
  <testcase name="test55 - 9" classname="org.eclipse.jdt.core.tests.compiler.parser.SelectionTest" time="0"/>
  <testcase name="test55 - 9" classname="org.eclipse.jdt.core.tests.compiler.parser.DietRecoveryTest" time="0.002"/>
  <testcase name="test55 - 9" classname="org.eclipse.jdt.core.tests.compiler.parser.SourceElementParserTest" time="0"/>
  <testcase name="testPrimarySuper - 9" classname="org.eclipse.jdt.core.tests.compiler.parser.ExplicitConstructorInvocationCompletionTest" time="0.001"/>
  <testcase name="testPrimarySuper - 9" classname="org.eclipse.jdt.core.tests.compiler.parser.ExplicitConstructorInvocationSelectionTest" time="0.001"/>
  <testcase name="testPrimaryThis - 9" classname="org.eclipse.jdt.core.tests.compiler.parser.ExplicitConstructorInvocationCompletionTest" time="0"/>
  <testcase name="testSuper - 9" classname="org.eclipse.jdt.core.tests.compiler.parser.ExplicitConstructorInvocationCompletionTest" time="0"/>
  <testcase name="testSuper - 9" classname="org.eclipse.jdt.core.tests.compiler.parser.MethodInvocationCompletionTest" time="0"/>
  <testcase name="testSuper - 9" classname="org.eclipse.jdt.core.tests.compiler.parser.ExplicitConstructorInvocationSelectionTest" time="0"/>
  <testcase name="testThis - 9" classname="org.eclipse.jdt.core.tests.compiler.parser.ExplicitConstructorInvocationCompletionTest" time="0"/>
  <testcase name="testThis - 9" classname="org.eclipse.jdt.core.tests.compiler.parser.ExplicitConstructorInvocationSelectionTest" time="0"/>
  <testcase name="testWrapperNameSuper - 9" classname="org.eclipse.jdt.core.tests.compiler.parser.ExplicitConstructorInvocationCompletionTest" time="0"/>
  <testcase name="testWrapperNameThis - 9" classname="org.eclipse.jdt.core.tests.compiler.parser.ExplicitConstructorInvocationCompletionTest" time="0"/>
  <testcase name="testWrapperPrimarySuper - 9" classname="org.eclipse.jdt.core.tests.compiler.parser.ExplicitConstructorInvocationCompletionTest" time="0"/>
  <testcase name="testWrapperSuper - 9" classname="org.eclipse.jdt.core.tests.compiler.parser.ExplicitConstructorInvocationCompletionTest" time="0"/>
  <testcase name="testWrapperThis - 9" classname="org.eclipse.jdt.core.tests.compiler.parser.ExplicitConstructorInvocationCompletionTest" time="0"/>
  <testcase name="testAdditiveExpressionMinus - 9" classname="org.eclipse.jdt.core.tests.compiler.parser.FieldAccessCompletionTest" time="0"/>
  <testcase name="testAdditiveExpressionPlus - 9" classname="org.eclipse.jdt.core.tests.compiler.parser.FieldAccessCompletionTest" time="0.001"/>
  <testcase name="testAndExpression - 9" classname="org.eclipse.jdt.core.tests.compiler.parser.FieldAccessCompletionTest" time="0"/>
  <testcase name="testArgumentList - 9" classname="org.eclipse.jdt.core.tests.compiler.parser.FieldAccessCompletionTest" time="0"/>
  <testcase name="testArrayAccess - 9" classname="org.eclipse.jdt.core.tests.compiler.parser.FieldAccessCompletionTest" time="0.001"/>
  <testcase name="testArrayAccessPrimaryNoNewArray - 9" classname="org.eclipse.jdt.core.tests.compiler.parser.FieldAccessCompletionTest" time="0"/>
  <testcase name="testArrayInitializer - 9" classname="org.eclipse.jdt.core.tests.compiler.parser.FieldAccessCompletionTest" time="0"/>
  <testcase name="testArrayInitializerComma - 9" classname="org.eclipse.jdt.core.tests.compiler.parser.FieldAccessCompletionTest" time="0"/>
  <testcase name="testAssignment - 9" classname="org.eclipse.jdt.core.tests.compiler.parser.FieldAccessCompletionTest" time="0"/>
  <testcase name="testBlock - 9" classname="org.eclipse.jdt.core.tests.compiler.parser.FieldAccessCompletionTest" time="0"/>
  <testcase name="testBlock - 9" classname="org.eclipse.jdt.core.tests.compiler.parser.ReferenceTypeCompletionTest" time="0"/>
  <testcase name="testBlockStatements - 9" classname="org.eclipse.jdt.core.tests.compiler.parser.FieldAccessCompletionTest" time="0"/>
  <testcase name="testBlockStatements - 9" classname="org.eclipse.jdt.core.tests.compiler.parser.ReferenceTypeCompletionTest" time="0"/>
  <testcase name="testBlockStatementsInConstructorBody - 9" classname="org.eclipse.jdt.core.tests.compiler.parser.FieldAccessCompletionTest" time="0"/>
  <testcase name="testBlockStatementsInInitializer - 9" classname="org.eclipse.jdt.core.tests.compiler.parser.FieldAccessCompletionTest" time="0"/>
  <testcase name="testBlockStatementsInStaticInitializer - 9" classname="org.eclipse.jdt.core.tests.compiler.parser.FieldAccessCompletionTest" time="0"/>
  <testcase name="testCastExpression - 9" classname="org.eclipse.jdt.core.tests.compiler.parser.FieldAccessCompletionTest" time="0"/>
  <testcase name="testCastExpressionUnaryExpression - 9" classname="org.eclipse.jdt.core.tests.compiler.parser.FieldAccessCompletionTest" time="0"/>
  <testcase name="testClassInstanceCreationExpression - 9" classname="org.eclipse.jdt.core.tests.compiler.parser.FieldAccessCompletionTest" time="0"/>
  <testcase name="testClassInstanceCreationExpressionName - 9" classname="org.eclipse.jdt.core.tests.compiler.parser.FieldAccessCompletionTest" time="0.001"/>
  <testcase name="testClassInstanceCreationExpressionPrimary - 9" classname="org.eclipse.jdt.core.tests.compiler.parser.FieldAccessCompletionTest" time="0"/>
  <testcase name="testConditionalAndExpression - 9" classname="org.eclipse.jdt.core.tests.compiler.parser.FieldAccessCompletionTest" time="0"/>
  <testcase name="testConditionalExpression - 9" classname="org.eclipse.jdt.core.tests.compiler.parser.FieldAccessCompletionTest" time="0"/>
  <testcase name="testConditionalExpressionConditionalExpression - 9" classname="org.eclipse.jdt.core.tests.compiler.parser.FieldAccessCompletionTest" time="0"/>
  <testcase name="testConditionalOrExpression - 9" classname="org.eclipse.jdt.core.tests.compiler.parser.FieldAccessCompletionTest" time="0"/>
  <testcase name="testConstructorBody - 9" classname="org.eclipse.jdt.core.tests.compiler.parser.FieldAccessCompletionTest" time="0"/>
  <testcase name="testConstructorBody - 9" classname="org.eclipse.jdt.core.tests.compiler.parser.ReferenceTypeCompletionTest" time="0"/>
  <testcase name="testDimWithOrWithOutExpr - 9" classname="org.eclipse.jdt.core.tests.compiler.parser.FieldAccessCompletionTest" time="0"/>
  <testcase name="testDoExpression - 9" classname="org.eclipse.jdt.core.tests.compiler.parser.FieldAccessCompletionTest" time="0"/>
  <testcase name="testDoStatement - 9" classname="org.eclipse.jdt.core.tests.compiler.parser.FieldAccessCompletionTest" time="0"/>
  <testcase name="testEqualityExpression - 9" classname="org.eclipse.jdt.core.tests.compiler.parser.FieldAccessCompletionTest" time="0"/>
  <testcase name="testEqualityExpressionNot - 9" classname="org.eclipse.jdt.core.tests.compiler.parser.FieldAccessCompletionTest" time="0"/>
  <testcase name="testExclusiveOrExpression - 9" classname="org.eclipse.jdt.core.tests.compiler.parser.FieldAccessCompletionTest" time="0.001"/>
  <testcase name="testExplicitConstructorInvocationInConstructorBody - 9" classname="org.eclipse.jdt.core.tests.compiler.parser.FieldAccessCompletionTest" time="0"/>
  <testcase name="testForInit - 9" classname="org.eclipse.jdt.core.tests.compiler.parser.FieldAccessCompletionTest" time="0"/>
  <testcase name="testForStatement - 9" classname="org.eclipse.jdt.core.tests.compiler.parser.FieldAccessCompletionTest" time="0"/>
  <testcase name="testForStatement - 9" classname="org.eclipse.jdt.core.tests.compiler.parser.ReferenceTypeCompletionTest" time="0"/>
  <testcase name="testForStatementExpression - 9" classname="org.eclipse.jdt.core.tests.compiler.parser.FieldAccessCompletionTest" time="0"/>
  <testcase name="testForUpdate - 9" classname="org.eclipse.jdt.core.tests.compiler.parser.FieldAccessCompletionTest" time="0"/>
  <testcase name="testIfExpresionThen - 9" classname="org.eclipse.jdt.core.tests.compiler.parser.FieldAccessCompletionTest" time="0.001"/>
  <testcase name="testIfExpresionThenElse - 9" classname="org.eclipse.jdt.core.tests.compiler.parser.FieldAccessCompletionTest" time="0"/>
  <testcase name="testIfThenElseStatement - 9" classname="org.eclipse.jdt.core.tests.compiler.parser.FieldAccessCompletionTest" time="0"/>
  <testcase name="testIfThenStatement - 9" classname="org.eclipse.jdt.core.tests.compiler.parser.FieldAccessCompletionTest" time="0.001"/>
  <testcase name="testIfThenStatementElse - 9" classname="org.eclipse.jdt.core.tests.compiler.parser.FieldAccessCompletionTest" time="0"/>
  <testcase name="testInclusiveOrExpression - 9" classname="org.eclipse.jdt.core.tests.compiler.parser.FieldAccessCompletionTest" time="0"/>
  <testcase name="testLabeledStatement - 9" classname="org.eclipse.jdt.core.tests.compiler.parser.FieldAccessCompletionTest" time="0.001"/>
  <testcase name="testMethodBody - 9" classname="org.eclipse.jdt.core.tests.compiler.parser.FieldAccessCompletionTest" time="0"/>
  <testcase name="testMethodBody - 9" classname="org.eclipse.jdt.core.tests.compiler.parser.ReferenceTypeCompletionTest" time="0"/>
  <testcase name="testMethodInvocation - 9" classname="org.eclipse.jdt.core.tests.compiler.parser.FieldAccessCompletionTest" time="0"/>
  <testcase name="testMethodInvocationPrimary - 9" classname="org.eclipse.jdt.core.tests.compiler.parser.FieldAccessCompletionTest" time="0.001"/>
  <testcase name="testMethodInvocationSuper - 9" classname="org.eclipse.jdt.core.tests.compiler.parser.FieldAccessCompletionTest" time="0"/>
  <testcase name="testMultiplicativeExpressionMultiplication - 9" classname="org.eclipse.jdt.core.tests.compiler.parser.FieldAccessCompletionTest" time="0"/>
  <testcase name="testMultiplicativeExpressionRemainder - 9" classname="org.eclipse.jdt.core.tests.compiler.parser.FieldAccessCompletionTest" time="0.001"/>
  <testcase name="testMultiplicativeExpressiondDivision - 9" classname="org.eclipse.jdt.core.tests.compiler.parser.FieldAccessCompletionTest" time="0"/>
  <testcase name="testPreIncrementExpressionMinusMinus - 9" classname="org.eclipse.jdt.core.tests.compiler.parser.FieldAccessCompletionTest" time="0"/>
  <testcase name="testPreIncrementExpressionPlusPlus - 9" classname="org.eclipse.jdt.core.tests.compiler.parser.FieldAccessCompletionTest" time="0.001"/>
  <testcase name="testPrimaryNoNewArray - 9" classname="org.eclipse.jdt.core.tests.compiler.parser.FieldAccessCompletionTest" time="0"/>
  <testcase name="testRelationalExpressionGreaterThan - 9" classname="org.eclipse.jdt.core.tests.compiler.parser.FieldAccessCompletionTest" time="0"/>
  <testcase name="testRelationalExpressionGreaterThanOrEquals - 9" classname="org.eclipse.jdt.core.tests.compiler.parser.FieldAccessCompletionTest" time="0.001"/>
  <testcase name="testRelationalExpressionLessThan - 9" classname="org.eclipse.jdt.core.tests.compiler.parser.FieldAccessCompletionTest" time="0"/>
  <testcase name="testRelationalExpressionLessThanOrEqual - 9" classname="org.eclipse.jdt.core.tests.compiler.parser.FieldAccessCompletionTest" time="0"/>
  <testcase name="testReturnStatement - 9" classname="org.eclipse.jdt.core.tests.compiler.parser.FieldAccessCompletionTest" time="0"/>
  <testcase name="testShiftExpressionLeft - 9" classname="org.eclipse.jdt.core.tests.compiler.parser.FieldAccessCompletionTest" time="0"/>
  <testcase name="testShiftExpressionRight - 9" classname="org.eclipse.jdt.core.tests.compiler.parser.FieldAccessCompletionTest" time="0"/>
  <testcase name="testShiftExpressionRightUnSigned - 9" classname="org.eclipse.jdt.core.tests.compiler.parser.FieldAccessCompletionTest" time="0"/>
  <testcase name="testStatementExpressionList - 9" classname="org.eclipse.jdt.core.tests.compiler.parser.FieldAccessCompletionTest" time="0"/>
  <testcase name="testSwitchBlockStatement - 9" classname="org.eclipse.jdt.core.tests.compiler.parser.FieldAccessCompletionTest" time="0"/>
  <testcase name="testSwitchBlockStatement - 9" classname="org.eclipse.jdt.core.tests.compiler.parser.ReferenceTypeCompletionTest" time="0"/>
  <testcase name="testSwitchExpression - 9" classname="org.eclipse.jdt.core.tests.compiler.parser.FieldAccessCompletionTest" time="0"/>
  <testcase name="testSwitchLabel - 9" classname="org.eclipse.jdt.core.tests.compiler.parser.FieldAccessCompletionTest" time="0"/>
  <testcase name="testSynchronizedStatement - 9" classname="org.eclipse.jdt.core.tests.compiler.parser.FieldAccessCompletionTest" time="0"/>
  <testcase name="testThrowExpression - 9" classname="org.eclipse.jdt.core.tests.compiler.parser.FieldAccessCompletionTest" time="0"/>
  <testcase name="testUnaryExpressionBitwiseComplement - 9" classname="org.eclipse.jdt.core.tests.compiler.parser.FieldAccessCompletionTest" time="0"/>
  <testcase name="testUnaryExpressionLogicalComplement - 9" classname="org.eclipse.jdt.core.tests.compiler.parser.FieldAccessCompletionTest" time="0"/>
  <testcase name="testUnaryExpressionMinus - 9" classname="org.eclipse.jdt.core.tests.compiler.parser.FieldAccessCompletionTest" time="0.001"/>
  <testcase name="testUnaryExpressionPlus - 9" classname="org.eclipse.jdt.core.tests.compiler.parser.FieldAccessCompletionTest" time="0"/>
  <testcase name="testVariableDeclarator - 9" classname="org.eclipse.jdt.core.tests.compiler.parser.FieldAccessCompletionTest" time="0"/>
  <testcase name="testVariableInitializers - 9" classname="org.eclipse.jdt.core.tests.compiler.parser.FieldAccessCompletionTest" time="0.001"/>
  <testcase name="testWhileExpression - 9" classname="org.eclipse.jdt.core.tests.compiler.parser.FieldAccessCompletionTest" time="0"/>
  <testcase name="testWhileStatement - 9" classname="org.eclipse.jdt.core.tests.compiler.parser.FieldAccessCompletionTest" time="0"/>
  <testcase name="testAnonymousFirstMethod - 9" classname="org.eclipse.jdt.core.tests.compiler.parser.InnerTypeCompletionTest" time="0"/>
  <testcase name="testAnonymousNoStatementBefore - 9" classname="org.eclipse.jdt.core.tests.compiler.parser.InnerTypeCompletionTest" time="0"/>
  <testcase name="testAnonymousOneFieldBefore - 9" classname="org.eclipse.jdt.core.tests.compiler.parser.InnerTypeCompletionTest" time="0"/>
  <testcase name="testAnonymousOneStatementBefore - 9" classname="org.eclipse.jdt.core.tests.compiler.parser.InnerTypeCompletionTest" time="0"/>
  <testcase name="testAnonymousSecondMethod - 9" classname="org.eclipse.jdt.core.tests.compiler.parser.InnerTypeCompletionTest" time="0"/>
  <testcase name="testLocalTypeFirstMethod - 9" classname="org.eclipse.jdt.core.tests.compiler.parser.InnerTypeCompletionTest" time="0"/>
  <testcase name="testLocalTypeNoStatementBefore - 9" classname="org.eclipse.jdt.core.tests.compiler.parser.InnerTypeCompletionTest" time="0"/>
  <testcase name="testLocalTypeOneFieldBefore - 9" classname="org.eclipse.jdt.core.tests.compiler.parser.InnerTypeCompletionTest" time="0"/>
  <testcase name="testLocalTypeOneStatementBefore - 9" classname="org.eclipse.jdt.core.tests.compiler.parser.InnerTypeCompletionTest" time="0"/>
  <testcase name="testLocalTypeSecondMethod - 9" classname="org.eclipse.jdt.core.tests.compiler.parser.InnerTypeCompletionTest" time="0"/>
  <testcase name="test020 - 9" classname="org.eclipse.jdt.core.tests.compiler.parser.JavadocCompletionParserTest" time="0"/>
  <testcase name="test020 - 9" classname="org.eclipse.jdt.core.tests.compiler.parser.ParserTest" time="0.001"/>
  <testcase name="test021 - 9" classname="org.eclipse.jdt.core.tests.compiler.parser.JavadocCompletionParserTest" time="0"/>
  <testcase name="test021 - 9" classname="org.eclipse.jdt.core.tests.compiler.parser.ParserTest" time="0.16"/>
  <testcase name="test022 - 9" classname="org.eclipse.jdt.core.tests.compiler.parser.JavadocCompletionParserTest" time="0"/>
  <testcase name="test022 - 9" classname="org.eclipse.jdt.core.tests.compiler.parser.ParserTest" time="0"/>
  <testcase name="test023 - 9" classname="org.eclipse.jdt.core.tests.compiler.parser.JavadocCompletionParserTest" time="0"/>
  <testcase name="test023 - 9" classname="org.eclipse.jdt.core.tests.compiler.parser.ParserTest" time="0.001"/>
  <testcase name="test024 - 9" classname="org.eclipse.jdt.core.tests.compiler.parser.JavadocCompletionParserTest" time="0"/>
  <testcase name="test024 - 9" classname="org.eclipse.jdt.core.tests.compiler.parser.ParserTest" time="0"/>
  <testcase name="test025 - 9" classname="org.eclipse.jdt.core.tests.compiler.parser.JavadocCompletionParserTest" time="0.001"/>
  <testcase name="test025 - 9" classname="org.eclipse.jdt.core.tests.compiler.parser.ParserTest" time="0.001"/>
  <testcase name="test026 - 9" classname="org.eclipse.jdt.core.tests.compiler.parser.JavadocCompletionParserTest" time="0"/>
  <testcase name="test026 - 9" classname="org.eclipse.jdt.core.tests.compiler.parser.ParserTest" time="0.001"/>
  <testcase name="test027 - 9" classname="org.eclipse.jdt.core.tests.compiler.parser.JavadocCompletionParserTest" time="0"/>
  <testcase name="test027 - 9" classname="org.eclipse.jdt.core.tests.compiler.parser.ParserTest" time="0"/>
  <testcase name="test028 - 9" classname="org.eclipse.jdt.core.tests.compiler.parser.JavadocCompletionParserTest" time="0"/>
  <testcase name="test029 - 9" classname="org.eclipse.jdt.core.tests.compiler.parser.JavadocCompletionParserTest" time="0"/>
  <testcase name="test030 - 9" classname="org.eclipse.jdt.core.tests.compiler.parser.JavadocCompletionParserTest" time="0"/>
  <testcase name="test031 - 9" classname="org.eclipse.jdt.core.tests.compiler.parser.JavadocCompletionParserTest" time="0"/>
  <testcase name="test032 - 9" classname="org.eclipse.jdt.core.tests.compiler.parser.JavadocCompletionParserTest" time="0"/>
  <testcase name="test1FTEO9L - 9" classname="org.eclipse.jdt.core.tests.compiler.parser.LabelStatementCompletionTest" time="0.001"/>
  <testcase name="testInCaseWithIdentifier - 9" classname="org.eclipse.jdt.core.tests.compiler.parser.LabelStatementCompletionTest" time="0"/>
  <testcase name="testInCaseWithNumberConstant - 9" classname="org.eclipse.jdt.core.tests.compiler.parser.LabelStatementCompletionTest" time="0"/>
  <testcase name="testInLabeledInnerClass - 9" classname="org.eclipse.jdt.core.tests.compiler.parser.LabelStatementCompletionTest" time="0"/>
  <testcase name="testInLabeledInnerClassWithErrorBefore - 9" classname="org.eclipse.jdt.core.tests.compiler.parser.LabelStatementCompletionTest" time="0.001"/>
  <testcase name="testOneLevelDeep - 9" classname="org.eclipse.jdt.core.tests.compiler.parser.LabelStatementCompletionTest" time="0"/>
  <testcase name="testSecondLabel - 9" classname="org.eclipse.jdt.core.tests.compiler.parser.LabelStatementCompletionTest" time="0"/>
  <testcase name="testTwoLevelDeep - 9" classname="org.eclipse.jdt.core.tests.compiler.parser.LabelStatementCompletionTest" time="0"/>
  <testcase name="test1FVVWS8_1 - 9" classname="org.eclipse.jdt.core.tests.compiler.parser.MethodInvocationCompletionTest" time="0"/>
  <testcase name="test1FVVWS8_2 - 9" classname="org.eclipse.jdt.core.tests.compiler.parser.MethodInvocationCompletionTest" time="0.001"/>
  <testcase name="test1FW2ZTB_1 - 9" classname="org.eclipse.jdt.core.tests.compiler.parser.MethodInvocationCompletionTest" time="0"/>
  <testcase name="test1FW2ZTB_2 - 9" classname="org.eclipse.jdt.core.tests.compiler.parser.MethodInvocationCompletionTest" time="0"/>
  <testcase name="test1FW35YZ_1 - 9" classname="org.eclipse.jdt.core.tests.compiler.parser.MethodInvocationCompletionTest" time="0.001"/>
  <testcase name="test1FW35YZ_2 - 9" classname="org.eclipse.jdt.core.tests.compiler.parser.MethodInvocationCompletionTest" time="0"/>
  <testcase name="test1FWYBKF - 9" classname="org.eclipse.jdt.core.tests.compiler.parser.MethodInvocationCompletionTest" time="0"/>
  <testcase name="test1GAJBUQ - 9" classname="org.eclipse.jdt.core.tests.compiler.parser.MethodInvocationCompletionTest" time="0"/>
  <testcase name="testAfterEmptyAnonymous - 9" classname="org.eclipse.jdt.core.tests.compiler.parser.MethodInvocationCompletionTest" time="0"/>
  <testcase name="testAfterFirstParameter - 9" classname="org.eclipse.jdt.core.tests.compiler.parser.MethodInvocationCompletionTest" time="0"/>
  <testcase name="testBeforeFirstParameter - 9" classname="org.eclipse.jdt.core.tests.compiler.parser.MethodInvocationCompletionTest" time="0.001"/>
  <testcase name="testBeforeLastParameter - 9" classname="org.eclipse.jdt.core.tests.compiler.parser.MethodInvocationCompletionTest" time="0"/>
  <testcase name="testBeforeSecondParameter - 9" classname="org.eclipse.jdt.core.tests.compiler.parser.MethodInvocationCompletionTest" time="0"/>
  <testcase name="testEmptyInFirstParameter - 9" classname="org.eclipse.jdt.core.tests.compiler.parser.MethodInvocationCompletionTest" time="0"/>
  <testcase name="testInFirstParameter - 9" classname="org.eclipse.jdt.core.tests.compiler.parser.MethodInvocationCompletionTest" time="0"/>
  <testcase name="testLabeledWithExpressionReceiver - 9" classname="org.eclipse.jdt.core.tests.compiler.parser.MethodInvocationCompletionTest" time="0"/>
  <testcase name="testLabeledWithoutReceiver - 9" classname="org.eclipse.jdt.core.tests.compiler.parser.MethodInvocationCompletionTest" time="0"/>
  <testcase name="testNoReceiver - 9" classname="org.eclipse.jdt.core.tests.compiler.parser.MethodInvocationCompletionTest" time="0.001"/>
  <testcase name="testSpaceThenFirstParameter - 9" classname="org.eclipse.jdt.core.tests.compiler.parser.MethodInvocationCompletionTest" time="0"/>
  <testcase name="testWithExpressionReceiver - 9" classname="org.eclipse.jdt.core.tests.compiler.parser.MethodInvocationCompletionTest" time="0.001"/>
  <testcase name="testWithNameReceiver - 9" classname="org.eclipse.jdt.core.tests.compiler.parser.MethodInvocationCompletionTest" time="0"/>
  <testcase name="testWithNameReceiverAfterConditionalExpression - 9" classname="org.eclipse.jdt.core.tests.compiler.parser.MethodInvocationCompletionTest" time="0"/>
  <testcase name="testWithNameReceiverAndTwoArgs - 9" classname="org.eclipse.jdt.core.tests.compiler.parser.MethodInvocationCompletionTest" time="0.001"/>
  <testcase name="testWithQualifiedNameReceiver - 9" classname="org.eclipse.jdt.core.tests.compiler.parser.MethodInvocationCompletionTest" time="0"/>
  <testcase name="test1FTZ849 - 9" classname="org.eclipse.jdt.core.tests.compiler.parser.NameReferenceCompletionTest" time="0"/>
  <testcase name="test1FUUP73 - 9" classname="org.eclipse.jdt.core.tests.compiler.parser.NameReferenceCompletionTest" time="0"/>
  <testcase name="test1FVRQQA_1 - 9" classname="org.eclipse.jdt.core.tests.compiler.parser.NameReferenceCompletionTest" time="0"/>
  <testcase name="test1FVRQQA_2 - 9" classname="org.eclipse.jdt.core.tests.compiler.parser.NameReferenceCompletionTest" time="0"/>
  <testcase name="test1FVT66Q_1 - 9" classname="org.eclipse.jdt.core.tests.compiler.parser.NameReferenceCompletionTest" time="0"/>
  <testcase name="test1FVT66Q_2 - 9" classname="org.eclipse.jdt.core.tests.compiler.parser.NameReferenceCompletionTest" time="0"/>
  <testcase name="test1G8DE30 - 9" classname="org.eclipse.jdt.core.tests.compiler.parser.NameReferenceCompletionTest" time="0"/>
  <testcase name="testEmptyNameReference - 9" classname="org.eclipse.jdt.core.tests.compiler.parser.NameReferenceCompletionTest" time="0"/>
  <testcase name="testEmptyNameReferenceAfterCast - 9" classname="org.eclipse.jdt.core.tests.compiler.parser.NameReferenceCompletionTest" time="0"/>
  <testcase name="testEmptyNameReferenceAfterPlus - 9" classname="org.eclipse.jdt.core.tests.compiler.parser.NameReferenceCompletionTest" time="0"/>
  <testcase name="testEmptyNameReferenceInArrayDim - 9" classname="org.eclipse.jdt.core.tests.compiler.parser.NameReferenceCompletionTest" time="0"/>
  <testcase name="testEmptyNameReferenceInInnerClass - 9" classname="org.eclipse.jdt.core.tests.compiler.parser.NameReferenceCompletionTest" time="0"/>
  <testcase name="testInIfThenStatement - 9" classname="org.eclipse.jdt.core.tests.compiler.parser.NameReferenceCompletionTest" time="0"/>
  <testcase name="testInnerClassFieldInitializer - 9" classname="org.eclipse.jdt.core.tests.compiler.parser.NameReferenceCompletionTest" time="0"/>
  <testcase name="testInvocationFieldInitializer - 9" classname="org.eclipse.jdt.core.tests.compiler.parser.NameReferenceCompletionTest" time="0"/>
  <testcase name="testMethodInvocationAnonymousInnerClass - 9" classname="org.eclipse.jdt.core.tests.compiler.parser.NameReferenceCompletionTest" time="0"/>
  <testcase name="testQualifiedNameReferenceShrinkAll - 9" classname="org.eclipse.jdt.core.tests.compiler.parser.NameReferenceCompletionTest" time="0"/>
  <testcase name="testQualifiedNameReferenceShrinkAllButOne - 9" classname="org.eclipse.jdt.core.tests.compiler.parser.NameReferenceCompletionTest" time="0"/>
  <testcase name="testQualifiedNameReferenceShrinkAllButOne2 - 9" classname="org.eclipse.jdt.core.tests.compiler.parser.NameReferenceCompletionTest" time="0"/>
  <testcase name="testQualifiedNameReferenceShrinkNone - 9" classname="org.eclipse.jdt.core.tests.compiler.parser.NameReferenceCompletionTest" time="0"/>
  <testcase name="testQualifiedNameReferenceShrinkNone2 - 9" classname="org.eclipse.jdt.core.tests.compiler.parser.NameReferenceCompletionTest" time="0"/>
  <testcase name="testQualifiedNameReferenceShrinkOne - 9" classname="org.eclipse.jdt.core.tests.compiler.parser.NameReferenceCompletionTest" time="0"/>
  <testcase name="testQualifiedNameReferenceShrinkOne2 - 9" classname="org.eclipse.jdt.core.tests.compiler.parser.NameReferenceCompletionTest" time="0"/>
  <testcase name="testUnicode - 9" classname="org.eclipse.jdt.core.tests.compiler.parser.NameReferenceCompletionTest" time="0.001"/>
  <testcase name="test1FTZCIG - 9" classname="org.eclipse.jdt.core.tests.compiler.parser.ReferenceTypeCompletionTest" time="0"/>
  <testcase name="testCatchClause1 - 9" classname="org.eclipse.jdt.core.tests.compiler.parser.ReferenceTypeCompletionTest" time="0"/>
  <testcase name="testCatchClause2 - 9" classname="org.eclipse.jdt.core.tests.compiler.parser.ReferenceTypeCompletionTest" time="0.001"/>
  <testcase name="testCatchClause3 - 9" classname="org.eclipse.jdt.core.tests.compiler.parser.ReferenceTypeCompletionTest" time="0"/>
  <testcase name="testClassBody - 9" classname="org.eclipse.jdt.core.tests.compiler.parser.ReferenceTypeCompletionTest" time="0"/>
  <testcase name="testClassBodyDeclarations - 9" classname="org.eclipse.jdt.core.tests.compiler.parser.ReferenceTypeCompletionTest" time="0.001"/>
  <testcase name="testClassInstanceCreationExpression1 - 9" classname="org.eclipse.jdt.core.tests.compiler.parser.ReferenceTypeCompletionTest" time="0"/>
  <testcase name="testClassInstanceCreationExpression2 - 9" classname="org.eclipse.jdt.core.tests.compiler.parser.ReferenceTypeCompletionTest" time="0"/>
  <testcase name="testClassInstanceCreationExpression3 - 9" classname="org.eclipse.jdt.core.tests.compiler.parser.ReferenceTypeCompletionTest" time="0.001"/>
  <testcase name="testClassInstanceCreationExpression4 - 9" classname="org.eclipse.jdt.core.tests.compiler.parser.ReferenceTypeCompletionTest" time="0"/>
  <testcase name="testClassInstanceCreationExpressionName1 - 9" classname="org.eclipse.jdt.core.tests.compiler.parser.ReferenceTypeCompletionTest" time="0"/>
  <testcase name="testClassInstanceCreationExpressionName2 - 9" classname="org.eclipse.jdt.core.tests.compiler.parser.ReferenceTypeCompletionTest" time="0.001"/>
  <testcase name="testClassInstanceCreationExpressionName3 - 9" classname="org.eclipse.jdt.core.tests.compiler.parser.ReferenceTypeCompletionTest" time="0"/>
  <testcase name="testClassInstanceCreationExpressionName4 - 9" classname="org.eclipse.jdt.core.tests.compiler.parser.ReferenceTypeCompletionTest" time="0"/>
  <testcase name="testClassInstanceCreationExpressionPrimary1 - 9" classname="org.eclipse.jdt.core.tests.compiler.parser.ReferenceTypeCompletionTest" time="0.001"/>
  <testcase name="testClassInstanceCreationExpressionPrimary2 - 9" classname="org.eclipse.jdt.core.tests.compiler.parser.ReferenceTypeCompletionTest" time="0"/>
  <testcase name="testClassInstanceCreationExpressionPrimary3 - 9" classname="org.eclipse.jdt.core.tests.compiler.parser.ReferenceTypeCompletionTest" time="0"/>
  <testcase name="testClassInstanceCreationExpressionPrimary4 - 9" classname="org.eclipse.jdt.core.tests.compiler.parser.ReferenceTypeCompletionTest" time="0"/>
  <testcase name="testClassTypeList - 9" classname="org.eclipse.jdt.core.tests.compiler.parser.ReferenceTypeCompletionTest" time="0"/>
  <testcase name="testConstructorDeclarator - 9" classname="org.eclipse.jdt.core.tests.compiler.parser.ReferenceTypeCompletionTest" time="0"/>
  <testcase name="testDeepReference - 9" classname="org.eclipse.jdt.core.tests.compiler.parser.ReferenceTypeCompletionTest" time="0.001"/>
  <testcase name="testExtendsClass - 9" classname="org.eclipse.jdt.core.tests.compiler.parser.ReferenceTypeCompletionTest" time="0"/>
  <testcase name="testExtendsInterface - 9" classname="org.eclipse.jdt.core.tests.compiler.parser.ReferenceTypeCompletionTest" time="0"/>
  <testcase name="testFieldDeclarationWithModifiers - 9" classname="org.eclipse.jdt.core.tests.compiler.parser.ReferenceTypeCompletionTest" time="0.001"/>
  <testcase name="testFieldDeclarationWithoutModifiers - 9" classname="org.eclipse.jdt.core.tests.compiler.parser.ReferenceTypeCompletionTest" time="0"/>
  <testcase name="testFormalParameter - 9" classname="org.eclipse.jdt.core.tests.compiler.parser.ReferenceTypeCompletionTest" time="0"/>
  <testcase name="testFormalParameterList - 9" classname="org.eclipse.jdt.core.tests.compiler.parser.ReferenceTypeCompletionTest" time="0"/>
  <testcase name="testImplements - 9" classname="org.eclipse.jdt.core.tests.compiler.parser.ReferenceTypeCompletionTest" time="0"/>
  <testcase name="testInstanceOf - 9" classname="org.eclipse.jdt.core.tests.compiler.parser.ReferenceTypeCompletionTest" time="0"/>
  <testcase name="testInterfaceBody - 9" classname="org.eclipse.jdt.core.tests.compiler.parser.ReferenceTypeCompletionTest" time="0.001"/>
  <testcase name="testInterfaceMemberDeclarations - 9" classname="org.eclipse.jdt.core.tests.compiler.parser.ReferenceTypeCompletionTest" time="0"/>
  <testcase name="testInterfaceTypeList - 9" classname="org.eclipse.jdt.core.tests.compiler.parser.ReferenceTypeCompletionTest" time="0"/>
  <testcase name="testLocalVariableDeclaration - 9" classname="org.eclipse.jdt.core.tests.compiler.parser.ReferenceTypeCompletionTest" time="0.001"/>
  <testcase name="testMethodDeclarator - 9" classname="org.eclipse.jdt.core.tests.compiler.parser.ReferenceTypeCompletionTest" time="0"/>
  <testcase name="testMethodHeaderWithModifiers - 9" classname="org.eclipse.jdt.core.tests.compiler.parser.ReferenceTypeCompletionTest" time="0"/>
  <testcase name="testMethodHeaderWithoutModifiers - 9" classname="org.eclipse.jdt.core.tests.compiler.parser.ReferenceTypeCompletionTest" time="0"/>
  <testcase name="testQualifiedTypeReferenceShrinkAll - 9" classname="org.eclipse.jdt.core.tests.compiler.parser.ReferenceTypeCompletionTest" time="0"/>
  <testcase name="testQualifiedTypeReferenceShrinkAllButOne - 9" classname="org.eclipse.jdt.core.tests.compiler.parser.ReferenceTypeCompletionTest" time="0"/>
  <testcase name="testQualifiedTypeReferenceShrinkNone - 9" classname="org.eclipse.jdt.core.tests.compiler.parser.ReferenceTypeCompletionTest" time="0.001"/>
  <testcase name="testQualifiedTypeReferenceShrinkOne - 9" classname="org.eclipse.jdt.core.tests.compiler.parser.ReferenceTypeCompletionTest" time="0"/>
  <testcase name="testThrows - 9" classname="org.eclipse.jdt.core.tests.compiler.parser.ReferenceTypeCompletionTest" time="0"/>
  <testcase name="testNameSuper - 9" classname="org.eclipse.jdt.core.tests.compiler.parser.ExplicitConstructorInvocationSelectionTest" time="0.001"/>
  <testcase name="testNameThis - 9" classname="org.eclipse.jdt.core.tests.compiler.parser.ExplicitConstructorInvocationSelectionTest" time="0"/>
  <testcase name="testBug30946 - 9" classname="org.eclipse.jdt.core.tests.compiler.parser.SelectionTest2" time="1.004"/>
  <testcase name="test100 - 9" classname="org.eclipse.jdt.core.tests.compiler.parser.DietRecoveryTest" time="0.003"/>
  <testcase name="test102 - 9" classname="org.eclipse.jdt.core.tests.compiler.parser.DietRecoveryTest" time="0.011"/>
  <testcase name="test103 - 9" classname="org.eclipse.jdt.core.tests.compiler.parser.DietRecoveryTest" time="0.002"/>
  <testcase name="test104 - 9" classname="org.eclipse.jdt.core.tests.compiler.parser.DietRecoveryTest" time="0.007"/>
  <testcase name="test105 - 9" classname="org.eclipse.jdt.core.tests.compiler.parser.DietRecoveryTest" time="0.002"/>
  <testcase name="test106 - 9" classname="org.eclipse.jdt.core.tests.compiler.parser.DietRecoveryTest" time="0.001"/>
  <testcase name="test107 - 9" classname="org.eclipse.jdt.core.tests.compiler.parser.DietRecoveryTest" time="0.002"/>
  <testcase name="test108 - 9" classname="org.eclipse.jdt.core.tests.compiler.parser.DietRecoveryTest" time="0.002"/>
  <testcase name="test109 - 9" classname="org.eclipse.jdt.core.tests.compiler.parser.DietRecoveryTest" time="0.002"/>
  <testcase name="test110 - 9" classname="org.eclipse.jdt.core.tests.compiler.parser.DietRecoveryTest" time="0.002"/>
  <testcase name="test111 - 9" classname="org.eclipse.jdt.core.tests.compiler.parser.DietRecoveryTest" time="0.001"/>
  <testcase name="test112 - 9" classname="org.eclipse.jdt.core.tests.compiler.parser.DietRecoveryTest" time="0.005"/>
  <testcase name="test113 - 9" classname="org.eclipse.jdt.core.tests.compiler.parser.DietRecoveryTest" time="0.002"/>
  <testcase name="test114 - 9" classname="org.eclipse.jdt.core.tests.compiler.parser.DietRecoveryTest" time="0.002"/>
  <testcase name="test115 - 9" classname="org.eclipse.jdt.core.tests.compiler.parser.DietRecoveryTest" time="0.001"/>
  <testcase name="test116 - 9" classname="org.eclipse.jdt.core.tests.compiler.parser.DietRecoveryTest" time="0.002"/>
  <testcase name="test117 - 9" classname="org.eclipse.jdt.core.tests.compiler.parser.DietRecoveryTest" time="0.002"/>
  <testcase name="test117_2 - 9" classname="org.eclipse.jdt.core.tests.compiler.parser.DietRecoveryTest" time="0.001"/>
  <testcase name="test118 - 9" classname="org.eclipse.jdt.core.tests.compiler.parser.DietRecoveryTest" time="0.002"/>
  <testcase name="test119 - 9" classname="org.eclipse.jdt.core.tests.compiler.parser.DietRecoveryTest" time="0.002"/>
  <testcase name="test120 - 9" classname="org.eclipse.jdt.core.tests.compiler.parser.DietRecoveryTest" time="0.001"/>
  <testcase name="test121 - 9" classname="org.eclipse.jdt.core.tests.compiler.parser.DietRecoveryTest" time="0.001"/>
  <testcase name="test122 - 9" classname="org.eclipse.jdt.core.tests.compiler.parser.DietRecoveryTest" time="0.001"/>
  <testcase name="test123 - 9" classname="org.eclipse.jdt.core.tests.compiler.parser.DietRecoveryTest" time="0.002"/>
  <testcase name="test125 - 9" classname="org.eclipse.jdt.core.tests.compiler.parser.DietRecoveryTest" time="2.856"/>
  <testcase name="test126 - 9" classname="org.eclipse.jdt.core.tests.compiler.parser.DietRecoveryTest" time="0.002"/>
  <testcase name="test127 - 9" classname="org.eclipse.jdt.core.tests.compiler.parser.DietRecoveryTest" time="0.001"/>
  <testcase name="test128 - 9" classname="org.eclipse.jdt.core.tests.compiler.parser.DietRecoveryTest" time="0.003"/>
  <testcase name="test405778 - 9" classname="org.eclipse.jdt.core.tests.compiler.parser.DietRecoveryTest" time="0.001"/>
  <testcase name="test405778a - 9" classname="org.eclipse.jdt.core.tests.compiler.parser.DietRecoveryTest" time="0.002"/>
  <testcase name="test456861 - 9" classname="org.eclipse.jdt.core.tests.compiler.parser.DietRecoveryTest" time="0.001"/>
  <testcase name="test56 - 9" classname="org.eclipse.jdt.core.tests.compiler.parser.DietRecoveryTest" time="0.003"/>
  <testcase name="test56 - 9" classname="org.eclipse.jdt.core.tests.compiler.parser.SourceElementParserTest" time="0"/>
  <testcase name="test57 - 9" classname="org.eclipse.jdt.core.tests.compiler.parser.DietRecoveryTest" time="0.003"/>
  <testcase name="test57 - 9" classname="org.eclipse.jdt.core.tests.compiler.parser.SourceElementParserTest" time="0"/>
  <testcase name="test58 - 9" classname="org.eclipse.jdt.core.tests.compiler.parser.DietRecoveryTest" time="0"/>
  <testcase name="test58 - 9" classname="org.eclipse.jdt.core.tests.compiler.parser.SourceElementParserTest" time="0.001"/>
  <testcase name="test59 - 9" classname="org.eclipse.jdt.core.tests.compiler.parser.DietRecoveryTest" time="0.002"/>
  <testcase name="test59 - 9" classname="org.eclipse.jdt.core.tests.compiler.parser.SourceElementParserTest" time="0"/>
  <testcase name="test60 - 9" classname="org.eclipse.jdt.core.tests.compiler.parser.DietRecoveryTest" time="0.001"/>
  <testcase name="test60 - 9" classname="org.eclipse.jdt.core.tests.compiler.parser.SourceElementParserTest" time="0"/>
  <testcase name="test61 - 9" classname="org.eclipse.jdt.core.tests.compiler.parser.DietRecoveryTest" time="0.002"/>
  <testcase name="test61 - 9" classname="org.eclipse.jdt.core.tests.compiler.parser.SourceElementParserTest" time="0.001"/>
  <testcase name="test62 - 9" classname="org.eclipse.jdt.core.tests.compiler.parser.DietRecoveryTest" time="0.003"/>
  <testcase name="test62 - 9" classname="org.eclipse.jdt.core.tests.compiler.parser.SourceElementParserTest" time="0.001"/>
  <testcase name="test63 - 9" classname="org.eclipse.jdt.core.tests.compiler.parser.DietRecoveryTest" time="0.002"/>
  <testcase name="test63 - 9" classname="org.eclipse.jdt.core.tests.compiler.parser.SourceElementParserTest" time="0"/>
  <testcase name="test64 - 9" classname="org.eclipse.jdt.core.tests.compiler.parser.DietRecoveryTest" time="0.003"/>
  <testcase name="test64 - 9" classname="org.eclipse.jdt.core.tests.compiler.parser.SourceElementParserTest" time="0"/>
  <testcase name="test65 - 9" classname="org.eclipse.jdt.core.tests.compiler.parser.DietRecoveryTest" time="0.004"/>
  <testcase name="test65 - 9" classname="org.eclipse.jdt.core.tests.compiler.parser.SourceElementParserTest" time="0.001"/>
  <testcase name="test66 - 9" classname="org.eclipse.jdt.core.tests.compiler.parser.DietRecoveryTest" time="0.001"/>
  <testcase name="test66 - 9" classname="org.eclipse.jdt.core.tests.compiler.parser.SourceElementParserTest" time="0"/>
  <testcase name="test67 - 9" classname="org.eclipse.jdt.core.tests.compiler.parser.DietRecoveryTest" time="0.002"/>
  <testcase name="test67 - 9" classname="org.eclipse.jdt.core.tests.compiler.parser.SourceElementParserTest" time="0"/>
  <testcase name="test68 - 9" classname="org.eclipse.jdt.core.tests.compiler.parser.DietRecoveryTest" time="0"/>
  <testcase name="test68 - 9" classname="org.eclipse.jdt.core.tests.compiler.parser.SourceElementParserTest" time="0"/>
  <testcase name="test69 - 9" classname="org.eclipse.jdt.core.tests.compiler.parser.DietRecoveryTest" time="0.003"/>
  <testcase name="test69 - 9" classname="org.eclipse.jdt.core.tests.compiler.parser.SourceElementParserTest" time="0"/>
  <testcase name="test70 - 9" classname="org.eclipse.jdt.core.tests.compiler.parser.DietRecoveryTest" time="0.002"/>
  <testcase name="test70 - 9" classname="org.eclipse.jdt.core.tests.compiler.parser.SourceElementParserTest" time="0"/>
  <testcase name="test71 - 9" classname="org.eclipse.jdt.core.tests.compiler.parser.DietRecoveryTest" time="0.001"/>
  <testcase name="test71 - 9" classname="org.eclipse.jdt.core.tests.compiler.parser.SourceElementParserTest" time="0"/>
  <testcase name="test72 - 9" classname="org.eclipse.jdt.core.tests.compiler.parser.DietRecoveryTest" time="0.001"/>
  <testcase name="test72 - 9" classname="org.eclipse.jdt.core.tests.compiler.parser.SourceElementParserTest" time="0.001"/>
  <testcase name="test73 - 9" classname="org.eclipse.jdt.core.tests.compiler.parser.DietRecoveryTest" time="0.003"/>
  <testcase name="test73 - 9" classname="org.eclipse.jdt.core.tests.compiler.parser.SourceElementParserTest" time="0"/>
  <testcase name="test74 - 9" classname="org.eclipse.jdt.core.tests.compiler.parser.DietRecoveryTest" time="0.001"/>
  <testcase name="test74 - 9" classname="org.eclipse.jdt.core.tests.compiler.parser.SourceElementParserTest" time="0"/>
  <testcase name="test75 - 9" classname="org.eclipse.jdt.core.tests.compiler.parser.DietRecoveryTest" time="0.007"/>
  <testcase name="test75 - 9" classname="org.eclipse.jdt.core.tests.compiler.parser.SourceElementParserTest" time="0.001"/>
  <testcase name="test76 - 9" classname="org.eclipse.jdt.core.tests.compiler.parser.DietRecoveryTest" time="0.004"/>
  <testcase name="test76 - 9" classname="org.eclipse.jdt.core.tests.compiler.parser.SourceElementParserTest" time="0"/>
  <testcase name="test77 - 9" classname="org.eclipse.jdt.core.tests.compiler.parser.DietRecoveryTest" time="0.004"/>
  <testcase name="test78 - 9" classname="org.eclipse.jdt.core.tests.compiler.parser.DietRecoveryTest" time="0.002"/>
  <testcase name="test79 - 9" classname="org.eclipse.jdt.core.tests.compiler.parser.DietRecoveryTest" time="0.002"/>
  <testcase name="test80 - 9" classname="org.eclipse.jdt.core.tests.compiler.parser.DietRecoveryTest" time="0.002"/>
  <testcase name="test81 - 9" classname="org.eclipse.jdt.core.tests.compiler.parser.DietRecoveryTest" time="0.002"/>
  <testcase name="test81 - 9" classname="org.eclipse.jdt.core.tests.compiler.parser.SourceElementParserTest" time="0"/>
  <testcase name="test82 - 9" classname="org.eclipse.jdt.core.tests.compiler.parser.DietRecoveryTest" time="0.001"/>
  <testcase name="test83 - 9" classname="org.eclipse.jdt.core.tests.compiler.parser.DietRecoveryTest" time="0.001"/>
  <testcase name="test84 - 9" classname="org.eclipse.jdt.core.tests.compiler.parser.DietRecoveryTest" time="0.001"/>
  <testcase name="test85 - 9" classname="org.eclipse.jdt.core.tests.compiler.parser.DietRecoveryTest" time="0.002"/>
  <testcase name="test86 - 9" classname="org.eclipse.jdt.core.tests.compiler.parser.DietRecoveryTest" time="0.001"/>
  <testcase name="test87 - 9" classname="org.eclipse.jdt.core.tests.compiler.parser.DietRecoveryTest" time="0.002"/>
  <testcase name="test88 - 9" classname="org.eclipse.jdt.core.tests.compiler.parser.DietRecoveryTest" time="0.002"/>
  <testcase name="test89 - 9" classname="org.eclipse.jdt.core.tests.compiler.parser.DietRecoveryTest" time="0.002"/>
  <testcase name="test90 - 9" classname="org.eclipse.jdt.core.tests.compiler.parser.DietRecoveryTest" time="0.005"/>
  <testcase name="test91 - 9" classname="org.eclipse.jdt.core.tests.compiler.parser.DietRecoveryTest" time="0.001"/>
  <testcase name="test92 - 9" classname="org.eclipse.jdt.core.tests.compiler.parser.DietRecoveryTest" time="0.001"/>
  <testcase name="test93 - 9" classname="org.eclipse.jdt.core.tests.compiler.parser.DietRecoveryTest" time="0.001"/>
  <testcase name="test94 - 9" classname="org.eclipse.jdt.core.tests.compiler.parser.DietRecoveryTest" time="0.005"/>
  <testcase name="test95 - 9" classname="org.eclipse.jdt.core.tests.compiler.parser.DietRecoveryTest" time="0.001"/>
  <testcase name="test96 - 9" classname="org.eclipse.jdt.core.tests.compiler.parser.DietRecoveryTest" time="0.001"/>
  <testcase name="test97 - 9" classname="org.eclipse.jdt.core.tests.compiler.parser.DietRecoveryTest" time="0.001"/>
  <testcase name="test98 - 9" classname="org.eclipse.jdt.core.tests.compiler.parser.DietRecoveryTest" time="0.002"/>
  <testcase name="test99 - 9" classname="org.eclipse.jdt.core.tests.compiler.parser.DietRecoveryTest" time="0.021"/>
  <testcase name="test0021 - 9" classname="org.eclipse.jdt.core.tests.compiler.parser.StatementRecoveryTest" time="0"/>
  <testcase name="test0021 - 9" classname="org.eclipse.jdt.core.tests.compiler.parser.ComplianceDiagnoseTest" time="0"/>
  <testcase name="test0021 - 9" classname="org.eclipse.jdt.core.tests.compiler.parser.GenericsCompletionParserTest" time="0"/>
  <testcase name="test0021 - 9" classname="org.eclipse.jdt.core.tests.compiler.parser.AnnotationCompletionParserTest" time="0"/>
  <testcase name="test0021 - 9" classname="org.eclipse.jdt.core.tests.compiler.parser.GenericsSelectionTest" time="0"/>
  <testcase name="test0021 - 9" classname="org.eclipse.jdt.core.tests.compiler.parser.GenericDietRecoveryTest" time="0.003"/>
  <testcase name="test0021 - 9" classname="org.eclipse.jdt.core.tests.compiler.parser.AnnotationDietRecoveryTest" time="0.004"/>
  <testcase name="test0021 - 9" classname="org.eclipse.jdt.core.tests.compiler.parser.TypeAnnotationSyntaxTest" time="0"/>
  <testcase name="test0021 - 9" classname="org.eclipse.jdt.core.tests.compiler.parser.ModuleDeclarationSyntaxTest" time="0"/>
  <testcase name="test0023 - 9" classname="org.eclipse.jdt.core.tests.compiler.parser.StatementRecoveryTest" time="0.001"/>
  <testcase name="test0023 - 9" classname="org.eclipse.jdt.core.tests.compiler.parser.ComplianceDiagnoseTest" time="0"/>
  <testcase name="test0023 - 9" classname="org.eclipse.jdt.core.tests.compiler.parser.GenericsCompletionParserTest" time="0.001"/>
  <testcase name="test0023 - 9" classname="org.eclipse.jdt.core.tests.compiler.parser.AnnotationCompletionParserTest" time="0"/>
  <testcase name="test0023 - 9" classname="org.eclipse.jdt.core.tests.compiler.parser.GenericsSelectionTest" time="0.001"/>
  <testcase name="test0023 - 9" classname="org.eclipse.jdt.core.tests.compiler.parser.GenericDietRecoveryTest" time="0.002"/>
  <testcase name="test0023 - 9" classname="org.eclipse.jdt.core.tests.compiler.parser.AnnotationDietRecoveryTest" time="0.005"/>
  <testcase name="test0023 - 9" classname="org.eclipse.jdt.core.tests.compiler.parser.TypeAnnotationSyntaxTest" time="0"/>
  <testcase name="test0023 - 9" classname="org.eclipse.jdt.core.tests.compiler.parser.ModuleDeclarationSyntaxTest" time="0"/>
  <testcase name="test0024 - 9" classname="org.eclipse.jdt.core.tests.compiler.parser.StatementRecoveryTest" time="0.001"/>
  <testcase name="test0024 - 9" classname="org.eclipse.jdt.core.tests.compiler.parser.GenericsCompletionParserTest" time="0"/>
  <testcase name="test0024 - 9" classname="org.eclipse.jdt.core.tests.compiler.parser.GenericsSelectionTest" time="0"/>
  <testcase name="test0024 - 9" classname="org.eclipse.jdt.core.tests.compiler.parser.GenericDietRecoveryTest" time="0.001"/>
  <testcase name="test0024 - 9" classname="org.eclipse.jdt.core.tests.compiler.parser.AnnotationDietRecoveryTest" time="0.003"/>
  <testcase name="test0024 - 9" classname="org.eclipse.jdt.core.tests.compiler.parser.TypeAnnotationSyntaxTest" time="0"/>
  <testcase name="test0024 - 9" classname="org.eclipse.jdt.core.tests.compiler.parser.ModuleDeclarationSyntaxTest" time="0.001"/>
  <testcase name="test0026 - 9" classname="org.eclipse.jdt.core.tests.compiler.parser.StatementRecoveryTest" time="0.001"/>
  <testcase name="test0026 - 9" classname="org.eclipse.jdt.core.tests.compiler.parser.ComplianceDiagnoseTest" time="0.001"/>
  <testcase name="test0026 - 9" classname="org.eclipse.jdt.core.tests.compiler.parser.GenericsCompletionParserTest" time="0"/>
  <testcase name="test0026 - 9" classname="org.eclipse.jdt.core.tests.compiler.parser.AnnotationCompletionParserTest" time="0"/>
  <testcase name="test0026 - 9" classname="org.eclipse.jdt.core.tests.compiler.parser.GenericDietRecoveryTest" time="0.002"/>
  <testcase name="test0026 - 9" classname="org.eclipse.jdt.core.tests.compiler.parser.AnnotationDietRecoveryTest" time="0.002"/>
  <testcase name="test0026 - 9" classname="org.eclipse.jdt.core.tests.compiler.parser.TypeAnnotationSyntaxTest" time="0.001"/>
  <testcase name="test0026 - 9" classname="org.eclipse.jdt.core.tests.compiler.parser.ModuleDeclarationSyntaxTest" time="0"/>
  <testcase name="test0027 - 9" classname="org.eclipse.jdt.core.tests.compiler.parser.StatementRecoveryTest" time="0.001"/>
  <testcase name="test0027 - 9" classname="org.eclipse.jdt.core.tests.compiler.parser.ComplianceDiagnoseTest" time="0"/>
  <testcase name="test0027 - 9" classname="org.eclipse.jdt.core.tests.compiler.parser.GenericsCompletionParserTest" time="0.001"/>
  <testcase name="test0027 - 9" classname="org.eclipse.jdt.core.tests.compiler.parser.AnnotationCompletionParserTest" time="0"/>
  <testcase name="test0027 - 9" classname="org.eclipse.jdt.core.tests.compiler.parser.AnnotationDietRecoveryTest" time="0.002"/>
  <testcase name="test0027 - 9" classname="org.eclipse.jdt.core.tests.compiler.parser.TypeAnnotationSyntaxTest" time="0"/>
  <testcase name="test0027 - 9" classname="org.eclipse.jdt.core.tests.compiler.parser.ModuleDeclarationSyntaxTest" time="0"/>
  <testcase name="test0038 - 9" classname="org.eclipse.jdt.core.tests.compiler.parser.StatementRecoveryTest" time="0.002"/>
  <testcase name="test0038 - 9" classname="org.eclipse.jdt.core.tests.compiler.parser.ComplianceDiagnoseTest" time="0"/>
  <testcase name="test0038 - 9" classname="org.eclipse.jdt.core.tests.compiler.parser.AnnotationCompletionParserTest" time="0"/>
  <testcase name="test0038 - 9" classname="org.eclipse.jdt.core.tests.compiler.parser.AnnotationDietRecoveryTest" time="0.003"/>
  <testcase name="test0038 - 9" classname="org.eclipse.jdt.core.tests.compiler.parser.TypeAnnotationSyntaxTest" time="0.001"/>
  <testcase name="test0039 - 9" classname="org.eclipse.jdt.core.tests.compiler.parser.StatementRecoveryTest" time="0.001"/>
  <testcase name="test0039 - 9" classname="org.eclipse.jdt.core.tests.compiler.parser.ComplianceDiagnoseTest" time="0"/>
  <testcase name="test0039 - 9" classname="org.eclipse.jdt.core.tests.compiler.parser.AnnotationCompletionParserTest" time="0"/>
  <testcase name="test0039 - 9" classname="org.eclipse.jdt.core.tests.compiler.parser.AnnotationDietRecoveryTest" time="0.001"/>
  <testcase name="test0039 - 9" classname="org.eclipse.jdt.core.tests.compiler.parser.TypeAnnotationSyntaxTest" time="0.001"/>
  <testcase name="test0041 - 9" classname="org.eclipse.jdt.core.tests.compiler.parser.StatementRecoveryTest" time="0.003"/>
  <testcase name="test0041 - 9" classname="org.eclipse.jdt.core.tests.compiler.parser.ComplianceDiagnoseTest" time="0"/>
  <testcase name="test0041 - 9" classname="org.eclipse.jdt.core.tests.compiler.parser.AnnotationDietRecoveryTest" time="0.002"/>
  <testcase name="test0041 - 9" classname="org.eclipse.jdt.core.tests.compiler.parser.TypeAnnotationSyntaxTest" time="0.001"/>
  <testcase name="test0042 - 9" classname="org.eclipse.jdt.core.tests.compiler.parser.StatementRecoveryTest" time="0.001"/>
  <testcase name="test0042 - 9" classname="org.eclipse.jdt.core.tests.compiler.parser.ComplianceDiagnoseTest" time="0.002"/>
  <testcase name="test0042 - 9" classname="org.eclipse.jdt.core.tests.compiler.parser.AnnotationCompletionParserTest" time="0"/>
  <testcase name="test0042 - 9" classname="org.eclipse.jdt.core.tests.compiler.parser.TypeAnnotationSyntaxTest" time="0.001"/>
  <testcase name="test0044 - 9" classname="org.eclipse.jdt.core.tests.compiler.parser.StatementRecoveryTest" time="0.001"/>
  <testcase name="test0044 - 9" classname="org.eclipse.jdt.core.tests.compiler.parser.ComplianceDiagnoseTest" time="0.002"/>
  <testcase name="test0044 - 9" classname="org.eclipse.jdt.core.tests.compiler.parser.AnnotationCompletionParserTest" time="0"/>
  <testcase name="test0044 - 9" classname="org.eclipse.jdt.core.tests.compiler.parser.TypeAnnotationSyntaxTest" time="0.001"/>
  <testcase name="test0045 - 9" classname="org.eclipse.jdt.core.tests.compiler.parser.StatementRecoveryTest" time="0.002"/>
  <testcase name="test0045 - 9" classname="org.eclipse.jdt.core.tests.compiler.parser.ComplianceDiagnoseTest" time="0"/>
  <testcase name="test0045 - 9" classname="org.eclipse.jdt.core.tests.compiler.parser.AnnotationCompletionParserTest" time="0"/>
  <testcase name="test0045 - 9" classname="org.eclipse.jdt.core.tests.compiler.parser.TypeAnnotationSyntaxTest" time="0.001"/>
  <testcase name="testBug430336 - 9" classname="org.eclipse.jdt.core.tests.compiler.parser.StatementRecoveryTest" time="0.001"/>
  <testcase name="testBug99662 - 9" classname="org.eclipse.jdt.core.tests.compiler.parser.SourceElementParserTest" time="0.001"/>
  <testcase name="test018 - 9" classname="org.eclipse.jdt.core.tests.compiler.parser.ParserTest" time="0.001"/>
  <testcase name="test019 - 9" classname="org.eclipse.jdt.core.tests.compiler.parser.ParserTest" time="0"/>
  <testcase name="testBug485477 - 9" classname="org.eclipse.jdt.core.tests.compiler.parser.ParserTest" time="0.001"/>
  <testcase name="test0056 - 9" classname="org.eclipse.jdt.core.tests.compiler.parser.ComplianceDiagnoseTest" time="0.001"/>
  <testcase name="test0056 - 9" classname="org.eclipse.jdt.core.tests.compiler.parser.AnnotationCompletionParserTest" time="0"/>
  <testcase name="test0056 - 9" classname="org.eclipse.jdt.core.tests.compiler.parser.TypeAnnotationSyntaxTest" time="0.001"/>
  <testcase name="test0057 - 9" classname="org.eclipse.jdt.core.tests.compiler.parser.ComplianceDiagnoseTest" time="0"/>
  <testcase name="test0057 - 9" classname="org.eclipse.jdt.core.tests.compiler.parser.AnnotationCompletionParserTest" time="0"/>
  <testcase name="test0057 - 9" classname="org.eclipse.jdt.core.tests.compiler.parser.TypeAnnotationSyntaxTest" time="0.001"/>
  <testcase name="test0059 - 9" classname="org.eclipse.jdt.core.tests.compiler.parser.ComplianceDiagnoseTest" time="0"/>
  <testcase name="test0059 - 9" classname="org.eclipse.jdt.core.tests.compiler.parser.GenericsCompletionParserTest" time="0"/>
  <testcase name="test0059 - 9" classname="org.eclipse.jdt.core.tests.compiler.parser.TypeAnnotationSyntaxTest" time="0.001"/>
  <testcase name="test401850 - 9" classname="org.eclipse.jdt.core.tests.compiler.parser.ComplianceDiagnoseTest" time="0.004"/>
  <testcase name="test406846 - 9" classname="org.eclipse.jdt.core.tests.compiler.parser.ComplianceDiagnoseTest" time="0"/>
  <testcase name="test421477 - 9" classname="org.eclipse.jdt.core.tests.compiler.parser.ComplianceDiagnoseTest" time="0.001"/>
  <testcase name="test428605 - 9" classname="org.eclipse.jdt.core.tests.compiler.parser.ComplianceDiagnoseTest" time="0.003"/>
  <testcase name="test429110 - 9" classname="org.eclipse.jdt.core.tests.compiler.parser.ComplianceDiagnoseTest" time="0.001"/>
  <testcase name="testBug391201 - 9" classname="org.eclipse.jdt.core.tests.compiler.parser.ComplianceDiagnoseTest" time="0"/>
  <testcase name="testBug399773 - 9" classname="org.eclipse.jdt.core.tests.compiler.parser.ComplianceDiagnoseTest" time="0"/>
  <testcase name="testBug399778 - 9" classname="org.eclipse.jdt.core.tests.compiler.parser.ComplianceDiagnoseTest" time="0.004"/>
  <testcase name="testBug399778a - 9" classname="org.eclipse.jdt.core.tests.compiler.parser.ComplianceDiagnoseTest" time="0.005"/>
  <testcase name="testBug399780 - 9" classname="org.eclipse.jdt.core.tests.compiler.parser.ComplianceDiagnoseTest" time="0"/>
  <testcase name="testBug399781 - 9" classname="org.eclipse.jdt.core.tests.compiler.parser.ComplianceDiagnoseTest" time="0.001"/>
  <testcase name="testBug440285 - 9" classname="org.eclipse.jdt.core.tests.compiler.parser.ComplianceDiagnoseTest" time="0.001"/>
  <testcase name="testBug531714_001 - 9" classname="org.eclipse.jdt.core.tests.compiler.parser.ComplianceDiagnoseTest" time="0"/>
  <testcase name="testBug531714_002 - 9" classname="org.eclipse.jdt.core.tests.compiler.parser.ComplianceDiagnoseTest" time="0"/>
  <testcase name="test0049_Diet - 9" classname="org.eclipse.jdt.core.tests.compiler.parser.GenericsCompletionParserTest" time="0"/>
  <testcase name="test0049_Method - 9" classname="org.eclipse.jdt.core.tests.compiler.parser.GenericsCompletionParserTest" time="0.001"/>
  <testcase name="test0052_Diet - 9" classname="org.eclipse.jdt.core.tests.compiler.parser.GenericsCompletionParserTest" time="0"/>
  <testcase name="test0052_Diet - 9" classname="org.eclipse.jdt.core.tests.compiler.parser.AnnotationCompletionParserTest" time="0"/>
  <testcase name="test0052_Method - 9" classname="org.eclipse.jdt.core.tests.compiler.parser.GenericsCompletionParserTest" time="0"/>
  <testcase name="test0052_Method - 9" classname="org.eclipse.jdt.core.tests.compiler.parser.AnnotationCompletionParserTest" time="0"/>
  <testcase name="test0080 - 9" classname="org.eclipse.jdt.core.tests.compiler.parser.GenericsCompletionParserTest" time="0"/>
  <testcase name="test0080 - 9" classname="org.eclipse.jdt.core.tests.compiler.parser.AnnotationCompletionParserTest" time="0"/>
  <testcase name="test0080 - 9" classname="org.eclipse.jdt.core.tests.compiler.parser.TypeAnnotationSyntaxTest" time="0"/>
  <testcase name="test0081 - 9" classname="org.eclipse.jdt.core.tests.compiler.parser.GenericsCompletionParserTest" time="0.001"/>
  <testcase name="test0081 - 9" classname="org.eclipse.jdt.core.tests.compiler.parser.AnnotationCompletionParserTest" time="0"/>
  <testcase name="test0081 - 9" classname="org.eclipse.jdt.core.tests.compiler.parser.TypeAnnotationSyntaxTest" time="0"/>
  <testcase name="test0082 - 9" classname="org.eclipse.jdt.core.tests.compiler.parser.GenericsCompletionParserTest" time="0"/>
  <testcase name="test0082 - 9" classname="org.eclipse.jdt.core.tests.compiler.parser.AnnotationCompletionParserTest" time="0"/>
  <testcase name="test0082 - 9" classname="org.eclipse.jdt.core.tests.compiler.parser.TypeAnnotationSyntaxTest" time="0.001"/>
  <testcase name="test0090 - 9" classname="org.eclipse.jdt.core.tests.compiler.parser.GenericsCompletionParserTest" time="0"/>
  <testcase name="test0090 - 9" classname="org.eclipse.jdt.core.tests.compiler.parser.AnnotationCompletionParserTest" time="0"/>
  <testcase name="test0090 - 9" classname="org.eclipse.jdt.core.tests.compiler.parser.TypeAnnotationSyntaxTest" time="0.001"/>
  <testcase name="test0092 - 9" classname="org.eclipse.jdt.core.tests.compiler.parser.GenericsCompletionParserTest" time="0.001"/>
  <testcase name="test0092 - 9" classname="org.eclipse.jdt.core.tests.compiler.parser.AnnotationCompletionParserTest" time="0"/>
  <testcase name="test0092 - 9" classname="org.eclipse.jdt.core.tests.compiler.parser.TypeAnnotationSyntaxTest" time="0.001"/>
  <testcase name="test0093 - 9" classname="org.eclipse.jdt.core.tests.compiler.parser.GenericsCompletionParserTest" time="0"/>
  <testcase name="test0093 - 9" classname="org.eclipse.jdt.core.tests.compiler.parser.AnnotationCompletionParserTest" time="0.001"/>
  <testcase name="test0093 - 9" classname="org.eclipse.jdt.core.tests.compiler.parser.TypeAnnotationSyntaxTest" time="0.001"/>
  <testcase name="test0095 - 9" classname="org.eclipse.jdt.core.tests.compiler.parser.GenericsCompletionParserTest" time="0"/>
  <testcase name="test0095 - 9" classname="org.eclipse.jdt.core.tests.compiler.parser.AnnotationCompletionParserTest" time="0"/>
  <testcase name="test0095 - 9" classname="org.eclipse.jdt.core.tests.compiler.parser.TypeAnnotationSyntaxTest" time="0.001"/>
  <testcase name="test0096 - 9" classname="org.eclipse.jdt.core.tests.compiler.parser.GenericsCompletionParserTest" time="0.001"/>
  <testcase name="test0096 - 9" classname="org.eclipse.jdt.core.tests.compiler.parser.AnnotationCompletionParserTest" time="0"/>
  <testcase name="test0096 - 9" classname="org.eclipse.jdt.core.tests.compiler.parser.TypeAnnotationSyntaxTest" time="0.001"/>
  <testcase name="test0097 - 9" classname="org.eclipse.jdt.core.tests.compiler.parser.GenericsCompletionParserTest" time="0"/>
  <testcase name="test0097 - 9" classname="org.eclipse.jdt.core.tests.compiler.parser.AnnotationCompletionParserTest" time="0"/>
  <testcase name="test0097 - 9" classname="org.eclipse.jdt.core.tests.compiler.parser.TypeAnnotationSyntaxTest" time="0.001"/>
  <testcase name="test0098 - 9" classname="org.eclipse.jdt.core.tests.compiler.parser.GenericsCompletionParserTest" time="0"/>
  <testcase name="test0098 - 9" classname="org.eclipse.jdt.core.tests.compiler.parser.AnnotationCompletionParserTest" time="0.001"/>
  <testcase name="test0098 - 9" classname="org.eclipse.jdt.core.tests.compiler.parser.TypeAnnotationSyntaxTest" time="0.001"/>
  <testcase name="test0127_Diet - 9" classname="org.eclipse.jdt.core.tests.compiler.parser.GenericsCompletionParserTest" time="0"/>
  <testcase name="test0127_Method - 9" classname="org.eclipse.jdt.core.tests.compiler.parser.GenericsCompletionParserTest" time="0"/>
  <testcase name="test0134_Diet - 9" classname="org.eclipse.jdt.core.tests.compiler.parser.GenericsCompletionParserTest" time="0.001"/>
  <testcase name="test0134_Method - 9" classname="org.eclipse.jdt.core.tests.compiler.parser.GenericsCompletionParserTest" time="0"/>
  <testcase name="test0136_Diet - 9" classname="org.eclipse.jdt.core.tests.compiler.parser.GenericsCompletionParserTest" time="0"/>
  <testcase name="test0136_Method - 9" classname="org.eclipse.jdt.core.tests.compiler.parser.GenericsCompletionParserTest" time="0.001"/>
  <testcase name="test0139_Diet - 9" classname="org.eclipse.jdt.core.tests.compiler.parser.GenericsCompletionParserTest" time="0.001"/>
  <testcase name="test0139_Method - 9" classname="org.eclipse.jdt.core.tests.compiler.parser.GenericsCompletionParserTest" time="0"/>
  <testcase name="test0140_Diet - 9" classname="org.eclipse.jdt.core.tests.compiler.parser.GenericsCompletionParserTest" time="0"/>
  <testcase name="test0140_Method - 9" classname="org.eclipse.jdt.core.tests.compiler.parser.GenericsCompletionParserTest" time="0"/>
  <testcase name="test0141_Diet - 9" classname="org.eclipse.jdt.core.tests.compiler.parser.GenericsCompletionParserTest" time="0"/>
  <testcase name="test0141_Method - 9" classname="org.eclipse.jdt.core.tests.compiler.parser.GenericsCompletionParserTest" time="0.001"/>
  <testcase name="test0159_Diet - 9" classname="org.eclipse.jdt.core.tests.compiler.parser.GenericsCompletionParserTest" time="0"/>
  <testcase name="test0159_Method - 9" classname="org.eclipse.jdt.core.tests.compiler.parser.GenericsCompletionParserTest" time="0"/>
  <testcase name="test0160_Diet - 9" classname="org.eclipse.jdt.core.tests.compiler.parser.GenericsCompletionParserTest" time="0.001"/>
  <testcase name="test0160_Method - 9" classname="org.eclipse.jdt.core.tests.compiler.parser.GenericsCompletionParserTest" time="0"/>
  <testcase name="test0172_Diet - 9" classname="org.eclipse.jdt.core.tests.compiler.parser.GenericsCompletionParserTest" time="0"/>
  <testcase name="test0172_Method - 9" classname="org.eclipse.jdt.core.tests.compiler.parser.GenericsCompletionParserTest" time="0"/>
  <testcase name="test0174_Method - 9" classname="org.eclipse.jdt.core.tests.compiler.parser.GenericsCompletionParserTest" time="0"/>
  <testcase name="test0175_Method - 9" classname="org.eclipse.jdt.core.tests.compiler.parser.GenericsCompletionParserTest" time="0"/>
  <testcase name="test0176_Method - 9" classname="org.eclipse.jdt.core.tests.compiler.parser.GenericsCompletionParserTest" time="0"/>
  <testcase name="test0181 - 9" classname="org.eclipse.jdt.core.tests.compiler.parser.GenericsCompletionParserTest" time="0"/>
  <testcase name="test0182 - 9" classname="org.eclipse.jdt.core.tests.compiler.parser.GenericsCompletionParserTest" time="0.001"/>
  <testcase name="test0183 - 9" classname="org.eclipse.jdt.core.tests.compiler.parser.GenericsCompletionParserTest" time="0"/>
  <testcase name="test0185 - 9" classname="org.eclipse.jdt.core.tests.compiler.parser.GenericsCompletionParserTest" time="0"/>
  <testcase name="test0186 - 9" classname="org.eclipse.jdt.core.tests.compiler.parser.GenericsCompletionParserTest" time="0"/>
  <testcase name="test0194_Diet - 9" classname="org.eclipse.jdt.core.tests.compiler.parser.GenericsCompletionParserTest" time="0"/>
  <testcase name="test0194_Method - 9" classname="org.eclipse.jdt.core.tests.compiler.parser.GenericsCompletionParserTest" time="0"/>
  <testcase name="test0195_Diet - 9" classname="org.eclipse.jdt.core.tests.compiler.parser.GenericsCompletionParserTest" time="0"/>
  <testcase name="test0195_Method - 9" classname="org.eclipse.jdt.core.tests.compiler.parser.GenericsCompletionParserTest" time="0.001"/>
  <testcase name="test0202_Diet - 9" classname="org.eclipse.jdt.core.tests.compiler.parser.GenericsCompletionParserTest" time="0"/>
  <testcase name="test0202_Method - 9" classname="org.eclipse.jdt.core.tests.compiler.parser.GenericsCompletionParserTest" time="0.001"/>
  <testcase name="test0203_Diet - 9" classname="org.eclipse.jdt.core.tests.compiler.parser.GenericsCompletionParserTest" time="0"/>
  <testcase name="test0203_Method - 9" classname="org.eclipse.jdt.core.tests.compiler.parser.GenericsCompletionParserTest" time="0"/>
  <testcase name="test0204_Diet - 9" classname="org.eclipse.jdt.core.tests.compiler.parser.GenericsCompletionParserTest" time="0"/>
  <testcase name="test0204_Method - 9" classname="org.eclipse.jdt.core.tests.compiler.parser.GenericsCompletionParserTest" time="0"/>
  <testcase name="test0206_Diet - 9" classname="org.eclipse.jdt.core.tests.compiler.parser.GenericsCompletionParserTest" time="0"/>
  <testcase name="test0206_Method - 9" classname="org.eclipse.jdt.core.tests.compiler.parser.GenericsCompletionParserTest" time="0"/>
  <testcase name="test0207_Diet - 9" classname="org.eclipse.jdt.core.tests.compiler.parser.GenericsCompletionParserTest" time="0"/>
  <testcase name="test0207_Method - 9" classname="org.eclipse.jdt.core.tests.compiler.parser.GenericsCompletionParserTest" time="0"/>
  <testcase name="test0208_Diet - 9" classname="org.eclipse.jdt.core.tests.compiler.parser.GenericsCompletionParserTest" time="0"/>
  <testcase name="test0208_Method - 9" classname="org.eclipse.jdt.core.tests.compiler.parser.GenericsCompletionParserTest" time="0"/>
  <testcase name="test0209_Diet - 9" classname="org.eclipse.jdt.core.tests.compiler.parser.GenericsCompletionParserTest" time="0"/>
  <testcase name="test0209_Method - 9" classname="org.eclipse.jdt.core.tests.compiler.parser.GenericsCompletionParserTest" time="0"/>
  <testcase name="test0210_Diet - 9" classname="org.eclipse.jdt.core.tests.compiler.parser.GenericsCompletionParserTest" time="0"/>
  <testcase name="test0210_Method - 9" classname="org.eclipse.jdt.core.tests.compiler.parser.GenericsCompletionParserTest" time="0"/>
  <testcase name="test0213_Diet - 9" classname="org.eclipse.jdt.core.tests.compiler.parser.GenericsCompletionParserTest" time="0"/>
  <testcase name="test0213_Method - 9" classname="org.eclipse.jdt.core.tests.compiler.parser.GenericsCompletionParserTest" time="0"/>
  <testcase name="test0215_Diet - 9" classname="org.eclipse.jdt.core.tests.compiler.parser.GenericsCompletionParserTest" time="0"/>
  <testcase name="test0215_Method - 9" classname="org.eclipse.jdt.core.tests.compiler.parser.GenericsCompletionParserTest" time="0"/>
  <testcase name="testBug351426 - 9" classname="org.eclipse.jdt.core.tests.compiler.parser.GenericsCompletionParserTest" time="0"/>
  <testcase name="testBug351426b - 9" classname="org.eclipse.jdt.core.tests.compiler.parser.GenericsCompletionParserTest" time="0.001"/>
  <testcase name="testBug351426c - 9" classname="org.eclipse.jdt.core.tests.compiler.parser.GenericsCompletionParserTest" time="0"/>
  <testcase name="test0013_Diet - 9" classname="org.eclipse.jdt.core.tests.compiler.parser.AnnotationCompletionParserTest" time="0"/>
  <testcase name="test0013_Method - 9" classname="org.eclipse.jdt.core.tests.compiler.parser.AnnotationCompletionParserTest" time="0"/>
  <testcase name="test0064_Diet - 9" classname="org.eclipse.jdt.core.tests.compiler.parser.AnnotationCompletionParserTest" time="0"/>
  <testcase name="test0064_Method - 9" classname="org.eclipse.jdt.core.tests.compiler.parser.AnnotationCompletionParserTest" time="0"/>
  <testcase name="test0099 - 9" classname="org.eclipse.jdt.core.tests.compiler.parser.AnnotationCompletionParserTest" time="0"/>
  <testcase name="test0099 - 9" classname="org.eclipse.jdt.core.tests.compiler.parser.TypeAnnotationSyntaxTest" time="0.001"/>
  <testcase name="test0100 - 9" classname="org.eclipse.jdt.core.tests.compiler.parser.AnnotationCompletionParserTest" time="0"/>
  <testcase name="test0100 - 9" classname="org.eclipse.jdt.core.tests.compiler.parser.TypeAnnotationSyntaxTest" time="0.001"/>
  <testcase name="test00010 - 9" classname="org.eclipse.jdt.core.tests.compiler.parser.LambdaExpressionSyntaxTest" time="0.001"/>
  <testcase name="test385132 - 9" classname="org.eclipse.jdt.core.tests.compiler.parser.LambdaExpressionSyntaxTest" time="0"/>
  <testcase name="test385132 - 9" classname="org.eclipse.jdt.core.tests.compiler.parser.ReferenceExpressionSyntaxTest" time="0"/>
  <testcase name="testNestedLambda01 - 9" classname="org.eclipse.jdt.core.tests.compiler.parser.LambdaExpressionSyntaxTest" time="0"/>
  <testcase name="test385374 - 9" classname="org.eclipse.jdt.core.tests.compiler.parser.ReferenceExpressionSyntaxTest" time="0"/>
  <testcase name="test385374a - 9" classname="org.eclipse.jdt.core.tests.compiler.parser.ReferenceExpressionSyntaxTest" time="0"/>
  <testcase name="test0107 - 9" classname="org.eclipse.jdt.core.tests.compiler.parser.TypeAnnotationSyntaxTest" time="0.001"/>
  <testcase name="test0108 - 9" classname="org.eclipse.jdt.core.tests.compiler.parser.TypeAnnotationSyntaxTest" time="0.001"/>
  <testcase name="test0109 - 9" classname="org.eclipse.jdt.core.tests.compiler.parser.TypeAnnotationSyntaxTest" time="0.001"/>
  <testcase name="test0110 - 9" classname="org.eclipse.jdt.core.tests.compiler.parser.TypeAnnotationSyntaxTest" time="0"/>
  <testcase name="test402081 - 9" classname="org.eclipse.jdt.core.tests.compiler.parser.CompletionParserTest18" time="0.001"/>
  <testcase name="test405126 - 9" classname="org.eclipse.jdt.core.tests.compiler.parser.CompletionParserTest18" time="0"/>
  <testcase name="test417935 - 9" classname="org.eclipse.jdt.core.tests.compiler.parser.CompletionParserTest18" time="0.001"/>
  <testcase name="test422468 - 9" classname="org.eclipse.jdt.core.tests.compiler.parser.CompletionParserTest18" time="0.001"/>
  <testcase name="test424080 - 9" classname="org.eclipse.jdt.core.tests.compiler.parser.CompletionParserTest18" time="0.001"/>
  <testcase name="test425084 - 9" classname="org.eclipse.jdt.core.tests.compiler.parser.CompletionParserTest18" time="0"/>
  <testcase name="test425084b - 9" classname="org.eclipse.jdt.core.tests.compiler.parser.CompletionParserTest18" time="0.001"/>
  <testcase name="test427117 - 9" classname="org.eclipse.jdt.core.tests.compiler.parser.CompletionParserTest18" time="0"/>
  <testcase name="test427255 - 9" classname="org.eclipse.jdt.core.tests.compiler.parser.CompletionParserTest18" time="0.001"/>
  <testcase name="test427322 - 9" classname="org.eclipse.jdt.core.tests.compiler.parser.CompletionParserTest18" time="0"/>
  <testcase name="test427322a - 9" classname="org.eclipse.jdt.core.tests.compiler.parser.CompletionParserTest18" time="0"/>
  <testcase name="test427463 - 9" classname="org.eclipse.jdt.core.tests.compiler.parser.CompletionParserTest18" time="0"/>
  <testcase name="test427532 - 9" classname="org.eclipse.jdt.core.tests.compiler.parser.CompletionParserTest18" time="0.001"/>
  <testcase name="test428735 - 9" classname="org.eclipse.jdt.core.tests.compiler.parser.CompletionParserTest18" time="0"/>
  <testcase name="test428735a - 9" classname="org.eclipse.jdt.core.tests.compiler.parser.CompletionParserTest18" time="0.001"/>
  <testcase name="test428735b - 9" classname="org.eclipse.jdt.core.tests.compiler.parser.CompletionParserTest18" time="0"/>
  <testcase name="test428735c - 9" classname="org.eclipse.jdt.core.tests.compiler.parser.CompletionParserTest18" time="0.001"/>
  <testcase name="test428735d - 9" classname="org.eclipse.jdt.core.tests.compiler.parser.CompletionParserTest18" time="0"/>
  <testcase name="test428735e - 9" classname="org.eclipse.jdt.core.tests.compiler.parser.CompletionParserTest18" time="0"/>
  <testcase name="test428735f - 9" classname="org.eclipse.jdt.core.tests.compiler.parser.CompletionParserTest18" time="0"/>
  <testcase name="test428735g - 9" classname="org.eclipse.jdt.core.tests.compiler.parser.CompletionParserTest18" time="0"/>
  <testcase name="test428735h - 9" classname="org.eclipse.jdt.core.tests.compiler.parser.CompletionParserTest18" time="0"/>
  <testcase name="test430656 - 9" classname="org.eclipse.jdt.core.tests.compiler.parser.CompletionParserTest18" time="0.001"/>
  <testcase name="test430667 - 9" classname="org.eclipse.jdt.core.tests.compiler.parser.CompletionParserTest18" time="0"/>
  <testcase name="test430667a - 9" classname="org.eclipse.jdt.core.tests.compiler.parser.CompletionParserTest18" time="0.001"/>
  <testcase name="test430667b - 9" classname="org.eclipse.jdt.core.tests.compiler.parser.CompletionParserTest18" time="0.001"/>
  <testcase name="test430667c - 9" classname="org.eclipse.jdt.core.tests.compiler.parser.CompletionParserTest18" time="0"/>
  <testcase name="test430667d - 9" classname="org.eclipse.jdt.core.tests.compiler.parser.CompletionParserTest18" time="0"/>
  <testcase name="test435219 - 9" classname="org.eclipse.jdt.core.tests.compiler.parser.CompletionParserTest18" time="0"/>
  <testcase name="test435682 - 9" classname="org.eclipse.jdt.core.tests.compiler.parser.CompletionParserTest18" time="0"/>
  <testcase name="test438952 - 9" classname="org.eclipse.jdt.core.tests.compiler.parser.CompletionParserTest18" time="0.001"/>
  <testcase name="test446765 - 9" classname="org.eclipse.jdt.core.tests.compiler.parser.CompletionParserTest18" time="0.001"/>
  <testcase name="test473008 - 9" classname="org.eclipse.jdt.core.tests.compiler.parser.CompletionParserTest18" time="0"/>
  <testcase name="testBrokenMethodCall - 9" classname="org.eclipse.jdt.core.tests.compiler.parser.CompletionParserTest18" time="0.001"/>
  <testcase name="testCompletionLocation - 9" classname="org.eclipse.jdt.core.tests.compiler.parser.CompletionParserTest18" time="0"/>
  <testcase name="testElidedCompletion - 9" classname="org.eclipse.jdt.core.tests.compiler.parser.CompletionParserTest18" time="0.001"/>
  <testcase name="testElidedCompletion2 - 9" classname="org.eclipse.jdt.core.tests.compiler.parser.CompletionParserTest18" time="0"/>
  <testcase name="testLocalsPromotion - 9" classname="org.eclipse.jdt.core.tests.compiler.parser.CompletionParserTest18" time="0.001"/>
  <testcase name="testUnspecifiedReference - 9" classname="org.eclipse.jdt.core.tests.compiler.parser.CompletionParserTest18" time="0.001"/>
  <testcase name="test424110 - 9" classname="org.eclipse.jdt.core.tests.compiler.parser.SelectionParserTest18" time="0"/>
  <testcase name="test424110a - 9" classname="org.eclipse.jdt.core.tests.compiler.parser.SelectionParserTest18" time="0"/>
  <testcase name="test430572 - 9" classname="org.eclipse.jdt.core.tests.compiler.parser.SelectionParserTest18" time="0"/>
  <testcase name="test476693 - 9" classname="org.eclipse.jdt.core.tests.compiler.parser.SelectionParserTest18" time="0"/>
  <testcase name="test495912 - 9" classname="org.eclipse.jdt.core.tests.compiler.parser.SelectionParserTest18" time="0"/>
  <testcase name="test495912a - 9" classname="org.eclipse.jdt.core.tests.compiler.parser.SelectionParserTest18" time="0"/>
  <testcase name="test495912b - 9" classname="org.eclipse.jdt.core.tests.compiler.parser.SelectionParserTest18" time="0.001"/>
  <testcase name="test510339_001_since_9 - 9" classname="org.eclipse.jdt.core.tests.compiler.parser.SelectionParserTest9" time="0.001"/>
  <testcase name="test510339_002_since_9 - 9" classname="org.eclipse.jdt.core.tests.compiler.parser.SelectionParserTest9" time="0"/>
  <testcase name="test510339_003_since_9 - 9" classname="org.eclipse.jdt.core.tests.compiler.parser.SelectionParserTest9" time="0"/>
  <testcase name="test510339_004_since_9 - 9" classname="org.eclipse.jdt.core.tests.compiler.parser.SelectionParserTest9" time="0"/>
  <testcase name="test510339_005_since_9 - 9" classname="org.eclipse.jdt.core.tests.compiler.parser.SelectionParserTest9" time="0"/>
  <testcase name="test510339_006_since_9 - 9" classname="org.eclipse.jdt.core.tests.compiler.parser.SelectionParserTest9" time="0"/>
  <testcase name="test510339_007_since_9 - 9" classname="org.eclipse.jdt.core.tests.compiler.parser.SelectionParserTest9" time="0"/>
  <testcase name="test510339_008_since_9 - 9" classname="org.eclipse.jdt.core.tests.compiler.parser.SelectionParserTest9" time="0"/>
  <testcase name="test510339_009_since_9 - 9" classname="org.eclipse.jdt.core.tests.compiler.parser.SelectionParserTest9" time="0"/>
  <testcase name="test510339_010_since_9 - 9" classname="org.eclipse.jdt.core.tests.compiler.parser.SelectionParserTest9" time="0"/>
  <testcase name="test510339_011_since_9 - 9" classname="org.eclipse.jdt.core.tests.compiler.parser.SelectionParserTest9" time="0"/>
  <testcase name="testBug518626 - 9" classname="org.eclipse.jdt.core.tests.compiler.parser.ModuleDeclarationSyntaxTest" time="0"/>
  <testcase name="testbug488541 - 9" classname="org.eclipse.jdt.core.tests.compiler.parser.ModuleDeclarationSyntaxTest" time="0"/>
  <testcase name="testbug488541a - 9" classname="org.eclipse.jdt.core.tests.compiler.parser.ModuleDeclarationSyntaxTest" time="0"/>
  <testcase name="testbug488541b - 9" classname="org.eclipse.jdt.core.tests.compiler.parser.ModuleDeclarationSyntaxTest" time="0"/>
  <testcase name="testInIfStatement - 10" classname="org.eclipse.jdt.core.tests.compiler.parser.AllocationExpressionCompletionTest" time="0"/>
  <testcase name="testInIfStatement - 10" classname="org.eclipse.jdt.core.tests.compiler.parser.MethodInvocationCompletionTest" time="0"/>
  <testcase name="testNoQualificationQualifiedTypeName - 10" classname="org.eclipse.jdt.core.tests.compiler.parser.AllocationExpressionCompletionTest" time="0.001"/>
  <testcase name="testNoQualificationSimpleTypeName - 10" classname="org.eclipse.jdt.core.tests.compiler.parser.AllocationExpressionCompletionTest" time="0"/>
  <testcase name="testQualifiedWithName - 10" classname="org.eclipse.jdt.core.tests.compiler.parser.AllocationExpressionCompletionTest" time="0"/>
  <testcase name="testQualifiedWithPrimary - 10" classname="org.eclipse.jdt.core.tests.compiler.parser.AllocationExpressionCompletionTest" time="0.001"/>
  <testcase name="testArrayType - 10" classname="org.eclipse.jdt.core.tests.compiler.parser.ClassLiteralAccessCompletionTest" time="0.001"/>
  <testcase name="testArrayTypeWithNonEmptyIdentifier - 10" classname="org.eclipse.jdt.core.tests.compiler.parser.ClassLiteralAccessCompletionTest" time="0"/>
  <testcase name="testPrimitiveArrayType - 10" classname="org.eclipse.jdt.core.tests.compiler.parser.ClassLiteralAccessCompletionTest" time="0"/>
  <testcase name="testPrimitiveArrayTypeWithNonEmptyIdentifier - 10" classname="org.eclipse.jdt.core.tests.compiler.parser.ClassLiteralAccessCompletionTest" time="0"/>
  <testcase name="testPrimitiveType - 10" classname="org.eclipse.jdt.core.tests.compiler.parser.ClassLiteralAccessCompletionTest" time="0"/>
  <testcase name="testPrimitiveTypeWithNonEmptyIdentifier - 10" classname="org.eclipse.jdt.core.tests.compiler.parser.ClassLiteralAccessCompletionTest" time="0"/>
  <testcase name="test001 - 10" classname="org.eclipse.jdt.core.tests.compiler.parser.CompletionParserTest" time="0"/>
  <testcase name="test001 - 10" classname="org.eclipse.jdt.core.tests.compiler.parser.JavadocCompletionParserTest" time="0"/>
  <testcase name="test001 - 10" classname="org.eclipse.jdt.core.tests.compiler.parser.ParserTest" time="0.001"/>
  <testcase name="test001 - 10" classname="org.eclipse.jdt.core.tests.compiler.parser.SelectionParserTest10" time="0.001"/>
  <testcase name="test002 - 10" classname="org.eclipse.jdt.core.tests.compiler.parser.CompletionParserTest" time="0.001"/>
  <testcase name="test002 - 10" classname="org.eclipse.jdt.core.tests.compiler.parser.JavadocCompletionParserTest" time="0.001"/>
  <testcase name="test002 - 10" classname="org.eclipse.jdt.core.tests.compiler.parser.ParserTest" time="0.001"/>
  <testcase name="test002 - 10" classname="org.eclipse.jdt.core.tests.compiler.parser.SelectionParserTest10" time="0"/>
  <testcase name="test003 - 10" classname="org.eclipse.jdt.core.tests.compiler.parser.CompletionParserTest" time="0"/>
  <testcase name="test003 - 10" classname="org.eclipse.jdt.core.tests.compiler.parser.JavadocCompletionParserTest" time="0"/>
  <testcase name="test003 - 10" classname="org.eclipse.jdt.core.tests.compiler.parser.ParserTest" time="0"/>
  <testcase name="test004 - 10" classname="org.eclipse.jdt.core.tests.compiler.parser.CompletionParserTest" time="0.001"/>
  <testcase name="test004 - 10" classname="org.eclipse.jdt.core.tests.compiler.parser.JavadocCompletionParserTest" time="0"/>
  <testcase name="test004 - 10" classname="org.eclipse.jdt.core.tests.compiler.parser.ParserTest" time="0"/>
  <testcase name="test005 - 10" classname="org.eclipse.jdt.core.tests.compiler.parser.CompletionParserTest" time="0"/>
  <testcase name="test005 - 10" classname="org.eclipse.jdt.core.tests.compiler.parser.JavadocCompletionParserTest" time="0"/>
  <testcase name="test005 - 10" classname="org.eclipse.jdt.core.tests.compiler.parser.ParserTest" time="0"/>
  <testcase name="test006 - 10" classname="org.eclipse.jdt.core.tests.compiler.parser.CompletionParserTest" time="0"/>
  <testcase name="test006 - 10" classname="org.eclipse.jdt.core.tests.compiler.parser.JavadocCompletionParserTest" time="0"/>
  <testcase name="test006 - 10" classname="org.eclipse.jdt.core.tests.compiler.parser.ParserTest" time="0"/>
  <testcase name="test007 - 10" classname="org.eclipse.jdt.core.tests.compiler.parser.CompletionParserTest" time="0"/>
  <testcase name="test007 - 10" classname="org.eclipse.jdt.core.tests.compiler.parser.JavadocCompletionParserTest" time="0.001"/>
  <testcase name="test007 - 10" classname="org.eclipse.jdt.core.tests.compiler.parser.ParserTest" time="0.001"/>
  <testcase name="test007 - 10" classname="org.eclipse.jdt.core.tests.compiler.parser.TypeAnnotationSyntaxTest" time="0"/>
  <testcase name="test008 - 10" classname="org.eclipse.jdt.core.tests.compiler.parser.CompletionParserTest" time="0"/>
  <testcase name="test008 - 10" classname="org.eclipse.jdt.core.tests.compiler.parser.JavadocCompletionParserTest" time="0"/>
  <testcase name="test008 - 10" classname="org.eclipse.jdt.core.tests.compiler.parser.ParserTest" time="0.001"/>
  <testcase name="test009 - 10" classname="org.eclipse.jdt.core.tests.compiler.parser.CompletionParserTest" time="0"/>
  <testcase name="test009 - 10" classname="org.eclipse.jdt.core.tests.compiler.parser.ParserTest" time="0"/>
  <testcase name="test010 - 10" classname="org.eclipse.jdt.core.tests.compiler.parser.CompletionParserTest" time="0"/>
  <testcase name="test010 - 10" classname="org.eclipse.jdt.core.tests.compiler.parser.JavadocCompletionParserTest" time="0"/>
  <testcase name="test010 - 10" classname="org.eclipse.jdt.core.tests.compiler.parser.ParserTest" time="0"/>
  <testcase name="test011 - 10" classname="org.eclipse.jdt.core.tests.compiler.parser.CompletionParserTest" time="0"/>
  <testcase name="test011 - 10" classname="org.eclipse.jdt.core.tests.compiler.parser.JavadocCompletionParserTest" time="0"/>
  <testcase name="test012 - 10" classname="org.eclipse.jdt.core.tests.compiler.parser.CompletionParserTest" time="0"/>
  <testcase name="test012 - 10" classname="org.eclipse.jdt.core.tests.compiler.parser.JavadocCompletionParserTest" time="0.001"/>
  <testcase name="test012 - 10" classname="org.eclipse.jdt.core.tests.compiler.parser.ParserTest" time="0"/>
  <testcase name="test013 - 10" classname="org.eclipse.jdt.core.tests.compiler.parser.CompletionParserTest" time="0"/>
  <testcase name="test013 - 10" classname="org.eclipse.jdt.core.tests.compiler.parser.JavadocCompletionParserTest" time="0"/>
  <testcase name="test013 - 10" classname="org.eclipse.jdt.core.tests.compiler.parser.ParserTest" time="0.001"/>
  <testcase name="test014 - 10" classname="org.eclipse.jdt.core.tests.compiler.parser.CompletionParserTest" time="0.001"/>
  <testcase name="test014 - 10" classname="org.eclipse.jdt.core.tests.compiler.parser.JavadocCompletionParserTest" time="0"/>
  <testcase name="test014 - 10" classname="org.eclipse.jdt.core.tests.compiler.parser.ParserTest" time="0"/>
  <testcase name="test015 - 10" classname="org.eclipse.jdt.core.tests.compiler.parser.CompletionParserTest" time="0"/>
  <testcase name="test015 - 10" classname="org.eclipse.jdt.core.tests.compiler.parser.JavadocCompletionParserTest" time="0"/>
  <testcase name="test015 - 10" classname="org.eclipse.jdt.core.tests.compiler.parser.ParserTest" time="0.001"/>
  <testcase name="test016 - 10" classname="org.eclipse.jdt.core.tests.compiler.parser.CompletionParserTest" time="0"/>
  <testcase name="test016 - 10" classname="org.eclipse.jdt.core.tests.compiler.parser.ParserTest" time="0"/>
  <testcase name="test017 - 10" classname="org.eclipse.jdt.core.tests.compiler.parser.CompletionParserTest" time="0.001"/>
  <testcase name="test017 - 10" classname="org.eclipse.jdt.core.tests.compiler.parser.ParserTest" time="0"/>
  <testcase name="testA - 10" classname="org.eclipse.jdt.core.tests.compiler.parser.CompletionParserTest" time="0"/>
  <testcase name="testAA_1 - 10" classname="org.eclipse.jdt.core.tests.compiler.parser.CompletionParserTest" time="0"/>
  <testcase name="testAA_2 - 10" classname="org.eclipse.jdt.core.tests.compiler.parser.CompletionParserTest" time="0"/>
  <testcase name="testAA_3 - 10" classname="org.eclipse.jdt.core.tests.compiler.parser.CompletionParserTest" time="0"/>
  <testcase name="testAA_4 - 10" classname="org.eclipse.jdt.core.tests.compiler.parser.CompletionParserTest" time="0.001"/>
  <testcase name="testAB_1FHU9LU - 10" classname="org.eclipse.jdt.core.tests.compiler.parser.CompletionParserTest" time="0"/>
  <testcase name="testAC_1FJ8D9Z_1 - 10" classname="org.eclipse.jdt.core.tests.compiler.parser.CompletionParserTest" time="0"/>
  <testcase name="testAC_1FJ8D9Z_2 - 10" classname="org.eclipse.jdt.core.tests.compiler.parser.CompletionParserTest" time="0.001"/>
  <testcase name="testAC_1FJ8D9Z_3 - 10" classname="org.eclipse.jdt.core.tests.compiler.parser.CompletionParserTest" time="0"/>
  <testcase name="testB - 10" classname="org.eclipse.jdt.core.tests.compiler.parser.CompletionParserTest" time="0"/>
  <testcase name="testBA_1 - 10" classname="org.eclipse.jdt.core.tests.compiler.parser.CompletionParserTest" time="0"/>
  <testcase name="testBA_2 - 10" classname="org.eclipse.jdt.core.tests.compiler.parser.CompletionParserTest" time="0"/>
  <testcase name="testBB_1FHJ8H9 - 10" classname="org.eclipse.jdt.core.tests.compiler.parser.CompletionParserTest" time="0"/>
  <testcase name="testBC_1FJ4GSG_1 - 10" classname="org.eclipse.jdt.core.tests.compiler.parser.CompletionParserTest" time="0"/>
  <testcase name="testBC_1FJ4GSG_2 - 10" classname="org.eclipse.jdt.core.tests.compiler.parser.CompletionParserTest" time="0"/>
  <testcase name="testBC_1FJ4GSG_3 - 10" classname="org.eclipse.jdt.core.tests.compiler.parser.CompletionParserTest" time="0"/>
  <testcase name="testBug292087a - 10" classname="org.eclipse.jdt.core.tests.compiler.parser.CompletionParserTest" time="0"/>
  <testcase name="testBug292087b - 10" classname="org.eclipse.jdt.core.tests.compiler.parser.CompletionParserTest" time="0"/>
  <testcase name="testBug310423 - 10" classname="org.eclipse.jdt.core.tests.compiler.parser.CompletionParserTest" time="0"/>
  <testcase name="testBug338789 - 10" classname="org.eclipse.jdt.core.tests.compiler.parser.CompletionParserTest" time="0"/>
  <testcase name="testBug338789b - 10" classname="org.eclipse.jdt.core.tests.compiler.parser.CompletionParserTest" time="0"/>
  <testcase name="testBug343637 - 10" classname="org.eclipse.jdt.core.tests.compiler.parser.CompletionParserTest" time="0"/>
  <testcase name="testBug346415 - 10" classname="org.eclipse.jdt.core.tests.compiler.parser.CompletionParserTest" time="0"/>
  <testcase name="testBug346454 - 10" classname="org.eclipse.jdt.core.tests.compiler.parser.CompletionParserTest" time="0.001"/>
  <testcase name="testBug346454b - 10" classname="org.eclipse.jdt.core.tests.compiler.parser.CompletionParserTest" time="0"/>
  <testcase name="testC - 10" classname="org.eclipse.jdt.core.tests.compiler.parser.CompletionParserTest" time="0"/>
  <testcase name="testCA_1FGPJQZ - 10" classname="org.eclipse.jdt.core.tests.compiler.parser.CompletionParserTest" time="0.001"/>
  <testcase name="testCB_1FHSKQ9_1 - 10" classname="org.eclipse.jdt.core.tests.compiler.parser.CompletionParserTest" time="0"/>
  <testcase name="testCB_1FHSKQ9_2 - 10" classname="org.eclipse.jdt.core.tests.compiler.parser.CompletionParserTest" time="0"/>
  <testcase name="testCC_1FJ64I9 - 10" classname="org.eclipse.jdt.core.tests.compiler.parser.CompletionParserTest" time="0.001"/>
  <testcase name="testDA_1 - 10" classname="org.eclipse.jdt.core.tests.compiler.parser.CompletionParserTest" time="0"/>
  <testcase name="testDA_2 - 10" classname="org.eclipse.jdt.core.tests.compiler.parser.CompletionParserTest" time="0"/>
  <testcase name="testDA_3 - 10" classname="org.eclipse.jdt.core.tests.compiler.parser.CompletionParserTest" time="0.001"/>
  <testcase name="testDA_4 - 10" classname="org.eclipse.jdt.core.tests.compiler.parser.CompletionParserTest" time="0"/>
  <testcase name="testDA_5 - 10" classname="org.eclipse.jdt.core.tests.compiler.parser.CompletionParserTest" time="0"/>
  <testcase name="testDB_1FHSLDR - 10" classname="org.eclipse.jdt.core.tests.compiler.parser.CompletionParserTest" time="0.001"/>
  <testcase name="testDC_1FJJ0JR_1 - 10" classname="org.eclipse.jdt.core.tests.compiler.parser.CompletionParserTest" time="0"/>
  <testcase name="testD_1 - 10" classname="org.eclipse.jdt.core.tests.compiler.parser.CompletionParserTest" time="0"/>
  <testcase name="testD_2 - 10" classname="org.eclipse.jdt.core.tests.compiler.parser.CompletionParserTest" time="0.001"/>
  <testcase name="testEA_1 - 10" classname="org.eclipse.jdt.core.tests.compiler.parser.CompletionParserTest" time="0"/>
  <testcase name="testEA_2 - 10" classname="org.eclipse.jdt.core.tests.compiler.parser.CompletionParserTest" time="0"/>
  <testcase name="testEB_1FI74S3 - 10" classname="org.eclipse.jdt.core.tests.compiler.parser.CompletionParserTest" time="0"/>
  <testcase name="testEC_1FSBZ2Y - 10" classname="org.eclipse.jdt.core.tests.compiler.parser.CompletionParserTest" time="0"/>
  <testcase name="testE_1FG1YDS_1 - 10" classname="org.eclipse.jdt.core.tests.compiler.parser.CompletionParserTest" time="0"/>
  <testcase name="testE_1FG1YDS_2 - 10" classname="org.eclipse.jdt.core.tests.compiler.parser.CompletionParserTest" time="0.001"/>
  <testcase name="testE_1FG1YDS_3 - 10" classname="org.eclipse.jdt.core.tests.compiler.parser.CompletionParserTest" time="0"/>
  <testcase name="testF - 10" classname="org.eclipse.jdt.core.tests.compiler.parser.CompletionParserTest" time="0"/>
  <testcase name="testFA_1 - 10" classname="org.eclipse.jdt.core.tests.compiler.parser.CompletionParserTest" time="0"/>
  <testcase name="testFA_2 - 10" classname="org.eclipse.jdt.core.tests.compiler.parser.CompletionParserTest" time="0"/>
  <testcase name="testFB_1FI74S3 - 10" classname="org.eclipse.jdt.core.tests.compiler.parser.CompletionParserTest" time="0"/>
  <testcase name="testFC_1FSBZ9B - 10" classname="org.eclipse.jdt.core.tests.compiler.parser.CompletionParserTest" time="0"/>
  <testcase name="testG - 10" classname="org.eclipse.jdt.core.tests.compiler.parser.CompletionParserTest" time="0"/>
  <testcase name="testGA - 10" classname="org.eclipse.jdt.core.tests.compiler.parser.CompletionParserTest" time="0"/>
  <testcase name="testGB_1FI74S3 - 10" classname="org.eclipse.jdt.core.tests.compiler.parser.CompletionParserTest" time="0"/>
  <testcase name="testGC_1FSHLHV_1 - 10" classname="org.eclipse.jdt.core.tests.compiler.parser.CompletionParserTest" time="0.001"/>
  <testcase name="testGC_1FSHLHV_2 - 10" classname="org.eclipse.jdt.core.tests.compiler.parser.CompletionParserTest" time="0"/>
  <testcase name="testGC_1FSHLHV_3 - 10" classname="org.eclipse.jdt.core.tests.compiler.parser.CompletionParserTest" time="0"/>
  <testcase name="testGC_1FSHLHV_4 - 10" classname="org.eclipse.jdt.core.tests.compiler.parser.CompletionParserTest" time="0.001"/>
  <testcase name="testH - 10" classname="org.eclipse.jdt.core.tests.compiler.parser.CompletionParserTest" time="0"/>
  <testcase name="testHA_1 - 10" classname="org.eclipse.jdt.core.tests.compiler.parser.CompletionParserTest" time="0"/>
  <testcase name="testHA_2 - 10" classname="org.eclipse.jdt.core.tests.compiler.parser.CompletionParserTest" time="0"/>
  <testcase name="testHB_1FHSLDR - 10" classname="org.eclipse.jdt.core.tests.compiler.parser.CompletionParserTest" time="0"/>
  <testcase name="testHC_1FMPYO3_1 - 10" classname="org.eclipse.jdt.core.tests.compiler.parser.CompletionParserTest" time="0"/>
  <testcase name="testHC_1FMPYO3_2 - 10" classname="org.eclipse.jdt.core.tests.compiler.parser.CompletionParserTest" time="0.001"/>
  <testcase name="testI - 10" classname="org.eclipse.jdt.core.tests.compiler.parser.CompletionParserTest" time="0"/>
  <testcase name="testIA_1FGNBPR_1 - 10" classname="org.eclipse.jdt.core.tests.compiler.parser.CompletionParserTest" time="0"/>
  <testcase name="testIA_1FGNBPR_2 - 10" classname="org.eclipse.jdt.core.tests.compiler.parser.CompletionParserTest" time="0.001"/>
  <testcase name="testIB - 10" classname="org.eclipse.jdt.core.tests.compiler.parser.CompletionParserTest" time="0"/>
  <testcase name="testIC_1FMGUPR - 10" classname="org.eclipse.jdt.core.tests.compiler.parser.CompletionParserTest" time="0"/>
  <testcase name="testJ - 10" classname="org.eclipse.jdt.core.tests.compiler.parser.CompletionParserTest" time="0"/>
  <testcase name="testJA_1FGQVW2_1 - 10" classname="org.eclipse.jdt.core.tests.compiler.parser.CompletionParserTest" time="0"/>
  <testcase name="testJA_1FGQVW2_2 - 10" classname="org.eclipse.jdt.core.tests.compiler.parser.CompletionParserTest" time="0"/>
  <testcase name="testJB - 10" classname="org.eclipse.jdt.core.tests.compiler.parser.CompletionParserTest" time="0"/>
  <testcase name="testJC_1FLG1ZC - 10" classname="org.eclipse.jdt.core.tests.compiler.parser.CompletionParserTest" time="0"/>
  <testcase name="testKA_1FH5SU5 - 10" classname="org.eclipse.jdt.core.tests.compiler.parser.CompletionParserTest" time="0"/>
  <testcase name="testKB - 10" classname="org.eclipse.jdt.core.tests.compiler.parser.CompletionParserTest" time="0"/>
  <testcase name="testKC_1FLG1ZC - 10" classname="org.eclipse.jdt.core.tests.compiler.parser.CompletionParserTest" time="0.001"/>
  <testcase name="testK_1 - 10" classname="org.eclipse.jdt.core.tests.compiler.parser.CompletionParserTest" time="0"/>
  <testcase name="testK_2 - 10" classname="org.eclipse.jdt.core.tests.compiler.parser.CompletionParserTest" time="0.001"/>
  <testcase name="testK_3 - 10" classname="org.eclipse.jdt.core.tests.compiler.parser.CompletionParserTest" time="0"/>
  <testcase name="testK_4 - 10" classname="org.eclipse.jdt.core.tests.compiler.parser.CompletionParserTest" time="0"/>
  <testcase name="testLA_1FGLMOF - 10" classname="org.eclipse.jdt.core.tests.compiler.parser.CompletionParserTest" time="0"/>
  <testcase name="testLB - 10" classname="org.eclipse.jdt.core.tests.compiler.parser.CompletionParserTest" time="0"/>
  <testcase name="testLC_1FLG1E2 - 10" classname="org.eclipse.jdt.core.tests.compiler.parser.CompletionParserTest" time="0"/>
  <testcase name="testL_1 - 10" classname="org.eclipse.jdt.core.tests.compiler.parser.CompletionParserTest" time="0.001"/>
  <testcase name="testL_2 - 10" classname="org.eclipse.jdt.core.tests.compiler.parser.CompletionParserTest" time="0"/>
  <testcase name="testL_3 - 10" classname="org.eclipse.jdt.core.tests.compiler.parser.CompletionParserTest" time="0"/>
  <testcase name="testMA_1 - 10" classname="org.eclipse.jdt.core.tests.compiler.parser.CompletionParserTest" time="0.001"/>
  <testcase name="testMA_2 - 10" classname="org.eclipse.jdt.core.tests.compiler.parser.CompletionParserTest" time="0"/>
  <testcase name="testMA_3 - 10" classname="org.eclipse.jdt.core.tests.compiler.parser.CompletionParserTest" time="0"/>
  <testcase name="testMB_1FHSLMQ_1 - 10" classname="org.eclipse.jdt.core.tests.compiler.parser.CompletionParserTest" time="0.001"/>
  <testcase name="testMB_1FHSLMQ_2 - 10" classname="org.eclipse.jdt.core.tests.compiler.parser.CompletionParserTest" time="0"/>
  <testcase name="testMC_1FJ8D9Z - 10" classname="org.eclipse.jdt.core.tests.compiler.parser.CompletionParserTest" time="0"/>
  <testcase name="testM_1FGGLMT - 10" classname="org.eclipse.jdt.core.tests.compiler.parser.CompletionParserTest" time="0.001"/>
  <testcase name="testN - 10" classname="org.eclipse.jdt.core.tests.compiler.parser.CompletionParserTest" time="0"/>
  <testcase name="testNA_1 - 10" classname="org.eclipse.jdt.core.tests.compiler.parser.CompletionParserTest" time="0"/>
  <testcase name="testNA_2 - 10" classname="org.eclipse.jdt.core.tests.compiler.parser.CompletionParserTest" time="0.001"/>
  <testcase name="testNA_3 - 10" classname="org.eclipse.jdt.core.tests.compiler.parser.CompletionParserTest" time="0"/>
  <testcase name="testNB - 10" classname="org.eclipse.jdt.core.tests.compiler.parser.CompletionParserTest" time="0"/>
  <testcase name="testNC_1FJ8D9Z - 10" classname="org.eclipse.jdt.core.tests.compiler.parser.CompletionParserTest" time="0"/>
  <testcase name="testOA_1 - 10" classname="org.eclipse.jdt.core.tests.compiler.parser.CompletionParserTest" time="0"/>
  <testcase name="testOA_2 - 10" classname="org.eclipse.jdt.core.tests.compiler.parser.CompletionParserTest" time="0"/>
  <testcase name="testOB_1 - 10" classname="org.eclipse.jdt.core.tests.compiler.parser.CompletionParserTest" time="0"/>
  <testcase name="testOB_2 - 10" classname="org.eclipse.jdt.core.tests.compiler.parser.CompletionParserTest" time="0"/>
  <testcase name="testOC_1FM7J7F - 10" classname="org.eclipse.jdt.core.tests.compiler.parser.CompletionParserTest" time="0"/>
  <testcase name="testO_1FG1YU0 - 10" classname="org.eclipse.jdt.core.tests.compiler.parser.CompletionParserTest" time="0"/>
  <testcase name="testPA_1 - 10" classname="org.eclipse.jdt.core.tests.compiler.parser.CompletionParserTest" time="0"/>
  <testcase name="testPA_2 - 10" classname="org.eclipse.jdt.core.tests.compiler.parser.CompletionParserTest" time="0.001"/>
  <testcase name="testPB - 10" classname="org.eclipse.jdt.core.tests.compiler.parser.CompletionParserTest" time="0"/>
  <testcase name="testPC_1FSU4EF - 10" classname="org.eclipse.jdt.core.tests.compiler.parser.CompletionParserTest" time="0"/>
  <testcase name="testP_1FG1YU0 - 10" classname="org.eclipse.jdt.core.tests.compiler.parser.CompletionParserTest" time="0.001"/>
  <testcase name="testQA_1 - 10" classname="org.eclipse.jdt.core.tests.compiler.parser.CompletionParserTest" time="0"/>
  <testcase name="testQA_2 - 10" classname="org.eclipse.jdt.core.tests.compiler.parser.CompletionParserTest" time="0"/>
  <testcase name="testQA_3 - 10" classname="org.eclipse.jdt.core.tests.compiler.parser.CompletionParserTest" time="0"/>
  <testcase name="testQA_4 - 10" classname="org.eclipse.jdt.core.tests.compiler.parser.CompletionParserTest" time="0"/>
  <testcase name="testQB_1FIK820 - 10" classname="org.eclipse.jdt.core.tests.compiler.parser.CompletionParserTest" time="0"/>
  <testcase name="testQ_1FG1YU0 - 10" classname="org.eclipse.jdt.core.tests.compiler.parser.CompletionParserTest" time="0"/>
  <testcase name="testRA_1 - 10" classname="org.eclipse.jdt.core.tests.compiler.parser.CompletionParserTest" time="0"/>
  <testcase name="testRA_2 - 10" classname="org.eclipse.jdt.core.tests.compiler.parser.CompletionParserTest" time="0"/>
  <testcase name="testRA_3 - 10" classname="org.eclipse.jdt.core.tests.compiler.parser.CompletionParserTest" time="0"/>
  <testcase name="testRB_1FI74S3 - 10" classname="org.eclipse.jdt.core.tests.compiler.parser.CompletionParserTest" time="0.001"/>
  <testcase name="testR_1FGD31E - 10" classname="org.eclipse.jdt.core.tests.compiler.parser.CompletionParserTest" time="0"/>
  <testcase name="testSA - 10" classname="org.eclipse.jdt.core.tests.compiler.parser.CompletionParserTest" time="0"/>
  <testcase name="testSB_1FILFDG - 10" classname="org.eclipse.jdt.core.tests.compiler.parser.CompletionParserTest" time="0.001"/>
  <testcase name="testS_1FGF64P_1 - 10" classname="org.eclipse.jdt.core.tests.compiler.parser.CompletionParserTest" time="0"/>
  <testcase name="testS_1FGF64P_2 - 10" classname="org.eclipse.jdt.core.tests.compiler.parser.CompletionParserTest" time="0"/>
  <testcase name="testS_1FGF64P_3 - 10" classname="org.eclipse.jdt.core.tests.compiler.parser.CompletionParserTest" time="0.001"/>
  <testcase name="testTA_1FHISJJ_1 - 10" classname="org.eclipse.jdt.core.tests.compiler.parser.CompletionParserTest" time="0"/>
  <testcase name="testTA_1FHISJJ_2 - 10" classname="org.eclipse.jdt.core.tests.compiler.parser.CompletionParserTest" time="0"/>
  <testcase name="testTA_1FHISJJ_3 - 10" classname="org.eclipse.jdt.core.tests.compiler.parser.CompletionParserTest" time="0"/>
  <testcase name="testTB_1FHSLMQ - 10" classname="org.eclipse.jdt.core.tests.compiler.parser.CompletionParserTest" time="0"/>
  <testcase name="testT_1FGF64P - 10" classname="org.eclipse.jdt.core.tests.compiler.parser.CompletionParserTest" time="0"/>
  <testcase name="testUA_1FHISJJ_1 - 10" classname="org.eclipse.jdt.core.tests.compiler.parser.CompletionParserTest" time="0"/>
  <testcase name="testUA_1FHISJJ_2 - 10" classname="org.eclipse.jdt.core.tests.compiler.parser.CompletionParserTest" time="0"/>
  <testcase name="testUB_1FSBZ02 - 10" classname="org.eclipse.jdt.core.tests.compiler.parser.CompletionParserTest" time="0"/>
  <testcase name="testU_1FGGUME - 10" classname="org.eclipse.jdt.core.tests.compiler.parser.CompletionParserTest" time="0"/>
  <testcase name="testVA_1FHISJJ_1 - 10" classname="org.eclipse.jdt.core.tests.compiler.parser.CompletionParserTest" time="0"/>
  <testcase name="testVA_1FHISJJ_2 - 10" classname="org.eclipse.jdt.core.tests.compiler.parser.CompletionParserTest" time="0"/>
  <testcase name="testVB_1 - 10" classname="org.eclipse.jdt.core.tests.compiler.parser.CompletionParserTest" time="0.001"/>
  <testcase name="testVB_3 - 10" classname="org.eclipse.jdt.core.tests.compiler.parser.CompletionParserTest" time="0"/>
  <testcase name="testV_1FGGUOO_1 - 10" classname="org.eclipse.jdt.core.tests.compiler.parser.CompletionParserTest" time="0"/>
  <testcase name="testV_1FGGUOO_2 - 10" classname="org.eclipse.jdt.core.tests.compiler.parser.CompletionParserTest" time="0"/>
  <testcase name="testWA_1 - 10" classname="org.eclipse.jdt.core.tests.compiler.parser.CompletionParserTest" time="0"/>
  <testcase name="testWA_2 - 10" classname="org.eclipse.jdt.core.tests.compiler.parser.CompletionParserTest" time="0"/>
  <testcase name="testWB_1FI313C - 10" classname="org.eclipse.jdt.core.tests.compiler.parser.CompletionParserTest" time="0.001"/>
  <testcase name="testW_1FGGUS4 - 10" classname="org.eclipse.jdt.core.tests.compiler.parser.CompletionParserTest" time="0"/>
  <testcase name="testXA_1FGGUQF_1FHSL8H_2 - 10" classname="org.eclipse.jdt.core.tests.compiler.parser.CompletionParserTest" time="0"/>
  <testcase name="testXA_1FGGUQF_1FHSL8H_3 - 10" classname="org.eclipse.jdt.core.tests.compiler.parser.CompletionParserTest" time="0"/>
  <testcase name="testXA_1FGGUQF_1FHSL8H_4 - 10" classname="org.eclipse.jdt.core.tests.compiler.parser.CompletionParserTest" time="0"/>
  <testcase name="testXB_1FIYM5I_1 - 10" classname="org.eclipse.jdt.core.tests.compiler.parser.CompletionParserTest" time="0"/>
  <testcase name="testXB_1FIYM5I_2 - 10" classname="org.eclipse.jdt.core.tests.compiler.parser.CompletionParserTest" time="0.001"/>
  <testcase name="testXB_1FIYM5I_3 - 10" classname="org.eclipse.jdt.core.tests.compiler.parser.CompletionParserTest" time="0"/>
  <testcase name="testXB_1FIYM5I_4 - 10" classname="org.eclipse.jdt.core.tests.compiler.parser.CompletionParserTest" time="0"/>
  <testcase name="testX_1FGGV8C_1 - 10" classname="org.eclipse.jdt.core.tests.compiler.parser.CompletionParserTest" time="0.001"/>
  <testcase name="testX_1FGGV8C_2 - 10" classname="org.eclipse.jdt.core.tests.compiler.parser.CompletionParserTest" time="0"/>
  <testcase name="testX_1FGGV8C_3 - 10" classname="org.eclipse.jdt.core.tests.compiler.parser.CompletionParserTest" time="0"/>
  <testcase name="testX_1FGGV8C_4 - 10" classname="org.eclipse.jdt.core.tests.compiler.parser.CompletionParserTest" time="0.001"/>
  <testcase name="testX_1FGPE8E - 10" classname="org.eclipse.jdt.core.tests.compiler.parser.CompletionParserTest" time="0"/>
  <testcase name="testYA_1FGRIUH - 10" classname="org.eclipse.jdt.core.tests.compiler.parser.CompletionParserTest" time="0"/>
  <testcase name="testYB_1FJ4D46_1 - 10" classname="org.eclipse.jdt.core.tests.compiler.parser.CompletionParserTest" time="0.001"/>
  <testcase name="testY_1FGPESI - 10" classname="org.eclipse.jdt.core.tests.compiler.parser.CompletionParserTest" time="0"/>
  <testcase name="testZA_1 - 10" classname="org.eclipse.jdt.core.tests.compiler.parser.CompletionParserTest" time="0"/>
  <testcase name="testZA_2 - 10" classname="org.eclipse.jdt.core.tests.compiler.parser.CompletionParserTest" time="0"/>
  <testcase name="testZA_3 - 10" classname="org.eclipse.jdt.core.tests.compiler.parser.CompletionParserTest" time="0"/>
  <testcase name="testZB_1FJ4D46_1 - 10" classname="org.eclipse.jdt.core.tests.compiler.parser.CompletionParserTest" time="0"/>
  <testcase name="testZB_1FJ4D46_2 - 10" classname="org.eclipse.jdt.core.tests.compiler.parser.CompletionParserTest" time="0"/>
  <testcase name="testZ_1FGPF3D_1 - 10" classname="org.eclipse.jdt.core.tests.compiler.parser.CompletionParserTest" time="0.001"/>
  <testcase name="testZ_1FGPF3D_2 - 10" classname="org.eclipse.jdt.core.tests.compiler.parser.CompletionParserTest" time="0"/>
  <testcase name="test0001 - 10" classname="org.eclipse.jdt.core.tests.compiler.parser.CompletionParserTest2" time="0.001"/>
  <testcase name="test0001 - 10" classname="org.eclipse.jdt.core.tests.compiler.parser.CompletionParserTestKeyword" time="0"/>
  <testcase name="test0001 - 10" classname="org.eclipse.jdt.core.tests.compiler.parser.StatementRecoveryTest" time="0.001"/>
  <testcase name="test0001 - 10" classname="org.eclipse.jdt.core.tests.compiler.parser.ComplianceDiagnoseTest" time="0.001"/>
  <testcase name="test0001 - 10" classname="org.eclipse.jdt.core.tests.compiler.parser.GenericsCompletionParserTest" time="0"/>
  <testcase name="test0001 - 10" classname="org.eclipse.jdt.core.tests.compiler.parser.EnumCompletionParserTest" time="0"/>
  <testcase name="test0001 - 10" classname="org.eclipse.jdt.core.tests.compiler.parser.AnnotationCompletionParserTest" time="0"/>
  <testcase name="test0001 - 10" classname="org.eclipse.jdt.core.tests.compiler.parser.GenericsSelectionTest" time="0"/>
  <testcase name="test0001 - 10" classname="org.eclipse.jdt.core.tests.compiler.parser.AnnotationSelectionTest" time="0"/>
  <testcase name="test0001 - 10" classname="org.eclipse.jdt.core.tests.compiler.parser.EnumSelectionTest" time="0"/>
  <testcase name="test0001 - 10" classname="org.eclipse.jdt.core.tests.compiler.parser.GenericDietRecoveryTest" time="0.002"/>
  <testcase name="test0001 - 10" classname="org.eclipse.jdt.core.tests.compiler.parser.EnumDietRecoveryTest" time="0.001"/>
  <testcase name="test0001 - 10" classname="org.eclipse.jdt.core.tests.compiler.parser.AnnotationDietRecoveryTest" time="0.001"/>
  <testcase name="test0001 - 10" classname="org.eclipse.jdt.core.tests.compiler.parser.StatementRecoveryTest_1_5" time="0.002"/>
  <testcase name="test0001 - 10" classname="org.eclipse.jdt.core.tests.compiler.parser.ParserTest1_7" time="0.001"/>
  <testcase name="test0001 - 10" classname="org.eclipse.jdt.core.tests.compiler.parser.LambdaExpressionSyntaxTest" time="0"/>
  <testcase name="test0001 - 10" classname="org.eclipse.jdt.core.tests.compiler.parser.ReferenceExpressionSyntaxTest" time="0"/>
  <testcase name="test0001 - 10" classname="org.eclipse.jdt.core.tests.compiler.parser.TypeAnnotationSyntaxTest" time="0.001"/>
  <testcase name="test0001 - 10" classname="org.eclipse.jdt.core.tests.compiler.parser.CompletionParserTest18" time="0.001"/>
  <testcase name="test0001 - 10" classname="org.eclipse.jdt.core.tests.compiler.parser.ModuleDeclarationSyntaxTest" time="0"/>
  <testcase name="test0002_Diet - 10" classname="org.eclipse.jdt.core.tests.compiler.parser.CompletionParserTest2" time="0"/>
  <testcase name="test0002_Method - 10" classname="org.eclipse.jdt.core.tests.compiler.parser.CompletionParserTest2" time="0"/>
  <testcase name="test0003_Diet - 10" classname="org.eclipse.jdt.core.tests.compiler.parser.CompletionParserTest2" time="0.001"/>
  <testcase name="test0003_Method - 10" classname="org.eclipse.jdt.core.tests.compiler.parser.CompletionParserTest2" time="0"/>
  <testcase name="test0004 - 10" classname="org.eclipse.jdt.core.tests.compiler.parser.CompletionParserTest2" time="0"/>
  <testcase name="test0004 - 10" classname="org.eclipse.jdt.core.tests.compiler.parser.CompletionParserTestKeyword" time="0"/>
  <testcase name="test0004 - 10" classname="org.eclipse.jdt.core.tests.compiler.parser.StatementRecoveryTest" time="0.001"/>
  <testcase name="test0004 - 10" classname="org.eclipse.jdt.core.tests.compiler.parser.ComplianceDiagnoseTest" time="0.001"/>
  <testcase name="test0004 - 10" classname="org.eclipse.jdt.core.tests.compiler.parser.GenericsCompletionParserTest" time="0"/>
  <testcase name="test0004 - 10" classname="org.eclipse.jdt.core.tests.compiler.parser.EnumCompletionParserTest" time="0.001"/>
  <testcase name="test0004 - 10" classname="org.eclipse.jdt.core.tests.compiler.parser.AnnotationCompletionParserTest" time="0"/>
  <testcase name="test0004 - 10" classname="org.eclipse.jdt.core.tests.compiler.parser.GenericsSelectionTest" time="0"/>
  <testcase name="test0004 - 10" classname="org.eclipse.jdt.core.tests.compiler.parser.AnnotationSelectionTest" time="0"/>
  <testcase name="test0004 - 10" classname="org.eclipse.jdt.core.tests.compiler.parser.GenericDietRecoveryTest" time="0.001"/>
  <testcase name="test0004 - 10" classname="org.eclipse.jdt.core.tests.compiler.parser.EnumDietRecoveryTest" time="0.001"/>
  <testcase name="test0004 - 10" classname="org.eclipse.jdt.core.tests.compiler.parser.AnnotationDietRecoveryTest" time="0.001"/>
  <testcase name="test0004 - 10" classname="org.eclipse.jdt.core.tests.compiler.parser.StatementRecoveryTest_1_5" time="0.002"/>
  <testcase name="test0004 - 10" classname="org.eclipse.jdt.core.tests.compiler.parser.ParserTest1_7" time="0"/>
  <testcase name="test0004 - 10" classname="org.eclipse.jdt.core.tests.compiler.parser.LambdaExpressionSyntaxTest" time="0"/>
  <testcase name="test0004 - 10" classname="org.eclipse.jdt.core.tests.compiler.parser.ReferenceExpressionSyntaxTest" time="0"/>
  <testcase name="test0004 - 10" classname="org.eclipse.jdt.core.tests.compiler.parser.TypeAnnotationSyntaxTest" time="0.001"/>
  <testcase name="test0004 - 10" classname="org.eclipse.jdt.core.tests.compiler.parser.CompletionParserTest18" time="0"/>
  <testcase name="test0004 - 10" classname="org.eclipse.jdt.core.tests.compiler.parser.ModuleDeclarationSyntaxTest" time="0"/>
  <testcase name="test0005_Diet - 10" classname="org.eclipse.jdt.core.tests.compiler.parser.CompletionParserTest2" time="0"/>
  <testcase name="test0005_Method - 10" classname="org.eclipse.jdt.core.tests.compiler.parser.CompletionParserTest2" time="0.001"/>
  <testcase name="test0006_Diet - 10" classname="org.eclipse.jdt.core.tests.compiler.parser.CompletionParserTest2" time="0"/>
  <testcase name="test0006_Method - 10" classname="org.eclipse.jdt.core.tests.compiler.parser.CompletionParserTest2" time="0"/>
  <testcase name="test0007 - 10" classname="org.eclipse.jdt.core.tests.compiler.parser.CompletionParserTest2" time="0"/>
  <testcase name="test0007 - 10" classname="org.eclipse.jdt.core.tests.compiler.parser.CompletionParserTestKeyword" time="0"/>
  <testcase name="test0007 - 10" classname="org.eclipse.jdt.core.tests.compiler.parser.StatementRecoveryTest" time="0.001"/>
  <testcase name="test0007 - 10" classname="org.eclipse.jdt.core.tests.compiler.parser.ComplianceDiagnoseTest" time="0.001"/>
  <testcase name="test0007 - 10" classname="org.eclipse.jdt.core.tests.compiler.parser.GenericsCompletionParserTest" time="0"/>
  <testcase name="test0007 - 10" classname="org.eclipse.jdt.core.tests.compiler.parser.EnumCompletionParserTest" time="0"/>
  <testcase name="test0007 - 10" classname="org.eclipse.jdt.core.tests.compiler.parser.AnnotationCompletionParserTest" time="0.001"/>
  <testcase name="test0007 - 10" classname="org.eclipse.jdt.core.tests.compiler.parser.GenericsSelectionTest" time="0"/>
  <testcase name="test0007 - 10" classname="org.eclipse.jdt.core.tests.compiler.parser.AnnotationSelectionTest" time="0"/>
  <testcase name="test0007 - 10" classname="org.eclipse.jdt.core.tests.compiler.parser.GenericDietRecoveryTest" time="0.001"/>
  <testcase name="test0007 - 10" classname="org.eclipse.jdt.core.tests.compiler.parser.EnumDietRecoveryTest" time="0.002"/>
  <testcase name="test0007 - 10" classname="org.eclipse.jdt.core.tests.compiler.parser.AnnotationDietRecoveryTest" time="0.002"/>
  <testcase name="test0007 - 10" classname="org.eclipse.jdt.core.tests.compiler.parser.StatementRecoveryTest_1_5" time="0.003"/>
  <testcase name="test0007 - 10" classname="org.eclipse.jdt.core.tests.compiler.parser.ParserTest1_7" time="0"/>
  <testcase name="test0007 - 10" classname="org.eclipse.jdt.core.tests.compiler.parser.LambdaExpressionSyntaxTest" time="0"/>
  <testcase name="test0007 - 10" classname="org.eclipse.jdt.core.tests.compiler.parser.ReferenceExpressionSyntaxTest" time="0"/>
  <testcase name="test0007 - 10" classname="org.eclipse.jdt.core.tests.compiler.parser.CompletionParserTest18" time="0.001"/>
  <testcase name="test0007 - 10" classname="org.eclipse.jdt.core.tests.compiler.parser.ModuleDeclarationSyntaxTest" time="0"/>
  <testcase name="test0008_Diet - 10" classname="org.eclipse.jdt.core.tests.compiler.parser.CompletionParserTest2" time="0"/>
  <testcase name="test0008_Method - 10" classname="org.eclipse.jdt.core.tests.compiler.parser.CompletionParserTest2" time="0"/>
  <testcase name="test0009_Diet - 10" classname="org.eclipse.jdt.core.tests.compiler.parser.CompletionParserTest2" time="0"/>
  <testcase name="test0009_Method - 10" classname="org.eclipse.jdt.core.tests.compiler.parser.CompletionParserTest2" time="0.001"/>
  <testcase name="test0010 - 10" classname="org.eclipse.jdt.core.tests.compiler.parser.CompletionParserTest2" time="0"/>
  <testcase name="test0010 - 10" classname="org.eclipse.jdt.core.tests.compiler.parser.CompletionParserTestKeyword" time="0"/>
  <testcase name="test0010 - 10" classname="org.eclipse.jdt.core.tests.compiler.parser.StatementRecoveryTest" time="0.001"/>
  <testcase name="test0010 - 10" classname="org.eclipse.jdt.core.tests.compiler.parser.ComplianceDiagnoseTest" time="0.001"/>
  <testcase name="test0010 - 10" classname="org.eclipse.jdt.core.tests.compiler.parser.GenericsCompletionParserTest" time="0"/>
  <testcase name="test0010 - 10" classname="org.eclipse.jdt.core.tests.compiler.parser.EnumCompletionParserTest" time="0"/>
  <testcase name="test0010 - 10" classname="org.eclipse.jdt.core.tests.compiler.parser.AnnotationCompletionParserTest" time="0"/>
  <testcase name="test0010 - 10" classname="org.eclipse.jdt.core.tests.compiler.parser.GenericsSelectionTest" time="0"/>
  <testcase name="test0010 - 10" classname="org.eclipse.jdt.core.tests.compiler.parser.AnnotationSelectionTest" time="0"/>
  <testcase name="test0010 - 10" classname="org.eclipse.jdt.core.tests.compiler.parser.GenericDietRecoveryTest" time="0.002"/>
  <testcase name="test0010 - 10" classname="org.eclipse.jdt.core.tests.compiler.parser.EnumDietRecoveryTest" time="0.001"/>
  <testcase name="test0010 - 10" classname="org.eclipse.jdt.core.tests.compiler.parser.AnnotationDietRecoveryTest" time="0.001"/>
  <testcase name="test0010 - 10" classname="org.eclipse.jdt.core.tests.compiler.parser.ParserTest1_7" time="0.001"/>
  <testcase name="test0010 - 10" classname="org.eclipse.jdt.core.tests.compiler.parser.ReferenceExpressionSyntaxTest" time="0.001"/>
  <testcase name="test0010 - 10" classname="org.eclipse.jdt.core.tests.compiler.parser.TypeAnnotationSyntaxTest" time="0"/>
  <testcase name="test0010 - 10" classname="org.eclipse.jdt.core.tests.compiler.parser.CompletionParserTest18" time="0"/>
  <testcase name="test0010 - 10" classname="org.eclipse.jdt.core.tests.compiler.parser.ModuleDeclarationSyntaxTest" time="0.001"/>
  <testcase name="test0011_Diet - 10" classname="org.eclipse.jdt.core.tests.compiler.parser.CompletionParserTest2" time="0"/>
  <testcase name="test0011_Method - 10" classname="org.eclipse.jdt.core.tests.compiler.parser.CompletionParserTest2" time="0"/>
  <testcase name="test0012_Diet - 10" classname="org.eclipse.jdt.core.tests.compiler.parser.CompletionParserTest2" time="0.001"/>
  <testcase name="test0012_Method - 10" classname="org.eclipse.jdt.core.tests.compiler.parser.CompletionParserTest2" time="0"/>
  <testcase name="test0013 - 10" classname="org.eclipse.jdt.core.tests.compiler.parser.CompletionParserTest2" time="0"/>
  <testcase name="test0013 - 10" classname="org.eclipse.jdt.core.tests.compiler.parser.CompletionParserTestKeyword" time="0"/>
  <testcase name="test0013 - 10" classname="org.eclipse.jdt.core.tests.compiler.parser.StatementRecoveryTest" time="0.001"/>
  <testcase name="test0013 - 10" classname="org.eclipse.jdt.core.tests.compiler.parser.ComplianceDiagnoseTest" time="0.001"/>
  <testcase name="test0013 - 10" classname="org.eclipse.jdt.core.tests.compiler.parser.GenericsCompletionParserTest" time="0"/>
  <testcase name="test0013 - 10" classname="org.eclipse.jdt.core.tests.compiler.parser.EnumCompletionParserTest" time="0.001"/>
  <testcase name="test0013 - 10" classname="org.eclipse.jdt.core.tests.compiler.parser.GenericsSelectionTest" time="0"/>
  <testcase name="test0013 - 10" classname="org.eclipse.jdt.core.tests.compiler.parser.AnnotationSelectionTest" time="0"/>
  <testcase name="test0013 - 10" classname="org.eclipse.jdt.core.tests.compiler.parser.GenericDietRecoveryTest" time="0.001"/>
  <testcase name="test0013 - 10" classname="org.eclipse.jdt.core.tests.compiler.parser.EnumDietRecoveryTest" time="0.002"/>
  <testcase name="test0013 - 10" classname="org.eclipse.jdt.core.tests.compiler.parser.AnnotationDietRecoveryTest" time="0.001"/>
  <testcase name="test0013 - 10" classname="org.eclipse.jdt.core.tests.compiler.parser.LambdaExpressionSyntaxTest" time="0"/>
  <testcase name="test0013 - 10" classname="org.eclipse.jdt.core.tests.compiler.parser.ReferenceExpressionSyntaxTest" time="0"/>
  <testcase name="test0013 - 10" classname="org.eclipse.jdt.core.tests.compiler.parser.TypeAnnotationSyntaxTest" time="0"/>
  <testcase name="test0013 - 10" classname="org.eclipse.jdt.core.tests.compiler.parser.ModuleDeclarationSyntaxTest" time="0"/>
  <testcase name="test0014_Diet - 10" classname="org.eclipse.jdt.core.tests.compiler.parser.CompletionParserTest2" time="0"/>
  <testcase name="test0014_Method - 10" classname="org.eclipse.jdt.core.tests.compiler.parser.CompletionParserTest2" time="0"/>
  <testcase name="test0015_Diet - 10" classname="org.eclipse.jdt.core.tests.compiler.parser.CompletionParserTest2" time="0"/>
  <testcase name="test0015_Method - 10" classname="org.eclipse.jdt.core.tests.compiler.parser.CompletionParserTest2" time="0"/>
  <testcase name="test0016 - 10" classname="org.eclipse.jdt.core.tests.compiler.parser.CompletionParserTest2" time="0"/>
  <testcase name="test0016 - 10" classname="org.eclipse.jdt.core.tests.compiler.parser.CompletionParserTestKeyword" time="0"/>
  <testcase name="test0016 - 10" classname="org.eclipse.jdt.core.tests.compiler.parser.StatementRecoveryTest" time="0.001"/>
  <testcase name="test0016 - 10" classname="org.eclipse.jdt.core.tests.compiler.parser.ComplianceDiagnoseTest" time="0.001"/>
  <testcase name="test0016 - 10" classname="org.eclipse.jdt.core.tests.compiler.parser.GenericsCompletionParserTest" time="0"/>
  <testcase name="test0016 - 10" classname="org.eclipse.jdt.core.tests.compiler.parser.AnnotationCompletionParserTest" time="0"/>
  <testcase name="test0016 - 10" classname="org.eclipse.jdt.core.tests.compiler.parser.GenericsSelectionTest" time="0"/>
  <testcase name="test0016 - 10" classname="org.eclipse.jdt.core.tests.compiler.parser.AnnotationSelectionTest" time="0"/>
  <testcase name="test0016 - 10" classname="org.eclipse.jdt.core.tests.compiler.parser.GenericDietRecoveryTest" time="0.001"/>
  <testcase name="test0016 - 10" classname="org.eclipse.jdt.core.tests.compiler.parser.EnumDietRecoveryTest" time="0.001"/>
  <testcase name="test0016 - 10" classname="org.eclipse.jdt.core.tests.compiler.parser.AnnotationDietRecoveryTest" time="0.002"/>
  <testcase name="test0016 - 10" classname="org.eclipse.jdt.core.tests.compiler.parser.LambdaExpressionSyntaxTest" time="0.001"/>
  <testcase name="test0016 - 10" classname="org.eclipse.jdt.core.tests.compiler.parser.ReferenceExpressionSyntaxTest" time="0"/>
  <testcase name="test0016 - 10" classname="org.eclipse.jdt.core.tests.compiler.parser.TypeAnnotationSyntaxTest" time="0.001"/>
  <testcase name="test0016 - 10" classname="org.eclipse.jdt.core.tests.compiler.parser.ModuleDeclarationSyntaxTest" time="0"/>
  <testcase name="test0017_Diet - 10" classname="org.eclipse.jdt.core.tests.compiler.parser.CompletionParserTest2" time="0"/>
  <testcase name="test0017_Method - 10" classname="org.eclipse.jdt.core.tests.compiler.parser.CompletionParserTest2" time="0"/>
  <testcase name="test0018_Diet - 10" classname="org.eclipse.jdt.core.tests.compiler.parser.CompletionParserTest2" time="0"/>
  <testcase name="test0018_Method - 10" classname="org.eclipse.jdt.core.tests.compiler.parser.CompletionParserTest2" time="0.001"/>
  <testcase name="test0019 - 10" classname="org.eclipse.jdt.core.tests.compiler.parser.CompletionParserTest2" time="0"/>
  <testcase name="test0019 - 10" classname="org.eclipse.jdt.core.tests.compiler.parser.CompletionParserTestKeyword" time="0"/>
  <testcase name="test0019 - 10" classname="org.eclipse.jdt.core.tests.compiler.parser.StatementRecoveryTest" time="0.001"/>
  <testcase name="test0019 - 10" classname="org.eclipse.jdt.core.tests.compiler.parser.ComplianceDiagnoseTest" time="0"/>
  <testcase name="test0019 - 10" classname="org.eclipse.jdt.core.tests.compiler.parser.GenericsCompletionParserTest" time="0"/>
  <testcase name="test0019 - 10" classname="org.eclipse.jdt.core.tests.compiler.parser.AnnotationCompletionParserTest" time="0"/>
  <testcase name="test0019 - 10" classname="org.eclipse.jdt.core.tests.compiler.parser.GenericsSelectionTest" time="0"/>
  <testcase name="test0019 - 10" classname="org.eclipse.jdt.core.tests.compiler.parser.GenericDietRecoveryTest" time="0.003"/>
  <testcase name="test0019 - 10" classname="org.eclipse.jdt.core.tests.compiler.parser.AnnotationDietRecoveryTest" time="0.002"/>
  <testcase name="test0019 - 10" classname="org.eclipse.jdt.core.tests.compiler.parser.LambdaExpressionSyntaxTest" time="0"/>
  <testcase name="test0019 - 10" classname="org.eclipse.jdt.core.tests.compiler.parser.ReferenceExpressionSyntaxTest" time="0"/>
  <testcase name="test0019 - 10" classname="org.eclipse.jdt.core.tests.compiler.parser.TypeAnnotationSyntaxTest" time="0.001"/>
  <testcase name="test0019 - 10" classname="org.eclipse.jdt.core.tests.compiler.parser.ModuleDeclarationSyntaxTest" time="0.001"/>
  <testcase name="test0020_Diet - 10" classname="org.eclipse.jdt.core.tests.compiler.parser.CompletionParserTest2" time="0"/>
  <testcase name="test0020_Method - 10" classname="org.eclipse.jdt.core.tests.compiler.parser.CompletionParserTest2" time="0.001"/>
  <testcase name="test0021_Diet - 10" classname="org.eclipse.jdt.core.tests.compiler.parser.CompletionParserTest2" time="0"/>
  <testcase name="test0021_Diet - 10" classname="org.eclipse.jdt.core.tests.compiler.parser.CompletionParserTestKeyword" time="0"/>
  <testcase name="test0021_Method - 10" classname="org.eclipse.jdt.core.tests.compiler.parser.CompletionParserTest2" time="0"/>
  <testcase name="test0021_Method - 10" classname="org.eclipse.jdt.core.tests.compiler.parser.CompletionParserTestKeyword" time="0"/>
  <testcase name="test0022 - 10" classname="org.eclipse.jdt.core.tests.compiler.parser.CompletionParserTest2" time="0"/>
  <testcase name="test0022 - 10" classname="org.eclipse.jdt.core.tests.compiler.parser.StatementRecoveryTest" time="0.001"/>
  <testcase name="test0022 - 10" classname="org.eclipse.jdt.core.tests.compiler.parser.ComplianceDiagnoseTest" time="0"/>
  <testcase name="test0022 - 10" classname="org.eclipse.jdt.core.tests.compiler.parser.GenericsCompletionParserTest" time="0"/>
  <testcase name="test0022 - 10" classname="org.eclipse.jdt.core.tests.compiler.parser.AnnotationCompletionParserTest" time="0"/>
  <testcase name="test0022 - 10" classname="org.eclipse.jdt.core.tests.compiler.parser.GenericsSelectionTest" time="0"/>
  <testcase name="test0022 - 10" classname="org.eclipse.jdt.core.tests.compiler.parser.GenericDietRecoveryTest" time="0.002"/>
  <testcase name="test0022 - 10" classname="org.eclipse.jdt.core.tests.compiler.parser.AnnotationDietRecoveryTest" time="0.003"/>
  <testcase name="test0022 - 10" classname="org.eclipse.jdt.core.tests.compiler.parser.TypeAnnotationSyntaxTest" time="0.001"/>
  <testcase name="test0022 - 10" classname="org.eclipse.jdt.core.tests.compiler.parser.ModuleDeclarationSyntaxTest" time="0"/>
  <testcase name="test0023_Diet - 10" classname="org.eclipse.jdt.core.tests.compiler.parser.CompletionParserTest2" time="0"/>
  <testcase name="test0023_Diet - 10" classname="org.eclipse.jdt.core.tests.compiler.parser.CompletionParserTestKeyword" time="0.001"/>
  <testcase name="test0023_Method - 10" classname="org.eclipse.jdt.core.tests.compiler.parser.CompletionParserTest2" time="0"/>
  <testcase name="test0023_Method - 10" classname="org.eclipse.jdt.core.tests.compiler.parser.CompletionParserTestKeyword" time="0"/>
  <testcase name="test0024_Diet - 10" classname="org.eclipse.jdt.core.tests.compiler.parser.CompletionParserTest2" time="0"/>
  <testcase name="test0024_Diet - 10" classname="org.eclipse.jdt.core.tests.compiler.parser.CompletionParserTestKeyword" time="0"/>
  <testcase name="test0024_Diet - 10" classname="org.eclipse.jdt.core.tests.compiler.parser.AnnotationCompletionParserTest" time="0"/>
  <testcase name="test0024_Method - 10" classname="org.eclipse.jdt.core.tests.compiler.parser.CompletionParserTest2" time="0.001"/>
  <testcase name="test0024_Method - 10" classname="org.eclipse.jdt.core.tests.compiler.parser.CompletionParserTestKeyword" time="0"/>
  <testcase name="test0024_Method - 10" classname="org.eclipse.jdt.core.tests.compiler.parser.AnnotationCompletionParserTest" time="0.001"/>
  <testcase name="test0025 - 10" classname="org.eclipse.jdt.core.tests.compiler.parser.CompletionParserTest2" time="0"/>
  <testcase name="test0025 - 10" classname="org.eclipse.jdt.core.tests.compiler.parser.StatementRecoveryTest" time="0.001"/>
  <testcase name="test0025 - 10" classname="org.eclipse.jdt.core.tests.compiler.parser.ComplianceDiagnoseTest" time="0"/>
  <testcase name="test0025 - 10" classname="org.eclipse.jdt.core.tests.compiler.parser.GenericsCompletionParserTest" time="0"/>
  <testcase name="test0025 - 10" classname="org.eclipse.jdt.core.tests.compiler.parser.AnnotationCompletionParserTest" time="0"/>
  <testcase name="test0025 - 10" classname="org.eclipse.jdt.core.tests.compiler.parser.GenericDietRecoveryTest" time="0.002"/>
  <testcase name="test0025 - 10" classname="org.eclipse.jdt.core.tests.compiler.parser.AnnotationDietRecoveryTest" time="0.003"/>
  <testcase name="test0025 - 10" classname="org.eclipse.jdt.core.tests.compiler.parser.TypeAnnotationSyntaxTest" time="0.001"/>
  <testcase name="test0025 - 10" classname="org.eclipse.jdt.core.tests.compiler.parser.ModuleDeclarationSyntaxTest" time="0"/>
  <testcase name="test0026_Diet - 10" classname="org.eclipse.jdt.core.tests.compiler.parser.CompletionParserTest2" time="0"/>
  <testcase name="test0026_Diet - 10" classname="org.eclipse.jdt.core.tests.compiler.parser.CompletionParserTestKeyword" time="0"/>
  <testcase name="test0026_Method - 10" classname="org.eclipse.jdt.core.tests.compiler.parser.CompletionParserTest2" time="0.001"/>
  <testcase name="test0026_Method - 10" classname="org.eclipse.jdt.core.tests.compiler.parser.CompletionParserTestKeyword" time="0.001"/>
  <testcase name="test0027_Diet - 10" classname="org.eclipse.jdt.core.tests.compiler.parser.CompletionParserTest2" time="0"/>
  <testcase name="test0027_Diet - 10" classname="org.eclipse.jdt.core.tests.compiler.parser.CompletionParserTestKeyword" time="0"/>
  <testcase name="test0027_Method - 10" classname="org.eclipse.jdt.core.tests.compiler.parser.CompletionParserTest2" time="0"/>
  <testcase name="test0027_Method - 10" classname="org.eclipse.jdt.core.tests.compiler.parser.CompletionParserTestKeyword" time="0"/>
  <testcase name="test0028 - 10" classname="org.eclipse.jdt.core.tests.compiler.parser.CompletionParserTest2" time="0"/>
  <testcase name="test0028 - 10" classname="org.eclipse.jdt.core.tests.compiler.parser.StatementRecoveryTest" time="0.002"/>
  <testcase name="test0028 - 10" classname="org.eclipse.jdt.core.tests.compiler.parser.ComplianceDiagnoseTest" time="0"/>
  <testcase name="test0028 - 10" classname="org.eclipse.jdt.core.tests.compiler.parser.GenericsCompletionParserTest" time="0"/>
  <testcase name="test0028 - 10" classname="org.eclipse.jdt.core.tests.compiler.parser.AnnotationDietRecoveryTest" time="0.002"/>
  <testcase name="test0028 - 10" classname="org.eclipse.jdt.core.tests.compiler.parser.TypeAnnotationSyntaxTest" time="0"/>
  <testcase name="test0029_Diet - 10" classname="org.eclipse.jdt.core.tests.compiler.parser.CompletionParserTest2" time="0"/>
  <testcase name="test0029_Diet - 10" classname="org.eclipse.jdt.core.tests.compiler.parser.AnnotationCompletionParserTest" time="0"/>
  <testcase name="test0029_Method - 10" classname="org.eclipse.jdt.core.tests.compiler.parser.CompletionParserTest2" time="0"/>
  <testcase name="test0029_Method - 10" classname="org.eclipse.jdt.core.tests.compiler.parser.AnnotationCompletionParserTest" time="0"/>
  <testcase name="test0030_Diet - 10" classname="org.eclipse.jdt.core.tests.compiler.parser.CompletionParserTest2" time="0"/>
  <testcase name="test0030_Diet - 10" classname="org.eclipse.jdt.core.tests.compiler.parser.GenericsCompletionParserTest" time="0"/>
  <testcase name="test0030_Method - 10" classname="org.eclipse.jdt.core.tests.compiler.parser.CompletionParserTest2" time="0.001"/>
  <testcase name="test0030_Method - 10" classname="org.eclipse.jdt.core.tests.compiler.parser.GenericsCompletionParserTest" time="0.001"/>
  <testcase name="test0031_Diet - 10" classname="org.eclipse.jdt.core.tests.compiler.parser.CompletionParserTest2" time="0"/>
  <testcase name="test0031_Diet - 10" classname="org.eclipse.jdt.core.tests.compiler.parser.GenericsCompletionParserTest" time="0"/>
  <testcase name="test0031_Method - 10" classname="org.eclipse.jdt.core.tests.compiler.parser.CompletionParserTest2" time="0"/>
  <testcase name="test0031_Method - 10" classname="org.eclipse.jdt.core.tests.compiler.parser.GenericsCompletionParserTest" time="0"/>
  <testcase name="test0032_Diet - 10" classname="org.eclipse.jdt.core.tests.compiler.parser.CompletionParserTest2" time="0"/>
  <testcase name="test0032_Diet - 10" classname="org.eclipse.jdt.core.tests.compiler.parser.GenericsCompletionParserTest" time="0.001"/>
  <testcase name="test0032_Method - 10" classname="org.eclipse.jdt.core.tests.compiler.parser.CompletionParserTest2" time="0"/>
  <testcase name="test0032_Method - 10" classname="org.eclipse.jdt.core.tests.compiler.parser.GenericsCompletionParserTest" time="0"/>
  <testcase name="test0033_Diet - 10" classname="org.eclipse.jdt.core.tests.compiler.parser.CompletionParserTest2" time="0"/>
  <testcase name="test0033_Diet - 10" classname="org.eclipse.jdt.core.tests.compiler.parser.GenericsCompletionParserTest" time="0"/>
  <testcase name="test0033_Method - 10" classname="org.eclipse.jdt.core.tests.compiler.parser.CompletionParserTest2" time="0"/>
  <testcase name="test0033_Method - 10" classname="org.eclipse.jdt.core.tests.compiler.parser.GenericsCompletionParserTest" time="0"/>
  <testcase name="test0034_Diet - 10" classname="org.eclipse.jdt.core.tests.compiler.parser.CompletionParserTest2" time="0.001"/>
  <testcase name="test0034_Diet - 10" classname="org.eclipse.jdt.core.tests.compiler.parser.GenericsCompletionParserTest" time="0"/>
  <testcase name="test0034_Diet - 10" classname="org.eclipse.jdt.core.tests.compiler.parser.AnnotationCompletionParserTest" time="0"/>
  <testcase name="test0034_Method - 10" classname="org.eclipse.jdt.core.tests.compiler.parser.CompletionParserTest2" time="0"/>
  <testcase name="test0034_Method - 10" classname="org.eclipse.jdt.core.tests.compiler.parser.GenericsCompletionParserTest" time="0"/>
  <testcase name="test0034_Method - 10" classname="org.eclipse.jdt.core.tests.compiler.parser.AnnotationCompletionParserTest" time="0"/>
  <testcase name="test0035_Diet - 10" classname="org.eclipse.jdt.core.tests.compiler.parser.CompletionParserTest2" time="0.001"/>
  <testcase name="test0035_Diet - 10" classname="org.eclipse.jdt.core.tests.compiler.parser.GenericsCompletionParserTest" time="0"/>
  <testcase name="test0035_Diet - 10" classname="org.eclipse.jdt.core.tests.compiler.parser.AnnotationCompletionParserTest" time="0"/>
  <testcase name="test0035_Method - 10" classname="org.eclipse.jdt.core.tests.compiler.parser.CompletionParserTest2" time="0"/>
  <testcase name="test0035_Method - 10" classname="org.eclipse.jdt.core.tests.compiler.parser.GenericsCompletionParserTest" time="0.001"/>
  <testcase name="test0035_Method - 10" classname="org.eclipse.jdt.core.tests.compiler.parser.AnnotationCompletionParserTest" time="0.001"/>
  <testcase name="test0036_Diet - 10" classname="org.eclipse.jdt.core.tests.compiler.parser.CompletionParserTest2" time="0"/>
  <testcase name="test0036_Diet - 10" classname="org.eclipse.jdt.core.tests.compiler.parser.GenericsCompletionParserTest" time="0"/>
  <testcase name="test0036_Method - 10" classname="org.eclipse.jdt.core.tests.compiler.parser.CompletionParserTest2" time="0"/>
  <testcase name="test0036_Method - 10" classname="org.eclipse.jdt.core.tests.compiler.parser.GenericsCompletionParserTest" time="0"/>
  <testcase name="test0037 - 10" classname="org.eclipse.jdt.core.tests.compiler.parser.CompletionParserTest2" time="0"/>
  <testcase name="test0037 - 10" classname="org.eclipse.jdt.core.tests.compiler.parser.StatementRecoveryTest" time="0.001"/>
  <testcase name="test0037 - 10" classname="org.eclipse.jdt.core.tests.compiler.parser.ComplianceDiagnoseTest" time="0.001"/>
  <testcase name="test0037 - 10" classname="org.eclipse.jdt.core.tests.compiler.parser.AnnotationCompletionParserTest" time="0"/>
  <testcase name="test0037 - 10" classname="org.eclipse.jdt.core.tests.compiler.parser.AnnotationDietRecoveryTest" time="0.001"/>
  <testcase name="test0037 - 10" classname="org.eclipse.jdt.core.tests.compiler.parser.TypeAnnotationSyntaxTest" time="0"/>
  <testcase name="test0038_Diet - 10" classname="org.eclipse.jdt.core.tests.compiler.parser.CompletionParserTest2" time="0"/>
  <testcase name="test0038_Diet - 10" classname="org.eclipse.jdt.core.tests.compiler.parser.CompletionParserTestKeyword" time="0"/>
  <testcase name="test0038_Diet - 10" classname="org.eclipse.jdt.core.tests.compiler.parser.GenericsCompletionParserTest" time="0"/>
  <testcase name="test0038_Method - 10" classname="org.eclipse.jdt.core.tests.compiler.parser.CompletionParserTest2" time="0"/>
  <testcase name="test0038_Method - 10" classname="org.eclipse.jdt.core.tests.compiler.parser.CompletionParserTestKeyword" time="0.001"/>
  <testcase name="test0038_Method - 10" classname="org.eclipse.jdt.core.tests.compiler.parser.GenericsCompletionParserTest" time="0"/>
  <testcase name="test0039_Diet - 10" classname="org.eclipse.jdt.core.tests.compiler.parser.CompletionParserTest2" time="0"/>
  <testcase name="test0039_Diet - 10" classname="org.eclipse.jdt.core.tests.compiler.parser.CompletionParserTestKeyword" time="0"/>
  <testcase name="test0039_Diet - 10" classname="org.eclipse.jdt.core.tests.compiler.parser.GenericsCompletionParserTest" time="0"/>
  <testcase name="test0039_Method - 10" classname="org.eclipse.jdt.core.tests.compiler.parser.CompletionParserTest2" time="0.001"/>
  <testcase name="test0039_Method - 10" classname="org.eclipse.jdt.core.tests.compiler.parser.CompletionParserTestKeyword" time="0"/>
  <testcase name="test0039_Method - 10" classname="org.eclipse.jdt.core.tests.compiler.parser.GenericsCompletionParserTest" time="0"/>
  <testcase name="test0040 - 10" classname="org.eclipse.jdt.core.tests.compiler.parser.CompletionParserTest2" time="0"/>
  <testcase name="test0040 - 10" classname="org.eclipse.jdt.core.tests.compiler.parser.StatementRecoveryTest" time="0.002"/>
  <testcase name="test0040 - 10" classname="org.eclipse.jdt.core.tests.compiler.parser.ComplianceDiagnoseTest" time="0.001"/>
  <testcase name="test0040 - 10" classname="org.eclipse.jdt.core.tests.compiler.parser.AnnotationDietRecoveryTest" time="0"/>
  <testcase name="test0040 - 10" classname="org.eclipse.jdt.core.tests.compiler.parser.TypeAnnotationSyntaxTest" time="0.001"/>
  <testcase name="test0041_Diet - 10" classname="org.eclipse.jdt.core.tests.compiler.parser.CompletionParserTest2" time="0"/>
  <testcase name="test0041_Diet - 10" classname="org.eclipse.jdt.core.tests.compiler.parser.CompletionParserTestKeyword" time="0"/>
  <testcase name="test0041_Diet - 10" classname="org.eclipse.jdt.core.tests.compiler.parser.GenericsCompletionParserTest" time="0"/>
  <testcase name="test0041_Diet - 10" classname="org.eclipse.jdt.core.tests.compiler.parser.AnnotationCompletionParserTest" time="0"/>
  <testcase name="test0041_Method - 10" classname="org.eclipse.jdt.core.tests.compiler.parser.CompletionParserTest2" time="0"/>
  <testcase name="test0041_Method - 10" classname="org.eclipse.jdt.core.tests.compiler.parser.CompletionParserTestKeyword" time="0"/>
  <testcase name="test0041_Method - 10" classname="org.eclipse.jdt.core.tests.compiler.parser.GenericsCompletionParserTest" time="0"/>
  <testcase name="test0041_Method - 10" classname="org.eclipse.jdt.core.tests.compiler.parser.AnnotationCompletionParserTest" time="0"/>
  <testcase name="test0042_Diet - 10" classname="org.eclipse.jdt.core.tests.compiler.parser.CompletionParserTest2" time="0"/>
  <testcase name="test0042_Diet - 10" classname="org.eclipse.jdt.core.tests.compiler.parser.CompletionParserTestKeyword" time="0.001"/>
  <testcase name="test0042_Diet - 10" classname="org.eclipse.jdt.core.tests.compiler.parser.GenericsCompletionParserTest" time="0"/>
  <testcase name="test0042_Method - 10" classname="org.eclipse.jdt.core.tests.compiler.parser.CompletionParserTest2" time="0"/>
  <testcase name="test0042_Method - 10" classname="org.eclipse.jdt.core.tests.compiler.parser.CompletionParserTestKeyword" time="0"/>
  <testcase name="test0042_Method - 10" classname="org.eclipse.jdt.core.tests.compiler.parser.GenericsCompletionParserTest" time="0"/>
  <testcase name="test0043 - 10" classname="org.eclipse.jdt.core.tests.compiler.parser.CompletionParserTest2" time="0"/>
  <testcase name="test0043 - 10" classname="org.eclipse.jdt.core.tests.compiler.parser.StatementRecoveryTest" time="0.001"/>
  <testcase name="test0043 - 10" classname="org.eclipse.jdt.core.tests.compiler.parser.ComplianceDiagnoseTest" time="0"/>
  <testcase name="test0043 - 10" classname="org.eclipse.jdt.core.tests.compiler.parser.AnnotationCompletionParserTest" time="0"/>
  <testcase name="test0043 - 10" classname="org.eclipse.jdt.core.tests.compiler.parser.TypeAnnotationSyntaxTest" time="0"/>
  <testcase name="test0044_Diet - 10" classname="org.eclipse.jdt.core.tests.compiler.parser.CompletionParserTest2" time="0.001"/>
  <testcase name="test0044_Diet - 10" classname="org.eclipse.jdt.core.tests.compiler.parser.CompletionParserTestKeyword" time="0"/>
  <testcase name="test0044_Diet - 10" classname="org.eclipse.jdt.core.tests.compiler.parser.GenericsCompletionParserTest" time="0"/>
  <testcase name="test0044_Method - 10" classname="org.eclipse.jdt.core.tests.compiler.parser.CompletionParserTest2" time="0"/>
  <testcase name="test0044_Method - 10" classname="org.eclipse.jdt.core.tests.compiler.parser.CompletionParserTestKeyword" time="0"/>
  <testcase name="test0044_Method - 10" classname="org.eclipse.jdt.core.tests.compiler.parser.GenericsCompletionParserTest" time="0"/>
  <testcase name="test0045_Diet - 10" classname="org.eclipse.jdt.core.tests.compiler.parser.CompletionParserTest2" time="0"/>
  <testcase name="test0045_Diet - 10" classname="org.eclipse.jdt.core.tests.compiler.parser.CompletionParserTestKeyword" time="0"/>
  <testcase name="test0045_Diet - 10" classname="org.eclipse.jdt.core.tests.compiler.parser.GenericsCompletionParserTest" time="0"/>
  <testcase name="test0045_Method - 10" classname="org.eclipse.jdt.core.tests.compiler.parser.CompletionParserTest2" time="0"/>
  <testcase name="test0045_Method - 10" classname="org.eclipse.jdt.core.tests.compiler.parser.CompletionParserTestKeyword" time="0"/>
  <testcase name="test0045_Method - 10" classname="org.eclipse.jdt.core.tests.compiler.parser.GenericsCompletionParserTest" time="0.001"/>
  <testcase name="test0046 - 10" classname="org.eclipse.jdt.core.tests.compiler.parser.CompletionParserTest2" time="0"/>
  <testcase name="test0046 - 10" classname="org.eclipse.jdt.core.tests.compiler.parser.StatementRecoveryTest" time="0.001"/>
  <testcase name="test0046 - 10" classname="org.eclipse.jdt.core.tests.compiler.parser.ComplianceDiagnoseTest" time="0.003"/>
  <testcase name="test0046 - 10" classname="org.eclipse.jdt.core.tests.compiler.parser.TypeAnnotationSyntaxTest" time="0"/>
  <testcase name="test0047_Diet - 10" classname="org.eclipse.jdt.core.tests.compiler.parser.CompletionParserTest2" time="0"/>
  <testcase name="test0047_Diet - 10" classname="org.eclipse.jdt.core.tests.compiler.parser.GenericsCompletionParserTest" time="0"/>
  <testcase name="test0047_Diet - 10" classname="org.eclipse.jdt.core.tests.compiler.parser.AnnotationCompletionParserTest" time="0"/>
  <testcase name="test0047_Method - 10" classname="org.eclipse.jdt.core.tests.compiler.parser.CompletionParserTest2" time="0"/>
  <testcase name="test0047_Method - 10" classname="org.eclipse.jdt.core.tests.compiler.parser.GenericsCompletionParserTest" time="0"/>
  <testcase name="test0047_Method - 10" classname="org.eclipse.jdt.core.tests.compiler.parser.AnnotationCompletionParserTest" time="0"/>
  <testcase name="test0048_Diet - 10" classname="org.eclipse.jdt.core.tests.compiler.parser.CompletionParserTest2" time="0"/>
  <testcase name="test0048_Diet - 10" classname="org.eclipse.jdt.core.tests.compiler.parser.GenericsCompletionParserTest" time="0"/>
  <testcase name="test0048_Method - 10" classname="org.eclipse.jdt.core.tests.compiler.parser.CompletionParserTest2" time="0"/>
  <testcase name="test0048_Method - 10" classname="org.eclipse.jdt.core.tests.compiler.parser.GenericsCompletionParserTest" time="0"/>
  <testcase name="test0049 - 10" classname="org.eclipse.jdt.core.tests.compiler.parser.CompletionParserTest2" time="0"/>
  <testcase name="test0049 - 10" classname="org.eclipse.jdt.core.tests.compiler.parser.CompletionParserTestKeyword" time="0"/>
  <testcase name="test0049 - 10" classname="org.eclipse.jdt.core.tests.compiler.parser.ComplianceDiagnoseTest" time="0.001"/>
  <testcase name="test0049 - 10" classname="org.eclipse.jdt.core.tests.compiler.parser.AnnotationCompletionParserTest" time="0.001"/>
  <testcase name="test0049 - 10" classname="org.eclipse.jdt.core.tests.compiler.parser.TypeAnnotationSyntaxTest" time="0.001"/>
  <testcase name="test0050_Diet - 10" classname="org.eclipse.jdt.core.tests.compiler.parser.CompletionParserTest2" time="0"/>
  <testcase name="test0050_Diet - 10" classname="org.eclipse.jdt.core.tests.compiler.parser.GenericsCompletionParserTest" time="0"/>
  <testcase name="test0050_Method - 10" classname="org.eclipse.jdt.core.tests.compiler.parser.CompletionParserTest2" time="0.001"/>
  <testcase name="test0050_Method - 10" classname="org.eclipse.jdt.core.tests.compiler.parser.GenericsCompletionParserTest" time="0"/>
  <testcase name="test0051_Diet - 10" classname="org.eclipse.jdt.core.tests.compiler.parser.CompletionParserTest2" time="0"/>
  <testcase name="test0051_Diet - 10" classname="org.eclipse.jdt.core.tests.compiler.parser.GenericsCompletionParserTest" time="0"/>
  <testcase name="test0051_Method - 10" classname="org.eclipse.jdt.core.tests.compiler.parser.CompletionParserTest2" time="0"/>
  <testcase name="test0051_Method - 10" classname="org.eclipse.jdt.core.tests.compiler.parser.GenericsCompletionParserTest" time="0"/>
  <testcase name="test0052 - 10" classname="org.eclipse.jdt.core.tests.compiler.parser.CompletionParserTest2" time="0.001"/>
  <testcase name="test0052 - 10" classname="org.eclipse.jdt.core.tests.compiler.parser.CompletionParserTestKeyword" time="0"/>
  <testcase name="test0052 - 10" classname="org.eclipse.jdt.core.tests.compiler.parser.ComplianceDiagnoseTest" time="0.001"/>
  <testcase name="test0052 - 10" classname="org.eclipse.jdt.core.tests.compiler.parser.TypeAnnotationSyntaxTest" time="0.001"/>
  <testcase name="test0053_Diet - 10" classname="org.eclipse.jdt.core.tests.compiler.parser.CompletionParserTest2" time="0"/>
  <testcase name="test0053_Diet - 10" classname="org.eclipse.jdt.core.tests.compiler.parser.GenericsCompletionParserTest" time="0"/>
  <testcase name="test0053_Diet - 10" classname="org.eclipse.jdt.core.tests.compiler.parser.AnnotationCompletionParserTest" time="0"/>
  <testcase name="test0053_Method - 10" classname="org.eclipse.jdt.core.tests.compiler.parser.CompletionParserTest2" time="0"/>
  <testcase name="test0053_Method - 10" classname="org.eclipse.jdt.core.tests.compiler.parser.GenericsCompletionParserTest" time="0"/>
  <testcase name="test0053_Method - 10" classname="org.eclipse.jdt.core.tests.compiler.parser.AnnotationCompletionParserTest" time="0"/>
  <testcase name="test0054_Diet - 10" classname="org.eclipse.jdt.core.tests.compiler.parser.CompletionParserTest2" time="0"/>
  <testcase name="test0054_Diet - 10" classname="org.eclipse.jdt.core.tests.compiler.parser.GenericsCompletionParserTest" time="0"/>
  <testcase name="test0054_Method - 10" classname="org.eclipse.jdt.core.tests.compiler.parser.CompletionParserTest2" time="0"/>
  <testcase name="test0054_Method - 10" classname="org.eclipse.jdt.core.tests.compiler.parser.GenericsCompletionParserTest" time="0"/>
  <testcase name="test0055 - 10" classname="org.eclipse.jdt.core.tests.compiler.parser.CompletionParserTest2" time="0"/>
  <testcase name="test0055 - 10" classname="org.eclipse.jdt.core.tests.compiler.parser.ComplianceDiagnoseTest" time="0"/>
  <testcase name="test0055 - 10" classname="org.eclipse.jdt.core.tests.compiler.parser.AnnotationCompletionParserTest" time="0"/>
  <testcase name="test0055 - 10" classname="org.eclipse.jdt.core.tests.compiler.parser.TypeAnnotationSyntaxTest" time="0"/>
  <testcase name="test0056_Diet - 10" classname="org.eclipse.jdt.core.tests.compiler.parser.CompletionParserTest2" time="0"/>
  <testcase name="test0056_Diet - 10" classname="org.eclipse.jdt.core.tests.compiler.parser.CompletionParserTestKeyword" time="0"/>
  <testcase name="test0056_Diet - 10" classname="org.eclipse.jdt.core.tests.compiler.parser.GenericsCompletionParserTest" time="0.001"/>
  <testcase name="test0056_Method - 10" classname="org.eclipse.jdt.core.tests.compiler.parser.CompletionParserTest2" time="0.001"/>
  <testcase name="test0056_Method - 10" classname="org.eclipse.jdt.core.tests.compiler.parser.CompletionParserTestKeyword" time="0"/>
  <testcase name="test0056_Method - 10" classname="org.eclipse.jdt.core.tests.compiler.parser.GenericsCompletionParserTest" time="0"/>
  <testcase name="test0057_Diet - 10" classname="org.eclipse.jdt.core.tests.compiler.parser.CompletionParserTest2" time="0"/>
  <testcase name="test0057_Diet - 10" classname="org.eclipse.jdt.core.tests.compiler.parser.CompletionParserTestKeyword" time="0"/>
  <testcase name="test0057_Diet - 10" classname="org.eclipse.jdt.core.tests.compiler.parser.GenericsCompletionParserTest" time="0"/>
  <testcase name="test0057_Method - 10" classname="org.eclipse.jdt.core.tests.compiler.parser.CompletionParserTest2" time="0"/>
  <testcase name="test0057_Method - 10" classname="org.eclipse.jdt.core.tests.compiler.parser.CompletionParserTestKeyword" time="0.001"/>
  <testcase name="test0057_Method - 10" classname="org.eclipse.jdt.core.tests.compiler.parser.GenericsCompletionParserTest" time="0"/>
  <testcase name="test0058 - 10" classname="org.eclipse.jdt.core.tests.compiler.parser.CompletionParserTest2" time="0"/>
  <testcase name="test0058 - 10" classname="org.eclipse.jdt.core.tests.compiler.parser.ComplianceDiagnoseTest" time="0"/>
  <testcase name="test0058 - 10" classname="org.eclipse.jdt.core.tests.compiler.parser.TypeAnnotationSyntaxTest" time="0.001"/>
  <testcase name="test0059_Diet - 10" classname="org.eclipse.jdt.core.tests.compiler.parser.CompletionParserTest2" time="0"/>
  <testcase name="test0059_Diet - 10" classname="org.eclipse.jdt.core.tests.compiler.parser.CompletionParserTestKeyword" time="0"/>
  <testcase name="test0059_Diet - 10" classname="org.eclipse.jdt.core.tests.compiler.parser.AnnotationCompletionParserTest" time="0"/>
  <testcase name="test0059_Method - 10" classname="org.eclipse.jdt.core.tests.compiler.parser.CompletionParserTest2" time="0"/>
  <testcase name="test0059_Method - 10" classname="org.eclipse.jdt.core.tests.compiler.parser.CompletionParserTestKeyword" time="0.001"/>
  <testcase name="test0059_Method - 10" classname="org.eclipse.jdt.core.tests.compiler.parser.AnnotationCompletionParserTest" time="0"/>
  <testcase name="test0060_Diet - 10" classname="org.eclipse.jdt.core.tests.compiler.parser.CompletionParserTest2" time="0"/>
  <testcase name="test0060_Method - 10" classname="org.eclipse.jdt.core.tests.compiler.parser.CompletionParserTest2" time="0"/>
  <testcase name="test0061 - 10" classname="org.eclipse.jdt.core.tests.compiler.parser.CompletionParserTest2" time="0"/>
  <testcase name="test0061 - 10" classname="org.eclipse.jdt.core.tests.compiler.parser.CompletionParserTestKeyword" time="0"/>
  <testcase name="test0061 - 10" classname="org.eclipse.jdt.core.tests.compiler.parser.ComplianceDiagnoseTest" time="0"/>
  <testcase name="test0061 - 10" classname="org.eclipse.jdt.core.tests.compiler.parser.GenericsCompletionParserTest" time="0"/>
  <testcase name="test0061 - 10" classname="org.eclipse.jdt.core.tests.compiler.parser.AnnotationCompletionParserTest" time="0"/>
  <testcase name="test0061 - 10" classname="org.eclipse.jdt.core.tests.compiler.parser.TypeAnnotationSyntaxTest" time="0.002"/>
  <testcase name="test0062_Diet - 10" classname="org.eclipse.jdt.core.tests.compiler.parser.CompletionParserTest2" time="0"/>
  <testcase name="test0062_Method - 10" classname="org.eclipse.jdt.core.tests.compiler.parser.CompletionParserTest2" time="0.001"/>
  <testcase name="test0063_Diet - 10" classname="org.eclipse.jdt.core.tests.compiler.parser.CompletionParserTest2" time="0"/>
  <testcase name="test0063_Method - 10" classname="org.eclipse.jdt.core.tests.compiler.parser.CompletionParserTest2" time="0"/>
  <testcase name="test0064 - 10" classname="org.eclipse.jdt.core.tests.compiler.parser.CompletionParserTest2" time="0.001"/>
  <testcase name="test0064 - 10" classname="org.eclipse.jdt.core.tests.compiler.parser.CompletionParserTestKeyword" time="0"/>
  <testcase name="test0064 - 10" classname="org.eclipse.jdt.core.tests.compiler.parser.ComplianceDiagnoseTest" time="0"/>
  <testcase name="test0064 - 10" classname="org.eclipse.jdt.core.tests.compiler.parser.GenericsCompletionParserTest" time="0"/>
  <testcase name="test0064 - 10" classname="org.eclipse.jdt.core.tests.compiler.parser.TypeAnnotationSyntaxTest" time="0"/>
  <testcase name="test0065_Diet - 10" classname="org.eclipse.jdt.core.tests.compiler.parser.CompletionParserTest2" time="0"/>
  <testcase name="test0065_Diet - 10" classname="org.eclipse.jdt.core.tests.compiler.parser.AnnotationCompletionParserTest" time="0"/>
  <testcase name="test0065_Method - 10" classname="org.eclipse.jdt.core.tests.compiler.parser.CompletionParserTest2" time="0"/>
  <testcase name="test0065_Method - 10" classname="org.eclipse.jdt.core.tests.compiler.parser.AnnotationCompletionParserTest" time="0.001"/>
  <testcase name="test0066_Diet - 10" classname="org.eclipse.jdt.core.tests.compiler.parser.CompletionParserTest2" time="0"/>
  <testcase name="test0066_Method - 10" classname="org.eclipse.jdt.core.tests.compiler.parser.CompletionParserTest2" time="0"/>
  <testcase name="test0067_Diet - 10" classname="org.eclipse.jdt.core.tests.compiler.parser.CompletionParserTest2" time="0"/>
  <testcase name="test0067_Method - 10" classname="org.eclipse.jdt.core.tests.compiler.parser.CompletionParserTest2" time="0"/>
  <testcase name="test0068_Diet - 10" classname="org.eclipse.jdt.core.tests.compiler.parser.CompletionParserTest2" time="0"/>
  <testcase name="test0068_Method - 10" classname="org.eclipse.jdt.core.tests.compiler.parser.CompletionParserTest2" time="0"/>
  <testcase name="test0069_Diet - 10" classname="org.eclipse.jdt.core.tests.compiler.parser.CompletionParserTest2" time="0"/>
  <testcase name="test0069_Method - 10" classname="org.eclipse.jdt.core.tests.compiler.parser.CompletionParserTest2" time="0"/>
  <testcase name="test0070_Diet - 10" classname="org.eclipse.jdt.core.tests.compiler.parser.CompletionParserTest2" time="0"/>
  <testcase name="test0070_Diet - 10" classname="org.eclipse.jdt.core.tests.compiler.parser.AnnotationCompletionParserTest" time="0"/>
  <testcase name="test0070_Method - 10" classname="org.eclipse.jdt.core.tests.compiler.parser.CompletionParserTest2" time="0"/>
  <testcase name="test0070_Method - 10" classname="org.eclipse.jdt.core.tests.compiler.parser.AnnotationCompletionParserTest" time="0"/>
  <testcase name="test0071_Diet - 10" classname="org.eclipse.jdt.core.tests.compiler.parser.CompletionParserTest2" time="0.001"/>
  <testcase name="test0071_Diet - 10" classname="org.eclipse.jdt.core.tests.compiler.parser.AnnotationCompletionParserTest" time="0"/>
  <testcase name="test0071_Method - 10" classname="org.eclipse.jdt.core.tests.compiler.parser.CompletionParserTest2" time="0"/>
  <testcase name="test0071_Method - 10" classname="org.eclipse.jdt.core.tests.compiler.parser.AnnotationCompletionParserTest" time="0.001"/>
  <testcase name="test0072_Diet - 10" classname="org.eclipse.jdt.core.tests.compiler.parser.CompletionParserTest2" time="0"/>
  <testcase name="test0072_Method - 10" classname="org.eclipse.jdt.core.tests.compiler.parser.CompletionParserTest2" time="0"/>
  <testcase name="test0073 - 10" classname="org.eclipse.jdt.core.tests.compiler.parser.CompletionParserTest2" time="0"/>
  <testcase name="test0073 - 10" classname="org.eclipse.jdt.core.tests.compiler.parser.CompletionParserTestKeyword" time="0"/>
  <testcase name="test0073 - 10" classname="org.eclipse.jdt.core.tests.compiler.parser.GenericsCompletionParserTest" time="0"/>
  <testcase name="test0073 - 10" classname="org.eclipse.jdt.core.tests.compiler.parser.AnnotationCompletionParserTest" time="0"/>
  <testcase name="test0073 - 10" classname="org.eclipse.jdt.core.tests.compiler.parser.TypeAnnotationSyntaxTest" time="0.001"/>
  <testcase name="test0074_Diet - 10" classname="org.eclipse.jdt.core.tests.compiler.parser.CompletionParserTest2" time="0"/>
  <testcase name="test0074_Method - 10" classname="org.eclipse.jdt.core.tests.compiler.parser.CompletionParserTest2" time="0"/>
  <testcase name="test0075_Diet - 10" classname="org.eclipse.jdt.core.tests.compiler.parser.CompletionParserTest2" time="0.001"/>
  <testcase name="test0075_Method - 10" classname="org.eclipse.jdt.core.tests.compiler.parser.CompletionParserTest2" time="0"/>
  <testcase name="test0076 - 10" classname="org.eclipse.jdt.core.tests.compiler.parser.CompletionParserTest2" time="0"/>
  <testcase name="test0076 - 10" classname="org.eclipse.jdt.core.tests.compiler.parser.CompletionParserTestKeyword" time="0.001"/>
  <testcase name="test0076 - 10" classname="org.eclipse.jdt.core.tests.compiler.parser.GenericsCompletionParserTest" time="0"/>
  <testcase name="test0076 - 10" classname="org.eclipse.jdt.core.tests.compiler.parser.AnnotationCompletionParserTest" time="0"/>
  <testcase name="test0076 - 10" classname="org.eclipse.jdt.core.tests.compiler.parser.TypeAnnotationSyntaxTest" time="0.001"/>
  <testcase name="test0077_Diet - 10" classname="org.eclipse.jdt.core.tests.compiler.parser.CompletionParserTest2" time="0"/>
  <testcase name="test0077_Method - 10" classname="org.eclipse.jdt.core.tests.compiler.parser.CompletionParserTest2" time="0"/>
  <testcase name="test0078_Diet - 10" classname="org.eclipse.jdt.core.tests.compiler.parser.CompletionParserTest2" time="0"/>
  <testcase name="test0078_Method - 10" classname="org.eclipse.jdt.core.tests.compiler.parser.CompletionParserTest2" time="0"/>
  <testcase name="test0079_Diet - 10" classname="org.eclipse.jdt.core.tests.compiler.parser.CompletionParserTest2" time="0.001"/>
  <testcase name="test0079_Method - 10" classname="org.eclipse.jdt.core.tests.compiler.parser.CompletionParserTest2" time="0"/>
  <testcase name="test0080_Diet - 10" classname="org.eclipse.jdt.core.tests.compiler.parser.CompletionParserTest2" time="0"/>
  <testcase name="test0080_Diet - 10" classname="org.eclipse.jdt.core.tests.compiler.parser.CompletionParserTestKeyword" time="0.001"/>
  <testcase name="test0080_Method - 10" classname="org.eclipse.jdt.core.tests.compiler.parser.CompletionParserTest2" time="0.001"/>
  <testcase name="test0080_Method - 10" classname="org.eclipse.jdt.core.tests.compiler.parser.CompletionParserTestKeyword" time="0"/>
  <testcase name="test0081_Diet - 10" classname="org.eclipse.jdt.core.tests.compiler.parser.CompletionParserTest2" time="0"/>
  <testcase name="test0081_Diet - 10" classname="org.eclipse.jdt.core.tests.compiler.parser.CompletionParserTestKeyword" time="0"/>
  <testcase name="test0081_Method - 10" classname="org.eclipse.jdt.core.tests.compiler.parser.CompletionParserTest2" time="0"/>
  <testcase name="test0081_Method - 10" classname="org.eclipse.jdt.core.tests.compiler.parser.CompletionParserTestKeyword" time="0"/>
  <testcase name="test0082_Diet - 10" classname="org.eclipse.jdt.core.tests.compiler.parser.CompletionParserTest2" time="0.001"/>
  <testcase name="test0082_Diet - 10" classname="org.eclipse.jdt.core.tests.compiler.parser.CompletionParserTestKeyword" time="0"/>
  <testcase name="test0082_Method - 10" classname="org.eclipse.jdt.core.tests.compiler.parser.CompletionParserTest2" time="0"/>
  <testcase name="test0082_Method - 10" classname="org.eclipse.jdt.core.tests.compiler.parser.CompletionParserTestKeyword" time="0"/>
  <testcase name="test0083_Diet - 10" classname="org.eclipse.jdt.core.tests.compiler.parser.CompletionParserTest2" time="0"/>
  <testcase name="test0083_Method - 10" classname="org.eclipse.jdt.core.tests.compiler.parser.CompletionParserTest2" time="0"/>
  <testcase name="test0084_Diet - 10" classname="org.eclipse.jdt.core.tests.compiler.parser.CompletionParserTest2" time="0"/>
  <testcase name="test0084_Method - 10" classname="org.eclipse.jdt.core.tests.compiler.parser.CompletionParserTest2" time="0"/>
  <testcase name="test0085_Diet - 10" classname="org.eclipse.jdt.core.tests.compiler.parser.CompletionParserTest2" time="0"/>
  <testcase name="test0085_Method - 10" classname="org.eclipse.jdt.core.tests.compiler.parser.CompletionParserTest2" time="0.001"/>
  <testcase name="test0086_Diet - 10" classname="org.eclipse.jdt.core.tests.compiler.parser.CompletionParserTest2" time="0"/>
  <testcase name="test0086_Method - 10" classname="org.eclipse.jdt.core.tests.compiler.parser.CompletionParserTest2" time="0"/>
  <testcase name="test0087_Diet - 10" classname="org.eclipse.jdt.core.tests.compiler.parser.CompletionParserTest2" time="0.001"/>
  <testcase name="test0087_Method - 10" classname="org.eclipse.jdt.core.tests.compiler.parser.CompletionParserTest2" time="0"/>
  <testcase name="test0088_Diet - 10" classname="org.eclipse.jdt.core.tests.compiler.parser.CompletionParserTest2" time="0"/>
  <testcase name="test0088_Method - 10" classname="org.eclipse.jdt.core.tests.compiler.parser.CompletionParserTest2" time="0"/>
  <testcase name="test0089_Diet - 10" classname="org.eclipse.jdt.core.tests.compiler.parser.CompletionParserTest2" time="0"/>
  <testcase name="test0089_Method - 10" classname="org.eclipse.jdt.core.tests.compiler.parser.CompletionParserTest2" time="0"/>
  <testcase name="test0090_Diet - 10" classname="org.eclipse.jdt.core.tests.compiler.parser.CompletionParserTest2" time="0"/>
  <testcase name="test0090_Diet - 10" classname="org.eclipse.jdt.core.tests.compiler.parser.CompletionParserTestKeyword" time="0"/>
  <testcase name="test0090_Method - 10" classname="org.eclipse.jdt.core.tests.compiler.parser.CompletionParserTest2" time="0.001"/>
  <testcase name="test0090_Method - 10" classname="org.eclipse.jdt.core.tests.compiler.parser.CompletionParserTestKeyword" time="0"/>
  <testcase name="test0091 - 10" classname="org.eclipse.jdt.core.tests.compiler.parser.CompletionParserTest2" time="0"/>
  <testcase name="test0091 - 10" classname="org.eclipse.jdt.core.tests.compiler.parser.GenericsCompletionParserTest" time="0"/>
  <testcase name="test0091 - 10" classname="org.eclipse.jdt.core.tests.compiler.parser.AnnotationCompletionParserTest" time="0"/>
  <testcase name="test0091 - 10" classname="org.eclipse.jdt.core.tests.compiler.parser.TypeAnnotationSyntaxTest" time="0.001"/>
  <testcase name="test0092_Diet - 10" classname="org.eclipse.jdt.core.tests.compiler.parser.CompletionParserTest2" time="0"/>
  <testcase name="test0092_Diet - 10" classname="org.eclipse.jdt.core.tests.compiler.parser.CompletionParserTestKeyword" time="0"/>
  <testcase name="test0092_Method - 10" classname="org.eclipse.jdt.core.tests.compiler.parser.CompletionParserTest2" time="0.001"/>
  <testcase name="test0092_Method - 10" classname="org.eclipse.jdt.core.tests.compiler.parser.CompletionParserTestKeyword" time="0"/>
  <testcase name="test0093_Diet - 10" classname="org.eclipse.jdt.core.tests.compiler.parser.CompletionParserTest2" time="0"/>
  <testcase name="test0093_Diet - 10" classname="org.eclipse.jdt.core.tests.compiler.parser.CompletionParserTestKeyword" time="0"/>
  <testcase name="test0093_Method - 10" classname="org.eclipse.jdt.core.tests.compiler.parser.CompletionParserTest2" time="0.001"/>
  <testcase name="test0093_Method - 10" classname="org.eclipse.jdt.core.tests.compiler.parser.CompletionParserTestKeyword" time="0.001"/>
  <testcase name="test0094 - 10" classname="org.eclipse.jdt.core.tests.compiler.parser.CompletionParserTest2" time="0"/>
  <testcase name="test0094 - 10" classname="org.eclipse.jdt.core.tests.compiler.parser.GenericsCompletionParserTest" time="0"/>
  <testcase name="test0094 - 10" classname="org.eclipse.jdt.core.tests.compiler.parser.AnnotationCompletionParserTest" time="0"/>
  <testcase name="test0094 - 10" classname="org.eclipse.jdt.core.tests.compiler.parser.TypeAnnotationSyntaxTest" time="0.001"/>
  <testcase name="test0095_Diet - 10" classname="org.eclipse.jdt.core.tests.compiler.parser.CompletionParserTest2" time="0"/>
  <testcase name="test0095_Diet - 10" classname="org.eclipse.jdt.core.tests.compiler.parser.CompletionParserTestKeyword" time="0"/>
  <testcase name="test0095_Method - 10" classname="org.eclipse.jdt.core.tests.compiler.parser.CompletionParserTest2" time="0"/>
  <testcase name="test0095_Method - 10" classname="org.eclipse.jdt.core.tests.compiler.parser.CompletionParserTestKeyword" time="0.001"/>
  <testcase name="test0096_Diet - 10" classname="org.eclipse.jdt.core.tests.compiler.parser.CompletionParserTest2" time="0"/>
  <testcase name="test0096_Diet - 10" classname="org.eclipse.jdt.core.tests.compiler.parser.CompletionParserTestKeyword" time="0"/>
  <testcase name="test0096_Method - 10" classname="org.eclipse.jdt.core.tests.compiler.parser.CompletionParserTest2" time="0"/>
  <testcase name="test0096_Method - 10" classname="org.eclipse.jdt.core.tests.compiler.parser.CompletionParserTestKeyword" time="0"/>
  <testcase name="test0097_Diet - 10" classname="org.eclipse.jdt.core.tests.compiler.parser.CompletionParserTest2" time="0"/>
  <testcase name="test0097_Diet - 10" classname="org.eclipse.jdt.core.tests.compiler.parser.CompletionParserTestKeyword" time="0"/>
  <testcase name="test0097_Method - 10" classname="org.eclipse.jdt.core.tests.compiler.parser.CompletionParserTest2" time="0.001"/>
  <testcase name="test0097_Method - 10" classname="org.eclipse.jdt.core.tests.compiler.parser.CompletionParserTestKeyword" time="0"/>
  <testcase name="test0098_Diet - 10" classname="org.eclipse.jdt.core.tests.compiler.parser.CompletionParserTest2" time="0"/>
  <testcase name="test0098_Diet - 10" classname="org.eclipse.jdt.core.tests.compiler.parser.CompletionParserTestKeyword" time="0"/>
  <testcase name="test0098_Method - 10" classname="org.eclipse.jdt.core.tests.compiler.parser.CompletionParserTest2" time="0"/>
  <testcase name="test0098_Method - 10" classname="org.eclipse.jdt.core.tests.compiler.parser.CompletionParserTestKeyword" time="0"/>
  <testcase name="test0099_Diet - 10" classname="org.eclipse.jdt.core.tests.compiler.parser.CompletionParserTest2" time="0.001"/>
  <testcase name="test0099_Diet - 10" classname="org.eclipse.jdt.core.tests.compiler.parser.CompletionParserTestKeyword" time="0"/>
  <testcase name="test0099_Diet - 10" classname="org.eclipse.jdt.core.tests.compiler.parser.GenericsCompletionParserTest" time="0"/>
  <testcase name="test0099_Method - 10" classname="org.eclipse.jdt.core.tests.compiler.parser.CompletionParserTest2" time="0"/>
  <testcase name="test0099_Method - 10" classname="org.eclipse.jdt.core.tests.compiler.parser.CompletionParserTestKeyword" time="0"/>
  <testcase name="test0099_Method - 10" classname="org.eclipse.jdt.core.tests.compiler.parser.GenericsCompletionParserTest" time="0.001"/>
  <testcase name="test0100_Diet - 10" classname="org.eclipse.jdt.core.tests.compiler.parser.CompletionParserTest2" time="0"/>
  <testcase name="test0100_Diet - 10" classname="org.eclipse.jdt.core.tests.compiler.parser.CompletionParserTestKeyword" time="0"/>
  <testcase name="test0100_Diet - 10" classname="org.eclipse.jdt.core.tests.compiler.parser.GenericsCompletionParserTest" time="0"/>
  <testcase name="test0100_Method - 10" classname="org.eclipse.jdt.core.tests.compiler.parser.CompletionParserTest2" time="0.001"/>
  <testcase name="test0100_Method - 10" classname="org.eclipse.jdt.core.tests.compiler.parser.CompletionParserTestKeyword" time="0"/>
  <testcase name="test0100_Method - 10" classname="org.eclipse.jdt.core.tests.compiler.parser.GenericsCompletionParserTest" time="0"/>
  <testcase name="test0101_Diet - 10" classname="org.eclipse.jdt.core.tests.compiler.parser.CompletionParserTest2" time="0"/>
  <testcase name="test0101_Diet - 10" classname="org.eclipse.jdt.core.tests.compiler.parser.GenericsCompletionParserTest" time="0"/>
  <testcase name="test0101_Method - 10" classname="org.eclipse.jdt.core.tests.compiler.parser.CompletionParserTest2" time="0"/>
  <testcase name="test0101_Method - 10" classname="org.eclipse.jdt.core.tests.compiler.parser.GenericsCompletionParserTest" time="0.001"/>
  <testcase name="test0102_Diet - 10" classname="org.eclipse.jdt.core.tests.compiler.parser.CompletionParserTest2" time="0"/>
  <testcase name="test0102_Diet - 10" classname="org.eclipse.jdt.core.tests.compiler.parser.GenericsCompletionParserTest" time="0"/>
  <testcase name="test0102_Method - 10" classname="org.eclipse.jdt.core.tests.compiler.parser.CompletionParserTest2" time="0"/>
  <testcase name="test0102_Method - 10" classname="org.eclipse.jdt.core.tests.compiler.parser.GenericsCompletionParserTest" time="0"/>
  <testcase name="test0103_Diet - 10" classname="org.eclipse.jdt.core.tests.compiler.parser.CompletionParserTest2" time="0"/>
  <testcase name="test0103_Diet - 10" classname="org.eclipse.jdt.core.tests.compiler.parser.GenericsCompletionParserTest" time="0"/>
  <testcase name="test0103_Method - 10" classname="org.eclipse.jdt.core.tests.compiler.parser.CompletionParserTest2" time="0"/>
  <testcase name="test0103_Method - 10" classname="org.eclipse.jdt.core.tests.compiler.parser.GenericsCompletionParserTest" time="0"/>
  <testcase name="test0104_Diet - 10" classname="org.eclipse.jdt.core.tests.compiler.parser.CompletionParserTest2" time="0"/>
  <testcase name="test0104_Diet - 10" classname="org.eclipse.jdt.core.tests.compiler.parser.GenericsCompletionParserTest" time="0"/>
  <testcase name="test0104_Method - 10" classname="org.eclipse.jdt.core.tests.compiler.parser.CompletionParserTest2" time="0"/>
  <testcase name="test0104_Method - 10" classname="org.eclipse.jdt.core.tests.compiler.parser.GenericsCompletionParserTest" time="0"/>
  <testcase name="test0105_Diet - 10" classname="org.eclipse.jdt.core.tests.compiler.parser.CompletionParserTest2" time="0"/>
  <testcase name="test0105_Diet - 10" classname="org.eclipse.jdt.core.tests.compiler.parser.GenericsCompletionParserTest" time="0"/>
  <testcase name="test0105_Diet - 10" classname="org.eclipse.jdt.core.tests.compiler.parser.AnnotationCompletionParserTest" time="0.001"/>
  <testcase name="test0105_Method - 10" classname="org.eclipse.jdt.core.tests.compiler.parser.CompletionParserTest2" time="0.001"/>
  <testcase name="test0105_Method - 10" classname="org.eclipse.jdt.core.tests.compiler.parser.GenericsCompletionParserTest" time="0"/>
  <testcase name="test0105_Method - 10" classname="org.eclipse.jdt.core.tests.compiler.parser.AnnotationCompletionParserTest" time="0"/>
  <testcase name="test0106_Diet - 10" classname="org.eclipse.jdt.core.tests.compiler.parser.CompletionParserTest2" time="0"/>
  <testcase name="test0106_Diet - 10" classname="org.eclipse.jdt.core.tests.compiler.parser.GenericsCompletionParserTest" time="0"/>
  <testcase name="test0106_Diet - 10" classname="org.eclipse.jdt.core.tests.compiler.parser.AnnotationCompletionParserTest" time="0"/>
  <testcase name="test0106_Method - 10" classname="org.eclipse.jdt.core.tests.compiler.parser.CompletionParserTest2" time="0"/>
  <testcase name="test0106_Method - 10" classname="org.eclipse.jdt.core.tests.compiler.parser.GenericsCompletionParserTest" time="0"/>
  <testcase name="test0106_Method - 10" classname="org.eclipse.jdt.core.tests.compiler.parser.AnnotationCompletionParserTest" time="0"/>
  <testcase name="test0107_Diet - 10" classname="org.eclipse.jdt.core.tests.compiler.parser.CompletionParserTest2" time="0.001"/>
  <testcase name="test0107_Diet - 10" classname="org.eclipse.jdt.core.tests.compiler.parser.CompletionParserTestKeyword" time="0"/>
  <testcase name="test0107_Diet - 10" classname="org.eclipse.jdt.core.tests.compiler.parser.GenericsCompletionParserTest" time="0"/>
  <testcase name="test0107_Diet - 10" classname="org.eclipse.jdt.core.tests.compiler.parser.AnnotationCompletionParserTest" time="0"/>
  <testcase name="test0107_Method - 10" classname="org.eclipse.jdt.core.tests.compiler.parser.CompletionParserTest2" time="0"/>
  <testcase name="test0107_Method - 10" classname="org.eclipse.jdt.core.tests.compiler.parser.CompletionParserTestKeyword" time="0.001"/>
  <testcase name="test0107_Method - 10" classname="org.eclipse.jdt.core.tests.compiler.parser.GenericsCompletionParserTest" time="0"/>
  <testcase name="test0107_Method - 10" classname="org.eclipse.jdt.core.tests.compiler.parser.AnnotationCompletionParserTest" time="0.001"/>
  <testcase name="test0108_Diet - 10" classname="org.eclipse.jdt.core.tests.compiler.parser.CompletionParserTest2" time="0"/>
  <testcase name="test0108_Diet - 10" classname="org.eclipse.jdt.core.tests.compiler.parser.CompletionParserTestKeyword" time="0"/>
  <testcase name="test0108_Diet - 10" classname="org.eclipse.jdt.core.tests.compiler.parser.GenericsCompletionParserTest" time="0"/>
  <testcase name="test0108_Diet - 10" classname="org.eclipse.jdt.core.tests.compiler.parser.AnnotationCompletionParserTest" time="0"/>
  <testcase name="test0108_Method - 10" classname="org.eclipse.jdt.core.tests.compiler.parser.CompletionParserTest2" time="0"/>
  <testcase name="test0108_Method - 10" classname="org.eclipse.jdt.core.tests.compiler.parser.CompletionParserTestKeyword" time="0"/>
  <testcase name="test0108_Method - 10" classname="org.eclipse.jdt.core.tests.compiler.parser.GenericsCompletionParserTest" time="0"/>
  <testcase name="test0108_Method - 10" classname="org.eclipse.jdt.core.tests.compiler.parser.AnnotationCompletionParserTest" time="0"/>
  <testcase name="test0109_Diet - 10" classname="org.eclipse.jdt.core.tests.compiler.parser.CompletionParserTest2" time="0"/>
  <testcase name="test0109_Diet - 10" classname="org.eclipse.jdt.core.tests.compiler.parser.CompletionParserTestKeyword" time="0"/>
  <testcase name="test0109_Diet - 10" classname="org.eclipse.jdt.core.tests.compiler.parser.GenericsCompletionParserTest" time="0.001"/>
  <testcase name="test0109_Diet - 10" classname="org.eclipse.jdt.core.tests.compiler.parser.AnnotationCompletionParserTest" time="0"/>
  <testcase name="test0109_Method - 10" classname="org.eclipse.jdt.core.tests.compiler.parser.CompletionParserTest2" time="0"/>
  <testcase name="test0109_Method - 10" classname="org.eclipse.jdt.core.tests.compiler.parser.CompletionParserTestKeyword" time="0.001"/>
  <testcase name="test0109_Method - 10" classname="org.eclipse.jdt.core.tests.compiler.parser.GenericsCompletionParserTest" time="0"/>
  <testcase name="test0109_Method - 10" classname="org.eclipse.jdt.core.tests.compiler.parser.AnnotationCompletionParserTest" time="0"/>
  <testcase name="test0110_Diet - 10" classname="org.eclipse.jdt.core.tests.compiler.parser.CompletionParserTest2" time="0"/>
  <testcase name="test0110_Diet - 10" classname="org.eclipse.jdt.core.tests.compiler.parser.CompletionParserTestKeyword" time="0"/>
  <testcase name="test0110_Diet - 10" classname="org.eclipse.jdt.core.tests.compiler.parser.GenericsCompletionParserTest" time="0"/>
  <testcase name="test0110_Diet - 10" classname="org.eclipse.jdt.core.tests.compiler.parser.AnnotationCompletionParserTest" time="0.001"/>
  <testcase name="test0110_Method - 10" classname="org.eclipse.jdt.core.tests.compiler.parser.CompletionParserTest2" time="0.001"/>
  <testcase name="test0110_Method - 10" classname="org.eclipse.jdt.core.tests.compiler.parser.CompletionParserTestKeyword" time="0"/>
  <testcase name="test0110_Method - 10" classname="org.eclipse.jdt.core.tests.compiler.parser.GenericsCompletionParserTest" time="0"/>
  <testcase name="test0110_Method - 10" classname="org.eclipse.jdt.core.tests.compiler.parser.AnnotationCompletionParserTest" time="0"/>
  <testcase name="test0111_Diet - 10" classname="org.eclipse.jdt.core.tests.compiler.parser.CompletionParserTest2" time="0"/>
  <testcase name="test0111_Diet - 10" classname="org.eclipse.jdt.core.tests.compiler.parser.GenericsCompletionParserTest" time="0.001"/>
  <testcase name="test0111_Diet - 10" classname="org.eclipse.jdt.core.tests.compiler.parser.AnnotationCompletionParserTest" time="0"/>
  <testcase name="test0111_Method - 10" classname="org.eclipse.jdt.core.tests.compiler.parser.CompletionParserTest2" time="0"/>
  <testcase name="test0111_Method - 10" classname="org.eclipse.jdt.core.tests.compiler.parser.GenericsCompletionParserTest" time="0"/>
  <testcase name="test0111_Method - 10" classname="org.eclipse.jdt.core.tests.compiler.parser.AnnotationCompletionParserTest" time="0"/>
  <testcase name="test0112_Diet - 10" classname="org.eclipse.jdt.core.tests.compiler.parser.CompletionParserTest2" time="0"/>
  <testcase name="test0112_Diet - 10" classname="org.eclipse.jdt.core.tests.compiler.parser.GenericsCompletionParserTest" time="0"/>
  <testcase name="test0112_Diet - 10" classname="org.eclipse.jdt.core.tests.compiler.parser.AnnotationCompletionParserTest" time="0"/>
  <testcase name="test0112_Method - 10" classname="org.eclipse.jdt.core.tests.compiler.parser.CompletionParserTest2" time="0"/>
  <testcase name="test0112_Method - 10" classname="org.eclipse.jdt.core.tests.compiler.parser.GenericsCompletionParserTest" time="0"/>
  <testcase name="test0112_Method - 10" classname="org.eclipse.jdt.core.tests.compiler.parser.AnnotationCompletionParserTest" time="0.001"/>
  <testcase name="test0113_Diet - 10" classname="org.eclipse.jdt.core.tests.compiler.parser.CompletionParserTest2" time="0"/>
  <testcase name="test0113_Diet - 10" classname="org.eclipse.jdt.core.tests.compiler.parser.GenericsCompletionParserTest" time="0"/>
  <testcase name="test0113_Diet - 10" classname="org.eclipse.jdt.core.tests.compiler.parser.AnnotationCompletionParserTest" time="0"/>
  <testcase name="test0113_Method - 10" classname="org.eclipse.jdt.core.tests.compiler.parser.CompletionParserTest2" time="0"/>
  <testcase name="test0113_Method - 10" classname="org.eclipse.jdt.core.tests.compiler.parser.GenericsCompletionParserTest" time="0"/>
  <testcase name="test0113_Method - 10" classname="org.eclipse.jdt.core.tests.compiler.parser.AnnotationCompletionParserTest" time="0"/>
  <testcase name="test0114_Diet - 10" classname="org.eclipse.jdt.core.tests.compiler.parser.CompletionParserTest2" time="0"/>
  <testcase name="test0114_Diet - 10" classname="org.eclipse.jdt.core.tests.compiler.parser.GenericsCompletionParserTest" time="0"/>
  <testcase name="test0114_Diet - 10" classname="org.eclipse.jdt.core.tests.compiler.parser.AnnotationCompletionParserTest" time="0"/>
  <testcase name="test0114_Method - 10" classname="org.eclipse.jdt.core.tests.compiler.parser.CompletionParserTest2" time="0"/>
  <testcase name="test0114_Method - 10" classname="org.eclipse.jdt.core.tests.compiler.parser.GenericsCompletionParserTest" time="0.001"/>
  <testcase name="test0114_Method - 10" classname="org.eclipse.jdt.core.tests.compiler.parser.AnnotationCompletionParserTest" time="0"/>
  <testcase name="test0115_Diet - 10" classname="org.eclipse.jdt.core.tests.compiler.parser.CompletionParserTest2" time="0"/>
  <testcase name="test0115_Diet - 10" classname="org.eclipse.jdt.core.tests.compiler.parser.GenericsCompletionParserTest" time="0"/>
  <testcase name="test0115_Method - 10" classname="org.eclipse.jdt.core.tests.compiler.parser.CompletionParserTest2" time="0.001"/>
  <testcase name="test0115_Method - 10" classname="org.eclipse.jdt.core.tests.compiler.parser.GenericsCompletionParserTest" time="0"/>
  <testcase name="test0116_Diet - 10" classname="org.eclipse.jdt.core.tests.compiler.parser.CompletionParserTest2" time="0"/>
  <testcase name="test0116_Diet - 10" classname="org.eclipse.jdt.core.tests.compiler.parser.GenericsCompletionParserTest" time="0"/>
  <testcase name="test0116_Method - 10" classname="org.eclipse.jdt.core.tests.compiler.parser.CompletionParserTest2" time="0"/>
  <testcase name="test0116_Method - 10" classname="org.eclipse.jdt.core.tests.compiler.parser.GenericsCompletionParserTest" time="0.001"/>
  <testcase name="test0117_Diet - 10" classname="org.eclipse.jdt.core.tests.compiler.parser.CompletionParserTest2" time="0"/>
  <testcase name="test0117_Diet - 10" classname="org.eclipse.jdt.core.tests.compiler.parser.GenericsCompletionParserTest" time="0"/>
  <testcase name="test0117_Method - 10" classname="org.eclipse.jdt.core.tests.compiler.parser.CompletionParserTest2" time="0"/>
  <testcase name="test0117_Method - 10" classname="org.eclipse.jdt.core.tests.compiler.parser.GenericsCompletionParserTest" time="0"/>
  <testcase name="test0118_Diet - 10" classname="org.eclipse.jdt.core.tests.compiler.parser.CompletionParserTest2" time="0"/>
  <testcase name="test0118_Diet - 10" classname="org.eclipse.jdt.core.tests.compiler.parser.GenericsCompletionParserTest" time="0"/>
  <testcase name="test0118_Method - 10" classname="org.eclipse.jdt.core.tests.compiler.parser.CompletionParserTest2" time="0"/>
  <testcase name="test0118_Method - 10" classname="org.eclipse.jdt.core.tests.compiler.parser.GenericsCompletionParserTest" time="0.001"/>
  <testcase name="test0119_Diet - 10" classname="org.eclipse.jdt.core.tests.compiler.parser.CompletionParserTest2" time="0.001"/>
  <testcase name="test0119_Diet - 10" classname="org.eclipse.jdt.core.tests.compiler.parser.GenericsCompletionParserTest" time="0"/>
  <testcase name="test0119_Diet - 10" classname="org.eclipse.jdt.core.tests.compiler.parser.AnnotationCompletionParserTest" time="0"/>
  <testcase name="test0119_Method - 10" classname="org.eclipse.jdt.core.tests.compiler.parser.CompletionParserTest2" time="0"/>
  <testcase name="test0119_Method - 10" classname="org.eclipse.jdt.core.tests.compiler.parser.GenericsCompletionParserTest" time="0"/>
  <testcase name="test0119_Method - 10" classname="org.eclipse.jdt.core.tests.compiler.parser.AnnotationCompletionParserTest" time="0"/>
  <testcase name="test0120_Diet - 10" classname="org.eclipse.jdt.core.tests.compiler.parser.CompletionParserTest2" time="0"/>
  <testcase name="test0120_Diet - 10" classname="org.eclipse.jdt.core.tests.compiler.parser.GenericsCompletionParserTest" time="0.001"/>
  <testcase name="test0120_Diet - 10" classname="org.eclipse.jdt.core.tests.compiler.parser.AnnotationCompletionParserTest" time="0"/>
  <testcase name="test0120_Method - 10" classname="org.eclipse.jdt.core.tests.compiler.parser.CompletionParserTest2" time="0"/>
  <testcase name="test0120_Method - 10" classname="org.eclipse.jdt.core.tests.compiler.parser.GenericsCompletionParserTest" time="0"/>
  <testcase name="test0120_Method - 10" classname="org.eclipse.jdt.core.tests.compiler.parser.AnnotationCompletionParserTest" time="0.001"/>
  <testcase name="test0121_Diet - 10" classname="org.eclipse.jdt.core.tests.compiler.parser.CompletionParserTest2" time="0"/>
  <testcase name="test0121_Diet - 10" classname="org.eclipse.jdt.core.tests.compiler.parser.GenericsCompletionParserTest" time="0"/>
  <testcase name="test0121_Method - 10" classname="org.eclipse.jdt.core.tests.compiler.parser.CompletionParserTest2" time="0"/>
  <testcase name="test0121_Method - 10" classname="org.eclipse.jdt.core.tests.compiler.parser.GenericsCompletionParserTest" time="0.001"/>
  <testcase name="test0122_Diet - 10" classname="org.eclipse.jdt.core.tests.compiler.parser.CompletionParserTest2" time="0"/>
  <testcase name="test0122_Diet - 10" classname="org.eclipse.jdt.core.tests.compiler.parser.GenericsCompletionParserTest" time="0"/>
  <testcase name="test0122_Method - 10" classname="org.eclipse.jdt.core.tests.compiler.parser.CompletionParserTest2" time="0.001"/>
  <testcase name="test0122_Method - 10" classname="org.eclipse.jdt.core.tests.compiler.parser.GenericsCompletionParserTest" time="0"/>
  <testcase name="test0123_Diet - 10" classname="org.eclipse.jdt.core.tests.compiler.parser.CompletionParserTest2" time="0"/>
  <testcase name="test0123_Diet - 10" classname="org.eclipse.jdt.core.tests.compiler.parser.GenericsCompletionParserTest" time="0"/>
  <testcase name="test0123_Method - 10" classname="org.eclipse.jdt.core.tests.compiler.parser.CompletionParserTest2" time="0"/>
  <testcase name="test0123_Method - 10" classname="org.eclipse.jdt.core.tests.compiler.parser.GenericsCompletionParserTest" time="0"/>
  <testcase name="test0124_Diet - 10" classname="org.eclipse.jdt.core.tests.compiler.parser.CompletionParserTest2" time="0.001"/>
  <testcase name="test0124_Diet - 10" classname="org.eclipse.jdt.core.tests.compiler.parser.GenericsCompletionParserTest" time="0"/>
  <testcase name="test0124_Method - 10" classname="org.eclipse.jdt.core.tests.compiler.parser.CompletionParserTest2" time="0"/>
  <testcase name="test0124_Method - 10" classname="org.eclipse.jdt.core.tests.compiler.parser.GenericsCompletionParserTest" time="0"/>
  <testcase name="test0125_Diet - 10" classname="org.eclipse.jdt.core.tests.compiler.parser.CompletionParserTest2" time="0"/>
  <testcase name="test0125_Diet - 10" classname="org.eclipse.jdt.core.tests.compiler.parser.GenericsCompletionParserTest" time="0"/>
  <testcase name="test0125_Method - 10" classname="org.eclipse.jdt.core.tests.compiler.parser.CompletionParserTest2" time="0.001"/>
  <testcase name="test0125_Method - 10" classname="org.eclipse.jdt.core.tests.compiler.parser.GenericsCompletionParserTest" time="0"/>
  <testcase name="test0126_Diet - 10" classname="org.eclipse.jdt.core.tests.compiler.parser.CompletionParserTest2" time="0"/>
  <testcase name="test0126_Diet - 10" classname="org.eclipse.jdt.core.tests.compiler.parser.GenericsCompletionParserTest" time="0"/>
  <testcase name="test0126_Method - 10" classname="org.eclipse.jdt.core.tests.compiler.parser.CompletionParserTest2" time="0"/>
  <testcase name="test0126_Method - 10" classname="org.eclipse.jdt.core.tests.compiler.parser.GenericsCompletionParserTest" time="0"/>
  <testcase name="test0127 - 10" classname="org.eclipse.jdt.core.tests.compiler.parser.CompletionParserTest2" time="0.001"/>
  <testcase name="test0127 - 10" classname="org.eclipse.jdt.core.tests.compiler.parser.CompletionParserTestKeyword" time="0"/>
  <testcase name="test0127 - 10" classname="org.eclipse.jdt.core.tests.compiler.parser.AnnotationCompletionParserTest" time="0"/>
  <testcase name="test0127 - 10" classname="org.eclipse.jdt.core.tests.compiler.parser.TypeAnnotationSyntaxTest" time="0"/>
  <testcase name="test0128_Diet - 10" classname="org.eclipse.jdt.core.tests.compiler.parser.CompletionParserTest2" time="0"/>
  <testcase name="test0128_Diet - 10" classname="org.eclipse.jdt.core.tests.compiler.parser.GenericsCompletionParserTest" time="0"/>
  <testcase name="test0128_Method - 10" classname="org.eclipse.jdt.core.tests.compiler.parser.CompletionParserTest2" time="0"/>
  <testcase name="test0128_Method - 10" classname="org.eclipse.jdt.core.tests.compiler.parser.GenericsCompletionParserTest" time="0"/>
  <testcase name="test0129_Diet - 10" classname="org.eclipse.jdt.core.tests.compiler.parser.CompletionParserTest2" time="0"/>
  <testcase name="test0129_Diet - 10" classname="org.eclipse.jdt.core.tests.compiler.parser.GenericsCompletionParserTest" time="0.001"/>
  <testcase name="test0129_Method - 10" classname="org.eclipse.jdt.core.tests.compiler.parser.CompletionParserTest2" time="0.001"/>
  <testcase name="test0129_Method - 10" classname="org.eclipse.jdt.core.tests.compiler.parser.GenericsCompletionParserTest" time="0"/>
  <testcase name="test0130_Diet - 10" classname="org.eclipse.jdt.core.tests.compiler.parser.CompletionParserTest2" time="0"/>
  <testcase name="test0130_Diet - 10" classname="org.eclipse.jdt.core.tests.compiler.parser.GenericsCompletionParserTest" time="0"/>
  <testcase name="test0130_Method - 10" classname="org.eclipse.jdt.core.tests.compiler.parser.CompletionParserTest2" time="0"/>
  <testcase name="test0130_Method - 10" classname="org.eclipse.jdt.core.tests.compiler.parser.GenericsCompletionParserTest" time="0"/>
  <testcase name="test0131_Diet - 10" classname="org.eclipse.jdt.core.tests.compiler.parser.CompletionParserTest2" time="0.001"/>
  <testcase name="test0131_Diet - 10" classname="org.eclipse.jdt.core.tests.compiler.parser.GenericsCompletionParserTest" time="0.001"/>
  <testcase name="test0131_Method - 10" classname="org.eclipse.jdt.core.tests.compiler.parser.CompletionParserTest2" time="0"/>
  <testcase name="test0131_Method - 10" classname="org.eclipse.jdt.core.tests.compiler.parser.GenericsCompletionParserTest" time="0"/>
  <testcase name="test0132_Diet - 10" classname="org.eclipse.jdt.core.tests.compiler.parser.CompletionParserTest2" time="0"/>
  <testcase name="test0132_Diet - 10" classname="org.eclipse.jdt.core.tests.compiler.parser.GenericsCompletionParserTest" time="0"/>
  <testcase name="test0132_Method - 10" classname="org.eclipse.jdt.core.tests.compiler.parser.CompletionParserTest2" time="0.001"/>
  <testcase name="test0132_Method - 10" classname="org.eclipse.jdt.core.tests.compiler.parser.GenericsCompletionParserTest" time="0"/>
  <testcase name="test0133_Diet - 10" classname="org.eclipse.jdt.core.tests.compiler.parser.CompletionParserTest2" time="0"/>
  <testcase name="test0133_Diet - 10" classname="org.eclipse.jdt.core.tests.compiler.parser.GenericsCompletionParserTest" time="0"/>
  <testcase name="test0133_Method - 10" classname="org.eclipse.jdt.core.tests.compiler.parser.CompletionParserTest2" time="0"/>
  <testcase name="test0133_Method - 10" classname="org.eclipse.jdt.core.tests.compiler.parser.GenericsCompletionParserTest" time="0"/>
  <testcase name="test0134 - 10" classname="org.eclipse.jdt.core.tests.compiler.parser.CompletionParserTest2" time="0.001"/>
  <testcase name="test0134 - 10" classname="org.eclipse.jdt.core.tests.compiler.parser.CompletionParserTestKeyword" time="0"/>
  <testcase name="test0134 - 10" classname="org.eclipse.jdt.core.tests.compiler.parser.TypeAnnotationSyntaxTest" time="0"/>
  <testcase name="test0135_Diet - 10" classname="org.eclipse.jdt.core.tests.compiler.parser.CompletionParserTest2" time="0"/>
  <testcase name="test0135_Diet - 10" classname="org.eclipse.jdt.core.tests.compiler.parser.GenericsCompletionParserTest" time="0"/>
  <testcase name="test0135_Method - 10" classname="org.eclipse.jdt.core.tests.compiler.parser.CompletionParserTest2" time="0"/>
  <testcase name="test0135_Method - 10" classname="org.eclipse.jdt.core.tests.compiler.parser.GenericsCompletionParserTest" time="0"/>
  <testcase name="test0136 - 10" classname="org.eclipse.jdt.core.tests.compiler.parser.CompletionParserTest2" time="0.001"/>
  <testcase name="test0136 - 10" classname="org.eclipse.jdt.core.tests.compiler.parser.CompletionParserTestKeyword" time="0"/>
  <testcase name="test0136 - 10" classname="org.eclipse.jdt.core.tests.compiler.parser.TypeAnnotationSyntaxTest" time="0.001"/>
  <testcase name="test0137_Diet - 10" classname="org.eclipse.jdt.core.tests.compiler.parser.CompletionParserTest2" time="0"/>
  <testcase name="test0137_Diet - 10" classname="org.eclipse.jdt.core.tests.compiler.parser.GenericsCompletionParserTest" time="0"/>
  <testcase name="test0137_Method - 10" classname="org.eclipse.jdt.core.tests.compiler.parser.CompletionParserTest2" time="0"/>
  <testcase name="test0137_Method - 10" classname="org.eclipse.jdt.core.tests.compiler.parser.GenericsCompletionParserTest" time="0"/>
  <testcase name="test0138_Diet - 10" classname="org.eclipse.jdt.core.tests.compiler.parser.CompletionParserTest2" time="0"/>
  <testcase name="test0138_Diet - 10" classname="org.eclipse.jdt.core.tests.compiler.parser.GenericsCompletionParserTest" time="0"/>
  <testcase name="test0138_Method - 10" classname="org.eclipse.jdt.core.tests.compiler.parser.CompletionParserTest2" time="0.001"/>
  <testcase name="test0138_Method - 10" classname="org.eclipse.jdt.core.tests.compiler.parser.GenericsCompletionParserTest" time="0.001"/>
  <testcase name="test0139 - 10" classname="org.eclipse.jdt.core.tests.compiler.parser.CompletionParserTest2" time="0"/>
  <testcase name="test0139 - 10" classname="org.eclipse.jdt.core.tests.compiler.parser.CompletionParserTestKeyword" time="0"/>
  <testcase name="test0139 - 10" classname="org.eclipse.jdt.core.tests.compiler.parser.TypeAnnotationSyntaxTest" time="0"/>
  <testcase name="test0140 - 10" classname="org.eclipse.jdt.core.tests.compiler.parser.CompletionParserTest2" time="0"/>
  <testcase name="test0140 - 10" classname="org.eclipse.jdt.core.tests.compiler.parser.CompletionParserTestKeyword" time="0"/>
  <testcase name="test0141 - 10" classname="org.eclipse.jdt.core.tests.compiler.parser.CompletionParserTest2" time="0.001"/>
  <testcase name="test0141 - 10" classname="org.eclipse.jdt.core.tests.compiler.parser.CompletionParserTestKeyword" time="0.001"/>
  <testcase name="test0142_Diet - 10" classname="org.eclipse.jdt.core.tests.compiler.parser.CompletionParserTest2" time="0"/>
  <testcase name="test0142_Diet - 10" classname="org.eclipse.jdt.core.tests.compiler.parser.GenericsCompletionParserTest" time="0"/>
  <testcase name="test0142_Method - 10" classname="org.eclipse.jdt.core.tests.compiler.parser.CompletionParserTest2" time="0"/>
  <testcase name="test0142_Method - 10" classname="org.eclipse.jdt.core.tests.compiler.parser.GenericsCompletionParserTest" time="0"/>
  <testcase name="test0143_Diet - 10" classname="org.eclipse.jdt.core.tests.compiler.parser.CompletionParserTest2" time="0.001"/>
  <testcase name="test0143_Diet - 10" classname="org.eclipse.jdt.core.tests.compiler.parser.GenericsCompletionParserTest" time="0"/>
  <testcase name="test0143_Method - 10" classname="org.eclipse.jdt.core.tests.compiler.parser.CompletionParserTest2" time="0"/>
  <testcase name="test0143_Method - 10" classname="org.eclipse.jdt.core.tests.compiler.parser.GenericsCompletionParserTest" time="0"/>
  <testcase name="test0144_Diet - 10" classname="org.eclipse.jdt.core.tests.compiler.parser.CompletionParserTest2" time="0"/>
  <testcase name="test0144_Diet - 10" classname="org.eclipse.jdt.core.tests.compiler.parser.GenericsCompletionParserTest" time="0.001"/>
  <testcase name="test0144_Method - 10" classname="org.eclipse.jdt.core.tests.compiler.parser.CompletionParserTest2" time="0.001"/>
  <testcase name="test0144_Method - 10" classname="org.eclipse.jdt.core.tests.compiler.parser.GenericsCompletionParserTest" time="0"/>
  <testcase name="test0145_Diet - 10" classname="org.eclipse.jdt.core.tests.compiler.parser.CompletionParserTest2" time="0"/>
  <testcase name="test0145_Diet - 10" classname="org.eclipse.jdt.core.tests.compiler.parser.GenericsCompletionParserTest" time="0"/>
  <testcase name="test0145_Method - 10" classname="org.eclipse.jdt.core.tests.compiler.parser.CompletionParserTest2" time="0"/>
  <testcase name="test0145_Method - 10" classname="org.eclipse.jdt.core.tests.compiler.parser.GenericsCompletionParserTest" time="0"/>
  <testcase name="test0146_Diet - 10" classname="org.eclipse.jdt.core.tests.compiler.parser.CompletionParserTest2" time="0"/>
  <testcase name="test0146_Method - 10" classname="org.eclipse.jdt.core.tests.compiler.parser.CompletionParserTest2" time="0"/>
  <testcase name="test0147 - 10" classname="org.eclipse.jdt.core.tests.compiler.parser.CompletionParserTest2" time="0"/>
  <testcase name="test0147 - 10" classname="org.eclipse.jdt.core.tests.compiler.parser.GenericsCompletionParserTest" time="0"/>
  <testcase name="test0148 - 10" classname="org.eclipse.jdt.core.tests.compiler.parser.CompletionParserTest2" time="0"/>
  <testcase name="test0148 - 10" classname="org.eclipse.jdt.core.tests.compiler.parser.GenericsCompletionParserTest" time="0"/>
  <testcase name="test0149_Diet - 10" classname="org.eclipse.jdt.core.tests.compiler.parser.CompletionParserTest2" time="0"/>
  <testcase name="test0149_Method - 10" classname="org.eclipse.jdt.core.tests.compiler.parser.CompletionParserTest2" time="0"/>
  <testcase name="test0150_Diet - 10" classname="org.eclipse.jdt.core.tests.compiler.parser.CompletionParserTest2" time="0"/>
  <testcase name="test0150_Method - 10" classname="org.eclipse.jdt.core.tests.compiler.parser.CompletionParserTest2" time="0.001"/>
  <testcase name="test0151_Diet - 10" classname="org.eclipse.jdt.core.tests.compiler.parser.CompletionParserTest2" time="0"/>
  <testcase name="test0151_Method - 10" classname="org.eclipse.jdt.core.tests.compiler.parser.CompletionParserTest2" time="0"/>
  <testcase name="test0152 - 10" classname="org.eclipse.jdt.core.tests.compiler.parser.CompletionParserTest2" time="0.001"/>
  <testcase name="test0152 - 10" classname="org.eclipse.jdt.core.tests.compiler.parser.CompletionParserTestKeyword" time="0"/>
  <testcase name="test0152 - 10" classname="org.eclipse.jdt.core.tests.compiler.parser.GenericsCompletionParserTest" time="0"/>
  <testcase name="test0153_Diet - 10" classname="org.eclipse.jdt.core.tests.compiler.parser.CompletionParserTest2" time="0"/>
  <testcase name="test0153_Method - 10" classname="org.eclipse.jdt.core.tests.compiler.parser.CompletionParserTest2" time="0"/>
  <testcase name="test0154_Diet - 10" classname="org.eclipse.jdt.core.tests.compiler.parser.CompletionParserTest2" time="0"/>
  <testcase name="test0154_Method - 10" classname="org.eclipse.jdt.core.tests.compiler.parser.CompletionParserTest2" time="0"/>
  <testcase name="test0155_Diet - 10" classname="org.eclipse.jdt.core.tests.compiler.parser.CompletionParserTest2" time="0"/>
  <testcase name="test0155_Method - 10" classname="org.eclipse.jdt.core.tests.compiler.parser.CompletionParserTest2" time="0.001"/>
  <testcase name="test0156_Diet - 10" classname="org.eclipse.jdt.core.tests.compiler.parser.CompletionParserTest2" time="0"/>
  <testcase name="test0156_Method - 10" classname="org.eclipse.jdt.core.tests.compiler.parser.CompletionParserTest2" time="0"/>
  <testcase name="test0157_Diet - 10" classname="org.eclipse.jdt.core.tests.compiler.parser.CompletionParserTest2" time="0"/>
  <testcase name="test0157_Method - 10" classname="org.eclipse.jdt.core.tests.compiler.parser.CompletionParserTest2" time="0"/>
  <testcase name="test0158_Diet - 10" classname="org.eclipse.jdt.core.tests.compiler.parser.CompletionParserTest2" time="0"/>
  <testcase name="test0158_Method - 10" classname="org.eclipse.jdt.core.tests.compiler.parser.CompletionParserTest2" time="0"/>
  <testcase name="test0159 - 10" classname="org.eclipse.jdt.core.tests.compiler.parser.CompletionParserTest2" time="0.001"/>
  <testcase name="test0159 - 10" classname="org.eclipse.jdt.core.tests.compiler.parser.CompletionParserTestKeyword" time="0"/>
  <testcase name="test0160 - 10" classname="org.eclipse.jdt.core.tests.compiler.parser.CompletionParserTest2" time="0"/>
  <testcase name="test0160 - 10" classname="org.eclipse.jdt.core.tests.compiler.parser.CompletionParserTestKeyword" time="0"/>
  <testcase name="test0161 - 10" classname="org.eclipse.jdt.core.tests.compiler.parser.CompletionParserTest2" time="0"/>
  <testcase name="test0161 - 10" classname="org.eclipse.jdt.core.tests.compiler.parser.CompletionParserTestKeyword" time="0.001"/>
  <testcase name="test0161 - 10" classname="org.eclipse.jdt.core.tests.compiler.parser.GenericsCompletionParserTest" time="0"/>
  <testcase name="test0162 - 10" classname="org.eclipse.jdt.core.tests.compiler.parser.CompletionParserTest2" time="0"/>
  <testcase name="test0162 - 10" classname="org.eclipse.jdt.core.tests.compiler.parser.CompletionParserTestKeyword" time="0"/>
  <testcase name="test0162 - 10" classname="org.eclipse.jdt.core.tests.compiler.parser.GenericsCompletionParserTest" time="0"/>
  <testcase name="test0163 - 10" classname="org.eclipse.jdt.core.tests.compiler.parser.CompletionParserTest2" time="0.001"/>
  <testcase name="test0163 - 10" classname="org.eclipse.jdt.core.tests.compiler.parser.CompletionParserTestKeyword" time="0"/>
  <testcase name="test0163 - 10" classname="org.eclipse.jdt.core.tests.compiler.parser.GenericsCompletionParserTest" time="0"/>
  <testcase name="test0164 - 10" classname="org.eclipse.jdt.core.tests.compiler.parser.CompletionParserTest2" time="0"/>
  <testcase name="test0164 - 10" classname="org.eclipse.jdt.core.tests.compiler.parser.CompletionParserTestKeyword" time="0"/>
  <testcase name="test0164 - 10" classname="org.eclipse.jdt.core.tests.compiler.parser.GenericsCompletionParserTest" time="0"/>
  <testcase name="test0165_Diet - 10" classname="org.eclipse.jdt.core.tests.compiler.parser.CompletionParserTest2" time="0"/>
  <testcase name="test0165_Diet - 10" classname="org.eclipse.jdt.core.tests.compiler.parser.GenericsCompletionParserTest" time="0"/>
  <testcase name="test0165_Method - 10" classname="org.eclipse.jdt.core.tests.compiler.parser.CompletionParserTest2" time="0"/>
  <testcase name="test0165_Method - 10" classname="org.eclipse.jdt.core.tests.compiler.parser.GenericsCompletionParserTest" time="0.001"/>
  <testcase name="test0166_Diet - 10" classname="org.eclipse.jdt.core.tests.compiler.parser.CompletionParserTest2" time="0"/>
  <testcase name="test0166_Diet - 10" classname="org.eclipse.jdt.core.tests.compiler.parser.GenericsCompletionParserTest" time="0"/>
  <testcase name="test0166_Method - 10" classname="org.eclipse.jdt.core.tests.compiler.parser.CompletionParserTest2" time="0"/>
  <testcase name="test0166_Method - 10" classname="org.eclipse.jdt.core.tests.compiler.parser.GenericsCompletionParserTest" time="0.001"/>
  <testcase name="test0167_Diet - 10" classname="org.eclipse.jdt.core.tests.compiler.parser.CompletionParserTest2" time="0"/>
  <testcase name="test0167_Diet - 10" classname="org.eclipse.jdt.core.tests.compiler.parser.GenericsCompletionParserTest" time="0"/>
  <testcase name="test0167_Method - 10" classname="org.eclipse.jdt.core.tests.compiler.parser.CompletionParserTest2" time="0.001"/>
  <testcase name="test0167_Method - 10" classname="org.eclipse.jdt.core.tests.compiler.parser.GenericsCompletionParserTest" time="0"/>
  <testcase name="test0168_Diet - 10" classname="org.eclipse.jdt.core.tests.compiler.parser.CompletionParserTest2" time="0"/>
  <testcase name="test0168_Diet - 10" classname="org.eclipse.jdt.core.tests.compiler.parser.GenericsCompletionParserTest" time="0.001"/>
  <testcase name="test0168_Method - 10" classname="org.eclipse.jdt.core.tests.compiler.parser.CompletionParserTest2" time="0"/>
  <testcase name="test0168_Method - 10" classname="org.eclipse.jdt.core.tests.compiler.parser.GenericsCompletionParserTest" time="0"/>
  <testcase name="test0169_Diet - 10" classname="org.eclipse.jdt.core.tests.compiler.parser.CompletionParserTest2" time="0.001"/>
  <testcase name="test0169_Method - 10" classname="org.eclipse.jdt.core.tests.compiler.parser.CompletionParserTest2" time="0"/>
  <testcase name="test0170_Diet - 10" classname="org.eclipse.jdt.core.tests.compiler.parser.CompletionParserTest2" time="0"/>
  <testcase name="test0170_Method - 10" classname="org.eclipse.jdt.core.tests.compiler.parser.CompletionParserTest2" time="0"/>
  <testcase name="test0171_Diet - 10" classname="org.eclipse.jdt.core.tests.compiler.parser.CompletionParserTest2" time="0"/>
  <testcase name="test0171_Diet - 10" classname="org.eclipse.jdt.core.tests.compiler.parser.GenericsCompletionParserTest" time="0"/>
  <testcase name="test0171_Method - 10" classname="org.eclipse.jdt.core.tests.compiler.parser.CompletionParserTest2" time="0"/>
  <testcase name="test0171_Method - 10" classname="org.eclipse.jdt.core.tests.compiler.parser.GenericsCompletionParserTest" time="0"/>
  <testcase name="test0172 - 10" classname="org.eclipse.jdt.core.tests.compiler.parser.CompletionParserTest2" time="0"/>
  <testcase name="test0172 - 10" classname="org.eclipse.jdt.core.tests.compiler.parser.CompletionParserTestKeyword" time="0"/>
  <testcase name="test0173_Diet - 10" classname="org.eclipse.jdt.core.tests.compiler.parser.CompletionParserTest2" time="0.001"/>
  <testcase name="test0173_Diet - 10" classname="org.eclipse.jdt.core.tests.compiler.parser.GenericsCompletionParserTest" time="0"/>
  <testcase name="test0173_Method - 10" classname="org.eclipse.jdt.core.tests.compiler.parser.CompletionParserTest2" time="0"/>
  <testcase name="test0173_Method - 10" classname="org.eclipse.jdt.core.tests.compiler.parser.GenericsCompletionParserTest" time="0"/>
  <testcase name="test0174_Diet - 10" classname="org.eclipse.jdt.core.tests.compiler.parser.CompletionParserTest2" time="0"/>
  <testcase name="test0174_Diet - 10" classname="org.eclipse.jdt.core.tests.compiler.parser.GenericsCompletionParserTest" time="0"/>
  <testcase name="test0175_Diet - 10" classname="org.eclipse.jdt.core.tests.compiler.parser.CompletionParserTest2" time="0"/>
  <testcase name="test0175_Diet - 10" classname="org.eclipse.jdt.core.tests.compiler.parser.GenericsCompletionParserTest" time="0"/>
  <testcase name="test0176_Diet - 10" classname="org.eclipse.jdt.core.tests.compiler.parser.CompletionParserTest2" time="0"/>
  <testcase name="test0176_Diet - 10" classname="org.eclipse.jdt.core.tests.compiler.parser.GenericsCompletionParserTest" time="0"/>
  <testcase name="test0177_Diet - 10" classname="org.eclipse.jdt.core.tests.compiler.parser.CompletionParserTest2" time="0"/>
  <testcase name="test0178_Method - 10" classname="org.eclipse.jdt.core.tests.compiler.parser.CompletionParserTest2" time="0"/>
  <testcase name="test0002 - 10" classname="org.eclipse.jdt.core.tests.compiler.parser.CompletionParserTestKeyword" time="0"/>
  <testcase name="test0002 - 10" classname="org.eclipse.jdt.core.tests.compiler.parser.StatementRecoveryTest" time="0.001"/>
  <testcase name="test0002 - 10" classname="org.eclipse.jdt.core.tests.compiler.parser.ComplianceDiagnoseTest" time="0"/>
  <testcase name="test0002 - 10" classname="org.eclipse.jdt.core.tests.compiler.parser.GenericsCompletionParserTest" time="0.001"/>
  <testcase name="test0002 - 10" classname="org.eclipse.jdt.core.tests.compiler.parser.EnumCompletionParserTest" time="0"/>
  <testcase name="test0002 - 10" classname="org.eclipse.jdt.core.tests.compiler.parser.AnnotationCompletionParserTest" time="0"/>
  <testcase name="test0002 - 10" classname="org.eclipse.jdt.core.tests.compiler.parser.GenericsSelectionTest" time="0"/>
  <testcase name="test0002 - 10" classname="org.eclipse.jdt.core.tests.compiler.parser.AnnotationSelectionTest" time="0"/>
  <testcase name="test0002 - 10" classname="org.eclipse.jdt.core.tests.compiler.parser.GenericDietRecoveryTest" time="0.001"/>
  <testcase name="test0002 - 10" classname="org.eclipse.jdt.core.tests.compiler.parser.EnumDietRecoveryTest" time="0.001"/>
  <testcase name="test0002 - 10" classname="org.eclipse.jdt.core.tests.compiler.parser.AnnotationDietRecoveryTest" time="0.001"/>
  <testcase name="test0002 - 10" classname="org.eclipse.jdt.core.tests.compiler.parser.StatementRecoveryTest_1_5" time="0.002"/>
  <testcase name="test0002 - 10" classname="org.eclipse.jdt.core.tests.compiler.parser.ParserTest1_7" time="0"/>
  <testcase name="test0002 - 10" classname="org.eclipse.jdt.core.tests.compiler.parser.LambdaExpressionSyntaxTest" time="0"/>
  <testcase name="test0002 - 10" classname="org.eclipse.jdt.core.tests.compiler.parser.ReferenceExpressionSyntaxTest" time="0"/>
  <testcase name="test0002 - 10" classname="org.eclipse.jdt.core.tests.compiler.parser.TypeAnnotationSyntaxTest" time="0"/>
  <testcase name="test0002 - 10" classname="org.eclipse.jdt.core.tests.compiler.parser.CompletionParserTest18" time="0"/>
  <testcase name="test0002 - 10" classname="org.eclipse.jdt.core.tests.compiler.parser.ModuleDeclarationSyntaxTest" time="0"/>
  <testcase name="test0003 - 10" classname="org.eclipse.jdt.core.tests.compiler.parser.CompletionParserTestKeyword" time="0"/>
  <testcase name="test0003 - 10" classname="org.eclipse.jdt.core.tests.compiler.parser.StatementRecoveryTest" time="0.001"/>
  <testcase name="test0003 - 10" classname="org.eclipse.jdt.core.tests.compiler.parser.ComplianceDiagnoseTest" time="0.2"/>
  <testcase name="test0003 - 10" classname="org.eclipse.jdt.core.tests.compiler.parser.GenericsCompletionParserTest" time="0"/>
  <testcase name="test0003 - 10" classname="org.eclipse.jdt.core.tests.compiler.parser.EnumCompletionParserTest" time="0"/>
  <testcase name="test0003 - 10" classname="org.eclipse.jdt.core.tests.compiler.parser.AnnotationCompletionParserTest" time="0.001"/>
  <testcase name="test0003 - 10" classname="org.eclipse.jdt.core.tests.compiler.parser.GenericsSelectionTest" time="0"/>
  <testcase name="test0003 - 10" classname="org.eclipse.jdt.core.tests.compiler.parser.AnnotationSelectionTest" time="0"/>
  <testcase name="test0003 - 10" classname="org.eclipse.jdt.core.tests.compiler.parser.GenericDietRecoveryTest" time="0.001"/>
  <testcase name="test0003 - 10" classname="org.eclipse.jdt.core.tests.compiler.parser.EnumDietRecoveryTest" time="0.001"/>
  <testcase name="test0003 - 10" classname="org.eclipse.jdt.core.tests.compiler.parser.AnnotationDietRecoveryTest" time="0.001"/>
  <testcase name="test0003 - 10" classname="org.eclipse.jdt.core.tests.compiler.parser.StatementRecoveryTest_1_5" time="0.003"/>
  <testcase name="test0003 - 10" classname="org.eclipse.jdt.core.tests.compiler.parser.ParserTest1_7" time="0"/>
  <testcase name="test0003 - 10" classname="org.eclipse.jdt.core.tests.compiler.parser.LambdaExpressionSyntaxTest" time="0"/>
  <testcase name="test0003 - 10" classname="org.eclipse.jdt.core.tests.compiler.parser.ReferenceExpressionSyntaxTest" time="0"/>
  <testcase name="test0003 - 10" classname="org.eclipse.jdt.core.tests.compiler.parser.TypeAnnotationSyntaxTest" time="0"/>
  <testcase name="test0003 - 10" classname="org.eclipse.jdt.core.tests.compiler.parser.CompletionParserTest18" time="0.001"/>
  <testcase name="test0003 - 10" classname="org.eclipse.jdt.core.tests.compiler.parser.ModuleDeclarationSyntaxTest" time="0"/>
  <testcase name="test0005 - 10" classname="org.eclipse.jdt.core.tests.compiler.parser.CompletionParserTestKeyword" time="0"/>
  <testcase name="test0005 - 10" classname="org.eclipse.jdt.core.tests.compiler.parser.StatementRecoveryTest" time="0.001"/>
  <testcase name="test0005 - 10" classname="org.eclipse.jdt.core.tests.compiler.parser.ComplianceDiagnoseTest" time="0.001"/>
  <testcase name="test0005 - 10" classname="org.eclipse.jdt.core.tests.compiler.parser.GenericsCompletionParserTest" time="0.001"/>
  <testcase name="test0005 - 10" classname="org.eclipse.jdt.core.tests.compiler.parser.EnumCompletionParserTest" time="0"/>
  <testcase name="test0005 - 10" classname="org.eclipse.jdt.core.tests.compiler.parser.AnnotationCompletionParserTest" time="0"/>
  <testcase name="test0005 - 10" classname="org.eclipse.jdt.core.tests.compiler.parser.GenericsSelectionTest" time="0"/>
  <testcase name="test0005 - 10" classname="org.eclipse.jdt.core.tests.compiler.parser.GenericDietRecoveryTest" time="0.002"/>
  <testcase name="test0005 - 10" classname="org.eclipse.jdt.core.tests.compiler.parser.EnumDietRecoveryTest" time="0.001"/>
  <testcase name="test0005 - 10" classname="org.eclipse.jdt.core.tests.compiler.parser.AnnotationDietRecoveryTest" time="0.001"/>
  <testcase name="test0005 - 10" classname="org.eclipse.jdt.core.tests.compiler.parser.StatementRecoveryTest_1_5" time="0.002"/>
  <testcase name="test0005 - 10" classname="org.eclipse.jdt.core.tests.compiler.parser.ParserTest1_7" time="0"/>
  <testcase name="test0005 - 10" classname="org.eclipse.jdt.core.tests.compiler.parser.LambdaExpressionSyntaxTest" time="0"/>
  <testcase name="test0005 - 10" classname="org.eclipse.jdt.core.tests.compiler.parser.ReferenceExpressionSyntaxTest" time="0"/>
  <testcase name="test0005 - 10" classname="org.eclipse.jdt.core.tests.compiler.parser.TypeAnnotationSyntaxTest" time="0.001"/>
  <testcase name="test0005 - 10" classname="org.eclipse.jdt.core.tests.compiler.parser.CompletionParserTest18" time="0.001"/>
  <testcase name="test0005 - 10" classname="org.eclipse.jdt.core.tests.compiler.parser.ModuleDeclarationSyntaxTest" time="0"/>
  <testcase name="test0006 - 10" classname="org.eclipse.jdt.core.tests.compiler.parser.CompletionParserTestKeyword" time="0"/>
  <testcase name="test0006 - 10" classname="org.eclipse.jdt.core.tests.compiler.parser.StatementRecoveryTest" time="0.001"/>
  <testcase name="test0006 - 10" classname="org.eclipse.jdt.core.tests.compiler.parser.ComplianceDiagnoseTest" time="0"/>
  <testcase name="test0006 - 10" classname="org.eclipse.jdt.core.tests.compiler.parser.GenericsCompletionParserTest" time="0"/>
  <testcase name="test0006 - 10" classname="org.eclipse.jdt.core.tests.compiler.parser.EnumCompletionParserTest" time="0"/>
  <testcase name="test0006 - 10" classname="org.eclipse.jdt.core.tests.compiler.parser.AnnotationCompletionParserTest" time="0"/>
  <testcase name="test0006 - 10" classname="org.eclipse.jdt.core.tests.compiler.parser.GenericsSelectionTest" time="0"/>
  <testcase name="test0006 - 10" classname="org.eclipse.jdt.core.tests.compiler.parser.AnnotationSelectionTest" time="0"/>
  <testcase name="test0006 - 10" classname="org.eclipse.jdt.core.tests.compiler.parser.GenericDietRecoveryTest" time="0.002"/>
  <testcase name="test0006 - 10" classname="org.eclipse.jdt.core.tests.compiler.parser.EnumDietRecoveryTest" time="0.001"/>
  <testcase name="test0006 - 10" classname="org.eclipse.jdt.core.tests.compiler.parser.AnnotationDietRecoveryTest" time="0.001"/>
  <testcase name="test0006 - 10" classname="org.eclipse.jdt.core.tests.compiler.parser.StatementRecoveryTest_1_5" time="0.002"/>
  <testcase name="test0006 - 10" classname="org.eclipse.jdt.core.tests.compiler.parser.ParserTest1_7" time="0.001"/>
  <testcase name="test0006 - 10" classname="org.eclipse.jdt.core.tests.compiler.parser.LambdaExpressionSyntaxTest" time="0.001"/>
  <testcase name="test0006 - 10" classname="org.eclipse.jdt.core.tests.compiler.parser.ReferenceExpressionSyntaxTest" time="0.001"/>
  <testcase name="test0006 - 10" classname="org.eclipse.jdt.core.tests.compiler.parser.TypeAnnotationSyntaxTest" time="0"/>
  <testcase name="test0006 - 10" classname="org.eclipse.jdt.core.tests.compiler.parser.CompletionParserTest18" time="0"/>
  <testcase name="test0006 - 10" classname="org.eclipse.jdt.core.tests.compiler.parser.ModuleDeclarationSyntaxTest" time="0.001"/>
  <testcase name="test0008 - 10" classname="org.eclipse.jdt.core.tests.compiler.parser.CompletionParserTestKeyword" time="0"/>
  <testcase name="test0008 - 10" classname="org.eclipse.jdt.core.tests.compiler.parser.StatementRecoveryTest" time="0.001"/>
  <testcase name="test0008 - 10" classname="org.eclipse.jdt.core.tests.compiler.parser.ComplianceDiagnoseTest" time="0.001"/>
  <testcase name="test0008 - 10" classname="org.eclipse.jdt.core.tests.compiler.parser.GenericsCompletionParserTest" time="0"/>
  <testcase name="test0008 - 10" classname="org.eclipse.jdt.core.tests.compiler.parser.EnumCompletionParserTest" time="0"/>
  <testcase name="test0008 - 10" classname="org.eclipse.jdt.core.tests.compiler.parser.AnnotationCompletionParserTest" time="0"/>
  <testcase name="test0008 - 10" classname="org.eclipse.jdt.core.tests.compiler.parser.GenericsSelectionTest" time="0"/>
  <testcase name="test0008 - 10" classname="org.eclipse.jdt.core.tests.compiler.parser.AnnotationSelectionTest" time="0"/>
  <testcase name="test0008 - 10" classname="org.eclipse.jdt.core.tests.compiler.parser.GenericDietRecoveryTest" time="0.002"/>
  <testcase name="test0008 - 10" classname="org.eclipse.jdt.core.tests.compiler.parser.EnumDietRecoveryTest" time="0.001"/>
  <testcase name="test0008 - 10" classname="org.eclipse.jdt.core.tests.compiler.parser.AnnotationDietRecoveryTest" time="0.002"/>
  <testcase name="test0008 - 10" classname="org.eclipse.jdt.core.tests.compiler.parser.StatementRecoveryTest_1_5" time="0.001"/>
  <testcase name="test0008 - 10" classname="org.eclipse.jdt.core.tests.compiler.parser.ParserTest1_7" time="0.001"/>
  <testcase name="test0008 - 10" classname="org.eclipse.jdt.core.tests.compiler.parser.LambdaExpressionSyntaxTest" time="0"/>
  <testcase name="test0008 - 10" classname="org.eclipse.jdt.core.tests.compiler.parser.ReferenceExpressionSyntaxTest" time="0"/>
  <testcase name="test0008 - 10" classname="org.eclipse.jdt.core.tests.compiler.parser.TypeAnnotationSyntaxTest" time="0.001"/>
  <testcase name="test0008 - 10" classname="org.eclipse.jdt.core.tests.compiler.parser.ModuleDeclarationSyntaxTest" time="0.001"/>
  <testcase name="test0009 - 10" classname="org.eclipse.jdt.core.tests.compiler.parser.CompletionParserTestKeyword" time="0.001"/>
  <testcase name="test0009 - 10" classname="org.eclipse.jdt.core.tests.compiler.parser.StatementRecoveryTest" time="0.001"/>
  <testcase name="test0009 - 10" classname="org.eclipse.jdt.core.tests.compiler.parser.ComplianceDiagnoseTest" time="0.003"/>
  <testcase name="test0009 - 10" classname="org.eclipse.jdt.core.tests.compiler.parser.GenericsCompletionParserTest" time="0"/>
  <testcase name="test0009 - 10" classname="org.eclipse.jdt.core.tests.compiler.parser.EnumCompletionParserTest" time="0"/>
  <testcase name="test0009 - 10" classname="org.eclipse.jdt.core.tests.compiler.parser.AnnotationCompletionParserTest" time="0"/>
  <testcase name="test0009 - 10" classname="org.eclipse.jdt.core.tests.compiler.parser.GenericsSelectionTest" time="0"/>
  <testcase name="test0009 - 10" classname="org.eclipse.jdt.core.tests.compiler.parser.AnnotationSelectionTest" time="0"/>
  <testcase name="test0009 - 10" classname="org.eclipse.jdt.core.tests.compiler.parser.GenericDietRecoveryTest" time="0.001"/>
  <testcase name="test0009 - 10" classname="org.eclipse.jdt.core.tests.compiler.parser.EnumDietRecoveryTest" time="0.001"/>
  <testcase name="test0009 - 10" classname="org.eclipse.jdt.core.tests.compiler.parser.AnnotationDietRecoveryTest" time="0.002"/>
  <testcase name="test0009 - 10" classname="org.eclipse.jdt.core.tests.compiler.parser.ParserTest1_7" time="0"/>
  <testcase name="test0009 - 10" classname="org.eclipse.jdt.core.tests.compiler.parser.LambdaExpressionSyntaxTest" time="0"/>
  <testcase name="test0009 - 10" classname="org.eclipse.jdt.core.tests.compiler.parser.ReferenceExpressionSyntaxTest" time="0"/>
  <testcase name="test0009 - 10" classname="org.eclipse.jdt.core.tests.compiler.parser.TypeAnnotationSyntaxTest" time="0"/>
  <testcase name="test0009 - 10" classname="org.eclipse.jdt.core.tests.compiler.parser.ModuleDeclarationSyntaxTest" time="0"/>
  <testcase name="test0011 - 10" classname="org.eclipse.jdt.core.tests.compiler.parser.CompletionParserTestKeyword" time="0"/>
  <testcase name="test0011 - 10" classname="org.eclipse.jdt.core.tests.compiler.parser.StatementRecoveryTest" time="0.001"/>
  <testcase name="test0011 - 10" classname="org.eclipse.jdt.core.tests.compiler.parser.ComplianceDiagnoseTest" time="0"/>
  <testcase name="test0011 - 10" classname="org.eclipse.jdt.core.tests.compiler.parser.GenericsCompletionParserTest" time="0"/>
  <testcase name="test0011 - 10" classname="org.eclipse.jdt.core.tests.compiler.parser.EnumCompletionParserTest" time="0"/>
  <testcase name="test0011 - 10" classname="org.eclipse.jdt.core.tests.compiler.parser.AnnotationCompletionParserTest" time="0.001"/>
  <testcase name="test0011 - 10" classname="org.eclipse.jdt.core.tests.compiler.parser.GenericsSelectionTest" time="0"/>
  <testcase name="test0011 - 10" classname="org.eclipse.jdt.core.tests.compiler.parser.AnnotationSelectionTest" time="0"/>
  <testcase name="test0011 - 10" classname="org.eclipse.jdt.core.tests.compiler.parser.GenericDietRecoveryTest" time="0.001"/>
  <testcase name="test0011 - 10" classname="org.eclipse.jdt.core.tests.compiler.parser.EnumDietRecoveryTest" time="0.001"/>
  <testcase name="test0011 - 10" classname="org.eclipse.jdt.core.tests.compiler.parser.AnnotationDietRecoveryTest" time="0.001"/>
  <testcase name="test0011 - 10" classname="org.eclipse.jdt.core.tests.compiler.parser.ParserTest1_7" time="0.001"/>
  <testcase name="test0011 - 10" classname="org.eclipse.jdt.core.tests.compiler.parser.LambdaExpressionSyntaxTest" time="0"/>
  <testcase name="test0011 - 10" classname="org.eclipse.jdt.core.tests.compiler.parser.ReferenceExpressionSyntaxTest" time="0"/>
  <testcase name="test0011 - 10" classname="org.eclipse.jdt.core.tests.compiler.parser.TypeAnnotationSyntaxTest" time="0.001"/>
  <testcase name="test0011 - 10" classname="org.eclipse.jdt.core.tests.compiler.parser.ModuleDeclarationSyntaxTest" time="0"/>
  <testcase name="test0012 - 10" classname="org.eclipse.jdt.core.tests.compiler.parser.CompletionParserTestKeyword" time="0"/>
  <testcase name="test0012 - 10" classname="org.eclipse.jdt.core.tests.compiler.parser.StatementRecoveryTest" time="0.001"/>
  <testcase name="test0012 - 10" classname="org.eclipse.jdt.core.tests.compiler.parser.ComplianceDiagnoseTest" time="0.003"/>
  <testcase name="test0012 - 10" classname="org.eclipse.jdt.core.tests.compiler.parser.GenericsCompletionParserTest" time="0"/>
  <testcase name="test0012 - 10" classname="org.eclipse.jdt.core.tests.compiler.parser.EnumCompletionParserTest" time="0"/>
  <testcase name="test0012 - 10" classname="org.eclipse.jdt.core.tests.compiler.parser.AnnotationCompletionParserTest" time="0"/>
  <testcase name="test0012 - 10" classname="org.eclipse.jdt.core.tests.compiler.parser.GenericsSelectionTest" time="0"/>
  <testcase name="test0012 - 10" classname="org.eclipse.jdt.core.tests.compiler.parser.AnnotationSelectionTest" time="0.001"/>
  <testcase name="test0012 - 10" classname="org.eclipse.jdt.core.tests.compiler.parser.GenericDietRecoveryTest" time="0.002"/>
  <testcase name="test0012 - 10" classname="org.eclipse.jdt.core.tests.compiler.parser.EnumDietRecoveryTest" time="0.002"/>
  <testcase name="test0012 - 10" classname="org.eclipse.jdt.core.tests.compiler.parser.AnnotationDietRecoveryTest" time="0.002"/>
  <testcase name="test0012 - 10" classname="org.eclipse.jdt.core.tests.compiler.parser.ParserTest1_7" time="0"/>
  <testcase name="test0012 - 10" classname="org.eclipse.jdt.core.tests.compiler.parser.LambdaExpressionSyntaxTest" time="0"/>
  <testcase name="test0012 - 10" classname="org.eclipse.jdt.core.tests.compiler.parser.ReferenceExpressionSyntaxTest" time="0"/>
  <testcase name="test0012 - 10" classname="org.eclipse.jdt.core.tests.compiler.parser.TypeAnnotationSyntaxTest" time="0.001"/>
  <testcase name="test0012 - 10" classname="org.eclipse.jdt.core.tests.compiler.parser.ModuleDeclarationSyntaxTest" time="0"/>
  <testcase name="test0014 - 10" classname="org.eclipse.jdt.core.tests.compiler.parser.CompletionParserTestKeyword" time="0"/>
  <testcase name="test0014 - 10" classname="org.eclipse.jdt.core.tests.compiler.parser.StatementRecoveryTest" time="0.001"/>
  <testcase name="test0014 - 10" classname="org.eclipse.jdt.core.tests.compiler.parser.ComplianceDiagnoseTest" time="0.001"/>
  <testcase name="test0014 - 10" classname="org.eclipse.jdt.core.tests.compiler.parser.GenericsCompletionParserTest" time="0"/>
  <testcase name="test0014 - 10" classname="org.eclipse.jdt.core.tests.compiler.parser.EnumCompletionParserTest" time="0"/>
  <testcase name="test0014 - 10" classname="org.eclipse.jdt.core.tests.compiler.parser.AnnotationCompletionParserTest" time="0"/>
  <testcase name="test0014 - 10" classname="org.eclipse.jdt.core.tests.compiler.parser.GenericsSelectionTest" time="0"/>
  <testcase name="test0014 - 10" classname="org.eclipse.jdt.core.tests.compiler.parser.AnnotationSelectionTest" time="0"/>
  <testcase name="test0014 - 10" classname="org.eclipse.jdt.core.tests.compiler.parser.GenericDietRecoveryTest" time="0.002"/>
  <testcase name="test0014 - 10" classname="org.eclipse.jdt.core.tests.compiler.parser.EnumDietRecoveryTest" time="0.001"/>
  <testcase name="test0014 - 10" classname="org.eclipse.jdt.core.tests.compiler.parser.AnnotationDietRecoveryTest" time="0.001"/>
  <testcase name="test0014 - 10" classname="org.eclipse.jdt.core.tests.compiler.parser.LambdaExpressionSyntaxTest" time="0"/>
  <testcase name="test0014 - 10" classname="org.eclipse.jdt.core.tests.compiler.parser.ReferenceExpressionSyntaxTest" time="0.001"/>
  <testcase name="test0014 - 10" classname="org.eclipse.jdt.core.tests.compiler.parser.TypeAnnotationSyntaxTest" time="0.001"/>
  <testcase name="test0014 - 10" classname="org.eclipse.jdt.core.tests.compiler.parser.ModuleDeclarationSyntaxTest" time="0"/>
  <testcase name="test0015 - 10" classname="org.eclipse.jdt.core.tests.compiler.parser.CompletionParserTestKeyword" time="0"/>
  <testcase name="test0015 - 10" classname="org.eclipse.jdt.core.tests.compiler.parser.StatementRecoveryTest" time="0.001"/>
  <testcase name="test0015 - 10" classname="org.eclipse.jdt.core.tests.compiler.parser.ComplianceDiagnoseTest" time="0.001"/>
  <testcase name="test0015 - 10" classname="org.eclipse.jdt.core.tests.compiler.parser.GenericsCompletionParserTest" time="0"/>
  <testcase name="test0015 - 10" classname="org.eclipse.jdt.core.tests.compiler.parser.AnnotationCompletionParserTest" time="0"/>
  <testcase name="test0015 - 10" classname="org.eclipse.jdt.core.tests.compiler.parser.GenericsSelectionTest" time="0"/>
  <testcase name="test0015 - 10" classname="org.eclipse.jdt.core.tests.compiler.parser.AnnotationSelectionTest" time="0"/>
  <testcase name="test0015 - 10" classname="org.eclipse.jdt.core.tests.compiler.parser.GenericDietRecoveryTest" time="0.002"/>
  <testcase name="test0015 - 10" classname="org.eclipse.jdt.core.tests.compiler.parser.EnumDietRecoveryTest" time="0.002"/>
  <testcase name="test0015 - 10" classname="org.eclipse.jdt.core.tests.compiler.parser.AnnotationDietRecoveryTest" time="0.001"/>
  <testcase name="test0015 - 10" classname="org.eclipse.jdt.core.tests.compiler.parser.LambdaExpressionSyntaxTest" time="0"/>
  <testcase name="test0015 - 10" classname="org.eclipse.jdt.core.tests.compiler.parser.ReferenceExpressionSyntaxTest" time="0"/>
  <testcase name="test0015 - 10" classname="org.eclipse.jdt.core.tests.compiler.parser.TypeAnnotationSyntaxTest" time="0.001"/>
  <testcase name="test0015 - 10" classname="org.eclipse.jdt.core.tests.compiler.parser.ModuleDeclarationSyntaxTest" time="0"/>
  <testcase name="test0017 - 10" classname="org.eclipse.jdt.core.tests.compiler.parser.CompletionParserTestKeyword" time="0"/>
  <testcase name="test0017 - 10" classname="org.eclipse.jdt.core.tests.compiler.parser.StatementRecoveryTest" time="0.001"/>
  <testcase name="test0017 - 10" classname="org.eclipse.jdt.core.tests.compiler.parser.ComplianceDiagnoseTest" time="0.001"/>
  <testcase name="test0017 - 10" classname="org.eclipse.jdt.core.tests.compiler.parser.GenericsCompletionParserTest" time="0"/>
  <testcase name="test0017 - 10" classname="org.eclipse.jdt.core.tests.compiler.parser.AnnotationCompletionParserTest" time="0"/>
  <testcase name="test0017 - 10" classname="org.eclipse.jdt.core.tests.compiler.parser.GenericsSelectionTest" time="0"/>
  <testcase name="test0017 - 10" classname="org.eclipse.jdt.core.tests.compiler.parser.AnnotationSelectionTest" time="0"/>
  <testcase name="test0017 - 10" classname="org.eclipse.jdt.core.tests.compiler.parser.GenericDietRecoveryTest" time="0.002"/>
  <testcase name="test0017 - 10" classname="org.eclipse.jdt.core.tests.compiler.parser.EnumDietRecoveryTest" time="0.001"/>
  <testcase name="test0017 - 10" classname="org.eclipse.jdt.core.tests.compiler.parser.AnnotationDietRecoveryTest" time="0.003"/>
  <testcase name="test0017 - 10" classname="org.eclipse.jdt.core.tests.compiler.parser.LambdaExpressionSyntaxTest" time="0"/>
  <testcase name="test0017 - 10" classname="org.eclipse.jdt.core.tests.compiler.parser.ReferenceExpressionSyntaxTest" time="0"/>
  <testcase name="test0017 - 10" classname="org.eclipse.jdt.core.tests.compiler.parser.TypeAnnotationSyntaxTest" time="0.001"/>
  <testcase name="test0017 - 10" classname="org.eclipse.jdt.core.tests.compiler.parser.ModuleDeclarationSyntaxTest" time="0"/>
  <testcase name="test0018 - 10" classname="org.eclipse.jdt.core.tests.compiler.parser.CompletionParserTestKeyword" time="0"/>
  <testcase name="test0018 - 10" classname="org.eclipse.jdt.core.tests.compiler.parser.StatementRecoveryTest" time="0.002"/>
  <testcase name="test0018 - 10" classname="org.eclipse.jdt.core.tests.compiler.parser.ComplianceDiagnoseTest" time="0.001"/>
  <testcase name="test0018 - 10" classname="org.eclipse.jdt.core.tests.compiler.parser.GenericsCompletionParserTest" time="0.001"/>
  <testcase name="test0018 - 10" classname="org.eclipse.jdt.core.tests.compiler.parser.AnnotationCompletionParserTest" time="0"/>
  <testcase name="test0018 - 10" classname="org.eclipse.jdt.core.tests.compiler.parser.GenericsSelectionTest" time="0"/>
  <testcase name="test0018 - 10" classname="org.eclipse.jdt.core.tests.compiler.parser.GenericDietRecoveryTest" time="0.003"/>
  <testcase name="test0018 - 10" classname="org.eclipse.jdt.core.tests.compiler.parser.AnnotationDietRecoveryTest" time="0.002"/>
  <testcase name="test0018 - 10" classname="org.eclipse.jdt.core.tests.compiler.parser.LambdaExpressionSyntaxTest" time="0"/>
  <testcase name="test0018 - 10" classname="org.eclipse.jdt.core.tests.compiler.parser.ReferenceExpressionSyntaxTest" time="0.001"/>
  <testcase name="test0018 - 10" classname="org.eclipse.jdt.core.tests.compiler.parser.TypeAnnotationSyntaxTest" time="0.001"/>
  <testcase name="test0018 - 10" classname="org.eclipse.jdt.core.tests.compiler.parser.ModuleDeclarationSyntaxTest" time="0"/>
  <testcase name="test0020 - 10" classname="org.eclipse.jdt.core.tests.compiler.parser.CompletionParserTestKeyword" time="0"/>
  <testcase name="test0020 - 10" classname="org.eclipse.jdt.core.tests.compiler.parser.StatementRecoveryTest" time="0.002"/>
  <testcase name="test0020 - 10" classname="org.eclipse.jdt.core.tests.compiler.parser.ComplianceDiagnoseTest" time="0"/>
  <testcase name="test0020 - 10" classname="org.eclipse.jdt.core.tests.compiler.parser.GenericsCompletionParserTest" time="0"/>
  <testcase name="test0020 - 10" classname="org.eclipse.jdt.core.tests.compiler.parser.AnnotationCompletionParserTest" time="0"/>
  <testcase name="test0020 - 10" classname="org.eclipse.jdt.core.tests.compiler.parser.GenericsSelectionTest" time="0"/>
  <testcase name="test0020 - 10" classname="org.eclipse.jdt.core.tests.compiler.parser.GenericDietRecoveryTest" time="0.001"/>
  <testcase name="test0020 - 10" classname="org.eclipse.jdt.core.tests.compiler.parser.AnnotationDietRecoveryTest" time="0.003"/>
  <testcase name="test0020 - 10" classname="org.eclipse.jdt.core.tests.compiler.parser.ReferenceExpressionSyntaxTest" time="0"/>
  <testcase name="test0020 - 10" classname="org.eclipse.jdt.core.tests.compiler.parser.TypeAnnotationSyntaxTest" time="0"/>
  <testcase name="test0020 - 10" classname="org.eclipse.jdt.core.tests.compiler.parser.ModuleDeclarationSyntaxTest" time="0"/>
  <testcase name="test0022_Diet - 10" classname="org.eclipse.jdt.core.tests.compiler.parser.CompletionParserTestKeyword" time="0"/>
  <testcase name="test0022_Method - 10" classname="org.eclipse.jdt.core.tests.compiler.parser.CompletionParserTestKeyword" time="0"/>
  <testcase name="test0025_Diet - 10" classname="org.eclipse.jdt.core.tests.compiler.parser.CompletionParserTestKeyword" time="0"/>
  <testcase name="test0025_Method - 10" classname="org.eclipse.jdt.core.tests.compiler.parser.CompletionParserTestKeyword" time="0"/>
  <testcase name="test0028_Diet - 10" classname="org.eclipse.jdt.core.tests.compiler.parser.CompletionParserTestKeyword" time="0"/>
  <testcase name="test0028_Diet - 10" classname="org.eclipse.jdt.core.tests.compiler.parser.AnnotationCompletionParserTest" time="0"/>
  <testcase name="test0028_Method - 10" classname="org.eclipse.jdt.core.tests.compiler.parser.CompletionParserTestKeyword" time="0"/>
  <testcase name="test0028_Method - 10" classname="org.eclipse.jdt.core.tests.compiler.parser.AnnotationCompletionParserTest" time="0"/>
  <testcase name="test0029 - 10" classname="org.eclipse.jdt.core.tests.compiler.parser.CompletionParserTestKeyword" time="0"/>
  <testcase name="test0029 - 10" classname="org.eclipse.jdt.core.tests.compiler.parser.StatementRecoveryTest" time="0.001"/>
  <testcase name="test0029 - 10" classname="org.eclipse.jdt.core.tests.compiler.parser.ComplianceDiagnoseTest" time="0.001"/>
  <testcase name="test0029 - 10" classname="org.eclipse.jdt.core.tests.compiler.parser.GenericsCompletionParserTest" time="0"/>
  <testcase name="test0029 - 10" classname="org.eclipse.jdt.core.tests.compiler.parser.TypeAnnotationSyntaxTest" time="0"/>
  <testcase name="test0030 - 10" classname="org.eclipse.jdt.core.tests.compiler.parser.CompletionParserTestKeyword" time="0"/>
  <testcase name="test0030 - 10" classname="org.eclipse.jdt.core.tests.compiler.parser.StatementRecoveryTest" time="0.002"/>
  <testcase name="test0030 - 10" classname="org.eclipse.jdt.core.tests.compiler.parser.AnnotationCompletionParserTest" time="0"/>
  <testcase name="test0030 - 10" classname="org.eclipse.jdt.core.tests.compiler.parser.AnnotationDietRecoveryTest" time="0.002"/>
  <testcase name="test0030 - 10" classname="org.eclipse.jdt.core.tests.compiler.parser.TypeAnnotationSyntaxTest" time="0"/>
  <testcase name="test0031 - 10" classname="org.eclipse.jdt.core.tests.compiler.parser.CompletionParserTestKeyword" time="0"/>
  <testcase name="test0031 - 10" classname="org.eclipse.jdt.core.tests.compiler.parser.StatementRecoveryTest" time="0.002"/>
  <testcase name="test0031 - 10" classname="org.eclipse.jdt.core.tests.compiler.parser.ComplianceDiagnoseTest" time="0.001"/>
  <testcase name="test0031 - 10" classname="org.eclipse.jdt.core.tests.compiler.parser.AnnotationCompletionParserTest" time="0"/>
  <testcase name="test0031 - 10" classname="org.eclipse.jdt.core.tests.compiler.parser.AnnotationDietRecoveryTest" time="0.003"/>
  <testcase name="test0031 - 10" classname="org.eclipse.jdt.core.tests.compiler.parser.TypeAnnotationSyntaxTest" time="0"/>
  <testcase name="test0032 - 10" classname="org.eclipse.jdt.core.tests.compiler.parser.CompletionParserTestKeyword" time="0"/>
  <testcase name="test0032 - 10" classname="org.eclipse.jdt.core.tests.compiler.parser.StatementRecoveryTest" time="0.002"/>
  <testcase name="test0032 - 10" classname="org.eclipse.jdt.core.tests.compiler.parser.AnnotationCompletionParserTest" time="0"/>
  <testcase name="test0032 - 10" classname="org.eclipse.jdt.core.tests.compiler.parser.AnnotationDietRecoveryTest" time="0.002"/>
  <testcase name="test0032 - 10" classname="org.eclipse.jdt.core.tests.compiler.parser.TypeAnnotationSyntaxTest" time="0"/>
  <testcase name="test0033 - 10" classname="org.eclipse.jdt.core.tests.compiler.parser.CompletionParserTestKeyword" time="0"/>
  <testcase name="test0033 - 10" classname="org.eclipse.jdt.core.tests.compiler.parser.StatementRecoveryTest" time="0.001"/>
  <testcase name="test0033 - 10" classname="org.eclipse.jdt.core.tests.compiler.parser.ComplianceDiagnoseTest" time="0.001"/>
  <testcase name="test0033 - 10" classname="org.eclipse.jdt.core.tests.compiler.parser.AnnotationCompletionParserTest" time="0.001"/>
  <testcase name="test0033 - 10" classname="org.eclipse.jdt.core.tests.compiler.parser.AnnotationDietRecoveryTest" time="0.002"/>
  <testcase name="test0033 - 10" classname="org.eclipse.jdt.core.tests.compiler.parser.TypeAnnotationSyntaxTest" time="0"/>
  <testcase name="test0034 - 10" classname="org.eclipse.jdt.core.tests.compiler.parser.CompletionParserTestKeyword" time="0"/>
  <testcase name="test0034 - 10" classname="org.eclipse.jdt.core.tests.compiler.parser.StatementRecoveryTest" time="0.001"/>
  <testcase name="test0034 - 10" classname="org.eclipse.jdt.core.tests.compiler.parser.ComplianceDiagnoseTest" time="0"/>
  <testcase name="test0034 - 10" classname="org.eclipse.jdt.core.tests.compiler.parser.AnnotationDietRecoveryTest" time="0.001"/>
  <testcase name="test0034 - 10" classname="org.eclipse.jdt.core.tests.compiler.parser.TypeAnnotationSyntaxTest" time="0"/>
  <testcase name="test0035 - 10" classname="org.eclipse.jdt.core.tests.compiler.parser.CompletionParserTestKeyword" time="0"/>
  <testcase name="test0035 - 10" classname="org.eclipse.jdt.core.tests.compiler.parser.StatementRecoveryTest" time="0.001"/>
  <testcase name="test0035 - 10" classname="org.eclipse.jdt.core.tests.compiler.parser.ComplianceDiagnoseTest" time="0"/>
  <testcase name="test0035 - 10" classname="org.eclipse.jdt.core.tests.compiler.parser.AnnotationDietRecoveryTest" time="0.003"/>
  <testcase name="test0035 - 10" classname="org.eclipse.jdt.core.tests.compiler.parser.TypeAnnotationSyntaxTest" time="0.001"/>
  <testcase name="test0036 - 10" classname="org.eclipse.jdt.core.tests.compiler.parser.CompletionParserTestKeyword" time="0.001"/>
  <testcase name="test0036 - 10" classname="org.eclipse.jdt.core.tests.compiler.parser.StatementRecoveryTest" time="0"/>
  <testcase name="test0036 - 10" classname="org.eclipse.jdt.core.tests.compiler.parser.ComplianceDiagnoseTest" time="0.001"/>
  <testcase name="test0036 - 10" classname="org.eclipse.jdt.core.tests.compiler.parser.AnnotationCompletionParserTest" time="0"/>
  <testcase name="test0036 - 10" classname="org.eclipse.jdt.core.tests.compiler.parser.AnnotationDietRecoveryTest" time="0.001"/>
  <testcase name="test0036 - 10" classname="org.eclipse.jdt.core.tests.compiler.parser.TypeAnnotationSyntaxTest" time="0"/>
  <testcase name="test0037_Diet - 10" classname="org.eclipse.jdt.core.tests.compiler.parser.CompletionParserTestKeyword" time="0"/>
  <testcase name="test0037_Diet - 10" classname="org.eclipse.jdt.core.tests.compiler.parser.GenericsCompletionParserTest" time="0"/>
  <testcase name="test0037_Method - 10" classname="org.eclipse.jdt.core.tests.compiler.parser.CompletionParserTestKeyword" time="0"/>
  <testcase name="test0037_Method - 10" classname="org.eclipse.jdt.core.tests.compiler.parser.GenericsCompletionParserTest" time="0"/>
  <testcase name="test0040_Diet - 10" classname="org.eclipse.jdt.core.tests.compiler.parser.CompletionParserTestKeyword" time="0"/>
  <testcase name="test0040_Diet - 10" classname="org.eclipse.jdt.core.tests.compiler.parser.GenericsCompletionParserTest" time="0"/>
  <testcase name="test0040_Diet - 10" classname="org.eclipse.jdt.core.tests.compiler.parser.AnnotationCompletionParserTest" time="0"/>
  <testcase name="test0040_Method - 10" classname="org.eclipse.jdt.core.tests.compiler.parser.CompletionParserTestKeyword" time="0"/>
  <testcase name="test0040_Method - 10" classname="org.eclipse.jdt.core.tests.compiler.parser.GenericsCompletionParserTest" time="0.001"/>
  <testcase name="test0040_Method - 10" classname="org.eclipse.jdt.core.tests.compiler.parser.AnnotationCompletionParserTest" time="0"/>
  <testcase name="test0043_Diet - 10" classname="org.eclipse.jdt.core.tests.compiler.parser.CompletionParserTestKeyword" time="0"/>
  <testcase name="test0043_Diet - 10" classname="org.eclipse.jdt.core.tests.compiler.parser.GenericsCompletionParserTest" time="0"/>
  <testcase name="test0043_Method - 10" classname="org.eclipse.jdt.core.tests.compiler.parser.CompletionParserTestKeyword" time="0"/>
  <testcase name="test0043_Method - 10" classname="org.eclipse.jdt.core.tests.compiler.parser.GenericsCompletionParserTest" time="0"/>
  <testcase name="test0046_Diet - 10" classname="org.eclipse.jdt.core.tests.compiler.parser.CompletionParserTestKeyword" time="0"/>
  <testcase name="test0046_Diet - 10" classname="org.eclipse.jdt.core.tests.compiler.parser.GenericsCompletionParserTest" time="0"/>
  <testcase name="test0046_Diet - 10" classname="org.eclipse.jdt.core.tests.compiler.parser.AnnotationCompletionParserTest" time="0"/>
  <testcase name="test0046_Method - 10" classname="org.eclipse.jdt.core.tests.compiler.parser.CompletionParserTestKeyword" time="0"/>
  <testcase name="test0046_Method - 10" classname="org.eclipse.jdt.core.tests.compiler.parser.GenericsCompletionParserTest" time="0"/>
  <testcase name="test0046_Method - 10" classname="org.eclipse.jdt.core.tests.compiler.parser.AnnotationCompletionParserTest" time="0"/>
  <testcase name="test0047 - 10" classname="org.eclipse.jdt.core.tests.compiler.parser.CompletionParserTestKeyword" time="0"/>
  <testcase name="test0047 - 10" classname="org.eclipse.jdt.core.tests.compiler.parser.StatementRecoveryTest" time="0.002"/>
  <testcase name="test0047 - 10" classname="org.eclipse.jdt.core.tests.compiler.parser.ComplianceDiagnoseTest" time="0.004"/>
  <testcase name="test0047 - 10" classname="org.eclipse.jdt.core.tests.compiler.parser.TypeAnnotationSyntaxTest" time="0.001"/>
  <testcase name="test0048 - 10" classname="org.eclipse.jdt.core.tests.compiler.parser.CompletionParserTestKeyword" time="0"/>
  <testcase name="test0048 - 10" classname="org.eclipse.jdt.core.tests.compiler.parser.ComplianceDiagnoseTest" time="0.001"/>
  <testcase name="test0048 - 10" classname="org.eclipse.jdt.core.tests.compiler.parser.AnnotationCompletionParserTest" time="0"/>
  <testcase name="test0048 - 10" classname="org.eclipse.jdt.core.tests.compiler.parser.TypeAnnotationSyntaxTest" time="0.001"/>
  <testcase name="test0050 - 10" classname="org.eclipse.jdt.core.tests.compiler.parser.CompletionParserTestKeyword" time="0"/>
  <testcase name="test0050 - 10" classname="org.eclipse.jdt.core.tests.compiler.parser.ComplianceDiagnoseTest" time="0.001"/>
  <testcase name="test0050 - 10" classname="org.eclipse.jdt.core.tests.compiler.parser.AnnotationCompletionParserTest" time="0"/>
  <testcase name="test0050 - 10" classname="org.eclipse.jdt.core.tests.compiler.parser.TypeAnnotationSyntaxTest" time="0"/>
  <testcase name="test0051 - 10" classname="org.eclipse.jdt.core.tests.compiler.parser.CompletionParserTestKeyword" time="0"/>
  <testcase name="test0051 - 10" classname="org.eclipse.jdt.core.tests.compiler.parser.ComplianceDiagnoseTest" time="0.001"/>
  <testcase name="test0051 - 10" classname="org.eclipse.jdt.core.tests.compiler.parser.AnnotationCompletionParserTest" time="0"/>
  <testcase name="test0051 - 10" classname="org.eclipse.jdt.core.tests.compiler.parser.TypeAnnotationSyntaxTest" time="0"/>
  <testcase name="test0053 - 10" classname="org.eclipse.jdt.core.tests.compiler.parser.CompletionParserTestKeyword" time="0"/>
  <testcase name="test0053 - 10" classname="org.eclipse.jdt.core.tests.compiler.parser.ComplianceDiagnoseTest" time="0.003"/>
  <testcase name="test0053 - 10" classname="org.eclipse.jdt.core.tests.compiler.parser.TypeAnnotationSyntaxTest" time="0.001"/>
  <testcase name="test0054 - 10" classname="org.eclipse.jdt.core.tests.compiler.parser.CompletionParserTestKeyword" time="0"/>
  <testcase name="test0054 - 10" classname="org.eclipse.jdt.core.tests.compiler.parser.ComplianceDiagnoseTest" time="0.001"/>
  <testcase name="test0054 - 10" classname="org.eclipse.jdt.core.tests.compiler.parser.AnnotationCompletionParserTest" time="0"/>
  <testcase name="test0054 - 10" classname="org.eclipse.jdt.core.tests.compiler.parser.TypeAnnotationSyntaxTest" time="0.001"/>
  <testcase name="test0055_Diet - 10" classname="org.eclipse.jdt.core.tests.compiler.parser.CompletionParserTestKeyword" time="0"/>
  <testcase name="test0055_Diet - 10" classname="org.eclipse.jdt.core.tests.compiler.parser.GenericsCompletionParserTest" time="0"/>
  <testcase name="test0055_Method - 10" classname="org.eclipse.jdt.core.tests.compiler.parser.CompletionParserTestKeyword" time="0"/>
  <testcase name="test0055_Method - 10" classname="org.eclipse.jdt.core.tests.compiler.parser.GenericsCompletionParserTest" time="0"/>
  <testcase name="test0058_Diet - 10" classname="org.eclipse.jdt.core.tests.compiler.parser.CompletionParserTestKeyword" time="0"/>
  <testcase name="test0058_Diet - 10" classname="org.eclipse.jdt.core.tests.compiler.parser.GenericsCompletionParserTest" time="0"/>
  <testcase name="test0058_Diet - 10" classname="org.eclipse.jdt.core.tests.compiler.parser.AnnotationCompletionParserTest" time="0"/>
  <testcase name="test0058_Method - 10" classname="org.eclipse.jdt.core.tests.compiler.parser.CompletionParserTestKeyword" time="0"/>
  <testcase name="test0058_Method - 10" classname="org.eclipse.jdt.core.tests.compiler.parser.GenericsCompletionParserTest" time="0"/>
  <testcase name="test0058_Method - 10" classname="org.eclipse.jdt.core.tests.compiler.parser.AnnotationCompletionParserTest" time="0"/>
  <testcase name="test0060 - 10" classname="org.eclipse.jdt.core.tests.compiler.parser.CompletionParserTestKeyword" time="0"/>
  <testcase name="test0060 - 10" classname="org.eclipse.jdt.core.tests.compiler.parser.ComplianceDiagnoseTest" time="0"/>
  <testcase name="test0060 - 10" classname="org.eclipse.jdt.core.tests.compiler.parser.GenericsCompletionParserTest" time="0.001"/>
  <testcase name="test0060 - 10" classname="org.eclipse.jdt.core.tests.compiler.parser.AnnotationCompletionParserTest" time="0.001"/>
  <testcase name="test0060 - 10" classname="org.eclipse.jdt.core.tests.compiler.parser.TypeAnnotationSyntaxTest" time="0.002"/>
  <testcase name="test0062 - 10" classname="org.eclipse.jdt.core.tests.compiler.parser.CompletionParserTestKeyword" time="0"/>
  <testcase name="test0062 - 10" classname="org.eclipse.jdt.core.tests.compiler.parser.ComplianceDiagnoseTest" time="0"/>
  <testcase name="test0062 - 10" classname="org.eclipse.jdt.core.tests.compiler.parser.GenericsCompletionParserTest" time="0"/>
  <testcase name="test0062 - 10" classname="org.eclipse.jdt.core.tests.compiler.parser.AnnotationCompletionParserTest" time="0"/>
  <testcase name="test0062 - 10" classname="org.eclipse.jdt.core.tests.compiler.parser.TypeAnnotationSyntaxTest" time="0.001"/>
  <testcase name="test0063 - 10" classname="org.eclipse.jdt.core.tests.compiler.parser.CompletionParserTestKeyword" time="0.001"/>
  <testcase name="test0063 - 10" classname="org.eclipse.jdt.core.tests.compiler.parser.ComplianceDiagnoseTest" time="0"/>
  <testcase name="test0063 - 10" classname="org.eclipse.jdt.core.tests.compiler.parser.GenericsCompletionParserTest" time="0"/>
  <testcase name="test0063 - 10" classname="org.eclipse.jdt.core.tests.compiler.parser.AnnotationCompletionParserTest" time="0"/>
  <testcase name="test0063 - 10" classname="org.eclipse.jdt.core.tests.compiler.parser.TypeAnnotationSyntaxTest" time="0.003"/>
  <testcase name="test0065 - 10" classname="org.eclipse.jdt.core.tests.compiler.parser.CompletionParserTestKeyword" time="0"/>
  <testcase name="test0065 - 10" classname="org.eclipse.jdt.core.tests.compiler.parser.GenericsCompletionParserTest" time="0"/>
  <testcase name="test0066 - 10" classname="org.eclipse.jdt.core.tests.compiler.parser.CompletionParserTestKeyword" time="0"/>
  <testcase name="test0066 - 10" classname="org.eclipse.jdt.core.tests.compiler.parser.GenericsCompletionParserTest" time="0"/>
  <testcase name="test0066 - 10" classname="org.eclipse.jdt.core.tests.compiler.parser.AnnotationCompletionParserTest" time="0"/>
  <testcase name="test0066 - 10" classname="org.eclipse.jdt.core.tests.compiler.parser.TypeAnnotationSyntaxTest" time="0"/>
  <testcase name="test0067 - 10" classname="org.eclipse.jdt.core.tests.compiler.parser.CompletionParserTestKeyword" time="0.001"/>
  <testcase name="test0067 - 10" classname="org.eclipse.jdt.core.tests.compiler.parser.GenericsCompletionParserTest" time="0"/>
  <testcase name="test0067 - 10" classname="org.eclipse.jdt.core.tests.compiler.parser.AnnotationCompletionParserTest" time="0"/>
  <testcase name="test0067 - 10" classname="org.eclipse.jdt.core.tests.compiler.parser.TypeAnnotationSyntaxTest" time="0.001"/>
  <testcase name="test0068 - 10" classname="org.eclipse.jdt.core.tests.compiler.parser.CompletionParserTestKeyword" time="0"/>
  <testcase name="test0068 - 10" classname="org.eclipse.jdt.core.tests.compiler.parser.GenericsCompletionParserTest" time="0"/>
  <testcase name="test0068 - 10" classname="org.eclipse.jdt.core.tests.compiler.parser.AnnotationCompletionParserTest" time="0"/>
  <testcase name="test0068 - 10" classname="org.eclipse.jdt.core.tests.compiler.parser.TypeAnnotationSyntaxTest" time="0.001"/>
  <testcase name="test0069 - 10" classname="org.eclipse.jdt.core.tests.compiler.parser.CompletionParserTestKeyword" time="0"/>
  <testcase name="test0069 - 10" classname="org.eclipse.jdt.core.tests.compiler.parser.GenericsCompletionParserTest" time="0"/>
  <testcase name="test0069 - 10" classname="org.eclipse.jdt.core.tests.compiler.parser.AnnotationCompletionParserTest" time="0.001"/>
  <testcase name="test0069 - 10" classname="org.eclipse.jdt.core.tests.compiler.parser.TypeAnnotationSyntaxTest" time="0.001"/>
  <testcase name="test0070 - 10" classname="org.eclipse.jdt.core.tests.compiler.parser.CompletionParserTestKeyword" time="0"/>
  <testcase name="test0070 - 10" classname="org.eclipse.jdt.core.tests.compiler.parser.GenericsCompletionParserTest" time="0"/>
  <testcase name="test0070 - 10" classname="org.eclipse.jdt.core.tests.compiler.parser.TypeAnnotationSyntaxTest" time="0.001"/>
  <testcase name="test0071 - 10" classname="org.eclipse.jdt.core.tests.compiler.parser.CompletionParserTestKeyword" time="0"/>
  <testcase name="test0071 - 10" classname="org.eclipse.jdt.core.tests.compiler.parser.GenericsCompletionParserTest" time="0.001"/>
  <testcase name="test0071 - 10" classname="org.eclipse.jdt.core.tests.compiler.parser.TypeAnnotationSyntaxTest" time="0.001"/>
  <testcase name="test0072 - 10" classname="org.eclipse.jdt.core.tests.compiler.parser.CompletionParserTestKeyword" time="0"/>
  <testcase name="test0072 - 10" classname="org.eclipse.jdt.core.tests.compiler.parser.GenericsCompletionParserTest" time="0"/>
  <testcase name="test0072 - 10" classname="org.eclipse.jdt.core.tests.compiler.parser.AnnotationCompletionParserTest" time="0"/>
  <testcase name="test0072 - 10" classname="org.eclipse.jdt.core.tests.compiler.parser.TypeAnnotationSyntaxTest" time="0.001"/>
  <testcase name="test0074 - 10" classname="org.eclipse.jdt.core.tests.compiler.parser.CompletionParserTestKeyword" time="0"/>
  <testcase name="test0074 - 10" classname="org.eclipse.jdt.core.tests.compiler.parser.GenericsCompletionParserTest" time="0"/>
  <testcase name="test0074 - 10" classname="org.eclipse.jdt.core.tests.compiler.parser.AnnotationCompletionParserTest" time="0"/>
  <testcase name="test0074 - 10" classname="org.eclipse.jdt.core.tests.compiler.parser.TypeAnnotationSyntaxTest" time="0.001"/>
  <testcase name="test0075 - 10" classname="org.eclipse.jdt.core.tests.compiler.parser.CompletionParserTestKeyword" time="0"/>
  <testcase name="test0075 - 10" classname="org.eclipse.jdt.core.tests.compiler.parser.GenericsCompletionParserTest" time="0"/>
  <testcase name="test0075 - 10" classname="org.eclipse.jdt.core.tests.compiler.parser.AnnotationCompletionParserTest" time="0.001"/>
  <testcase name="test0075 - 10" classname="org.eclipse.jdt.core.tests.compiler.parser.TypeAnnotationSyntaxTest" time="0"/>
  <testcase name="test0077 - 10" classname="org.eclipse.jdt.core.tests.compiler.parser.CompletionParserTestKeyword" time="0"/>
  <testcase name="test0077 - 10" classname="org.eclipse.jdt.core.tests.compiler.parser.GenericsCompletionParserTest" time="0"/>
  <testcase name="test0077 - 10" classname="org.eclipse.jdt.core.tests.compiler.parser.TypeAnnotationSyntaxTest" time="0.001"/>
  <testcase name="test0078 - 10" classname="org.eclipse.jdt.core.tests.compiler.parser.CompletionParserTestKeyword" time="0"/>
  <testcase name="test0078 - 10" classname="org.eclipse.jdt.core.tests.compiler.parser.GenericsCompletionParserTest" time="0"/>
  <testcase name="test0078 - 10" classname="org.eclipse.jdt.core.tests.compiler.parser.AnnotationCompletionParserTest" time="0"/>
  <testcase name="test0078 - 10" classname="org.eclipse.jdt.core.tests.compiler.parser.TypeAnnotationSyntaxTest" time="0.001"/>
  <testcase name="test0079 - 10" classname="org.eclipse.jdt.core.tests.compiler.parser.CompletionParserTestKeyword" time="0"/>
  <testcase name="test0079 - 10" classname="org.eclipse.jdt.core.tests.compiler.parser.GenericsCompletionParserTest" time="0"/>
  <testcase name="test0079 - 10" classname="org.eclipse.jdt.core.tests.compiler.parser.AnnotationCompletionParserTest" time="0"/>
  <testcase name="test0079 - 10" classname="org.eclipse.jdt.core.tests.compiler.parser.TypeAnnotationSyntaxTest" time="0.001"/>
  <testcase name="test0083 - 10" classname="org.eclipse.jdt.core.tests.compiler.parser.CompletionParserTestKeyword" time="0"/>
  <testcase name="test0083 - 10" classname="org.eclipse.jdt.core.tests.compiler.parser.GenericsCompletionParserTest" time="0"/>
  <testcase name="test0083 - 10" classname="org.eclipse.jdt.core.tests.compiler.parser.AnnotationCompletionParserTest" time="0"/>
  <testcase name="test0083 - 10" classname="org.eclipse.jdt.core.tests.compiler.parser.TypeAnnotationSyntaxTest" time="0.001"/>
  <testcase name="test0084 - 10" classname="org.eclipse.jdt.core.tests.compiler.parser.CompletionParserTestKeyword" time="0"/>
  <testcase name="test0084 - 10" classname="org.eclipse.jdt.core.tests.compiler.parser.GenericsCompletionParserTest" time="0"/>
  <testcase name="test0084 - 10" classname="org.eclipse.jdt.core.tests.compiler.parser.AnnotationCompletionParserTest" time="0"/>
  <testcase name="test0084 - 10" classname="org.eclipse.jdt.core.tests.compiler.parser.TypeAnnotationSyntaxTest" time="0.001"/>
  <testcase name="test0085 - 10" classname="org.eclipse.jdt.core.tests.compiler.parser.CompletionParserTestKeyword" time="0.001"/>
  <testcase name="test0085 - 10" classname="org.eclipse.jdt.core.tests.compiler.parser.GenericsCompletionParserTest" time="0"/>
  <testcase name="test0085 - 10" classname="org.eclipse.jdt.core.tests.compiler.parser.AnnotationCompletionParserTest" time="0"/>
  <testcase name="test0085 - 10" classname="org.eclipse.jdt.core.tests.compiler.parser.TypeAnnotationSyntaxTest" time="0.002"/>
  <testcase name="test0086 - 10" classname="org.eclipse.jdt.core.tests.compiler.parser.CompletionParserTestKeyword" time="0"/>
  <testcase name="test0086 - 10" classname="org.eclipse.jdt.core.tests.compiler.parser.GenericsCompletionParserTest" time="0.001"/>
  <testcase name="test0086 - 10" classname="org.eclipse.jdt.core.tests.compiler.parser.AnnotationCompletionParserTest" time="0"/>
  <testcase name="test0086 - 10" classname="org.eclipse.jdt.core.tests.compiler.parser.TypeAnnotationSyntaxTest" time="0.001"/>
  <testcase name="test0087 - 10" classname="org.eclipse.jdt.core.tests.compiler.parser.CompletionParserTestKeyword" time="0"/>
  <testcase name="test0087 - 10" classname="org.eclipse.jdt.core.tests.compiler.parser.GenericsCompletionParserTest" time="0"/>
  <testcase name="test0087 - 10" classname="org.eclipse.jdt.core.tests.compiler.parser.AnnotationCompletionParserTest" time="0"/>
  <testcase name="test0087 - 10" classname="org.eclipse.jdt.core.tests.compiler.parser.TypeAnnotationSyntaxTest" time="0.001"/>
  <testcase name="test0088 - 10" classname="org.eclipse.jdt.core.tests.compiler.parser.CompletionParserTestKeyword" time="0"/>
  <testcase name="test0088 - 10" classname="org.eclipse.jdt.core.tests.compiler.parser.GenericsCompletionParserTest" time="0"/>
  <testcase name="test0088 - 10" classname="org.eclipse.jdt.core.tests.compiler.parser.AnnotationCompletionParserTest" time="0"/>
  <testcase name="test0088 - 10" classname="org.eclipse.jdt.core.tests.compiler.parser.TypeAnnotationSyntaxTest" time="0.001"/>
  <testcase name="test0089 - 10" classname="org.eclipse.jdt.core.tests.compiler.parser.CompletionParserTestKeyword" time="0.001"/>
  <testcase name="test0089 - 10" classname="org.eclipse.jdt.core.tests.compiler.parser.GenericsCompletionParserTest" time="0.001"/>
  <testcase name="test0089 - 10" classname="org.eclipse.jdt.core.tests.compiler.parser.AnnotationCompletionParserTest" time="0.001"/>
  <testcase name="test0089 - 10" classname="org.eclipse.jdt.core.tests.compiler.parser.TypeAnnotationSyntaxTest" time="0.001"/>
  <testcase name="test0091_Diet - 10" classname="org.eclipse.jdt.core.tests.compiler.parser.CompletionParserTestKeyword" time="0"/>
  <testcase name="test0091_Method - 10" classname="org.eclipse.jdt.core.tests.compiler.parser.CompletionParserTestKeyword" time="0.001"/>
  <testcase name="test0094_Diet - 10" classname="org.eclipse.jdt.core.tests.compiler.parser.CompletionParserTestKeyword" time="0"/>
  <testcase name="test0094_Method - 10" classname="org.eclipse.jdt.core.tests.compiler.parser.CompletionParserTestKeyword" time="0"/>
  <testcase name="test0101 - 10" classname="org.eclipse.jdt.core.tests.compiler.parser.CompletionParserTestKeyword" time="0.001"/>
  <testcase name="test0101 - 10" classname="org.eclipse.jdt.core.tests.compiler.parser.AnnotationCompletionParserTest" time="0"/>
  <testcase name="test0101 - 10" classname="org.eclipse.jdt.core.tests.compiler.parser.TypeAnnotationSyntaxTest" time="0"/>
  <testcase name="test0102 - 10" classname="org.eclipse.jdt.core.tests.compiler.parser.CompletionParserTestKeyword" time="0"/>
  <testcase name="test0102 - 10" classname="org.eclipse.jdt.core.tests.compiler.parser.AnnotationCompletionParserTest" time="0"/>
  <testcase name="test0102 - 10" classname="org.eclipse.jdt.core.tests.compiler.parser.TypeAnnotationSyntaxTest" time="0.001"/>
  <testcase name="test0103 - 10" classname="org.eclipse.jdt.core.tests.compiler.parser.CompletionParserTestKeyword" time="0"/>
  <testcase name="test0103 - 10" classname="org.eclipse.jdt.core.tests.compiler.parser.AnnotationCompletionParserTest" time="0"/>
  <testcase name="test0103 - 10" classname="org.eclipse.jdt.core.tests.compiler.parser.TypeAnnotationSyntaxTest" time="0.001"/>
  <testcase name="test0104 - 10" classname="org.eclipse.jdt.core.tests.compiler.parser.CompletionParserTestKeyword" time="0"/>
  <testcase name="test0104 - 10" classname="org.eclipse.jdt.core.tests.compiler.parser.AnnotationCompletionParserTest" time="0"/>
  <testcase name="test0104 - 10" classname="org.eclipse.jdt.core.tests.compiler.parser.TypeAnnotationSyntaxTest" time="0.001"/>
  <testcase name="test0105 - 10" classname="org.eclipse.jdt.core.tests.compiler.parser.CompletionParserTestKeyword" time="0"/>
  <testcase name="test0105 - 10" classname="org.eclipse.jdt.core.tests.compiler.parser.TypeAnnotationSyntaxTest" time="0.001"/>
  <testcase name="test0106 - 10" classname="org.eclipse.jdt.core.tests.compiler.parser.CompletionParserTestKeyword" time="0"/>
  <testcase name="test0106 - 10" classname="org.eclipse.jdt.core.tests.compiler.parser.TypeAnnotationSyntaxTest" time="0.001"/>
  <testcase name="test0111 - 10" classname="org.eclipse.jdt.core.tests.compiler.parser.CompletionParserTestKeyword" time="0"/>
  <testcase name="test0111 - 10" classname="org.eclipse.jdt.core.tests.compiler.parser.TypeAnnotationSyntaxTest" time="0"/>
  <testcase name="test0112 - 10" classname="org.eclipse.jdt.core.tests.compiler.parser.CompletionParserTestKeyword" time="0"/>
  <testcase name="test0112 - 10" classname="org.eclipse.jdt.core.tests.compiler.parser.TypeAnnotationSyntaxTest" time="0.001"/>
  <testcase name="test0113 - 10" classname="org.eclipse.jdt.core.tests.compiler.parser.CompletionParserTestKeyword" time="0"/>
  <testcase name="test0113 - 10" classname="org.eclipse.jdt.core.tests.compiler.parser.TypeAnnotationSyntaxTest" time="0.001"/>
  <testcase name="test0114 - 10" classname="org.eclipse.jdt.core.tests.compiler.parser.CompletionParserTestKeyword" time="0"/>
  <testcase name="test0114 - 10" classname="org.eclipse.jdt.core.tests.compiler.parser.TypeAnnotationSyntaxTest" time="0"/>
  <testcase name="test0115 - 10" classname="org.eclipse.jdt.core.tests.compiler.parser.CompletionParserTestKeyword" time="0"/>
  <testcase name="test0115 - 10" classname="org.eclipse.jdt.core.tests.compiler.parser.AnnotationCompletionParserTest" time="0"/>
  <testcase name="test0115 - 10" classname="org.eclipse.jdt.core.tests.compiler.parser.TypeAnnotationSyntaxTest" time="0.001"/>
  <testcase name="test0116 - 10" classname="org.eclipse.jdt.core.tests.compiler.parser.CompletionParserTestKeyword" time="0"/>
  <testcase name="test0116 - 10" classname="org.eclipse.jdt.core.tests.compiler.parser.AnnotationCompletionParserTest" time="0"/>
  <testcase name="test0116 - 10" classname="org.eclipse.jdt.core.tests.compiler.parser.TypeAnnotationSyntaxTest" time="0.001"/>
  <testcase name="test0117 - 10" classname="org.eclipse.jdt.core.tests.compiler.parser.CompletionParserTestKeyword" time="0"/>
  <testcase name="test0117 - 10" classname="org.eclipse.jdt.core.tests.compiler.parser.AnnotationCompletionParserTest" time="0"/>
  <testcase name="test0117 - 10" classname="org.eclipse.jdt.core.tests.compiler.parser.TypeAnnotationSyntaxTest" time="0.001"/>
  <testcase name="test0118 - 10" classname="org.eclipse.jdt.core.tests.compiler.parser.CompletionParserTestKeyword" time="0"/>
  <testcase name="test0118 - 10" classname="org.eclipse.jdt.core.tests.compiler.parser.AnnotationCompletionParserTest" time="0"/>
  <testcase name="test0118 - 10" classname="org.eclipse.jdt.core.tests.compiler.parser.TypeAnnotationSyntaxTest" time="0.002"/>
  <testcase name="test0119 - 10" classname="org.eclipse.jdt.core.tests.compiler.parser.CompletionParserTestKeyword" time="0"/>
  <testcase name="test0119 - 10" classname="org.eclipse.jdt.core.tests.compiler.parser.TypeAnnotationSyntaxTest" time="0.001"/>
  <testcase name="test0120 - 10" classname="org.eclipse.jdt.core.tests.compiler.parser.CompletionParserTestKeyword" time="0"/>
  <testcase name="test0120 - 10" classname="org.eclipse.jdt.core.tests.compiler.parser.TypeAnnotationSyntaxTest" time="0.001"/>
  <testcase name="test0121 - 10" classname="org.eclipse.jdt.core.tests.compiler.parser.CompletionParserTestKeyword" time="0"/>
  <testcase name="test0121 - 10" classname="org.eclipse.jdt.core.tests.compiler.parser.AnnotationCompletionParserTest" time="0"/>
  <testcase name="test0121 - 10" classname="org.eclipse.jdt.core.tests.compiler.parser.TypeAnnotationSyntaxTest" time="0.001"/>
  <testcase name="test0122 - 10" classname="org.eclipse.jdt.core.tests.compiler.parser.CompletionParserTestKeyword" time="0"/>
  <testcase name="test0122 - 10" classname="org.eclipse.jdt.core.tests.compiler.parser.AnnotationCompletionParserTest" time="0"/>
  <testcase name="test0122 - 10" classname="org.eclipse.jdt.core.tests.compiler.parser.TypeAnnotationSyntaxTest" time="0.001"/>
  <testcase name="test0123 - 10" classname="org.eclipse.jdt.core.tests.compiler.parser.CompletionParserTestKeyword" time="0"/>
  <testcase name="test0123 - 10" classname="org.eclipse.jdt.core.tests.compiler.parser.AnnotationCompletionParserTest" time="0"/>
  <testcase name="test0123 - 10" classname="org.eclipse.jdt.core.tests.compiler.parser.TypeAnnotationSyntaxTest" time="0.001"/>
  <testcase name="test0124 - 10" classname="org.eclipse.jdt.core.tests.compiler.parser.CompletionParserTestKeyword" time="0.001"/>
  <testcase name="test0124 - 10" classname="org.eclipse.jdt.core.tests.compiler.parser.AnnotationCompletionParserTest" time="0.001"/>
  <testcase name="test0125 - 10" classname="org.eclipse.jdt.core.tests.compiler.parser.CompletionParserTestKeyword" time="0"/>
  <testcase name="test0125 - 10" classname="org.eclipse.jdt.core.tests.compiler.parser.AnnotationCompletionParserTest" time="0"/>
  <testcase name="test0125 - 10" classname="org.eclipse.jdt.core.tests.compiler.parser.TypeAnnotationSyntaxTest" time="0"/>
  <testcase name="test0126 - 10" classname="org.eclipse.jdt.core.tests.compiler.parser.CompletionParserTestKeyword" time="0"/>
  <testcase name="test0126 - 10" classname="org.eclipse.jdt.core.tests.compiler.parser.AnnotationCompletionParserTest" time="0"/>
  <testcase name="test0126 - 10" classname="org.eclipse.jdt.core.tests.compiler.parser.TypeAnnotationSyntaxTest" time="0.001"/>
  <testcase name="test0128 - 10" classname="org.eclipse.jdt.core.tests.compiler.parser.CompletionParserTestKeyword" time="0.001"/>
  <testcase name="test0128 - 10" classname="org.eclipse.jdt.core.tests.compiler.parser.AnnotationCompletionParserTest" time="0"/>
  <testcase name="test0128 - 10" classname="org.eclipse.jdt.core.tests.compiler.parser.TypeAnnotationSyntaxTest" time="0.001"/>
  <testcase name="test0129 - 10" classname="org.eclipse.jdt.core.tests.compiler.parser.CompletionParserTestKeyword" time="0"/>
  <testcase name="test0129 - 10" classname="org.eclipse.jdt.core.tests.compiler.parser.AnnotationCompletionParserTest" time="0"/>
  <testcase name="test0129 - 10" classname="org.eclipse.jdt.core.tests.compiler.parser.TypeAnnotationSyntaxTest" time="0.001"/>
  <testcase name="test0130 - 10" classname="org.eclipse.jdt.core.tests.compiler.parser.CompletionParserTestKeyword" time="0"/>
  <testcase name="test0130 - 10" classname="org.eclipse.jdt.core.tests.compiler.parser.TypeAnnotationSyntaxTest" time="0"/>
  <testcase name="test0131 - 10" classname="org.eclipse.jdt.core.tests.compiler.parser.CompletionParserTestKeyword" time="0"/>
  <testcase name="test0131 - 10" classname="org.eclipse.jdt.core.tests.compiler.parser.TypeAnnotationSyntaxTest" time="0"/>
  <testcase name="test0132 - 10" classname="org.eclipse.jdt.core.tests.compiler.parser.CompletionParserTestKeyword" time="0"/>
  <testcase name="test0132 - 10" classname="org.eclipse.jdt.core.tests.compiler.parser.TypeAnnotationSyntaxTest" time="0"/>
  <testcase name="test0133 - 10" classname="org.eclipse.jdt.core.tests.compiler.parser.CompletionParserTestKeyword" time="0"/>
  <testcase name="test0133 - 10" classname="org.eclipse.jdt.core.tests.compiler.parser.TypeAnnotationSyntaxTest" time="0.001"/>
  <testcase name="test0135 - 10" classname="org.eclipse.jdt.core.tests.compiler.parser.CompletionParserTestKeyword" time="0"/>
  <testcase name="test0135 - 10" classname="org.eclipse.jdt.core.tests.compiler.parser.TypeAnnotationSyntaxTest" time="0"/>
  <testcase name="test0137 - 10" classname="org.eclipse.jdt.core.tests.compiler.parser.CompletionParserTestKeyword" time="0"/>
  <testcase name="test0137 - 10" classname="org.eclipse.jdt.core.tests.compiler.parser.TypeAnnotationSyntaxTest" time="0"/>
  <testcase name="test0138 - 10" classname="org.eclipse.jdt.core.tests.compiler.parser.CompletionParserTestKeyword" time="0"/>
  <testcase name="test0138 - 10" classname="org.eclipse.jdt.core.tests.compiler.parser.TypeAnnotationSyntaxTest" time="0"/>
  <testcase name="test0142 - 10" classname="org.eclipse.jdt.core.tests.compiler.parser.CompletionParserTestKeyword" time="0"/>
  <testcase name="test0143 - 10" classname="org.eclipse.jdt.core.tests.compiler.parser.CompletionParserTestKeyword" time="0"/>
  <testcase name="test0144 - 10" classname="org.eclipse.jdt.core.tests.compiler.parser.CompletionParserTestKeyword" time="0"/>
  <testcase name="test0145 - 10" classname="org.eclipse.jdt.core.tests.compiler.parser.CompletionParserTestKeyword" time="0"/>
  <testcase name="test0146 - 10" classname="org.eclipse.jdt.core.tests.compiler.parser.CompletionParserTestKeyword" time="0"/>
  <testcase name="test0146 - 10" classname="org.eclipse.jdt.core.tests.compiler.parser.GenericsCompletionParserTest" time="0.001"/>
  <testcase name="test0147_Diet - 10" classname="org.eclipse.jdt.core.tests.compiler.parser.CompletionParserTestKeyword" time="0"/>
  <testcase name="test0147_Method - 10" classname="org.eclipse.jdt.core.tests.compiler.parser.CompletionParserTestKeyword" time="0"/>
  <testcase name="test0148_Diet - 10" classname="org.eclipse.jdt.core.tests.compiler.parser.CompletionParserTestKeyword" time="0.001"/>
  <testcase name="test0148_Method - 10" classname="org.eclipse.jdt.core.tests.compiler.parser.CompletionParserTestKeyword" time="0"/>
  <testcase name="test0149 - 10" classname="org.eclipse.jdt.core.tests.compiler.parser.CompletionParserTestKeyword" time="0"/>
  <testcase name="test0149 - 10" classname="org.eclipse.jdt.core.tests.compiler.parser.GenericsCompletionParserTest" time="0"/>
  <testcase name="test0150 - 10" classname="org.eclipse.jdt.core.tests.compiler.parser.CompletionParserTestKeyword" time="0"/>
  <testcase name="test0150 - 10" classname="org.eclipse.jdt.core.tests.compiler.parser.GenericsCompletionParserTest" time="0"/>
  <testcase name="test0151 - 10" classname="org.eclipse.jdt.core.tests.compiler.parser.CompletionParserTestKeyword" time="0.001"/>
  <testcase name="test0151 - 10" classname="org.eclipse.jdt.core.tests.compiler.parser.GenericsCompletionParserTest" time="0"/>
  <testcase name="test0153 - 10" classname="org.eclipse.jdt.core.tests.compiler.parser.CompletionParserTestKeyword" time="0"/>
  <testcase name="test0153 - 10" classname="org.eclipse.jdt.core.tests.compiler.parser.GenericsCompletionParserTest" time="0"/>
  <testcase name="test0154 - 10" classname="org.eclipse.jdt.core.tests.compiler.parser.CompletionParserTestKeyword" time="0"/>
  <testcase name="test0154 - 10" classname="org.eclipse.jdt.core.tests.compiler.parser.GenericsCompletionParserTest" time="0"/>
  <testcase name="test0155 - 10" classname="org.eclipse.jdt.core.tests.compiler.parser.CompletionParserTestKeyword" time="0"/>
  <testcase name="test0155 - 10" classname="org.eclipse.jdt.core.tests.compiler.parser.GenericsCompletionParserTest" time="0"/>
  <testcase name="test0156 - 10" classname="org.eclipse.jdt.core.tests.compiler.parser.CompletionParserTestKeyword" time="0"/>
  <testcase name="test0156 - 10" classname="org.eclipse.jdt.core.tests.compiler.parser.GenericsCompletionParserTest" time="0"/>
  <testcase name="test0157 - 10" classname="org.eclipse.jdt.core.tests.compiler.parser.CompletionParserTestKeyword" time="0"/>
  <testcase name="test0157 - 10" classname="org.eclipse.jdt.core.tests.compiler.parser.GenericsCompletionParserTest" time="0.001"/>
  <testcase name="test0158 - 10" classname="org.eclipse.jdt.core.tests.compiler.parser.CompletionParserTestKeyword" time="0.001"/>
  <testcase name="test0158 - 10" classname="org.eclipse.jdt.core.tests.compiler.parser.GenericsCompletionParserTest" time="0"/>
  <testcase name="test0165 - 10" classname="org.eclipse.jdt.core.tests.compiler.parser.CompletionParserTestKeyword" time="0"/>
  <testcase name="test0166 - 10" classname="org.eclipse.jdt.core.tests.compiler.parser.CompletionParserTestKeyword" time="0"/>
  <testcase name="test0167 - 10" classname="org.eclipse.jdt.core.tests.compiler.parser.CompletionParserTestKeyword" time="0"/>
  <testcase name="test0168 - 10" classname="org.eclipse.jdt.core.tests.compiler.parser.CompletionParserTestKeyword" time="0"/>
  <testcase name="test0169 - 10" classname="org.eclipse.jdt.core.tests.compiler.parser.CompletionParserTestKeyword" time="0"/>
  <testcase name="test0169 - 10" classname="org.eclipse.jdt.core.tests.compiler.parser.GenericsCompletionParserTest" time="0"/>
  <testcase name="test0170 - 10" classname="org.eclipse.jdt.core.tests.compiler.parser.CompletionParserTestKeyword" time="0"/>
  <testcase name="test0170 - 10" classname="org.eclipse.jdt.core.tests.compiler.parser.GenericsCompletionParserTest" time="0"/>
  <testcase name="test0171 - 10" classname="org.eclipse.jdt.core.tests.compiler.parser.CompletionParserTestKeyword" time="0"/>
  <testcase name="test0173 - 10" classname="org.eclipse.jdt.core.tests.compiler.parser.CompletionParserTestKeyword" time="0"/>
  <testcase name="test0174 - 10" classname="org.eclipse.jdt.core.tests.compiler.parser.CompletionParserTestKeyword" time="0"/>
  <testcase name="test0175 - 10" classname="org.eclipse.jdt.core.tests.compiler.parser.CompletionParserTestKeyword" time="0"/>
  <testcase name="test0176 - 10" classname="org.eclipse.jdt.core.tests.compiler.parser.CompletionParserTestKeyword" time="0"/>
  <testcase name="test0177 - 10" classname="org.eclipse.jdt.core.tests.compiler.parser.CompletionParserTestKeyword" time="0"/>
  <testcase name="test0177 - 10" classname="org.eclipse.jdt.core.tests.compiler.parser.GenericsCompletionParserTest" time="0"/>
  <testcase name="test0178 - 10" classname="org.eclipse.jdt.core.tests.compiler.parser.CompletionParserTestKeyword" time="0"/>
  <testcase name="test0178 - 10" classname="org.eclipse.jdt.core.tests.compiler.parser.GenericsCompletionParserTest" time="0"/>
  <testcase name="test0179 - 10" classname="org.eclipse.jdt.core.tests.compiler.parser.CompletionParserTestKeyword" time="0"/>
  <testcase name="test0179 - 10" classname="org.eclipse.jdt.core.tests.compiler.parser.GenericsCompletionParserTest" time="0.001"/>
  <testcase name="test0180 - 10" classname="org.eclipse.jdt.core.tests.compiler.parser.CompletionParserTestKeyword" time="0"/>
  <testcase name="test0180 - 10" classname="org.eclipse.jdt.core.tests.compiler.parser.GenericsCompletionParserTest" time="0"/>
  <testcase name="test0181_Diet - 10" classname="org.eclipse.jdt.core.tests.compiler.parser.CompletionParserTestKeyword" time="0.001"/>
  <testcase name="test0181_Method - 10" classname="org.eclipse.jdt.core.tests.compiler.parser.CompletionParserTestKeyword" time="0"/>
  <testcase name="test0182_Diet - 10" classname="org.eclipse.jdt.core.tests.compiler.parser.CompletionParserTestKeyword" time="0"/>
  <testcase name="test0182_Method - 10" classname="org.eclipse.jdt.core.tests.compiler.parser.CompletionParserTestKeyword" time="0"/>
  <testcase name="test0183_Diet - 10" classname="org.eclipse.jdt.core.tests.compiler.parser.CompletionParserTestKeyword" time="0"/>
  <testcase name="test0183_Method - 10" classname="org.eclipse.jdt.core.tests.compiler.parser.CompletionParserTestKeyword" time="0"/>
  <testcase name="test0184_Diet - 10" classname="org.eclipse.jdt.core.tests.compiler.parser.CompletionParserTestKeyword" time="0"/>
  <testcase name="test0184_Diet - 10" classname="org.eclipse.jdt.core.tests.compiler.parser.GenericsCompletionParserTest" time="0"/>
  <testcase name="test0184_Method - 10" classname="org.eclipse.jdt.core.tests.compiler.parser.CompletionParserTestKeyword" time="0.001"/>
  <testcase name="test0184_Method - 10" classname="org.eclipse.jdt.core.tests.compiler.parser.GenericsCompletionParserTest" time="0"/>
  <testcase name="test0185_Diet - 10" classname="org.eclipse.jdt.core.tests.compiler.parser.CompletionParserTestKeyword" time="0"/>
  <testcase name="test0185_Method - 10" classname="org.eclipse.jdt.core.tests.compiler.parser.CompletionParserTestKeyword" time="0"/>
  <testcase name="test0186_Diet - 10" classname="org.eclipse.jdt.core.tests.compiler.parser.CompletionParserTestKeyword" time="0"/>
  <testcase name="test0186_Method - 10" classname="org.eclipse.jdt.core.tests.compiler.parser.CompletionParserTestKeyword" time="0"/>
  <testcase name="test0187_Diet - 10" classname="org.eclipse.jdt.core.tests.compiler.parser.CompletionParserTestKeyword" time="0"/>
  <testcase name="test0187_Diet - 10" classname="org.eclipse.jdt.core.tests.compiler.parser.GenericsCompletionParserTest" time="0"/>
  <testcase name="test0187_Method - 10" classname="org.eclipse.jdt.core.tests.compiler.parser.CompletionParserTestKeyword" time="0"/>
  <testcase name="test0187_Method - 10" classname="org.eclipse.jdt.core.tests.compiler.parser.GenericsCompletionParserTest" time="0"/>
  <testcase name="test0188_Diet - 10" classname="org.eclipse.jdt.core.tests.compiler.parser.CompletionParserTestKeyword" time="0.001"/>
  <testcase name="test0188_Diet - 10" classname="org.eclipse.jdt.core.tests.compiler.parser.GenericsCompletionParserTest" time="0"/>
  <testcase name="test0188_Method - 10" classname="org.eclipse.jdt.core.tests.compiler.parser.CompletionParserTestKeyword" time="0"/>
  <testcase name="test0188_Method - 10" classname="org.eclipse.jdt.core.tests.compiler.parser.GenericsCompletionParserTest" time="0"/>
  <testcase name="test0189_Diet - 10" classname="org.eclipse.jdt.core.tests.compiler.parser.CompletionParserTestKeyword" time="0"/>
  <testcase name="test0189_Diet - 10" classname="org.eclipse.jdt.core.tests.compiler.parser.GenericsCompletionParserTest" time="0"/>
  <testcase name="test0189_Method - 10" classname="org.eclipse.jdt.core.tests.compiler.parser.CompletionParserTestKeyword" time="0"/>
  <testcase name="test0189_Method - 10" classname="org.eclipse.jdt.core.tests.compiler.parser.GenericsCompletionParserTest" time="0.001"/>
  <testcase name="test0190_Diet - 10" classname="org.eclipse.jdt.core.tests.compiler.parser.CompletionParserTestKeyword" time="0"/>
  <testcase name="test0190_Diet - 10" classname="org.eclipse.jdt.core.tests.compiler.parser.GenericsCompletionParserTest" time="0"/>
  <testcase name="test0190_Method - 10" classname="org.eclipse.jdt.core.tests.compiler.parser.CompletionParserTestKeyword" time="0"/>
  <testcase name="test0190_Method - 10" classname="org.eclipse.jdt.core.tests.compiler.parser.GenericsCompletionParserTest" time="0"/>
  <testcase name="test0191_Diet - 10" classname="org.eclipse.jdt.core.tests.compiler.parser.CompletionParserTestKeyword" time="0"/>
  <testcase name="test0191_Diet - 10" classname="org.eclipse.jdt.core.tests.compiler.parser.GenericsCompletionParserTest" time="0"/>
  <testcase name="test0191_Method - 10" classname="org.eclipse.jdt.core.tests.compiler.parser.CompletionParserTestKeyword" time="0.001"/>
  <testcase name="test0191_Method - 10" classname="org.eclipse.jdt.core.tests.compiler.parser.GenericsCompletionParserTest" time="0"/>
  <testcase name="test0192_Diet - 10" classname="org.eclipse.jdt.core.tests.compiler.parser.CompletionParserTestKeyword" time="0"/>
  <testcase name="test0192_Diet - 10" classname="org.eclipse.jdt.core.tests.compiler.parser.GenericsCompletionParserTest" time="0"/>
  <testcase name="test0192_Method - 10" classname="org.eclipse.jdt.core.tests.compiler.parser.CompletionParserTestKeyword" time="0"/>
  <testcase name="test0192_Method - 10" classname="org.eclipse.jdt.core.tests.compiler.parser.GenericsCompletionParserTest" time="0"/>
  <testcase name="test0193_Diet - 10" classname="org.eclipse.jdt.core.tests.compiler.parser.CompletionParserTestKeyword" time="0"/>
  <testcase name="test0193_Diet - 10" classname="org.eclipse.jdt.core.tests.compiler.parser.GenericsCompletionParserTest" time="0"/>
  <testcase name="test0193_Method - 10" classname="org.eclipse.jdt.core.tests.compiler.parser.CompletionParserTestKeyword" time="0"/>
  <testcase name="test0193_Method - 10" classname="org.eclipse.jdt.core.tests.compiler.parser.GenericsCompletionParserTest" time="0"/>
  <testcase name="test0194 - 10" classname="org.eclipse.jdt.core.tests.compiler.parser.CompletionParserTestKeyword" time="0"/>
  <testcase name="test0195 - 10" classname="org.eclipse.jdt.core.tests.compiler.parser.CompletionParserTestKeyword" time="0"/>
  <testcase name="test0196 - 10" classname="org.eclipse.jdt.core.tests.compiler.parser.CompletionParserTestKeyword" time="0"/>
  <testcase name="test0196 - 10" classname="org.eclipse.jdt.core.tests.compiler.parser.GenericsCompletionParserTest" time="0"/>
  <testcase name="test0197 - 10" classname="org.eclipse.jdt.core.tests.compiler.parser.CompletionParserTestKeyword" time="0"/>
  <testcase name="test0197 - 10" classname="org.eclipse.jdt.core.tests.compiler.parser.GenericsCompletionParserTest" time="0"/>
  <testcase name="test0198 - 10" classname="org.eclipse.jdt.core.tests.compiler.parser.CompletionParserTestKeyword" time="0"/>
  <testcase name="test0198 - 10" classname="org.eclipse.jdt.core.tests.compiler.parser.GenericsCompletionParserTest" time="0"/>
  <testcase name="test0199 - 10" classname="org.eclipse.jdt.core.tests.compiler.parser.CompletionParserTestKeyword" time="0"/>
  <testcase name="test0199 - 10" classname="org.eclipse.jdt.core.tests.compiler.parser.GenericsCompletionParserTest" time="0"/>
  <testcase name="test0200 - 10" classname="org.eclipse.jdt.core.tests.compiler.parser.CompletionParserTestKeyword" time="0"/>
  <testcase name="test0200 - 10" classname="org.eclipse.jdt.core.tests.compiler.parser.GenericsCompletionParserTest" time="0"/>
  <testcase name="test0201 - 10" classname="org.eclipse.jdt.core.tests.compiler.parser.CompletionParserTestKeyword" time="0"/>
  <testcase name="test0201 - 10" classname="org.eclipse.jdt.core.tests.compiler.parser.GenericsCompletionParserTest" time="0"/>
  <testcase name="test0202 - 10" classname="org.eclipse.jdt.core.tests.compiler.parser.CompletionParserTestKeyword" time="0"/>
  <testcase name="test0203 - 10" classname="org.eclipse.jdt.core.tests.compiler.parser.CompletionParserTestKeyword" time="0"/>
  <testcase name="test0204 - 10" classname="org.eclipse.jdt.core.tests.compiler.parser.CompletionParserTestKeyword" time="0"/>
  <testcase name="test0205 - 10" classname="org.eclipse.jdt.core.tests.compiler.parser.CompletionParserTestKeyword" time="0.001"/>
  <testcase name="test0205 - 10" classname="org.eclipse.jdt.core.tests.compiler.parser.GenericsCompletionParserTest" time="0.001"/>
  <testcase name="test0206 - 10" classname="org.eclipse.jdt.core.tests.compiler.parser.CompletionParserTestKeyword" time="0"/>
  <testcase name="test0207 - 10" classname="org.eclipse.jdt.core.tests.compiler.parser.CompletionParserTestKeyword" time="0"/>
  <testcase name="test0208 - 10" classname="org.eclipse.jdt.core.tests.compiler.parser.CompletionParserTestKeyword" time="0"/>
  <testcase name="test0209 - 10" classname="org.eclipse.jdt.core.tests.compiler.parser.CompletionParserTestKeyword" time="0.001"/>
  <testcase name="test0210 - 10" classname="org.eclipse.jdt.core.tests.compiler.parser.CompletionParserTestKeyword" time="0"/>
  <testcase name="test0211 - 10" classname="org.eclipse.jdt.core.tests.compiler.parser.CompletionParserTestKeyword" time="0"/>
  <testcase name="test0211 - 10" classname="org.eclipse.jdt.core.tests.compiler.parser.GenericsCompletionParserTest" time="0"/>
  <testcase name="test0212 - 10" classname="org.eclipse.jdt.core.tests.compiler.parser.CompletionParserTestKeyword" time="0"/>
  <testcase name="test0212 - 10" classname="org.eclipse.jdt.core.tests.compiler.parser.GenericsCompletionParserTest" time="0"/>
  <testcase name="test0213 - 10" classname="org.eclipse.jdt.core.tests.compiler.parser.CompletionParserTestKeyword" time="0.001"/>
  <testcase name="test0214_Diet - 10" classname="org.eclipse.jdt.core.tests.compiler.parser.CompletionParserTestKeyword" time="0"/>
  <testcase name="test0214_Diet - 10" classname="org.eclipse.jdt.core.tests.compiler.parser.GenericsCompletionParserTest" time="0.001"/>
  <testcase name="test0214_Method - 10" classname="org.eclipse.jdt.core.tests.compiler.parser.CompletionParserTestKeyword" time="0"/>
  <testcase name="test0214_Method - 10" classname="org.eclipse.jdt.core.tests.compiler.parser.GenericsCompletionParserTest" time="0"/>
  <testcase name="test0216_Diet - 10" classname="org.eclipse.jdt.core.tests.compiler.parser.CompletionParserTestKeyword" time="0"/>
  <testcase name="test0216_Diet - 10" classname="org.eclipse.jdt.core.tests.compiler.parser.GenericsCompletionParserTest" time="0.001"/>
  <testcase name="test0216_Method - 10" classname="org.eclipse.jdt.core.tests.compiler.parser.CompletionParserTestKeyword" time="0"/>
  <testcase name="test0217_Diet - 10" classname="org.eclipse.jdt.core.tests.compiler.parser.CompletionParserTestKeyword" time="0"/>
  <testcase name="test0217_Method - 10" classname="org.eclipse.jdt.core.tests.compiler.parser.CompletionParserTestKeyword" time="0"/>
  <testcase name="test0217_Method - 10" classname="org.eclipse.jdt.core.tests.compiler.parser.GenericsCompletionParserTest" time="0"/>
  <testcase name="test0218_Diet - 10" classname="org.eclipse.jdt.core.tests.compiler.parser.CompletionParserTestKeyword" time="0"/>
  <testcase name="test0218_Diet - 10" classname="org.eclipse.jdt.core.tests.compiler.parser.GenericsCompletionParserTest" time="0"/>
  <testcase name="test0218_Method - 10" classname="org.eclipse.jdt.core.tests.compiler.parser.CompletionParserTestKeyword" time="0"/>
  <testcase name="test0219_Diet - 10" classname="org.eclipse.jdt.core.tests.compiler.parser.CompletionParserTestKeyword" time="0"/>
  <testcase name="test0219_Diet - 10" classname="org.eclipse.jdt.core.tests.compiler.parser.GenericsCompletionParserTest" time="0.001"/>
  <testcase name="test0219_Method - 10" classname="org.eclipse.jdt.core.tests.compiler.parser.CompletionParserTestKeyword" time="0"/>
  <testcase name="test0220_Diet - 10" classname="org.eclipse.jdt.core.tests.compiler.parser.CompletionParserTestKeyword" time="0.001"/>
  <testcase name="test0220_Diet - 10" classname="org.eclipse.jdt.core.tests.compiler.parser.GenericsCompletionParserTest" time="0"/>
  <testcase name="test0220_Method - 10" classname="org.eclipse.jdt.core.tests.compiler.parser.CompletionParserTestKeyword" time="0"/>
  <testcase name="test0221_Diet - 10" classname="org.eclipse.jdt.core.tests.compiler.parser.CompletionParserTestKeyword" time="0"/>
  <testcase name="test0221_Method - 10" classname="org.eclipse.jdt.core.tests.compiler.parser.CompletionParserTestKeyword" time="0"/>
  <testcase name="test0222_Diet - 10" classname="org.eclipse.jdt.core.tests.compiler.parser.CompletionParserTestKeyword" time="0.001"/>
  <testcase name="test0222_Method - 10" classname="org.eclipse.jdt.core.tests.compiler.parser.CompletionParserTestKeyword" time="0"/>
  <testcase name="test0223 - 10" classname="org.eclipse.jdt.core.tests.compiler.parser.CompletionParserTestKeyword" time="0"/>
  <testcase name="test0224 - 10" classname="org.eclipse.jdt.core.tests.compiler.parser.CompletionParserTestKeyword" time="0"/>
  <testcase name="test0225 - 10" classname="org.eclipse.jdt.core.tests.compiler.parser.CompletionParserTestKeyword" time="0.001"/>
  <testcase name="test0226 - 10" classname="org.eclipse.jdt.core.tests.compiler.parser.CompletionParserTestKeyword" time="0"/>
  <testcase name="test0227 - 10" classname="org.eclipse.jdt.core.tests.compiler.parser.CompletionParserTestKeyword" time="0"/>
  <testcase name="test0228 - 10" classname="org.eclipse.jdt.core.tests.compiler.parser.CompletionParserTestKeyword" time="0"/>
  <testcase name="test0229 - 10" classname="org.eclipse.jdt.core.tests.compiler.parser.CompletionParserTestKeyword" time="0.001"/>
  <testcase name="test0230 - 10" classname="org.eclipse.jdt.core.tests.compiler.parser.CompletionParserTestKeyword" time="0"/>
  <testcase name="test0231_Diet - 10" classname="org.eclipse.jdt.core.tests.compiler.parser.CompletionParserTestKeyword" time="0"/>
  <testcase name="test0231_Method - 10" classname="org.eclipse.jdt.core.tests.compiler.parser.CompletionParserTestKeyword" time="0"/>
  <testcase name="test0232_Diet - 10" classname="org.eclipse.jdt.core.tests.compiler.parser.CompletionParserTestKeyword" time="0.001"/>
  <testcase name="test0232_Method - 10" classname="org.eclipse.jdt.core.tests.compiler.parser.CompletionParserTestKeyword" time="0"/>
  <testcase name="test0233_Diet - 10" classname="org.eclipse.jdt.core.tests.compiler.parser.CompletionParserTestKeyword" time="0"/>
  <testcase name="test0233_Method - 10" classname="org.eclipse.jdt.core.tests.compiler.parser.CompletionParserTestKeyword" time="0"/>
  <testcase name="test0234_Diet - 10" classname="org.eclipse.jdt.core.tests.compiler.parser.CompletionParserTestKeyword" time="0.001"/>
  <testcase name="test0234_Method - 10" classname="org.eclipse.jdt.core.tests.compiler.parser.CompletionParserTestKeyword" time="0"/>
  <testcase name="test0235_Diet - 10" classname="org.eclipse.jdt.core.tests.compiler.parser.CompletionParserTestKeyword" time="0"/>
  <testcase name="test0235_Method - 10" classname="org.eclipse.jdt.core.tests.compiler.parser.CompletionParserTestKeyword" time="0"/>
  <testcase name="test0236_Diet - 10" classname="org.eclipse.jdt.core.tests.compiler.parser.CompletionParserTestKeyword" time="0"/>
  <testcase name="test0236_Method - 10" classname="org.eclipse.jdt.core.tests.compiler.parser.CompletionParserTestKeyword" time="0"/>
  <testcase name="test0237_Diet - 10" classname="org.eclipse.jdt.core.tests.compiler.parser.CompletionParserTestKeyword" time="0.001"/>
  <testcase name="test0237_Method - 10" classname="org.eclipse.jdt.core.tests.compiler.parser.CompletionParserTestKeyword" time="0"/>
  <testcase name="test0238_Diet - 10" classname="org.eclipse.jdt.core.tests.compiler.parser.CompletionParserTestKeyword" time="0"/>
  <testcase name="test0238_Method - 10" classname="org.eclipse.jdt.core.tests.compiler.parser.CompletionParserTestKeyword" time="0.001"/>
  <testcase name="test0239_Diet - 10" classname="org.eclipse.jdt.core.tests.compiler.parser.CompletionParserTestKeyword" time="0"/>
  <testcase name="test0239_Method - 10" classname="org.eclipse.jdt.core.tests.compiler.parser.CompletionParserTestKeyword" time="0"/>
  <testcase name="test0240_Diet - 10" classname="org.eclipse.jdt.core.tests.compiler.parser.CompletionParserTestKeyword" time="0"/>
  <testcase name="test0240_Method - 10" classname="org.eclipse.jdt.core.tests.compiler.parser.CompletionParserTestKeyword" time="0"/>
  <testcase name="test0241 - 10" classname="org.eclipse.jdt.core.tests.compiler.parser.CompletionParserTestKeyword" time="0"/>
  <testcase name="test0242 - 10" classname="org.eclipse.jdt.core.tests.compiler.parser.CompletionParserTestKeyword" time="0"/>
  <testcase name="test0243 - 10" classname="org.eclipse.jdt.core.tests.compiler.parser.CompletionParserTestKeyword" time="0"/>
  <testcase name="test0244 - 10" classname="org.eclipse.jdt.core.tests.compiler.parser.CompletionParserTestKeyword" time="0"/>
  <testcase name="test0245 - 10" classname="org.eclipse.jdt.core.tests.compiler.parser.CompletionParserTestKeyword" time="0"/>
  <testcase name="test0246 - 10" classname="org.eclipse.jdt.core.tests.compiler.parser.CompletionParserTestKeyword" time="0"/>
  <testcase name="test0247 - 10" classname="org.eclipse.jdt.core.tests.compiler.parser.CompletionParserTestKeyword" time="0"/>
  <testcase name="test0248 - 10" classname="org.eclipse.jdt.core.tests.compiler.parser.CompletionParserTestKeyword" time="0.001"/>
  <testcase name="test0249_Diet - 10" classname="org.eclipse.jdt.core.tests.compiler.parser.CompletionParserTestKeyword" time="0"/>
  <testcase name="test0249_Method - 10" classname="org.eclipse.jdt.core.tests.compiler.parser.CompletionParserTestKeyword" time="0"/>
  <testcase name="test0250_Diet - 10" classname="org.eclipse.jdt.core.tests.compiler.parser.CompletionParserTestKeyword" time="0"/>
  <testcase name="test0250_Method - 10" classname="org.eclipse.jdt.core.tests.compiler.parser.CompletionParserTestKeyword" time="0"/>
  <testcase name="test0251_Diet - 10" classname="org.eclipse.jdt.core.tests.compiler.parser.CompletionParserTestKeyword" time="0"/>
  <testcase name="test0251_Method - 10" classname="org.eclipse.jdt.core.tests.compiler.parser.CompletionParserTestKeyword" time="0"/>
  <testcase name="test0252_Diet - 10" classname="org.eclipse.jdt.core.tests.compiler.parser.CompletionParserTestKeyword" time="0"/>
  <testcase name="test0252_Method - 10" classname="org.eclipse.jdt.core.tests.compiler.parser.CompletionParserTestKeyword" time="0"/>
  <testcase name="test0253_Diet - 10" classname="org.eclipse.jdt.core.tests.compiler.parser.CompletionParserTestKeyword" time="0"/>
  <testcase name="test0253_Method - 10" classname="org.eclipse.jdt.core.tests.compiler.parser.CompletionParserTestKeyword" time="0"/>
  <testcase name="test0254 - 10" classname="org.eclipse.jdt.core.tests.compiler.parser.CompletionParserTestKeyword" time="0"/>
  <testcase name="test0255 - 10" classname="org.eclipse.jdt.core.tests.compiler.parser.CompletionParserTestKeyword" time="0"/>
  <testcase name="test0256 - 10" classname="org.eclipse.jdt.core.tests.compiler.parser.CompletionParserTestKeyword" time="0"/>
  <testcase name="test0257 - 10" classname="org.eclipse.jdt.core.tests.compiler.parser.CompletionParserTestKeyword" time="0"/>
  <testcase name="test0258 - 10" classname="org.eclipse.jdt.core.tests.compiler.parser.CompletionParserTestKeyword" time="0.001"/>
  <testcase name="test0259 - 10" classname="org.eclipse.jdt.core.tests.compiler.parser.CompletionParserTestKeyword" time="0"/>
  <testcase name="test0260 - 10" classname="org.eclipse.jdt.core.tests.compiler.parser.CompletionParserTestKeyword" time="0"/>
  <testcase name="test0261 - 10" classname="org.eclipse.jdt.core.tests.compiler.parser.CompletionParserTestKeyword" time="0"/>
  <testcase name="test0262 - 10" classname="org.eclipse.jdt.core.tests.compiler.parser.CompletionParserTestKeyword" time="0"/>
  <testcase name="test0263 - 10" classname="org.eclipse.jdt.core.tests.compiler.parser.CompletionParserTestKeyword" time="0"/>
  <testcase name="test0264 - 10" classname="org.eclipse.jdt.core.tests.compiler.parser.CompletionParserTestKeyword" time="0"/>
  <testcase name="test0265 - 10" classname="org.eclipse.jdt.core.tests.compiler.parser.CompletionParserTestKeyword" time="0"/>
  <testcase name="test0266 - 10" classname="org.eclipse.jdt.core.tests.compiler.parser.CompletionParserTestKeyword" time="0"/>
  <testcase name="test0267 - 10" classname="org.eclipse.jdt.core.tests.compiler.parser.CompletionParserTestKeyword" time="0"/>
  <testcase name="test0268 - 10" classname="org.eclipse.jdt.core.tests.compiler.parser.CompletionParserTestKeyword" time="0"/>
  <testcase name="test0269 - 10" classname="org.eclipse.jdt.core.tests.compiler.parser.CompletionParserTestKeyword" time="0"/>
  <testcase name="test0270 - 10" classname="org.eclipse.jdt.core.tests.compiler.parser.CompletionParserTestKeyword" time="0"/>
  <testcase name="test0271 - 10" classname="org.eclipse.jdt.core.tests.compiler.parser.CompletionParserTestKeyword" time="0"/>
  <testcase name="test0272 - 10" classname="org.eclipse.jdt.core.tests.compiler.parser.CompletionParserTestKeyword" time="0"/>
  <testcase name="test0273 - 10" classname="org.eclipse.jdt.core.tests.compiler.parser.CompletionParserTestKeyword" time="0"/>
  <testcase name="test0274_Diet - 10" classname="org.eclipse.jdt.core.tests.compiler.parser.CompletionParserTestKeyword" time="0"/>
  <testcase name="test0274_Method - 10" classname="org.eclipse.jdt.core.tests.compiler.parser.CompletionParserTestKeyword" time="0"/>
  <testcase name="test0275_Diet - 10" classname="org.eclipse.jdt.core.tests.compiler.parser.CompletionParserTestKeyword" time="0"/>
  <testcase name="test0275_Method - 10" classname="org.eclipse.jdt.core.tests.compiler.parser.CompletionParserTestKeyword" time="0"/>
  <testcase name="test0276_Diet - 10" classname="org.eclipse.jdt.core.tests.compiler.parser.CompletionParserTestKeyword" time="0"/>
  <testcase name="test0276_Method - 10" classname="org.eclipse.jdt.core.tests.compiler.parser.CompletionParserTestKeyword" time="0"/>
  <testcase name="test0277 - 10" classname="org.eclipse.jdt.core.tests.compiler.parser.CompletionParserTestKeyword" time="0"/>
  <testcase name="test0278 - 10" classname="org.eclipse.jdt.core.tests.compiler.parser.CompletionParserTestKeyword" time="0"/>
  <testcase name="test0279 - 10" classname="org.eclipse.jdt.core.tests.compiler.parser.CompletionParserTestKeyword" time="0"/>
  <testcase name="test0280 - 10" classname="org.eclipse.jdt.core.tests.compiler.parser.CompletionParserTestKeyword" time="0"/>
  <testcase name="test0281 - 10" classname="org.eclipse.jdt.core.tests.compiler.parser.CompletionParserTestKeyword" time="0.001"/>
  <testcase name="test0282 - 10" classname="org.eclipse.jdt.core.tests.compiler.parser.CompletionParserTestKeyword" time="0"/>
  <testcase name="test0283 - 10" classname="org.eclipse.jdt.core.tests.compiler.parser.CompletionParserTestKeyword" time="0"/>
  <testcase name="test0284_Diet - 10" classname="org.eclipse.jdt.core.tests.compiler.parser.CompletionParserTestKeyword" time="0.001"/>
  <testcase name="test0284_Method - 10" classname="org.eclipse.jdt.core.tests.compiler.parser.CompletionParserTestKeyword" time="0"/>
  <testcase name="test0285_Diet - 10" classname="org.eclipse.jdt.core.tests.compiler.parser.CompletionParserTestKeyword" time="0"/>
  <testcase name="test0285_Method - 10" classname="org.eclipse.jdt.core.tests.compiler.parser.CompletionParserTestKeyword" time="0"/>
  <testcase name="test0286_Diet - 10" classname="org.eclipse.jdt.core.tests.compiler.parser.CompletionParserTestKeyword" time="0"/>
  <testcase name="test0286_Method - 10" classname="org.eclipse.jdt.core.tests.compiler.parser.CompletionParserTestKeyword" time="0"/>
  <testcase name="test0287_Diet - 10" classname="org.eclipse.jdt.core.tests.compiler.parser.CompletionParserTestKeyword" time="0"/>
  <testcase name="test0287_Method - 10" classname="org.eclipse.jdt.core.tests.compiler.parser.CompletionParserTestKeyword" time="0.001"/>
  <testcase name="test0288_Diet - 10" classname="org.eclipse.jdt.core.tests.compiler.parser.CompletionParserTestKeyword" time="0"/>
  <testcase name="test0288_Method - 10" classname="org.eclipse.jdt.core.tests.compiler.parser.CompletionParserTestKeyword" time="0"/>
  <testcase name="test0289_Diet - 10" classname="org.eclipse.jdt.core.tests.compiler.parser.CompletionParserTestKeyword" time="0"/>
  <testcase name="test0289_Method - 10" classname="org.eclipse.jdt.core.tests.compiler.parser.CompletionParserTestKeyword" time="0.001"/>
  <testcase name="test0290_Diet - 10" classname="org.eclipse.jdt.core.tests.compiler.parser.CompletionParserTestKeyword" time="0"/>
  <testcase name="test0290_Method - 10" classname="org.eclipse.jdt.core.tests.compiler.parser.CompletionParserTestKeyword" time="0"/>
  <testcase name="test0291_Diet - 10" classname="org.eclipse.jdt.core.tests.compiler.parser.CompletionParserTestKeyword" time="0"/>
  <testcase name="test0291_Method - 10" classname="org.eclipse.jdt.core.tests.compiler.parser.CompletionParserTestKeyword" time="0"/>
  <testcase name="test0292_Diet - 10" classname="org.eclipse.jdt.core.tests.compiler.parser.CompletionParserTestKeyword" time="0"/>
  <testcase name="test0292_Method - 10" classname="org.eclipse.jdt.core.tests.compiler.parser.CompletionParserTestKeyword" time="0"/>
  <testcase name="test0293_Diet - 10" classname="org.eclipse.jdt.core.tests.compiler.parser.CompletionParserTestKeyword" time="0"/>
  <testcase name="test0293_Method - 10" classname="org.eclipse.jdt.core.tests.compiler.parser.CompletionParserTestKeyword" time="0"/>
  <testcase name="test0294_Diet - 10" classname="org.eclipse.jdt.core.tests.compiler.parser.CompletionParserTestKeyword" time="0"/>
  <testcase name="test0294_Method - 10" classname="org.eclipse.jdt.core.tests.compiler.parser.CompletionParserTestKeyword" time="0"/>
  <testcase name="test0295 - 10" classname="org.eclipse.jdt.core.tests.compiler.parser.CompletionParserTestKeyword" time="0"/>
  <testcase name="test0296 - 10" classname="org.eclipse.jdt.core.tests.compiler.parser.CompletionParserTestKeyword" time="0"/>
  <testcase name="test0297 - 10" classname="org.eclipse.jdt.core.tests.compiler.parser.CompletionParserTestKeyword" time="0"/>
  <testcase name="test0298 - 10" classname="org.eclipse.jdt.core.tests.compiler.parser.CompletionParserTestKeyword" time="0"/>
  <testcase name="test0299 - 10" classname="org.eclipse.jdt.core.tests.compiler.parser.CompletionParserTestKeyword" time="0.001"/>
  <testcase name="test0300 - 10" classname="org.eclipse.jdt.core.tests.compiler.parser.CompletionParserTestKeyword" time="0"/>
  <testcase name="test0301_Diet - 10" classname="org.eclipse.jdt.core.tests.compiler.parser.CompletionParserTestKeyword" time="0"/>
  <testcase name="test0301_Method - 10" classname="org.eclipse.jdt.core.tests.compiler.parser.CompletionParserTestKeyword" time="0"/>
  <testcase name="test0302_Diet - 10" classname="org.eclipse.jdt.core.tests.compiler.parser.CompletionParserTestKeyword" time="0"/>
  <testcase name="test0302_Method - 10" classname="org.eclipse.jdt.core.tests.compiler.parser.CompletionParserTestKeyword" time="0"/>
  <testcase name="test0303_Diet - 10" classname="org.eclipse.jdt.core.tests.compiler.parser.CompletionParserTestKeyword" time="0"/>
  <testcase name="test0303_Method - 10" classname="org.eclipse.jdt.core.tests.compiler.parser.CompletionParserTestKeyword" time="0"/>
  <testcase name="test0304_Diet - 10" classname="org.eclipse.jdt.core.tests.compiler.parser.CompletionParserTestKeyword" time="0"/>
  <testcase name="test0304_Method - 10" classname="org.eclipse.jdt.core.tests.compiler.parser.CompletionParserTestKeyword" time="0"/>
  <testcase name="test0305 - 10" classname="org.eclipse.jdt.core.tests.compiler.parser.CompletionParserTestKeyword" time="0"/>
  <testcase name="test0306 - 10" classname="org.eclipse.jdt.core.tests.compiler.parser.CompletionParserTestKeyword" time="0.001"/>
  <testcase name="test0307 - 10" classname="org.eclipse.jdt.core.tests.compiler.parser.CompletionParserTestKeyword" time="0"/>
  <testcase name="test0308 - 10" classname="org.eclipse.jdt.core.tests.compiler.parser.CompletionParserTestKeyword" time="0"/>
  <testcase name="test0309 - 10" classname="org.eclipse.jdt.core.tests.compiler.parser.CompletionParserTestKeyword" time="0"/>
  <testcase name="test0310 - 10" classname="org.eclipse.jdt.core.tests.compiler.parser.CompletionParserTestKeyword" time="0"/>
  <testcase name="test0311 - 10" classname="org.eclipse.jdt.core.tests.compiler.parser.CompletionParserTestKeyword" time="0"/>
  <testcase name="test0312 - 10" classname="org.eclipse.jdt.core.tests.compiler.parser.CompletionParserTestKeyword" time="0"/>
  <testcase name="test0313 - 10" classname="org.eclipse.jdt.core.tests.compiler.parser.CompletionParserTestKeyword" time="0.001"/>
  <testcase name="test0314 - 10" classname="org.eclipse.jdt.core.tests.compiler.parser.CompletionParserTestKeyword" time="0"/>
  <testcase name="test0315 - 10" classname="org.eclipse.jdt.core.tests.compiler.parser.CompletionParserTestKeyword" time="0"/>
  <testcase name="test0316 - 10" classname="org.eclipse.jdt.core.tests.compiler.parser.CompletionParserTestKeyword" time="0"/>
  <testcase name="test0317 - 10" classname="org.eclipse.jdt.core.tests.compiler.parser.CompletionParserTestKeyword" time="0"/>
  <testcase name="test0318 - 10" classname="org.eclipse.jdt.core.tests.compiler.parser.CompletionParserTestKeyword" time="0"/>
  <testcase name="test0319 - 10" classname="org.eclipse.jdt.core.tests.compiler.parser.CompletionParserTestKeyword" time="0"/>
  <testcase name="test0320 - 10" classname="org.eclipse.jdt.core.tests.compiler.parser.CompletionParserTestKeyword" time="0"/>
  <testcase name="test0321 - 10" classname="org.eclipse.jdt.core.tests.compiler.parser.CompletionParserTestKeyword" time="0"/>
  <testcase name="test0322 - 10" classname="org.eclipse.jdt.core.tests.compiler.parser.CompletionParserTestKeyword" time="0"/>
  <testcase name="test0323 - 10" classname="org.eclipse.jdt.core.tests.compiler.parser.CompletionParserTestKeyword" time="0"/>
  <testcase name="test0324 - 10" classname="org.eclipse.jdt.core.tests.compiler.parser.CompletionParserTestKeyword" time="0"/>
  <testcase name="test0325 - 10" classname="org.eclipse.jdt.core.tests.compiler.parser.CompletionParserTestKeyword" time="0"/>
  <testcase name="test0326 - 10" classname="org.eclipse.jdt.core.tests.compiler.parser.CompletionParserTestKeyword" time="0"/>
  <testcase name="test0327 - 10" classname="org.eclipse.jdt.core.tests.compiler.parser.CompletionParserTestKeyword" time="0"/>
  <testcase name="test0328 - 10" classname="org.eclipse.jdt.core.tests.compiler.parser.CompletionParserTestKeyword" time="0"/>
  <testcase name="test0329 - 10" classname="org.eclipse.jdt.core.tests.compiler.parser.CompletionParserTestKeyword" time="0"/>
  <testcase name="test0330 - 10" classname="org.eclipse.jdt.core.tests.compiler.parser.CompletionParserTestKeyword" time="0"/>
  <testcase name="test0331 - 10" classname="org.eclipse.jdt.core.tests.compiler.parser.CompletionParserTestKeyword" time="0"/>
  <testcase name="test0332 - 10" classname="org.eclipse.jdt.core.tests.compiler.parser.CompletionParserTestKeyword" time="0"/>
  <testcase name="test0333 - 10" classname="org.eclipse.jdt.core.tests.compiler.parser.CompletionParserTestKeyword" time="0"/>
  <testcase name="test0334 - 10" classname="org.eclipse.jdt.core.tests.compiler.parser.CompletionParserTestKeyword" time="0.001"/>
  <testcase name="test0335 - 10" classname="org.eclipse.jdt.core.tests.compiler.parser.CompletionParserTestKeyword" time="0"/>
  <testcase name="test0336 - 10" classname="org.eclipse.jdt.core.tests.compiler.parser.CompletionParserTestKeyword" time="0"/>
  <testcase name="test0337 - 10" classname="org.eclipse.jdt.core.tests.compiler.parser.CompletionParserTestKeyword" time="0"/>
  <testcase name="test0338 - 10" classname="org.eclipse.jdt.core.tests.compiler.parser.CompletionParserTestKeyword" time="0"/>
  <testcase name="test0339 - 10" classname="org.eclipse.jdt.core.tests.compiler.parser.CompletionParserTestKeyword" time="0"/>
  <testcase name="test0340 - 10" classname="org.eclipse.jdt.core.tests.compiler.parser.CompletionParserTestKeyword" time="0"/>
  <testcase name="test0341_Diet - 10" classname="org.eclipse.jdt.core.tests.compiler.parser.CompletionParserTestKeyword" time="0"/>
  <testcase name="test0341_Method - 10" classname="org.eclipse.jdt.core.tests.compiler.parser.CompletionParserTestKeyword" time="0"/>
  <testcase name="test0342_Diet - 10" classname="org.eclipse.jdt.core.tests.compiler.parser.CompletionParserTestKeyword" time="0"/>
  <testcase name="test0342_Method - 10" classname="org.eclipse.jdt.core.tests.compiler.parser.CompletionParserTestKeyword" time="0"/>
  <testcase name="test0343 - 10" classname="org.eclipse.jdt.core.tests.compiler.parser.CompletionParserTestKeyword" time="0.001"/>
  <testcase name="test0344 - 10" classname="org.eclipse.jdt.core.tests.compiler.parser.CompletionParserTestKeyword" time="0"/>
  <testcase name="test0345 - 10" classname="org.eclipse.jdt.core.tests.compiler.parser.CompletionParserTestKeyword" time="0"/>
  <testcase name="test0346 - 10" classname="org.eclipse.jdt.core.tests.compiler.parser.CompletionParserTestKeyword" time="0"/>
  <testcase name="test0347 - 10" classname="org.eclipse.jdt.core.tests.compiler.parser.CompletionParserTestKeyword" time="0.001"/>
  <testcase name="test0348 - 10" classname="org.eclipse.jdt.core.tests.compiler.parser.CompletionParserTestKeyword" time="0"/>
  <testcase name="test0349 - 10" classname="org.eclipse.jdt.core.tests.compiler.parser.CompletionParserTestKeyword" time="0"/>
  <testcase name="test0350 - 10" classname="org.eclipse.jdt.core.tests.compiler.parser.CompletionParserTestKeyword" time="0.001"/>
  <testcase name="test0351 - 10" classname="org.eclipse.jdt.core.tests.compiler.parser.CompletionParserTestKeyword" time="0"/>
  <testcase name="test0352 - 10" classname="org.eclipse.jdt.core.tests.compiler.parser.CompletionParserTestKeyword" time="0"/>
  <testcase name="test0353 - 10" classname="org.eclipse.jdt.core.tests.compiler.parser.CompletionParserTestKeyword" time="0"/>
  <testcase name="test0354 - 10" classname="org.eclipse.jdt.core.tests.compiler.parser.CompletionParserTestKeyword" time="0.001"/>
  <testcase name="test0355 - 10" classname="org.eclipse.jdt.core.tests.compiler.parser.CompletionParserTestKeyword" time="0"/>
  <testcase name="test0356 - 10" classname="org.eclipse.jdt.core.tests.compiler.parser.CompletionParserTestKeyword" time="0"/>
  <testcase name="test0357 - 10" classname="org.eclipse.jdt.core.tests.compiler.parser.CompletionParserTestKeyword" time="0"/>
  <testcase name="test0358 - 10" classname="org.eclipse.jdt.core.tests.compiler.parser.CompletionParserTestKeyword" time="0.001"/>
  <testcase name="test0359 - 10" classname="org.eclipse.jdt.core.tests.compiler.parser.CompletionParserTestKeyword" time="0"/>
  <testcase name="test0360 - 10" classname="org.eclipse.jdt.core.tests.compiler.parser.CompletionParserTestKeyword" time="0"/>
  <testcase name="test0361 - 10" classname="org.eclipse.jdt.core.tests.compiler.parser.CompletionParserTestKeyword" time="0"/>
  <testcase name="test0362 - 10" classname="org.eclipse.jdt.core.tests.compiler.parser.CompletionParserTestKeyword" time="0.001"/>
  <testcase name="test0363 - 10" classname="org.eclipse.jdt.core.tests.compiler.parser.CompletionParserTestKeyword" time="0"/>
  <testcase name="test0364 - 10" classname="org.eclipse.jdt.core.tests.compiler.parser.CompletionParserTestKeyword" time="0"/>
  <testcase name="test0365 - 10" classname="org.eclipse.jdt.core.tests.compiler.parser.CompletionParserTestKeyword" time="0"/>
  <testcase name="test0366 - 10" classname="org.eclipse.jdt.core.tests.compiler.parser.CompletionParserTestKeyword" time="0.001"/>
  <testcase name="test0367 - 10" classname="org.eclipse.jdt.core.tests.compiler.parser.CompletionParserTestKeyword" time="0"/>
  <testcase name="test0368 - 10" classname="org.eclipse.jdt.core.tests.compiler.parser.CompletionParserTestKeyword" time="0"/>
  <testcase name="test0369 - 10" classname="org.eclipse.jdt.core.tests.compiler.parser.CompletionParserTestKeyword" time="0"/>
  <testcase name="test0370 - 10" classname="org.eclipse.jdt.core.tests.compiler.parser.CompletionParserTestKeyword" time="0.001"/>
  <testcase name="test0371 - 10" classname="org.eclipse.jdt.core.tests.compiler.parser.CompletionParserTestKeyword" time="0"/>
  <testcase name="test0372 - 10" classname="org.eclipse.jdt.core.tests.compiler.parser.CompletionParserTestKeyword" time="0"/>
  <testcase name="test0373 - 10" classname="org.eclipse.jdt.core.tests.compiler.parser.CompletionParserTestKeyword" time="0"/>
  <testcase name="test0374 - 10" classname="org.eclipse.jdt.core.tests.compiler.parser.CompletionParserTestKeyword" time="0.001"/>
  <testcase name="test0375_Diet - 10" classname="org.eclipse.jdt.core.tests.compiler.parser.CompletionParserTestKeyword" time="0"/>
  <testcase name="test0375_Method - 10" classname="org.eclipse.jdt.core.tests.compiler.parser.CompletionParserTestKeyword" time="0"/>
  <testcase name="test0376_Diet - 10" classname="org.eclipse.jdt.core.tests.compiler.parser.CompletionParserTestKeyword" time="0"/>
  <testcase name="test0376_Method - 10" classname="org.eclipse.jdt.core.tests.compiler.parser.CompletionParserTestKeyword" time="0"/>
  <testcase name="test0377_Diet - 10" classname="org.eclipse.jdt.core.tests.compiler.parser.CompletionParserTestKeyword" time="0"/>
  <testcase name="test0377_Method - 10" classname="org.eclipse.jdt.core.tests.compiler.parser.CompletionParserTestKeyword" time="0"/>
  <testcase name="test0378_Diet - 10" classname="org.eclipse.jdt.core.tests.compiler.parser.CompletionParserTestKeyword" time="0"/>
  <testcase name="test0378_Method - 10" classname="org.eclipse.jdt.core.tests.compiler.parser.CompletionParserTestKeyword" time="0"/>
  <testcase name="test0379_Diet - 10" classname="org.eclipse.jdt.core.tests.compiler.parser.CompletionParserTestKeyword" time="0"/>
  <testcase name="test0379_Method - 10" classname="org.eclipse.jdt.core.tests.compiler.parser.CompletionParserTestKeyword" time="0"/>
  <testcase name="test0380_Diet - 10" classname="org.eclipse.jdt.core.tests.compiler.parser.CompletionParserTestKeyword" time="0"/>
  <testcase name="test0380_Method - 10" classname="org.eclipse.jdt.core.tests.compiler.parser.CompletionParserTestKeyword" time="0"/>
  <testcase name="test0381_Diet - 10" classname="org.eclipse.jdt.core.tests.compiler.parser.CompletionParserTestKeyword" time="0"/>
  <testcase name="test0381_Method - 10" classname="org.eclipse.jdt.core.tests.compiler.parser.CompletionParserTestKeyword" time="0"/>
  <testcase name="test0382_Diet - 10" classname="org.eclipse.jdt.core.tests.compiler.parser.CompletionParserTestKeyword" time="0"/>
  <testcase name="test0382_Method - 10" classname="org.eclipse.jdt.core.tests.compiler.parser.CompletionParserTestKeyword" time="0"/>
  <testcase name="test0384_Diet - 10" classname="org.eclipse.jdt.core.tests.compiler.parser.CompletionParserTestKeyword" time="0"/>
  <testcase name="test0384_Method - 10" classname="org.eclipse.jdt.core.tests.compiler.parser.CompletionParserTestKeyword" time="0"/>
  <testcase name="test0385_Diet - 10" classname="org.eclipse.jdt.core.tests.compiler.parser.CompletionParserTestKeyword" time="0.001"/>
  <testcase name="test0385_Method - 10" classname="org.eclipse.jdt.core.tests.compiler.parser.CompletionParserTestKeyword" time="0"/>
  <testcase name="test0386_Diet - 10" classname="org.eclipse.jdt.core.tests.compiler.parser.CompletionParserTestKeyword" time="0"/>
  <testcase name="test0386_Method - 10" classname="org.eclipse.jdt.core.tests.compiler.parser.CompletionParserTestKeyword" time="0.001"/>
  <testcase name="test0387_Diet - 10" classname="org.eclipse.jdt.core.tests.compiler.parser.CompletionParserTestKeyword" time="0"/>
  <testcase name="test0387_Method - 10" classname="org.eclipse.jdt.core.tests.compiler.parser.CompletionParserTestKeyword" time="0"/>
  <testcase name="test0388_Diet - 10" classname="org.eclipse.jdt.core.tests.compiler.parser.CompletionParserTestKeyword" time="0"/>
  <testcase name="test0388_Method - 10" classname="org.eclipse.jdt.core.tests.compiler.parser.CompletionParserTestKeyword" time="0"/>
  <testcase name="test01 - 10" classname="org.eclipse.jdt.core.tests.compiler.parser.CompletionRecoveryTest" time="0"/>
  <testcase name="test01 - 10" classname="org.eclipse.jdt.core.tests.compiler.parser.DietCompletionTest" time="0"/>
  <testcase name="test01 - 10" classname="org.eclipse.jdt.core.tests.compiler.parser.SelectionTest" time="0.001"/>
  <testcase name="test01 - 10" classname="org.eclipse.jdt.core.tests.compiler.parser.SelectionJavadocTest" time="0"/>
  <testcase name="test01 - 10" classname="org.eclipse.jdt.core.tests.compiler.parser.DietRecoveryTest" time="0.004"/>
  <testcase name="test01 - 10" classname="org.eclipse.jdt.core.tests.compiler.parser.SourceElementParserTest" time="0.001"/>
  <testcase name="test01 - 10" classname="org.eclipse.jdt.core.tests.compiler.parser.DocumentElementParserTest" time="0"/>
  <testcase name="test01 - 10" classname="org.eclipse.jdt.core.tests.compiler.parser.SyntaxErrorTest" time="0"/>
  <testcase name="test01 - 10" classname="org.eclipse.jdt.core.tests.compiler.parser.DualParseSyntaxErrorTest" time="0"/>
  <testcase name="test02 - 10" classname="org.eclipse.jdt.core.tests.compiler.parser.CompletionRecoveryTest" time="0"/>
  <testcase name="test02 - 10" classname="org.eclipse.jdt.core.tests.compiler.parser.DietCompletionTest" time="0"/>
  <testcase name="test02 - 10" classname="org.eclipse.jdt.core.tests.compiler.parser.SelectionTest" time="0"/>
  <testcase name="test02 - 10" classname="org.eclipse.jdt.core.tests.compiler.parser.SelectionJavadocTest" time="0.001"/>
  <testcase name="test02 - 10" classname="org.eclipse.jdt.core.tests.compiler.parser.DietRecoveryTest" time="0.004"/>
  <testcase name="test02 - 10" classname="org.eclipse.jdt.core.tests.compiler.parser.SourceElementParserTest" time="0"/>
  <testcase name="test02 - 10" classname="org.eclipse.jdt.core.tests.compiler.parser.SyntaxErrorTest" time="0"/>
  <testcase name="test02 - 10" classname="org.eclipse.jdt.core.tests.compiler.parser.DualParseSyntaxErrorTest" time="0"/>
  <testcase name="test03 - 10" classname="org.eclipse.jdt.core.tests.compiler.parser.CompletionRecoveryTest" time="0"/>
  <testcase name="test03 - 10" classname="org.eclipse.jdt.core.tests.compiler.parser.DietCompletionTest" time="0.001"/>
  <testcase name="test03 - 10" classname="org.eclipse.jdt.core.tests.compiler.parser.SelectionTest" time="0"/>
  <testcase name="test03 - 10" classname="org.eclipse.jdt.core.tests.compiler.parser.SelectionJavadocTest" time="0"/>
  <testcase name="test03 - 10" classname="org.eclipse.jdt.core.tests.compiler.parser.DietRecoveryTest" time="0.003"/>
  <testcase name="test03 - 10" classname="org.eclipse.jdt.core.tests.compiler.parser.SourceElementParserTest" time="0.001"/>
  <testcase name="test03 - 10" classname="org.eclipse.jdt.core.tests.compiler.parser.SyntaxErrorTest" time="0.001"/>
  <testcase name="test03 - 10" classname="org.eclipse.jdt.core.tests.compiler.parser.DualParseSyntaxErrorTest" time="0"/>
  <testcase name="test04 - 10" classname="org.eclipse.jdt.core.tests.compiler.parser.CompletionRecoveryTest" time="0"/>
  <testcase name="test04 - 10" classname="org.eclipse.jdt.core.tests.compiler.parser.DietCompletionTest" time="0"/>
  <testcase name="test04 - 10" classname="org.eclipse.jdt.core.tests.compiler.parser.SelectionTest" time="0"/>
  <testcase name="test04 - 10" classname="org.eclipse.jdt.core.tests.compiler.parser.SelectionJavadocTest" time="0"/>
  <testcase name="test04 - 10" classname="org.eclipse.jdt.core.tests.compiler.parser.DietRecoveryTest" time="0.004"/>
  <testcase name="test04 - 10" classname="org.eclipse.jdt.core.tests.compiler.parser.SourceElementParserTest" time="0"/>
  <testcase name="test04 - 10" classname="org.eclipse.jdt.core.tests.compiler.parser.SyntaxErrorTest" time="0.001"/>
  <testcase name="test04 - 10" classname="org.eclipse.jdt.core.tests.compiler.parser.DualParseSyntaxErrorTest" time="0.001"/>
  <testcase name="test05 - 10" classname="org.eclipse.jdt.core.tests.compiler.parser.CompletionRecoveryTest" time="0.001"/>
  <testcase name="test05 - 10" classname="org.eclipse.jdt.core.tests.compiler.parser.DietCompletionTest" time="0"/>
  <testcase name="test05 - 10" classname="org.eclipse.jdt.core.tests.compiler.parser.SelectionTest" time="0.001"/>
  <testcase name="test05 - 10" classname="org.eclipse.jdt.core.tests.compiler.parser.SelectionJavadocTest" time="0"/>
  <testcase name="test05 - 10" classname="org.eclipse.jdt.core.tests.compiler.parser.DietRecoveryTest" time="0.002"/>
  <testcase name="test05 - 10" classname="org.eclipse.jdt.core.tests.compiler.parser.SourceElementParserTest" time="0"/>
  <testcase name="test05 - 10" classname="org.eclipse.jdt.core.tests.compiler.parser.SyntaxErrorTest" time="0"/>
  <testcase name="test05 - 10" classname="org.eclipse.jdt.core.tests.compiler.parser.DualParseSyntaxErrorTest" time="0"/>
  <testcase name="test06 - 10" classname="org.eclipse.jdt.core.tests.compiler.parser.CompletionRecoveryTest" time="0"/>
  <testcase name="test06 - 10" classname="org.eclipse.jdt.core.tests.compiler.parser.DietCompletionTest" time="0"/>
  <testcase name="test06 - 10" classname="org.eclipse.jdt.core.tests.compiler.parser.SelectionTest" time="0"/>
  <testcase name="test06 - 10" classname="org.eclipse.jdt.core.tests.compiler.parser.SelectionJavadocTest" time="0"/>
  <testcase name="test06 - 10" classname="org.eclipse.jdt.core.tests.compiler.parser.DietRecoveryTest" time="0.003"/>
  <testcase name="test06 - 10" classname="org.eclipse.jdt.core.tests.compiler.parser.SourceElementParserTest" time="0"/>
  <testcase name="test06 - 10" classname="org.eclipse.jdt.core.tests.compiler.parser.SyntaxErrorTest" time="0"/>
  <testcase name="test06 - 10" classname="org.eclipse.jdt.core.tests.compiler.parser.DualParseSyntaxErrorTest" time="0"/>
  <testcase name="test07 - 10" classname="org.eclipse.jdt.core.tests.compiler.parser.CompletionRecoveryTest" time="0"/>
  <testcase name="test07 - 10" classname="org.eclipse.jdt.core.tests.compiler.parser.DietCompletionTest" time="0.001"/>
  <testcase name="test07 - 10" classname="org.eclipse.jdt.core.tests.compiler.parser.SelectionTest" time="0.001"/>
  <testcase name="test07 - 10" classname="org.eclipse.jdt.core.tests.compiler.parser.SelectionJavadocTest" time="0.001"/>
  <testcase name="test07 - 10" classname="org.eclipse.jdt.core.tests.compiler.parser.DietRecoveryTest" time="0.002"/>
  <testcase name="test07 - 10" classname="org.eclipse.jdt.core.tests.compiler.parser.SourceElementParserTest" time="0.001"/>
  <testcase name="test07 - 10" classname="org.eclipse.jdt.core.tests.compiler.parser.SyntaxErrorTest" time="0"/>
  <testcase name="test07 - 10" classname="org.eclipse.jdt.core.tests.compiler.parser.DualParseSyntaxErrorTest" time="0.001"/>
  <testcase name="test08 - 10" classname="org.eclipse.jdt.core.tests.compiler.parser.CompletionRecoveryTest" time="0.001"/>
  <testcase name="test08 - 10" classname="org.eclipse.jdt.core.tests.compiler.parser.DietCompletionTest" time="0"/>
  <testcase name="test08 - 10" classname="org.eclipse.jdt.core.tests.compiler.parser.SelectionTest" time="0.001"/>
  <testcase name="test08 - 10" classname="org.eclipse.jdt.core.tests.compiler.parser.SelectionJavadocTest" time="0.001"/>
  <testcase name="test08 - 10" classname="org.eclipse.jdt.core.tests.compiler.parser.DietRecoveryTest" time="0.002"/>
  <testcase name="test08 - 10" classname="org.eclipse.jdt.core.tests.compiler.parser.SourceElementParserTest" time="0"/>
  <testcase name="test08 - 10" classname="org.eclipse.jdt.core.tests.compiler.parser.SyntaxErrorTest" time="0"/>
  <testcase name="test08 - 10" classname="org.eclipse.jdt.core.tests.compiler.parser.DualParseSyntaxErrorTest" time="0"/>
  <testcase name="test09 - 10" classname="org.eclipse.jdt.core.tests.compiler.parser.CompletionRecoveryTest" time="0"/>
  <testcase name="test09 - 10" classname="org.eclipse.jdt.core.tests.compiler.parser.DietCompletionTest" time="0"/>
  <testcase name="test09 - 10" classname="org.eclipse.jdt.core.tests.compiler.parser.SelectionTest" time="0.001"/>
  <testcase name="test09 - 10" classname="org.eclipse.jdt.core.tests.compiler.parser.SelectionJavadocTest" time="0.001"/>
  <testcase name="test09 - 10" classname="org.eclipse.jdt.core.tests.compiler.parser.DietRecoveryTest" time="0.002"/>
  <testcase name="test09 - 10" classname="org.eclipse.jdt.core.tests.compiler.parser.SourceElementParserTest" time="0"/>
  <testcase name="test09 - 10" classname="org.eclipse.jdt.core.tests.compiler.parser.SyntaxErrorTest" time="0.001"/>
  <testcase name="test09 - 10" classname="org.eclipse.jdt.core.tests.compiler.parser.DualParseSyntaxErrorTest" time="0"/>
  <testcase name="test10 - 10" classname="org.eclipse.jdt.core.tests.compiler.parser.CompletionRecoveryTest" time="0"/>
  <testcase name="test10 - 10" classname="org.eclipse.jdt.core.tests.compiler.parser.DietCompletionTest" time="0"/>
  <testcase name="test10 - 10" classname="org.eclipse.jdt.core.tests.compiler.parser.SelectionTest" time="0"/>
  <testcase name="test10 - 10" classname="org.eclipse.jdt.core.tests.compiler.parser.SelectionJavadocTest" time="0.002"/>
  <testcase name="test10 - 10" classname="org.eclipse.jdt.core.tests.compiler.parser.DietRecoveryTest" time="0.003"/>
  <testcase name="test10 - 10" classname="org.eclipse.jdt.core.tests.compiler.parser.SourceElementParserTest" time="0"/>
  <testcase name="test10 - 10" classname="org.eclipse.jdt.core.tests.compiler.parser.SyntaxErrorTest" time="0"/>
  <testcase name="test10 - 10" classname="org.eclipse.jdt.core.tests.compiler.parser.DualParseSyntaxErrorTest" time="0.001"/>
  <testcase name="test11 - 10" classname="org.eclipse.jdt.core.tests.compiler.parser.CompletionRecoveryTest" time="0"/>
  <testcase name="test11 - 10" classname="org.eclipse.jdt.core.tests.compiler.parser.DietCompletionTest" time="0"/>
  <testcase name="test11 - 10" classname="org.eclipse.jdt.core.tests.compiler.parser.SelectionTest" time="0.001"/>
  <testcase name="test11 - 10" classname="org.eclipse.jdt.core.tests.compiler.parser.SelectionJavadocTest" time="0"/>
  <testcase name="test11 - 10" classname="org.eclipse.jdt.core.tests.compiler.parser.DietRecoveryTest" time="0.003"/>
  <testcase name="test11 - 10" classname="org.eclipse.jdt.core.tests.compiler.parser.SourceElementParserTest" time="0"/>
  <testcase name="test11 - 10" classname="org.eclipse.jdt.core.tests.compiler.parser.SyntaxErrorTest" time="0.001"/>
  <testcase name="test12 - 10" classname="org.eclipse.jdt.core.tests.compiler.parser.CompletionRecoveryTest" time="0"/>
  <testcase name="test12 - 10" classname="org.eclipse.jdt.core.tests.compiler.parser.DietCompletionTest" time="0"/>
  <testcase name="test12 - 10" classname="org.eclipse.jdt.core.tests.compiler.parser.SelectionTest" time="0"/>
  <testcase name="test12 - 10" classname="org.eclipse.jdt.core.tests.compiler.parser.SelectionJavadocTest" time="0.001"/>
  <testcase name="test12 - 10" classname="org.eclipse.jdt.core.tests.compiler.parser.DietRecoveryTest" time="0.002"/>
  <testcase name="test12 - 10" classname="org.eclipse.jdt.core.tests.compiler.parser.SourceElementParserTest" time="0"/>
  <testcase name="test12 - 10" classname="org.eclipse.jdt.core.tests.compiler.parser.SyntaxErrorTest" time="0"/>
  <testcase name="test13 - 10" classname="org.eclipse.jdt.core.tests.compiler.parser.CompletionRecoveryTest" time="0"/>
  <testcase name="test13 - 10" classname="org.eclipse.jdt.core.tests.compiler.parser.DietCompletionTest" time="0"/>
  <testcase name="test13 - 10" classname="org.eclipse.jdt.core.tests.compiler.parser.SelectionTest" time="0"/>
  <testcase name="test13 - 10" classname="org.eclipse.jdt.core.tests.compiler.parser.SelectionJavadocTest" time="0"/>
  <testcase name="test13 - 10" classname="org.eclipse.jdt.core.tests.compiler.parser.DietRecoveryTest" time="0.001"/>
  <testcase name="test13 - 10" classname="org.eclipse.jdt.core.tests.compiler.parser.SourceElementParserTest" time="0.001"/>
  <testcase name="test13 - 10" classname="org.eclipse.jdt.core.tests.compiler.parser.SyntaxErrorTest" time="0.02"/>
  <testcase name="test14 - 10" classname="org.eclipse.jdt.core.tests.compiler.parser.CompletionRecoveryTest" time="0"/>
  <testcase name="test14 - 10" classname="org.eclipse.jdt.core.tests.compiler.parser.DietCompletionTest" time="0"/>
  <testcase name="test14 - 10" classname="org.eclipse.jdt.core.tests.compiler.parser.SelectionTest" time="0"/>
  <testcase name="test14 - 10" classname="org.eclipse.jdt.core.tests.compiler.parser.SelectionJavadocTest" time="0.001"/>
  <testcase name="test14 - 10" classname="org.eclipse.jdt.core.tests.compiler.parser.DietRecoveryTest" time="0.001"/>
  <testcase name="test14 - 10" classname="org.eclipse.jdt.core.tests.compiler.parser.SourceElementParserTest" time="0"/>
  <testcase name="test14 - 10" classname="org.eclipse.jdt.core.tests.compiler.parser.SyntaxErrorTest" time="0"/>
  <testcase name="test15 - 10" classname="org.eclipse.jdt.core.tests.compiler.parser.CompletionRecoveryTest" time="0"/>
  <testcase name="test15 - 10" classname="org.eclipse.jdt.core.tests.compiler.parser.DietCompletionTest" time="0"/>
  <testcase name="test15 - 10" classname="org.eclipse.jdt.core.tests.compiler.parser.SelectionTest" time="0.001"/>
  <testcase name="test15 - 10" classname="org.eclipse.jdt.core.tests.compiler.parser.SelectionJavadocTest" time="0.001"/>
  <testcase name="test15 - 10" classname="org.eclipse.jdt.core.tests.compiler.parser.DietRecoveryTest" time="0.002"/>
  <testcase name="test15 - 10" classname="org.eclipse.jdt.core.tests.compiler.parser.SourceElementParserTest" time="0"/>
  <testcase name="test15 - 10" classname="org.eclipse.jdt.core.tests.compiler.parser.SyntaxErrorTest" time="0.001"/>
  <testcase name="test16 - 10" classname="org.eclipse.jdt.core.tests.compiler.parser.CompletionRecoveryTest" time="0"/>
  <testcase name="test16 - 10" classname="org.eclipse.jdt.core.tests.compiler.parser.DietCompletionTest" time="0"/>
  <testcase name="test16 - 10" classname="org.eclipse.jdt.core.tests.compiler.parser.SelectionTest" time="0"/>
  <testcase name="test16 - 10" classname="org.eclipse.jdt.core.tests.compiler.parser.SelectionJavadocTest" time="0"/>
  <testcase name="test16 - 10" classname="org.eclipse.jdt.core.tests.compiler.parser.DietRecoveryTest" time="0.002"/>
  <testcase name="test16 - 10" classname="org.eclipse.jdt.core.tests.compiler.parser.SourceElementParserTest" time="0.001"/>
  <testcase name="test17 - 10" classname="org.eclipse.jdt.core.tests.compiler.parser.CompletionRecoveryTest" time="0"/>
  <testcase name="test17 - 10" classname="org.eclipse.jdt.core.tests.compiler.parser.DietCompletionTest" time="0"/>
  <testcase name="test17 - 10" classname="org.eclipse.jdt.core.tests.compiler.parser.SelectionTest" time="0"/>
  <testcase name="test17 - 10" classname="org.eclipse.jdt.core.tests.compiler.parser.SelectionJavadocTest" time="0.001"/>
  <testcase name="test17 - 10" classname="org.eclipse.jdt.core.tests.compiler.parser.DietRecoveryTest" time="0.002"/>
  <testcase name="test17 - 10" classname="org.eclipse.jdt.core.tests.compiler.parser.SourceElementParserTest" time="0"/>
  <testcase name="test18 - 10" classname="org.eclipse.jdt.core.tests.compiler.parser.CompletionRecoveryTest" time="0"/>
  <testcase name="test18 - 10" classname="org.eclipse.jdt.core.tests.compiler.parser.DietCompletionTest" time="0"/>
  <testcase name="test18 - 10" classname="org.eclipse.jdt.core.tests.compiler.parser.SelectionTest" time="0"/>
  <testcase name="test18 - 10" classname="org.eclipse.jdt.core.tests.compiler.parser.SelectionJavadocTest" time="0.001"/>
  <testcase name="test18 - 10" classname="org.eclipse.jdt.core.tests.compiler.parser.DietRecoveryTest" time="0.001"/>
  <testcase name="test18 - 10" classname="org.eclipse.jdt.core.tests.compiler.parser.SourceElementParserTest" time="0"/>
  <testcase name="test19 - 10" classname="org.eclipse.jdt.core.tests.compiler.parser.CompletionRecoveryTest" time="0"/>
  <testcase name="test19 - 10" classname="org.eclipse.jdt.core.tests.compiler.parser.DietCompletionTest" time="0"/>
  <testcase name="test19 - 10" classname="org.eclipse.jdt.core.tests.compiler.parser.SelectionTest" time="0.001"/>
  <testcase name="test19 - 10" classname="org.eclipse.jdt.core.tests.compiler.parser.SelectionJavadocTest" time="0.001"/>
  <testcase name="test19 - 10" classname="org.eclipse.jdt.core.tests.compiler.parser.DietRecoveryTest" time="0.001"/>
  <testcase name="test19 - 10" classname="org.eclipse.jdt.core.tests.compiler.parser.SourceElementParserTest" time="0.001"/>
  <testcase name="test20 - 10" classname="org.eclipse.jdt.core.tests.compiler.parser.CompletionRecoveryTest" time="0"/>
  <testcase name="test20 - 10" classname="org.eclipse.jdt.core.tests.compiler.parser.DietCompletionTest" time="0"/>
  <testcase name="test20 - 10" classname="org.eclipse.jdt.core.tests.compiler.parser.SelectionTest" time="0"/>
  <testcase name="test20 - 10" classname="org.eclipse.jdt.core.tests.compiler.parser.SelectionJavadocTest" time="0"/>
  <testcase name="test20 - 10" classname="org.eclipse.jdt.core.tests.compiler.parser.DietRecoveryTest" time="0.002"/>
  <testcase name="test20 - 10" classname="org.eclipse.jdt.core.tests.compiler.parser.SourceElementParserTest" time="0"/>
  <testcase name="test21 - 10" classname="org.eclipse.jdt.core.tests.compiler.parser.CompletionRecoveryTest" time="0"/>
  <testcase name="test21 - 10" classname="org.eclipse.jdt.core.tests.compiler.parser.DietCompletionTest" time="0.001"/>
  <testcase name="test21 - 10" classname="org.eclipse.jdt.core.tests.compiler.parser.SelectionTest" time="0.001"/>
  <testcase name="test21 - 10" classname="org.eclipse.jdt.core.tests.compiler.parser.SelectionJavadocTest" time="0"/>
  <testcase name="test21 - 10" classname="org.eclipse.jdt.core.tests.compiler.parser.DietRecoveryTest" time="0.002"/>
  <testcase name="test21 - 10" classname="org.eclipse.jdt.core.tests.compiler.parser.SourceElementParserTest" time="0.001"/>
  <testcase name="test22 - 10" classname="org.eclipse.jdt.core.tests.compiler.parser.CompletionRecoveryTest" time="0"/>
  <testcase name="test22 - 10" classname="org.eclipse.jdt.core.tests.compiler.parser.DietCompletionTest" time="0"/>
  <testcase name="test22 - 10" classname="org.eclipse.jdt.core.tests.compiler.parser.SelectionTest" time="0"/>
  <testcase name="test22 - 10" classname="org.eclipse.jdt.core.tests.compiler.parser.SelectionJavadocTest" time="0.001"/>
  <testcase name="test22 - 10" classname="org.eclipse.jdt.core.tests.compiler.parser.DietRecoveryTest" time="0.003"/>
  <testcase name="test22 - 10" classname="org.eclipse.jdt.core.tests.compiler.parser.SourceElementParserTest" time="0"/>
  <testcase name="test23 - 10" classname="org.eclipse.jdt.core.tests.compiler.parser.CompletionRecoveryTest" time="0.001"/>
  <testcase name="test23 - 10" classname="org.eclipse.jdt.core.tests.compiler.parser.DietCompletionTest" time="0"/>
  <testcase name="test23 - 10" classname="org.eclipse.jdt.core.tests.compiler.parser.SelectionTest" time="0"/>
  <testcase name="test23 - 10" classname="org.eclipse.jdt.core.tests.compiler.parser.SelectionJavadocTest" time="0"/>
  <testcase name="test23 - 10" classname="org.eclipse.jdt.core.tests.compiler.parser.DietRecoveryTest" time="0.003"/>
  <testcase name="test23 - 10" classname="org.eclipse.jdt.core.tests.compiler.parser.SourceElementParserTest" time="0"/>
  <testcase name="test24 - 10" classname="org.eclipse.jdt.core.tests.compiler.parser.CompletionRecoveryTest" time="0"/>
  <testcase name="test24 - 10" classname="org.eclipse.jdt.core.tests.compiler.parser.DietCompletionTest" time="0"/>
  <testcase name="test24 - 10" classname="org.eclipse.jdt.core.tests.compiler.parser.SelectionTest" time="0.001"/>
  <testcase name="test24 - 10" classname="org.eclipse.jdt.core.tests.compiler.parser.SelectionJavadocTest" time="0.001"/>
  <testcase name="test24 - 10" classname="org.eclipse.jdt.core.tests.compiler.parser.DietRecoveryTest" time="0.002"/>
  <testcase name="test24 - 10" classname="org.eclipse.jdt.core.tests.compiler.parser.SourceElementParserTest" time="0.001"/>
  <testcase name="test25 - 10" classname="org.eclipse.jdt.core.tests.compiler.parser.CompletionRecoveryTest" time="0"/>
  <testcase name="test25 - 10" classname="org.eclipse.jdt.core.tests.compiler.parser.DietCompletionTest" time="0"/>
  <testcase name="test25 - 10" classname="org.eclipse.jdt.core.tests.compiler.parser.SelectionTest" time="0"/>
  <testcase name="test25 - 10" classname="org.eclipse.jdt.core.tests.compiler.parser.SelectionJavadocTest" time="0"/>
  <testcase name="test25 - 10" classname="org.eclipse.jdt.core.tests.compiler.parser.DietRecoveryTest" time="0.004"/>
  <testcase name="test25 - 10" classname="org.eclipse.jdt.core.tests.compiler.parser.SourceElementParserTest" time="0"/>
  <testcase name="test26 - 10" classname="org.eclipse.jdt.core.tests.compiler.parser.CompletionRecoveryTest" time="0"/>
  <testcase name="test26 - 10" classname="org.eclipse.jdt.core.tests.compiler.parser.DietCompletionTest" time="0"/>
  <testcase name="test26 - 10" classname="org.eclipse.jdt.core.tests.compiler.parser.SelectionTest" time="0"/>
  <testcase name="test26 - 10" classname="org.eclipse.jdt.core.tests.compiler.parser.SelectionJavadocTest" time="0.001"/>
  <testcase name="test26 - 10" classname="org.eclipse.jdt.core.tests.compiler.parser.DietRecoveryTest" time="0.003"/>
  <testcase name="test26 - 10" classname="org.eclipse.jdt.core.tests.compiler.parser.SourceElementParserTest" time="0"/>
  <testcase name="test27 - 10" classname="org.eclipse.jdt.core.tests.compiler.parser.DietCompletionTest" time="0"/>
  <testcase name="test27 - 10" classname="org.eclipse.jdt.core.tests.compiler.parser.SelectionTest" time="0"/>
  <testcase name="test27 - 10" classname="org.eclipse.jdt.core.tests.compiler.parser.DietRecoveryTest" time="0.003"/>
  <testcase name="test27 - 10" classname="org.eclipse.jdt.core.tests.compiler.parser.SourceElementParserTest" time="0"/>
  <testcase name="test28 - 10" classname="org.eclipse.jdt.core.tests.compiler.parser.DietCompletionTest" time="0"/>
  <testcase name="test28 - 10" classname="org.eclipse.jdt.core.tests.compiler.parser.SelectionTest" time="0"/>
  <testcase name="test28 - 10" classname="org.eclipse.jdt.core.tests.compiler.parser.DietRecoveryTest" time="0.001"/>
  <testcase name="test28 - 10" classname="org.eclipse.jdt.core.tests.compiler.parser.SourceElementParserTest" time="0"/>
  <testcase name="test29 - 10" classname="org.eclipse.jdt.core.tests.compiler.parser.DietCompletionTest" time="0"/>
  <testcase name="test29 - 10" classname="org.eclipse.jdt.core.tests.compiler.parser.SelectionTest" time="0"/>
  <testcase name="test29 - 10" classname="org.eclipse.jdt.core.tests.compiler.parser.DietRecoveryTest" time="0.001"/>
  <testcase name="test29 - 10" classname="org.eclipse.jdt.core.tests.compiler.parser.SourceElementParserTest" time="0.001"/>
  <testcase name="test30 - 10" classname="org.eclipse.jdt.core.tests.compiler.parser.DietCompletionTest" time="0"/>
  <testcase name="test30 - 10" classname="org.eclipse.jdt.core.tests.compiler.parser.SelectionTest" time="0"/>
  <testcase name="test30 - 10" classname="org.eclipse.jdt.core.tests.compiler.parser.DietRecoveryTest" time="0.002"/>
  <testcase name="test30 - 10" classname="org.eclipse.jdt.core.tests.compiler.parser.SourceElementParserTest" time="0"/>
  <testcase name="test31 - 10" classname="org.eclipse.jdt.core.tests.compiler.parser.DietCompletionTest" time="0"/>
  <testcase name="test31 - 10" classname="org.eclipse.jdt.core.tests.compiler.parser.SelectionTest" time="0"/>
  <testcase name="test31 - 10" classname="org.eclipse.jdt.core.tests.compiler.parser.DietRecoveryTest" time="0.003"/>
  <testcase name="test31 - 10" classname="org.eclipse.jdt.core.tests.compiler.parser.SourceElementParserTest" time="0.001"/>
  <testcase name="test32 - 10" classname="org.eclipse.jdt.core.tests.compiler.parser.DietCompletionTest" time="0"/>
  <testcase name="test32 - 10" classname="org.eclipse.jdt.core.tests.compiler.parser.SelectionTest" time="0"/>
  <testcase name="test32 - 10" classname="org.eclipse.jdt.core.tests.compiler.parser.SourceElementParserTest" time="0"/>
  <testcase name="test33 - 10" classname="org.eclipse.jdt.core.tests.compiler.parser.DietCompletionTest" time="0"/>
  <testcase name="test33 - 10" classname="org.eclipse.jdt.core.tests.compiler.parser.SelectionTest" time="0"/>
  <testcase name="test33 - 10" classname="org.eclipse.jdt.core.tests.compiler.parser.DietRecoveryTest" time="0.002"/>
  <testcase name="test33 - 10" classname="org.eclipse.jdt.core.tests.compiler.parser.SourceElementParserTest" time="0"/>
  <testcase name="test34 - 10" classname="org.eclipse.jdt.core.tests.compiler.parser.DietCompletionTest" time="0"/>
  <testcase name="test34 - 10" classname="org.eclipse.jdt.core.tests.compiler.parser.SelectionTest" time="0"/>
  <testcase name="test34 - 10" classname="org.eclipse.jdt.core.tests.compiler.parser.DietRecoveryTest" time="0.002"/>
  <testcase name="test34 - 10" classname="org.eclipse.jdt.core.tests.compiler.parser.SourceElementParserTest" time="0.001"/>
  <testcase name="test34a - 10" classname="org.eclipse.jdt.core.tests.compiler.parser.DietCompletionTest" time="0"/>
  <testcase name="test34b - 10" classname="org.eclipse.jdt.core.tests.compiler.parser.DietCompletionTest" time="0"/>
  <testcase name="test34c - 10" classname="org.eclipse.jdt.core.tests.compiler.parser.DietCompletionTest" time="0"/>
  <testcase name="test35 - 10" classname="org.eclipse.jdt.core.tests.compiler.parser.DietCompletionTest" time="0.001"/>
  <testcase name="test35 - 10" classname="org.eclipse.jdt.core.tests.compiler.parser.SelectionTest" time="0"/>
  <testcase name="test35 - 10" classname="org.eclipse.jdt.core.tests.compiler.parser.DietRecoveryTest" time="0.001"/>
  <testcase name="test35 - 10" classname="org.eclipse.jdt.core.tests.compiler.parser.SourceElementParserTest" time="0"/>
  <testcase name="test36 - 10" classname="org.eclipse.jdt.core.tests.compiler.parser.DietCompletionTest" time="0"/>
  <testcase name="test36 - 10" classname="org.eclipse.jdt.core.tests.compiler.parser.SelectionTest" time="0.001"/>
  <testcase name="test36 - 10" classname="org.eclipse.jdt.core.tests.compiler.parser.DietRecoveryTest" time="0.001"/>
  <testcase name="test36 - 10" classname="org.eclipse.jdt.core.tests.compiler.parser.SourceElementParserTest" time="0"/>
  <testcase name="test37 - 10" classname="org.eclipse.jdt.core.tests.compiler.parser.DietCompletionTest" time="0"/>
  <testcase name="test37 - 10" classname="org.eclipse.jdt.core.tests.compiler.parser.SelectionTest" time="0"/>
  <testcase name="test37 - 10" classname="org.eclipse.jdt.core.tests.compiler.parser.DietRecoveryTest" time="0"/>
  <testcase name="test37 - 10" classname="org.eclipse.jdt.core.tests.compiler.parser.SourceElementParserTest" time="0"/>
  <testcase name="test38 - 10" classname="org.eclipse.jdt.core.tests.compiler.parser.DietCompletionTest" time="0"/>
  <testcase name="test38 - 10" classname="org.eclipse.jdt.core.tests.compiler.parser.SelectionTest" time="0"/>
  <testcase name="test38 - 10" classname="org.eclipse.jdt.core.tests.compiler.parser.DietRecoveryTest" time="0.002"/>
  <testcase name="test38 - 10" classname="org.eclipse.jdt.core.tests.compiler.parser.SourceElementParserTest" time="0.001"/>
  <testcase name="test39 - 10" classname="org.eclipse.jdt.core.tests.compiler.parser.DietCompletionTest" time="0"/>
  <testcase name="test39 - 10" classname="org.eclipse.jdt.core.tests.compiler.parser.SelectionTest" time="0"/>
  <testcase name="test39 - 10" classname="org.eclipse.jdt.core.tests.compiler.parser.DietRecoveryTest" time="0.001"/>
  <testcase name="test39 - 10" classname="org.eclipse.jdt.core.tests.compiler.parser.SourceElementParserTest" time="0"/>
  <testcase name="test40 - 10" classname="org.eclipse.jdt.core.tests.compiler.parser.DietCompletionTest" time="0"/>
  <testcase name="test40 - 10" classname="org.eclipse.jdt.core.tests.compiler.parser.SelectionTest" time="0.001"/>
  <testcase name="test40 - 10" classname="org.eclipse.jdt.core.tests.compiler.parser.DietRecoveryTest" time="0.002"/>
  <testcase name="test40 - 10" classname="org.eclipse.jdt.core.tests.compiler.parser.SourceElementParserTest" time="0"/>
  <testcase name="test41 - 10" classname="org.eclipse.jdt.core.tests.compiler.parser.DietCompletionTest" time="0"/>
  <testcase name="test41 - 10" classname="org.eclipse.jdt.core.tests.compiler.parser.SelectionTest" time="0"/>
  <testcase name="test41 - 10" classname="org.eclipse.jdt.core.tests.compiler.parser.DietRecoveryTest" time="0.003"/>
  <testcase name="test41 - 10" classname="org.eclipse.jdt.core.tests.compiler.parser.SourceElementParserTest" time="0"/>
  <testcase name="test42 - 10" classname="org.eclipse.jdt.core.tests.compiler.parser.DietCompletionTest" time="0"/>
  <testcase name="test42 - 10" classname="org.eclipse.jdt.core.tests.compiler.parser.SelectionTest" time="0"/>
  <testcase name="test42 - 10" classname="org.eclipse.jdt.core.tests.compiler.parser.DietRecoveryTest" time="0.002"/>
  <testcase name="test42 - 10" classname="org.eclipse.jdt.core.tests.compiler.parser.SourceElementParserTest" time="0"/>
  <testcase name="test43 - 10" classname="org.eclipse.jdt.core.tests.compiler.parser.DietCompletionTest" time="0"/>
  <testcase name="test43 - 10" classname="org.eclipse.jdt.core.tests.compiler.parser.SelectionTest" time="0.001"/>
  <testcase name="test43 - 10" classname="org.eclipse.jdt.core.tests.compiler.parser.DietRecoveryTest" time="0.004"/>
  <testcase name="test43 - 10" classname="org.eclipse.jdt.core.tests.compiler.parser.SourceElementParserTest" time="0.001"/>
  <testcase name="test44 - 10" classname="org.eclipse.jdt.core.tests.compiler.parser.DietCompletionTest" time="0"/>
  <testcase name="test44 - 10" classname="org.eclipse.jdt.core.tests.compiler.parser.SelectionTest" time="0"/>
  <testcase name="test44 - 10" classname="org.eclipse.jdt.core.tests.compiler.parser.DietRecoveryTest" time="0.002"/>
  <testcase name="test44 - 10" classname="org.eclipse.jdt.core.tests.compiler.parser.SourceElementParserTest" time="0"/>
  <testcase name="test45 - 10" classname="org.eclipse.jdt.core.tests.compiler.parser.DietCompletionTest" time="0"/>
  <testcase name="test45 - 10" classname="org.eclipse.jdt.core.tests.compiler.parser.SelectionTest" time="0.001"/>
  <testcase name="test45 - 10" classname="org.eclipse.jdt.core.tests.compiler.parser.DietRecoveryTest" time="0"/>
  <testcase name="test45 - 10" classname="org.eclipse.jdt.core.tests.compiler.parser.SourceElementParserTest" time="0"/>
  <testcase name="test46 - 10" classname="org.eclipse.jdt.core.tests.compiler.parser.DietCompletionTest" time="0"/>
  <testcase name="test46 - 10" classname="org.eclipse.jdt.core.tests.compiler.parser.SelectionTest" time="0"/>
  <testcase name="test46 - 10" classname="org.eclipse.jdt.core.tests.compiler.parser.DietRecoveryTest" time="0.004"/>
  <testcase name="test46 - 10" classname="org.eclipse.jdt.core.tests.compiler.parser.SourceElementParserTest" time="0"/>
  <testcase name="test47 - 10" classname="org.eclipse.jdt.core.tests.compiler.parser.DietCompletionTest" time="0"/>
  <testcase name="test47 - 10" classname="org.eclipse.jdt.core.tests.compiler.parser.SelectionTest" time="0"/>
  <testcase name="test47 - 10" classname="org.eclipse.jdt.core.tests.compiler.parser.DietRecoveryTest" time="0.002"/>
  <testcase name="test47 - 10" classname="org.eclipse.jdt.core.tests.compiler.parser.SourceElementParserTest" time="0.001"/>
  <testcase name="test48 - 10" classname="org.eclipse.jdt.core.tests.compiler.parser.DietCompletionTest" time="0.001"/>
  <testcase name="test48 - 10" classname="org.eclipse.jdt.core.tests.compiler.parser.SelectionTest" time="0"/>
  <testcase name="test48 - 10" classname="org.eclipse.jdt.core.tests.compiler.parser.DietRecoveryTest" time="0"/>
  <testcase name="test48 - 10" classname="org.eclipse.jdt.core.tests.compiler.parser.SourceElementParserTest" time="0"/>
  <testcase name="test49 - 10" classname="org.eclipse.jdt.core.tests.compiler.parser.DietCompletionTest" time="0"/>
  <testcase name="test49 - 10" classname="org.eclipse.jdt.core.tests.compiler.parser.SelectionTest" time="0.001"/>
  <testcase name="test49 - 10" classname="org.eclipse.jdt.core.tests.compiler.parser.DietRecoveryTest" time="0.002"/>
  <testcase name="test49 - 10" classname="org.eclipse.jdt.core.tests.compiler.parser.SourceElementParserTest" time="0"/>
  <testcase name="test50 - 10" classname="org.eclipse.jdt.core.tests.compiler.parser.DietCompletionTest" time="0"/>
  <testcase name="test50 - 10" classname="org.eclipse.jdt.core.tests.compiler.parser.SelectionTest" time="0"/>
  <testcase name="test50 - 10" classname="org.eclipse.jdt.core.tests.compiler.parser.DietRecoveryTest" time="0.002"/>
  <testcase name="test50 - 10" classname="org.eclipse.jdt.core.tests.compiler.parser.SourceElementParserTest" time="0"/>
  <testcase name="test51 - 10" classname="org.eclipse.jdt.core.tests.compiler.parser.DietCompletionTest" time="0"/>
  <testcase name="test51 - 10" classname="org.eclipse.jdt.core.tests.compiler.parser.SelectionTest" time="0.001"/>
  <testcase name="test51 - 10" classname="org.eclipse.jdt.core.tests.compiler.parser.DietRecoveryTest" time="0.002"/>
  <testcase name="test51 - 10" classname="org.eclipse.jdt.core.tests.compiler.parser.SourceElementParserTest" time="0"/>
  <testcase name="test52 - 10" classname="org.eclipse.jdt.core.tests.compiler.parser.DietCompletionTest" time="0.001"/>
  <testcase name="test52 - 10" classname="org.eclipse.jdt.core.tests.compiler.parser.SelectionTest" time="0"/>
  <testcase name="test52 - 10" classname="org.eclipse.jdt.core.tests.compiler.parser.DietRecoveryTest" time="0.002"/>
  <testcase name="test52 - 10" classname="org.eclipse.jdt.core.tests.compiler.parser.SourceElementParserTest" time="0.001"/>
  <testcase name="test53 - 10" classname="org.eclipse.jdt.core.tests.compiler.parser.DietCompletionTest" time="0"/>
  <testcase name="test53 - 10" classname="org.eclipse.jdt.core.tests.compiler.parser.SelectionTest" time="0"/>
  <testcase name="test53 - 10" classname="org.eclipse.jdt.core.tests.compiler.parser.DietRecoveryTest" time="0.002"/>
  <testcase name="test53 - 10" classname="org.eclipse.jdt.core.tests.compiler.parser.SourceElementParserTest" time="0"/>
  <testcase name="test54 - 10" classname="org.eclipse.jdt.core.tests.compiler.parser.DietCompletionTest" time="0"/>
  <testcase name="test54 - 10" classname="org.eclipse.jdt.core.tests.compiler.parser.SelectionTest" time="0"/>
  <testcase name="test54 - 10" classname="org.eclipse.jdt.core.tests.compiler.parser.DietRecoveryTest" time="0.002"/>
  <testcase name="test54 - 10" classname="org.eclipse.jdt.core.tests.compiler.parser.SourceElementParserTest" time="0.001"/>
  <testcase name="test55 - 10" classname="org.eclipse.jdt.core.tests.compiler.parser.DietCompletionTest" time="0"/>
  <testcase name="test55 - 10" classname="org.eclipse.jdt.core.tests.compiler.parser.SelectionTest" time="0"/>
  <testcase name="test55 - 10" classname="org.eclipse.jdt.core.tests.compiler.parser.DietRecoveryTest" time="0.001"/>
  <testcase name="test55 - 10" classname="org.eclipse.jdt.core.tests.compiler.parser.SourceElementParserTest" time="0.001"/>
  <testcase name="testPrimarySuper - 10" classname="org.eclipse.jdt.core.tests.compiler.parser.ExplicitConstructorInvocationCompletionTest" time="0"/>
  <testcase name="testPrimarySuper - 10" classname="org.eclipse.jdt.core.tests.compiler.parser.ExplicitConstructorInvocationSelectionTest" time="0"/>
  <testcase name="testPrimaryThis - 10" classname="org.eclipse.jdt.core.tests.compiler.parser.ExplicitConstructorInvocationCompletionTest" time="0"/>
  <testcase name="testSuper - 10" classname="org.eclipse.jdt.core.tests.compiler.parser.ExplicitConstructorInvocationCompletionTest" time="0"/>
  <testcase name="testSuper - 10" classname="org.eclipse.jdt.core.tests.compiler.parser.MethodInvocationCompletionTest" time="0"/>
  <testcase name="testSuper - 10" classname="org.eclipse.jdt.core.tests.compiler.parser.ExplicitConstructorInvocationSelectionTest" time="0.001"/>
  <testcase name="testThis - 10" classname="org.eclipse.jdt.core.tests.compiler.parser.ExplicitConstructorInvocationCompletionTest" time="0"/>
  <testcase name="testThis - 10" classname="org.eclipse.jdt.core.tests.compiler.parser.ExplicitConstructorInvocationSelectionTest" time="0"/>
  <testcase name="testWrapperNameSuper - 10" classname="org.eclipse.jdt.core.tests.compiler.parser.ExplicitConstructorInvocationCompletionTest" time="0"/>
  <testcase name="testWrapperNameThis - 10" classname="org.eclipse.jdt.core.tests.compiler.parser.ExplicitConstructorInvocationCompletionTest" time="0"/>
  <testcase name="testWrapperPrimarySuper - 10" classname="org.eclipse.jdt.core.tests.compiler.parser.ExplicitConstructorInvocationCompletionTest" time="0"/>
  <testcase name="testWrapperSuper - 10" classname="org.eclipse.jdt.core.tests.compiler.parser.ExplicitConstructorInvocationCompletionTest" time="0"/>
  <testcase name="testWrapperThis - 10" classname="org.eclipse.jdt.core.tests.compiler.parser.ExplicitConstructorInvocationCompletionTest" time="0"/>
  <testcase name="testAdditiveExpressionMinus - 10" classname="org.eclipse.jdt.core.tests.compiler.parser.FieldAccessCompletionTest" time="0"/>
  <testcase name="testAdditiveExpressionPlus - 10" classname="org.eclipse.jdt.core.tests.compiler.parser.FieldAccessCompletionTest" time="0"/>
  <testcase name="testAndExpression - 10" classname="org.eclipse.jdt.core.tests.compiler.parser.FieldAccessCompletionTest" time="0"/>
  <testcase name="testArgumentList - 10" classname="org.eclipse.jdt.core.tests.compiler.parser.FieldAccessCompletionTest" time="0.001"/>
  <testcase name="testArrayAccess - 10" classname="org.eclipse.jdt.core.tests.compiler.parser.FieldAccessCompletionTest" time="0"/>
  <testcase name="testArrayAccessPrimaryNoNewArray - 10" classname="org.eclipse.jdt.core.tests.compiler.parser.FieldAccessCompletionTest" time="0"/>
  <testcase name="testArrayInitializer - 10" classname="org.eclipse.jdt.core.tests.compiler.parser.FieldAccessCompletionTest" time="0"/>
  <testcase name="testArrayInitializerComma - 10" classname="org.eclipse.jdt.core.tests.compiler.parser.FieldAccessCompletionTest" time="0.001"/>
  <testcase name="testAssignment - 10" classname="org.eclipse.jdt.core.tests.compiler.parser.FieldAccessCompletionTest" time="0"/>
  <testcase name="testBlock - 10" classname="org.eclipse.jdt.core.tests.compiler.parser.FieldAccessCompletionTest" time="0"/>
  <testcase name="testBlock - 10" classname="org.eclipse.jdt.core.tests.compiler.parser.ReferenceTypeCompletionTest" time="0.001"/>
  <testcase name="testBlockStatements - 10" classname="org.eclipse.jdt.core.tests.compiler.parser.FieldAccessCompletionTest" time="0"/>
  <testcase name="testBlockStatements - 10" classname="org.eclipse.jdt.core.tests.compiler.parser.ReferenceTypeCompletionTest" time="0"/>
  <testcase name="testBlockStatementsInConstructorBody - 10" classname="org.eclipse.jdt.core.tests.compiler.parser.FieldAccessCompletionTest" time="0.001"/>
  <testcase name="testBlockStatementsInInitializer - 10" classname="org.eclipse.jdt.core.tests.compiler.parser.FieldAccessCompletionTest" time="0"/>
  <testcase name="testBlockStatementsInStaticInitializer - 10" classname="org.eclipse.jdt.core.tests.compiler.parser.FieldAccessCompletionTest" time="0"/>
  <testcase name="testCastExpression - 10" classname="org.eclipse.jdt.core.tests.compiler.parser.FieldAccessCompletionTest" time="0"/>
  <testcase name="testCastExpressionUnaryExpression - 10" classname="org.eclipse.jdt.core.tests.compiler.parser.FieldAccessCompletionTest" time="0"/>
  <testcase name="testClassInstanceCreationExpression - 10" classname="org.eclipse.jdt.core.tests.compiler.parser.FieldAccessCompletionTest" time="0"/>
  <testcase name="testClassInstanceCreationExpressionName - 10" classname="org.eclipse.jdt.core.tests.compiler.parser.FieldAccessCompletionTest" time="0"/>
  <testcase name="testClassInstanceCreationExpressionPrimary - 10" classname="org.eclipse.jdt.core.tests.compiler.parser.FieldAccessCompletionTest" time="0"/>
  <testcase name="testConditionalAndExpression - 10" classname="org.eclipse.jdt.core.tests.compiler.parser.FieldAccessCompletionTest" time="0"/>
  <testcase name="testConditionalExpression - 10" classname="org.eclipse.jdt.core.tests.compiler.parser.FieldAccessCompletionTest" time="0"/>
  <testcase name="testConditionalExpressionConditionalExpression - 10" classname="org.eclipse.jdt.core.tests.compiler.parser.FieldAccessCompletionTest" time="0"/>
  <testcase name="testConditionalOrExpression - 10" classname="org.eclipse.jdt.core.tests.compiler.parser.FieldAccessCompletionTest" time="0"/>
  <testcase name="testConstructorBody - 10" classname="org.eclipse.jdt.core.tests.compiler.parser.FieldAccessCompletionTest" time="0.001"/>
  <testcase name="testConstructorBody - 10" classname="org.eclipse.jdt.core.tests.compiler.parser.ReferenceTypeCompletionTest" time="0"/>
  <testcase name="testDimWithOrWithOutExpr - 10" classname="org.eclipse.jdt.core.tests.compiler.parser.FieldAccessCompletionTest" time="0"/>
  <testcase name="testDoExpression - 10" classname="org.eclipse.jdt.core.tests.compiler.parser.FieldAccessCompletionTest" time="0"/>
  <testcase name="testDoStatement - 10" classname="org.eclipse.jdt.core.tests.compiler.parser.FieldAccessCompletionTest" time="0"/>
  <testcase name="testEqualityExpression - 10" classname="org.eclipse.jdt.core.tests.compiler.parser.FieldAccessCompletionTest" time="0.001"/>
  <testcase name="testEqualityExpressionNot - 10" classname="org.eclipse.jdt.core.tests.compiler.parser.FieldAccessCompletionTest" time="0"/>
  <testcase name="testExclusiveOrExpression - 10" classname="org.eclipse.jdt.core.tests.compiler.parser.FieldAccessCompletionTest" time="0"/>
  <testcase name="testExplicitConstructorInvocationInConstructorBody - 10" classname="org.eclipse.jdt.core.tests.compiler.parser.FieldAccessCompletionTest" time="0"/>
  <testcase name="testForInit - 10" classname="org.eclipse.jdt.core.tests.compiler.parser.FieldAccessCompletionTest" time="0"/>
  <testcase name="testForStatement - 10" classname="org.eclipse.jdt.core.tests.compiler.parser.FieldAccessCompletionTest" time="0"/>
  <testcase name="testForStatement - 10" classname="org.eclipse.jdt.core.tests.compiler.parser.ReferenceTypeCompletionTest" time="0.001"/>
  <testcase name="testForStatementExpression - 10" classname="org.eclipse.jdt.core.tests.compiler.parser.FieldAccessCompletionTest" time="0"/>
  <testcase name="testForUpdate - 10" classname="org.eclipse.jdt.core.tests.compiler.parser.FieldAccessCompletionTest" time="0"/>
  <testcase name="testIfExpresionThen - 10" classname="org.eclipse.jdt.core.tests.compiler.parser.FieldAccessCompletionTest" time="0"/>
  <testcase name="testIfExpresionThenElse - 10" classname="org.eclipse.jdt.core.tests.compiler.parser.FieldAccessCompletionTest" time="0.001"/>
  <testcase name="testIfThenElseStatement - 10" classname="org.eclipse.jdt.core.tests.compiler.parser.FieldAccessCompletionTest" time="0"/>
  <testcase name="testIfThenStatement - 10" classname="org.eclipse.jdt.core.tests.compiler.parser.FieldAccessCompletionTest" time="0"/>
  <testcase name="testIfThenStatementElse - 10" classname="org.eclipse.jdt.core.tests.compiler.parser.FieldAccessCompletionTest" time="0"/>
  <testcase name="testInclusiveOrExpression - 10" classname="org.eclipse.jdt.core.tests.compiler.parser.FieldAccessCompletionTest" time="0"/>
  <testcase name="testLabeledStatement - 10" classname="org.eclipse.jdt.core.tests.compiler.parser.FieldAccessCompletionTest" time="0"/>
  <testcase name="testMethodBody - 10" classname="org.eclipse.jdt.core.tests.compiler.parser.FieldAccessCompletionTest" time="0"/>
  <testcase name="testMethodBody - 10" classname="org.eclipse.jdt.core.tests.compiler.parser.ReferenceTypeCompletionTest" time="0"/>
  <testcase name="testMethodInvocation - 10" classname="org.eclipse.jdt.core.tests.compiler.parser.FieldAccessCompletionTest" time="0"/>
  <testcase name="testMethodInvocationPrimary - 10" classname="org.eclipse.jdt.core.tests.compiler.parser.FieldAccessCompletionTest" time="0"/>
  <testcase name="testMethodInvocationSuper - 10" classname="org.eclipse.jdt.core.tests.compiler.parser.FieldAccessCompletionTest" time="0.001"/>
  <testcase name="testMultiplicativeExpressionMultiplication - 10" classname="org.eclipse.jdt.core.tests.compiler.parser.FieldAccessCompletionTest" time="0"/>
  <testcase name="testMultiplicativeExpressionRemainder - 10" classname="org.eclipse.jdt.core.tests.compiler.parser.FieldAccessCompletionTest" time="0"/>
  <testcase name="testMultiplicativeExpressiondDivision - 10" classname="org.eclipse.jdt.core.tests.compiler.parser.FieldAccessCompletionTest" time="0"/>
  <testcase name="testPreIncrementExpressionMinusMinus - 10" classname="org.eclipse.jdt.core.tests.compiler.parser.FieldAccessCompletionTest" time="0"/>
  <testcase name="testPreIncrementExpressionPlusPlus - 10" classname="org.eclipse.jdt.core.tests.compiler.parser.FieldAccessCompletionTest" time="0"/>
  <testcase name="testPrimaryNoNewArray - 10" classname="org.eclipse.jdt.core.tests.compiler.parser.FieldAccessCompletionTest" time="0"/>
  <testcase name="testRelationalExpressionGreaterThan - 10" classname="org.eclipse.jdt.core.tests.compiler.parser.FieldAccessCompletionTest" time="0"/>
  <testcase name="testRelationalExpressionGreaterThanOrEquals - 10" classname="org.eclipse.jdt.core.tests.compiler.parser.FieldAccessCompletionTest" time="0"/>
  <testcase name="testRelationalExpressionLessThan - 10" classname="org.eclipse.jdt.core.tests.compiler.parser.FieldAccessCompletionTest" time="0.001"/>
  <testcase name="testRelationalExpressionLessThanOrEqual - 10" classname="org.eclipse.jdt.core.tests.compiler.parser.FieldAccessCompletionTest" time="0"/>
  <testcase name="testReturnStatement - 10" classname="org.eclipse.jdt.core.tests.compiler.parser.FieldAccessCompletionTest" time="0"/>
  <testcase name="testShiftExpressionLeft - 10" classname="org.eclipse.jdt.core.tests.compiler.parser.FieldAccessCompletionTest" time="0"/>
  <testcase name="testShiftExpressionRight - 10" classname="org.eclipse.jdt.core.tests.compiler.parser.FieldAccessCompletionTest" time="0.001"/>
  <testcase name="testShiftExpressionRightUnSigned - 10" classname="org.eclipse.jdt.core.tests.compiler.parser.FieldAccessCompletionTest" time="0"/>
  <testcase name="testStatementExpressionList - 10" classname="org.eclipse.jdt.core.tests.compiler.parser.FieldAccessCompletionTest" time="0"/>
  <testcase name="testSwitchBlockStatement - 10" classname="org.eclipse.jdt.core.tests.compiler.parser.FieldAccessCompletionTest" time="0"/>
  <testcase name="testSwitchBlockStatement - 10" classname="org.eclipse.jdt.core.tests.compiler.parser.ReferenceTypeCompletionTest" time="0"/>
  <testcase name="testSwitchExpression - 10" classname="org.eclipse.jdt.core.tests.compiler.parser.FieldAccessCompletionTest" time="0"/>
  <testcase name="testSwitchLabel - 10" classname="org.eclipse.jdt.core.tests.compiler.parser.FieldAccessCompletionTest" time="0"/>
  <testcase name="testSynchronizedStatement - 10" classname="org.eclipse.jdt.core.tests.compiler.parser.FieldAccessCompletionTest" time="0"/>
  <testcase name="testThrowExpression - 10" classname="org.eclipse.jdt.core.tests.compiler.parser.FieldAccessCompletionTest" time="0.001"/>
  <testcase name="testUnaryExpressionBitwiseComplement - 10" classname="org.eclipse.jdt.core.tests.compiler.parser.FieldAccessCompletionTest" time="0"/>
  <testcase name="testUnaryExpressionLogicalComplement - 10" classname="org.eclipse.jdt.core.tests.compiler.parser.FieldAccessCompletionTest" time="0"/>
  <testcase name="testUnaryExpressionMinus - 10" classname="org.eclipse.jdt.core.tests.compiler.parser.FieldAccessCompletionTest" time="0"/>
  <testcase name="testUnaryExpressionPlus - 10" classname="org.eclipse.jdt.core.tests.compiler.parser.FieldAccessCompletionTest" time="0.001"/>
  <testcase name="testVariableDeclarator - 10" classname="org.eclipse.jdt.core.tests.compiler.parser.FieldAccessCompletionTest" time="0"/>
  <testcase name="testVariableInitializers - 10" classname="org.eclipse.jdt.core.tests.compiler.parser.FieldAccessCompletionTest" time="0"/>
  <testcase name="testWhileExpression - 10" classname="org.eclipse.jdt.core.tests.compiler.parser.FieldAccessCompletionTest" time="0"/>
  <testcase name="testWhileStatement - 10" classname="org.eclipse.jdt.core.tests.compiler.parser.FieldAccessCompletionTest" time="0"/>
  <testcase name="testAnonymousFirstMethod - 10" classname="org.eclipse.jdt.core.tests.compiler.parser.InnerTypeCompletionTest" time="0"/>
  <testcase name="testAnonymousNoStatementBefore - 10" classname="org.eclipse.jdt.core.tests.compiler.parser.InnerTypeCompletionTest" time="0"/>
  <testcase name="testAnonymousOneFieldBefore - 10" classname="org.eclipse.jdt.core.tests.compiler.parser.InnerTypeCompletionTest" time="0"/>
  <testcase name="testAnonymousOneStatementBefore - 10" classname="org.eclipse.jdt.core.tests.compiler.parser.InnerTypeCompletionTest" time="0.001"/>
  <testcase name="testAnonymousSecondMethod - 10" classname="org.eclipse.jdt.core.tests.compiler.parser.InnerTypeCompletionTest" time="0"/>
  <testcase name="testLocalTypeFirstMethod - 10" classname="org.eclipse.jdt.core.tests.compiler.parser.InnerTypeCompletionTest" time="0"/>
  <testcase name="testLocalTypeNoStatementBefore - 10" classname="org.eclipse.jdt.core.tests.compiler.parser.InnerTypeCompletionTest" time="0"/>
  <testcase name="testLocalTypeOneFieldBefore - 10" classname="org.eclipse.jdt.core.tests.compiler.parser.InnerTypeCompletionTest" time="0"/>
  <testcase name="testLocalTypeOneStatementBefore - 10" classname="org.eclipse.jdt.core.tests.compiler.parser.InnerTypeCompletionTest" time="0"/>
  <testcase name="testLocalTypeSecondMethod - 10" classname="org.eclipse.jdt.core.tests.compiler.parser.InnerTypeCompletionTest" time="0"/>
  <testcase name="test020 - 10" classname="org.eclipse.jdt.core.tests.compiler.parser.JavadocCompletionParserTest" time="0"/>
  <testcase name="test020 - 10" classname="org.eclipse.jdt.core.tests.compiler.parser.ParserTest" time="0.001"/>
  <testcase name="test021 - 10" classname="org.eclipse.jdt.core.tests.compiler.parser.JavadocCompletionParserTest" time="0"/>
  <testcase name="test021 - 10" classname="org.eclipse.jdt.core.tests.compiler.parser.ParserTest" time="0.156"/>
  <testcase name="test022 - 10" classname="org.eclipse.jdt.core.tests.compiler.parser.JavadocCompletionParserTest" time="0"/>
  <testcase name="test022 - 10" classname="org.eclipse.jdt.core.tests.compiler.parser.ParserTest" time="0.001"/>
  <testcase name="test023 - 10" classname="org.eclipse.jdt.core.tests.compiler.parser.JavadocCompletionParserTest" time="0"/>
  <testcase name="test023 - 10" classname="org.eclipse.jdt.core.tests.compiler.parser.ParserTest" time="0"/>
  <testcase name="test024 - 10" classname="org.eclipse.jdt.core.tests.compiler.parser.JavadocCompletionParserTest" time="0.001"/>
  <testcase name="test024 - 10" classname="org.eclipse.jdt.core.tests.compiler.parser.ParserTest" time="0"/>
  <testcase name="test025 - 10" classname="org.eclipse.jdt.core.tests.compiler.parser.JavadocCompletionParserTest" time="0"/>
  <testcase name="test025 - 10" classname="org.eclipse.jdt.core.tests.compiler.parser.ParserTest" time="0"/>
  <testcase name="test026 - 10" classname="org.eclipse.jdt.core.tests.compiler.parser.JavadocCompletionParserTest" time="0"/>
  <testcase name="test026 - 10" classname="org.eclipse.jdt.core.tests.compiler.parser.ParserTest" time="0.001"/>
  <testcase name="test027 - 10" classname="org.eclipse.jdt.core.tests.compiler.parser.JavadocCompletionParserTest" time="0"/>
  <testcase name="test027 - 10" classname="org.eclipse.jdt.core.tests.compiler.parser.ParserTest" time="0.001"/>
  <testcase name="test028 - 10" classname="org.eclipse.jdt.core.tests.compiler.parser.JavadocCompletionParserTest" time="0"/>
  <testcase name="test029 - 10" classname="org.eclipse.jdt.core.tests.compiler.parser.JavadocCompletionParserTest" time="0.001"/>
  <testcase name="test030 - 10" classname="org.eclipse.jdt.core.tests.compiler.parser.JavadocCompletionParserTest" time="0"/>
  <testcase name="test031 - 10" classname="org.eclipse.jdt.core.tests.compiler.parser.JavadocCompletionParserTest" time="0"/>
  <testcase name="test032 - 10" classname="org.eclipse.jdt.core.tests.compiler.parser.JavadocCompletionParserTest" time="0"/>
  <testcase name="test1FTEO9L - 10" classname="org.eclipse.jdt.core.tests.compiler.parser.LabelStatementCompletionTest" time="0.001"/>
  <testcase name="testInCaseWithIdentifier - 10" classname="org.eclipse.jdt.core.tests.compiler.parser.LabelStatementCompletionTest" time="0"/>
  <testcase name="testInCaseWithNumberConstant - 10" classname="org.eclipse.jdt.core.tests.compiler.parser.LabelStatementCompletionTest" time="0"/>
  <testcase name="testInLabeledInnerClass - 10" classname="org.eclipse.jdt.core.tests.compiler.parser.LabelStatementCompletionTest" time="0.001"/>
  <testcase name="testInLabeledInnerClassWithErrorBefore - 10" classname="org.eclipse.jdt.core.tests.compiler.parser.LabelStatementCompletionTest" time="0"/>
  <testcase name="testOneLevelDeep - 10" classname="org.eclipse.jdt.core.tests.compiler.parser.LabelStatementCompletionTest" time="0"/>
  <testcase name="testSecondLabel - 10" classname="org.eclipse.jdt.core.tests.compiler.parser.LabelStatementCompletionTest" time="0"/>
  <testcase name="testTwoLevelDeep - 10" classname="org.eclipse.jdt.core.tests.compiler.parser.LabelStatementCompletionTest" time="0.001"/>
  <testcase name="test1FVVWS8_1 - 10" classname="org.eclipse.jdt.core.tests.compiler.parser.MethodInvocationCompletionTest" time="0"/>
  <testcase name="test1FVVWS8_2 - 10" classname="org.eclipse.jdt.core.tests.compiler.parser.MethodInvocationCompletionTest" time="0"/>
  <testcase name="test1FW2ZTB_1 - 10" classname="org.eclipse.jdt.core.tests.compiler.parser.MethodInvocationCompletionTest" time="0"/>
  <testcase name="test1FW2ZTB_2 - 10" classname="org.eclipse.jdt.core.tests.compiler.parser.MethodInvocationCompletionTest" time="0"/>
  <testcase name="test1FW35YZ_1 - 10" classname="org.eclipse.jdt.core.tests.compiler.parser.MethodInvocationCompletionTest" time="0"/>
  <testcase name="test1FW35YZ_2 - 10" classname="org.eclipse.jdt.core.tests.compiler.parser.MethodInvocationCompletionTest" time="0"/>
  <testcase name="test1FWYBKF - 10" classname="org.eclipse.jdt.core.tests.compiler.parser.MethodInvocationCompletionTest" time="0"/>
  <testcase name="test1GAJBUQ - 10" classname="org.eclipse.jdt.core.tests.compiler.parser.MethodInvocationCompletionTest" time="0"/>
  <testcase name="testAfterEmptyAnonymous - 10" classname="org.eclipse.jdt.core.tests.compiler.parser.MethodInvocationCompletionTest" time="0"/>
  <testcase name="testAfterFirstParameter - 10" classname="org.eclipse.jdt.core.tests.compiler.parser.MethodInvocationCompletionTest" time="0"/>
  <testcase name="testBeforeFirstParameter - 10" classname="org.eclipse.jdt.core.tests.compiler.parser.MethodInvocationCompletionTest" time="0"/>
  <testcase name="testBeforeLastParameter - 10" classname="org.eclipse.jdt.core.tests.compiler.parser.MethodInvocationCompletionTest" time="0"/>
  <testcase name="testBeforeSecondParameter - 10" classname="org.eclipse.jdt.core.tests.compiler.parser.MethodInvocationCompletionTest" time="0.001"/>
  <testcase name="testEmptyInFirstParameter - 10" classname="org.eclipse.jdt.core.tests.compiler.parser.MethodInvocationCompletionTest" time="0"/>
  <testcase name="testInFirstParameter - 10" classname="org.eclipse.jdt.core.tests.compiler.parser.MethodInvocationCompletionTest" time="0"/>
  <testcase name="testLabeledWithExpressionReceiver - 10" classname="org.eclipse.jdt.core.tests.compiler.parser.MethodInvocationCompletionTest" time="0.001"/>
  <testcase name="testLabeledWithoutReceiver - 10" classname="org.eclipse.jdt.core.tests.compiler.parser.MethodInvocationCompletionTest" time="0"/>
  <testcase name="testNoReceiver - 10" classname="org.eclipse.jdt.core.tests.compiler.parser.MethodInvocationCompletionTest" time="0"/>
  <testcase name="testSpaceThenFirstParameter - 10" classname="org.eclipse.jdt.core.tests.compiler.parser.MethodInvocationCompletionTest" time="0"/>
  <testcase name="testWithExpressionReceiver - 10" classname="org.eclipse.jdt.core.tests.compiler.parser.MethodInvocationCompletionTest" time="0"/>
  <testcase name="testWithNameReceiver - 10" classname="org.eclipse.jdt.core.tests.compiler.parser.MethodInvocationCompletionTest" time="0"/>
  <testcase name="testWithNameReceiverAfterConditionalExpression - 10" classname="org.eclipse.jdt.core.tests.compiler.parser.MethodInvocationCompletionTest" time="0"/>
  <testcase name="testWithNameReceiverAndTwoArgs - 10" classname="org.eclipse.jdt.core.tests.compiler.parser.MethodInvocationCompletionTest" time="0"/>
  <testcase name="testWithQualifiedNameReceiver - 10" classname="org.eclipse.jdt.core.tests.compiler.parser.MethodInvocationCompletionTest" time="0"/>
  <testcase name="test1FTZ849 - 10" classname="org.eclipse.jdt.core.tests.compiler.parser.NameReferenceCompletionTest" time="0"/>
  <testcase name="test1FUUP73 - 10" classname="org.eclipse.jdt.core.tests.compiler.parser.NameReferenceCompletionTest" time="0.001"/>
  <testcase name="test1FVRQQA_1 - 10" classname="org.eclipse.jdt.core.tests.compiler.parser.NameReferenceCompletionTest" time="0"/>
  <testcase name="test1FVRQQA_2 - 10" classname="org.eclipse.jdt.core.tests.compiler.parser.NameReferenceCompletionTest" time="0"/>
  <testcase name="test1FVT66Q_1 - 10" classname="org.eclipse.jdt.core.tests.compiler.parser.NameReferenceCompletionTest" time="0"/>
  <testcase name="test1FVT66Q_2 - 10" classname="org.eclipse.jdt.core.tests.compiler.parser.NameReferenceCompletionTest" time="0.001"/>
  <testcase name="test1G8DE30 - 10" classname="org.eclipse.jdt.core.tests.compiler.parser.NameReferenceCompletionTest" time="0"/>
  <testcase name="testEmptyNameReference - 10" classname="org.eclipse.jdt.core.tests.compiler.parser.NameReferenceCompletionTest" time="0"/>
  <testcase name="testEmptyNameReferenceAfterCast - 10" classname="org.eclipse.jdt.core.tests.compiler.parser.NameReferenceCompletionTest" time="0"/>
  <testcase name="testEmptyNameReferenceAfterPlus - 10" classname="org.eclipse.jdt.core.tests.compiler.parser.NameReferenceCompletionTest" time="0.001"/>
  <testcase name="testEmptyNameReferenceInArrayDim - 10" classname="org.eclipse.jdt.core.tests.compiler.parser.NameReferenceCompletionTest" time="0"/>
  <testcase name="testEmptyNameReferenceInInnerClass - 10" classname="org.eclipse.jdt.core.tests.compiler.parser.NameReferenceCompletionTest" time="0"/>
  <testcase name="testInIfThenStatement - 10" classname="org.eclipse.jdt.core.tests.compiler.parser.NameReferenceCompletionTest" time="0"/>
  <testcase name="testInnerClassFieldInitializer - 10" classname="org.eclipse.jdt.core.tests.compiler.parser.NameReferenceCompletionTest" time="0.001"/>
  <testcase name="testInvocationFieldInitializer - 10" classname="org.eclipse.jdt.core.tests.compiler.parser.NameReferenceCompletionTest" time="0"/>
  <testcase name="testMethodInvocationAnonymousInnerClass - 10" classname="org.eclipse.jdt.core.tests.compiler.parser.NameReferenceCompletionTest" time="0"/>
  <testcase name="testQualifiedNameReferenceShrinkAll - 10" classname="org.eclipse.jdt.core.tests.compiler.parser.NameReferenceCompletionTest" time="0"/>
  <testcase name="testQualifiedNameReferenceShrinkAllButOne - 10" classname="org.eclipse.jdt.core.tests.compiler.parser.NameReferenceCompletionTest" time="0"/>
  <testcase name="testQualifiedNameReferenceShrinkAllButOne2 - 10" classname="org.eclipse.jdt.core.tests.compiler.parser.NameReferenceCompletionTest" time="0"/>
  <testcase name="testQualifiedNameReferenceShrinkNone - 10" classname="org.eclipse.jdt.core.tests.compiler.parser.NameReferenceCompletionTest" time="0"/>
  <testcase name="testQualifiedNameReferenceShrinkNone2 - 10" classname="org.eclipse.jdt.core.tests.compiler.parser.NameReferenceCompletionTest" time="0"/>
  <testcase name="testQualifiedNameReferenceShrinkOne - 10" classname="org.eclipse.jdt.core.tests.compiler.parser.NameReferenceCompletionTest" time="0"/>
  <testcase name="testQualifiedNameReferenceShrinkOne2 - 10" classname="org.eclipse.jdt.core.tests.compiler.parser.NameReferenceCompletionTest" time="0.001"/>
  <testcase name="testUnicode - 10" classname="org.eclipse.jdt.core.tests.compiler.parser.NameReferenceCompletionTest" time="0"/>
  <testcase name="test1FTZCIG - 10" classname="org.eclipse.jdt.core.tests.compiler.parser.ReferenceTypeCompletionTest" time="0"/>
  <testcase name="testCatchClause1 - 10" classname="org.eclipse.jdt.core.tests.compiler.parser.ReferenceTypeCompletionTest" time="0"/>
  <testcase name="testCatchClause2 - 10" classname="org.eclipse.jdt.core.tests.compiler.parser.ReferenceTypeCompletionTest" time="0"/>
  <testcase name="testCatchClause3 - 10" classname="org.eclipse.jdt.core.tests.compiler.parser.ReferenceTypeCompletionTest" time="0"/>
  <testcase name="testClassBody - 10" classname="org.eclipse.jdt.core.tests.compiler.parser.ReferenceTypeCompletionTest" time="0.001"/>
  <testcase name="testClassBodyDeclarations - 10" classname="org.eclipse.jdt.core.tests.compiler.parser.ReferenceTypeCompletionTest" time="0"/>
  <testcase name="testClassInstanceCreationExpression1 - 10" classname="org.eclipse.jdt.core.tests.compiler.parser.ReferenceTypeCompletionTest" time="0"/>
  <testcase name="testClassInstanceCreationExpression2 - 10" classname="org.eclipse.jdt.core.tests.compiler.parser.ReferenceTypeCompletionTest" time="0"/>
  <testcase name="testClassInstanceCreationExpression3 - 10" classname="org.eclipse.jdt.core.tests.compiler.parser.ReferenceTypeCompletionTest" time="0.001"/>
  <testcase name="testClassInstanceCreationExpression4 - 10" classname="org.eclipse.jdt.core.tests.compiler.parser.ReferenceTypeCompletionTest" time="0"/>
  <testcase name="testClassInstanceCreationExpressionName1 - 10" classname="org.eclipse.jdt.core.tests.compiler.parser.ReferenceTypeCompletionTest" time="0"/>
  <testcase name="testClassInstanceCreationExpressionName2 - 10" classname="org.eclipse.jdt.core.tests.compiler.parser.ReferenceTypeCompletionTest" time="0.001"/>
  <testcase name="testClassInstanceCreationExpressionName3 - 10" classname="org.eclipse.jdt.core.tests.compiler.parser.ReferenceTypeCompletionTest" time="0"/>
  <testcase name="testClassInstanceCreationExpressionName4 - 10" classname="org.eclipse.jdt.core.tests.compiler.parser.ReferenceTypeCompletionTest" time="0"/>
  <testcase name="testClassInstanceCreationExpressionPrimary1 - 10" classname="org.eclipse.jdt.core.tests.compiler.parser.ReferenceTypeCompletionTest" time="0"/>
  <testcase name="testClassInstanceCreationExpressionPrimary2 - 10" classname="org.eclipse.jdt.core.tests.compiler.parser.ReferenceTypeCompletionTest" time="0"/>
  <testcase name="testClassInstanceCreationExpressionPrimary3 - 10" classname="org.eclipse.jdt.core.tests.compiler.parser.ReferenceTypeCompletionTest" time="0.001"/>
  <testcase name="testClassInstanceCreationExpressionPrimary4 - 10" classname="org.eclipse.jdt.core.tests.compiler.parser.ReferenceTypeCompletionTest" time="0"/>
  <testcase name="testClassTypeList - 10" classname="org.eclipse.jdt.core.tests.compiler.parser.ReferenceTypeCompletionTest" time="0"/>
  <testcase name="testConstructorDeclarator - 10" classname="org.eclipse.jdt.core.tests.compiler.parser.ReferenceTypeCompletionTest" time="0"/>
  <testcase name="testDeepReference - 10" classname="org.eclipse.jdt.core.tests.compiler.parser.ReferenceTypeCompletionTest" time="0"/>
  <testcase name="testExtendsClass - 10" classname="org.eclipse.jdt.core.tests.compiler.parser.ReferenceTypeCompletionTest" time="0"/>
  <testcase name="testExtendsInterface - 10" classname="org.eclipse.jdt.core.tests.compiler.parser.ReferenceTypeCompletionTest" time="0"/>
  <testcase name="testFieldDeclarationWithModifiers - 10" classname="org.eclipse.jdt.core.tests.compiler.parser.ReferenceTypeCompletionTest" time="0"/>
  <testcase name="testFieldDeclarationWithoutModifiers - 10" classname="org.eclipse.jdt.core.tests.compiler.parser.ReferenceTypeCompletionTest" time="0"/>
  <testcase name="testFormalParameter - 10" classname="org.eclipse.jdt.core.tests.compiler.parser.ReferenceTypeCompletionTest" time="0"/>
  <testcase name="testFormalParameterList - 10" classname="org.eclipse.jdt.core.tests.compiler.parser.ReferenceTypeCompletionTest" time="0"/>
  <testcase name="testImplements - 10" classname="org.eclipse.jdt.core.tests.compiler.parser.ReferenceTypeCompletionTest" time="0"/>
  <testcase name="testInstanceOf - 10" classname="org.eclipse.jdt.core.tests.compiler.parser.ReferenceTypeCompletionTest" time="0"/>
  <testcase name="testInterfaceBody - 10" classname="org.eclipse.jdt.core.tests.compiler.parser.ReferenceTypeCompletionTest" time="0.001"/>
  <testcase name="testInterfaceMemberDeclarations - 10" classname="org.eclipse.jdt.core.tests.compiler.parser.ReferenceTypeCompletionTest" time="0"/>
  <testcase name="testInterfaceTypeList - 10" classname="org.eclipse.jdt.core.tests.compiler.parser.ReferenceTypeCompletionTest" time="0"/>
  <testcase name="testLocalVariableDeclaration - 10" classname="org.eclipse.jdt.core.tests.compiler.parser.ReferenceTypeCompletionTest" time="0.001"/>
  <testcase name="testMethodDeclarator - 10" classname="org.eclipse.jdt.core.tests.compiler.parser.ReferenceTypeCompletionTest" time="0"/>
  <testcase name="testMethodHeaderWithModifiers - 10" classname="org.eclipse.jdt.core.tests.compiler.parser.ReferenceTypeCompletionTest" time="0"/>
  <testcase name="testMethodHeaderWithoutModifiers - 10" classname="org.eclipse.jdt.core.tests.compiler.parser.ReferenceTypeCompletionTest" time="0"/>
  <testcase name="testQualifiedTypeReferenceShrinkAll - 10" classname="org.eclipse.jdt.core.tests.compiler.parser.ReferenceTypeCompletionTest" time="0"/>
  <testcase name="testQualifiedTypeReferenceShrinkAllButOne - 10" classname="org.eclipse.jdt.core.tests.compiler.parser.ReferenceTypeCompletionTest" time="0"/>
  <testcase name="testQualifiedTypeReferenceShrinkNone - 10" classname="org.eclipse.jdt.core.tests.compiler.parser.ReferenceTypeCompletionTest" time="0"/>
  <testcase name="testQualifiedTypeReferenceShrinkOne - 10" classname="org.eclipse.jdt.core.tests.compiler.parser.ReferenceTypeCompletionTest" time="0"/>
  <testcase name="testThrows - 10" classname="org.eclipse.jdt.core.tests.compiler.parser.ReferenceTypeCompletionTest" time="0"/>
  <testcase name="testNameSuper - 10" classname="org.eclipse.jdt.core.tests.compiler.parser.ExplicitConstructorInvocationSelectionTest" time="0.001"/>
  <testcase name="testNameThis - 10" classname="org.eclipse.jdt.core.tests.compiler.parser.ExplicitConstructorInvocationSelectionTest" time="0"/>
  <testcase name="testBug30946 - 10" classname="org.eclipse.jdt.core.tests.compiler.parser.SelectionTest2" time="1.006"/>
  <testcase name="test100 - 10" classname="org.eclipse.jdt.core.tests.compiler.parser.DietRecoveryTest" time="0.003"/>
  <testcase name="test102 - 10" classname="org.eclipse.jdt.core.tests.compiler.parser.DietRecoveryTest" time="0.011"/>
  <testcase name="test103 - 10" classname="org.eclipse.jdt.core.tests.compiler.parser.DietRecoveryTest" time="0.003"/>
  <testcase name="test104 - 10" classname="org.eclipse.jdt.core.tests.compiler.parser.DietRecoveryTest" time="0.007"/>
  <testcase name="test105 - 10" classname="org.eclipse.jdt.core.tests.compiler.parser.DietRecoveryTest" time="0.002"/>
  <testcase name="test106 - 10" classname="org.eclipse.jdt.core.tests.compiler.parser.DietRecoveryTest" time="0"/>
  <testcase name="test107 - 10" classname="org.eclipse.jdt.core.tests.compiler.parser.DietRecoveryTest" time="0.002"/>
  <testcase name="test108 - 10" classname="org.eclipse.jdt.core.tests.compiler.parser.DietRecoveryTest" time="0.002"/>
  <testcase name="test109 - 10" classname="org.eclipse.jdt.core.tests.compiler.parser.DietRecoveryTest" time="0.002"/>
  <testcase name="test110 - 10" classname="org.eclipse.jdt.core.tests.compiler.parser.DietRecoveryTest" time="0.002"/>
  <testcase name="test111 - 10" classname="org.eclipse.jdt.core.tests.compiler.parser.DietRecoveryTest" time="0.001"/>
  <testcase name="test112 - 10" classname="org.eclipse.jdt.core.tests.compiler.parser.DietRecoveryTest" time="0.004"/>
  <testcase name="test113 - 10" classname="org.eclipse.jdt.core.tests.compiler.parser.DietRecoveryTest" time="0.002"/>
  <testcase name="test114 - 10" classname="org.eclipse.jdt.core.tests.compiler.parser.DietRecoveryTest" time="0.001"/>
  <testcase name="test115 - 10" classname="org.eclipse.jdt.core.tests.compiler.parser.DietRecoveryTest" time="0.001"/>
  <testcase name="test116 - 10" classname="org.eclipse.jdt.core.tests.compiler.parser.DietRecoveryTest" time="0.002"/>
  <testcase name="test117 - 10" classname="org.eclipse.jdt.core.tests.compiler.parser.DietRecoveryTest" time="0.002"/>
  <testcase name="test117_2 - 10" classname="org.eclipse.jdt.core.tests.compiler.parser.DietRecoveryTest" time="0.002"/>
  <testcase name="test118 - 10" classname="org.eclipse.jdt.core.tests.compiler.parser.DietRecoveryTest" time="0.001"/>
  <testcase name="test119 - 10" classname="org.eclipse.jdt.core.tests.compiler.parser.DietRecoveryTest" time="0.002"/>
  <testcase name="test120 - 10" classname="org.eclipse.jdt.core.tests.compiler.parser.DietRecoveryTest" time="0.002"/>
  <testcase name="test121 - 10" classname="org.eclipse.jdt.core.tests.compiler.parser.DietRecoveryTest" time="0.001"/>
  <testcase name="test122 - 10" classname="org.eclipse.jdt.core.tests.compiler.parser.DietRecoveryTest" time="0.002"/>
  <testcase name="test123 - 10" classname="org.eclipse.jdt.core.tests.compiler.parser.DietRecoveryTest" time="0.002"/>
  <testcase name="test125 - 10" classname="org.eclipse.jdt.core.tests.compiler.parser.DietRecoveryTest" time="2.886"/>
  <testcase name="test126 - 10" classname="org.eclipse.jdt.core.tests.compiler.parser.DietRecoveryTest" time="0.001"/>
  <testcase name="test127 - 10" classname="org.eclipse.jdt.core.tests.compiler.parser.DietRecoveryTest" time="0"/>
  <testcase name="test128 - 10" classname="org.eclipse.jdt.core.tests.compiler.parser.DietRecoveryTest" time="0.003"/>
  <testcase name="test405778 - 10" classname="org.eclipse.jdt.core.tests.compiler.parser.DietRecoveryTest" time="0.001"/>
  <testcase name="test405778a - 10" classname="org.eclipse.jdt.core.tests.compiler.parser.DietRecoveryTest" time="0.002"/>
  <testcase name="test456861 - 10" classname="org.eclipse.jdt.core.tests.compiler.parser.DietRecoveryTest" time="0.002"/>
  <testcase name="test56 - 10" classname="org.eclipse.jdt.core.tests.compiler.parser.DietRecoveryTest" time="0.003"/>
  <testcase name="test56 - 10" classname="org.eclipse.jdt.core.tests.compiler.parser.SourceElementParserTest" time="0"/>
  <testcase name="test57 - 10" classname="org.eclipse.jdt.core.tests.compiler.parser.DietRecoveryTest" time="0.003"/>
  <testcase name="test57 - 10" classname="org.eclipse.jdt.core.tests.compiler.parser.SourceElementParserTest" time="0.001"/>
  <testcase name="test58 - 10" classname="org.eclipse.jdt.core.tests.compiler.parser.DietRecoveryTest" time="0.001"/>
  <testcase name="test58 - 10" classname="org.eclipse.jdt.core.tests.compiler.parser.SourceElementParserTest" time="0"/>
  <testcase name="test59 - 10" classname="org.eclipse.jdt.core.tests.compiler.parser.DietRecoveryTest" time="0.001"/>
  <testcase name="test59 - 10" classname="org.eclipse.jdt.core.tests.compiler.parser.SourceElementParserTest" time="0"/>
  <testcase name="test60 - 10" classname="org.eclipse.jdt.core.tests.compiler.parser.DietRecoveryTest" time="0.002"/>
  <testcase name="test60 - 10" classname="org.eclipse.jdt.core.tests.compiler.parser.SourceElementParserTest" time="0"/>
  <testcase name="test61 - 10" classname="org.eclipse.jdt.core.tests.compiler.parser.DietRecoveryTest" time="0.002"/>
  <testcase name="test61 - 10" classname="org.eclipse.jdt.core.tests.compiler.parser.SourceElementParserTest" time="0"/>
  <testcase name="test62 - 10" classname="org.eclipse.jdt.core.tests.compiler.parser.DietRecoveryTest" time="0.002"/>
  <testcase name="test62 - 10" classname="org.eclipse.jdt.core.tests.compiler.parser.SourceElementParserTest" time="0.001"/>
  <testcase name="test63 - 10" classname="org.eclipse.jdt.core.tests.compiler.parser.DietRecoveryTest" time="0.001"/>
  <testcase name="test63 - 10" classname="org.eclipse.jdt.core.tests.compiler.parser.SourceElementParserTest" time="0"/>
  <testcase name="test64 - 10" classname="org.eclipse.jdt.core.tests.compiler.parser.DietRecoveryTest" time="0.003"/>
  <testcase name="test64 - 10" classname="org.eclipse.jdt.core.tests.compiler.parser.SourceElementParserTest" time="0.001"/>
  <testcase name="test65 - 10" classname="org.eclipse.jdt.core.tests.compiler.parser.DietRecoveryTest" time="0.003"/>
  <testcase name="test65 - 10" classname="org.eclipse.jdt.core.tests.compiler.parser.SourceElementParserTest" time="0"/>
  <testcase name="test66 - 10" classname="org.eclipse.jdt.core.tests.compiler.parser.DietRecoveryTest" time="0.001"/>
  <testcase name="test66 - 10" classname="org.eclipse.jdt.core.tests.compiler.parser.SourceElementParserTest" time="0"/>
  <testcase name="test67 - 10" classname="org.eclipse.jdt.core.tests.compiler.parser.DietRecoveryTest" time="0.002"/>
  <testcase name="test67 - 10" classname="org.eclipse.jdt.core.tests.compiler.parser.SourceElementParserTest" time="0"/>
  <testcase name="test68 - 10" classname="org.eclipse.jdt.core.tests.compiler.parser.DietRecoveryTest" time="0"/>
  <testcase name="test68 - 10" classname="org.eclipse.jdt.core.tests.compiler.parser.SourceElementParserTest" time="0"/>
  <testcase name="test69 - 10" classname="org.eclipse.jdt.core.tests.compiler.parser.DietRecoveryTest" time="0.002"/>
  <testcase name="test69 - 10" classname="org.eclipse.jdt.core.tests.compiler.parser.SourceElementParserTest" time="0"/>
  <testcase name="test70 - 10" classname="org.eclipse.jdt.core.tests.compiler.parser.DietRecoveryTest" time="0.002"/>
  <testcase name="test70 - 10" classname="org.eclipse.jdt.core.tests.compiler.parser.SourceElementParserTest" time="0"/>
  <testcase name="test71 - 10" classname="org.eclipse.jdt.core.tests.compiler.parser.DietRecoveryTest" time="0.001"/>
  <testcase name="test71 - 10" classname="org.eclipse.jdt.core.tests.compiler.parser.SourceElementParserTest" time="0"/>
  <testcase name="test72 - 10" classname="org.eclipse.jdt.core.tests.compiler.parser.DietRecoveryTest" time="0"/>
  <testcase name="test72 - 10" classname="org.eclipse.jdt.core.tests.compiler.parser.SourceElementParserTest" time="0"/>
  <testcase name="test73 - 10" classname="org.eclipse.jdt.core.tests.compiler.parser.DietRecoveryTest" time="0.003"/>
  <testcase name="test73 - 10" classname="org.eclipse.jdt.core.tests.compiler.parser.SourceElementParserTest" time="0"/>
  <testcase name="test74 - 10" classname="org.eclipse.jdt.core.tests.compiler.parser.DietRecoveryTest" time="0.002"/>
  <testcase name="test74 - 10" classname="org.eclipse.jdt.core.tests.compiler.parser.SourceElementParserTest" time="0"/>
  <testcase name="test75 - 10" classname="org.eclipse.jdt.core.tests.compiler.parser.DietRecoveryTest" time="0.006"/>
  <testcase name="test75 - 10" classname="org.eclipse.jdt.core.tests.compiler.parser.SourceElementParserTest" time="0.001"/>
  <testcase name="test76 - 10" classname="org.eclipse.jdt.core.tests.compiler.parser.DietRecoveryTest" time="0.003"/>
  <testcase name="test76 - 10" classname="org.eclipse.jdt.core.tests.compiler.parser.SourceElementParserTest" time="0"/>
  <testcase name="test77 - 10" classname="org.eclipse.jdt.core.tests.compiler.parser.DietRecoveryTest" time="0.003"/>
  <testcase name="test78 - 10" classname="org.eclipse.jdt.core.tests.compiler.parser.DietRecoveryTest" time="0.003"/>
  <testcase name="test79 - 10" classname="org.eclipse.jdt.core.tests.compiler.parser.DietRecoveryTest" time="0.003"/>
  <testcase name="test80 - 10" classname="org.eclipse.jdt.core.tests.compiler.parser.DietRecoveryTest" time="0.002"/>
  <testcase name="test81 - 10" classname="org.eclipse.jdt.core.tests.compiler.parser.DietRecoveryTest" time="0.002"/>
  <testcase name="test81 - 10" classname="org.eclipse.jdt.core.tests.compiler.parser.SourceElementParserTest" time="0"/>
  <testcase name="test82 - 10" classname="org.eclipse.jdt.core.tests.compiler.parser.DietRecoveryTest" time="0.002"/>
  <testcase name="test83 - 10" classname="org.eclipse.jdt.core.tests.compiler.parser.DietRecoveryTest" time="0.001"/>
  <testcase name="test84 - 10" classname="org.eclipse.jdt.core.tests.compiler.parser.DietRecoveryTest" time="0.001"/>
  <testcase name="test85 - 10" classname="org.eclipse.jdt.core.tests.compiler.parser.DietRecoveryTest" time="0.002"/>
  <testcase name="test86 - 10" classname="org.eclipse.jdt.core.tests.compiler.parser.DietRecoveryTest" time="0.001"/>
  <testcase name="test87 - 10" classname="org.eclipse.jdt.core.tests.compiler.parser.DietRecoveryTest" time="0.002"/>
  <testcase name="test88 - 10" classname="org.eclipse.jdt.core.tests.compiler.parser.DietRecoveryTest" time="0.003"/>
  <testcase name="test89 - 10" classname="org.eclipse.jdt.core.tests.compiler.parser.DietRecoveryTest" time="0.003"/>
  <testcase name="test90 - 10" classname="org.eclipse.jdt.core.tests.compiler.parser.DietRecoveryTest" time="0.004"/>
  <testcase name="test91 - 10" classname="org.eclipse.jdt.core.tests.compiler.parser.DietRecoveryTest" time="0.001"/>
  <testcase name="test92 - 10" classname="org.eclipse.jdt.core.tests.compiler.parser.DietRecoveryTest" time="0.001"/>
  <testcase name="test93 - 10" classname="org.eclipse.jdt.core.tests.compiler.parser.DietRecoveryTest" time="0.001"/>
  <testcase name="test94 - 10" classname="org.eclipse.jdt.core.tests.compiler.parser.DietRecoveryTest" time="0.005"/>
  <testcase name="test95 - 10" classname="org.eclipse.jdt.core.tests.compiler.parser.DietRecoveryTest" time="0.001"/>
  <testcase name="test96 - 10" classname="org.eclipse.jdt.core.tests.compiler.parser.DietRecoveryTest" time="0.001"/>
  <testcase name="test97 - 10" classname="org.eclipse.jdt.core.tests.compiler.parser.DietRecoveryTest" time="0.001"/>
  <testcase name="test98 - 10" classname="org.eclipse.jdt.core.tests.compiler.parser.DietRecoveryTest" time="0.003"/>
  <testcase name="test99 - 10" classname="org.eclipse.jdt.core.tests.compiler.parser.DietRecoveryTest" time="0.019"/>
  <testcase name="test0021 - 10" classname="org.eclipse.jdt.core.tests.compiler.parser.StatementRecoveryTest" time="0.001"/>
  <testcase name="test0021 - 10" classname="org.eclipse.jdt.core.tests.compiler.parser.ComplianceDiagnoseTest" time="0.001"/>
  <testcase name="test0021 - 10" classname="org.eclipse.jdt.core.tests.compiler.parser.GenericsCompletionParserTest" time="0.001"/>
  <testcase name="test0021 - 10" classname="org.eclipse.jdt.core.tests.compiler.parser.AnnotationCompletionParserTest" time="0"/>
  <testcase name="test0021 - 10" classname="org.eclipse.jdt.core.tests.compiler.parser.GenericsSelectionTest" time="0"/>
  <testcase name="test0021 - 10" classname="org.eclipse.jdt.core.tests.compiler.parser.GenericDietRecoveryTest" time="0.003"/>
  <testcase name="test0021 - 10" classname="org.eclipse.jdt.core.tests.compiler.parser.AnnotationDietRecoveryTest" time="0.002"/>
  <testcase name="test0021 - 10" classname="org.eclipse.jdt.core.tests.compiler.parser.TypeAnnotationSyntaxTest" time="0.001"/>
  <testcase name="test0021 - 10" classname="org.eclipse.jdt.core.tests.compiler.parser.ModuleDeclarationSyntaxTest" time="0"/>
  <testcase name="test0023 - 10" classname="org.eclipse.jdt.core.tests.compiler.parser.StatementRecoveryTest" time="0.001"/>
  <testcase name="test0023 - 10" classname="org.eclipse.jdt.core.tests.compiler.parser.ComplianceDiagnoseTest" time="0.001"/>
  <testcase name="test0023 - 10" classname="org.eclipse.jdt.core.tests.compiler.parser.GenericsCompletionParserTest" time="0"/>
  <testcase name="test0023 - 10" classname="org.eclipse.jdt.core.tests.compiler.parser.AnnotationCompletionParserTest" time="0"/>
  <testcase name="test0023 - 10" classname="org.eclipse.jdt.core.tests.compiler.parser.GenericsSelectionTest" time="0.001"/>
  <testcase name="test0023 - 10" classname="org.eclipse.jdt.core.tests.compiler.parser.GenericDietRecoveryTest" time="0.002"/>
  <testcase name="test0023 - 10" classname="org.eclipse.jdt.core.tests.compiler.parser.AnnotationDietRecoveryTest" time="0.003"/>
  <testcase name="test0023 - 10" classname="org.eclipse.jdt.core.tests.compiler.parser.TypeAnnotationSyntaxTest" time="0"/>
  <testcase name="test0023 - 10" classname="org.eclipse.jdt.core.tests.compiler.parser.ModuleDeclarationSyntaxTest" time="0"/>
  <testcase name="test0024 - 10" classname="org.eclipse.jdt.core.tests.compiler.parser.StatementRecoveryTest" time="0.002"/>
  <testcase name="test0024 - 10" classname="org.eclipse.jdt.core.tests.compiler.parser.GenericsCompletionParserTest" time="0"/>
  <testcase name="test0024 - 10" classname="org.eclipse.jdt.core.tests.compiler.parser.GenericsSelectionTest" time="0"/>
  <testcase name="test0024 - 10" classname="org.eclipse.jdt.core.tests.compiler.parser.GenericDietRecoveryTest" time="0.001"/>
  <testcase name="test0024 - 10" classname="org.eclipse.jdt.core.tests.compiler.parser.AnnotationDietRecoveryTest" time="0.003"/>
  <testcase name="test0024 - 10" classname="org.eclipse.jdt.core.tests.compiler.parser.TypeAnnotationSyntaxTest" time="0"/>
  <testcase name="test0024 - 10" classname="org.eclipse.jdt.core.tests.compiler.parser.ModuleDeclarationSyntaxTest" time="0"/>
  <testcase name="test0026 - 10" classname="org.eclipse.jdt.core.tests.compiler.parser.StatementRecoveryTest" time="0.001"/>
  <testcase name="test0026 - 10" classname="org.eclipse.jdt.core.tests.compiler.parser.ComplianceDiagnoseTest" time="0.001"/>
  <testcase name="test0026 - 10" classname="org.eclipse.jdt.core.tests.compiler.parser.GenericsCompletionParserTest" time="0"/>
  <testcase name="test0026 - 10" classname="org.eclipse.jdt.core.tests.compiler.parser.AnnotationCompletionParserTest" time="0"/>
  <testcase name="test0026 - 10" classname="org.eclipse.jdt.core.tests.compiler.parser.GenericDietRecoveryTest" time="0.003"/>
  <testcase name="test0026 - 10" classname="org.eclipse.jdt.core.tests.compiler.parser.AnnotationDietRecoveryTest" time="0.001"/>
  <testcase name="test0026 - 10" classname="org.eclipse.jdt.core.tests.compiler.parser.TypeAnnotationSyntaxTest" time="0"/>
  <testcase name="test0026 - 10" classname="org.eclipse.jdt.core.tests.compiler.parser.ModuleDeclarationSyntaxTest" time="0.001"/>
  <testcase name="test0027 - 10" classname="org.eclipse.jdt.core.tests.compiler.parser.StatementRecoveryTest" time="0.001"/>
  <testcase name="test0027 - 10" classname="org.eclipse.jdt.core.tests.compiler.parser.ComplianceDiagnoseTest" time="0.001"/>
  <testcase name="test0027 - 10" classname="org.eclipse.jdt.core.tests.compiler.parser.GenericsCompletionParserTest" time="0"/>
  <testcase name="test0027 - 10" classname="org.eclipse.jdt.core.tests.compiler.parser.AnnotationCompletionParserTest" time="0"/>
  <testcase name="test0027 - 10" classname="org.eclipse.jdt.core.tests.compiler.parser.AnnotationDietRecoveryTest" time="0.001"/>
  <testcase name="test0027 - 10" classname="org.eclipse.jdt.core.tests.compiler.parser.TypeAnnotationSyntaxTest" time="0"/>
  <testcase name="test0027 - 10" classname="org.eclipse.jdt.core.tests.compiler.parser.ModuleDeclarationSyntaxTest" time="0"/>
  <testcase name="test0038 - 10" classname="org.eclipse.jdt.core.tests.compiler.parser.StatementRecoveryTest" time="0.002"/>
  <testcase name="test0038 - 10" classname="org.eclipse.jdt.core.tests.compiler.parser.ComplianceDiagnoseTest" time="0"/>
  <testcase name="test0038 - 10" classname="org.eclipse.jdt.core.tests.compiler.parser.AnnotationCompletionParserTest" time="0"/>
  <testcase name="test0038 - 10" classname="org.eclipse.jdt.core.tests.compiler.parser.AnnotationDietRecoveryTest" time="0.002"/>
  <testcase name="test0038 - 10" classname="org.eclipse.jdt.core.tests.compiler.parser.TypeAnnotationSyntaxTest" time="0.001"/>
  <testcase name="test0039 - 10" classname="org.eclipse.jdt.core.tests.compiler.parser.StatementRecoveryTest" time="0.001"/>
  <testcase name="test0039 - 10" classname="org.eclipse.jdt.core.tests.compiler.parser.ComplianceDiagnoseTest" time="0"/>
  <testcase name="test0039 - 10" classname="org.eclipse.jdt.core.tests.compiler.parser.AnnotationCompletionParserTest" time="0"/>
  <testcase name="test0039 - 10" classname="org.eclipse.jdt.core.tests.compiler.parser.AnnotationDietRecoveryTest" time="0"/>
  <testcase name="test0039 - 10" classname="org.eclipse.jdt.core.tests.compiler.parser.TypeAnnotationSyntaxTest" time="0"/>
  <testcase name="test0041 - 10" classname="org.eclipse.jdt.core.tests.compiler.parser.StatementRecoveryTest" time="0.003"/>
  <testcase name="test0041 - 10" classname="org.eclipse.jdt.core.tests.compiler.parser.ComplianceDiagnoseTest" time="0"/>
  <testcase name="test0041 - 10" classname="org.eclipse.jdt.core.tests.compiler.parser.AnnotationDietRecoveryTest" time="0.002"/>
  <testcase name="test0041 - 10" classname="org.eclipse.jdt.core.tests.compiler.parser.TypeAnnotationSyntaxTest" time="0.001"/>
  <testcase name="test0042 - 10" classname="org.eclipse.jdt.core.tests.compiler.parser.StatementRecoveryTest" time="0.001"/>
  <testcase name="test0042 - 10" classname="org.eclipse.jdt.core.tests.compiler.parser.ComplianceDiagnoseTest" time="0.002"/>
  <testcase name="test0042 - 10" classname="org.eclipse.jdt.core.tests.compiler.parser.AnnotationCompletionParserTest" time="0"/>
  <testcase name="test0042 - 10" classname="org.eclipse.jdt.core.tests.compiler.parser.TypeAnnotationSyntaxTest" time="0"/>
  <testcase name="test0044 - 10" classname="org.eclipse.jdt.core.tests.compiler.parser.StatementRecoveryTest" time="0.001"/>
  <testcase name="test0044 - 10" classname="org.eclipse.jdt.core.tests.compiler.parser.ComplianceDiagnoseTest" time="0.001"/>
  <testcase name="test0044 - 10" classname="org.eclipse.jdt.core.tests.compiler.parser.AnnotationCompletionParserTest" time="0.001"/>
  <testcase name="test0044 - 10" classname="org.eclipse.jdt.core.tests.compiler.parser.TypeAnnotationSyntaxTest" time="0.001"/>
  <testcase name="test0045 - 10" classname="org.eclipse.jdt.core.tests.compiler.parser.StatementRecoveryTest" time="0.001"/>
  <testcase name="test0045 - 10" classname="org.eclipse.jdt.core.tests.compiler.parser.ComplianceDiagnoseTest" time="0.001"/>
  <testcase name="test0045 - 10" classname="org.eclipse.jdt.core.tests.compiler.parser.AnnotationCompletionParserTest" time="0"/>
  <testcase name="test0045 - 10" classname="org.eclipse.jdt.core.tests.compiler.parser.TypeAnnotationSyntaxTest" time="0.001"/>
  <testcase name="testBug430336 - 10" classname="org.eclipse.jdt.core.tests.compiler.parser.StatementRecoveryTest" time="0.001"/>
  <testcase name="testBug99662 - 10" classname="org.eclipse.jdt.core.tests.compiler.parser.SourceElementParserTest" time="0.001"/>
  <testcase name="test018 - 10" classname="org.eclipse.jdt.core.tests.compiler.parser.ParserTest" time="0"/>
  <testcase name="test019 - 10" classname="org.eclipse.jdt.core.tests.compiler.parser.ParserTest" time="0.001"/>
  <testcase name="testBug485477 - 10" classname="org.eclipse.jdt.core.tests.compiler.parser.ParserTest" time="0.001"/>
  <testcase name="test0056 - 10" classname="org.eclipse.jdt.core.tests.compiler.parser.ComplianceDiagnoseTest" time="0.001"/>
  <testcase name="test0056 - 10" classname="org.eclipse.jdt.core.tests.compiler.parser.AnnotationCompletionParserTest" time="0"/>
  <testcase name="test0056 - 10" classname="org.eclipse.jdt.core.tests.compiler.parser.TypeAnnotationSyntaxTest" time="0.001"/>
  <testcase name="test0057 - 10" classname="org.eclipse.jdt.core.tests.compiler.parser.ComplianceDiagnoseTest" time="0"/>
  <testcase name="test0057 - 10" classname="org.eclipse.jdt.core.tests.compiler.parser.AnnotationCompletionParserTest" time="0"/>
  <testcase name="test0057 - 10" classname="org.eclipse.jdt.core.tests.compiler.parser.TypeAnnotationSyntaxTest" time="0.001"/>
  <testcase name="test0059 - 10" classname="org.eclipse.jdt.core.tests.compiler.parser.ComplianceDiagnoseTest" time="0"/>
  <testcase name="test0059 - 10" classname="org.eclipse.jdt.core.tests.compiler.parser.GenericsCompletionParserTest" time="0"/>
  <testcase name="test0059 - 10" classname="org.eclipse.jdt.core.tests.compiler.parser.TypeAnnotationSyntaxTest" time="0.001"/>
  <testcase name="test401850 - 10" classname="org.eclipse.jdt.core.tests.compiler.parser.ComplianceDiagnoseTest" time="0.004"/>
  <testcase name="test406846 - 10" classname="org.eclipse.jdt.core.tests.compiler.parser.ComplianceDiagnoseTest" time="0"/>
  <testcase name="test421477 - 10" classname="org.eclipse.jdt.core.tests.compiler.parser.ComplianceDiagnoseTest" time="0.001"/>
  <testcase name="test428605 - 10" classname="org.eclipse.jdt.core.tests.compiler.parser.ComplianceDiagnoseTest" time="0.002"/>
  <testcase name="test429110 - 10" classname="org.eclipse.jdt.core.tests.compiler.parser.ComplianceDiagnoseTest" time="0"/>
  <testcase name="testBug391201 - 10" classname="org.eclipse.jdt.core.tests.compiler.parser.ComplianceDiagnoseTest" time="0"/>
  <testcase name="testBug399773 - 10" classname="org.eclipse.jdt.core.tests.compiler.parser.ComplianceDiagnoseTest" time="0"/>
  <testcase name="testBug399778 - 10" classname="org.eclipse.jdt.core.tests.compiler.parser.ComplianceDiagnoseTest" time="0.004"/>
  <testcase name="testBug399778a - 10" classname="org.eclipse.jdt.core.tests.compiler.parser.ComplianceDiagnoseTest" time="0.004"/>
  <testcase name="testBug399780 - 10" classname="org.eclipse.jdt.core.tests.compiler.parser.ComplianceDiagnoseTest" time="0"/>
  <testcase name="testBug399781 - 10" classname="org.eclipse.jdt.core.tests.compiler.parser.ComplianceDiagnoseTest" time="0.001"/>
  <testcase name="testBug440285 - 10" classname="org.eclipse.jdt.core.tests.compiler.parser.ComplianceDiagnoseTest" time="0.001"/>
  <testcase name="testBug531714_001 - 10" classname="org.eclipse.jdt.core.tests.compiler.parser.ComplianceDiagnoseTest" time="0"/>
  <testcase name="testBug531714_002 - 10" classname="org.eclipse.jdt.core.tests.compiler.parser.ComplianceDiagnoseTest" time="0"/>
  <testcase name="test0049_Diet - 10" classname="org.eclipse.jdt.core.tests.compiler.parser.GenericsCompletionParserTest" time="0"/>
  <testcase name="test0049_Method - 10" classname="org.eclipse.jdt.core.tests.compiler.parser.GenericsCompletionParserTest" time="0"/>
  <testcase name="test0052_Diet - 10" classname="org.eclipse.jdt.core.tests.compiler.parser.GenericsCompletionParserTest" time="0"/>
  <testcase name="test0052_Diet - 10" classname="org.eclipse.jdt.core.tests.compiler.parser.AnnotationCompletionParserTest" time="0"/>
  <testcase name="test0052_Method - 10" classname="org.eclipse.jdt.core.tests.compiler.parser.GenericsCompletionParserTest" time="0.001"/>
  <testcase name="test0052_Method - 10" classname="org.eclipse.jdt.core.tests.compiler.parser.AnnotationCompletionParserTest" time="0.001"/>
  <testcase name="test0080 - 10" classname="org.eclipse.jdt.core.tests.compiler.parser.GenericsCompletionParserTest" time="0"/>
  <testcase name="test0080 - 10" classname="org.eclipse.jdt.core.tests.compiler.parser.AnnotationCompletionParserTest" time="0.001"/>
  <testcase name="test0080 - 10" classname="org.eclipse.jdt.core.tests.compiler.parser.TypeAnnotationSyntaxTest" time="0.001"/>
  <testcase name="test0081 - 10" classname="org.eclipse.jdt.core.tests.compiler.parser.GenericsCompletionParserTest" time="0"/>
  <testcase name="test0081 - 10" classname="org.eclipse.jdt.core.tests.compiler.parser.AnnotationCompletionParserTest" time="0"/>
  <testcase name="test0081 - 10" classname="org.eclipse.jdt.core.tests.compiler.parser.TypeAnnotationSyntaxTest" time="0.001"/>
  <testcase name="test0082 - 10" classname="org.eclipse.jdt.core.tests.compiler.parser.GenericsCompletionParserTest" time="0.001"/>
  <testcase name="test0082 - 10" classname="org.eclipse.jdt.core.tests.compiler.parser.AnnotationCompletionParserTest" time="0"/>
  <testcase name="test0082 - 10" classname="org.eclipse.jdt.core.tests.compiler.parser.TypeAnnotationSyntaxTest" time="0"/>
  <testcase name="test0090 - 10" classname="org.eclipse.jdt.core.tests.compiler.parser.GenericsCompletionParserTest" time="0"/>
  <testcase name="test0090 - 10" classname="org.eclipse.jdt.core.tests.compiler.parser.AnnotationCompletionParserTest" time="0"/>
  <testcase name="test0090 - 10" classname="org.eclipse.jdt.core.tests.compiler.parser.TypeAnnotationSyntaxTest" time="0.001"/>
  <testcase name="test0092 - 10" classname="org.eclipse.jdt.core.tests.compiler.parser.GenericsCompletionParserTest" time="0"/>
  <testcase name="test0092 - 10" classname="org.eclipse.jdt.core.tests.compiler.parser.AnnotationCompletionParserTest" time="0"/>
  <testcase name="test0092 - 10" classname="org.eclipse.jdt.core.tests.compiler.parser.TypeAnnotationSyntaxTest" time="0.001"/>
  <testcase name="test0093 - 10" classname="org.eclipse.jdt.core.tests.compiler.parser.GenericsCompletionParserTest" time="0.001"/>
  <testcase name="test0093 - 10" classname="org.eclipse.jdt.core.tests.compiler.parser.AnnotationCompletionParserTest" time="0"/>
  <testcase name="test0093 - 10" classname="org.eclipse.jdt.core.tests.compiler.parser.TypeAnnotationSyntaxTest" time="0.001"/>
  <testcase name="test0095 - 10" classname="org.eclipse.jdt.core.tests.compiler.parser.GenericsCompletionParserTest" time="0"/>
  <testcase name="test0095 - 10" classname="org.eclipse.jdt.core.tests.compiler.parser.AnnotationCompletionParserTest" time="0"/>
  <testcase name="test0095 - 10" classname="org.eclipse.jdt.core.tests.compiler.parser.TypeAnnotationSyntaxTest" time="0.001"/>
  <testcase name="test0096 - 10" classname="org.eclipse.jdt.core.tests.compiler.parser.GenericsCompletionParserTest" time="0"/>
  <testcase name="test0096 - 10" classname="org.eclipse.jdt.core.tests.compiler.parser.AnnotationCompletionParserTest" time="0"/>
  <testcase name="test0096 - 10" classname="org.eclipse.jdt.core.tests.compiler.parser.TypeAnnotationSyntaxTest" time="0.001"/>
  <testcase name="test0097 - 10" classname="org.eclipse.jdt.core.tests.compiler.parser.GenericsCompletionParserTest" time="0"/>
  <testcase name="test0097 - 10" classname="org.eclipse.jdt.core.tests.compiler.parser.AnnotationCompletionParserTest" time="0"/>
  <testcase name="test0097 - 10" classname="org.eclipse.jdt.core.tests.compiler.parser.TypeAnnotationSyntaxTest" time="0.001"/>
  <testcase name="test0098 - 10" classname="org.eclipse.jdt.core.tests.compiler.parser.GenericsCompletionParserTest" time="0"/>
  <testcase name="test0098 - 10" classname="org.eclipse.jdt.core.tests.compiler.parser.AnnotationCompletionParserTest" time="0"/>
  <testcase name="test0098 - 10" classname="org.eclipse.jdt.core.tests.compiler.parser.TypeAnnotationSyntaxTest" time="0.001"/>
  <testcase name="test0127_Diet - 10" classname="org.eclipse.jdt.core.tests.compiler.parser.GenericsCompletionParserTest" time="0"/>
  <testcase name="test0127_Method - 10" classname="org.eclipse.jdt.core.tests.compiler.parser.GenericsCompletionParserTest" time="0"/>
  <testcase name="test0134_Diet - 10" classname="org.eclipse.jdt.core.tests.compiler.parser.GenericsCompletionParserTest" time="0"/>
  <testcase name="test0134_Method - 10" classname="org.eclipse.jdt.core.tests.compiler.parser.GenericsCompletionParserTest" time="0"/>
  <testcase name="test0136_Diet - 10" classname="org.eclipse.jdt.core.tests.compiler.parser.GenericsCompletionParserTest" time="0"/>
  <testcase name="test0136_Method - 10" classname="org.eclipse.jdt.core.tests.compiler.parser.GenericsCompletionParserTest" time="0.001"/>
  <testcase name="test0139_Diet - 10" classname="org.eclipse.jdt.core.tests.compiler.parser.GenericsCompletionParserTest" time="0"/>
  <testcase name="test0139_Method - 10" classname="org.eclipse.jdt.core.tests.compiler.parser.GenericsCompletionParserTest" time="0"/>
  <testcase name="test0140_Diet - 10" classname="org.eclipse.jdt.core.tests.compiler.parser.GenericsCompletionParserTest" time="0"/>
  <testcase name="test0140_Method - 10" classname="org.eclipse.jdt.core.tests.compiler.parser.GenericsCompletionParserTest" time="0"/>
  <testcase name="test0141_Diet - 10" classname="org.eclipse.jdt.core.tests.compiler.parser.GenericsCompletionParserTest" time="0"/>
  <testcase name="test0141_Method - 10" classname="org.eclipse.jdt.core.tests.compiler.parser.GenericsCompletionParserTest" time="0"/>
  <testcase name="test0159_Diet - 10" classname="org.eclipse.jdt.core.tests.compiler.parser.GenericsCompletionParserTest" time="0"/>
  <testcase name="test0159_Method - 10" classname="org.eclipse.jdt.core.tests.compiler.parser.GenericsCompletionParserTest" time="0"/>
  <testcase name="test0160_Diet - 10" classname="org.eclipse.jdt.core.tests.compiler.parser.GenericsCompletionParserTest" time="0"/>
  <testcase name="test0160_Method - 10" classname="org.eclipse.jdt.core.tests.compiler.parser.GenericsCompletionParserTest" time="0"/>
  <testcase name="test0172_Diet - 10" classname="org.eclipse.jdt.core.tests.compiler.parser.GenericsCompletionParserTest" time="0"/>
  <testcase name="test0172_Method - 10" classname="org.eclipse.jdt.core.tests.compiler.parser.GenericsCompletionParserTest" time="0.001"/>
  <testcase name="test0174_Method - 10" classname="org.eclipse.jdt.core.tests.compiler.parser.GenericsCompletionParserTest" time="0.001"/>
  <testcase name="test0175_Method - 10" classname="org.eclipse.jdt.core.tests.compiler.parser.GenericsCompletionParserTest" time="0"/>
  <testcase name="test0176_Method - 10" classname="org.eclipse.jdt.core.tests.compiler.parser.GenericsCompletionParserTest" time="0"/>
  <testcase name="test0181 - 10" classname="org.eclipse.jdt.core.tests.compiler.parser.GenericsCompletionParserTest" time="0"/>
  <testcase name="test0182 - 10" classname="org.eclipse.jdt.core.tests.compiler.parser.GenericsCompletionParserTest" time="0"/>
  <testcase name="test0183 - 10" classname="org.eclipse.jdt.core.tests.compiler.parser.GenericsCompletionParserTest" time="0"/>
  <testcase name="test0185 - 10" classname="org.eclipse.jdt.core.tests.compiler.parser.GenericsCompletionParserTest" time="0.001"/>
  <testcase name="test0186 - 10" classname="org.eclipse.jdt.core.tests.compiler.parser.GenericsCompletionParserTest" time="0"/>
  <testcase name="test0194_Diet - 10" classname="org.eclipse.jdt.core.tests.compiler.parser.GenericsCompletionParserTest" time="0"/>
  <testcase name="test0194_Method - 10" classname="org.eclipse.jdt.core.tests.compiler.parser.GenericsCompletionParserTest" time="0"/>
  <testcase name="test0195_Diet - 10" classname="org.eclipse.jdt.core.tests.compiler.parser.GenericsCompletionParserTest" time="0.001"/>
  <testcase name="test0195_Method - 10" classname="org.eclipse.jdt.core.tests.compiler.parser.GenericsCompletionParserTest" time="0"/>
  <testcase name="test0202_Diet - 10" classname="org.eclipse.jdt.core.tests.compiler.parser.GenericsCompletionParserTest" time="0"/>
  <testcase name="test0202_Method - 10" classname="org.eclipse.jdt.core.tests.compiler.parser.GenericsCompletionParserTest" time="0"/>
  <testcase name="test0203_Diet - 10" classname="org.eclipse.jdt.core.tests.compiler.parser.GenericsCompletionParserTest" time="0"/>
  <testcase name="test0203_Method - 10" classname="org.eclipse.jdt.core.tests.compiler.parser.GenericsCompletionParserTest" time="0.001"/>
  <testcase name="test0204_Diet - 10" classname="org.eclipse.jdt.core.tests.compiler.parser.GenericsCompletionParserTest" time="0"/>
  <testcase name="test0204_Method - 10" classname="org.eclipse.jdt.core.tests.compiler.parser.GenericsCompletionParserTest" time="0"/>
  <testcase name="test0206_Diet - 10" classname="org.eclipse.jdt.core.tests.compiler.parser.GenericsCompletionParserTest" time="0"/>
  <testcase name="test0206_Method - 10" classname="org.eclipse.jdt.core.tests.compiler.parser.GenericsCompletionParserTest" time="0"/>
  <testcase name="test0207_Diet - 10" classname="org.eclipse.jdt.core.tests.compiler.parser.GenericsCompletionParserTest" time="0"/>
  <testcase name="test0207_Method - 10" classname="org.eclipse.jdt.core.tests.compiler.parser.GenericsCompletionParserTest" time="0.001"/>
  <testcase name="test0208_Diet - 10" classname="org.eclipse.jdt.core.tests.compiler.parser.GenericsCompletionParserTest" time="0"/>
  <testcase name="test0208_Method - 10" classname="org.eclipse.jdt.core.tests.compiler.parser.GenericsCompletionParserTest" time="0"/>
  <testcase name="test0209_Diet - 10" classname="org.eclipse.jdt.core.tests.compiler.parser.GenericsCompletionParserTest" time="0"/>
  <testcase name="test0209_Method - 10" classname="org.eclipse.jdt.core.tests.compiler.parser.GenericsCompletionParserTest" time="0"/>
  <testcase name="test0210_Diet - 10" classname="org.eclipse.jdt.core.tests.compiler.parser.GenericsCompletionParserTest" time="0"/>
  <testcase name="test0210_Method - 10" classname="org.eclipse.jdt.core.tests.compiler.parser.GenericsCompletionParserTest" time="0"/>
  <testcase name="test0213_Diet - 10" classname="org.eclipse.jdt.core.tests.compiler.parser.GenericsCompletionParserTest" time="0"/>
  <testcase name="test0213_Method - 10" classname="org.eclipse.jdt.core.tests.compiler.parser.GenericsCompletionParserTest" time="0"/>
  <testcase name="test0215_Diet - 10" classname="org.eclipse.jdt.core.tests.compiler.parser.GenericsCompletionParserTest" time="0"/>
  <testcase name="test0215_Method - 10" classname="org.eclipse.jdt.core.tests.compiler.parser.GenericsCompletionParserTest" time="0"/>
  <testcase name="testBug351426 - 10" classname="org.eclipse.jdt.core.tests.compiler.parser.GenericsCompletionParserTest" time="0"/>
  <testcase name="testBug351426b - 10" classname="org.eclipse.jdt.core.tests.compiler.parser.GenericsCompletionParserTest" time="0"/>
  <testcase name="testBug351426c - 10" classname="org.eclipse.jdt.core.tests.compiler.parser.GenericsCompletionParserTest" time="0"/>
  <testcase name="test0013_Diet - 10" classname="org.eclipse.jdt.core.tests.compiler.parser.AnnotationCompletionParserTest" time="0"/>
  <testcase name="test0013_Method - 10" classname="org.eclipse.jdt.core.tests.compiler.parser.AnnotationCompletionParserTest" time="0"/>
  <testcase name="test0064_Diet - 10" classname="org.eclipse.jdt.core.tests.compiler.parser.AnnotationCompletionParserTest" time="0"/>
  <testcase name="test0064_Method - 10" classname="org.eclipse.jdt.core.tests.compiler.parser.AnnotationCompletionParserTest" time="0"/>
  <testcase name="test0099 - 10" classname="org.eclipse.jdt.core.tests.compiler.parser.AnnotationCompletionParserTest" time="0"/>
  <testcase name="test0099 - 10" classname="org.eclipse.jdt.core.tests.compiler.parser.TypeAnnotationSyntaxTest" time="0"/>
  <testcase name="test0100 - 10" classname="org.eclipse.jdt.core.tests.compiler.parser.AnnotationCompletionParserTest" time="0"/>
  <testcase name="test0100 - 10" classname="org.eclipse.jdt.core.tests.compiler.parser.TypeAnnotationSyntaxTest" time="0.001"/>
  <testcase name="test00010 - 10" classname="org.eclipse.jdt.core.tests.compiler.parser.LambdaExpressionSyntaxTest" time="0.001"/>
  <testcase name="test385132 - 10" classname="org.eclipse.jdt.core.tests.compiler.parser.LambdaExpressionSyntaxTest" time="0"/>
  <testcase name="test385132 - 10" classname="org.eclipse.jdt.core.tests.compiler.parser.ReferenceExpressionSyntaxTest" time="0"/>
  <testcase name="testNestedLambda01 - 10" classname="org.eclipse.jdt.core.tests.compiler.parser.LambdaExpressionSyntaxTest" time="0"/>
  <testcase name="test385374 - 10" classname="org.eclipse.jdt.core.tests.compiler.parser.ReferenceExpressionSyntaxTest" time="0"/>
  <testcase name="test385374a - 10" classname="org.eclipse.jdt.core.tests.compiler.parser.ReferenceExpressionSyntaxTest" time="0"/>
  <testcase name="test0107 - 10" classname="org.eclipse.jdt.core.tests.compiler.parser.TypeAnnotationSyntaxTest" time="0.001"/>
  <testcase name="test0108 - 10" classname="org.eclipse.jdt.core.tests.compiler.parser.TypeAnnotationSyntaxTest" time="0.001"/>
  <testcase name="test0109 - 10" classname="org.eclipse.jdt.core.tests.compiler.parser.TypeAnnotationSyntaxTest" time="0"/>
  <testcase name="test0110 - 10" classname="org.eclipse.jdt.core.tests.compiler.parser.TypeAnnotationSyntaxTest" time="0"/>
  <testcase name="test402081 - 10" classname="org.eclipse.jdt.core.tests.compiler.parser.CompletionParserTest18" time="0"/>
  <testcase name="test405126 - 10" classname="org.eclipse.jdt.core.tests.compiler.parser.CompletionParserTest18" time="0"/>
  <testcase name="test417935 - 10" classname="org.eclipse.jdt.core.tests.compiler.parser.CompletionParserTest18" time="0"/>
  <testcase name="test422468 - 10" classname="org.eclipse.jdt.core.tests.compiler.parser.CompletionParserTest18" time="0.001"/>
  <testcase name="test424080 - 10" classname="org.eclipse.jdt.core.tests.compiler.parser.CompletionParserTest18" time="0.001"/>
  <testcase name="test425084 - 10" classname="org.eclipse.jdt.core.tests.compiler.parser.CompletionParserTest18" time="0"/>
  <testcase name="test425084b - 10" classname="org.eclipse.jdt.core.tests.compiler.parser.CompletionParserTest18" time="0.001"/>
  <testcase name="test427117 - 10" classname="org.eclipse.jdt.core.tests.compiler.parser.CompletionParserTest18" time="0"/>
  <testcase name="test427255 - 10" classname="org.eclipse.jdt.core.tests.compiler.parser.CompletionParserTest18" time="0"/>
  <testcase name="test427322 - 10" classname="org.eclipse.jdt.core.tests.compiler.parser.CompletionParserTest18" time="0.001"/>
  <testcase name="test427322a - 10" classname="org.eclipse.jdt.core.tests.compiler.parser.CompletionParserTest18" time="0"/>
  <testcase name="test427463 - 10" classname="org.eclipse.jdt.core.tests.compiler.parser.CompletionParserTest18" time="0.001"/>
  <testcase name="test427532 - 10" classname="org.eclipse.jdt.core.tests.compiler.parser.CompletionParserTest18" time="0"/>
  <testcase name="test428735 - 10" classname="org.eclipse.jdt.core.tests.compiler.parser.CompletionParserTest18" time="0"/>
  <testcase name="test428735a - 10" classname="org.eclipse.jdt.core.tests.compiler.parser.CompletionParserTest18" time="0"/>
  <testcase name="test428735b - 10" classname="org.eclipse.jdt.core.tests.compiler.parser.CompletionParserTest18" time="0"/>
  <testcase name="test428735c - 10" classname="org.eclipse.jdt.core.tests.compiler.parser.CompletionParserTest18" time="0.001"/>
  <testcase name="test428735d - 10" classname="org.eclipse.jdt.core.tests.compiler.parser.CompletionParserTest18" time="0"/>
  <testcase name="test428735e - 10" classname="org.eclipse.jdt.core.tests.compiler.parser.CompletionParserTest18" time="0"/>
  <testcase name="test428735f - 10" classname="org.eclipse.jdt.core.tests.compiler.parser.CompletionParserTest18" time="0.001"/>
  <testcase name="test428735g - 10" classname="org.eclipse.jdt.core.tests.compiler.parser.CompletionParserTest18" time="0"/>
  <testcase name="test428735h - 10" classname="org.eclipse.jdt.core.tests.compiler.parser.CompletionParserTest18" time="0.001"/>
  <testcase name="test430656 - 10" classname="org.eclipse.jdt.core.tests.compiler.parser.CompletionParserTest18" time="0"/>
  <testcase name="test430667 - 10" classname="org.eclipse.jdt.core.tests.compiler.parser.CompletionParserTest18" time="0.001"/>
  <testcase name="test430667a - 10" classname="org.eclipse.jdt.core.tests.compiler.parser.CompletionParserTest18" time="0.001"/>
  <testcase name="test430667b - 10" classname="org.eclipse.jdt.core.tests.compiler.parser.CompletionParserTest18" time="0"/>
  <testcase name="test430667c - 10" classname="org.eclipse.jdt.core.tests.compiler.parser.CompletionParserTest18" time="0.001"/>
  <testcase name="test430667d - 10" classname="org.eclipse.jdt.core.tests.compiler.parser.CompletionParserTest18" time="0"/>
  <testcase name="test435219 - 10" classname="org.eclipse.jdt.core.tests.compiler.parser.CompletionParserTest18" time="0"/>
  <testcase name="test435682 - 10" classname="org.eclipse.jdt.core.tests.compiler.parser.CompletionParserTest18" time="0"/>
  <testcase name="test438952 - 10" classname="org.eclipse.jdt.core.tests.compiler.parser.CompletionParserTest18" time="0"/>
  <testcase name="test446765 - 10" classname="org.eclipse.jdt.core.tests.compiler.parser.CompletionParserTest18" time="0"/>
  <testcase name="test473008 - 10" classname="org.eclipse.jdt.core.tests.compiler.parser.CompletionParserTest18" time="0"/>
  <testcase name="testBrokenMethodCall - 10" classname="org.eclipse.jdt.core.tests.compiler.parser.CompletionParserTest18" time="0"/>
  <testcase name="testCompletionLocation - 10" classname="org.eclipse.jdt.core.tests.compiler.parser.CompletionParserTest18" time="0"/>
  <testcase name="testElidedCompletion - 10" classname="org.eclipse.jdt.core.tests.compiler.parser.CompletionParserTest18" time="0.001"/>
  <testcase name="testElidedCompletion2 - 10" classname="org.eclipse.jdt.core.tests.compiler.parser.CompletionParserTest18" time="0"/>
  <testcase name="testLocalsPromotion - 10" classname="org.eclipse.jdt.core.tests.compiler.parser.CompletionParserTest18" time="0.001"/>
  <testcase name="testUnspecifiedReference - 10" classname="org.eclipse.jdt.core.tests.compiler.parser.CompletionParserTest18" time="0"/>
  <testcase name="test424110 - 10" classname="org.eclipse.jdt.core.tests.compiler.parser.SelectionParserTest18" time="0"/>
  <testcase name="test424110a - 10" classname="org.eclipse.jdt.core.tests.compiler.parser.SelectionParserTest18" time="0"/>
  <testcase name="test430572 - 10" classname="org.eclipse.jdt.core.tests.compiler.parser.SelectionParserTest18" time="0.001"/>
  <testcase name="test476693 - 10" classname="org.eclipse.jdt.core.tests.compiler.parser.SelectionParserTest18" time="0"/>
  <testcase name="test495912 - 10" classname="org.eclipse.jdt.core.tests.compiler.parser.SelectionParserTest18" time="0.001"/>
  <testcase name="test495912a - 10" classname="org.eclipse.jdt.core.tests.compiler.parser.SelectionParserTest18" time="0"/>
  <testcase name="test495912b - 10" classname="org.eclipse.jdt.core.tests.compiler.parser.SelectionParserTest18" time="0.001"/>
  <testcase name="test510339_001_since_9 - 10" classname="org.eclipse.jdt.core.tests.compiler.parser.SelectionParserTest9" time="0"/>
  <testcase name="test510339_002_since_9 - 10" classname="org.eclipse.jdt.core.tests.compiler.parser.SelectionParserTest9" time="0"/>
  <testcase name="test510339_003_since_9 - 10" classname="org.eclipse.jdt.core.tests.compiler.parser.SelectionParserTest9" time="0"/>
  <testcase name="test510339_004_since_9 - 10" classname="org.eclipse.jdt.core.tests.compiler.parser.SelectionParserTest9" time="0"/>
  <testcase name="test510339_005_since_9 - 10" classname="org.eclipse.jdt.core.tests.compiler.parser.SelectionParserTest9" time="0"/>
  <testcase name="test510339_006_since_9 - 10" classname="org.eclipse.jdt.core.tests.compiler.parser.SelectionParserTest9" time="0.001"/>
  <testcase name="test510339_007_since_9 - 10" classname="org.eclipse.jdt.core.tests.compiler.parser.SelectionParserTest9" time="0"/>
  <testcase name="test510339_008_since_9 - 10" classname="org.eclipse.jdt.core.tests.compiler.parser.SelectionParserTest9" time="0"/>
  <testcase name="test510339_009_since_9 - 10" classname="org.eclipse.jdt.core.tests.compiler.parser.SelectionParserTest9" time="0"/>
  <testcase name="test510339_010_since_9 - 10" classname="org.eclipse.jdt.core.tests.compiler.parser.SelectionParserTest9" time="0"/>
  <testcase name="test510339_011_since_9 - 10" classname="org.eclipse.jdt.core.tests.compiler.parser.SelectionParserTest9" time="0"/>
  <testcase name="testBug518626 - 10" classname="org.eclipse.jdt.core.tests.compiler.parser.ModuleDeclarationSyntaxTest" time="0"/>
  <testcase name="testbug488541 - 10" classname="org.eclipse.jdt.core.tests.compiler.parser.ModuleDeclarationSyntaxTest" time="0"/>
  <testcase name="testbug488541a - 10" classname="org.eclipse.jdt.core.tests.compiler.parser.ModuleDeclarationSyntaxTest" time="0.001"/>
  <testcase name="testbug488541b - 10" classname="org.eclipse.jdt.core.tests.compiler.parser.ModuleDeclarationSyntaxTest" time="0"/>
  <testcase name="test0001_class_var_warning - 10" classname="org.eclipse.jdt.core.tests.compiler.regression.JEP286ReservedWordTest" time="0.001"/>
  <testcase name="test0002_interface_var_warning - 10" classname="org.eclipse.jdt.core.tests.compiler.regression.JEP286ReservedWordTest" time="0.001"/>
  <testcase name="testBug530920 - 10" classname="org.eclipse.jdt.core.tests.compiler.regression.JEP286ReservedWordTest" time="0.001"/>
  <testcase name="testBug530920a - 10" classname="org.eclipse.jdt.core.tests.compiler.regression.JEP286ReservedWordTest" time="0.001"/>
  <testcase name="testInIfStatement - 11" classname="org.eclipse.jdt.core.tests.compiler.parser.AllocationExpressionCompletionTest" time="0.001"/>
  <testcase name="testInIfStatement - 11" classname="org.eclipse.jdt.core.tests.compiler.parser.MethodInvocationCompletionTest" time="0"/>
  <testcase name="testNoQualificationQualifiedTypeName - 11" classname="org.eclipse.jdt.core.tests.compiler.parser.AllocationExpressionCompletionTest" time="0"/>
  <testcase name="testNoQualificationSimpleTypeName - 11" classname="org.eclipse.jdt.core.tests.compiler.parser.AllocationExpressionCompletionTest" time="0"/>
  <testcase name="testQualifiedWithName - 11" classname="org.eclipse.jdt.core.tests.compiler.parser.AllocationExpressionCompletionTest" time="0"/>
  <testcase name="testQualifiedWithPrimary - 11" classname="org.eclipse.jdt.core.tests.compiler.parser.AllocationExpressionCompletionTest" time="0"/>
  <testcase name="testArrayType - 11" classname="org.eclipse.jdt.core.tests.compiler.parser.ClassLiteralAccessCompletionTest" time="0"/>
  <testcase name="testArrayTypeWithNonEmptyIdentifier - 11" classname="org.eclipse.jdt.core.tests.compiler.parser.ClassLiteralAccessCompletionTest" time="0"/>
  <testcase name="testPrimitiveArrayType - 11" classname="org.eclipse.jdt.core.tests.compiler.parser.ClassLiteralAccessCompletionTest" time="0"/>
  <testcase name="testPrimitiveArrayTypeWithNonEmptyIdentifier - 11" classname="org.eclipse.jdt.core.tests.compiler.parser.ClassLiteralAccessCompletionTest" time="0"/>
  <testcase name="testPrimitiveType - 11" classname="org.eclipse.jdt.core.tests.compiler.parser.ClassLiteralAccessCompletionTest" time="0"/>
  <testcase name="testPrimitiveTypeWithNonEmptyIdentifier - 11" classname="org.eclipse.jdt.core.tests.compiler.parser.ClassLiteralAccessCompletionTest" time="0"/>
  <testcase name="test001 - 11" classname="org.eclipse.jdt.core.tests.compiler.parser.CompletionParserTest" time="0"/>
  <testcase name="test001 - 11" classname="org.eclipse.jdt.core.tests.compiler.parser.JavadocCompletionParserTest" time="0"/>
  <testcase name="test001 - 11" classname="org.eclipse.jdt.core.tests.compiler.parser.ParserTest" time="0.001"/>
  <testcase name="test001 - 11" classname="org.eclipse.jdt.core.tests.compiler.parser.SelectionParserTest10" time="0"/>
  <testcase name="test002 - 11" classname="org.eclipse.jdt.core.tests.compiler.parser.CompletionParserTest" time="0"/>
  <testcase name="test002 - 11" classname="org.eclipse.jdt.core.tests.compiler.parser.JavadocCompletionParserTest" time="0"/>
  <testcase name="test002 - 11" classname="org.eclipse.jdt.core.tests.compiler.parser.ParserTest" time="0"/>
  <testcase name="test002 - 11" classname="org.eclipse.jdt.core.tests.compiler.parser.SelectionParserTest10" time="0"/>
  <testcase name="test003 - 11" classname="org.eclipse.jdt.core.tests.compiler.parser.CompletionParserTest" time="0.001"/>
  <testcase name="test003 - 11" classname="org.eclipse.jdt.core.tests.compiler.parser.JavadocCompletionParserTest" time="0"/>
  <testcase name="test003 - 11" classname="org.eclipse.jdt.core.tests.compiler.parser.ParserTest" time="0.001"/>
  <testcase name="test004 - 11" classname="org.eclipse.jdt.core.tests.compiler.parser.CompletionParserTest" time="0"/>
  <testcase name="test004 - 11" classname="org.eclipse.jdt.core.tests.compiler.parser.JavadocCompletionParserTest" time="0"/>
  <testcase name="test004 - 11" classname="org.eclipse.jdt.core.tests.compiler.parser.ParserTest" time="0"/>
  <testcase name="test005 - 11" classname="org.eclipse.jdt.core.tests.compiler.parser.CompletionParserTest" time="0"/>
  <testcase name="test005 - 11" classname="org.eclipse.jdt.core.tests.compiler.parser.JavadocCompletionParserTest" time="0.001"/>
  <testcase name="test005 - 11" classname="org.eclipse.jdt.core.tests.compiler.parser.ParserTest" time="0.001"/>
  <testcase name="test006 - 11" classname="org.eclipse.jdt.core.tests.compiler.parser.CompletionParserTest" time="0.001"/>
  <testcase name="test006 - 11" classname="org.eclipse.jdt.core.tests.compiler.parser.JavadocCompletionParserTest" time="0"/>
  <testcase name="test006 - 11" classname="org.eclipse.jdt.core.tests.compiler.parser.ParserTest" time="0.001"/>
  <testcase name="test007 - 11" classname="org.eclipse.jdt.core.tests.compiler.parser.CompletionParserTest" time="0"/>
  <testcase name="test007 - 11" classname="org.eclipse.jdt.core.tests.compiler.parser.JavadocCompletionParserTest" time="0"/>
  <testcase name="test007 - 11" classname="org.eclipse.jdt.core.tests.compiler.parser.ParserTest" time="0"/>
  <testcase name="test007 - 11" classname="org.eclipse.jdt.core.tests.compiler.parser.TypeAnnotationSyntaxTest" time="0.001"/>
  <testcase name="test008 - 11" classname="org.eclipse.jdt.core.tests.compiler.parser.CompletionParserTest" time="0"/>
  <testcase name="test008 - 11" classname="org.eclipse.jdt.core.tests.compiler.parser.JavadocCompletionParserTest" time="0"/>
  <testcase name="test008 - 11" classname="org.eclipse.jdt.core.tests.compiler.parser.ParserTest" time="0.001"/>
  <testcase name="test009 - 11" classname="org.eclipse.jdt.core.tests.compiler.parser.CompletionParserTest" time="0"/>
  <testcase name="test009 - 11" classname="org.eclipse.jdt.core.tests.compiler.parser.ParserTest" time="0"/>
  <testcase name="test010 - 11" classname="org.eclipse.jdt.core.tests.compiler.parser.CompletionParserTest" time="0"/>
  <testcase name="test010 - 11" classname="org.eclipse.jdt.core.tests.compiler.parser.JavadocCompletionParserTest" time="0"/>
  <testcase name="test010 - 11" classname="org.eclipse.jdt.core.tests.compiler.parser.ParserTest" time="0.001"/>
  <testcase name="test011 - 11" classname="org.eclipse.jdt.core.tests.compiler.parser.CompletionParserTest" time="0"/>
  <testcase name="test011 - 11" classname="org.eclipse.jdt.core.tests.compiler.parser.JavadocCompletionParserTest" time="0"/>
  <testcase name="test012 - 11" classname="org.eclipse.jdt.core.tests.compiler.parser.CompletionParserTest" time="0"/>
  <testcase name="test012 - 11" classname="org.eclipse.jdt.core.tests.compiler.parser.JavadocCompletionParserTest" time="0"/>
  <testcase name="test012 - 11" classname="org.eclipse.jdt.core.tests.compiler.parser.ParserTest" time="0.001"/>
  <testcase name="test013 - 11" classname="org.eclipse.jdt.core.tests.compiler.parser.CompletionParserTest" time="0.001"/>
  <testcase name="test013 - 11" classname="org.eclipse.jdt.core.tests.compiler.parser.JavadocCompletionParserTest" time="0"/>
  <testcase name="test013 - 11" classname="org.eclipse.jdt.core.tests.compiler.parser.ParserTest" time="0"/>
  <testcase name="test014 - 11" classname="org.eclipse.jdt.core.tests.compiler.parser.CompletionParserTest" time="0"/>
  <testcase name="test014 - 11" classname="org.eclipse.jdt.core.tests.compiler.parser.JavadocCompletionParserTest" time="0"/>
  <testcase name="test014 - 11" classname="org.eclipse.jdt.core.tests.compiler.parser.ParserTest" time="0.001"/>
  <testcase name="test015 - 11" classname="org.eclipse.jdt.core.tests.compiler.parser.CompletionParserTest" time="0"/>
  <testcase name="test015 - 11" classname="org.eclipse.jdt.core.tests.compiler.parser.JavadocCompletionParserTest" time="0"/>
  <testcase name="test015 - 11" classname="org.eclipse.jdt.core.tests.compiler.parser.ParserTest" time="0"/>
  <testcase name="test016 - 11" classname="org.eclipse.jdt.core.tests.compiler.parser.CompletionParserTest" time="0.001"/>
  <testcase name="test016 - 11" classname="org.eclipse.jdt.core.tests.compiler.parser.ParserTest" time="0.001"/>
  <testcase name="test017 - 11" classname="org.eclipse.jdt.core.tests.compiler.parser.CompletionParserTest" time="0"/>
  <testcase name="test017 - 11" classname="org.eclipse.jdt.core.tests.compiler.parser.ParserTest" time="0"/>
  <testcase name="testA - 11" classname="org.eclipse.jdt.core.tests.compiler.parser.CompletionParserTest" time="0"/>
  <testcase name="testAA_1 - 11" classname="org.eclipse.jdt.core.tests.compiler.parser.CompletionParserTest" time="0.001"/>
  <testcase name="testAA_2 - 11" classname="org.eclipse.jdt.core.tests.compiler.parser.CompletionParserTest" time="0"/>
  <testcase name="testAA_3 - 11" classname="org.eclipse.jdt.core.tests.compiler.parser.CompletionParserTest" time="0"/>
  <testcase name="testAA_4 - 11" classname="org.eclipse.jdt.core.tests.compiler.parser.CompletionParserTest" time="0"/>
  <testcase name="testAB_1FHU9LU - 11" classname="org.eclipse.jdt.core.tests.compiler.parser.CompletionParserTest" time="0"/>
  <testcase name="testAC_1FJ8D9Z_1 - 11" classname="org.eclipse.jdt.core.tests.compiler.parser.CompletionParserTest" time="0.001"/>
  <testcase name="testAC_1FJ8D9Z_2 - 11" classname="org.eclipse.jdt.core.tests.compiler.parser.CompletionParserTest" time="0"/>
  <testcase name="testAC_1FJ8D9Z_3 - 11" classname="org.eclipse.jdt.core.tests.compiler.parser.CompletionParserTest" time="0"/>
  <testcase name="testB - 11" classname="org.eclipse.jdt.core.tests.compiler.parser.CompletionParserTest" time="0"/>
  <testcase name="testBA_1 - 11" classname="org.eclipse.jdt.core.tests.compiler.parser.CompletionParserTest" time="0"/>
  <testcase name="testBA_2 - 11" classname="org.eclipse.jdt.core.tests.compiler.parser.CompletionParserTest" time="0"/>
  <testcase name="testBB_1FHJ8H9 - 11" classname="org.eclipse.jdt.core.tests.compiler.parser.CompletionParserTest" time="0"/>
  <testcase name="testBC_1FJ4GSG_1 - 11" classname="org.eclipse.jdt.core.tests.compiler.parser.CompletionParserTest" time="0"/>
  <testcase name="testBC_1FJ4GSG_2 - 11" classname="org.eclipse.jdt.core.tests.compiler.parser.CompletionParserTest" time="0"/>
  <testcase name="testBC_1FJ4GSG_3 - 11" classname="org.eclipse.jdt.core.tests.compiler.parser.CompletionParserTest" time="0"/>
  <testcase name="testBug292087a - 11" classname="org.eclipse.jdt.core.tests.compiler.parser.CompletionParserTest" time="0"/>
  <testcase name="testBug292087b - 11" classname="org.eclipse.jdt.core.tests.compiler.parser.CompletionParserTest" time="0"/>
  <testcase name="testBug310423 - 11" classname="org.eclipse.jdt.core.tests.compiler.parser.CompletionParserTest" time="0.001"/>
  <testcase name="testBug338789 - 11" classname="org.eclipse.jdt.core.tests.compiler.parser.CompletionParserTest" time="0"/>
  <testcase name="testBug338789b - 11" classname="org.eclipse.jdt.core.tests.compiler.parser.CompletionParserTest" time="0"/>
  <testcase name="testBug343637 - 11" classname="org.eclipse.jdt.core.tests.compiler.parser.CompletionParserTest" time="0.001"/>
  <testcase name="testBug346415 - 11" classname="org.eclipse.jdt.core.tests.compiler.parser.CompletionParserTest" time="0"/>
  <testcase name="testBug346454 - 11" classname="org.eclipse.jdt.core.tests.compiler.parser.CompletionParserTest" time="0"/>
  <testcase name="testBug346454b - 11" classname="org.eclipse.jdt.core.tests.compiler.parser.CompletionParserTest" time="0"/>
  <testcase name="testC - 11" classname="org.eclipse.jdt.core.tests.compiler.parser.CompletionParserTest" time="0"/>
  <testcase name="testCA_1FGPJQZ - 11" classname="org.eclipse.jdt.core.tests.compiler.parser.CompletionParserTest" time="0"/>
  <testcase name="testCB_1FHSKQ9_1 - 11" classname="org.eclipse.jdt.core.tests.compiler.parser.CompletionParserTest" time="0.001"/>
  <testcase name="testCB_1FHSKQ9_2 - 11" classname="org.eclipse.jdt.core.tests.compiler.parser.CompletionParserTest" time="0"/>
  <testcase name="testCC_1FJ64I9 - 11" classname="org.eclipse.jdt.core.tests.compiler.parser.CompletionParserTest" time="0"/>
  <testcase name="testDA_1 - 11" classname="org.eclipse.jdt.core.tests.compiler.parser.CompletionParserTest" time="0"/>
  <testcase name="testDA_2 - 11" classname="org.eclipse.jdt.core.tests.compiler.parser.CompletionParserTest" time="0"/>
  <testcase name="testDA_3 - 11" classname="org.eclipse.jdt.core.tests.compiler.parser.CompletionParserTest" time="0"/>
  <testcase name="testDA_4 - 11" classname="org.eclipse.jdt.core.tests.compiler.parser.CompletionParserTest" time="0"/>
  <testcase name="testDA_5 - 11" classname="org.eclipse.jdt.core.tests.compiler.parser.CompletionParserTest" time="0"/>
  <testcase name="testDB_1FHSLDR - 11" classname="org.eclipse.jdt.core.tests.compiler.parser.CompletionParserTest" time="0"/>
  <testcase name="testDC_1FJJ0JR_1 - 11" classname="org.eclipse.jdt.core.tests.compiler.parser.CompletionParserTest" time="0"/>
  <testcase name="testD_1 - 11" classname="org.eclipse.jdt.core.tests.compiler.parser.CompletionParserTest" time="0"/>
  <testcase name="testD_2 - 11" classname="org.eclipse.jdt.core.tests.compiler.parser.CompletionParserTest" time="0"/>
  <testcase name="testEA_1 - 11" classname="org.eclipse.jdt.core.tests.compiler.parser.CompletionParserTest" time="0"/>
  <testcase name="testEA_2 - 11" classname="org.eclipse.jdt.core.tests.compiler.parser.CompletionParserTest" time="0"/>
  <testcase name="testEB_1FI74S3 - 11" classname="org.eclipse.jdt.core.tests.compiler.parser.CompletionParserTest" time="0"/>
  <testcase name="testEC_1FSBZ2Y - 11" classname="org.eclipse.jdt.core.tests.compiler.parser.CompletionParserTest" time="0"/>
  <testcase name="testE_1FG1YDS_1 - 11" classname="org.eclipse.jdt.core.tests.compiler.parser.CompletionParserTest" time="0"/>
  <testcase name="testE_1FG1YDS_2 - 11" classname="org.eclipse.jdt.core.tests.compiler.parser.CompletionParserTest" time="0"/>
  <testcase name="testE_1FG1YDS_3 - 11" classname="org.eclipse.jdt.core.tests.compiler.parser.CompletionParserTest" time="0.001"/>
  <testcase name="testF - 11" classname="org.eclipse.jdt.core.tests.compiler.parser.CompletionParserTest" time="0"/>
  <testcase name="testFA_1 - 11" classname="org.eclipse.jdt.core.tests.compiler.parser.CompletionParserTest" time="0"/>
  <testcase name="testFA_2 - 11" classname="org.eclipse.jdt.core.tests.compiler.parser.CompletionParserTest" time="0.001"/>
  <testcase name="testFB_1FI74S3 - 11" classname="org.eclipse.jdt.core.tests.compiler.parser.CompletionParserTest" time="0"/>
  <testcase name="testFC_1FSBZ9B - 11" classname="org.eclipse.jdt.core.tests.compiler.parser.CompletionParserTest" time="0"/>
  <testcase name="testG - 11" classname="org.eclipse.jdt.core.tests.compiler.parser.CompletionParserTest" time="0"/>
  <testcase name="testGA - 11" classname="org.eclipse.jdt.core.tests.compiler.parser.CompletionParserTest" time="0"/>
  <testcase name="testGB_1FI74S3 - 11" classname="org.eclipse.jdt.core.tests.compiler.parser.CompletionParserTest" time="0"/>
  <testcase name="testGC_1FSHLHV_1 - 11" classname="org.eclipse.jdt.core.tests.compiler.parser.CompletionParserTest" time="0"/>
  <testcase name="testGC_1FSHLHV_2 - 11" classname="org.eclipse.jdt.core.tests.compiler.parser.CompletionParserTest" time="0.001"/>
  <testcase name="testGC_1FSHLHV_3 - 11" classname="org.eclipse.jdt.core.tests.compiler.parser.CompletionParserTest" time="0"/>
  <testcase name="testGC_1FSHLHV_4 - 11" classname="org.eclipse.jdt.core.tests.compiler.parser.CompletionParserTest" time="0"/>
  <testcase name="testH - 11" classname="org.eclipse.jdt.core.tests.compiler.parser.CompletionParserTest" time="0"/>
  <testcase name="testHA_1 - 11" classname="org.eclipse.jdt.core.tests.compiler.parser.CompletionParserTest" time="0"/>
  <testcase name="testHA_2 - 11" classname="org.eclipse.jdt.core.tests.compiler.parser.CompletionParserTest" time="0"/>
  <testcase name="testHB_1FHSLDR - 11" classname="org.eclipse.jdt.core.tests.compiler.parser.CompletionParserTest" time="0"/>
  <testcase name="testHC_1FMPYO3_1 - 11" classname="org.eclipse.jdt.core.tests.compiler.parser.CompletionParserTest" time="0"/>
  <testcase name="testHC_1FMPYO3_2 - 11" classname="org.eclipse.jdt.core.tests.compiler.parser.CompletionParserTest" time="0"/>
  <testcase name="testI - 11" classname="org.eclipse.jdt.core.tests.compiler.parser.CompletionParserTest" time="0"/>
  <testcase name="testIA_1FGNBPR_1 - 11" classname="org.eclipse.jdt.core.tests.compiler.parser.CompletionParserTest" time="0"/>
  <testcase name="testIA_1FGNBPR_2 - 11" classname="org.eclipse.jdt.core.tests.compiler.parser.CompletionParserTest" time="0"/>
  <testcase name="testIB - 11" classname="org.eclipse.jdt.core.tests.compiler.parser.CompletionParserTest" time="0.001"/>
  <testcase name="testIC_1FMGUPR - 11" classname="org.eclipse.jdt.core.tests.compiler.parser.CompletionParserTest" time="0"/>
  <testcase name="testJ - 11" classname="org.eclipse.jdt.core.tests.compiler.parser.CompletionParserTest" time="0"/>
  <testcase name="testJA_1FGQVW2_1 - 11" classname="org.eclipse.jdt.core.tests.compiler.parser.CompletionParserTest" time="0"/>
  <testcase name="testJA_1FGQVW2_2 - 11" classname="org.eclipse.jdt.core.tests.compiler.parser.CompletionParserTest" time="0"/>
  <testcase name="testJB - 11" classname="org.eclipse.jdt.core.tests.compiler.parser.CompletionParserTest" time="0"/>
  <testcase name="testJC_1FLG1ZC - 11" classname="org.eclipse.jdt.core.tests.compiler.parser.CompletionParserTest" time="0"/>
  <testcase name="testKA_1FH5SU5 - 11" classname="org.eclipse.jdt.core.tests.compiler.parser.CompletionParserTest" time="0.001"/>
  <testcase name="testKB - 11" classname="org.eclipse.jdt.core.tests.compiler.parser.CompletionParserTest" time="0"/>
  <testcase name="testKC_1FLG1ZC - 11" classname="org.eclipse.jdt.core.tests.compiler.parser.CompletionParserTest" time="0.001"/>
  <testcase name="testK_1 - 11" classname="org.eclipse.jdt.core.tests.compiler.parser.CompletionParserTest" time="0"/>
  <testcase name="testK_2 - 11" classname="org.eclipse.jdt.core.tests.compiler.parser.CompletionParserTest" time="0"/>
  <testcase name="testK_3 - 11" classname="org.eclipse.jdt.core.tests.compiler.parser.CompletionParserTest" time="0"/>
  <testcase name="testK_4 - 11" classname="org.eclipse.jdt.core.tests.compiler.parser.CompletionParserTest" time="0"/>
  <testcase name="testLA_1FGLMOF - 11" classname="org.eclipse.jdt.core.tests.compiler.parser.CompletionParserTest" time="0"/>
  <testcase name="testLB - 11" classname="org.eclipse.jdt.core.tests.compiler.parser.CompletionParserTest" time="0"/>
  <testcase name="testLC_1FLG1E2 - 11" classname="org.eclipse.jdt.core.tests.compiler.parser.CompletionParserTest" time="0"/>
  <testcase name="testL_1 - 11" classname="org.eclipse.jdt.core.tests.compiler.parser.CompletionParserTest" time="0"/>
  <testcase name="testL_2 - 11" classname="org.eclipse.jdt.core.tests.compiler.parser.CompletionParserTest" time="0"/>
  <testcase name="testL_3 - 11" classname="org.eclipse.jdt.core.tests.compiler.parser.CompletionParserTest" time="0"/>
  <testcase name="testMA_1 - 11" classname="org.eclipse.jdt.core.tests.compiler.parser.CompletionParserTest" time="0"/>
  <testcase name="testMA_2 - 11" classname="org.eclipse.jdt.core.tests.compiler.parser.CompletionParserTest" time="0"/>
  <testcase name="testMA_3 - 11" classname="org.eclipse.jdt.core.tests.compiler.parser.CompletionParserTest" time="0"/>
  <testcase name="testMB_1FHSLMQ_1 - 11" classname="org.eclipse.jdt.core.tests.compiler.parser.CompletionParserTest" time="0"/>
  <testcase name="testMB_1FHSLMQ_2 - 11" classname="org.eclipse.jdt.core.tests.compiler.parser.CompletionParserTest" time="0"/>
  <testcase name="testMC_1FJ8D9Z - 11" classname="org.eclipse.jdt.core.tests.compiler.parser.CompletionParserTest" time="0"/>
  <testcase name="testM_1FGGLMT - 11" classname="org.eclipse.jdt.core.tests.compiler.parser.CompletionParserTest" time="0"/>
  <testcase name="testN - 11" classname="org.eclipse.jdt.core.tests.compiler.parser.CompletionParserTest" time="0"/>
  <testcase name="testNA_1 - 11" classname="org.eclipse.jdt.core.tests.compiler.parser.CompletionParserTest" time="0"/>
  <testcase name="testNA_2 - 11" classname="org.eclipse.jdt.core.tests.compiler.parser.CompletionParserTest" time="0"/>
  <testcase name="testNA_3 - 11" classname="org.eclipse.jdt.core.tests.compiler.parser.CompletionParserTest" time="0.001"/>
  <testcase name="testNB - 11" classname="org.eclipse.jdt.core.tests.compiler.parser.CompletionParserTest" time="0"/>
  <testcase name="testNC_1FJ8D9Z - 11" classname="org.eclipse.jdt.core.tests.compiler.parser.CompletionParserTest" time="0"/>
  <testcase name="testOA_1 - 11" classname="org.eclipse.jdt.core.tests.compiler.parser.CompletionParserTest" time="0.001"/>
  <testcase name="testOA_2 - 11" classname="org.eclipse.jdt.core.tests.compiler.parser.CompletionParserTest" time="0"/>
  <testcase name="testOB_1 - 11" classname="org.eclipse.jdt.core.tests.compiler.parser.CompletionParserTest" time="0"/>
  <testcase name="testOB_2 - 11" classname="org.eclipse.jdt.core.tests.compiler.parser.CompletionParserTest" time="0.001"/>
  <testcase name="testOC_1FM7J7F - 11" classname="org.eclipse.jdt.core.tests.compiler.parser.CompletionParserTest" time="0"/>
  <testcase name="testO_1FG1YU0 - 11" classname="org.eclipse.jdt.core.tests.compiler.parser.CompletionParserTest" time="0"/>
  <testcase name="testPA_1 - 11" classname="org.eclipse.jdt.core.tests.compiler.parser.CompletionParserTest" time="0.001"/>
  <testcase name="testPA_2 - 11" classname="org.eclipse.jdt.core.tests.compiler.parser.CompletionParserTest" time="0"/>
  <testcase name="testPB - 11" classname="org.eclipse.jdt.core.tests.compiler.parser.CompletionParserTest" time="0"/>
  <testcase name="testPC_1FSU4EF - 11" classname="org.eclipse.jdt.core.tests.compiler.parser.CompletionParserTest" time="0"/>
  <testcase name="testP_1FG1YU0 - 11" classname="org.eclipse.jdt.core.tests.compiler.parser.CompletionParserTest" time="0"/>
  <testcase name="testQA_1 - 11" classname="org.eclipse.jdt.core.tests.compiler.parser.CompletionParserTest" time="0"/>
  <testcase name="testQA_2 - 11" classname="org.eclipse.jdt.core.tests.compiler.parser.CompletionParserTest" time="0"/>
  <testcase name="testQA_3 - 11" classname="org.eclipse.jdt.core.tests.compiler.parser.CompletionParserTest" time="0"/>
  <testcase name="testQA_4 - 11" classname="org.eclipse.jdt.core.tests.compiler.parser.CompletionParserTest" time="0"/>
  <testcase name="testQB_1FIK820 - 11" classname="org.eclipse.jdt.core.tests.compiler.parser.CompletionParserTest" time="0"/>
  <testcase name="testQ_1FG1YU0 - 11" classname="org.eclipse.jdt.core.tests.compiler.parser.CompletionParserTest" time="0"/>
  <testcase name="testRA_1 - 11" classname="org.eclipse.jdt.core.tests.compiler.parser.CompletionParserTest" time="0"/>
  <testcase name="testRA_2 - 11" classname="org.eclipse.jdt.core.tests.compiler.parser.CompletionParserTest" time="0"/>
  <testcase name="testRA_3 - 11" classname="org.eclipse.jdt.core.tests.compiler.parser.CompletionParserTest" time="0.001"/>
  <testcase name="testRB_1FI74S3 - 11" classname="org.eclipse.jdt.core.tests.compiler.parser.CompletionParserTest" time="0"/>
  <testcase name="testR_1FGD31E - 11" classname="org.eclipse.jdt.core.tests.compiler.parser.CompletionParserTest" time="0"/>
  <testcase name="testSA - 11" classname="org.eclipse.jdt.core.tests.compiler.parser.CompletionParserTest" time="0.001"/>
  <testcase name="testSB_1FILFDG - 11" classname="org.eclipse.jdt.core.tests.compiler.parser.CompletionParserTest" time="0"/>
  <testcase name="testS_1FGF64P_1 - 11" classname="org.eclipse.jdt.core.tests.compiler.parser.CompletionParserTest" time="0"/>
  <testcase name="testS_1FGF64P_2 - 11" classname="org.eclipse.jdt.core.tests.compiler.parser.CompletionParserTest" time="0"/>
  <testcase name="testS_1FGF64P_3 - 11" classname="org.eclipse.jdt.core.tests.compiler.parser.CompletionParserTest" time="0"/>
  <testcase name="testTA_1FHISJJ_1 - 11" classname="org.eclipse.jdt.core.tests.compiler.parser.CompletionParserTest" time="0"/>
  <testcase name="testTA_1FHISJJ_2 - 11" classname="org.eclipse.jdt.core.tests.compiler.parser.CompletionParserTest" time="0"/>
  <testcase name="testTA_1FHISJJ_3 - 11" classname="org.eclipse.jdt.core.tests.compiler.parser.CompletionParserTest" time="0"/>
  <testcase name="testTB_1FHSLMQ - 11" classname="org.eclipse.jdt.core.tests.compiler.parser.CompletionParserTest" time="0"/>
  <testcase name="testT_1FGF64P - 11" classname="org.eclipse.jdt.core.tests.compiler.parser.CompletionParserTest" time="0"/>
  <testcase name="testUA_1FHISJJ_1 - 11" classname="org.eclipse.jdt.core.tests.compiler.parser.CompletionParserTest" time="0.001"/>
  <testcase name="testUA_1FHISJJ_2 - 11" classname="org.eclipse.jdt.core.tests.compiler.parser.CompletionParserTest" time="0"/>
  <testcase name="testUB_1FSBZ02 - 11" classname="org.eclipse.jdt.core.tests.compiler.parser.CompletionParserTest" time="0"/>
  <testcase name="testU_1FGGUME - 11" classname="org.eclipse.jdt.core.tests.compiler.parser.CompletionParserTest" time="0"/>
  <testcase name="testVA_1FHISJJ_1 - 11" classname="org.eclipse.jdt.core.tests.compiler.parser.CompletionParserTest" time="0"/>
  <testcase name="testVA_1FHISJJ_2 - 11" classname="org.eclipse.jdt.core.tests.compiler.parser.CompletionParserTest" time="0"/>
  <testcase name="testVB_1 - 11" classname="org.eclipse.jdt.core.tests.compiler.parser.CompletionParserTest" time="0"/>
  <testcase name="testVB_3 - 11" classname="org.eclipse.jdt.core.tests.compiler.parser.CompletionParserTest" time="0"/>
  <testcase name="testV_1FGGUOO_1 - 11" classname="org.eclipse.jdt.core.tests.compiler.parser.CompletionParserTest" time="0"/>
  <testcase name="testV_1FGGUOO_2 - 11" classname="org.eclipse.jdt.core.tests.compiler.parser.CompletionParserTest" time="0"/>
  <testcase name="testWA_1 - 11" classname="org.eclipse.jdt.core.tests.compiler.parser.CompletionParserTest" time="0.001"/>
  <testcase name="testWA_2 - 11" classname="org.eclipse.jdt.core.tests.compiler.parser.CompletionParserTest" time="0"/>
  <testcase name="testWB_1FI313C - 11" classname="org.eclipse.jdt.core.tests.compiler.parser.CompletionParserTest" time="0"/>
  <testcase name="testW_1FGGUS4 - 11" classname="org.eclipse.jdt.core.tests.compiler.parser.CompletionParserTest" time="0"/>
  <testcase name="testXA_1FGGUQF_1FHSL8H_2 - 11" classname="org.eclipse.jdt.core.tests.compiler.parser.CompletionParserTest" time="0"/>
  <testcase name="testXA_1FGGUQF_1FHSL8H_3 - 11" classname="org.eclipse.jdt.core.tests.compiler.parser.CompletionParserTest" time="0"/>
  <testcase name="testXA_1FGGUQF_1FHSL8H_4 - 11" classname="org.eclipse.jdt.core.tests.compiler.parser.CompletionParserTest" time="0.001"/>
  <testcase name="testXB_1FIYM5I_1 - 11" classname="org.eclipse.jdt.core.tests.compiler.parser.CompletionParserTest" time="0"/>
  <testcase name="testXB_1FIYM5I_2 - 11" classname="org.eclipse.jdt.core.tests.compiler.parser.CompletionParserTest" time="0"/>
  <testcase name="testXB_1FIYM5I_3 - 11" classname="org.eclipse.jdt.core.tests.compiler.parser.CompletionParserTest" time="0"/>
  <testcase name="testXB_1FIYM5I_4 - 11" classname="org.eclipse.jdt.core.tests.compiler.parser.CompletionParserTest" time="0"/>
  <testcase name="testX_1FGGV8C_1 - 11" classname="org.eclipse.jdt.core.tests.compiler.parser.CompletionParserTest" time="0"/>
  <testcase name="testX_1FGGV8C_2 - 11" classname="org.eclipse.jdt.core.tests.compiler.parser.CompletionParserTest" time="0"/>
  <testcase name="testX_1FGGV8C_3 - 11" classname="org.eclipse.jdt.core.tests.compiler.parser.CompletionParserTest" time="0"/>
  <testcase name="testX_1FGGV8C_4 - 11" classname="org.eclipse.jdt.core.tests.compiler.parser.CompletionParserTest" time="0"/>
  <testcase name="testX_1FGPE8E - 11" classname="org.eclipse.jdt.core.tests.compiler.parser.CompletionParserTest" time="0"/>
  <testcase name="testYA_1FGRIUH - 11" classname="org.eclipse.jdt.core.tests.compiler.parser.CompletionParserTest" time="0.001"/>
  <testcase name="testYB_1FJ4D46_1 - 11" classname="org.eclipse.jdt.core.tests.compiler.parser.CompletionParserTest" time="0"/>
  <testcase name="testY_1FGPESI - 11" classname="org.eclipse.jdt.core.tests.compiler.parser.CompletionParserTest" time="0"/>
  <testcase name="testZA_1 - 11" classname="org.eclipse.jdt.core.tests.compiler.parser.CompletionParserTest" time="0"/>
  <testcase name="testZA_2 - 11" classname="org.eclipse.jdt.core.tests.compiler.parser.CompletionParserTest" time="0"/>
  <testcase name="testZA_3 - 11" classname="org.eclipse.jdt.core.tests.compiler.parser.CompletionParserTest" time="0"/>
  <testcase name="testZB_1FJ4D46_1 - 11" classname="org.eclipse.jdt.core.tests.compiler.parser.CompletionParserTest" time="0"/>
  <testcase name="testZB_1FJ4D46_2 - 11" classname="org.eclipse.jdt.core.tests.compiler.parser.CompletionParserTest" time="0.001"/>
  <testcase name="testZ_1FGPF3D_1 - 11" classname="org.eclipse.jdt.core.tests.compiler.parser.CompletionParserTest" time="0"/>
  <testcase name="testZ_1FGPF3D_2 - 11" classname="org.eclipse.jdt.core.tests.compiler.parser.CompletionParserTest" time="0"/>
  <testcase name="test0001 - 11" classname="org.eclipse.jdt.core.tests.compiler.parser.CompletionParserTest2" time="0"/>
  <testcase name="test0001 - 11" classname="org.eclipse.jdt.core.tests.compiler.parser.CompletionParserTestKeyword" time="0"/>
  <testcase name="test0001 - 11" classname="org.eclipse.jdt.core.tests.compiler.parser.StatementRecoveryTest" time="0.001"/>
  <testcase name="test0001 - 11" classname="org.eclipse.jdt.core.tests.compiler.parser.ComplianceDiagnoseTest" time="0"/>
  <testcase name="test0001 - 11" classname="org.eclipse.jdt.core.tests.compiler.parser.GenericsCompletionParserTest" time="0"/>
  <testcase name="test0001 - 11" classname="org.eclipse.jdt.core.tests.compiler.parser.EnumCompletionParserTest" time="0.001"/>
  <testcase name="test0001 - 11" classname="org.eclipse.jdt.core.tests.compiler.parser.AnnotationCompletionParserTest" time="0"/>
  <testcase name="test0001 - 11" classname="org.eclipse.jdt.core.tests.compiler.parser.GenericsSelectionTest" time="0"/>
  <testcase name="test0001 - 11" classname="org.eclipse.jdt.core.tests.compiler.parser.AnnotationSelectionTest" time="0"/>
  <testcase name="test0001 - 11" classname="org.eclipse.jdt.core.tests.compiler.parser.EnumSelectionTest" time="0"/>
  <testcase name="test0001 - 11" classname="org.eclipse.jdt.core.tests.compiler.parser.GenericDietRecoveryTest" time="0.001"/>
  <testcase name="test0001 - 11" classname="org.eclipse.jdt.core.tests.compiler.parser.EnumDietRecoveryTest" time="0.001"/>
  <testcase name="test0001 - 11" classname="org.eclipse.jdt.core.tests.compiler.parser.AnnotationDietRecoveryTest" time="0.001"/>
  <testcase name="test0001 - 11" classname="org.eclipse.jdt.core.tests.compiler.parser.StatementRecoveryTest_1_5" time="0.002"/>
  <testcase name="test0001 - 11" classname="org.eclipse.jdt.core.tests.compiler.parser.ParserTest1_7" time="0.001"/>
  <testcase name="test0001 - 11" classname="org.eclipse.jdt.core.tests.compiler.parser.LambdaExpressionSyntaxTest" time="0"/>
  <testcase name="test0001 - 11" classname="org.eclipse.jdt.core.tests.compiler.parser.ReferenceExpressionSyntaxTest" time="0"/>
  <testcase name="test0001 - 11" classname="org.eclipse.jdt.core.tests.compiler.parser.TypeAnnotationSyntaxTest" time="0.001"/>
  <testcase name="test0001 - 11" classname="org.eclipse.jdt.core.tests.compiler.parser.CompletionParserTest18" time="0"/>
  <testcase name="test0001 - 11" classname="org.eclipse.jdt.core.tests.compiler.parser.ModuleDeclarationSyntaxTest" time="0.001"/>
  <testcase name="test0002_Diet - 11" classname="org.eclipse.jdt.core.tests.compiler.parser.CompletionParserTest2" time="0.001"/>
  <testcase name="test0002_Method - 11" classname="org.eclipse.jdt.core.tests.compiler.parser.CompletionParserTest2" time="0"/>
  <testcase name="test0003_Diet - 11" classname="org.eclipse.jdt.core.tests.compiler.parser.CompletionParserTest2" time="0"/>
  <testcase name="test0003_Method - 11" classname="org.eclipse.jdt.core.tests.compiler.parser.CompletionParserTest2" time="0"/>
  <testcase name="test0004 - 11" classname="org.eclipse.jdt.core.tests.compiler.parser.CompletionParserTest2" time="0"/>
  <testcase name="test0004 - 11" classname="org.eclipse.jdt.core.tests.compiler.parser.CompletionParserTestKeyword" time="0"/>
  <testcase name="test0004 - 11" classname="org.eclipse.jdt.core.tests.compiler.parser.StatementRecoveryTest" time="0.001"/>
  <testcase name="test0004 - 11" classname="org.eclipse.jdt.core.tests.compiler.parser.ComplianceDiagnoseTest" time="0.001"/>
  <testcase name="test0004 - 11" classname="org.eclipse.jdt.core.tests.compiler.parser.GenericsCompletionParserTest" time="0"/>
  <testcase name="test0004 - 11" classname="org.eclipse.jdt.core.tests.compiler.parser.EnumCompletionParserTest" time="0.001"/>
  <testcase name="test0004 - 11" classname="org.eclipse.jdt.core.tests.compiler.parser.AnnotationCompletionParserTest" time="0"/>
  <testcase name="test0004 - 11" classname="org.eclipse.jdt.core.tests.compiler.parser.GenericsSelectionTest" time="0"/>
  <testcase name="test0004 - 11" classname="org.eclipse.jdt.core.tests.compiler.parser.AnnotationSelectionTest" time="0"/>
  <testcase name="test0004 - 11" classname="org.eclipse.jdt.core.tests.compiler.parser.GenericDietRecoveryTest" time="0.002"/>
  <testcase name="test0004 - 11" classname="org.eclipse.jdt.core.tests.compiler.parser.EnumDietRecoveryTest" time="0.001"/>
  <testcase name="test0004 - 11" classname="org.eclipse.jdt.core.tests.compiler.parser.AnnotationDietRecoveryTest" time="0.001"/>
  <testcase name="test0004 - 11" classname="org.eclipse.jdt.core.tests.compiler.parser.StatementRecoveryTest_1_5" time="0.002"/>
  <testcase name="test0004 - 11" classname="org.eclipse.jdt.core.tests.compiler.parser.ParserTest1_7" time="0"/>
  <testcase name="test0004 - 11" classname="org.eclipse.jdt.core.tests.compiler.parser.LambdaExpressionSyntaxTest" time="0"/>
  <testcase name="test0004 - 11" classname="org.eclipse.jdt.core.tests.compiler.parser.ReferenceExpressionSyntaxTest" time="0"/>
  <testcase name="test0004 - 11" classname="org.eclipse.jdt.core.tests.compiler.parser.TypeAnnotationSyntaxTest" time="0.001"/>
  <testcase name="test0004 - 11" classname="org.eclipse.jdt.core.tests.compiler.parser.CompletionParserTest18" time="0.001"/>
  <testcase name="test0004 - 11" classname="org.eclipse.jdt.core.tests.compiler.parser.ModuleDeclarationSyntaxTest" time="0"/>
  <testcase name="test0005_Diet - 11" classname="org.eclipse.jdt.core.tests.compiler.parser.CompletionParserTest2" time="0"/>
  <testcase name="test0005_Method - 11" classname="org.eclipse.jdt.core.tests.compiler.parser.CompletionParserTest2" time="0"/>
  <testcase name="test0006_Diet - 11" classname="org.eclipse.jdt.core.tests.compiler.parser.CompletionParserTest2" time="0.001"/>
  <testcase name="test0006_Method - 11" classname="org.eclipse.jdt.core.tests.compiler.parser.CompletionParserTest2" time="0"/>
  <testcase name="test0007 - 11" classname="org.eclipse.jdt.core.tests.compiler.parser.CompletionParserTest2" time="0.001"/>
  <testcase name="test0007 - 11" classname="org.eclipse.jdt.core.tests.compiler.parser.CompletionParserTestKeyword" time="0.001"/>
  <testcase name="test0007 - 11" classname="org.eclipse.jdt.core.tests.compiler.parser.StatementRecoveryTest" time="0.001"/>
  <testcase name="test0007 - 11" classname="org.eclipse.jdt.core.tests.compiler.parser.ComplianceDiagnoseTest" time="0.001"/>
  <testcase name="test0007 - 11" classname="org.eclipse.jdt.core.tests.compiler.parser.GenericsCompletionParserTest" time="0"/>
  <testcase name="test0007 - 11" classname="org.eclipse.jdt.core.tests.compiler.parser.EnumCompletionParserTest" time="0"/>
  <testcase name="test0007 - 11" classname="org.eclipse.jdt.core.tests.compiler.parser.AnnotationCompletionParserTest" time="0.001"/>
  <testcase name="test0007 - 11" classname="org.eclipse.jdt.core.tests.compiler.parser.GenericsSelectionTest" time="0"/>
  <testcase name="test0007 - 11" classname="org.eclipse.jdt.core.tests.compiler.parser.AnnotationSelectionTest" time="0"/>
  <testcase name="test0007 - 11" classname="org.eclipse.jdt.core.tests.compiler.parser.GenericDietRecoveryTest" time="0.002"/>
  <testcase name="test0007 - 11" classname="org.eclipse.jdt.core.tests.compiler.parser.EnumDietRecoveryTest" time="0.002"/>
  <testcase name="test0007 - 11" classname="org.eclipse.jdt.core.tests.compiler.parser.AnnotationDietRecoveryTest" time="0.001"/>
  <testcase name="test0007 - 11" classname="org.eclipse.jdt.core.tests.compiler.parser.StatementRecoveryTest_1_5" time="0.003"/>
  <testcase name="test0007 - 11" classname="org.eclipse.jdt.core.tests.compiler.parser.ParserTest1_7" time="0.001"/>
  <testcase name="test0007 - 11" classname="org.eclipse.jdt.core.tests.compiler.parser.LambdaExpressionSyntaxTest" time="0"/>
  <testcase name="test0007 - 11" classname="org.eclipse.jdt.core.tests.compiler.parser.ReferenceExpressionSyntaxTest" time="0"/>
  <testcase name="test0007 - 11" classname="org.eclipse.jdt.core.tests.compiler.parser.CompletionParserTest18" time="0"/>
  <testcase name="test0007 - 11" classname="org.eclipse.jdt.core.tests.compiler.parser.ModuleDeclarationSyntaxTest" time="0"/>
  <testcase name="test0008_Diet - 11" classname="org.eclipse.jdt.core.tests.compiler.parser.CompletionParserTest2" time="0"/>
  <testcase name="test0008_Method - 11" classname="org.eclipse.jdt.core.tests.compiler.parser.CompletionParserTest2" time="0"/>
  <testcase name="test0009_Diet - 11" classname="org.eclipse.jdt.core.tests.compiler.parser.CompletionParserTest2" time="0"/>
  <testcase name="test0009_Method - 11" classname="org.eclipse.jdt.core.tests.compiler.parser.CompletionParserTest2" time="0.001"/>
  <testcase name="test0010 - 11" classname="org.eclipse.jdt.core.tests.compiler.parser.CompletionParserTest2" time="0"/>
  <testcase name="test0010 - 11" classname="org.eclipse.jdt.core.tests.compiler.parser.CompletionParserTestKeyword" time="0"/>
  <testcase name="test0010 - 11" classname="org.eclipse.jdt.core.tests.compiler.parser.StatementRecoveryTest" time="0.001"/>
  <testcase name="test0010 - 11" classname="org.eclipse.jdt.core.tests.compiler.parser.ComplianceDiagnoseTest" time="0"/>
  <testcase name="test0010 - 11" classname="org.eclipse.jdt.core.tests.compiler.parser.GenericsCompletionParserTest" time="0.001"/>
  <testcase name="test0010 - 11" classname="org.eclipse.jdt.core.tests.compiler.parser.EnumCompletionParserTest" time="0"/>
  <testcase name="test0010 - 11" classname="org.eclipse.jdt.core.tests.compiler.parser.AnnotationCompletionParserTest" time="0"/>
  <testcase name="test0010 - 11" classname="org.eclipse.jdt.core.tests.compiler.parser.GenericsSelectionTest" time="0.001"/>
  <testcase name="test0010 - 11" classname="org.eclipse.jdt.core.tests.compiler.parser.AnnotationSelectionTest" time="0"/>
  <testcase name="test0010 - 11" classname="org.eclipse.jdt.core.tests.compiler.parser.GenericDietRecoveryTest" time="0.002"/>
  <testcase name="test0010 - 11" classname="org.eclipse.jdt.core.tests.compiler.parser.EnumDietRecoveryTest" time="0.001"/>
  <testcase name="test0010 - 11" classname="org.eclipse.jdt.core.tests.compiler.parser.AnnotationDietRecoveryTest" time="0.001"/>
  <testcase name="test0010 - 11" classname="org.eclipse.jdt.core.tests.compiler.parser.ParserTest1_7" time="0"/>
  <testcase name="test0010 - 11" classname="org.eclipse.jdt.core.tests.compiler.parser.ReferenceExpressionSyntaxTest" time="0"/>
  <testcase name="test0010 - 11" classname="org.eclipse.jdt.core.tests.compiler.parser.TypeAnnotationSyntaxTest" time="0"/>
  <testcase name="test0010 - 11" classname="org.eclipse.jdt.core.tests.compiler.parser.CompletionParserTest18" time="0.001"/>
  <testcase name="test0010 - 11" classname="org.eclipse.jdt.core.tests.compiler.parser.ModuleDeclarationSyntaxTest" time="0"/>
  <testcase name="test0011_Diet - 11" classname="org.eclipse.jdt.core.tests.compiler.parser.CompletionParserTest2" time="0"/>
  <testcase name="test0011_Method - 11" classname="org.eclipse.jdt.core.tests.compiler.parser.CompletionParserTest2" time="0"/>
  <testcase name="test0012_Diet - 11" classname="org.eclipse.jdt.core.tests.compiler.parser.CompletionParserTest2" time="0"/>
  <testcase name="test0012_Method - 11" classname="org.eclipse.jdt.core.tests.compiler.parser.CompletionParserTest2" time="0"/>
  <testcase name="test0013 - 11" classname="org.eclipse.jdt.core.tests.compiler.parser.CompletionParserTest2" time="0"/>
  <testcase name="test0013 - 11" classname="org.eclipse.jdt.core.tests.compiler.parser.CompletionParserTestKeyword" time="0"/>
  <testcase name="test0013 - 11" classname="org.eclipse.jdt.core.tests.compiler.parser.StatementRecoveryTest" time="0.001"/>
  <testcase name="test0013 - 11" classname="org.eclipse.jdt.core.tests.compiler.parser.ComplianceDiagnoseTest" time="0"/>
  <testcase name="test0013 - 11" classname="org.eclipse.jdt.core.tests.compiler.parser.GenericsCompletionParserTest" time="0"/>
  <testcase name="test0013 - 11" classname="org.eclipse.jdt.core.tests.compiler.parser.EnumCompletionParserTest" time="0"/>
  <testcase name="test0013 - 11" classname="org.eclipse.jdt.core.tests.compiler.parser.GenericsSelectionTest" time="0"/>
  <testcase name="test0013 - 11" classname="org.eclipse.jdt.core.tests.compiler.parser.AnnotationSelectionTest" time="0"/>
  <testcase name="test0013 - 11" classname="org.eclipse.jdt.core.tests.compiler.parser.GenericDietRecoveryTest" time="0.001"/>
  <testcase name="test0013 - 11" classname="org.eclipse.jdt.core.tests.compiler.parser.EnumDietRecoveryTest" time="0.002"/>
  <testcase name="test0013 - 11" classname="org.eclipse.jdt.core.tests.compiler.parser.AnnotationDietRecoveryTest" time="0"/>
  <testcase name="test0013 - 11" classname="org.eclipse.jdt.core.tests.compiler.parser.LambdaExpressionSyntaxTest" time="0"/>
  <testcase name="test0013 - 11" classname="org.eclipse.jdt.core.tests.compiler.parser.ReferenceExpressionSyntaxTest" time="0"/>
  <testcase name="test0013 - 11" classname="org.eclipse.jdt.core.tests.compiler.parser.TypeAnnotationSyntaxTest" time="0.001"/>
  <testcase name="test0013 - 11" classname="org.eclipse.jdt.core.tests.compiler.parser.ModuleDeclarationSyntaxTest" time="0.001"/>
  <testcase name="test0014_Diet - 11" classname="org.eclipse.jdt.core.tests.compiler.parser.CompletionParserTest2" time="0"/>
  <testcase name="test0014_Method - 11" classname="org.eclipse.jdt.core.tests.compiler.parser.CompletionParserTest2" time="0"/>
  <testcase name="test0015_Diet - 11" classname="org.eclipse.jdt.core.tests.compiler.parser.CompletionParserTest2" time="0"/>
  <testcase name="test0015_Method - 11" classname="org.eclipse.jdt.core.tests.compiler.parser.CompletionParserTest2" time="0"/>
  <testcase name="test0016 - 11" classname="org.eclipse.jdt.core.tests.compiler.parser.CompletionParserTest2" time="0.001"/>
  <testcase name="test0016 - 11" classname="org.eclipse.jdt.core.tests.compiler.parser.CompletionParserTestKeyword" time="0"/>
  <testcase name="test0016 - 11" classname="org.eclipse.jdt.core.tests.compiler.parser.StatementRecoveryTest" time="0.001"/>
  <testcase name="test0016 - 11" classname="org.eclipse.jdt.core.tests.compiler.parser.ComplianceDiagnoseTest" time="0.001"/>
  <testcase name="test0016 - 11" classname="org.eclipse.jdt.core.tests.compiler.parser.GenericsCompletionParserTest" time="0"/>
  <testcase name="test0016 - 11" classname="org.eclipse.jdt.core.tests.compiler.parser.AnnotationCompletionParserTest" time="0"/>
  <testcase name="test0016 - 11" classname="org.eclipse.jdt.core.tests.compiler.parser.GenericsSelectionTest" time="0"/>
  <testcase name="test0016 - 11" classname="org.eclipse.jdt.core.tests.compiler.parser.AnnotationSelectionTest" time="0"/>
  <testcase name="test0016 - 11" classname="org.eclipse.jdt.core.tests.compiler.parser.GenericDietRecoveryTest" time="0.002"/>
  <testcase name="test0016 - 11" classname="org.eclipse.jdt.core.tests.compiler.parser.EnumDietRecoveryTest" time="0.001"/>
  <testcase name="test0016 - 11" classname="org.eclipse.jdt.core.tests.compiler.parser.AnnotationDietRecoveryTest" time="0.002"/>
  <testcase name="test0016 - 11" classname="org.eclipse.jdt.core.tests.compiler.parser.LambdaExpressionSyntaxTest" time="0.001"/>
  <testcase name="test0016 - 11" classname="org.eclipse.jdt.core.tests.compiler.parser.ReferenceExpressionSyntaxTest" time="0"/>
  <testcase name="test0016 - 11" classname="org.eclipse.jdt.core.tests.compiler.parser.TypeAnnotationSyntaxTest" time="0.001"/>
  <testcase name="test0016 - 11" classname="org.eclipse.jdt.core.tests.compiler.parser.ModuleDeclarationSyntaxTest" time="0"/>
  <testcase name="test0017_Diet - 11" classname="org.eclipse.jdt.core.tests.compiler.parser.CompletionParserTest2" time="0"/>
  <testcase name="test0017_Method - 11" classname="org.eclipse.jdt.core.tests.compiler.parser.CompletionParserTest2" time="0"/>
  <testcase name="test0018_Diet - 11" classname="org.eclipse.jdt.core.tests.compiler.parser.CompletionParserTest2" time="0"/>
  <testcase name="test0018_Method - 11" classname="org.eclipse.jdt.core.tests.compiler.parser.CompletionParserTest2" time="0.001"/>
  <testcase name="test0019 - 11" classname="org.eclipse.jdt.core.tests.compiler.parser.CompletionParserTest2" time="0"/>
  <testcase name="test0019 - 11" classname="org.eclipse.jdt.core.tests.compiler.parser.CompletionParserTestKeyword" time="0"/>
  <testcase name="test0019 - 11" classname="org.eclipse.jdt.core.tests.compiler.parser.StatementRecoveryTest" time="0.001"/>
  <testcase name="test0019 - 11" classname="org.eclipse.jdt.core.tests.compiler.parser.ComplianceDiagnoseTest" time="0.001"/>
  <testcase name="test0019 - 11" classname="org.eclipse.jdt.core.tests.compiler.parser.GenericsCompletionParserTest" time="0"/>
  <testcase name="test0019 - 11" classname="org.eclipse.jdt.core.tests.compiler.parser.AnnotationCompletionParserTest" time="0"/>
  <testcase name="test0019 - 11" classname="org.eclipse.jdt.core.tests.compiler.parser.GenericsSelectionTest" time="0"/>
  <testcase name="test0019 - 11" classname="org.eclipse.jdt.core.tests.compiler.parser.GenericDietRecoveryTest" time="0.003"/>
  <testcase name="test0019 - 11" classname="org.eclipse.jdt.core.tests.compiler.parser.AnnotationDietRecoveryTest" time="0.002"/>
  <testcase name="test0019 - 11" classname="org.eclipse.jdt.core.tests.compiler.parser.LambdaExpressionSyntaxTest" time="0"/>
  <testcase name="test0019 - 11" classname="org.eclipse.jdt.core.tests.compiler.parser.ReferenceExpressionSyntaxTest" time="0"/>
  <testcase name="test0019 - 11" classname="org.eclipse.jdt.core.tests.compiler.parser.TypeAnnotationSyntaxTest" time="0.001"/>
  <testcase name="test0019 - 11" classname="org.eclipse.jdt.core.tests.compiler.parser.ModuleDeclarationSyntaxTest" time="0"/>
  <testcase name="test0020_Diet - 11" classname="org.eclipse.jdt.core.tests.compiler.parser.CompletionParserTest2" time="0"/>
  <testcase name="test0020_Method - 11" classname="org.eclipse.jdt.core.tests.compiler.parser.CompletionParserTest2" time="0"/>
  <testcase name="test0021_Diet - 11" classname="org.eclipse.jdt.core.tests.compiler.parser.CompletionParserTest2" time="0"/>
  <testcase name="test0021_Diet - 11" classname="org.eclipse.jdt.core.tests.compiler.parser.CompletionParserTestKeyword" time="0"/>
  <testcase name="test0021_Method - 11" classname="org.eclipse.jdt.core.tests.compiler.parser.CompletionParserTest2" time="0"/>
  <testcase name="test0021_Method - 11" classname="org.eclipse.jdt.core.tests.compiler.parser.CompletionParserTestKeyword" time="0"/>
  <testcase name="test0022 - 11" classname="org.eclipse.jdt.core.tests.compiler.parser.CompletionParserTest2" time="0"/>
  <testcase name="test0022 - 11" classname="org.eclipse.jdt.core.tests.compiler.parser.StatementRecoveryTest" time="0.001"/>
  <testcase name="test0022 - 11" classname="org.eclipse.jdt.core.tests.compiler.parser.ComplianceDiagnoseTest" time="0.001"/>
  <testcase name="test0022 - 11" classname="org.eclipse.jdt.core.tests.compiler.parser.GenericsCompletionParserTest" time="0"/>
  <testcase name="test0022 - 11" classname="org.eclipse.jdt.core.tests.compiler.parser.AnnotationCompletionParserTest" time="0"/>
  <testcase name="test0022 - 11" classname="org.eclipse.jdt.core.tests.compiler.parser.GenericsSelectionTest" time="0"/>
  <testcase name="test0022 - 11" classname="org.eclipse.jdt.core.tests.compiler.parser.GenericDietRecoveryTest" time="0.002"/>
  <testcase name="test0022 - 11" classname="org.eclipse.jdt.core.tests.compiler.parser.AnnotationDietRecoveryTest" time="0.005"/>
  <testcase name="test0022 - 11" classname="org.eclipse.jdt.core.tests.compiler.parser.TypeAnnotationSyntaxTest" time="0.001"/>
  <testcase name="test0022 - 11" classname="org.eclipse.jdt.core.tests.compiler.parser.ModuleDeclarationSyntaxTest" time="0"/>
  <testcase name="test0023_Diet - 11" classname="org.eclipse.jdt.core.tests.compiler.parser.CompletionParserTest2" time="0"/>
  <testcase name="test0023_Diet - 11" classname="org.eclipse.jdt.core.tests.compiler.parser.CompletionParserTestKeyword" time="0"/>
  <testcase name="test0023_Method - 11" classname="org.eclipse.jdt.core.tests.compiler.parser.CompletionParserTest2" time="0"/>
  <testcase name="test0023_Method - 11" classname="org.eclipse.jdt.core.tests.compiler.parser.CompletionParserTestKeyword" time="0.001"/>
  <testcase name="test0024_Diet - 11" classname="org.eclipse.jdt.core.tests.compiler.parser.CompletionParserTest2" time="0"/>
  <testcase name="test0024_Diet - 11" classname="org.eclipse.jdt.core.tests.compiler.parser.CompletionParserTestKeyword" time="0"/>
  <testcase name="test0024_Diet - 11" classname="org.eclipse.jdt.core.tests.compiler.parser.AnnotationCompletionParserTest" time="0.001"/>
  <testcase name="test0024_Method - 11" classname="org.eclipse.jdt.core.tests.compiler.parser.CompletionParserTest2" time="0"/>
  <testcase name="test0024_Method - 11" classname="org.eclipse.jdt.core.tests.compiler.parser.CompletionParserTestKeyword" time="0"/>
  <testcase name="test0024_Method - 11" classname="org.eclipse.jdt.core.tests.compiler.parser.AnnotationCompletionParserTest" time="0"/>
  <testcase name="test0025 - 11" classname="org.eclipse.jdt.core.tests.compiler.parser.CompletionParserTest2" time="0.001"/>
  <testcase name="test0025 - 11" classname="org.eclipse.jdt.core.tests.compiler.parser.StatementRecoveryTest" time="0.001"/>
  <testcase name="test0025 - 11" classname="org.eclipse.jdt.core.tests.compiler.parser.ComplianceDiagnoseTest" time="0.001"/>
  <testcase name="test0025 - 11" classname="org.eclipse.jdt.core.tests.compiler.parser.GenericsCompletionParserTest" time="0"/>
  <testcase name="test0025 - 11" classname="org.eclipse.jdt.core.tests.compiler.parser.AnnotationCompletionParserTest" time="0"/>
  <testcase name="test0025 - 11" classname="org.eclipse.jdt.core.tests.compiler.parser.GenericDietRecoveryTest" time="0.003"/>
  <testcase name="test0025 - 11" classname="org.eclipse.jdt.core.tests.compiler.parser.AnnotationDietRecoveryTest" time="0.003"/>
  <testcase name="test0025 - 11" classname="org.eclipse.jdt.core.tests.compiler.parser.TypeAnnotationSyntaxTest" time="0.001"/>
  <testcase name="test0025 - 11" classname="org.eclipse.jdt.core.tests.compiler.parser.ModuleDeclarationSyntaxTest" time="0.001"/>
  <testcase name="test0026_Diet - 11" classname="org.eclipse.jdt.core.tests.compiler.parser.CompletionParserTest2" time="0"/>
  <testcase name="test0026_Diet - 11" classname="org.eclipse.jdt.core.tests.compiler.parser.CompletionParserTestKeyword" time="0"/>
  <testcase name="test0026_Method - 11" classname="org.eclipse.jdt.core.tests.compiler.parser.CompletionParserTest2" time="0"/>
  <testcase name="test0026_Method - 11" classname="org.eclipse.jdt.core.tests.compiler.parser.CompletionParserTestKeyword" time="0"/>
  <testcase name="test0027_Diet - 11" classname="org.eclipse.jdt.core.tests.compiler.parser.CompletionParserTest2" time="0"/>
  <testcase name="test0027_Diet - 11" classname="org.eclipse.jdt.core.tests.compiler.parser.CompletionParserTestKeyword" time="0"/>
  <testcase name="test0027_Method - 11" classname="org.eclipse.jdt.core.tests.compiler.parser.CompletionParserTest2" time="0.001"/>
  <testcase name="test0027_Method - 11" classname="org.eclipse.jdt.core.tests.compiler.parser.CompletionParserTestKeyword" time="0"/>
  <testcase name="test0028 - 11" classname="org.eclipse.jdt.core.tests.compiler.parser.CompletionParserTest2" time="0"/>
  <testcase name="test0028 - 11" classname="org.eclipse.jdt.core.tests.compiler.parser.StatementRecoveryTest" time="0.001"/>
  <testcase name="test0028 - 11" classname="org.eclipse.jdt.core.tests.compiler.parser.ComplianceDiagnoseTest" time="0"/>
  <testcase name="test0028 - 11" classname="org.eclipse.jdt.core.tests.compiler.parser.GenericsCompletionParserTest" time="0"/>
  <testcase name="test0028 - 11" classname="org.eclipse.jdt.core.tests.compiler.parser.AnnotationDietRecoveryTest" time="0.001"/>
  <testcase name="test0028 - 11" classname="org.eclipse.jdt.core.tests.compiler.parser.TypeAnnotationSyntaxTest" time="0"/>
  <testcase name="test0029_Diet - 11" classname="org.eclipse.jdt.core.tests.compiler.parser.CompletionParserTest2" time="0"/>
  <testcase name="test0029_Diet - 11" classname="org.eclipse.jdt.core.tests.compiler.parser.AnnotationCompletionParserTest" time="0"/>
  <testcase name="test0029_Method - 11" classname="org.eclipse.jdt.core.tests.compiler.parser.CompletionParserTest2" time="0"/>
  <testcase name="test0029_Method - 11" classname="org.eclipse.jdt.core.tests.compiler.parser.AnnotationCompletionParserTest" time="0"/>
  <testcase name="test0030_Diet - 11" classname="org.eclipse.jdt.core.tests.compiler.parser.CompletionParserTest2" time="0"/>
  <testcase name="test0030_Diet - 11" classname="org.eclipse.jdt.core.tests.compiler.parser.GenericsCompletionParserTest" time="0"/>
  <testcase name="test0030_Method - 11" classname="org.eclipse.jdt.core.tests.compiler.parser.CompletionParserTest2" time="0"/>
  <testcase name="test0030_Method - 11" classname="org.eclipse.jdt.core.tests.compiler.parser.GenericsCompletionParserTest" time="0"/>
  <testcase name="test0031_Diet - 11" classname="org.eclipse.jdt.core.tests.compiler.parser.CompletionParserTest2" time="0"/>
  <testcase name="test0031_Diet - 11" classname="org.eclipse.jdt.core.tests.compiler.parser.GenericsCompletionParserTest" time="0"/>
  <testcase name="test0031_Method - 11" classname="org.eclipse.jdt.core.tests.compiler.parser.CompletionParserTest2" time="0"/>
  <testcase name="test0031_Method - 11" classname="org.eclipse.jdt.core.tests.compiler.parser.GenericsCompletionParserTest" time="0.001"/>
  <testcase name="test0032_Diet - 11" classname="org.eclipse.jdt.core.tests.compiler.parser.CompletionParserTest2" time="0"/>
  <testcase name="test0032_Diet - 11" classname="org.eclipse.jdt.core.tests.compiler.parser.GenericsCompletionParserTest" time="0"/>
  <testcase name="test0032_Method - 11" classname="org.eclipse.jdt.core.tests.compiler.parser.CompletionParserTest2" time="0"/>
  <testcase name="test0032_Method - 11" classname="org.eclipse.jdt.core.tests.compiler.parser.GenericsCompletionParserTest" time="0"/>
  <testcase name="test0033_Diet - 11" classname="org.eclipse.jdt.core.tests.compiler.parser.CompletionParserTest2" time="0"/>
  <testcase name="test0033_Diet - 11" classname="org.eclipse.jdt.core.tests.compiler.parser.GenericsCompletionParserTest" time="0"/>
  <testcase name="test0033_Method - 11" classname="org.eclipse.jdt.core.tests.compiler.parser.CompletionParserTest2" time="0.001"/>
  <testcase name="test0033_Method - 11" classname="org.eclipse.jdt.core.tests.compiler.parser.GenericsCompletionParserTest" time="0"/>
  <testcase name="test0034_Diet - 11" classname="org.eclipse.jdt.core.tests.compiler.parser.CompletionParserTest2" time="0"/>
  <testcase name="test0034_Diet - 11" classname="org.eclipse.jdt.core.tests.compiler.parser.GenericsCompletionParserTest" time="0"/>
  <testcase name="test0034_Diet - 11" classname="org.eclipse.jdt.core.tests.compiler.parser.AnnotationCompletionParserTest" time="0"/>
  <testcase name="test0034_Method - 11" classname="org.eclipse.jdt.core.tests.compiler.parser.CompletionParserTest2" time="0"/>
  <testcase name="test0034_Method - 11" classname="org.eclipse.jdt.core.tests.compiler.parser.GenericsCompletionParserTest" time="0"/>
  <testcase name="test0034_Method - 11" classname="org.eclipse.jdt.core.tests.compiler.parser.AnnotationCompletionParserTest" time="0"/>
  <testcase name="test0035_Diet - 11" classname="org.eclipse.jdt.core.tests.compiler.parser.CompletionParserTest2" time="0"/>
  <testcase name="test0035_Diet - 11" classname="org.eclipse.jdt.core.tests.compiler.parser.GenericsCompletionParserTest" time="0"/>
  <testcase name="test0035_Diet - 11" classname="org.eclipse.jdt.core.tests.compiler.parser.AnnotationCompletionParserTest" time="0"/>
  <testcase name="test0035_Method - 11" classname="org.eclipse.jdt.core.tests.compiler.parser.CompletionParserTest2" time="0"/>
  <testcase name="test0035_Method - 11" classname="org.eclipse.jdt.core.tests.compiler.parser.GenericsCompletionParserTest" time="0"/>
  <testcase name="test0035_Method - 11" classname="org.eclipse.jdt.core.tests.compiler.parser.AnnotationCompletionParserTest" time="0"/>
  <testcase name="test0036_Diet - 11" classname="org.eclipse.jdt.core.tests.compiler.parser.CompletionParserTest2" time="0"/>
  <testcase name="test0036_Diet - 11" classname="org.eclipse.jdt.core.tests.compiler.parser.GenericsCompletionParserTest" time="0"/>
  <testcase name="test0036_Method - 11" classname="org.eclipse.jdt.core.tests.compiler.parser.CompletionParserTest2" time="0"/>
  <testcase name="test0036_Method - 11" classname="org.eclipse.jdt.core.tests.compiler.parser.GenericsCompletionParserTest" time="0"/>
  <testcase name="test0037 - 11" classname="org.eclipse.jdt.core.tests.compiler.parser.CompletionParserTest2" time="0.001"/>
  <testcase name="test0037 - 11" classname="org.eclipse.jdt.core.tests.compiler.parser.StatementRecoveryTest" time="0.001"/>
  <testcase name="test0037 - 11" classname="org.eclipse.jdt.core.tests.compiler.parser.ComplianceDiagnoseTest" time="0.001"/>
  <testcase name="test0037 - 11" classname="org.eclipse.jdt.core.tests.compiler.parser.AnnotationCompletionParserTest" time="0"/>
  <testcase name="test0037 - 11" classname="org.eclipse.jdt.core.tests.compiler.parser.AnnotationDietRecoveryTest" time="0.001"/>
  <testcase name="test0037 - 11" classname="org.eclipse.jdt.core.tests.compiler.parser.TypeAnnotationSyntaxTest" time="0"/>
  <testcase name="test0038_Diet - 11" classname="org.eclipse.jdt.core.tests.compiler.parser.CompletionParserTest2" time="0"/>
  <testcase name="test0038_Diet - 11" classname="org.eclipse.jdt.core.tests.compiler.parser.CompletionParserTestKeyword" time="0"/>
  <testcase name="test0038_Diet - 11" classname="org.eclipse.jdt.core.tests.compiler.parser.GenericsCompletionParserTest" time="0"/>
  <testcase name="test0038_Method - 11" classname="org.eclipse.jdt.core.tests.compiler.parser.CompletionParserTest2" time="0"/>
  <testcase name="test0038_Method - 11" classname="org.eclipse.jdt.core.tests.compiler.parser.CompletionParserTestKeyword" time="0"/>
  <testcase name="test0038_Method - 11" classname="org.eclipse.jdt.core.tests.compiler.parser.GenericsCompletionParserTest" time="0"/>
  <testcase name="test0039_Diet - 11" classname="org.eclipse.jdt.core.tests.compiler.parser.CompletionParserTest2" time="0"/>
  <testcase name="test0039_Diet - 11" classname="org.eclipse.jdt.core.tests.compiler.parser.CompletionParserTestKeyword" time="0"/>
  <testcase name="test0039_Diet - 11" classname="org.eclipse.jdt.core.tests.compiler.parser.GenericsCompletionParserTest" time="0"/>
  <testcase name="test0039_Method - 11" classname="org.eclipse.jdt.core.tests.compiler.parser.CompletionParserTest2" time="0"/>
  <testcase name="test0039_Method - 11" classname="org.eclipse.jdt.core.tests.compiler.parser.CompletionParserTestKeyword" time="0"/>
  <testcase name="test0039_Method - 11" classname="org.eclipse.jdt.core.tests.compiler.parser.GenericsCompletionParserTest" time="0"/>
  <testcase name="test0040 - 11" classname="org.eclipse.jdt.core.tests.compiler.parser.CompletionParserTest2" time="0"/>
  <testcase name="test0040 - 11" classname="org.eclipse.jdt.core.tests.compiler.parser.StatementRecoveryTest" time="0.002"/>
  <testcase name="test0040 - 11" classname="org.eclipse.jdt.core.tests.compiler.parser.ComplianceDiagnoseTest" time="0"/>
  <testcase name="test0040 - 11" classname="org.eclipse.jdt.core.tests.compiler.parser.AnnotationDietRecoveryTest" time="0.001"/>
  <testcase name="test0040 - 11" classname="org.eclipse.jdt.core.tests.compiler.parser.TypeAnnotationSyntaxTest" time="0"/>
  <testcase name="test0041_Diet - 11" classname="org.eclipse.jdt.core.tests.compiler.parser.CompletionParserTest2" time="0"/>
  <testcase name="test0041_Diet - 11" classname="org.eclipse.jdt.core.tests.compiler.parser.CompletionParserTestKeyword" time="0"/>
  <testcase name="test0041_Diet - 11" classname="org.eclipse.jdt.core.tests.compiler.parser.GenericsCompletionParserTest" time="0"/>
  <testcase name="test0041_Diet - 11" classname="org.eclipse.jdt.core.tests.compiler.parser.AnnotationCompletionParserTest" time="0"/>
  <testcase name="test0041_Method - 11" classname="org.eclipse.jdt.core.tests.compiler.parser.CompletionParserTest2" time="0.001"/>
  <testcase name="test0041_Method - 11" classname="org.eclipse.jdt.core.tests.compiler.parser.CompletionParserTestKeyword" time="0"/>
  <testcase name="test0041_Method - 11" classname="org.eclipse.jdt.core.tests.compiler.parser.GenericsCompletionParserTest" time="0"/>
  <testcase name="test0041_Method - 11" classname="org.eclipse.jdt.core.tests.compiler.parser.AnnotationCompletionParserTest" time="0"/>
  <testcase name="test0042_Diet - 11" classname="org.eclipse.jdt.core.tests.compiler.parser.CompletionParserTest2" time="0"/>
  <testcase name="test0042_Diet - 11" classname="org.eclipse.jdt.core.tests.compiler.parser.CompletionParserTestKeyword" time="0"/>
  <testcase name="test0042_Diet - 11" classname="org.eclipse.jdt.core.tests.compiler.parser.GenericsCompletionParserTest" time="0"/>
  <testcase name="test0042_Method - 11" classname="org.eclipse.jdt.core.tests.compiler.parser.CompletionParserTest2" time="0"/>
  <testcase name="test0042_Method - 11" classname="org.eclipse.jdt.core.tests.compiler.parser.CompletionParserTestKeyword" time="0"/>
  <testcase name="test0042_Method - 11" classname="org.eclipse.jdt.core.tests.compiler.parser.GenericsCompletionParserTest" time="0.001"/>
  <testcase name="test0043 - 11" classname="org.eclipse.jdt.core.tests.compiler.parser.CompletionParserTest2" time="0"/>
  <testcase name="test0043 - 11" classname="org.eclipse.jdt.core.tests.compiler.parser.StatementRecoveryTest" time="0"/>
  <testcase name="test0043 - 11" classname="org.eclipse.jdt.core.tests.compiler.parser.ComplianceDiagnoseTest" time="0.001"/>
  <testcase name="test0043 - 11" classname="org.eclipse.jdt.core.tests.compiler.parser.AnnotationCompletionParserTest" time="0"/>
  <testcase name="test0043 - 11" classname="org.eclipse.jdt.core.tests.compiler.parser.TypeAnnotationSyntaxTest" time="0.001"/>
  <testcase name="test0044_Diet - 11" classname="org.eclipse.jdt.core.tests.compiler.parser.CompletionParserTest2" time="0"/>
  <testcase name="test0044_Diet - 11" classname="org.eclipse.jdt.core.tests.compiler.parser.CompletionParserTestKeyword" time="0"/>
  <testcase name="test0044_Diet - 11" classname="org.eclipse.jdt.core.tests.compiler.parser.GenericsCompletionParserTest" time="0"/>
  <testcase name="test0044_Method - 11" classname="org.eclipse.jdt.core.tests.compiler.parser.CompletionParserTest2" time="0"/>
  <testcase name="test0044_Method - 11" classname="org.eclipse.jdt.core.tests.compiler.parser.CompletionParserTestKeyword" time="0"/>
  <testcase name="test0044_Method - 11" classname="org.eclipse.jdt.core.tests.compiler.parser.GenericsCompletionParserTest" time="0"/>
  <testcase name="test0045_Diet - 11" classname="org.eclipse.jdt.core.tests.compiler.parser.CompletionParserTest2" time="0"/>
  <testcase name="test0045_Diet - 11" classname="org.eclipse.jdt.core.tests.compiler.parser.CompletionParserTestKeyword" time="0"/>
  <testcase name="test0045_Diet - 11" classname="org.eclipse.jdt.core.tests.compiler.parser.GenericsCompletionParserTest" time="0"/>
  <testcase name="test0045_Method - 11" classname="org.eclipse.jdt.core.tests.compiler.parser.CompletionParserTest2" time="0"/>
  <testcase name="test0045_Method - 11" classname="org.eclipse.jdt.core.tests.compiler.parser.CompletionParserTestKeyword" time="0.001"/>
  <testcase name="test0045_Method - 11" classname="org.eclipse.jdt.core.tests.compiler.parser.GenericsCompletionParserTest" time="0"/>
  <testcase name="test0046 - 11" classname="org.eclipse.jdt.core.tests.compiler.parser.CompletionParserTest2" time="0"/>
  <testcase name="test0046 - 11" classname="org.eclipse.jdt.core.tests.compiler.parser.StatementRecoveryTest" time="0.001"/>
  <testcase name="test0046 - 11" classname="org.eclipse.jdt.core.tests.compiler.parser.ComplianceDiagnoseTest" time="0.004"/>
  <testcase name="test0046 - 11" classname="org.eclipse.jdt.core.tests.compiler.parser.TypeAnnotationSyntaxTest" time="0.001"/>
  <testcase name="test0047_Diet - 11" classname="org.eclipse.jdt.core.tests.compiler.parser.CompletionParserTest2" time="0"/>
  <testcase name="test0047_Diet - 11" classname="org.eclipse.jdt.core.tests.compiler.parser.GenericsCompletionParserTest" time="0"/>
  <testcase name="test0047_Diet - 11" classname="org.eclipse.jdt.core.tests.compiler.parser.AnnotationCompletionParserTest" time="0"/>
  <testcase name="test0047_Method - 11" classname="org.eclipse.jdt.core.tests.compiler.parser.CompletionParserTest2" time="0"/>
  <testcase name="test0047_Method - 11" classname="org.eclipse.jdt.core.tests.compiler.parser.GenericsCompletionParserTest" time="0"/>
  <testcase name="test0047_Method - 11" classname="org.eclipse.jdt.core.tests.compiler.parser.AnnotationCompletionParserTest" time="0"/>
  <testcase name="test0048_Diet - 11" classname="org.eclipse.jdt.core.tests.compiler.parser.CompletionParserTest2" time="0"/>
  <testcase name="test0048_Diet - 11" classname="org.eclipse.jdt.core.tests.compiler.parser.GenericsCompletionParserTest" time="0.001"/>
  <testcase name="test0048_Method - 11" classname="org.eclipse.jdt.core.tests.compiler.parser.CompletionParserTest2" time="0"/>
  <testcase name="test0048_Method - 11" classname="org.eclipse.jdt.core.tests.compiler.parser.GenericsCompletionParserTest" time="0"/>
  <testcase name="test0049 - 11" classname="org.eclipse.jdt.core.tests.compiler.parser.CompletionParserTest2" time="0"/>
  <testcase name="test0049 - 11" classname="org.eclipse.jdt.core.tests.compiler.parser.CompletionParserTestKeyword" time="0"/>
  <testcase name="test0049 - 11" classname="org.eclipse.jdt.core.tests.compiler.parser.ComplianceDiagnoseTest" time="0.001"/>
  <testcase name="test0049 - 11" classname="org.eclipse.jdt.core.tests.compiler.parser.AnnotationCompletionParserTest" time="0"/>
  <testcase name="test0049 - 11" classname="org.eclipse.jdt.core.tests.compiler.parser.TypeAnnotationSyntaxTest" time="0.001"/>
  <testcase name="test0050_Diet - 11" classname="org.eclipse.jdt.core.tests.compiler.parser.CompletionParserTest2" time="0"/>
  <testcase name="test0050_Diet - 11" classname="org.eclipse.jdt.core.tests.compiler.parser.GenericsCompletionParserTest" time="0"/>
  <testcase name="test0050_Method - 11" classname="org.eclipse.jdt.core.tests.compiler.parser.CompletionParserTest2" time="0.001"/>
  <testcase name="test0050_Method - 11" classname="org.eclipse.jdt.core.tests.compiler.parser.GenericsCompletionParserTest" time="0"/>
  <testcase name="test0051_Diet - 11" classname="org.eclipse.jdt.core.tests.compiler.parser.CompletionParserTest2" time="0"/>
  <testcase name="test0051_Diet - 11" classname="org.eclipse.jdt.core.tests.compiler.parser.GenericsCompletionParserTest" time="0"/>
  <testcase name="test0051_Method - 11" classname="org.eclipse.jdt.core.tests.compiler.parser.CompletionParserTest2" time="0"/>
  <testcase name="test0051_Method - 11" classname="org.eclipse.jdt.core.tests.compiler.parser.GenericsCompletionParserTest" time="0"/>
  <testcase name="test0052 - 11" classname="org.eclipse.jdt.core.tests.compiler.parser.CompletionParserTest2" time="0"/>
  <testcase name="test0052 - 11" classname="org.eclipse.jdt.core.tests.compiler.parser.CompletionParserTestKeyword" time="0.001"/>
  <testcase name="test0052 - 11" classname="org.eclipse.jdt.core.tests.compiler.parser.ComplianceDiagnoseTest" time="0.001"/>
  <testcase name="test0052 - 11" classname="org.eclipse.jdt.core.tests.compiler.parser.TypeAnnotationSyntaxTest" time="0.001"/>
  <testcase name="test0053_Diet - 11" classname="org.eclipse.jdt.core.tests.compiler.parser.CompletionParserTest2" time="0"/>
  <testcase name="test0053_Diet - 11" classname="org.eclipse.jdt.core.tests.compiler.parser.GenericsCompletionParserTest" time="0"/>
  <testcase name="test0053_Diet - 11" classname="org.eclipse.jdt.core.tests.compiler.parser.AnnotationCompletionParserTest" time="0.001"/>
  <testcase name="test0053_Method - 11" classname="org.eclipse.jdt.core.tests.compiler.parser.CompletionParserTest2" time="0"/>
  <testcase name="test0053_Method - 11" classname="org.eclipse.jdt.core.tests.compiler.parser.GenericsCompletionParserTest" time="0.001"/>
  <testcase name="test0053_Method - 11" classname="org.eclipse.jdt.core.tests.compiler.parser.AnnotationCompletionParserTest" time="0"/>
  <testcase name="test0054_Diet - 11" classname="org.eclipse.jdt.core.tests.compiler.parser.CompletionParserTest2" time="0"/>
  <testcase name="test0054_Diet - 11" classname="org.eclipse.jdt.core.tests.compiler.parser.GenericsCompletionParserTest" time="0"/>
  <testcase name="test0054_Method - 11" classname="org.eclipse.jdt.core.tests.compiler.parser.CompletionParserTest2" time="0.001"/>
  <testcase name="test0054_Method - 11" classname="org.eclipse.jdt.core.tests.compiler.parser.GenericsCompletionParserTest" time="0"/>
  <testcase name="test0055 - 11" classname="org.eclipse.jdt.core.tests.compiler.parser.CompletionParserTest2" time="0"/>
  <testcase name="test0055 - 11" classname="org.eclipse.jdt.core.tests.compiler.parser.ComplianceDiagnoseTest" time="0"/>
  <testcase name="test0055 - 11" classname="org.eclipse.jdt.core.tests.compiler.parser.AnnotationCompletionParserTest" time="0"/>
  <testcase name="test0055 - 11" classname="org.eclipse.jdt.core.tests.compiler.parser.TypeAnnotationSyntaxTest" time="0.001"/>
  <testcase name="test0056_Diet - 11" classname="org.eclipse.jdt.core.tests.compiler.parser.CompletionParserTest2" time="0"/>
  <testcase name="test0056_Diet - 11" classname="org.eclipse.jdt.core.tests.compiler.parser.CompletionParserTestKeyword" time="0"/>
  <testcase name="test0056_Diet - 11" classname="org.eclipse.jdt.core.tests.compiler.parser.GenericsCompletionParserTest" time="0"/>
  <testcase name="test0056_Method - 11" classname="org.eclipse.jdt.core.tests.compiler.parser.CompletionParserTest2" time="0"/>
  <testcase name="test0056_Method - 11" classname="org.eclipse.jdt.core.tests.compiler.parser.CompletionParserTestKeyword" time="0"/>
  <testcase name="test0056_Method - 11" classname="org.eclipse.jdt.core.tests.compiler.parser.GenericsCompletionParserTest" time="0"/>
  <testcase name="test0057_Diet - 11" classname="org.eclipse.jdt.core.tests.compiler.parser.CompletionParserTest2" time="0.001"/>
  <testcase name="test0057_Diet - 11" classname="org.eclipse.jdt.core.tests.compiler.parser.CompletionParserTestKeyword" time="0"/>
  <testcase name="test0057_Diet - 11" classname="org.eclipse.jdt.core.tests.compiler.parser.GenericsCompletionParserTest" time="0"/>
  <testcase name="test0057_Method - 11" classname="org.eclipse.jdt.core.tests.compiler.parser.CompletionParserTest2" time="0"/>
  <testcase name="test0057_Method - 11" classname="org.eclipse.jdt.core.tests.compiler.parser.CompletionParserTestKeyword" time="0"/>
  <testcase name="test0057_Method - 11" classname="org.eclipse.jdt.core.tests.compiler.parser.GenericsCompletionParserTest" time="0"/>
  <testcase name="test0058 - 11" classname="org.eclipse.jdt.core.tests.compiler.parser.CompletionParserTest2" time="0"/>
  <testcase name="test0058 - 11" classname="org.eclipse.jdt.core.tests.compiler.parser.ComplianceDiagnoseTest" time="0"/>
  <testcase name="test0058 - 11" classname="org.eclipse.jdt.core.tests.compiler.parser.TypeAnnotationSyntaxTest" time="0.001"/>
  <testcase name="test0059_Diet - 11" classname="org.eclipse.jdt.core.tests.compiler.parser.CompletionParserTest2" time="0"/>
  <testcase name="test0059_Diet - 11" classname="org.eclipse.jdt.core.tests.compiler.parser.CompletionParserTestKeyword" time="0"/>
  <testcase name="test0059_Diet - 11" classname="org.eclipse.jdt.core.tests.compiler.parser.AnnotationCompletionParserTest" time="0.001"/>
  <testcase name="test0059_Method - 11" classname="org.eclipse.jdt.core.tests.compiler.parser.CompletionParserTest2" time="0"/>
  <testcase name="test0059_Method - 11" classname="org.eclipse.jdt.core.tests.compiler.parser.CompletionParserTestKeyword" time="0"/>
  <testcase name="test0059_Method - 11" classname="org.eclipse.jdt.core.tests.compiler.parser.AnnotationCompletionParserTest" time="0"/>
  <testcase name="test0060_Diet - 11" classname="org.eclipse.jdt.core.tests.compiler.parser.CompletionParserTest2" time="0"/>
  <testcase name="test0060_Method - 11" classname="org.eclipse.jdt.core.tests.compiler.parser.CompletionParserTest2" time="0"/>
  <testcase name="test0061 - 11" classname="org.eclipse.jdt.core.tests.compiler.parser.CompletionParserTest2" time="0"/>
  <testcase name="test0061 - 11" classname="org.eclipse.jdt.core.tests.compiler.parser.CompletionParserTestKeyword" time="0"/>
  <testcase name="test0061 - 11" classname="org.eclipse.jdt.core.tests.compiler.parser.ComplianceDiagnoseTest" time="0"/>
  <testcase name="test0061 - 11" classname="org.eclipse.jdt.core.tests.compiler.parser.GenericsCompletionParserTest" time="0"/>
  <testcase name="test0061 - 11" classname="org.eclipse.jdt.core.tests.compiler.parser.AnnotationCompletionParserTest" time="0"/>
  <testcase name="test0061 - 11" classname="org.eclipse.jdt.core.tests.compiler.parser.TypeAnnotationSyntaxTest" time="0.003"/>
  <testcase name="test0062_Diet - 11" classname="org.eclipse.jdt.core.tests.compiler.parser.CompletionParserTest2" time="0"/>
  <testcase name="test0062_Method - 11" classname="org.eclipse.jdt.core.tests.compiler.parser.CompletionParserTest2" time="0"/>
  <testcase name="test0063_Diet - 11" classname="org.eclipse.jdt.core.tests.compiler.parser.CompletionParserTest2" time="0"/>
  <testcase name="test0063_Method - 11" classname="org.eclipse.jdt.core.tests.compiler.parser.CompletionParserTest2" time="0"/>
  <testcase name="test0064 - 11" classname="org.eclipse.jdt.core.tests.compiler.parser.CompletionParserTest2" time="0"/>
  <testcase name="test0064 - 11" classname="org.eclipse.jdt.core.tests.compiler.parser.CompletionParserTestKeyword" time="0"/>
  <testcase name="test0064 - 11" classname="org.eclipse.jdt.core.tests.compiler.parser.ComplianceDiagnoseTest" time="0"/>
  <testcase name="test0064 - 11" classname="org.eclipse.jdt.core.tests.compiler.parser.GenericsCompletionParserTest" time="0"/>
  <testcase name="test0064 - 11" classname="org.eclipse.jdt.core.tests.compiler.parser.TypeAnnotationSyntaxTest" time="0.001"/>
  <testcase name="test0065_Diet - 11" classname="org.eclipse.jdt.core.tests.compiler.parser.CompletionParserTest2" time="0"/>
  <testcase name="test0065_Diet - 11" classname="org.eclipse.jdt.core.tests.compiler.parser.AnnotationCompletionParserTest" time="0"/>
  <testcase name="test0065_Method - 11" classname="org.eclipse.jdt.core.tests.compiler.parser.CompletionParserTest2" time="0"/>
  <testcase name="test0065_Method - 11" classname="org.eclipse.jdt.core.tests.compiler.parser.AnnotationCompletionParserTest" time="0"/>
  <testcase name="test0066_Diet - 11" classname="org.eclipse.jdt.core.tests.compiler.parser.CompletionParserTest2" time="0"/>
  <testcase name="test0066_Method - 11" classname="org.eclipse.jdt.core.tests.compiler.parser.CompletionParserTest2" time="0"/>
  <testcase name="test0067_Diet - 11" classname="org.eclipse.jdt.core.tests.compiler.parser.CompletionParserTest2" time="0"/>
  <testcase name="test0067_Method - 11" classname="org.eclipse.jdt.core.tests.compiler.parser.CompletionParserTest2" time="0"/>
  <testcase name="test0068_Diet - 11" classname="org.eclipse.jdt.core.tests.compiler.parser.CompletionParserTest2" time="0"/>
  <testcase name="test0068_Method - 11" classname="org.eclipse.jdt.core.tests.compiler.parser.CompletionParserTest2" time="0"/>
  <testcase name="test0069_Diet - 11" classname="org.eclipse.jdt.core.tests.compiler.parser.CompletionParserTest2" time="0"/>
  <testcase name="test0069_Method - 11" classname="org.eclipse.jdt.core.tests.compiler.parser.CompletionParserTest2" time="0"/>
  <testcase name="test0070_Diet - 11" classname="org.eclipse.jdt.core.tests.compiler.parser.CompletionParserTest2" time="0.001"/>
  <testcase name="test0070_Diet - 11" classname="org.eclipse.jdt.core.tests.compiler.parser.AnnotationCompletionParserTest" time="0"/>
  <testcase name="test0070_Method - 11" classname="org.eclipse.jdt.core.tests.compiler.parser.CompletionParserTest2" time="0"/>
  <testcase name="test0070_Method - 11" classname="org.eclipse.jdt.core.tests.compiler.parser.AnnotationCompletionParserTest" time="0"/>
  <testcase name="test0071_Diet - 11" classname="org.eclipse.jdt.core.tests.compiler.parser.CompletionParserTest2" time="0"/>
  <testcase name="test0071_Diet - 11" classname="org.eclipse.jdt.core.tests.compiler.parser.AnnotationCompletionParserTest" time="0"/>
  <testcase name="test0071_Method - 11" classname="org.eclipse.jdt.core.tests.compiler.parser.CompletionParserTest2" time="0"/>
  <testcase name="test0071_Method - 11" classname="org.eclipse.jdt.core.tests.compiler.parser.AnnotationCompletionParserTest" time="0.001"/>
  <testcase name="test0072_Diet - 11" classname="org.eclipse.jdt.core.tests.compiler.parser.CompletionParserTest2" time="0.001"/>
  <testcase name="test0072_Method - 11" classname="org.eclipse.jdt.core.tests.compiler.parser.CompletionParserTest2" time="0"/>
  <testcase name="test0073 - 11" classname="org.eclipse.jdt.core.tests.compiler.parser.CompletionParserTest2" time="0"/>
  <testcase name="test0073 - 11" classname="org.eclipse.jdt.core.tests.compiler.parser.CompletionParserTestKeyword" time="0"/>
  <testcase name="test0073 - 11" classname="org.eclipse.jdt.core.tests.compiler.parser.GenericsCompletionParserTest" time="0"/>
  <testcase name="test0073 - 11" classname="org.eclipse.jdt.core.tests.compiler.parser.AnnotationCompletionParserTest" time="0"/>
  <testcase name="test0073 - 11" classname="org.eclipse.jdt.core.tests.compiler.parser.TypeAnnotationSyntaxTest" time="0.001"/>
  <testcase name="test0074_Diet - 11" classname="org.eclipse.jdt.core.tests.compiler.parser.CompletionParserTest2" time="0"/>
  <testcase name="test0074_Method - 11" classname="org.eclipse.jdt.core.tests.compiler.parser.CompletionParserTest2" time="0"/>
  <testcase name="test0075_Diet - 11" classname="org.eclipse.jdt.core.tests.compiler.parser.CompletionParserTest2" time="0"/>
  <testcase name="test0075_Method - 11" classname="org.eclipse.jdt.core.tests.compiler.parser.CompletionParserTest2" time="0"/>
  <testcase name="test0076 - 11" classname="org.eclipse.jdt.core.tests.compiler.parser.CompletionParserTest2" time="0"/>
  <testcase name="test0076 - 11" classname="org.eclipse.jdt.core.tests.compiler.parser.CompletionParserTestKeyword" time="0"/>
  <testcase name="test0076 - 11" classname="org.eclipse.jdt.core.tests.compiler.parser.GenericsCompletionParserTest" time="0"/>
  <testcase name="test0076 - 11" classname="org.eclipse.jdt.core.tests.compiler.parser.AnnotationCompletionParserTest" time="0"/>
  <testcase name="test0076 - 11" classname="org.eclipse.jdt.core.tests.compiler.parser.TypeAnnotationSyntaxTest" time="0"/>
  <testcase name="test0077_Diet - 11" classname="org.eclipse.jdt.core.tests.compiler.parser.CompletionParserTest2" time="0"/>
  <testcase name="test0077_Method - 11" classname="org.eclipse.jdt.core.tests.compiler.parser.CompletionParserTest2" time="0"/>
  <testcase name="test0078_Diet - 11" classname="org.eclipse.jdt.core.tests.compiler.parser.CompletionParserTest2" time="0"/>
  <testcase name="test0078_Method - 11" classname="org.eclipse.jdt.core.tests.compiler.parser.CompletionParserTest2" time="0"/>
  <testcase name="test0079_Diet - 11" classname="org.eclipse.jdt.core.tests.compiler.parser.CompletionParserTest2" time="0"/>
  <testcase name="test0079_Method - 11" classname="org.eclipse.jdt.core.tests.compiler.parser.CompletionParserTest2" time="0"/>
  <testcase name="test0080_Diet - 11" classname="org.eclipse.jdt.core.tests.compiler.parser.CompletionParserTest2" time="0"/>
  <testcase name="test0080_Diet - 11" classname="org.eclipse.jdt.core.tests.compiler.parser.CompletionParserTestKeyword" time="0"/>
  <testcase name="test0080_Method - 11" classname="org.eclipse.jdt.core.tests.compiler.parser.CompletionParserTest2" time="0"/>
  <testcase name="test0080_Method - 11" classname="org.eclipse.jdt.core.tests.compiler.parser.CompletionParserTestKeyword" time="0"/>
  <testcase name="test0081_Diet - 11" classname="org.eclipse.jdt.core.tests.compiler.parser.CompletionParserTest2" time="0"/>
  <testcase name="test0081_Diet - 11" classname="org.eclipse.jdt.core.tests.compiler.parser.CompletionParserTestKeyword" time="0"/>
  <testcase name="test0081_Method - 11" classname="org.eclipse.jdt.core.tests.compiler.parser.CompletionParserTest2" time="0"/>
  <testcase name="test0081_Method - 11" classname="org.eclipse.jdt.core.tests.compiler.parser.CompletionParserTestKeyword" time="0.001"/>
  <testcase name="test0082_Diet - 11" classname="org.eclipse.jdt.core.tests.compiler.parser.CompletionParserTest2" time="0.001"/>
  <testcase name="test0082_Diet - 11" classname="org.eclipse.jdt.core.tests.compiler.parser.CompletionParserTestKeyword" time="0"/>
  <testcase name="test0082_Method - 11" classname="org.eclipse.jdt.core.tests.compiler.parser.CompletionParserTest2" time="0"/>
  <testcase name="test0082_Method - 11" classname="org.eclipse.jdt.core.tests.compiler.parser.CompletionParserTestKeyword" time="0"/>
  <testcase name="test0083_Diet - 11" classname="org.eclipse.jdt.core.tests.compiler.parser.CompletionParserTest2" time="0"/>
  <testcase name="test0083_Method - 11" classname="org.eclipse.jdt.core.tests.compiler.parser.CompletionParserTest2" time="0"/>
  <testcase name="test0084_Diet - 11" classname="org.eclipse.jdt.core.tests.compiler.parser.CompletionParserTest2" time="0.001"/>
  <testcase name="test0084_Method - 11" classname="org.eclipse.jdt.core.tests.compiler.parser.CompletionParserTest2" time="0"/>
  <testcase name="test0085_Diet - 11" classname="org.eclipse.jdt.core.tests.compiler.parser.CompletionParserTest2" time="0"/>
  <testcase name="test0085_Method - 11" classname="org.eclipse.jdt.core.tests.compiler.parser.CompletionParserTest2" time="0"/>
  <testcase name="test0086_Diet - 11" classname="org.eclipse.jdt.core.tests.compiler.parser.CompletionParserTest2" time="0"/>
  <testcase name="test0086_Method - 11" classname="org.eclipse.jdt.core.tests.compiler.parser.CompletionParserTest2" time="0"/>
  <testcase name="test0087_Diet - 11" classname="org.eclipse.jdt.core.tests.compiler.parser.CompletionParserTest2" time="0"/>
  <testcase name="test0087_Method - 11" classname="org.eclipse.jdt.core.tests.compiler.parser.CompletionParserTest2" time="0.001"/>
  <testcase name="test0088_Diet - 11" classname="org.eclipse.jdt.core.tests.compiler.parser.CompletionParserTest2" time="0"/>
  <testcase name="test0088_Method - 11" classname="org.eclipse.jdt.core.tests.compiler.parser.CompletionParserTest2" time="0"/>
  <testcase name="test0089_Diet - 11" classname="org.eclipse.jdt.core.tests.compiler.parser.CompletionParserTest2" time="0"/>
  <testcase name="test0089_Method - 11" classname="org.eclipse.jdt.core.tests.compiler.parser.CompletionParserTest2" time="0.001"/>
  <testcase name="test0090_Diet - 11" classname="org.eclipse.jdt.core.tests.compiler.parser.CompletionParserTest2" time="0"/>
  <testcase name="test0090_Diet - 11" classname="org.eclipse.jdt.core.tests.compiler.parser.CompletionParserTestKeyword" time="0"/>
  <testcase name="test0090_Method - 11" classname="org.eclipse.jdt.core.tests.compiler.parser.CompletionParserTest2" time="0"/>
  <testcase name="test0090_Method - 11" classname="org.eclipse.jdt.core.tests.compiler.parser.CompletionParserTestKeyword" time="0"/>
  <testcase name="test0091 - 11" classname="org.eclipse.jdt.core.tests.compiler.parser.CompletionParserTest2" time="0"/>
  <testcase name="test0091 - 11" classname="org.eclipse.jdt.core.tests.compiler.parser.GenericsCompletionParserTest" time="0"/>
  <testcase name="test0091 - 11" classname="org.eclipse.jdt.core.tests.compiler.parser.AnnotationCompletionParserTest" time="0"/>
  <testcase name="test0091 - 11" classname="org.eclipse.jdt.core.tests.compiler.parser.TypeAnnotationSyntaxTest" time="0.001"/>
  <testcase name="test0092_Diet - 11" classname="org.eclipse.jdt.core.tests.compiler.parser.CompletionParserTest2" time="0"/>
  <testcase name="test0092_Diet - 11" classname="org.eclipse.jdt.core.tests.compiler.parser.CompletionParserTestKeyword" time="0"/>
  <testcase name="test0092_Method - 11" classname="org.eclipse.jdt.core.tests.compiler.parser.CompletionParserTest2" time="0"/>
  <testcase name="test0092_Method - 11" classname="org.eclipse.jdt.core.tests.compiler.parser.CompletionParserTestKeyword" time="0"/>
  <testcase name="test0093_Diet - 11" classname="org.eclipse.jdt.core.tests.compiler.parser.CompletionParserTest2" time="0"/>
  <testcase name="test0093_Diet - 11" classname="org.eclipse.jdt.core.tests.compiler.parser.CompletionParserTestKeyword" time="0"/>
  <testcase name="test0093_Method - 11" classname="org.eclipse.jdt.core.tests.compiler.parser.CompletionParserTest2" time="0.001"/>
  <testcase name="test0093_Method - 11" classname="org.eclipse.jdt.core.tests.compiler.parser.CompletionParserTestKeyword" time="0"/>
  <testcase name="test0094 - 11" classname="org.eclipse.jdt.core.tests.compiler.parser.CompletionParserTest2" time="0"/>
  <testcase name="test0094 - 11" classname="org.eclipse.jdt.core.tests.compiler.parser.GenericsCompletionParserTest" time="0"/>
  <testcase name="test0094 - 11" classname="org.eclipse.jdt.core.tests.compiler.parser.AnnotationCompletionParserTest" time="0"/>
  <testcase name="test0094 - 11" classname="org.eclipse.jdt.core.tests.compiler.parser.TypeAnnotationSyntaxTest" time="0.001"/>
  <testcase name="test0095_Diet - 11" classname="org.eclipse.jdt.core.tests.compiler.parser.CompletionParserTest2" time="0"/>
  <testcase name="test0095_Diet - 11" classname="org.eclipse.jdt.core.tests.compiler.parser.CompletionParserTestKeyword" time="0"/>
  <testcase name="test0095_Method - 11" classname="org.eclipse.jdt.core.tests.compiler.parser.CompletionParserTest2" time="0"/>
  <testcase name="test0095_Method - 11" classname="org.eclipse.jdt.core.tests.compiler.parser.CompletionParserTestKeyword" time="0"/>
  <testcase name="test0096_Diet - 11" classname="org.eclipse.jdt.core.tests.compiler.parser.CompletionParserTest2" time="0"/>
  <testcase name="test0096_Diet - 11" classname="org.eclipse.jdt.core.tests.compiler.parser.CompletionParserTestKeyword" time="0"/>
  <testcase name="test0096_Method - 11" classname="org.eclipse.jdt.core.tests.compiler.parser.CompletionParserTest2" time="0"/>
  <testcase name="test0096_Method - 11" classname="org.eclipse.jdt.core.tests.compiler.parser.CompletionParserTestKeyword" time="0"/>
  <testcase name="test0097_Diet - 11" classname="org.eclipse.jdt.core.tests.compiler.parser.CompletionParserTest2" time="0"/>
  <testcase name="test0097_Diet - 11" classname="org.eclipse.jdt.core.tests.compiler.parser.CompletionParserTestKeyword" time="0"/>
  <testcase name="test0097_Method - 11" classname="org.eclipse.jdt.core.tests.compiler.parser.CompletionParserTest2" time="0"/>
  <testcase name="test0097_Method - 11" classname="org.eclipse.jdt.core.tests.compiler.parser.CompletionParserTestKeyword" time="0.001"/>
  <testcase name="test0098_Diet - 11" classname="org.eclipse.jdt.core.tests.compiler.parser.CompletionParserTest2" time="0"/>
  <testcase name="test0098_Diet - 11" classname="org.eclipse.jdt.core.tests.compiler.parser.CompletionParserTestKeyword" time="0"/>
  <testcase name="test0098_Method - 11" classname="org.eclipse.jdt.core.tests.compiler.parser.CompletionParserTest2" time="0.001"/>
  <testcase name="test0098_Method - 11" classname="org.eclipse.jdt.core.tests.compiler.parser.CompletionParserTestKeyword" time="0"/>
  <testcase name="test0099_Diet - 11" classname="org.eclipse.jdt.core.tests.compiler.parser.CompletionParserTest2" time="0"/>
  <testcase name="test0099_Diet - 11" classname="org.eclipse.jdt.core.tests.compiler.parser.CompletionParserTestKeyword" time="0"/>
  <testcase name="test0099_Diet - 11" classname="org.eclipse.jdt.core.tests.compiler.parser.GenericsCompletionParserTest" time="0"/>
  <testcase name="test0099_Method - 11" classname="org.eclipse.jdt.core.tests.compiler.parser.CompletionParserTest2" time="0"/>
  <testcase name="test0099_Method - 11" classname="org.eclipse.jdt.core.tests.compiler.parser.CompletionParserTestKeyword" time="0.001"/>
  <testcase name="test0099_Method - 11" classname="org.eclipse.jdt.core.tests.compiler.parser.GenericsCompletionParserTest" time="0"/>
  <testcase name="test0100_Diet - 11" classname="org.eclipse.jdt.core.tests.compiler.parser.CompletionParserTest2" time="0"/>
  <testcase name="test0100_Diet - 11" classname="org.eclipse.jdt.core.tests.compiler.parser.CompletionParserTestKeyword" time="0"/>
  <testcase name="test0100_Diet - 11" classname="org.eclipse.jdt.core.tests.compiler.parser.GenericsCompletionParserTest" time="0"/>
  <testcase name="test0100_Method - 11" classname="org.eclipse.jdt.core.tests.compiler.parser.CompletionParserTest2" time="0"/>
  <testcase name="test0100_Method - 11" classname="org.eclipse.jdt.core.tests.compiler.parser.CompletionParserTestKeyword" time="0"/>
  <testcase name="test0100_Method - 11" classname="org.eclipse.jdt.core.tests.compiler.parser.GenericsCompletionParserTest" time="0"/>
  <testcase name="test0101_Diet - 11" classname="org.eclipse.jdt.core.tests.compiler.parser.CompletionParserTest2" time="0"/>
  <testcase name="test0101_Diet - 11" classname="org.eclipse.jdt.core.tests.compiler.parser.GenericsCompletionParserTest" time="0"/>
  <testcase name="test0101_Method - 11" classname="org.eclipse.jdt.core.tests.compiler.parser.CompletionParserTest2" time="0"/>
  <testcase name="test0101_Method - 11" classname="org.eclipse.jdt.core.tests.compiler.parser.GenericsCompletionParserTest" time="0"/>
  <testcase name="test0102_Diet - 11" classname="org.eclipse.jdt.core.tests.compiler.parser.CompletionParserTest2" time="0"/>
  <testcase name="test0102_Diet - 11" classname="org.eclipse.jdt.core.tests.compiler.parser.GenericsCompletionParserTest" time="0"/>
  <testcase name="test0102_Method - 11" classname="org.eclipse.jdt.core.tests.compiler.parser.CompletionParserTest2" time="0"/>
  <testcase name="test0102_Method - 11" classname="org.eclipse.jdt.core.tests.compiler.parser.GenericsCompletionParserTest" time="0"/>
  <testcase name="test0103_Diet - 11" classname="org.eclipse.jdt.core.tests.compiler.parser.CompletionParserTest2" time="0"/>
  <testcase name="test0103_Diet - 11" classname="org.eclipse.jdt.core.tests.compiler.parser.GenericsCompletionParserTest" time="0"/>
  <testcase name="test0103_Method - 11" classname="org.eclipse.jdt.core.tests.compiler.parser.CompletionParserTest2" time="0"/>
  <testcase name="test0103_Method - 11" classname="org.eclipse.jdt.core.tests.compiler.parser.GenericsCompletionParserTest" time="0"/>
  <testcase name="test0104_Diet - 11" classname="org.eclipse.jdt.core.tests.compiler.parser.CompletionParserTest2" time="0.001"/>
  <testcase name="test0104_Diet - 11" classname="org.eclipse.jdt.core.tests.compiler.parser.GenericsCompletionParserTest" time="0"/>
  <testcase name="test0104_Method - 11" classname="org.eclipse.jdt.core.tests.compiler.parser.CompletionParserTest2" time="0"/>
  <testcase name="test0104_Method - 11" classname="org.eclipse.jdt.core.tests.compiler.parser.GenericsCompletionParserTest" time="0"/>
  <testcase name="test0105_Diet - 11" classname="org.eclipse.jdt.core.tests.compiler.parser.CompletionParserTest2" time="0"/>
  <testcase name="test0105_Diet - 11" classname="org.eclipse.jdt.core.tests.compiler.parser.GenericsCompletionParserTest" time="0"/>
  <testcase name="test0105_Diet - 11" classname="org.eclipse.jdt.core.tests.compiler.parser.AnnotationCompletionParserTest" time="0"/>
  <testcase name="test0105_Method - 11" classname="org.eclipse.jdt.core.tests.compiler.parser.CompletionParserTest2" time="0"/>
  <testcase name="test0105_Method - 11" classname="org.eclipse.jdt.core.tests.compiler.parser.GenericsCompletionParserTest" time="0"/>
  <testcase name="test0105_Method - 11" classname="org.eclipse.jdt.core.tests.compiler.parser.AnnotationCompletionParserTest" time="0"/>
  <testcase name="test0106_Diet - 11" classname="org.eclipse.jdt.core.tests.compiler.parser.CompletionParserTest2" time="0"/>
  <testcase name="test0106_Diet - 11" classname="org.eclipse.jdt.core.tests.compiler.parser.GenericsCompletionParserTest" time="0"/>
  <testcase name="test0106_Diet - 11" classname="org.eclipse.jdt.core.tests.compiler.parser.AnnotationCompletionParserTest" time="0"/>
  <testcase name="test0106_Method - 11" classname="org.eclipse.jdt.core.tests.compiler.parser.CompletionParserTest2" time="0"/>
  <testcase name="test0106_Method - 11" classname="org.eclipse.jdt.core.tests.compiler.parser.GenericsCompletionParserTest" time="0"/>
  <testcase name="test0106_Method - 11" classname="org.eclipse.jdt.core.tests.compiler.parser.AnnotationCompletionParserTest" time="0.001"/>
  <testcase name="test0107_Diet - 11" classname="org.eclipse.jdt.core.tests.compiler.parser.CompletionParserTest2" time="0"/>
  <testcase name="test0107_Diet - 11" classname="org.eclipse.jdt.core.tests.compiler.parser.CompletionParserTestKeyword" time="0"/>
  <testcase name="test0107_Diet - 11" classname="org.eclipse.jdt.core.tests.compiler.parser.GenericsCompletionParserTest" time="0"/>
  <testcase name="test0107_Diet - 11" classname="org.eclipse.jdt.core.tests.compiler.parser.AnnotationCompletionParserTest" time="0"/>
  <testcase name="test0107_Method - 11" classname="org.eclipse.jdt.core.tests.compiler.parser.CompletionParserTest2" time="0"/>
  <testcase name="test0107_Method - 11" classname="org.eclipse.jdt.core.tests.compiler.parser.CompletionParserTestKeyword" time="0"/>
  <testcase name="test0107_Method - 11" classname="org.eclipse.jdt.core.tests.compiler.parser.GenericsCompletionParserTest" time="0.001"/>
  <testcase name="test0107_Method - 11" classname="org.eclipse.jdt.core.tests.compiler.parser.AnnotationCompletionParserTest" time="0"/>
  <testcase name="test0108_Diet - 11" classname="org.eclipse.jdt.core.tests.compiler.parser.CompletionParserTest2" time="0.001"/>
  <testcase name="test0108_Diet - 11" classname="org.eclipse.jdt.core.tests.compiler.parser.CompletionParserTestKeyword" time="0"/>
  <testcase name="test0108_Diet - 11" classname="org.eclipse.jdt.core.tests.compiler.parser.GenericsCompletionParserTest" time="0"/>
  <testcase name="test0108_Diet - 11" classname="org.eclipse.jdt.core.tests.compiler.parser.AnnotationCompletionParserTest" time="0"/>
  <testcase name="test0108_Method - 11" classname="org.eclipse.jdt.core.tests.compiler.parser.CompletionParserTest2" time="0"/>
  <testcase name="test0108_Method - 11" classname="org.eclipse.jdt.core.tests.compiler.parser.CompletionParserTestKeyword" time="0"/>
  <testcase name="test0108_Method - 11" classname="org.eclipse.jdt.core.tests.compiler.parser.GenericsCompletionParserTest" time="0"/>
  <testcase name="test0108_Method - 11" classname="org.eclipse.jdt.core.tests.compiler.parser.AnnotationCompletionParserTest" time="0"/>
  <testcase name="test0109_Diet - 11" classname="org.eclipse.jdt.core.tests.compiler.parser.CompletionParserTest2" time="0"/>
  <testcase name="test0109_Diet - 11" classname="org.eclipse.jdt.core.tests.compiler.parser.CompletionParserTestKeyword" time="0"/>
  <testcase name="test0109_Diet - 11" classname="org.eclipse.jdt.core.tests.compiler.parser.GenericsCompletionParserTest" time="0"/>
  <testcase name="test0109_Diet - 11" classname="org.eclipse.jdt.core.tests.compiler.parser.AnnotationCompletionParserTest" time="0"/>
  <testcase name="test0109_Method - 11" classname="org.eclipse.jdt.core.tests.compiler.parser.CompletionParserTest2" time="0"/>
  <testcase name="test0109_Method - 11" classname="org.eclipse.jdt.core.tests.compiler.parser.CompletionParserTestKeyword" time="0"/>
  <testcase name="test0109_Method - 11" classname="org.eclipse.jdt.core.tests.compiler.parser.GenericsCompletionParserTest" time="0"/>
  <testcase name="test0109_Method - 11" classname="org.eclipse.jdt.core.tests.compiler.parser.AnnotationCompletionParserTest" time="0"/>
  <testcase name="test0110_Diet - 11" classname="org.eclipse.jdt.core.tests.compiler.parser.CompletionParserTest2" time="0"/>
  <testcase name="test0110_Diet - 11" classname="org.eclipse.jdt.core.tests.compiler.parser.CompletionParserTestKeyword" time="0"/>
  <testcase name="test0110_Diet - 11" classname="org.eclipse.jdt.core.tests.compiler.parser.GenericsCompletionParserTest" time="0"/>
  <testcase name="test0110_Diet - 11" classname="org.eclipse.jdt.core.tests.compiler.parser.AnnotationCompletionParserTest" time="0.001"/>
  <testcase name="test0110_Method - 11" classname="org.eclipse.jdt.core.tests.compiler.parser.CompletionParserTest2" time="0"/>
  <testcase name="test0110_Method - 11" classname="org.eclipse.jdt.core.tests.compiler.parser.CompletionParserTestKeyword" time="0"/>
  <testcase name="test0110_Method - 11" classname="org.eclipse.jdt.core.tests.compiler.parser.GenericsCompletionParserTest" time="0"/>
  <testcase name="test0110_Method - 11" classname="org.eclipse.jdt.core.tests.compiler.parser.AnnotationCompletionParserTest" time="0"/>
  <testcase name="test0111_Diet - 11" classname="org.eclipse.jdt.core.tests.compiler.parser.CompletionParserTest2" time="0"/>
  <testcase name="test0111_Diet - 11" classname="org.eclipse.jdt.core.tests.compiler.parser.GenericsCompletionParserTest" time="0"/>
  <testcase name="test0111_Diet - 11" classname="org.eclipse.jdt.core.tests.compiler.parser.AnnotationCompletionParserTest" time="0"/>
  <testcase name="test0111_Method - 11" classname="org.eclipse.jdt.core.tests.compiler.parser.CompletionParserTest2" time="0.001"/>
  <testcase name="test0111_Method - 11" classname="org.eclipse.jdt.core.tests.compiler.parser.GenericsCompletionParserTest" time="0"/>
  <testcase name="test0111_Method - 11" classname="org.eclipse.jdt.core.tests.compiler.parser.AnnotationCompletionParserTest" time="0"/>
  <testcase name="test0112_Diet - 11" classname="org.eclipse.jdt.core.tests.compiler.parser.CompletionParserTest2" time="0"/>
  <testcase name="test0112_Diet - 11" classname="org.eclipse.jdt.core.tests.compiler.parser.GenericsCompletionParserTest" time="0.001"/>
  <testcase name="test0112_Diet - 11" classname="org.eclipse.jdt.core.tests.compiler.parser.AnnotationCompletionParserTest" time="0"/>
  <testcase name="test0112_Method - 11" classname="org.eclipse.jdt.core.tests.compiler.parser.CompletionParserTest2" time="0"/>
  <testcase name="test0112_Method - 11" classname="org.eclipse.jdt.core.tests.compiler.parser.GenericsCompletionParserTest" time="0"/>
  <testcase name="test0112_Method - 11" classname="org.eclipse.jdt.core.tests.compiler.parser.AnnotationCompletionParserTest" time="0.001"/>
  <testcase name="test0113_Diet - 11" classname="org.eclipse.jdt.core.tests.compiler.parser.CompletionParserTest2" time="0"/>
  <testcase name="test0113_Diet - 11" classname="org.eclipse.jdt.core.tests.compiler.parser.GenericsCompletionParserTest" time="0"/>
  <testcase name="test0113_Diet - 11" classname="org.eclipse.jdt.core.tests.compiler.parser.AnnotationCompletionParserTest" time="0"/>
  <testcase name="test0113_Method - 11" classname="org.eclipse.jdt.core.tests.compiler.parser.CompletionParserTest2" time="0.001"/>
  <testcase name="test0113_Method - 11" classname="org.eclipse.jdt.core.tests.compiler.parser.GenericsCompletionParserTest" time="0"/>
  <testcase name="test0113_Method - 11" classname="org.eclipse.jdt.core.tests.compiler.parser.AnnotationCompletionParserTest" time="0"/>
  <testcase name="test0114_Diet - 11" classname="org.eclipse.jdt.core.tests.compiler.parser.CompletionParserTest2" time="0"/>
  <testcase name="test0114_Diet - 11" classname="org.eclipse.jdt.core.tests.compiler.parser.GenericsCompletionParserTest" time="0"/>
  <testcase name="test0114_Diet - 11" classname="org.eclipse.jdt.core.tests.compiler.parser.AnnotationCompletionParserTest" time="0"/>
  <testcase name="test0114_Method - 11" classname="org.eclipse.jdt.core.tests.compiler.parser.CompletionParserTest2" time="0"/>
  <testcase name="test0114_Method - 11" classname="org.eclipse.jdt.core.tests.compiler.parser.GenericsCompletionParserTest" time="0.001"/>
  <testcase name="test0114_Method - 11" classname="org.eclipse.jdt.core.tests.compiler.parser.AnnotationCompletionParserTest" time="0"/>
  <testcase name="test0115_Diet - 11" classname="org.eclipse.jdt.core.tests.compiler.parser.CompletionParserTest2" time="0"/>
  <testcase name="test0115_Diet - 11" classname="org.eclipse.jdt.core.tests.compiler.parser.GenericsCompletionParserTest" time="0"/>
  <testcase name="test0115_Method - 11" classname="org.eclipse.jdt.core.tests.compiler.parser.CompletionParserTest2" time="0"/>
  <testcase name="test0115_Method - 11" classname="org.eclipse.jdt.core.tests.compiler.parser.GenericsCompletionParserTest" time="0"/>
  <testcase name="test0116_Diet - 11" classname="org.eclipse.jdt.core.tests.compiler.parser.CompletionParserTest2" time="0"/>
  <testcase name="test0116_Diet - 11" classname="org.eclipse.jdt.core.tests.compiler.parser.GenericsCompletionParserTest" time="0"/>
  <testcase name="test0116_Method - 11" classname="org.eclipse.jdt.core.tests.compiler.parser.CompletionParserTest2" time="0"/>
  <testcase name="test0116_Method - 11" classname="org.eclipse.jdt.core.tests.compiler.parser.GenericsCompletionParserTest" time="0.001"/>
  <testcase name="test0117_Diet - 11" classname="org.eclipse.jdt.core.tests.compiler.parser.CompletionParserTest2" time="0.001"/>
  <testcase name="test0117_Diet - 11" classname="org.eclipse.jdt.core.tests.compiler.parser.GenericsCompletionParserTest" time="0"/>
  <testcase name="test0117_Method - 11" classname="org.eclipse.jdt.core.tests.compiler.parser.CompletionParserTest2" time="0"/>
  <testcase name="test0117_Method - 11" classname="org.eclipse.jdt.core.tests.compiler.parser.GenericsCompletionParserTest" time="0"/>
  <testcase name="test0118_Diet - 11" classname="org.eclipse.jdt.core.tests.compiler.parser.CompletionParserTest2" time="0"/>
  <testcase name="test0118_Diet - 11" classname="org.eclipse.jdt.core.tests.compiler.parser.GenericsCompletionParserTest" time="0"/>
  <testcase name="test0118_Method - 11" classname="org.eclipse.jdt.core.tests.compiler.parser.CompletionParserTest2" time="0"/>
  <testcase name="test0118_Method - 11" classname="org.eclipse.jdt.core.tests.compiler.parser.GenericsCompletionParserTest" time="0"/>
  <testcase name="test0119_Diet - 11" classname="org.eclipse.jdt.core.tests.compiler.parser.CompletionParserTest2" time="0"/>
  <testcase name="test0119_Diet - 11" classname="org.eclipse.jdt.core.tests.compiler.parser.GenericsCompletionParserTest" time="0"/>
  <testcase name="test0119_Diet - 11" classname="org.eclipse.jdt.core.tests.compiler.parser.AnnotationCompletionParserTest" time="0"/>
  <testcase name="test0119_Method - 11" classname="org.eclipse.jdt.core.tests.compiler.parser.CompletionParserTest2" time="0"/>
  <testcase name="test0119_Method - 11" classname="org.eclipse.jdt.core.tests.compiler.parser.GenericsCompletionParserTest" time="0"/>
  <testcase name="test0119_Method - 11" classname="org.eclipse.jdt.core.tests.compiler.parser.AnnotationCompletionParserTest" time="0"/>
  <testcase name="test0120_Diet - 11" classname="org.eclipse.jdt.core.tests.compiler.parser.CompletionParserTest2" time="0"/>
  <testcase name="test0120_Diet - 11" classname="org.eclipse.jdt.core.tests.compiler.parser.GenericsCompletionParserTest" time="0"/>
  <testcase name="test0120_Diet - 11" classname="org.eclipse.jdt.core.tests.compiler.parser.AnnotationCompletionParserTest" time="0"/>
  <testcase name="test0120_Method - 11" classname="org.eclipse.jdt.core.tests.compiler.parser.CompletionParserTest2" time="0.001"/>
  <testcase name="test0120_Method - 11" classname="org.eclipse.jdt.core.tests.compiler.parser.GenericsCompletionParserTest" time="0"/>
  <testcase name="test0120_Method - 11" classname="org.eclipse.jdt.core.tests.compiler.parser.AnnotationCompletionParserTest" time="0"/>
  <testcase name="test0121_Diet - 11" classname="org.eclipse.jdt.core.tests.compiler.parser.CompletionParserTest2" time="0"/>
  <testcase name="test0121_Diet - 11" classname="org.eclipse.jdt.core.tests.compiler.parser.GenericsCompletionParserTest" time="0.001"/>
  <testcase name="test0121_Method - 11" classname="org.eclipse.jdt.core.tests.compiler.parser.CompletionParserTest2" time="0"/>
  <testcase name="test0121_Method - 11" classname="org.eclipse.jdt.core.tests.compiler.parser.GenericsCompletionParserTest" time="0"/>
  <testcase name="test0122_Diet - 11" classname="org.eclipse.jdt.core.tests.compiler.parser.CompletionParserTest2" time="0"/>
  <testcase name="test0122_Diet - 11" classname="org.eclipse.jdt.core.tests.compiler.parser.GenericsCompletionParserTest" time="0"/>
  <testcase name="test0122_Method - 11" classname="org.eclipse.jdt.core.tests.compiler.parser.CompletionParserTest2" time="0"/>
  <testcase name="test0122_Method - 11" classname="org.eclipse.jdt.core.tests.compiler.parser.GenericsCompletionParserTest" time="0"/>
  <testcase name="test0123_Diet - 11" classname="org.eclipse.jdt.core.tests.compiler.parser.CompletionParserTest2" time="0"/>
  <testcase name="test0123_Diet - 11" classname="org.eclipse.jdt.core.tests.compiler.parser.GenericsCompletionParserTest" time="0.001"/>
  <testcase name="test0123_Method - 11" classname="org.eclipse.jdt.core.tests.compiler.parser.CompletionParserTest2" time="0"/>
  <testcase name="test0123_Method - 11" classname="org.eclipse.jdt.core.tests.compiler.parser.GenericsCompletionParserTest" time="0"/>
  <testcase name="test0124_Diet - 11" classname="org.eclipse.jdt.core.tests.compiler.parser.CompletionParserTest2" time="0.001"/>
  <testcase name="test0124_Diet - 11" classname="org.eclipse.jdt.core.tests.compiler.parser.GenericsCompletionParserTest" time="0"/>
  <testcase name="test0124_Method - 11" classname="org.eclipse.jdt.core.tests.compiler.parser.CompletionParserTest2" time="0"/>
  <testcase name="test0124_Method - 11" classname="org.eclipse.jdt.core.tests.compiler.parser.GenericsCompletionParserTest" time="0"/>
  <testcase name="test0125_Diet - 11" classname="org.eclipse.jdt.core.tests.compiler.parser.CompletionParserTest2" time="0"/>
  <testcase name="test0125_Diet - 11" classname="org.eclipse.jdt.core.tests.compiler.parser.GenericsCompletionParserTest" time="0.001"/>
  <testcase name="test0125_Method - 11" classname="org.eclipse.jdt.core.tests.compiler.parser.CompletionParserTest2" time="0"/>
  <testcase name="test0125_Method - 11" classname="org.eclipse.jdt.core.tests.compiler.parser.GenericsCompletionParserTest" time="0"/>
  <testcase name="test0126_Diet - 11" classname="org.eclipse.jdt.core.tests.compiler.parser.CompletionParserTest2" time="0"/>
  <testcase name="test0126_Diet - 11" classname="org.eclipse.jdt.core.tests.compiler.parser.GenericsCompletionParserTest" time="0"/>
  <testcase name="test0126_Method - 11" classname="org.eclipse.jdt.core.tests.compiler.parser.CompletionParserTest2" time="0"/>
  <testcase name="test0126_Method - 11" classname="org.eclipse.jdt.core.tests.compiler.parser.GenericsCompletionParserTest" time="0"/>
  <testcase name="test0127 - 11" classname="org.eclipse.jdt.core.tests.compiler.parser.CompletionParserTest2" time="0"/>
  <testcase name="test0127 - 11" classname="org.eclipse.jdt.core.tests.compiler.parser.CompletionParserTestKeyword" time="0"/>
  <testcase name="test0127 - 11" classname="org.eclipse.jdt.core.tests.compiler.parser.AnnotationCompletionParserTest" time="0"/>
  <testcase name="test0127 - 11" classname="org.eclipse.jdt.core.tests.compiler.parser.TypeAnnotationSyntaxTest" time="0.001"/>
  <testcase name="test0128_Diet - 11" classname="org.eclipse.jdt.core.tests.compiler.parser.CompletionParserTest2" time="0.001"/>
  <testcase name="test0128_Diet - 11" classname="org.eclipse.jdt.core.tests.compiler.parser.GenericsCompletionParserTest" time="0"/>
  <testcase name="test0128_Method - 11" classname="org.eclipse.jdt.core.tests.compiler.parser.CompletionParserTest2" time="0"/>
  <testcase name="test0128_Method - 11" classname="org.eclipse.jdt.core.tests.compiler.parser.GenericsCompletionParserTest" time="0"/>
  <testcase name="test0129_Diet - 11" classname="org.eclipse.jdt.core.tests.compiler.parser.CompletionParserTest2" time="0"/>
  <testcase name="test0129_Diet - 11" classname="org.eclipse.jdt.core.tests.compiler.parser.GenericsCompletionParserTest" time="0"/>
  <testcase name="test0129_Method - 11" classname="org.eclipse.jdt.core.tests.compiler.parser.CompletionParserTest2" time="0.001"/>
  <testcase name="test0129_Method - 11" classname="org.eclipse.jdt.core.tests.compiler.parser.GenericsCompletionParserTest" time="0"/>
  <testcase name="test0130_Diet - 11" classname="org.eclipse.jdt.core.tests.compiler.parser.CompletionParserTest2" time="0"/>
  <testcase name="test0130_Diet - 11" classname="org.eclipse.jdt.core.tests.compiler.parser.GenericsCompletionParserTest" time="0"/>
  <testcase name="test0130_Method - 11" classname="org.eclipse.jdt.core.tests.compiler.parser.CompletionParserTest2" time="0"/>
  <testcase name="test0130_Method - 11" classname="org.eclipse.jdt.core.tests.compiler.parser.GenericsCompletionParserTest" time="0"/>
  <testcase name="test0131_Diet - 11" classname="org.eclipse.jdt.core.tests.compiler.parser.CompletionParserTest2" time="0.001"/>
  <testcase name="test0131_Diet - 11" classname="org.eclipse.jdt.core.tests.compiler.parser.GenericsCompletionParserTest" time="0"/>
  <testcase name="test0131_Method - 11" classname="org.eclipse.jdt.core.tests.compiler.parser.CompletionParserTest2" time="0"/>
  <testcase name="test0131_Method - 11" classname="org.eclipse.jdt.core.tests.compiler.parser.GenericsCompletionParserTest" time="0"/>
  <testcase name="test0132_Diet - 11" classname="org.eclipse.jdt.core.tests.compiler.parser.CompletionParserTest2" time="0"/>
  <testcase name="test0132_Diet - 11" classname="org.eclipse.jdt.core.tests.compiler.parser.GenericsCompletionParserTest" time="0"/>
  <testcase name="test0132_Method - 11" classname="org.eclipse.jdt.core.tests.compiler.parser.CompletionParserTest2" time="0"/>
  <testcase name="test0132_Method - 11" classname="org.eclipse.jdt.core.tests.compiler.parser.GenericsCompletionParserTest" time="0"/>
  <testcase name="test0133_Diet - 11" classname="org.eclipse.jdt.core.tests.compiler.parser.CompletionParserTest2" time="0"/>
  <testcase name="test0133_Diet - 11" classname="org.eclipse.jdt.core.tests.compiler.parser.GenericsCompletionParserTest" time="0.001"/>
  <testcase name="test0133_Method - 11" classname="org.eclipse.jdt.core.tests.compiler.parser.CompletionParserTest2" time="0"/>
  <testcase name="test0133_Method - 11" classname="org.eclipse.jdt.core.tests.compiler.parser.GenericsCompletionParserTest" time="0"/>
  <testcase name="test0134 - 11" classname="org.eclipse.jdt.core.tests.compiler.parser.CompletionParserTest2" time="0.001"/>
  <testcase name="test0134 - 11" classname="org.eclipse.jdt.core.tests.compiler.parser.CompletionParserTestKeyword" time="0"/>
  <testcase name="test0134 - 11" classname="org.eclipse.jdt.core.tests.compiler.parser.TypeAnnotationSyntaxTest" time="0"/>
  <testcase name="test0135_Diet - 11" classname="org.eclipse.jdt.core.tests.compiler.parser.CompletionParserTest2" time="0"/>
  <testcase name="test0135_Diet - 11" classname="org.eclipse.jdt.core.tests.compiler.parser.GenericsCompletionParserTest" time="0"/>
  <testcase name="test0135_Method - 11" classname="org.eclipse.jdt.core.tests.compiler.parser.CompletionParserTest2" time="0"/>
  <testcase name="test0135_Method - 11" classname="org.eclipse.jdt.core.tests.compiler.parser.GenericsCompletionParserTest" time="0"/>
  <testcase name="test0136 - 11" classname="org.eclipse.jdt.core.tests.compiler.parser.CompletionParserTest2" time="0"/>
  <testcase name="test0136 - 11" classname="org.eclipse.jdt.core.tests.compiler.parser.CompletionParserTestKeyword" time="0"/>
  <testcase name="test0136 - 11" classname="org.eclipse.jdt.core.tests.compiler.parser.TypeAnnotationSyntaxTest" time="0"/>
  <testcase name="test0137_Diet - 11" classname="org.eclipse.jdt.core.tests.compiler.parser.CompletionParserTest2" time="0"/>
  <testcase name="test0137_Diet - 11" classname="org.eclipse.jdt.core.tests.compiler.parser.GenericsCompletionParserTest" time="0"/>
  <testcase name="test0137_Method - 11" classname="org.eclipse.jdt.core.tests.compiler.parser.CompletionParserTest2" time="0"/>
  <testcase name="test0137_Method - 11" classname="org.eclipse.jdt.core.tests.compiler.parser.GenericsCompletionParserTest" time="0"/>
  <testcase name="test0138_Diet - 11" classname="org.eclipse.jdt.core.tests.compiler.parser.CompletionParserTest2" time="0"/>
  <testcase name="test0138_Diet - 11" classname="org.eclipse.jdt.core.tests.compiler.parser.GenericsCompletionParserTest" time="0"/>
  <testcase name="test0138_Method - 11" classname="org.eclipse.jdt.core.tests.compiler.parser.CompletionParserTest2" time="0.001"/>
  <testcase name="test0138_Method - 11" classname="org.eclipse.jdt.core.tests.compiler.parser.GenericsCompletionParserTest" time="0"/>
  <testcase name="test0139 - 11" classname="org.eclipse.jdt.core.tests.compiler.parser.CompletionParserTest2" time="0"/>
  <testcase name="test0139 - 11" classname="org.eclipse.jdt.core.tests.compiler.parser.CompletionParserTestKeyword" time="0"/>
  <testcase name="test0139 - 11" classname="org.eclipse.jdt.core.tests.compiler.parser.TypeAnnotationSyntaxTest" time="0"/>
  <testcase name="test0140 - 11" classname="org.eclipse.jdt.core.tests.compiler.parser.CompletionParserTest2" time="0"/>
  <testcase name="test0140 - 11" classname="org.eclipse.jdt.core.tests.compiler.parser.CompletionParserTestKeyword" time="0"/>
  <testcase name="test0141 - 11" classname="org.eclipse.jdt.core.tests.compiler.parser.CompletionParserTest2" time="0.001"/>
  <testcase name="test0141 - 11" classname="org.eclipse.jdt.core.tests.compiler.parser.CompletionParserTestKeyword" time="0"/>
  <testcase name="test0142_Diet - 11" classname="org.eclipse.jdt.core.tests.compiler.parser.CompletionParserTest2" time="0"/>
  <testcase name="test0142_Diet - 11" classname="org.eclipse.jdt.core.tests.compiler.parser.GenericsCompletionParserTest" time="0"/>
  <testcase name="test0142_Method - 11" classname="org.eclipse.jdt.core.tests.compiler.parser.CompletionParserTest2" time="0"/>
  <testcase name="test0142_Method - 11" classname="org.eclipse.jdt.core.tests.compiler.parser.GenericsCompletionParserTest" time="0.001"/>
  <testcase name="test0143_Diet - 11" classname="org.eclipse.jdt.core.tests.compiler.parser.CompletionParserTest2" time="0.001"/>
  <testcase name="test0143_Diet - 11" classname="org.eclipse.jdt.core.tests.compiler.parser.GenericsCompletionParserTest" time="0"/>
  <testcase name="test0143_Method - 11" classname="org.eclipse.jdt.core.tests.compiler.parser.CompletionParserTest2" time="0"/>
  <testcase name="test0143_Method - 11" classname="org.eclipse.jdt.core.tests.compiler.parser.GenericsCompletionParserTest" time="0"/>
  <testcase name="test0144_Diet - 11" classname="org.eclipse.jdt.core.tests.compiler.parser.CompletionParserTest2" time="0"/>
  <testcase name="test0144_Diet - 11" classname="org.eclipse.jdt.core.tests.compiler.parser.GenericsCompletionParserTest" time="0"/>
  <testcase name="test0144_Method - 11" classname="org.eclipse.jdt.core.tests.compiler.parser.CompletionParserTest2" time="0"/>
  <testcase name="test0144_Method - 11" classname="org.eclipse.jdt.core.tests.compiler.parser.GenericsCompletionParserTest" time="0"/>
  <testcase name="test0145_Diet - 11" classname="org.eclipse.jdt.core.tests.compiler.parser.CompletionParserTest2" time="0"/>
  <testcase name="test0145_Diet - 11" classname="org.eclipse.jdt.core.tests.compiler.parser.GenericsCompletionParserTest" time="0.001"/>
  <testcase name="test0145_Method - 11" classname="org.eclipse.jdt.core.tests.compiler.parser.CompletionParserTest2" time="0"/>
  <testcase name="test0145_Method - 11" classname="org.eclipse.jdt.core.tests.compiler.parser.GenericsCompletionParserTest" time="0"/>
  <testcase name="test0146_Diet - 11" classname="org.eclipse.jdt.core.tests.compiler.parser.CompletionParserTest2" time="0"/>
  <testcase name="test0146_Method - 11" classname="org.eclipse.jdt.core.tests.compiler.parser.CompletionParserTest2" time="0.001"/>
  <testcase name="test0147 - 11" classname="org.eclipse.jdt.core.tests.compiler.parser.CompletionParserTest2" time="0"/>
  <testcase name="test0147 - 11" classname="org.eclipse.jdt.core.tests.compiler.parser.GenericsCompletionParserTest" time="0"/>
  <testcase name="test0148 - 11" classname="org.eclipse.jdt.core.tests.compiler.parser.CompletionParserTest2" time="0"/>
  <testcase name="test0148 - 11" classname="org.eclipse.jdt.core.tests.compiler.parser.GenericsCompletionParserTest" time="0"/>
  <testcase name="test0149_Diet - 11" classname="org.eclipse.jdt.core.tests.compiler.parser.CompletionParserTest2" time="0.001"/>
  <testcase name="test0149_Method - 11" classname="org.eclipse.jdt.core.tests.compiler.parser.CompletionParserTest2" time="0"/>
  <testcase name="test0150_Diet - 11" classname="org.eclipse.jdt.core.tests.compiler.parser.CompletionParserTest2" time="0"/>
  <testcase name="test0150_Method - 11" classname="org.eclipse.jdt.core.tests.compiler.parser.CompletionParserTest2" time="0.001"/>
  <testcase name="test0151_Diet - 11" classname="org.eclipse.jdt.core.tests.compiler.parser.CompletionParserTest2" time="0"/>
  <testcase name="test0151_Method - 11" classname="org.eclipse.jdt.core.tests.compiler.parser.CompletionParserTest2" time="0"/>
  <testcase name="test0152 - 11" classname="org.eclipse.jdt.core.tests.compiler.parser.CompletionParserTest2" time="0"/>
  <testcase name="test0152 - 11" classname="org.eclipse.jdt.core.tests.compiler.parser.CompletionParserTestKeyword" time="0"/>
  <testcase name="test0152 - 11" classname="org.eclipse.jdt.core.tests.compiler.parser.GenericsCompletionParserTest" time="0"/>
  <testcase name="test0153_Diet - 11" classname="org.eclipse.jdt.core.tests.compiler.parser.CompletionParserTest2" time="0"/>
  <testcase name="test0153_Method - 11" classname="org.eclipse.jdt.core.tests.compiler.parser.CompletionParserTest2" time="0"/>
  <testcase name="test0154_Diet - 11" classname="org.eclipse.jdt.core.tests.compiler.parser.CompletionParserTest2" time="0"/>
  <testcase name="test0154_Method - 11" classname="org.eclipse.jdt.core.tests.compiler.parser.CompletionParserTest2" time="0.001"/>
  <testcase name="test0155_Diet - 11" classname="org.eclipse.jdt.core.tests.compiler.parser.CompletionParserTest2" time="0"/>
  <testcase name="test0155_Method - 11" classname="org.eclipse.jdt.core.tests.compiler.parser.CompletionParserTest2" time="0"/>
  <testcase name="test0156_Diet - 11" classname="org.eclipse.jdt.core.tests.compiler.parser.CompletionParserTest2" time="0"/>
  <testcase name="test0156_Method - 11" classname="org.eclipse.jdt.core.tests.compiler.parser.CompletionParserTest2" time="0"/>
  <testcase name="test0157_Diet - 11" classname="org.eclipse.jdt.core.tests.compiler.parser.CompletionParserTest2" time="0"/>
  <testcase name="test0157_Method - 11" classname="org.eclipse.jdt.core.tests.compiler.parser.CompletionParserTest2" time="0"/>
  <testcase name="test0158_Diet - 11" classname="org.eclipse.jdt.core.tests.compiler.parser.CompletionParserTest2" time="0"/>
  <testcase name="test0158_Method - 11" classname="org.eclipse.jdt.core.tests.compiler.parser.CompletionParserTest2" time="0"/>
  <testcase name="test0159 - 11" classname="org.eclipse.jdt.core.tests.compiler.parser.CompletionParserTest2" time="0"/>
  <testcase name="test0159 - 11" classname="org.eclipse.jdt.core.tests.compiler.parser.CompletionParserTestKeyword" time="0"/>
  <testcase name="test0160 - 11" classname="org.eclipse.jdt.core.tests.compiler.parser.CompletionParserTest2" time="0"/>
  <testcase name="test0160 - 11" classname="org.eclipse.jdt.core.tests.compiler.parser.CompletionParserTestKeyword" time="0"/>
  <testcase name="test0161 - 11" classname="org.eclipse.jdt.core.tests.compiler.parser.CompletionParserTest2" time="0.001"/>
  <testcase name="test0161 - 11" classname="org.eclipse.jdt.core.tests.compiler.parser.CompletionParserTestKeyword" time="0"/>
  <testcase name="test0161 - 11" classname="org.eclipse.jdt.core.tests.compiler.parser.GenericsCompletionParserTest" time="0"/>
  <testcase name="test0162 - 11" classname="org.eclipse.jdt.core.tests.compiler.parser.CompletionParserTest2" time="0"/>
  <testcase name="test0162 - 11" classname="org.eclipse.jdt.core.tests.compiler.parser.CompletionParserTestKeyword" time="0"/>
  <testcase name="test0162 - 11" classname="org.eclipse.jdt.core.tests.compiler.parser.GenericsCompletionParserTest" time="0"/>
  <testcase name="test0163 - 11" classname="org.eclipse.jdt.core.tests.compiler.parser.CompletionParserTest2" time="0"/>
  <testcase name="test0163 - 11" classname="org.eclipse.jdt.core.tests.compiler.parser.CompletionParserTestKeyword" time="0"/>
  <testcase name="test0163 - 11" classname="org.eclipse.jdt.core.tests.compiler.parser.GenericsCompletionParserTest" time="0"/>
  <testcase name="test0164 - 11" classname="org.eclipse.jdt.core.tests.compiler.parser.CompletionParserTest2" time="0"/>
  <testcase name="test0164 - 11" classname="org.eclipse.jdt.core.tests.compiler.parser.CompletionParserTestKeyword" time="0"/>
  <testcase name="test0164 - 11" classname="org.eclipse.jdt.core.tests.compiler.parser.GenericsCompletionParserTest" time="0"/>
  <testcase name="test0165_Diet - 11" classname="org.eclipse.jdt.core.tests.compiler.parser.CompletionParserTest2" time="0"/>
  <testcase name="test0165_Diet - 11" classname="org.eclipse.jdt.core.tests.compiler.parser.GenericsCompletionParserTest" time="0"/>
  <testcase name="test0165_Method - 11" classname="org.eclipse.jdt.core.tests.compiler.parser.CompletionParserTest2" time="0"/>
  <testcase name="test0165_Method - 11" classname="org.eclipse.jdt.core.tests.compiler.parser.GenericsCompletionParserTest" time="0"/>
  <testcase name="test0166_Diet - 11" classname="org.eclipse.jdt.core.tests.compiler.parser.CompletionParserTest2" time="0"/>
  <testcase name="test0166_Diet - 11" classname="org.eclipse.jdt.core.tests.compiler.parser.GenericsCompletionParserTest" time="0"/>
  <testcase name="test0166_Method - 11" classname="org.eclipse.jdt.core.tests.compiler.parser.CompletionParserTest2" time="0"/>
  <testcase name="test0166_Method - 11" classname="org.eclipse.jdt.core.tests.compiler.parser.GenericsCompletionParserTest" time="0.001"/>
  <testcase name="test0167_Diet - 11" classname="org.eclipse.jdt.core.tests.compiler.parser.CompletionParserTest2" time="0"/>
  <testcase name="test0167_Diet - 11" classname="org.eclipse.jdt.core.tests.compiler.parser.GenericsCompletionParserTest" time="0"/>
  <testcase name="test0167_Method - 11" classname="org.eclipse.jdt.core.tests.compiler.parser.CompletionParserTest2" time="0"/>
  <testcase name="test0167_Method - 11" classname="org.eclipse.jdt.core.tests.compiler.parser.GenericsCompletionParserTest" time="0"/>
  <testcase name="test0168_Diet - 11" classname="org.eclipse.jdt.core.tests.compiler.parser.CompletionParserTest2" time="0"/>
  <testcase name="test0168_Diet - 11" classname="org.eclipse.jdt.core.tests.compiler.parser.GenericsCompletionParserTest" time="0"/>
  <testcase name="test0168_Method - 11" classname="org.eclipse.jdt.core.tests.compiler.parser.CompletionParserTest2" time="0"/>
  <testcase name="test0168_Method - 11" classname="org.eclipse.jdt.core.tests.compiler.parser.GenericsCompletionParserTest" time="0.001"/>
  <testcase name="test0169_Diet - 11" classname="org.eclipse.jdt.core.tests.compiler.parser.CompletionParserTest2" time="0.001"/>
  <testcase name="test0169_Method - 11" classname="org.eclipse.jdt.core.tests.compiler.parser.CompletionParserTest2" time="0"/>
  <testcase name="test0170_Diet - 11" classname="org.eclipse.jdt.core.tests.compiler.parser.CompletionParserTest2" time="0"/>
  <testcase name="test0170_Method - 11" classname="org.eclipse.jdt.core.tests.compiler.parser.CompletionParserTest2" time="0"/>
  <testcase name="test0171_Diet - 11" classname="org.eclipse.jdt.core.tests.compiler.parser.CompletionParserTest2" time="0"/>
  <testcase name="test0171_Diet - 11" classname="org.eclipse.jdt.core.tests.compiler.parser.GenericsCompletionParserTest" time="0"/>
  <testcase name="test0171_Method - 11" classname="org.eclipse.jdt.core.tests.compiler.parser.CompletionParserTest2" time="0"/>
  <testcase name="test0171_Method - 11" classname="org.eclipse.jdt.core.tests.compiler.parser.GenericsCompletionParserTest" time="0"/>
  <testcase name="test0172 - 11" classname="org.eclipse.jdt.core.tests.compiler.parser.CompletionParserTest2" time="0"/>
  <testcase name="test0172 - 11" classname="org.eclipse.jdt.core.tests.compiler.parser.CompletionParserTestKeyword" time="0"/>
  <testcase name="test0173_Diet - 11" classname="org.eclipse.jdt.core.tests.compiler.parser.CompletionParserTest2" time="0"/>
  <testcase name="test0173_Diet - 11" classname="org.eclipse.jdt.core.tests.compiler.parser.GenericsCompletionParserTest" time="0"/>
  <testcase name="test0173_Method - 11" classname="org.eclipse.jdt.core.tests.compiler.parser.CompletionParserTest2" time="0"/>
  <testcase name="test0173_Method - 11" classname="org.eclipse.jdt.core.tests.compiler.parser.GenericsCompletionParserTest" time="0"/>
  <testcase name="test0174_Diet - 11" classname="org.eclipse.jdt.core.tests.compiler.parser.CompletionParserTest2" time="0"/>
  <testcase name="test0174_Diet - 11" classname="org.eclipse.jdt.core.tests.compiler.parser.GenericsCompletionParserTest" time="0.001"/>
  <testcase name="test0175_Diet - 11" classname="org.eclipse.jdt.core.tests.compiler.parser.CompletionParserTest2" time="0.001"/>
  <testcase name="test0175_Diet - 11" classname="org.eclipse.jdt.core.tests.compiler.parser.GenericsCompletionParserTest" time="0"/>
  <testcase name="test0176_Diet - 11" classname="org.eclipse.jdt.core.tests.compiler.parser.CompletionParserTest2" time="0"/>
  <testcase name="test0176_Diet - 11" classname="org.eclipse.jdt.core.tests.compiler.parser.GenericsCompletionParserTest" time="0.001"/>
  <testcase name="test0177_Diet - 11" classname="org.eclipse.jdt.core.tests.compiler.parser.CompletionParserTest2" time="0"/>
  <testcase name="test0178_Method - 11" classname="org.eclipse.jdt.core.tests.compiler.parser.CompletionParserTest2" time="0"/>
  <testcase name="test0002 - 11" classname="org.eclipse.jdt.core.tests.compiler.parser.CompletionParserTestKeyword" time="0"/>
  <testcase name="test0002 - 11" classname="org.eclipse.jdt.core.tests.compiler.parser.StatementRecoveryTest" time="0.001"/>
  <testcase name="test0002 - 11" classname="org.eclipse.jdt.core.tests.compiler.parser.ComplianceDiagnoseTest" time="0.001"/>
  <testcase name="test0002 - 11" classname="org.eclipse.jdt.core.tests.compiler.parser.GenericsCompletionParserTest" time="0"/>
  <testcase name="test0002 - 11" classname="org.eclipse.jdt.core.tests.compiler.parser.EnumCompletionParserTest" time="0"/>
  <testcase name="test0002 - 11" classname="org.eclipse.jdt.core.tests.compiler.parser.AnnotationCompletionParserTest" time="0"/>
  <testcase name="test0002 - 11" classname="org.eclipse.jdt.core.tests.compiler.parser.GenericsSelectionTest" time="0"/>
  <testcase name="test0002 - 11" classname="org.eclipse.jdt.core.tests.compiler.parser.AnnotationSelectionTest" time="0"/>
  <testcase name="test0002 - 11" classname="org.eclipse.jdt.core.tests.compiler.parser.GenericDietRecoveryTest" time="0.001"/>
  <testcase name="test0002 - 11" classname="org.eclipse.jdt.core.tests.compiler.parser.EnumDietRecoveryTest" time="0.001"/>
  <testcase name="test0002 - 11" classname="org.eclipse.jdt.core.tests.compiler.parser.AnnotationDietRecoveryTest" time="0.001"/>
  <testcase name="test0002 - 11" classname="org.eclipse.jdt.core.tests.compiler.parser.StatementRecoveryTest_1_5" time="0.003"/>
  <testcase name="test0002 - 11" classname="org.eclipse.jdt.core.tests.compiler.parser.ParserTest1_7" time="0"/>
  <testcase name="test0002 - 11" classname="org.eclipse.jdt.core.tests.compiler.parser.LambdaExpressionSyntaxTest" time="0"/>
  <testcase name="test0002 - 11" classname="org.eclipse.jdt.core.tests.compiler.parser.ReferenceExpressionSyntaxTest" time="0"/>
  <testcase name="test0002 - 11" classname="org.eclipse.jdt.core.tests.compiler.parser.TypeAnnotationSyntaxTest" time="0.001"/>
  <testcase name="test0002 - 11" classname="org.eclipse.jdt.core.tests.compiler.parser.CompletionParserTest18" time="0"/>
  <testcase name="test0002 - 11" classname="org.eclipse.jdt.core.tests.compiler.parser.ModuleDeclarationSyntaxTest" time="0"/>
  <testcase name="test0003 - 11" classname="org.eclipse.jdt.core.tests.compiler.parser.CompletionParserTestKeyword" time="0.001"/>
  <testcase name="test0003 - 11" classname="org.eclipse.jdt.core.tests.compiler.parser.StatementRecoveryTest" time="0.001"/>
  <testcase name="test0003 - 11" classname="org.eclipse.jdt.core.tests.compiler.parser.ComplianceDiagnoseTest" time="0.226"/>
  <testcase name="test0003 - 11" classname="org.eclipse.jdt.core.tests.compiler.parser.GenericsCompletionParserTest" time="0.001"/>
  <testcase name="test0003 - 11" classname="org.eclipse.jdt.core.tests.compiler.parser.EnumCompletionParserTest" time="0"/>
  <testcase name="test0003 - 11" classname="org.eclipse.jdt.core.tests.compiler.parser.AnnotationCompletionParserTest" time="0"/>
  <testcase name="test0003 - 11" classname="org.eclipse.jdt.core.tests.compiler.parser.GenericsSelectionTest" time="0"/>
  <testcase name="test0003 - 11" classname="org.eclipse.jdt.core.tests.compiler.parser.AnnotationSelectionTest" time="0.001"/>
  <testcase name="test0003 - 11" classname="org.eclipse.jdt.core.tests.compiler.parser.GenericDietRecoveryTest" time="0.001"/>
  <testcase name="test0003 - 11" classname="org.eclipse.jdt.core.tests.compiler.parser.EnumDietRecoveryTest" time="0.001"/>
  <testcase name="test0003 - 11" classname="org.eclipse.jdt.core.tests.compiler.parser.AnnotationDietRecoveryTest" time="0.001"/>
  <testcase name="test0003 - 11" classname="org.eclipse.jdt.core.tests.compiler.parser.StatementRecoveryTest_1_5" time="0.002"/>
  <testcase name="test0003 - 11" classname="org.eclipse.jdt.core.tests.compiler.parser.ParserTest1_7" time="0.001"/>
  <testcase name="test0003 - 11" classname="org.eclipse.jdt.core.tests.compiler.parser.LambdaExpressionSyntaxTest" time="0"/>
  <testcase name="test0003 - 11" classname="org.eclipse.jdt.core.tests.compiler.parser.ReferenceExpressionSyntaxTest" time="0"/>
  <testcase name="test0003 - 11" classname="org.eclipse.jdt.core.tests.compiler.parser.TypeAnnotationSyntaxTest" time="0.001"/>
  <testcase name="test0003 - 11" classname="org.eclipse.jdt.core.tests.compiler.parser.CompletionParserTest18" time="0"/>
  <testcase name="test0003 - 11" classname="org.eclipse.jdt.core.tests.compiler.parser.ModuleDeclarationSyntaxTest" time="0"/>
  <testcase name="test0005 - 11" classname="org.eclipse.jdt.core.tests.compiler.parser.CompletionParserTestKeyword" time="0"/>
  <testcase name="test0005 - 11" classname="org.eclipse.jdt.core.tests.compiler.parser.StatementRecoveryTest" time="0.001"/>
  <testcase name="test0005 - 11" classname="org.eclipse.jdt.core.tests.compiler.parser.ComplianceDiagnoseTest" time="0.001"/>
  <testcase name="test0005 - 11" classname="org.eclipse.jdt.core.tests.compiler.parser.GenericsCompletionParserTest" time="0"/>
  <testcase name="test0005 - 11" classname="org.eclipse.jdt.core.tests.compiler.parser.EnumCompletionParserTest" time="0"/>
  <testcase name="test0005 - 11" classname="org.eclipse.jdt.core.tests.compiler.parser.AnnotationCompletionParserTest" time="0"/>
  <testcase name="test0005 - 11" classname="org.eclipse.jdt.core.tests.compiler.parser.GenericsSelectionTest" time="0"/>
  <testcase name="test0005 - 11" classname="org.eclipse.jdt.core.tests.compiler.parser.GenericDietRecoveryTest" time="0.001"/>
  <testcase name="test0005 - 11" classname="org.eclipse.jdt.core.tests.compiler.parser.EnumDietRecoveryTest" time="0.001"/>
  <testcase name="test0005 - 11" classname="org.eclipse.jdt.core.tests.compiler.parser.AnnotationDietRecoveryTest" time="0.001"/>
  <testcase name="test0005 - 11" classname="org.eclipse.jdt.core.tests.compiler.parser.StatementRecoveryTest_1_5" time="0.003"/>
  <testcase name="test0005 - 11" classname="org.eclipse.jdt.core.tests.compiler.parser.ParserTest1_7" time="0.001"/>
  <testcase name="test0005 - 11" classname="org.eclipse.jdt.core.tests.compiler.parser.LambdaExpressionSyntaxTest" time="0.001"/>
  <testcase name="test0005 - 11" classname="org.eclipse.jdt.core.tests.compiler.parser.ReferenceExpressionSyntaxTest" time="0"/>
  <testcase name="test0005 - 11" classname="org.eclipse.jdt.core.tests.compiler.parser.TypeAnnotationSyntaxTest" time="0"/>
  <testcase name="test0005 - 11" classname="org.eclipse.jdt.core.tests.compiler.parser.CompletionParserTest18" time="0"/>
  <testcase name="test0005 - 11" classname="org.eclipse.jdt.core.tests.compiler.parser.ModuleDeclarationSyntaxTest" time="0.001"/>
  <testcase name="test0006 - 11" classname="org.eclipse.jdt.core.tests.compiler.parser.CompletionParserTestKeyword" time="0"/>
  <testcase name="test0006 - 11" classname="org.eclipse.jdt.core.tests.compiler.parser.StatementRecoveryTest" time="0.001"/>
  <testcase name="test0006 - 11" classname="org.eclipse.jdt.core.tests.compiler.parser.ComplianceDiagnoseTest" time="0.001"/>
  <testcase name="test0006 - 11" classname="org.eclipse.jdt.core.tests.compiler.parser.GenericsCompletionParserTest" time="0"/>
  <testcase name="test0006 - 11" classname="org.eclipse.jdt.core.tests.compiler.parser.EnumCompletionParserTest" time="0"/>
  <testcase name="test0006 - 11" classname="org.eclipse.jdt.core.tests.compiler.parser.AnnotationCompletionParserTest" time="0"/>
  <testcase name="test0006 - 11" classname="org.eclipse.jdt.core.tests.compiler.parser.GenericsSelectionTest" time="0"/>
  <testcase name="test0006 - 11" classname="org.eclipse.jdt.core.tests.compiler.parser.AnnotationSelectionTest" time="0"/>
  <testcase name="test0006 - 11" classname="org.eclipse.jdt.core.tests.compiler.parser.GenericDietRecoveryTest" time="0.001"/>
  <testcase name="test0006 - 11" classname="org.eclipse.jdt.core.tests.compiler.parser.EnumDietRecoveryTest" time="0.001"/>
  <testcase name="test0006 - 11" classname="org.eclipse.jdt.core.tests.compiler.parser.AnnotationDietRecoveryTest" time="0.002"/>
  <testcase name="test0006 - 11" classname="org.eclipse.jdt.core.tests.compiler.parser.StatementRecoveryTest_1_5" time="0.002"/>
  <testcase name="test0006 - 11" classname="org.eclipse.jdt.core.tests.compiler.parser.ParserTest1_7" time="0"/>
  <testcase name="test0006 - 11" classname="org.eclipse.jdt.core.tests.compiler.parser.LambdaExpressionSyntaxTest" time="0"/>
  <testcase name="test0006 - 11" classname="org.eclipse.jdt.core.tests.compiler.parser.ReferenceExpressionSyntaxTest" time="0.001"/>
  <testcase name="test0006 - 11" classname="org.eclipse.jdt.core.tests.compiler.parser.TypeAnnotationSyntaxTest" time="0"/>
  <testcase name="test0006 - 11" classname="org.eclipse.jdt.core.tests.compiler.parser.CompletionParserTest18" time="0"/>
  <testcase name="test0006 - 11" classname="org.eclipse.jdt.core.tests.compiler.parser.ModuleDeclarationSyntaxTest" time="0"/>
  <testcase name="test0008 - 11" classname="org.eclipse.jdt.core.tests.compiler.parser.CompletionParserTestKeyword" time="0"/>
  <testcase name="test0008 - 11" classname="org.eclipse.jdt.core.tests.compiler.parser.StatementRecoveryTest" time="0.001"/>
  <testcase name="test0008 - 11" classname="org.eclipse.jdt.core.tests.compiler.parser.ComplianceDiagnoseTest" time="0.001"/>
  <testcase name="test0008 - 11" classname="org.eclipse.jdt.core.tests.compiler.parser.GenericsCompletionParserTest" time="0"/>
  <testcase name="test0008 - 11" classname="org.eclipse.jdt.core.tests.compiler.parser.EnumCompletionParserTest" time="0"/>
  <testcase name="test0008 - 11" classname="org.eclipse.jdt.core.tests.compiler.parser.AnnotationCompletionParserTest" time="0"/>
  <testcase name="test0008 - 11" classname="org.eclipse.jdt.core.tests.compiler.parser.GenericsSelectionTest" time="0"/>
  <testcase name="test0008 - 11" classname="org.eclipse.jdt.core.tests.compiler.parser.AnnotationSelectionTest" time="0.001"/>
  <testcase name="test0008 - 11" classname="org.eclipse.jdt.core.tests.compiler.parser.GenericDietRecoveryTest" time="0.001"/>
  <testcase name="test0008 - 11" classname="org.eclipse.jdt.core.tests.compiler.parser.EnumDietRecoveryTest" time="0"/>
  <testcase name="test0008 - 11" classname="org.eclipse.jdt.core.tests.compiler.parser.AnnotationDietRecoveryTest" time="0.002"/>
  <testcase name="test0008 - 11" classname="org.eclipse.jdt.core.tests.compiler.parser.StatementRecoveryTest_1_5" time="0.001"/>
  <testcase name="test0008 - 11" classname="org.eclipse.jdt.core.tests.compiler.parser.ParserTest1_7" time="0"/>
  <testcase name="test0008 - 11" classname="org.eclipse.jdt.core.tests.compiler.parser.LambdaExpressionSyntaxTest" time="0"/>
  <testcase name="test0008 - 11" classname="org.eclipse.jdt.core.tests.compiler.parser.ReferenceExpressionSyntaxTest" time="0"/>
  <testcase name="test0008 - 11" classname="org.eclipse.jdt.core.tests.compiler.parser.TypeAnnotationSyntaxTest" time="0"/>
  <testcase name="test0008 - 11" classname="org.eclipse.jdt.core.tests.compiler.parser.ModuleDeclarationSyntaxTest" time="0.001"/>
  <testcase name="test0009 - 11" classname="org.eclipse.jdt.core.tests.compiler.parser.CompletionParserTestKeyword" time="0"/>
  <testcase name="test0009 - 11" classname="org.eclipse.jdt.core.tests.compiler.parser.StatementRecoveryTest" time="0.001"/>
  <testcase name="test0009 - 11" classname="org.eclipse.jdt.core.tests.compiler.parser.ComplianceDiagnoseTest" time="0.003"/>
  <testcase name="test0009 - 11" classname="org.eclipse.jdt.core.tests.compiler.parser.GenericsCompletionParserTest" time="0"/>
  <testcase name="test0009 - 11" classname="org.eclipse.jdt.core.tests.compiler.parser.EnumCompletionParserTest" time="0"/>
  <testcase name="test0009 - 11" classname="org.eclipse.jdt.core.tests.compiler.parser.AnnotationCompletionParserTest" time="0"/>
  <testcase name="test0009 - 11" classname="org.eclipse.jdt.core.tests.compiler.parser.GenericsSelectionTest" time="0"/>
  <testcase name="test0009 - 11" classname="org.eclipse.jdt.core.tests.compiler.parser.AnnotationSelectionTest" time="0"/>
  <testcase name="test0009 - 11" classname="org.eclipse.jdt.core.tests.compiler.parser.GenericDietRecoveryTest" time="0.001"/>
  <testcase name="test0009 - 11" classname="org.eclipse.jdt.core.tests.compiler.parser.EnumDietRecoveryTest" time="0.001"/>
  <testcase name="test0009 - 11" classname="org.eclipse.jdt.core.tests.compiler.parser.AnnotationDietRecoveryTest" time="0.002"/>
  <testcase name="test0009 - 11" classname="org.eclipse.jdt.core.tests.compiler.parser.ParserTest1_7" time="0.001"/>
  <testcase name="test0009 - 11" classname="org.eclipse.jdt.core.tests.compiler.parser.LambdaExpressionSyntaxTest" time="0"/>
  <testcase name="test0009 - 11" classname="org.eclipse.jdt.core.tests.compiler.parser.ReferenceExpressionSyntaxTest" time="0"/>
  <testcase name="test0009 - 11" classname="org.eclipse.jdt.core.tests.compiler.parser.TypeAnnotationSyntaxTest" time="0.001"/>
  <testcase name="test0009 - 11" classname="org.eclipse.jdt.core.tests.compiler.parser.ModuleDeclarationSyntaxTest" time="0"/>
  <testcase name="test0011 - 11" classname="org.eclipse.jdt.core.tests.compiler.parser.CompletionParserTestKeyword" time="0.001"/>
  <testcase name="test0011 - 11" classname="org.eclipse.jdt.core.tests.compiler.parser.StatementRecoveryTest" time="0.001"/>
  <testcase name="test0011 - 11" classname="org.eclipse.jdt.core.tests.compiler.parser.ComplianceDiagnoseTest" time="0"/>
  <testcase name="test0011 - 11" classname="org.eclipse.jdt.core.tests.compiler.parser.GenericsCompletionParserTest" time="0"/>
  <testcase name="test0011 - 11" classname="org.eclipse.jdt.core.tests.compiler.parser.EnumCompletionParserTest" time="0.001"/>
  <testcase name="test0011 - 11" classname="org.eclipse.jdt.core.tests.compiler.parser.AnnotationCompletionParserTest" time="0"/>
  <testcase name="test0011 - 11" classname="org.eclipse.jdt.core.tests.compiler.parser.GenericsSelectionTest" time="0"/>
  <testcase name="test0011 - 11" classname="org.eclipse.jdt.core.tests.compiler.parser.AnnotationSelectionTest" time="0"/>
  <testcase name="test0011 - 11" classname="org.eclipse.jdt.core.tests.compiler.parser.GenericDietRecoveryTest" time="0.001"/>
  <testcase name="test0011 - 11" classname="org.eclipse.jdt.core.tests.compiler.parser.EnumDietRecoveryTest" time="0.001"/>
  <testcase name="test0011 - 11" classname="org.eclipse.jdt.core.tests.compiler.parser.AnnotationDietRecoveryTest" time="0.001"/>
  <testcase name="test0011 - 11" classname="org.eclipse.jdt.core.tests.compiler.parser.ParserTest1_7" time="0"/>
  <testcase name="test0011 - 11" classname="org.eclipse.jdt.core.tests.compiler.parser.LambdaExpressionSyntaxTest" time="0"/>
  <testcase name="test0011 - 11" classname="org.eclipse.jdt.core.tests.compiler.parser.ReferenceExpressionSyntaxTest" time="0"/>
  <testcase name="test0011 - 11" classname="org.eclipse.jdt.core.tests.compiler.parser.TypeAnnotationSyntaxTest" time="0"/>
  <testcase name="test0011 - 11" classname="org.eclipse.jdt.core.tests.compiler.parser.ModuleDeclarationSyntaxTest" time="0"/>
  <testcase name="test0012 - 11" classname="org.eclipse.jdt.core.tests.compiler.parser.CompletionParserTestKeyword" time="0"/>
  <testcase name="test0012 - 11" classname="org.eclipse.jdt.core.tests.compiler.parser.StatementRecoveryTest" time="0.001"/>
  <testcase name="test0012 - 11" classname="org.eclipse.jdt.core.tests.compiler.parser.ComplianceDiagnoseTest" time="0.003"/>
  <testcase name="test0012 - 11" classname="org.eclipse.jdt.core.tests.compiler.parser.GenericsCompletionParserTest" time="0"/>
  <testcase name="test0012 - 11" classname="org.eclipse.jdt.core.tests.compiler.parser.EnumCompletionParserTest" time="0"/>
  <testcase name="test0012 - 11" classname="org.eclipse.jdt.core.tests.compiler.parser.AnnotationCompletionParserTest" time="0"/>
  <testcase name="test0012 - 11" classname="org.eclipse.jdt.core.tests.compiler.parser.GenericsSelectionTest" time="0"/>
  <testcase name="test0012 - 11" classname="org.eclipse.jdt.core.tests.compiler.parser.AnnotationSelectionTest" time="0"/>
  <testcase name="test0012 - 11" classname="org.eclipse.jdt.core.tests.compiler.parser.GenericDietRecoveryTest" time="0.001"/>
  <testcase name="test0012 - 11" classname="org.eclipse.jdt.core.tests.compiler.parser.EnumDietRecoveryTest" time="0.001"/>
  <testcase name="test0012 - 11" classname="org.eclipse.jdt.core.tests.compiler.parser.AnnotationDietRecoveryTest" time="0.002"/>
  <testcase name="test0012 - 11" classname="org.eclipse.jdt.core.tests.compiler.parser.ParserTest1_7" time="0.001"/>
  <testcase name="test0012 - 11" classname="org.eclipse.jdt.core.tests.compiler.parser.LambdaExpressionSyntaxTest" time="0"/>
  <testcase name="test0012 - 11" classname="org.eclipse.jdt.core.tests.compiler.parser.ReferenceExpressionSyntaxTest" time="0"/>
  <testcase name="test0012 - 11" classname="org.eclipse.jdt.core.tests.compiler.parser.TypeAnnotationSyntaxTest" time="0.001"/>
  <testcase name="test0012 - 11" classname="org.eclipse.jdt.core.tests.compiler.parser.ModuleDeclarationSyntaxTest" time="0"/>
  <testcase name="test0014 - 11" classname="org.eclipse.jdt.core.tests.compiler.parser.CompletionParserTestKeyword" time="0"/>
  <testcase name="test0014 - 11" classname="org.eclipse.jdt.core.tests.compiler.parser.StatementRecoveryTest" time="0.001"/>
  <testcase name="test0014 - 11" classname="org.eclipse.jdt.core.tests.compiler.parser.ComplianceDiagnoseTest" time="0.002"/>
  <testcase name="test0014 - 11" classname="org.eclipse.jdt.core.tests.compiler.parser.GenericsCompletionParserTest" time="0"/>
  <testcase name="test0014 - 11" classname="org.eclipse.jdt.core.tests.compiler.parser.EnumCompletionParserTest" time="0"/>
  <testcase name="test0014 - 11" classname="org.eclipse.jdt.core.tests.compiler.parser.AnnotationCompletionParserTest" time="0"/>
  <testcase name="test0014 - 11" classname="org.eclipse.jdt.core.tests.compiler.parser.GenericsSelectionTest" time="0"/>
  <testcase name="test0014 - 11" classname="org.eclipse.jdt.core.tests.compiler.parser.AnnotationSelectionTest" time="0"/>
  <testcase name="test0014 - 11" classname="org.eclipse.jdt.core.tests.compiler.parser.GenericDietRecoveryTest" time="0.002"/>
  <testcase name="test0014 - 11" classname="org.eclipse.jdt.core.tests.compiler.parser.EnumDietRecoveryTest" time="0.001"/>
  <testcase name="test0014 - 11" classname="org.eclipse.jdt.core.tests.compiler.parser.AnnotationDietRecoveryTest" time="0"/>
  <testcase name="test0014 - 11" classname="org.eclipse.jdt.core.tests.compiler.parser.LambdaExpressionSyntaxTest" time="0"/>
  <testcase name="test0014 - 11" classname="org.eclipse.jdt.core.tests.compiler.parser.ReferenceExpressionSyntaxTest" time="0"/>
  <testcase name="test0014 - 11" classname="org.eclipse.jdt.core.tests.compiler.parser.TypeAnnotationSyntaxTest" time="0.001"/>
  <testcase name="test0014 - 11" classname="org.eclipse.jdt.core.tests.compiler.parser.ModuleDeclarationSyntaxTest" time="0"/>
  <testcase name="test0015 - 11" classname="org.eclipse.jdt.core.tests.compiler.parser.CompletionParserTestKeyword" time="0.001"/>
  <testcase name="test0015 - 11" classname="org.eclipse.jdt.core.tests.compiler.parser.StatementRecoveryTest" time="0.001"/>
  <testcase name="test0015 - 11" classname="org.eclipse.jdt.core.tests.compiler.parser.ComplianceDiagnoseTest" time="0.001"/>
  <testcase name="test0015 - 11" classname="org.eclipse.jdt.core.tests.compiler.parser.GenericsCompletionParserTest" time="0"/>
  <testcase name="test0015 - 11" classname="org.eclipse.jdt.core.tests.compiler.parser.AnnotationCompletionParserTest" time="0"/>
  <testcase name="test0015 - 11" classname="org.eclipse.jdt.core.tests.compiler.parser.GenericsSelectionTest" time="0"/>
  <testcase name="test0015 - 11" classname="org.eclipse.jdt.core.tests.compiler.parser.AnnotationSelectionTest" time="0"/>
  <testcase name="test0015 - 11" classname="org.eclipse.jdt.core.tests.compiler.parser.GenericDietRecoveryTest" time="0.002"/>
  <testcase name="test0015 - 11" classname="org.eclipse.jdt.core.tests.compiler.parser.EnumDietRecoveryTest" time="0.002"/>
  <testcase name="test0015 - 11" classname="org.eclipse.jdt.core.tests.compiler.parser.AnnotationDietRecoveryTest" time="0.001"/>
  <testcase name="test0015 - 11" classname="org.eclipse.jdt.core.tests.compiler.parser.LambdaExpressionSyntaxTest" time="0"/>
  <testcase name="test0015 - 11" classname="org.eclipse.jdt.core.tests.compiler.parser.ReferenceExpressionSyntaxTest" time="0"/>
  <testcase name="test0015 - 11" classname="org.eclipse.jdt.core.tests.compiler.parser.TypeAnnotationSyntaxTest" time="0.001"/>
  <testcase name="test0015 - 11" classname="org.eclipse.jdt.core.tests.compiler.parser.ModuleDeclarationSyntaxTest" time="0"/>
  <testcase name="test0017 - 11" classname="org.eclipse.jdt.core.tests.compiler.parser.CompletionParserTestKeyword" time="0"/>
  <testcase name="test0017 - 11" classname="org.eclipse.jdt.core.tests.compiler.parser.StatementRecoveryTest" time="0.002"/>
  <testcase name="test0017 - 11" classname="org.eclipse.jdt.core.tests.compiler.parser.ComplianceDiagnoseTest" time="0.001"/>
  <testcase name="test0017 - 11" classname="org.eclipse.jdt.core.tests.compiler.parser.GenericsCompletionParserTest" time="0.001"/>
  <testcase name="test0017 - 11" classname="org.eclipse.jdt.core.tests.compiler.parser.AnnotationCompletionParserTest" time="0"/>
  <testcase name="test0017 - 11" classname="org.eclipse.jdt.core.tests.compiler.parser.GenericsSelectionTest" time="0"/>
  <testcase name="test0017 - 11" classname="org.eclipse.jdt.core.tests.compiler.parser.AnnotationSelectionTest" time="0"/>
  <testcase name="test0017 - 11" classname="org.eclipse.jdt.core.tests.compiler.parser.GenericDietRecoveryTest" time="0.002"/>
  <testcase name="test0017 - 11" classname="org.eclipse.jdt.core.tests.compiler.parser.EnumDietRecoveryTest" time="0.001"/>
  <testcase name="test0017 - 11" classname="org.eclipse.jdt.core.tests.compiler.parser.AnnotationDietRecoveryTest" time="0.004"/>
  <testcase name="test0017 - 11" classname="org.eclipse.jdt.core.tests.compiler.parser.LambdaExpressionSyntaxTest" time="0"/>
  <testcase name="test0017 - 11" classname="org.eclipse.jdt.core.tests.compiler.parser.ReferenceExpressionSyntaxTest" time="0"/>
  <testcase name="test0017 - 11" classname="org.eclipse.jdt.core.tests.compiler.parser.TypeAnnotationSyntaxTest" time="0"/>
  <testcase name="test0017 - 11" classname="org.eclipse.jdt.core.tests.compiler.parser.ModuleDeclarationSyntaxTest" time="0.001"/>
  <testcase name="test0018 - 11" classname="org.eclipse.jdt.core.tests.compiler.parser.CompletionParserTestKeyword" time="0"/>
  <testcase name="test0018 - 11" classname="org.eclipse.jdt.core.tests.compiler.parser.StatementRecoveryTest" time="0.002"/>
  <testcase name="test0018 - 11" classname="org.eclipse.jdt.core.tests.compiler.parser.ComplianceDiagnoseTest" time="0.001"/>
  <testcase name="test0018 - 11" classname="org.eclipse.jdt.core.tests.compiler.parser.GenericsCompletionParserTest" time="0"/>
  <testcase name="test0018 - 11" classname="org.eclipse.jdt.core.tests.compiler.parser.AnnotationCompletionParserTest" time="0"/>
  <testcase name="test0018 - 11" classname="org.eclipse.jdt.core.tests.compiler.parser.GenericsSelectionTest" time="0"/>
  <testcase name="test0018 - 11" classname="org.eclipse.jdt.core.tests.compiler.parser.GenericDietRecoveryTest" time="0.002"/>
  <testcase name="test0018 - 11" classname="org.eclipse.jdt.core.tests.compiler.parser.AnnotationDietRecoveryTest" time="0.003"/>
  <testcase name="test0018 - 11" classname="org.eclipse.jdt.core.tests.compiler.parser.LambdaExpressionSyntaxTest" time="0"/>
  <testcase name="test0018 - 11" classname="org.eclipse.jdt.core.tests.compiler.parser.ReferenceExpressionSyntaxTest" time="0"/>
  <testcase name="test0018 - 11" classname="org.eclipse.jdt.core.tests.compiler.parser.TypeAnnotationSyntaxTest" time="0.001"/>
  <testcase name="test0018 - 11" classname="org.eclipse.jdt.core.tests.compiler.parser.ModuleDeclarationSyntaxTest" time="0"/>
  <testcase name="test0020 - 11" classname="org.eclipse.jdt.core.tests.compiler.parser.CompletionParserTestKeyword" time="0"/>
  <testcase name="test0020 - 11" classname="org.eclipse.jdt.core.tests.compiler.parser.StatementRecoveryTest" time="0.002"/>
  <testcase name="test0020 - 11" classname="org.eclipse.jdt.core.tests.compiler.parser.ComplianceDiagnoseTest" time="0"/>
  <testcase name="test0020 - 11" classname="org.eclipse.jdt.core.tests.compiler.parser.GenericsCompletionParserTest" time="0"/>
  <testcase name="test0020 - 11" classname="org.eclipse.jdt.core.tests.compiler.parser.AnnotationCompletionParserTest" time="0"/>
  <testcase name="test0020 - 11" classname="org.eclipse.jdt.core.tests.compiler.parser.GenericsSelectionTest" time="0.001"/>
  <testcase name="test0020 - 11" classname="org.eclipse.jdt.core.tests.compiler.parser.GenericDietRecoveryTest" time="0.001"/>
  <testcase name="test0020 - 11" classname="org.eclipse.jdt.core.tests.compiler.parser.AnnotationDietRecoveryTest" time="0.004"/>
  <testcase name="test0020 - 11" classname="org.eclipse.jdt.core.tests.compiler.parser.ReferenceExpressionSyntaxTest" time="0.001"/>
  <testcase name="test0020 - 11" classname="org.eclipse.jdt.core.tests.compiler.parser.TypeAnnotationSyntaxTest" time="0.001"/>
  <testcase name="test0020 - 11" classname="org.eclipse.jdt.core.tests.compiler.parser.ModuleDeclarationSyntaxTest" time="0"/>
  <testcase name="test0022_Diet - 11" classname="org.eclipse.jdt.core.tests.compiler.parser.CompletionParserTestKeyword" time="0"/>
  <testcase name="test0022_Method - 11" classname="org.eclipse.jdt.core.tests.compiler.parser.CompletionParserTestKeyword" time="0"/>
  <testcase name="test0025_Diet - 11" classname="org.eclipse.jdt.core.tests.compiler.parser.CompletionParserTestKeyword" time="0"/>
  <testcase name="test0025_Method - 11" classname="org.eclipse.jdt.core.tests.compiler.parser.CompletionParserTestKeyword" time="0.001"/>
  <testcase name="test0028_Diet - 11" classname="org.eclipse.jdt.core.tests.compiler.parser.CompletionParserTestKeyword" time="0"/>
  <testcase name="test0028_Diet - 11" classname="org.eclipse.jdt.core.tests.compiler.parser.AnnotationCompletionParserTest" time="0.001"/>
  <testcase name="test0028_Method - 11" classname="org.eclipse.jdt.core.tests.compiler.parser.CompletionParserTestKeyword" time="0.001"/>
  <testcase name="test0028_Method - 11" classname="org.eclipse.jdt.core.tests.compiler.parser.AnnotationCompletionParserTest" time="0"/>
  <testcase name="test0029 - 11" classname="org.eclipse.jdt.core.tests.compiler.parser.CompletionParserTestKeyword" time="0"/>
  <testcase name="test0029 - 11" classname="org.eclipse.jdt.core.tests.compiler.parser.StatementRecoveryTest" time="0.002"/>
  <testcase name="test0029 - 11" classname="org.eclipse.jdt.core.tests.compiler.parser.ComplianceDiagnoseTest" time="0"/>
  <testcase name="test0029 - 11" classname="org.eclipse.jdt.core.tests.compiler.parser.GenericsCompletionParserTest" time="0"/>
  <testcase name="test0029 - 11" classname="org.eclipse.jdt.core.tests.compiler.parser.TypeAnnotationSyntaxTest" time="0"/>
  <testcase name="test0030 - 11" classname="org.eclipse.jdt.core.tests.compiler.parser.CompletionParserTestKeyword" time="0"/>
  <testcase name="test0030 - 11" classname="org.eclipse.jdt.core.tests.compiler.parser.StatementRecoveryTest" time="0.002"/>
  <testcase name="test0030 - 11" classname="org.eclipse.jdt.core.tests.compiler.parser.AnnotationCompletionParserTest" time="0.001"/>
  <testcase name="test0030 - 11" classname="org.eclipse.jdt.core.tests.compiler.parser.AnnotationDietRecoveryTest" time="0.002"/>
  <testcase name="test0030 - 11" classname="org.eclipse.jdt.core.tests.compiler.parser.TypeAnnotationSyntaxTest" time="0"/>
  <testcase name="test0031 - 11" classname="org.eclipse.jdt.core.tests.compiler.parser.CompletionParserTestKeyword" time="0"/>
  <testcase name="test0031 - 11" classname="org.eclipse.jdt.core.tests.compiler.parser.StatementRecoveryTest" time="0.002"/>
  <testcase name="test0031 - 11" classname="org.eclipse.jdt.core.tests.compiler.parser.ComplianceDiagnoseTest" time="0.001"/>
  <testcase name="test0031 - 11" classname="org.eclipse.jdt.core.tests.compiler.parser.AnnotationCompletionParserTest" time="0"/>
  <testcase name="test0031 - 11" classname="org.eclipse.jdt.core.tests.compiler.parser.AnnotationDietRecoveryTest" time="0.004"/>
  <testcase name="test0031 - 11" classname="org.eclipse.jdt.core.tests.compiler.parser.TypeAnnotationSyntaxTest" time="0"/>
  <testcase name="test0032 - 11" classname="org.eclipse.jdt.core.tests.compiler.parser.CompletionParserTestKeyword" time="0"/>
  <testcase name="test0032 - 11" classname="org.eclipse.jdt.core.tests.compiler.parser.StatementRecoveryTest" time="0.002"/>
  <testcase name="test0032 - 11" classname="org.eclipse.jdt.core.tests.compiler.parser.AnnotationCompletionParserTest" time="0"/>
  <testcase name="test0032 - 11" classname="org.eclipse.jdt.core.tests.compiler.parser.AnnotationDietRecoveryTest" time="0.002"/>
  <testcase name="test0032 - 11" classname="org.eclipse.jdt.core.tests.compiler.parser.TypeAnnotationSyntaxTest" time="0"/>
  <testcase name="test0033 - 11" classname="org.eclipse.jdt.core.tests.compiler.parser.CompletionParserTestKeyword" time="0"/>
  <testcase name="test0033 - 11" classname="org.eclipse.jdt.core.tests.compiler.parser.StatementRecoveryTest" time="0.001"/>
  <testcase name="test0033 - 11" classname="org.eclipse.jdt.core.tests.compiler.parser.ComplianceDiagnoseTest" time="0.001"/>
  <testcase name="test0033 - 11" classname="org.eclipse.jdt.core.tests.compiler.parser.AnnotationCompletionParserTest" time="0"/>
  <testcase name="test0033 - 11" classname="org.eclipse.jdt.core.tests.compiler.parser.AnnotationDietRecoveryTest" time="0.003"/>
  <testcase name="test0033 - 11" classname="org.eclipse.jdt.core.tests.compiler.parser.TypeAnnotationSyntaxTest" time="0"/>
  <testcase name="test0034 - 11" classname="org.eclipse.jdt.core.tests.compiler.parser.CompletionParserTestKeyword" time="0"/>
  <testcase name="test0034 - 11" classname="org.eclipse.jdt.core.tests.compiler.parser.StatementRecoveryTest" time="0.001"/>
  <testcase name="test0034 - 11" classname="org.eclipse.jdt.core.tests.compiler.parser.ComplianceDiagnoseTest" time="0"/>
  <testcase name="test0034 - 11" classname="org.eclipse.jdt.core.tests.compiler.parser.AnnotationDietRecoveryTest" time="0.001"/>
  <testcase name="test0034 - 11" classname="org.eclipse.jdt.core.tests.compiler.parser.TypeAnnotationSyntaxTest" time="0"/>
  <testcase name="test0035 - 11" classname="org.eclipse.jdt.core.tests.compiler.parser.CompletionParserTestKeyword" time="0"/>
  <testcase name="test0035 - 11" classname="org.eclipse.jdt.core.tests.compiler.parser.StatementRecoveryTest" time="0.001"/>
  <testcase name="test0035 - 11" classname="org.eclipse.jdt.core.tests.compiler.parser.ComplianceDiagnoseTest" time="0.001"/>
  <testcase name="test0035 - 11" classname="org.eclipse.jdt.core.tests.compiler.parser.AnnotationDietRecoveryTest" time="0.003"/>
  <testcase name="test0035 - 11" classname="org.eclipse.jdt.core.tests.compiler.parser.TypeAnnotationSyntaxTest" time="0.001"/>
  <testcase name="test0036 - 11" classname="org.eclipse.jdt.core.tests.compiler.parser.CompletionParserTestKeyword" time="0"/>
  <testcase name="test0036 - 11" classname="org.eclipse.jdt.core.tests.compiler.parser.StatementRecoveryTest" time="0.001"/>
  <testcase name="test0036 - 11" classname="org.eclipse.jdt.core.tests.compiler.parser.ComplianceDiagnoseTest" time="0.001"/>
  <testcase name="test0036 - 11" classname="org.eclipse.jdt.core.tests.compiler.parser.AnnotationCompletionParserTest" time="0"/>
  <testcase name="test0036 - 11" classname="org.eclipse.jdt.core.tests.compiler.parser.AnnotationDietRecoveryTest" time="0.001"/>
  <testcase name="test0036 - 11" classname="org.eclipse.jdt.core.tests.compiler.parser.TypeAnnotationSyntaxTest" time="0"/>
  <testcase name="test0037_Diet - 11" classname="org.eclipse.jdt.core.tests.compiler.parser.CompletionParserTestKeyword" time="0"/>
  <testcase name="test0037_Diet - 11" classname="org.eclipse.jdt.core.tests.compiler.parser.GenericsCompletionParserTest" time="0.001"/>
  <testcase name="test0037_Method - 11" classname="org.eclipse.jdt.core.tests.compiler.parser.CompletionParserTestKeyword" time="0"/>
  <testcase name="test0037_Method - 11" classname="org.eclipse.jdt.core.tests.compiler.parser.GenericsCompletionParserTest" time="0"/>
  <testcase name="test0040_Diet - 11" classname="org.eclipse.jdt.core.tests.compiler.parser.CompletionParserTestKeyword" time="0.001"/>
  <testcase name="test0040_Diet - 11" classname="org.eclipse.jdt.core.tests.compiler.parser.GenericsCompletionParserTest" time="0"/>
  <testcase name="test0040_Diet - 11" classname="org.eclipse.jdt.core.tests.compiler.parser.AnnotationCompletionParserTest" time="0"/>
  <testcase name="test0040_Method - 11" classname="org.eclipse.jdt.core.tests.compiler.parser.CompletionParserTestKeyword" time="0"/>
  <testcase name="test0040_Method - 11" classname="org.eclipse.jdt.core.tests.compiler.parser.GenericsCompletionParserTest" time="0.001"/>
  <testcase name="test0040_Method - 11" classname="org.eclipse.jdt.core.tests.compiler.parser.AnnotationCompletionParserTest" time="0.001"/>
  <testcase name="test0043_Diet - 11" classname="org.eclipse.jdt.core.tests.compiler.parser.CompletionParserTestKeyword" time="0"/>
  <testcase name="test0043_Diet - 11" classname="org.eclipse.jdt.core.tests.compiler.parser.GenericsCompletionParserTest" time="0"/>
  <testcase name="test0043_Method - 11" classname="org.eclipse.jdt.core.tests.compiler.parser.CompletionParserTestKeyword" time="0.001"/>
  <testcase name="test0043_Method - 11" classname="org.eclipse.jdt.core.tests.compiler.parser.GenericsCompletionParserTest" time="0"/>
  <testcase name="test0046_Diet - 11" classname="org.eclipse.jdt.core.tests.compiler.parser.CompletionParserTestKeyword" time="0"/>
  <testcase name="test0046_Diet - 11" classname="org.eclipse.jdt.core.tests.compiler.parser.GenericsCompletionParserTest" time="0.001"/>
  <testcase name="test0046_Diet - 11" classname="org.eclipse.jdt.core.tests.compiler.parser.AnnotationCompletionParserTest" time="0"/>
  <testcase name="test0046_Method - 11" classname="org.eclipse.jdt.core.tests.compiler.parser.CompletionParserTestKeyword" time="0"/>
  <testcase name="test0046_Method - 11" classname="org.eclipse.jdt.core.tests.compiler.parser.GenericsCompletionParserTest" time="0"/>
  <testcase name="test0046_Method - 11" classname="org.eclipse.jdt.core.tests.compiler.parser.AnnotationCompletionParserTest" time="0"/>
  <testcase name="test0047 - 11" classname="org.eclipse.jdt.core.tests.compiler.parser.CompletionParserTestKeyword" time="0"/>
  <testcase name="test0047 - 11" classname="org.eclipse.jdt.core.tests.compiler.parser.StatementRecoveryTest" time="0.001"/>
  <testcase name="test0047 - 11" classname="org.eclipse.jdt.core.tests.compiler.parser.ComplianceDiagnoseTest" time="0.002"/>
  <testcase name="test0047 - 11" classname="org.eclipse.jdt.core.tests.compiler.parser.TypeAnnotationSyntaxTest" time="0"/>
  <testcase name="test0048 - 11" classname="org.eclipse.jdt.core.tests.compiler.parser.CompletionParserTestKeyword" time="0"/>
  <testcase name="test0048 - 11" classname="org.eclipse.jdt.core.tests.compiler.parser.ComplianceDiagnoseTest" time="0.001"/>
  <testcase name="test0048 - 11" classname="org.eclipse.jdt.core.tests.compiler.parser.AnnotationCompletionParserTest" time="0"/>
  <testcase name="test0048 - 11" classname="org.eclipse.jdt.core.tests.compiler.parser.TypeAnnotationSyntaxTest" time="0.001"/>
  <testcase name="test0050 - 11" classname="org.eclipse.jdt.core.tests.compiler.parser.CompletionParserTestKeyword" time="0"/>
  <testcase name="test0050 - 11" classname="org.eclipse.jdt.core.tests.compiler.parser.ComplianceDiagnoseTest" time="0"/>
  <testcase name="test0050 - 11" classname="org.eclipse.jdt.core.tests.compiler.parser.AnnotationCompletionParserTest" time="0"/>
  <testcase name="test0050 - 11" classname="org.eclipse.jdt.core.tests.compiler.parser.TypeAnnotationSyntaxTest" time="0.001"/>
  <testcase name="test0051 - 11" classname="org.eclipse.jdt.core.tests.compiler.parser.CompletionParserTestKeyword" time="0"/>
  <testcase name="test0051 - 11" classname="org.eclipse.jdt.core.tests.compiler.parser.ComplianceDiagnoseTest" time="0"/>
  <testcase name="test0051 - 11" classname="org.eclipse.jdt.core.tests.compiler.parser.AnnotationCompletionParserTest" time="0.001"/>
  <testcase name="test0051 - 11" classname="org.eclipse.jdt.core.tests.compiler.parser.TypeAnnotationSyntaxTest" time="0.001"/>
  <testcase name="test0053 - 11" classname="org.eclipse.jdt.core.tests.compiler.parser.CompletionParserTestKeyword" time="0"/>
  <testcase name="test0053 - 11" classname="org.eclipse.jdt.core.tests.compiler.parser.ComplianceDiagnoseTest" time="0.002"/>
  <testcase name="test0053 - 11" classname="org.eclipse.jdt.core.tests.compiler.parser.TypeAnnotationSyntaxTest" time="0.001"/>
  <testcase name="test0054 - 11" classname="org.eclipse.jdt.core.tests.compiler.parser.CompletionParserTestKeyword" time="0"/>
  <testcase name="test0054 - 11" classname="org.eclipse.jdt.core.tests.compiler.parser.ComplianceDiagnoseTest" time="0.001"/>
  <testcase name="test0054 - 11" classname="org.eclipse.jdt.core.tests.compiler.parser.AnnotationCompletionParserTest" time="0"/>
  <testcase name="test0054 - 11" classname="org.eclipse.jdt.core.tests.compiler.parser.TypeAnnotationSyntaxTest" time="0.001"/>
  <testcase name="test0055_Diet - 11" classname="org.eclipse.jdt.core.tests.compiler.parser.CompletionParserTestKeyword" time="0"/>
  <testcase name="test0055_Diet - 11" classname="org.eclipse.jdt.core.tests.compiler.parser.GenericsCompletionParserTest" time="0"/>
  <testcase name="test0055_Method - 11" classname="org.eclipse.jdt.core.tests.compiler.parser.CompletionParserTestKeyword" time="0.001"/>
  <testcase name="test0055_Method - 11" classname="org.eclipse.jdt.core.tests.compiler.parser.GenericsCompletionParserTest" time="0.001"/>
  <testcase name="test0058_Diet - 11" classname="org.eclipse.jdt.core.tests.compiler.parser.CompletionParserTestKeyword" time="0"/>
  <testcase name="test0058_Diet - 11" classname="org.eclipse.jdt.core.tests.compiler.parser.GenericsCompletionParserTest" time="0"/>
  <testcase name="test0058_Diet - 11" classname="org.eclipse.jdt.core.tests.compiler.parser.AnnotationCompletionParserTest" time="0"/>
  <testcase name="test0058_Method - 11" classname="org.eclipse.jdt.core.tests.compiler.parser.CompletionParserTestKeyword" time="0"/>
  <testcase name="test0058_Method - 11" classname="org.eclipse.jdt.core.tests.compiler.parser.GenericsCompletionParserTest" time="0"/>
  <testcase name="test0058_Method - 11" classname="org.eclipse.jdt.core.tests.compiler.parser.AnnotationCompletionParserTest" time="0"/>
  <testcase name="test0060 - 11" classname="org.eclipse.jdt.core.tests.compiler.parser.CompletionParserTestKeyword" time="0"/>
  <testcase name="test0060 - 11" classname="org.eclipse.jdt.core.tests.compiler.parser.ComplianceDiagnoseTest" time="0"/>
  <testcase name="test0060 - 11" classname="org.eclipse.jdt.core.tests.compiler.parser.GenericsCompletionParserTest" time="0"/>
  <testcase name="test0060 - 11" classname="org.eclipse.jdt.core.tests.compiler.parser.AnnotationCompletionParserTest" time="0"/>
  <testcase name="test0060 - 11" classname="org.eclipse.jdt.core.tests.compiler.parser.TypeAnnotationSyntaxTest" time="0.002"/>
  <testcase name="test0062 - 11" classname="org.eclipse.jdt.core.tests.compiler.parser.CompletionParserTestKeyword" time="0"/>
  <testcase name="test0062 - 11" classname="org.eclipse.jdt.core.tests.compiler.parser.ComplianceDiagnoseTest" time="0"/>
  <testcase name="test0062 - 11" classname="org.eclipse.jdt.core.tests.compiler.parser.GenericsCompletionParserTest" time="0"/>
  <testcase name="test0062 - 11" classname="org.eclipse.jdt.core.tests.compiler.parser.AnnotationCompletionParserTest" time="0"/>
  <testcase name="test0062 - 11" classname="org.eclipse.jdt.core.tests.compiler.parser.TypeAnnotationSyntaxTest" time="0.001"/>
  <testcase name="test0063 - 11" classname="org.eclipse.jdt.core.tests.compiler.parser.CompletionParserTestKeyword" time="0"/>
  <testcase name="test0063 - 11" classname="org.eclipse.jdt.core.tests.compiler.parser.ComplianceDiagnoseTest" time="0"/>
  <testcase name="test0063 - 11" classname="org.eclipse.jdt.core.tests.compiler.parser.GenericsCompletionParserTest" time="0.001"/>
  <testcase name="test0063 - 11" classname="org.eclipse.jdt.core.tests.compiler.parser.AnnotationCompletionParserTest" time="0"/>
  <testcase name="test0063 - 11" classname="org.eclipse.jdt.core.tests.compiler.parser.TypeAnnotationSyntaxTest" time="0.003"/>
  <testcase name="test0065 - 11" classname="org.eclipse.jdt.core.tests.compiler.parser.CompletionParserTestKeyword" time="0"/>
  <testcase name="test0065 - 11" classname="org.eclipse.jdt.core.tests.compiler.parser.GenericsCompletionParserTest" time="0"/>
  <testcase name="test0066 - 11" classname="org.eclipse.jdt.core.tests.compiler.parser.CompletionParserTestKeyword" time="0"/>
  <testcase name="test0066 - 11" classname="org.eclipse.jdt.core.tests.compiler.parser.GenericsCompletionParserTest" time="0"/>
  <testcase name="test0066 - 11" classname="org.eclipse.jdt.core.tests.compiler.parser.AnnotationCompletionParserTest" time="0"/>
  <testcase name="test0066 - 11" classname="org.eclipse.jdt.core.tests.compiler.parser.TypeAnnotationSyntaxTest" time="0.001"/>
  <testcase name="test0067 - 11" classname="org.eclipse.jdt.core.tests.compiler.parser.CompletionParserTestKeyword" time="0"/>
  <testcase name="test0067 - 11" classname="org.eclipse.jdt.core.tests.compiler.parser.GenericsCompletionParserTest" time="0"/>
  <testcase name="test0067 - 11" classname="org.eclipse.jdt.core.tests.compiler.parser.AnnotationCompletionParserTest" time="0"/>
  <testcase name="test0067 - 11" classname="org.eclipse.jdt.core.tests.compiler.parser.TypeAnnotationSyntaxTest" time="0.001"/>
  <testcase name="test0068 - 11" classname="org.eclipse.jdt.core.tests.compiler.parser.CompletionParserTestKeyword" time="0"/>
  <testcase name="test0068 - 11" classname="org.eclipse.jdt.core.tests.compiler.parser.GenericsCompletionParserTest" time="0"/>
  <testcase name="test0068 - 11" classname="org.eclipse.jdt.core.tests.compiler.parser.AnnotationCompletionParserTest" time="0"/>
  <testcase name="test0068 - 11" classname="org.eclipse.jdt.core.tests.compiler.parser.TypeAnnotationSyntaxTest" time="0.001"/>
  <testcase name="test0069 - 11" classname="org.eclipse.jdt.core.tests.compiler.parser.CompletionParserTestKeyword" time="0"/>
  <testcase name="test0069 - 11" classname="org.eclipse.jdt.core.tests.compiler.parser.GenericsCompletionParserTest" time="0"/>
  <testcase name="test0069 - 11" classname="org.eclipse.jdt.core.tests.compiler.parser.AnnotationCompletionParserTest" time="0"/>
  <testcase name="test0069 - 11" classname="org.eclipse.jdt.core.tests.compiler.parser.TypeAnnotationSyntaxTest" time="0.001"/>
  <testcase name="test0070 - 11" classname="org.eclipse.jdt.core.tests.compiler.parser.CompletionParserTestKeyword" time="0"/>
  <testcase name="test0070 - 11" classname="org.eclipse.jdt.core.tests.compiler.parser.GenericsCompletionParserTest" time="0"/>
  <testcase name="test0070 - 11" classname="org.eclipse.jdt.core.tests.compiler.parser.TypeAnnotationSyntaxTest" time="0.001"/>
  <testcase name="test0071 - 11" classname="org.eclipse.jdt.core.tests.compiler.parser.CompletionParserTestKeyword" time="0"/>
  <testcase name="test0071 - 11" classname="org.eclipse.jdt.core.tests.compiler.parser.GenericsCompletionParserTest" time="0"/>
  <testcase name="test0071 - 11" classname="org.eclipse.jdt.core.tests.compiler.parser.TypeAnnotationSyntaxTest" time="0.001"/>
  <testcase name="test0072 - 11" classname="org.eclipse.jdt.core.tests.compiler.parser.CompletionParserTestKeyword" time="0"/>
  <testcase name="test0072 - 11" classname="org.eclipse.jdt.core.tests.compiler.parser.GenericsCompletionParserTest" time="0"/>
  <testcase name="test0072 - 11" classname="org.eclipse.jdt.core.tests.compiler.parser.AnnotationCompletionParserTest" time="0"/>
  <testcase name="test0072 - 11" classname="org.eclipse.jdt.core.tests.compiler.parser.TypeAnnotationSyntaxTest" time="0.001"/>
  <testcase name="test0074 - 11" classname="org.eclipse.jdt.core.tests.compiler.parser.CompletionParserTestKeyword" time="0"/>
  <testcase name="test0074 - 11" classname="org.eclipse.jdt.core.tests.compiler.parser.GenericsCompletionParserTest" time="0.001"/>
  <testcase name="test0074 - 11" classname="org.eclipse.jdt.core.tests.compiler.parser.AnnotationCompletionParserTest" time="0"/>
  <testcase name="test0074 - 11" classname="org.eclipse.jdt.core.tests.compiler.parser.TypeAnnotationSyntaxTest" time="0.001"/>
  <testcase name="test0075 - 11" classname="org.eclipse.jdt.core.tests.compiler.parser.CompletionParserTestKeyword" time="0.001"/>
  <testcase name="test0075 - 11" classname="org.eclipse.jdt.core.tests.compiler.parser.GenericsCompletionParserTest" time="0"/>
  <testcase name="test0075 - 11" classname="org.eclipse.jdt.core.tests.compiler.parser.AnnotationCompletionParserTest" time="0.001"/>
  <testcase name="test0075 - 11" classname="org.eclipse.jdt.core.tests.compiler.parser.TypeAnnotationSyntaxTest" time="0"/>
  <testcase name="test0077 - 11" classname="org.eclipse.jdt.core.tests.compiler.parser.CompletionParserTestKeyword" time="0"/>
  <testcase name="test0077 - 11" classname="org.eclipse.jdt.core.tests.compiler.parser.GenericsCompletionParserTest" time="0"/>
  <testcase name="test0077 - 11" classname="org.eclipse.jdt.core.tests.compiler.parser.TypeAnnotationSyntaxTest" time="0.001"/>
  <testcase name="test0078 - 11" classname="org.eclipse.jdt.core.tests.compiler.parser.CompletionParserTestKeyword" time="0"/>
  <testcase name="test0078 - 11" classname="org.eclipse.jdt.core.tests.compiler.parser.GenericsCompletionParserTest" time="0"/>
  <testcase name="test0078 - 11" classname="org.eclipse.jdt.core.tests.compiler.parser.AnnotationCompletionParserTest" time="0"/>
  <testcase name="test0078 - 11" classname="org.eclipse.jdt.core.tests.compiler.parser.TypeAnnotationSyntaxTest" time="0.001"/>
  <testcase name="test0079 - 11" classname="org.eclipse.jdt.core.tests.compiler.parser.CompletionParserTestKeyword" time="0"/>
  <testcase name="test0079 - 11" classname="org.eclipse.jdt.core.tests.compiler.parser.GenericsCompletionParserTest" time="0"/>
  <testcase name="test0079 - 11" classname="org.eclipse.jdt.core.tests.compiler.parser.AnnotationCompletionParserTest" time="0"/>
  <testcase name="test0079 - 11" classname="org.eclipse.jdt.core.tests.compiler.parser.TypeAnnotationSyntaxTest" time="0.001"/>
  <testcase name="test0083 - 11" classname="org.eclipse.jdt.core.tests.compiler.parser.CompletionParserTestKeyword" time="0"/>
  <testcase name="test0083 - 11" classname="org.eclipse.jdt.core.tests.compiler.parser.GenericsCompletionParserTest" time="0"/>
  <testcase name="test0083 - 11" classname="org.eclipse.jdt.core.tests.compiler.parser.AnnotationCompletionParserTest" time="0"/>
  <testcase name="test0083 - 11" classname="org.eclipse.jdt.core.tests.compiler.parser.TypeAnnotationSyntaxTest" time="0"/>
  <testcase name="test0084 - 11" classname="org.eclipse.jdt.core.tests.compiler.parser.CompletionParserTestKeyword" time="0"/>
  <testcase name="test0084 - 11" classname="org.eclipse.jdt.core.tests.compiler.parser.GenericsCompletionParserTest" time="0"/>
  <testcase name="test0084 - 11" classname="org.eclipse.jdt.core.tests.compiler.parser.AnnotationCompletionParserTest" time="0"/>
  <testcase name="test0084 - 11" classname="org.eclipse.jdt.core.tests.compiler.parser.TypeAnnotationSyntaxTest" time="0.001"/>
  <testcase name="test0085 - 11" classname="org.eclipse.jdt.core.tests.compiler.parser.CompletionParserTestKeyword" time="0"/>
  <testcase name="test0085 - 11" classname="org.eclipse.jdt.core.tests.compiler.parser.GenericsCompletionParserTest" time="0.001"/>
  <testcase name="test0085 - 11" classname="org.eclipse.jdt.core.tests.compiler.parser.AnnotationCompletionParserTest" time="0"/>
  <testcase name="test0085 - 11" classname="org.eclipse.jdt.core.tests.compiler.parser.TypeAnnotationSyntaxTest" time="0.001"/>
  <testcase name="test0086 - 11" classname="org.eclipse.jdt.core.tests.compiler.parser.CompletionParserTestKeyword" time="0"/>
  <testcase name="test0086 - 11" classname="org.eclipse.jdt.core.tests.compiler.parser.GenericsCompletionParserTest" time="0"/>
  <testcase name="test0086 - 11" classname="org.eclipse.jdt.core.tests.compiler.parser.AnnotationCompletionParserTest" time="0"/>
  <testcase name="test0086 - 11" classname="org.eclipse.jdt.core.tests.compiler.parser.TypeAnnotationSyntaxTest" time="0.001"/>
  <testcase name="test0087 - 11" classname="org.eclipse.jdt.core.tests.compiler.parser.CompletionParserTestKeyword" time="0"/>
  <testcase name="test0087 - 11" classname="org.eclipse.jdt.core.tests.compiler.parser.GenericsCompletionParserTest" time="0"/>
  <testcase name="test0087 - 11" classname="org.eclipse.jdt.core.tests.compiler.parser.AnnotationCompletionParserTest" time="0"/>
  <testcase name="test0087 - 11" classname="org.eclipse.jdt.core.tests.compiler.parser.TypeAnnotationSyntaxTest" time="0.001"/>
  <testcase name="test0088 - 11" classname="org.eclipse.jdt.core.tests.compiler.parser.CompletionParserTestKeyword" time="0"/>
  <testcase name="test0088 - 11" classname="org.eclipse.jdt.core.tests.compiler.parser.GenericsCompletionParserTest" time="0"/>
  <testcase name="test0088 - 11" classname="org.eclipse.jdt.core.tests.compiler.parser.AnnotationCompletionParserTest" time="0"/>
  <testcase name="test0088 - 11" classname="org.eclipse.jdt.core.tests.compiler.parser.TypeAnnotationSyntaxTest" time="0.001"/>
  <testcase name="test0089 - 11" classname="org.eclipse.jdt.core.tests.compiler.parser.CompletionParserTestKeyword" time="0"/>
  <testcase name="test0089 - 11" classname="org.eclipse.jdt.core.tests.compiler.parser.GenericsCompletionParserTest" time="0"/>
  <testcase name="test0089 - 11" classname="org.eclipse.jdt.core.tests.compiler.parser.AnnotationCompletionParserTest" time="0"/>
  <testcase name="test0089 - 11" classname="org.eclipse.jdt.core.tests.compiler.parser.TypeAnnotationSyntaxTest" time="0.001"/>
  <testcase name="test0091_Diet - 11" classname="org.eclipse.jdt.core.tests.compiler.parser.CompletionParserTestKeyword" time="0"/>
  <testcase name="test0091_Method - 11" classname="org.eclipse.jdt.core.tests.compiler.parser.CompletionParserTestKeyword" time="0"/>
  <testcase name="test0094_Diet - 11" classname="org.eclipse.jdt.core.tests.compiler.parser.CompletionParserTestKeyword" time="0.001"/>
  <testcase name="test0094_Method - 11" classname="org.eclipse.jdt.core.tests.compiler.parser.CompletionParserTestKeyword" time="0"/>
  <testcase name="test0101 - 11" classname="org.eclipse.jdt.core.tests.compiler.parser.CompletionParserTestKeyword" time="0"/>
  <testcase name="test0101 - 11" classname="org.eclipse.jdt.core.tests.compiler.parser.AnnotationCompletionParserTest" time="0"/>
  <testcase name="test0101 - 11" classname="org.eclipse.jdt.core.tests.compiler.parser.TypeAnnotationSyntaxTest" time="0.001"/>
  <testcase name="test0102 - 11" classname="org.eclipse.jdt.core.tests.compiler.parser.CompletionParserTestKeyword" time="0.001"/>
  <testcase name="test0102 - 11" classname="org.eclipse.jdt.core.tests.compiler.parser.AnnotationCompletionParserTest" time="0"/>
  <testcase name="test0102 - 11" classname="org.eclipse.jdt.core.tests.compiler.parser.TypeAnnotationSyntaxTest" time="0.001"/>
  <testcase name="test0103 - 11" classname="org.eclipse.jdt.core.tests.compiler.parser.CompletionParserTestKeyword" time="0"/>
  <testcase name="test0103 - 11" classname="org.eclipse.jdt.core.tests.compiler.parser.AnnotationCompletionParserTest" time="0"/>
  <testcase name="test0103 - 11" classname="org.eclipse.jdt.core.tests.compiler.parser.TypeAnnotationSyntaxTest" time="0.001"/>
  <testcase name="test0104 - 11" classname="org.eclipse.jdt.core.tests.compiler.parser.CompletionParserTestKeyword" time="0"/>
  <testcase name="test0104 - 11" classname="org.eclipse.jdt.core.tests.compiler.parser.AnnotationCompletionParserTest" time="0"/>
  <testcase name="test0104 - 11" classname="org.eclipse.jdt.core.tests.compiler.parser.TypeAnnotationSyntaxTest" time="0.001"/>
  <testcase name="test0105 - 11" classname="org.eclipse.jdt.core.tests.compiler.parser.CompletionParserTestKeyword" time="0.001"/>
  <testcase name="test0105 - 11" classname="org.eclipse.jdt.core.tests.compiler.parser.TypeAnnotationSyntaxTest" time="0.001"/>
  <testcase name="test0106 - 11" classname="org.eclipse.jdt.core.tests.compiler.parser.CompletionParserTestKeyword" time="0"/>
  <testcase name="test0106 - 11" classname="org.eclipse.jdt.core.tests.compiler.parser.TypeAnnotationSyntaxTest" time="0"/>
  <testcase name="test0111 - 11" classname="org.eclipse.jdt.core.tests.compiler.parser.CompletionParserTestKeyword" time="0"/>
  <testcase name="test0111 - 11" classname="org.eclipse.jdt.core.tests.compiler.parser.TypeAnnotationSyntaxTest" time="0"/>
  <testcase name="test0112 - 11" classname="org.eclipse.jdt.core.tests.compiler.parser.CompletionParserTestKeyword" time="0"/>
  <testcase name="test0112 - 11" classname="org.eclipse.jdt.core.tests.compiler.parser.TypeAnnotationSyntaxTest" time="0.001"/>
  <testcase name="test0113 - 11" classname="org.eclipse.jdt.core.tests.compiler.parser.CompletionParserTestKeyword" time="0"/>
  <testcase name="test0113 - 11" classname="org.eclipse.jdt.core.tests.compiler.parser.TypeAnnotationSyntaxTest" time="0.001"/>
  <testcase name="test0114 - 11" classname="org.eclipse.jdt.core.tests.compiler.parser.CompletionParserTestKeyword" time="0"/>
  <testcase name="test0114 - 11" classname="org.eclipse.jdt.core.tests.compiler.parser.TypeAnnotationSyntaxTest" time="0.001"/>
  <testcase name="test0115 - 11" classname="org.eclipse.jdt.core.tests.compiler.parser.CompletionParserTestKeyword" time="0"/>
  <testcase name="test0115 - 11" classname="org.eclipse.jdt.core.tests.compiler.parser.AnnotationCompletionParserTest" time="0.001"/>
  <testcase name="test0115 - 11" classname="org.eclipse.jdt.core.tests.compiler.parser.TypeAnnotationSyntaxTest" time="0.001"/>
  <testcase name="test0116 - 11" classname="org.eclipse.jdt.core.tests.compiler.parser.CompletionParserTestKeyword" time="0"/>
  <testcase name="test0116 - 11" classname="org.eclipse.jdt.core.tests.compiler.parser.AnnotationCompletionParserTest" time="0"/>
  <testcase name="test0116 - 11" classname="org.eclipse.jdt.core.tests.compiler.parser.TypeAnnotationSyntaxTest" time="0.001"/>
  <testcase name="test0117 - 11" classname="org.eclipse.jdt.core.tests.compiler.parser.CompletionParserTestKeyword" time="0.001"/>
  <testcase name="test0117 - 11" classname="org.eclipse.jdt.core.tests.compiler.parser.AnnotationCompletionParserTest" time="0"/>
  <testcase name="test0117 - 11" classname="org.eclipse.jdt.core.tests.compiler.parser.TypeAnnotationSyntaxTest" time="0.001"/>
  <testcase name="test0118 - 11" classname="org.eclipse.jdt.core.tests.compiler.parser.CompletionParserTestKeyword" time="0"/>
  <testcase name="test0118 - 11" classname="org.eclipse.jdt.core.tests.compiler.parser.AnnotationCompletionParserTest" time="0"/>
  <testcase name="test0118 - 11" classname="org.eclipse.jdt.core.tests.compiler.parser.TypeAnnotationSyntaxTest" time="0.002"/>
  <testcase name="test0119 - 11" classname="org.eclipse.jdt.core.tests.compiler.parser.CompletionParserTestKeyword" time="0"/>
  <testcase name="test0119 - 11" classname="org.eclipse.jdt.core.tests.compiler.parser.TypeAnnotationSyntaxTest" time="0.001"/>
  <testcase name="test0120 - 11" classname="org.eclipse.jdt.core.tests.compiler.parser.CompletionParserTestKeyword" time="0"/>
  <testcase name="test0120 - 11" classname="org.eclipse.jdt.core.tests.compiler.parser.TypeAnnotationSyntaxTest" time="0.001"/>
  <testcase name="test0121 - 11" classname="org.eclipse.jdt.core.tests.compiler.parser.CompletionParserTestKeyword" time="0.001"/>
  <testcase name="test0121 - 11" classname="org.eclipse.jdt.core.tests.compiler.parser.AnnotationCompletionParserTest" time="0"/>
  <testcase name="test0121 - 11" classname="org.eclipse.jdt.core.tests.compiler.parser.TypeAnnotationSyntaxTest" time="0.001"/>
  <testcase name="test0122 - 11" classname="org.eclipse.jdt.core.tests.compiler.parser.CompletionParserTestKeyword" time="0"/>
  <testcase name="test0122 - 11" classname="org.eclipse.jdt.core.tests.compiler.parser.AnnotationCompletionParserTest" time="0.001"/>
  <testcase name="test0122 - 11" classname="org.eclipse.jdt.core.tests.compiler.parser.TypeAnnotationSyntaxTest" time="0.001"/>
  <testcase name="test0123 - 11" classname="org.eclipse.jdt.core.tests.compiler.parser.CompletionParserTestKeyword" time="0"/>
  <testcase name="test0123 - 11" classname="org.eclipse.jdt.core.tests.compiler.parser.AnnotationCompletionParserTest" time="0"/>
  <testcase name="test0123 - 11" classname="org.eclipse.jdt.core.tests.compiler.parser.TypeAnnotationSyntaxTest" time="0.001"/>
  <testcase name="test0124 - 11" classname="org.eclipse.jdt.core.tests.compiler.parser.CompletionParserTestKeyword" time="0"/>
  <testcase name="test0124 - 11" classname="org.eclipse.jdt.core.tests.compiler.parser.AnnotationCompletionParserTest" time="0"/>
  <testcase name="test0125 - 11" classname="org.eclipse.jdt.core.tests.compiler.parser.CompletionParserTestKeyword" time="0"/>
  <testcase name="test0125 - 11" classname="org.eclipse.jdt.core.tests.compiler.parser.AnnotationCompletionParserTest" time="0"/>
  <testcase name="test0125 - 11" classname="org.eclipse.jdt.core.tests.compiler.parser.TypeAnnotationSyntaxTest" time="0"/>
  <testcase name="test0126 - 11" classname="org.eclipse.jdt.core.tests.compiler.parser.CompletionParserTestKeyword" time="0"/>
  <testcase name="test0126 - 11" classname="org.eclipse.jdt.core.tests.compiler.parser.AnnotationCompletionParserTest" time="0.001"/>
  <testcase name="test0126 - 11" classname="org.eclipse.jdt.core.tests.compiler.parser.TypeAnnotationSyntaxTest" time="0"/>
  <testcase name="test0128 - 11" classname="org.eclipse.jdt.core.tests.compiler.parser.CompletionParserTestKeyword" time="0"/>
  <testcase name="test0128 - 11" classname="org.eclipse.jdt.core.tests.compiler.parser.AnnotationCompletionParserTest" time="0"/>
  <testcase name="test0128 - 11" classname="org.eclipse.jdt.core.tests.compiler.parser.TypeAnnotationSyntaxTest" time="0.001"/>
  <testcase name="test0129 - 11" classname="org.eclipse.jdt.core.tests.compiler.parser.CompletionParserTestKeyword" time="0"/>
  <testcase name="test0129 - 11" classname="org.eclipse.jdt.core.tests.compiler.parser.AnnotationCompletionParserTest" time="0"/>
  <testcase name="test0129 - 11" classname="org.eclipse.jdt.core.tests.compiler.parser.TypeAnnotationSyntaxTest" time="0"/>
  <testcase name="test0130 - 11" classname="org.eclipse.jdt.core.tests.compiler.parser.CompletionParserTestKeyword" time="0"/>
  <testcase name="test0130 - 11" classname="org.eclipse.jdt.core.tests.compiler.parser.TypeAnnotationSyntaxTest" time="0.001"/>
  <testcase name="test0131 - 11" classname="org.eclipse.jdt.core.tests.compiler.parser.CompletionParserTestKeyword" time="0"/>
  <testcase name="test0131 - 11" classname="org.eclipse.jdt.core.tests.compiler.parser.TypeAnnotationSyntaxTest" time="0"/>
  <testcase name="test0132 - 11" classname="org.eclipse.jdt.core.tests.compiler.parser.CompletionParserTestKeyword" time="0"/>
  <testcase name="test0132 - 11" classname="org.eclipse.jdt.core.tests.compiler.parser.TypeAnnotationSyntaxTest" time="0"/>
  <testcase name="test0133 - 11" classname="org.eclipse.jdt.core.tests.compiler.parser.CompletionParserTestKeyword" time="0"/>
  <testcase name="test0133 - 11" classname="org.eclipse.jdt.core.tests.compiler.parser.TypeAnnotationSyntaxTest" time="0"/>
  <testcase name="test0135 - 11" classname="org.eclipse.jdt.core.tests.compiler.parser.CompletionParserTestKeyword" time="0"/>
  <testcase name="test0135 - 11" classname="org.eclipse.jdt.core.tests.compiler.parser.TypeAnnotationSyntaxTest" time="0"/>
  <testcase name="test0137 - 11" classname="org.eclipse.jdt.core.tests.compiler.parser.CompletionParserTestKeyword" time="0"/>
  <testcase name="test0137 - 11" classname="org.eclipse.jdt.core.tests.compiler.parser.TypeAnnotationSyntaxTest" time="0.001"/>
  <testcase name="test0138 - 11" classname="org.eclipse.jdt.core.tests.compiler.parser.CompletionParserTestKeyword" time="0.001"/>
  <testcase name="test0138 - 11" classname="org.eclipse.jdt.core.tests.compiler.parser.TypeAnnotationSyntaxTest" time="0"/>
  <testcase name="test0142 - 11" classname="org.eclipse.jdt.core.tests.compiler.parser.CompletionParserTestKeyword" time="0"/>
  <testcase name="test0143 - 11" classname="org.eclipse.jdt.core.tests.compiler.parser.CompletionParserTestKeyword" time="0"/>
  <testcase name="test0144 - 11" classname="org.eclipse.jdt.core.tests.compiler.parser.CompletionParserTestKeyword" time="0"/>
  <testcase name="test0145 - 11" classname="org.eclipse.jdt.core.tests.compiler.parser.CompletionParserTestKeyword" time="0"/>
  <testcase name="test0146 - 11" classname="org.eclipse.jdt.core.tests.compiler.parser.CompletionParserTestKeyword" time="0"/>
  <testcase name="test0146 - 11" classname="org.eclipse.jdt.core.tests.compiler.parser.GenericsCompletionParserTest" time="0"/>
  <testcase name="test0147_Diet - 11" classname="org.eclipse.jdt.core.tests.compiler.parser.CompletionParserTestKeyword" time="0"/>
  <testcase name="test0147_Method - 11" classname="org.eclipse.jdt.core.tests.compiler.parser.CompletionParserTestKeyword" time="0"/>
  <testcase name="test0148_Diet - 11" classname="org.eclipse.jdt.core.tests.compiler.parser.CompletionParserTestKeyword" time="0"/>
  <testcase name="test0148_Method - 11" classname="org.eclipse.jdt.core.tests.compiler.parser.CompletionParserTestKeyword" time="0"/>
  <testcase name="test0149 - 11" classname="org.eclipse.jdt.core.tests.compiler.parser.CompletionParserTestKeyword" time="0"/>
  <testcase name="test0149 - 11" classname="org.eclipse.jdt.core.tests.compiler.parser.GenericsCompletionParserTest" time="0"/>
  <testcase name="test0150 - 11" classname="org.eclipse.jdt.core.tests.compiler.parser.CompletionParserTestKeyword" time="0"/>
  <testcase name="test0150 - 11" classname="org.eclipse.jdt.core.tests.compiler.parser.GenericsCompletionParserTest" time="0"/>
  <testcase name="test0151 - 11" classname="org.eclipse.jdt.core.tests.compiler.parser.CompletionParserTestKeyword" time="0"/>
  <testcase name="test0151 - 11" classname="org.eclipse.jdt.core.tests.compiler.parser.GenericsCompletionParserTest" time="0"/>
  <testcase name="test0153 - 11" classname="org.eclipse.jdt.core.tests.compiler.parser.CompletionParserTestKeyword" time="0"/>
  <testcase name="test0153 - 11" classname="org.eclipse.jdt.core.tests.compiler.parser.GenericsCompletionParserTest" time="0"/>
  <testcase name="test0154 - 11" classname="org.eclipse.jdt.core.tests.compiler.parser.CompletionParserTestKeyword" time="0"/>
  <testcase name="test0154 - 11" classname="org.eclipse.jdt.core.tests.compiler.parser.GenericsCompletionParserTest" time="0"/>
  <testcase name="test0155 - 11" classname="org.eclipse.jdt.core.tests.compiler.parser.CompletionParserTestKeyword" time="0"/>
  <testcase name="test0155 - 11" classname="org.eclipse.jdt.core.tests.compiler.parser.GenericsCompletionParserTest" time="0"/>
  <testcase name="test0156 - 11" classname="org.eclipse.jdt.core.tests.compiler.parser.CompletionParserTestKeyword" time="0"/>
  <testcase name="test0156 - 11" classname="org.eclipse.jdt.core.tests.compiler.parser.GenericsCompletionParserTest" time="0"/>
  <testcase name="test0157 - 11" classname="org.eclipse.jdt.core.tests.compiler.parser.CompletionParserTestKeyword" time="0.001"/>
  <testcase name="test0157 - 11" classname="org.eclipse.jdt.core.tests.compiler.parser.GenericsCompletionParserTest" time="0.001"/>
  <testcase name="test0158 - 11" classname="org.eclipse.jdt.core.tests.compiler.parser.CompletionParserTestKeyword" time="0"/>
  <testcase name="test0158 - 11" classname="org.eclipse.jdt.core.tests.compiler.parser.GenericsCompletionParserTest" time="0"/>
  <testcase name="test0165 - 11" classname="org.eclipse.jdt.core.tests.compiler.parser.CompletionParserTestKeyword" time="0"/>
  <testcase name="test0166 - 11" classname="org.eclipse.jdt.core.tests.compiler.parser.CompletionParserTestKeyword" time="0"/>
  <testcase name="test0167 - 11" classname="org.eclipse.jdt.core.tests.compiler.parser.CompletionParserTestKeyword" time="0"/>
  <testcase name="test0168 - 11" classname="org.eclipse.jdt.core.tests.compiler.parser.CompletionParserTestKeyword" time="0"/>
  <testcase name="test0169 - 11" classname="org.eclipse.jdt.core.tests.compiler.parser.CompletionParserTestKeyword" time="0"/>
  <testcase name="test0169 - 11" classname="org.eclipse.jdt.core.tests.compiler.parser.GenericsCompletionParserTest" time="0"/>
  <testcase name="test0170 - 11" classname="org.eclipse.jdt.core.tests.compiler.parser.CompletionParserTestKeyword" time="0.001"/>
  <testcase name="test0170 - 11" classname="org.eclipse.jdt.core.tests.compiler.parser.GenericsCompletionParserTest" time="0"/>
  <testcase name="test0171 - 11" classname="org.eclipse.jdt.core.tests.compiler.parser.CompletionParserTestKeyword" time="0"/>
  <testcase name="test0173 - 11" classname="org.eclipse.jdt.core.tests.compiler.parser.CompletionParserTestKeyword" time="0"/>
  <testcase name="test0174 - 11" classname="org.eclipse.jdt.core.tests.compiler.parser.CompletionParserTestKeyword" time="0"/>
  <testcase name="test0175 - 11" classname="org.eclipse.jdt.core.tests.compiler.parser.CompletionParserTestKeyword" time="0.001"/>
  <testcase name="test0176 - 11" classname="org.eclipse.jdt.core.tests.compiler.parser.CompletionParserTestKeyword" time="0"/>
  <testcase name="test0177 - 11" classname="org.eclipse.jdt.core.tests.compiler.parser.CompletionParserTestKeyword" time="0"/>
  <testcase name="test0177 - 11" classname="org.eclipse.jdt.core.tests.compiler.parser.GenericsCompletionParserTest" time="0"/>
  <testcase name="test0178 - 11" classname="org.eclipse.jdt.core.tests.compiler.parser.CompletionParserTestKeyword" time="0"/>
  <testcase name="test0178 - 11" classname="org.eclipse.jdt.core.tests.compiler.parser.GenericsCompletionParserTest" time="0"/>
  <testcase name="test0179 - 11" classname="org.eclipse.jdt.core.tests.compiler.parser.CompletionParserTestKeyword" time="0"/>
  <testcase name="test0179 - 11" classname="org.eclipse.jdt.core.tests.compiler.parser.GenericsCompletionParserTest" time="0"/>
  <testcase name="test0180 - 11" classname="org.eclipse.jdt.core.tests.compiler.parser.CompletionParserTestKeyword" time="0"/>
  <testcase name="test0180 - 11" classname="org.eclipse.jdt.core.tests.compiler.parser.GenericsCompletionParserTest" time="0"/>
  <testcase name="test0181_Diet - 11" classname="org.eclipse.jdt.core.tests.compiler.parser.CompletionParserTestKeyword" time="0"/>
  <testcase name="test0181_Method - 11" classname="org.eclipse.jdt.core.tests.compiler.parser.CompletionParserTestKeyword" time="0"/>
  <testcase name="test0182_Diet - 11" classname="org.eclipse.jdt.core.tests.compiler.parser.CompletionParserTestKeyword" time="0"/>
  <testcase name="test0182_Method - 11" classname="org.eclipse.jdt.core.tests.compiler.parser.CompletionParserTestKeyword" time="0.001"/>
  <testcase name="test0183_Diet - 11" classname="org.eclipse.jdt.core.tests.compiler.parser.CompletionParserTestKeyword" time="0"/>
  <testcase name="test0183_Method - 11" classname="org.eclipse.jdt.core.tests.compiler.parser.CompletionParserTestKeyword" time="0"/>
  <testcase name="test0184_Diet - 11" classname="org.eclipse.jdt.core.tests.compiler.parser.CompletionParserTestKeyword" time="0"/>
  <testcase name="test0184_Diet - 11" classname="org.eclipse.jdt.core.tests.compiler.parser.GenericsCompletionParserTest" time="0"/>
  <testcase name="test0184_Method - 11" classname="org.eclipse.jdt.core.tests.compiler.parser.CompletionParserTestKeyword" time="0"/>
  <testcase name="test0184_Method - 11" classname="org.eclipse.jdt.core.tests.compiler.parser.GenericsCompletionParserTest" time="0"/>
  <testcase name="test0185_Diet - 11" classname="org.eclipse.jdt.core.tests.compiler.parser.CompletionParserTestKeyword" time="0"/>
  <testcase name="test0185_Method - 11" classname="org.eclipse.jdt.core.tests.compiler.parser.CompletionParserTestKeyword" time="0"/>
  <testcase name="test0186_Diet - 11" classname="org.eclipse.jdt.core.tests.compiler.parser.CompletionParserTestKeyword" time="0"/>
  <testcase name="test0186_Method - 11" classname="org.eclipse.jdt.core.tests.compiler.parser.CompletionParserTestKeyword" time="0"/>
  <testcase name="test0187_Diet - 11" classname="org.eclipse.jdt.core.tests.compiler.parser.CompletionParserTestKeyword" time="0"/>
  <testcase name="test0187_Diet - 11" classname="org.eclipse.jdt.core.tests.compiler.parser.GenericsCompletionParserTest" time="0"/>
  <testcase name="test0187_Method - 11" classname="org.eclipse.jdt.core.tests.compiler.parser.CompletionParserTestKeyword" time="0"/>
  <testcase name="test0187_Method - 11" classname="org.eclipse.jdt.core.tests.compiler.parser.GenericsCompletionParserTest" time="0"/>
  <testcase name="test0188_Diet - 11" classname="org.eclipse.jdt.core.tests.compiler.parser.CompletionParserTestKeyword" time="0"/>
  <testcase name="test0188_Diet - 11" classname="org.eclipse.jdt.core.tests.compiler.parser.GenericsCompletionParserTest" time="0"/>
  <testcase name="test0188_Method - 11" classname="org.eclipse.jdt.core.tests.compiler.parser.CompletionParserTestKeyword" time="0"/>
  <testcase name="test0188_Method - 11" classname="org.eclipse.jdt.core.tests.compiler.parser.GenericsCompletionParserTest" time="0"/>
  <testcase name="test0189_Diet - 11" classname="org.eclipse.jdt.core.tests.compiler.parser.CompletionParserTestKeyword" time="0.001"/>
  <testcase name="test0189_Diet - 11" classname="org.eclipse.jdt.core.tests.compiler.parser.GenericsCompletionParserTest" time="0"/>
  <testcase name="test0189_Method - 11" classname="org.eclipse.jdt.core.tests.compiler.parser.CompletionParserTestKeyword" time="0"/>
  <testcase name="test0189_Method - 11" classname="org.eclipse.jdt.core.tests.compiler.parser.GenericsCompletionParserTest" time="0"/>
  <testcase name="test0190_Diet - 11" classname="org.eclipse.jdt.core.tests.compiler.parser.CompletionParserTestKeyword" time="0"/>
  <testcase name="test0190_Diet - 11" classname="org.eclipse.jdt.core.tests.compiler.parser.GenericsCompletionParserTest" time="0"/>
  <testcase name="test0190_Method - 11" classname="org.eclipse.jdt.core.tests.compiler.parser.CompletionParserTestKeyword" time="0"/>
  <testcase name="test0190_Method - 11" classname="org.eclipse.jdt.core.tests.compiler.parser.GenericsCompletionParserTest" time="0"/>
  <testcase name="test0191_Diet - 11" classname="org.eclipse.jdt.core.tests.compiler.parser.CompletionParserTestKeyword" time="0"/>
  <testcase name="test0191_Diet - 11" classname="org.eclipse.jdt.core.tests.compiler.parser.GenericsCompletionParserTest" time="0"/>
  <testcase name="test0191_Method - 11" classname="org.eclipse.jdt.core.tests.compiler.parser.CompletionParserTestKeyword" time="0"/>
  <testcase name="test0191_Method - 11" classname="org.eclipse.jdt.core.tests.compiler.parser.GenericsCompletionParserTest" time="0"/>
  <testcase name="test0192_Diet - 11" classname="org.eclipse.jdt.core.tests.compiler.parser.CompletionParserTestKeyword" time="0"/>
  <testcase name="test0192_Diet - 11" classname="org.eclipse.jdt.core.tests.compiler.parser.GenericsCompletionParserTest" time="0"/>
  <testcase name="test0192_Method - 11" classname="org.eclipse.jdt.core.tests.compiler.parser.CompletionParserTestKeyword" time="0"/>
  <testcase name="test0192_Method - 11" classname="org.eclipse.jdt.core.tests.compiler.parser.GenericsCompletionParserTest" time="0"/>
  <testcase name="test0193_Diet - 11" classname="org.eclipse.jdt.core.tests.compiler.parser.CompletionParserTestKeyword" time="0"/>
  <testcase name="test0193_Diet - 11" classname="org.eclipse.jdt.core.tests.compiler.parser.GenericsCompletionParserTest" time="0"/>
  <testcase name="test0193_Method - 11" classname="org.eclipse.jdt.core.tests.compiler.parser.CompletionParserTestKeyword" time="0"/>
  <testcase name="test0193_Method - 11" classname="org.eclipse.jdt.core.tests.compiler.parser.GenericsCompletionParserTest" time="0.001"/>
  <testcase name="test0194 - 11" classname="org.eclipse.jdt.core.tests.compiler.parser.CompletionParserTestKeyword" time="0"/>
  <testcase name="test0195 - 11" classname="org.eclipse.jdt.core.tests.compiler.parser.CompletionParserTestKeyword" time="0"/>
  <testcase name="test0196 - 11" classname="org.eclipse.jdt.core.tests.compiler.parser.CompletionParserTestKeyword" time="0.001"/>
  <testcase name="test0196 - 11" classname="org.eclipse.jdt.core.tests.compiler.parser.GenericsCompletionParserTest" time="0"/>
  <testcase name="test0197 - 11" classname="org.eclipse.jdt.core.tests.compiler.parser.CompletionParserTestKeyword" time="0"/>
  <testcase name="test0197 - 11" classname="org.eclipse.jdt.core.tests.compiler.parser.GenericsCompletionParserTest" time="0"/>
  <testcase name="test0198 - 11" classname="org.eclipse.jdt.core.tests.compiler.parser.CompletionParserTestKeyword" time="0"/>
  <testcase name="test0198 - 11" classname="org.eclipse.jdt.core.tests.compiler.parser.GenericsCompletionParserTest" time="0"/>
  <testcase name="test0199 - 11" classname="org.eclipse.jdt.core.tests.compiler.parser.CompletionParserTestKeyword" time="0"/>
  <testcase name="test0199 - 11" classname="org.eclipse.jdt.core.tests.compiler.parser.GenericsCompletionParserTest" time="0.001"/>
  <testcase name="test0200 - 11" classname="org.eclipse.jdt.core.tests.compiler.parser.CompletionParserTestKeyword" time="0"/>
  <testcase name="test0200 - 11" classname="org.eclipse.jdt.core.tests.compiler.parser.GenericsCompletionParserTest" time="0"/>
  <testcase name="test0201 - 11" classname="org.eclipse.jdt.core.tests.compiler.parser.CompletionParserTestKeyword" time="0.001"/>
  <testcase name="test0201 - 11" classname="org.eclipse.jdt.core.tests.compiler.parser.GenericsCompletionParserTest" time="0"/>
  <testcase name="test0202 - 11" classname="org.eclipse.jdt.core.tests.compiler.parser.CompletionParserTestKeyword" time="0"/>
  <testcase name="test0203 - 11" classname="org.eclipse.jdt.core.tests.compiler.parser.CompletionParserTestKeyword" time="0"/>
  <testcase name="test0204 - 11" classname="org.eclipse.jdt.core.tests.compiler.parser.CompletionParserTestKeyword" time="0"/>
  <testcase name="test0205 - 11" classname="org.eclipse.jdt.core.tests.compiler.parser.CompletionParserTestKeyword" time="0"/>
  <testcase name="test0205 - 11" classname="org.eclipse.jdt.core.tests.compiler.parser.GenericsCompletionParserTest" time="0"/>
  <testcase name="test0206 - 11" classname="org.eclipse.jdt.core.tests.compiler.parser.CompletionParserTestKeyword" time="0"/>
  <testcase name="test0207 - 11" classname="org.eclipse.jdt.core.tests.compiler.parser.CompletionParserTestKeyword" time="0"/>
  <testcase name="test0208 - 11" classname="org.eclipse.jdt.core.tests.compiler.parser.CompletionParserTestKeyword" time="0"/>
  <testcase name="test0209 - 11" classname="org.eclipse.jdt.core.tests.compiler.parser.CompletionParserTestKeyword" time="0"/>
  <testcase name="test0210 - 11" classname="org.eclipse.jdt.core.tests.compiler.parser.CompletionParserTestKeyword" time="0"/>
  <testcase name="test0211 - 11" classname="org.eclipse.jdt.core.tests.compiler.parser.CompletionParserTestKeyword" time="0"/>
  <testcase name="test0211 - 11" classname="org.eclipse.jdt.core.tests.compiler.parser.GenericsCompletionParserTest" time="0"/>
  <testcase name="test0212 - 11" classname="org.eclipse.jdt.core.tests.compiler.parser.CompletionParserTestKeyword" time="0"/>
  <testcase name="test0212 - 11" classname="org.eclipse.jdt.core.tests.compiler.parser.GenericsCompletionParserTest" time="0.001"/>
  <testcase name="test0213 - 11" classname="org.eclipse.jdt.core.tests.compiler.parser.CompletionParserTestKeyword" time="0"/>
  <testcase name="test0214_Diet - 11" classname="org.eclipse.jdt.core.tests.compiler.parser.CompletionParserTestKeyword" time="0"/>
  <testcase name="test0214_Diet - 11" classname="org.eclipse.jdt.core.tests.compiler.parser.GenericsCompletionParserTest" time="0"/>
  <testcase name="test0214_Method - 11" classname="org.eclipse.jdt.core.tests.compiler.parser.CompletionParserTestKeyword" time="0"/>
  <testcase name="test0214_Method - 11" classname="org.eclipse.jdt.core.tests.compiler.parser.GenericsCompletionParserTest" time="0"/>
  <testcase name="test0216_Diet - 11" classname="org.eclipse.jdt.core.tests.compiler.parser.CompletionParserTestKeyword" time="0"/>
  <testcase name="test0216_Diet - 11" classname="org.eclipse.jdt.core.tests.compiler.parser.GenericsCompletionParserTest" time="0"/>
  <testcase name="test0216_Method - 11" classname="org.eclipse.jdt.core.tests.compiler.parser.CompletionParserTestKeyword" time="0"/>
  <testcase name="test0217_Diet - 11" classname="org.eclipse.jdt.core.tests.compiler.parser.CompletionParserTestKeyword" time="0"/>
  <testcase name="test0217_Method - 11" classname="org.eclipse.jdt.core.tests.compiler.parser.CompletionParserTestKeyword" time="0"/>
  <testcase name="test0217_Method - 11" classname="org.eclipse.jdt.core.tests.compiler.parser.GenericsCompletionParserTest" time="0.001"/>
  <testcase name="test0218_Diet - 11" classname="org.eclipse.jdt.core.tests.compiler.parser.CompletionParserTestKeyword" time="0"/>
  <testcase name="test0218_Diet - 11" classname="org.eclipse.jdt.core.tests.compiler.parser.GenericsCompletionParserTest" time="0"/>
  <testcase name="test0218_Method - 11" classname="org.eclipse.jdt.core.tests.compiler.parser.CompletionParserTestKeyword" time="0"/>
  <testcase name="test0219_Diet - 11" classname="org.eclipse.jdt.core.tests.compiler.parser.CompletionParserTestKeyword" time="0"/>
  <testcase name="test0219_Diet - 11" classname="org.eclipse.jdt.core.tests.compiler.parser.GenericsCompletionParserTest" time="0"/>
  <testcase name="test0219_Method - 11" classname="org.eclipse.jdt.core.tests.compiler.parser.CompletionParserTestKeyword" time="0"/>
  <testcase name="test0220_Diet - 11" classname="org.eclipse.jdt.core.tests.compiler.parser.CompletionParserTestKeyword" time="0"/>
  <testcase name="test0220_Diet - 11" classname="org.eclipse.jdt.core.tests.compiler.parser.GenericsCompletionParserTest" time="0"/>
  <testcase name="test0220_Method - 11" classname="org.eclipse.jdt.core.tests.compiler.parser.CompletionParserTestKeyword" time="0"/>
  <testcase name="test0221_Diet - 11" classname="org.eclipse.jdt.core.tests.compiler.parser.CompletionParserTestKeyword" time="0"/>
  <testcase name="test0221_Method - 11" classname="org.eclipse.jdt.core.tests.compiler.parser.CompletionParserTestKeyword" time="0.001"/>
  <testcase name="test0222_Diet - 11" classname="org.eclipse.jdt.core.tests.compiler.parser.CompletionParserTestKeyword" time="0"/>
  <testcase name="test0222_Method - 11" classname="org.eclipse.jdt.core.tests.compiler.parser.CompletionParserTestKeyword" time="0"/>
  <testcase name="test0223 - 11" classname="org.eclipse.jdt.core.tests.compiler.parser.CompletionParserTestKeyword" time="0"/>
  <testcase name="test0224 - 11" classname="org.eclipse.jdt.core.tests.compiler.parser.CompletionParserTestKeyword" time="0"/>
  <testcase name="test0225 - 11" classname="org.eclipse.jdt.core.tests.compiler.parser.CompletionParserTestKeyword" time="0"/>
  <testcase name="test0226 - 11" classname="org.eclipse.jdt.core.tests.compiler.parser.CompletionParserTestKeyword" time="0"/>
  <testcase name="test0227 - 11" classname="org.eclipse.jdt.core.tests.compiler.parser.CompletionParserTestKeyword" time="0"/>
  <testcase name="test0228 - 11" classname="org.eclipse.jdt.core.tests.compiler.parser.CompletionParserTestKeyword" time="0"/>
  <testcase name="test0229 - 11" classname="org.eclipse.jdt.core.tests.compiler.parser.CompletionParserTestKeyword" time="0"/>
  <testcase name="test0230 - 11" classname="org.eclipse.jdt.core.tests.compiler.parser.CompletionParserTestKeyword" time="0.001"/>
  <testcase name="test0231_Diet - 11" classname="org.eclipse.jdt.core.tests.compiler.parser.CompletionParserTestKeyword" time="0"/>
  <testcase name="test0231_Method - 11" classname="org.eclipse.jdt.core.tests.compiler.parser.CompletionParserTestKeyword" time="0"/>
  <testcase name="test0232_Diet - 11" classname="org.eclipse.jdt.core.tests.compiler.parser.CompletionParserTestKeyword" time="0"/>
  <testcase name="test0232_Method - 11" classname="org.eclipse.jdt.core.tests.compiler.parser.CompletionParserTestKeyword" time="0"/>
  <testcase name="test0233_Diet - 11" classname="org.eclipse.jdt.core.tests.compiler.parser.CompletionParserTestKeyword" time="0"/>
  <testcase name="test0233_Method - 11" classname="org.eclipse.jdt.core.tests.compiler.parser.CompletionParserTestKeyword" time="0"/>
  <testcase name="test0234_Diet - 11" classname="org.eclipse.jdt.core.tests.compiler.parser.CompletionParserTestKeyword" time="0"/>
  <testcase name="test0234_Method - 11" classname="org.eclipse.jdt.core.tests.compiler.parser.CompletionParserTestKeyword" time="0"/>
  <testcase name="test0235_Diet - 11" classname="org.eclipse.jdt.core.tests.compiler.parser.CompletionParserTestKeyword" time="0"/>
  <testcase name="test0235_Method - 11" classname="org.eclipse.jdt.core.tests.compiler.parser.CompletionParserTestKeyword" time="0"/>
  <testcase name="test0236_Diet - 11" classname="org.eclipse.jdt.core.tests.compiler.parser.CompletionParserTestKeyword" time="0"/>
  <testcase name="test0236_Method - 11" classname="org.eclipse.jdt.core.tests.compiler.parser.CompletionParserTestKeyword" time="0"/>
  <testcase name="test0237_Diet - 11" classname="org.eclipse.jdt.core.tests.compiler.parser.CompletionParserTestKeyword" time="0"/>
  <testcase name="test0237_Method - 11" classname="org.eclipse.jdt.core.tests.compiler.parser.CompletionParserTestKeyword" time="0"/>
  <testcase name="test0238_Diet - 11" classname="org.eclipse.jdt.core.tests.compiler.parser.CompletionParserTestKeyword" time="0"/>
  <testcase name="test0238_Method - 11" classname="org.eclipse.jdt.core.tests.compiler.parser.CompletionParserTestKeyword" time="0"/>
  <testcase name="test0239_Diet - 11" classname="org.eclipse.jdt.core.tests.compiler.parser.CompletionParserTestKeyword" time="0"/>
  <testcase name="test0239_Method - 11" classname="org.eclipse.jdt.core.tests.compiler.parser.CompletionParserTestKeyword" time="0.001"/>
  <testcase name="test0240_Diet - 11" classname="org.eclipse.jdt.core.tests.compiler.parser.CompletionParserTestKeyword" time="0"/>
  <testcase name="test0240_Method - 11" classname="org.eclipse.jdt.core.tests.compiler.parser.CompletionParserTestKeyword" time="0"/>
  <testcase name="test0241 - 11" classname="org.eclipse.jdt.core.tests.compiler.parser.CompletionParserTestKeyword" time="0"/>
  <testcase name="test0242 - 11" classname="org.eclipse.jdt.core.tests.compiler.parser.CompletionParserTestKeyword" time="0"/>
  <testcase name="test0243 - 11" classname="org.eclipse.jdt.core.tests.compiler.parser.CompletionParserTestKeyword" time="0"/>
  <testcase name="test0244 - 11" classname="org.eclipse.jdt.core.tests.compiler.parser.CompletionParserTestKeyword" time="0"/>
  <testcase name="test0245 - 11" classname="org.eclipse.jdt.core.tests.compiler.parser.CompletionParserTestKeyword" time="0"/>
  <testcase name="test0246 - 11" classname="org.eclipse.jdt.core.tests.compiler.parser.CompletionParserTestKeyword" time="0"/>
  <testcase name="test0247 - 11" classname="org.eclipse.jdt.core.tests.compiler.parser.CompletionParserTestKeyword" time="0"/>
  <testcase name="test0248 - 11" classname="org.eclipse.jdt.core.tests.compiler.parser.CompletionParserTestKeyword" time="0"/>
  <testcase name="test0249_Diet - 11" classname="org.eclipse.jdt.core.tests.compiler.parser.CompletionParserTestKeyword" time="0"/>
  <testcase name="test0249_Method - 11" classname="org.eclipse.jdt.core.tests.compiler.parser.CompletionParserTestKeyword" time="0"/>
  <testcase name="test0250_Diet - 11" classname="org.eclipse.jdt.core.tests.compiler.parser.CompletionParserTestKeyword" time="0"/>
  <testcase name="test0250_Method - 11" classname="org.eclipse.jdt.core.tests.compiler.parser.CompletionParserTestKeyword" time="0"/>
  <testcase name="test0251_Diet - 11" classname="org.eclipse.jdt.core.tests.compiler.parser.CompletionParserTestKeyword" time="0"/>
  <testcase name="test0251_Method - 11" classname="org.eclipse.jdt.core.tests.compiler.parser.CompletionParserTestKeyword" time="0.001"/>
  <testcase name="test0252_Diet - 11" classname="org.eclipse.jdt.core.tests.compiler.parser.CompletionParserTestKeyword" time="0"/>
  <testcase name="test0252_Method - 11" classname="org.eclipse.jdt.core.tests.compiler.parser.CompletionParserTestKeyword" time="0"/>
  <testcase name="test0253_Diet - 11" classname="org.eclipse.jdt.core.tests.compiler.parser.CompletionParserTestKeyword" time="0"/>
  <testcase name="test0253_Method - 11" classname="org.eclipse.jdt.core.tests.compiler.parser.CompletionParserTestKeyword" time="0.001"/>
  <testcase name="test0254 - 11" classname="org.eclipse.jdt.core.tests.compiler.parser.CompletionParserTestKeyword" time="0"/>
  <testcase name="test0255 - 11" classname="org.eclipse.jdt.core.tests.compiler.parser.CompletionParserTestKeyword" time="0"/>
  <testcase name="test0256 - 11" classname="org.eclipse.jdt.core.tests.compiler.parser.CompletionParserTestKeyword" time="0"/>
  <testcase name="test0257 - 11" classname="org.eclipse.jdt.core.tests.compiler.parser.CompletionParserTestKeyword" time="0"/>
  <testcase name="test0258 - 11" classname="org.eclipse.jdt.core.tests.compiler.parser.CompletionParserTestKeyword" time="0"/>
  <testcase name="test0259 - 11" classname="org.eclipse.jdt.core.tests.compiler.parser.CompletionParserTestKeyword" time="0"/>
  <testcase name="test0260 - 11" classname="org.eclipse.jdt.core.tests.compiler.parser.CompletionParserTestKeyword" time="0"/>
  <testcase name="test0261 - 11" classname="org.eclipse.jdt.core.tests.compiler.parser.CompletionParserTestKeyword" time="0"/>
  <testcase name="test0262 - 11" classname="org.eclipse.jdt.core.tests.compiler.parser.CompletionParserTestKeyword" time="0"/>
  <testcase name="test0263 - 11" classname="org.eclipse.jdt.core.tests.compiler.parser.CompletionParserTestKeyword" time="0"/>
  <testcase name="test0264 - 11" classname="org.eclipse.jdt.core.tests.compiler.parser.CompletionParserTestKeyword" time="0"/>
  <testcase name="test0265 - 11" classname="org.eclipse.jdt.core.tests.compiler.parser.CompletionParserTestKeyword" time="0"/>
  <testcase name="test0266 - 11" classname="org.eclipse.jdt.core.tests.compiler.parser.CompletionParserTestKeyword" time="0"/>
  <testcase name="test0267 - 11" classname="org.eclipse.jdt.core.tests.compiler.parser.CompletionParserTestKeyword" time="0"/>
  <testcase name="test0268 - 11" classname="org.eclipse.jdt.core.tests.compiler.parser.CompletionParserTestKeyword" time="0"/>
  <testcase name="test0269 - 11" classname="org.eclipse.jdt.core.tests.compiler.parser.CompletionParserTestKeyword" time="0"/>
  <testcase name="test0270 - 11" classname="org.eclipse.jdt.core.tests.compiler.parser.CompletionParserTestKeyword" time="0"/>
  <testcase name="test0271 - 11" classname="org.eclipse.jdt.core.tests.compiler.parser.CompletionParserTestKeyword" time="0"/>
  <testcase name="test0272 - 11" classname="org.eclipse.jdt.core.tests.compiler.parser.CompletionParserTestKeyword" time="0"/>
  <testcase name="test0273 - 11" classname="org.eclipse.jdt.core.tests.compiler.parser.CompletionParserTestKeyword" time="0"/>
  <testcase name="test0274_Diet - 11" classname="org.eclipse.jdt.core.tests.compiler.parser.CompletionParserTestKeyword" time="0"/>
  <testcase name="test0274_Method - 11" classname="org.eclipse.jdt.core.tests.compiler.parser.CompletionParserTestKeyword" time="0"/>
  <testcase name="test0275_Diet - 11" classname="org.eclipse.jdt.core.tests.compiler.parser.CompletionParserTestKeyword" time="0"/>
  <testcase name="test0275_Method - 11" classname="org.eclipse.jdt.core.tests.compiler.parser.CompletionParserTestKeyword" time="0.001"/>
  <testcase name="test0276_Diet - 11" classname="org.eclipse.jdt.core.tests.compiler.parser.CompletionParserTestKeyword" time="0"/>
  <testcase name="test0276_Method - 11" classname="org.eclipse.jdt.core.tests.compiler.parser.CompletionParserTestKeyword" time="0"/>
  <testcase name="test0277 - 11" classname="org.eclipse.jdt.core.tests.compiler.parser.CompletionParserTestKeyword" time="0"/>
  <testcase name="test0278 - 11" classname="org.eclipse.jdt.core.tests.compiler.parser.CompletionParserTestKeyword" time="0"/>
  <testcase name="test0279 - 11" classname="org.eclipse.jdt.core.tests.compiler.parser.CompletionParserTestKeyword" time="0"/>
  <testcase name="test0280 - 11" classname="org.eclipse.jdt.core.tests.compiler.parser.CompletionParserTestKeyword" time="0"/>
  <testcase name="test0281 - 11" classname="org.eclipse.jdt.core.tests.compiler.parser.CompletionParserTestKeyword" time="0"/>
  <testcase name="test0282 - 11" classname="org.eclipse.jdt.core.tests.compiler.parser.CompletionParserTestKeyword" time="0"/>
  <testcase name="test0283 - 11" classname="org.eclipse.jdt.core.tests.compiler.parser.CompletionParserTestKeyword" time="0"/>
  <testcase name="test0284_Diet - 11" classname="org.eclipse.jdt.core.tests.compiler.parser.CompletionParserTestKeyword" time="0"/>
  <testcase name="test0284_Method - 11" classname="org.eclipse.jdt.core.tests.compiler.parser.CompletionParserTestKeyword" time="0"/>
  <testcase name="test0285_Diet - 11" classname="org.eclipse.jdt.core.tests.compiler.parser.CompletionParserTestKeyword" time="0"/>
  <testcase name="test0285_Method - 11" classname="org.eclipse.jdt.core.tests.compiler.parser.CompletionParserTestKeyword" time="0"/>
  <testcase name="test0286_Diet - 11" classname="org.eclipse.jdt.core.tests.compiler.parser.CompletionParserTestKeyword" time="0"/>
  <testcase name="test0286_Method - 11" classname="org.eclipse.jdt.core.tests.compiler.parser.CompletionParserTestKeyword" time="0.001"/>
  <testcase name="test0287_Diet - 11" classname="org.eclipse.jdt.core.tests.compiler.parser.CompletionParserTestKeyword" time="0"/>
  <testcase name="test0287_Method - 11" classname="org.eclipse.jdt.core.tests.compiler.parser.CompletionParserTestKeyword" time="0"/>
  <testcase name="test0288_Diet - 11" classname="org.eclipse.jdt.core.tests.compiler.parser.CompletionParserTestKeyword" time="0"/>
  <testcase name="test0288_Method - 11" classname="org.eclipse.jdt.core.tests.compiler.parser.CompletionParserTestKeyword" time="0"/>
  <testcase name="test0289_Diet - 11" classname="org.eclipse.jdt.core.tests.compiler.parser.CompletionParserTestKeyword" time="0"/>
  <testcase name="test0289_Method - 11" classname="org.eclipse.jdt.core.tests.compiler.parser.CompletionParserTestKeyword" time="0"/>
  <testcase name="test0290_Diet - 11" classname="org.eclipse.jdt.core.tests.compiler.parser.CompletionParserTestKeyword" time="0"/>
  <testcase name="test0290_Method - 11" classname="org.eclipse.jdt.core.tests.compiler.parser.CompletionParserTestKeyword" time="0"/>
  <testcase name="test0291_Diet - 11" classname="org.eclipse.jdt.core.tests.compiler.parser.CompletionParserTestKeyword" time="0"/>
  <testcase name="test0291_Method - 11" classname="org.eclipse.jdt.core.tests.compiler.parser.CompletionParserTestKeyword" time="0"/>
  <testcase name="test0292_Diet - 11" classname="org.eclipse.jdt.core.tests.compiler.parser.CompletionParserTestKeyword" time="0"/>
  <testcase name="test0292_Method - 11" classname="org.eclipse.jdt.core.tests.compiler.parser.CompletionParserTestKeyword" time="0"/>
  <testcase name="test0293_Diet - 11" classname="org.eclipse.jdt.core.tests.compiler.parser.CompletionParserTestKeyword" time="0.001"/>
  <testcase name="test0293_Method - 11" classname="org.eclipse.jdt.core.tests.compiler.parser.CompletionParserTestKeyword" time="0"/>
  <testcase name="test0294_Diet - 11" classname="org.eclipse.jdt.core.tests.compiler.parser.CompletionParserTestKeyword" time="0"/>
  <testcase name="test0294_Method - 11" classname="org.eclipse.jdt.core.tests.compiler.parser.CompletionParserTestKeyword" time="0"/>
  <testcase name="test0295 - 11" classname="org.eclipse.jdt.core.tests.compiler.parser.CompletionParserTestKeyword" time="0"/>
  <testcase name="test0296 - 11" classname="org.eclipse.jdt.core.tests.compiler.parser.CompletionParserTestKeyword" time="0"/>
  <testcase name="test0297 - 11" classname="org.eclipse.jdt.core.tests.compiler.parser.CompletionParserTestKeyword" time="0"/>
  <testcase name="test0298 - 11" classname="org.eclipse.jdt.core.tests.compiler.parser.CompletionParserTestKeyword" time="0"/>
  <testcase name="test0299 - 11" classname="org.eclipse.jdt.core.tests.compiler.parser.CompletionParserTestKeyword" time="0.001"/>
  <testcase name="test0300 - 11" classname="org.eclipse.jdt.core.tests.compiler.parser.CompletionParserTestKeyword" time="0"/>
  <testcase name="test0301_Diet - 11" classname="org.eclipse.jdt.core.tests.compiler.parser.CompletionParserTestKeyword" time="0"/>
  <testcase name="test0301_Method - 11" classname="org.eclipse.jdt.core.tests.compiler.parser.CompletionParserTestKeyword" time="0"/>
  <testcase name="test0302_Diet - 11" classname="org.eclipse.jdt.core.tests.compiler.parser.CompletionParserTestKeyword" time="0"/>
  <testcase name="test0302_Method - 11" classname="org.eclipse.jdt.core.tests.compiler.parser.CompletionParserTestKeyword" time="0.001"/>
  <testcase name="test0303_Diet - 11" classname="org.eclipse.jdt.core.tests.compiler.parser.CompletionParserTestKeyword" time="0"/>
  <testcase name="test0303_Method - 11" classname="org.eclipse.jdt.core.tests.compiler.parser.CompletionParserTestKeyword" time="0"/>
  <testcase name="test0304_Diet - 11" classname="org.eclipse.jdt.core.tests.compiler.parser.CompletionParserTestKeyword" time="0"/>
  <testcase name="test0304_Method - 11" classname="org.eclipse.jdt.core.tests.compiler.parser.CompletionParserTestKeyword" time="0"/>
  <testcase name="test0305 - 11" classname="org.eclipse.jdt.core.tests.compiler.parser.CompletionParserTestKeyword" time="0.001"/>
  <testcase name="test0306 - 11" classname="org.eclipse.jdt.core.tests.compiler.parser.CompletionParserTestKeyword" time="0"/>
  <testcase name="test0307 - 11" classname="org.eclipse.jdt.core.tests.compiler.parser.CompletionParserTestKeyword" time="0"/>
  <testcase name="test0308 - 11" classname="org.eclipse.jdt.core.tests.compiler.parser.CompletionParserTestKeyword" time="0"/>
  <testcase name="test0309 - 11" classname="org.eclipse.jdt.core.tests.compiler.parser.CompletionParserTestKeyword" time="0"/>
  <testcase name="test0310 - 11" classname="org.eclipse.jdt.core.tests.compiler.parser.CompletionParserTestKeyword" time="0"/>
  <testcase name="test0311 - 11" classname="org.eclipse.jdt.core.tests.compiler.parser.CompletionParserTestKeyword" time="0"/>
  <testcase name="test0312 - 11" classname="org.eclipse.jdt.core.tests.compiler.parser.CompletionParserTestKeyword" time="0"/>
  <testcase name="test0313 - 11" classname="org.eclipse.jdt.core.tests.compiler.parser.CompletionParserTestKeyword" time="0"/>
  <testcase name="test0314 - 11" classname="org.eclipse.jdt.core.tests.compiler.parser.CompletionParserTestKeyword" time="0"/>
  <testcase name="test0315 - 11" classname="org.eclipse.jdt.core.tests.compiler.parser.CompletionParserTestKeyword" time="0"/>
  <testcase name="test0316 - 11" classname="org.eclipse.jdt.core.tests.compiler.parser.CompletionParserTestKeyword" time="0"/>
  <testcase name="test0317 - 11" classname="org.eclipse.jdt.core.tests.compiler.parser.CompletionParserTestKeyword" time="0"/>
  <testcase name="test0318 - 11" classname="org.eclipse.jdt.core.tests.compiler.parser.CompletionParserTestKeyword" time="0"/>
  <testcase name="test0319 - 11" classname="org.eclipse.jdt.core.tests.compiler.parser.CompletionParserTestKeyword" time="0.001"/>
  <testcase name="test0320 - 11" classname="org.eclipse.jdt.core.tests.compiler.parser.CompletionParserTestKeyword" time="0"/>
  <testcase name="test0321 - 11" classname="org.eclipse.jdt.core.tests.compiler.parser.CompletionParserTestKeyword" time="0"/>
  <testcase name="test0322 - 11" classname="org.eclipse.jdt.core.tests.compiler.parser.CompletionParserTestKeyword" time="0"/>
  <testcase name="test0323 - 11" classname="org.eclipse.jdt.core.tests.compiler.parser.CompletionParserTestKeyword" time="0"/>
  <testcase name="test0324 - 11" classname="org.eclipse.jdt.core.tests.compiler.parser.CompletionParserTestKeyword" time="0"/>
  <testcase name="test0325 - 11" classname="org.eclipse.jdt.core.tests.compiler.parser.CompletionParserTestKeyword" time="0"/>
  <testcase name="test0326 - 11" classname="org.eclipse.jdt.core.tests.compiler.parser.CompletionParserTestKeyword" time="0"/>
  <testcase name="test0327 - 11" classname="org.eclipse.jdt.core.tests.compiler.parser.CompletionParserTestKeyword" time="0"/>
  <testcase name="test0328 - 11" classname="org.eclipse.jdt.core.tests.compiler.parser.CompletionParserTestKeyword" time="0"/>
  <testcase name="test0329 - 11" classname="org.eclipse.jdt.core.tests.compiler.parser.CompletionParserTestKeyword" time="0"/>
  <testcase name="test0330 - 11" classname="org.eclipse.jdt.core.tests.compiler.parser.CompletionParserTestKeyword" time="0"/>
  <testcase name="test0331 - 11" classname="org.eclipse.jdt.core.tests.compiler.parser.CompletionParserTestKeyword" time="0"/>
  <testcase name="test0332 - 11" classname="org.eclipse.jdt.core.tests.compiler.parser.CompletionParserTestKeyword" time="0"/>
  <testcase name="test0333 - 11" classname="org.eclipse.jdt.core.tests.compiler.parser.CompletionParserTestKeyword" time="0"/>
  <testcase name="test0334 - 11" classname="org.eclipse.jdt.core.tests.compiler.parser.CompletionParserTestKeyword" time="0"/>
  <testcase name="test0335 - 11" classname="org.eclipse.jdt.core.tests.compiler.parser.CompletionParserTestKeyword" time="0"/>
  <testcase name="test0336 - 11" classname="org.eclipse.jdt.core.tests.compiler.parser.CompletionParserTestKeyword" time="0"/>
  <testcase name="test0337 - 11" classname="org.eclipse.jdt.core.tests.compiler.parser.CompletionParserTestKeyword" time="0"/>
  <testcase name="test0338 - 11" classname="org.eclipse.jdt.core.tests.compiler.parser.CompletionParserTestKeyword" time="0"/>
  <testcase name="test0339 - 11" classname="org.eclipse.jdt.core.tests.compiler.parser.CompletionParserTestKeyword" time="0"/>
  <testcase name="test0340 - 11" classname="org.eclipse.jdt.core.tests.compiler.parser.CompletionParserTestKeyword" time="0"/>
  <testcase name="test0341_Diet - 11" classname="org.eclipse.jdt.core.tests.compiler.parser.CompletionParserTestKeyword" time="0"/>
  <testcase name="test0341_Method - 11" classname="org.eclipse.jdt.core.tests.compiler.parser.CompletionParserTestKeyword" time="0"/>
  <testcase name="test0342_Diet - 11" classname="org.eclipse.jdt.core.tests.compiler.parser.CompletionParserTestKeyword" time="0.001"/>
  <testcase name="test0342_Method - 11" classname="org.eclipse.jdt.core.tests.compiler.parser.CompletionParserTestKeyword" time="0"/>
  <testcase name="test0343 - 11" classname="org.eclipse.jdt.core.tests.compiler.parser.CompletionParserTestKeyword" time="0"/>
  <testcase name="test0344 - 11" classname="org.eclipse.jdt.core.tests.compiler.parser.CompletionParserTestKeyword" time="0"/>
  <testcase name="test0345 - 11" classname="org.eclipse.jdt.core.tests.compiler.parser.CompletionParserTestKeyword" time="0.001"/>
  <testcase name="test0346 - 11" classname="org.eclipse.jdt.core.tests.compiler.parser.CompletionParserTestKeyword" time="0"/>
  <testcase name="test0347 - 11" classname="org.eclipse.jdt.core.tests.compiler.parser.CompletionParserTestKeyword" time="0"/>
  <testcase name="test0348 - 11" classname="org.eclipse.jdt.core.tests.compiler.parser.CompletionParserTestKeyword" time="0"/>
  <testcase name="test0349 - 11" classname="org.eclipse.jdt.core.tests.compiler.parser.CompletionParserTestKeyword" time="0"/>
  <testcase name="test0350 - 11" classname="org.eclipse.jdt.core.tests.compiler.parser.CompletionParserTestKeyword" time="0"/>
  <testcase name="test0351 - 11" classname="org.eclipse.jdt.core.tests.compiler.parser.CompletionParserTestKeyword" time="0.001"/>
  <testcase name="test0352 - 11" classname="org.eclipse.jdt.core.tests.compiler.parser.CompletionParserTestKeyword" time="0"/>
  <testcase name="test0353 - 11" classname="org.eclipse.jdt.core.tests.compiler.parser.CompletionParserTestKeyword" time="0"/>
  <testcase name="test0354 - 11" classname="org.eclipse.jdt.core.tests.compiler.parser.CompletionParserTestKeyword" time="0"/>
  <testcase name="test0355 - 11" classname="org.eclipse.jdt.core.tests.compiler.parser.CompletionParserTestKeyword" time="0"/>
  <testcase name="test0356 - 11" classname="org.eclipse.jdt.core.tests.compiler.parser.CompletionParserTestKeyword" time="0"/>
  <testcase name="test0357 - 11" classname="org.eclipse.jdt.core.tests.compiler.parser.CompletionParserTestKeyword" time="0"/>
  <testcase name="test0358 - 11" classname="org.eclipse.jdt.core.tests.compiler.parser.CompletionParserTestKeyword" time="0"/>
  <testcase name="test0359 - 11" classname="org.eclipse.jdt.core.tests.compiler.parser.CompletionParserTestKeyword" time="0"/>
  <testcase name="test0360 - 11" classname="org.eclipse.jdt.core.tests.compiler.parser.CompletionParserTestKeyword" time="0"/>
  <testcase name="test0361 - 11" classname="org.eclipse.jdt.core.tests.compiler.parser.CompletionParserTestKeyword" time="0"/>
  <testcase name="test0362 - 11" classname="org.eclipse.jdt.core.tests.compiler.parser.CompletionParserTestKeyword" time="0"/>
  <testcase name="test0363 - 11" classname="org.eclipse.jdt.core.tests.compiler.parser.CompletionParserTestKeyword" time="0"/>
  <testcase name="test0364 - 11" classname="org.eclipse.jdt.core.tests.compiler.parser.CompletionParserTestKeyword" time="0"/>
  <testcase name="test0365 - 11" classname="org.eclipse.jdt.core.tests.compiler.parser.CompletionParserTestKeyword" time="0"/>
  <testcase name="test0366 - 11" classname="org.eclipse.jdt.core.tests.compiler.parser.CompletionParserTestKeyword" time="0"/>
  <testcase name="test0367 - 11" classname="org.eclipse.jdt.core.tests.compiler.parser.CompletionParserTestKeyword" time="0"/>
  <testcase name="test0368 - 11" classname="org.eclipse.jdt.core.tests.compiler.parser.CompletionParserTestKeyword" time="0"/>
  <testcase name="test0369 - 11" classname="org.eclipse.jdt.core.tests.compiler.parser.CompletionParserTestKeyword" time="0.001"/>
  <testcase name="test0370 - 11" classname="org.eclipse.jdt.core.tests.compiler.parser.CompletionParserTestKeyword" time="0"/>
  <testcase name="test0371 - 11" classname="org.eclipse.jdt.core.tests.compiler.parser.CompletionParserTestKeyword" time="0"/>
  <testcase name="test0372 - 11" classname="org.eclipse.jdt.core.tests.compiler.parser.CompletionParserTestKeyword" time="0"/>
  <testcase name="test0373 - 11" classname="org.eclipse.jdt.core.tests.compiler.parser.CompletionParserTestKeyword" time="0.001"/>
  <testcase name="test0374 - 11" classname="org.eclipse.jdt.core.tests.compiler.parser.CompletionParserTestKeyword" time="0"/>
  <testcase name="test0375_Diet - 11" classname="org.eclipse.jdt.core.tests.compiler.parser.CompletionParserTestKeyword" time="0"/>
  <testcase name="test0375_Method - 11" classname="org.eclipse.jdt.core.tests.compiler.parser.CompletionParserTestKeyword" time="0"/>
  <testcase name="test0376_Diet - 11" classname="org.eclipse.jdt.core.tests.compiler.parser.CompletionParserTestKeyword" time="0.001"/>
  <testcase name="test0376_Method - 11" classname="org.eclipse.jdt.core.tests.compiler.parser.CompletionParserTestKeyword" time="0"/>
  <testcase name="test0377_Diet - 11" classname="org.eclipse.jdt.core.tests.compiler.parser.CompletionParserTestKeyword" time="0"/>
  <testcase name="test0377_Method - 11" classname="org.eclipse.jdt.core.tests.compiler.parser.CompletionParserTestKeyword" time="0"/>
  <testcase name="test0378_Diet - 11" classname="org.eclipse.jdt.core.tests.compiler.parser.CompletionParserTestKeyword" time="0"/>
  <testcase name="test0378_Method - 11" classname="org.eclipse.jdt.core.tests.compiler.parser.CompletionParserTestKeyword" time="0"/>
  <testcase name="test0379_Diet - 11" classname="org.eclipse.jdt.core.tests.compiler.parser.CompletionParserTestKeyword" time="0"/>
  <testcase name="test0379_Method - 11" classname="org.eclipse.jdt.core.tests.compiler.parser.CompletionParserTestKeyword" time="0.001"/>
  <testcase name="test0380_Diet - 11" classname="org.eclipse.jdt.core.tests.compiler.parser.CompletionParserTestKeyword" time="0"/>
  <testcase name="test0380_Method - 11" classname="org.eclipse.jdt.core.tests.compiler.parser.CompletionParserTestKeyword" time="0"/>
  <testcase name="test0381_Diet - 11" classname="org.eclipse.jdt.core.tests.compiler.parser.CompletionParserTestKeyword" time="0"/>
  <testcase name="test0381_Method - 11" classname="org.eclipse.jdt.core.tests.compiler.parser.CompletionParserTestKeyword" time="0.001"/>
  <testcase name="test0382_Diet - 11" classname="org.eclipse.jdt.core.tests.compiler.parser.CompletionParserTestKeyword" time="0"/>
  <testcase name="test0382_Method - 11" classname="org.eclipse.jdt.core.tests.compiler.parser.CompletionParserTestKeyword" time="0"/>
  <testcase name="test0384_Diet - 11" classname="org.eclipse.jdt.core.tests.compiler.parser.CompletionParserTestKeyword" time="0"/>
  <testcase name="test0384_Method - 11" classname="org.eclipse.jdt.core.tests.compiler.parser.CompletionParserTestKeyword" time="0"/>
  <testcase name="test0385_Diet - 11" classname="org.eclipse.jdt.core.tests.compiler.parser.CompletionParserTestKeyword" time="0"/>
  <testcase name="test0385_Method - 11" classname="org.eclipse.jdt.core.tests.compiler.parser.CompletionParserTestKeyword" time="0"/>
  <testcase name="test0386_Diet - 11" classname="org.eclipse.jdt.core.tests.compiler.parser.CompletionParserTestKeyword" time="0"/>
  <testcase name="test0386_Method - 11" classname="org.eclipse.jdt.core.tests.compiler.parser.CompletionParserTestKeyword" time="0"/>
  <testcase name="test0387_Diet - 11" classname="org.eclipse.jdt.core.tests.compiler.parser.CompletionParserTestKeyword" time="0"/>
  <testcase name="test0387_Method - 11" classname="org.eclipse.jdt.core.tests.compiler.parser.CompletionParserTestKeyword" time="0.001"/>
  <testcase name="test0388_Diet - 11" classname="org.eclipse.jdt.core.tests.compiler.parser.CompletionParserTestKeyword" time="0"/>
  <testcase name="test0388_Method - 11" classname="org.eclipse.jdt.core.tests.compiler.parser.CompletionParserTestKeyword" time="0"/>
  <testcase name="test01 - 11" classname="org.eclipse.jdt.core.tests.compiler.parser.CompletionRecoveryTest" time="0"/>
  <testcase name="test01 - 11" classname="org.eclipse.jdt.core.tests.compiler.parser.DietCompletionTest" time="0.001"/>
  <testcase name="test01 - 11" classname="org.eclipse.jdt.core.tests.compiler.parser.SelectionTest" time="0.001"/>
  <testcase name="test01 - 11" classname="org.eclipse.jdt.core.tests.compiler.parser.SelectionJavadocTest" time="0"/>
  <testcase name="test01 - 11" classname="org.eclipse.jdt.core.tests.compiler.parser.DietRecoveryTest" time="0.003"/>
  <testcase name="test01 - 11" classname="org.eclipse.jdt.core.tests.compiler.parser.SourceElementParserTest" time="0"/>
  <testcase name="test01 - 11" classname="org.eclipse.jdt.core.tests.compiler.parser.DocumentElementParserTest" time="0.001"/>
  <testcase name="test01 - 11" classname="org.eclipse.jdt.core.tests.compiler.parser.SyntaxErrorTest" time="0"/>
  <testcase name="test01 - 11" classname="org.eclipse.jdt.core.tests.compiler.parser.DualParseSyntaxErrorTest" time="0"/>
  <testcase name="test02 - 11" classname="org.eclipse.jdt.core.tests.compiler.parser.CompletionRecoveryTest" time="0"/>
  <testcase name="test02 - 11" classname="org.eclipse.jdt.core.tests.compiler.parser.DietCompletionTest" time="0"/>
  <testcase name="test02 - 11" classname="org.eclipse.jdt.core.tests.compiler.parser.SelectionTest" time="0"/>
  <testcase name="test02 - 11" classname="org.eclipse.jdt.core.tests.compiler.parser.SelectionJavadocTest" time="0"/>
  <testcase name="test02 - 11" classname="org.eclipse.jdt.core.tests.compiler.parser.DietRecoveryTest" time="0.003"/>
  <testcase name="test02 - 11" classname="org.eclipse.jdt.core.tests.compiler.parser.SourceElementParserTest" time="0"/>
  <testcase name="test02 - 11" classname="org.eclipse.jdt.core.tests.compiler.parser.SyntaxErrorTest" time="0.001"/>
  <testcase name="test02 - 11" classname="org.eclipse.jdt.core.tests.compiler.parser.DualParseSyntaxErrorTest" time="0"/>
  <testcase name="test03 - 11" classname="org.eclipse.jdt.core.tests.compiler.parser.CompletionRecoveryTest" time="0.001"/>
  <testcase name="test03 - 11" classname="org.eclipse.jdt.core.tests.compiler.parser.DietCompletionTest" time="0"/>
  <testcase name="test03 - 11" classname="org.eclipse.jdt.core.tests.compiler.parser.SelectionTest" time="0"/>
  <testcase name="test03 - 11" classname="org.eclipse.jdt.core.tests.compiler.parser.SelectionJavadocTest" time="0"/>
  <testcase name="test03 - 11" classname="org.eclipse.jdt.core.tests.compiler.parser.DietRecoveryTest" time="0.003"/>
  <testcase name="test03 - 11" classname="org.eclipse.jdt.core.tests.compiler.parser.SourceElementParserTest" time="0.001"/>
  <testcase name="test03 - 11" classname="org.eclipse.jdt.core.tests.compiler.parser.SyntaxErrorTest" time="0"/>
  <testcase name="test03 - 11" classname="org.eclipse.jdt.core.tests.compiler.parser.DualParseSyntaxErrorTest" time="0"/>
  <testcase name="test04 - 11" classname="org.eclipse.jdt.core.tests.compiler.parser.CompletionRecoveryTest" time="0"/>
  <testcase name="test04 - 11" classname="org.eclipse.jdt.core.tests.compiler.parser.DietCompletionTest" time="0"/>
  <testcase name="test04 - 11" classname="org.eclipse.jdt.core.tests.compiler.parser.SelectionTest" time="0"/>
  <testcase name="test04 - 11" classname="org.eclipse.jdt.core.tests.compiler.parser.SelectionJavadocTest" time="0"/>
  <testcase name="test04 - 11" classname="org.eclipse.jdt.core.tests.compiler.parser.DietRecoveryTest" time="0.004"/>
  <testcase name="test04 - 11" classname="org.eclipse.jdt.core.tests.compiler.parser.SourceElementParserTest" time="0"/>
  <testcase name="test04 - 11" classname="org.eclipse.jdt.core.tests.compiler.parser.SyntaxErrorTest" time="0.001"/>
  <testcase name="test04 - 11" classname="org.eclipse.jdt.core.tests.compiler.parser.DualParseSyntaxErrorTest" time="0.001"/>
  <testcase name="test05 - 11" classname="org.eclipse.jdt.core.tests.compiler.parser.CompletionRecoveryTest" time="0"/>
  <testcase name="test05 - 11" classname="org.eclipse.jdt.core.tests.compiler.parser.DietCompletionTest" time="0.001"/>
  <testcase name="test05 - 11" classname="org.eclipse.jdt.core.tests.compiler.parser.SelectionTest" time="0"/>
  <testcase name="test05 - 11" classname="org.eclipse.jdt.core.tests.compiler.parser.SelectionJavadocTest" time="0"/>
  <testcase name="test05 - 11" classname="org.eclipse.jdt.core.tests.compiler.parser.DietRecoveryTest" time="0.002"/>
  <testcase name="test05 - 11" classname="org.eclipse.jdt.core.tests.compiler.parser.SourceElementParserTest" time="0"/>
  <testcase name="test05 - 11" classname="org.eclipse.jdt.core.tests.compiler.parser.SyntaxErrorTest" time="0"/>
  <testcase name="test05 - 11" classname="org.eclipse.jdt.core.tests.compiler.parser.DualParseSyntaxErrorTest" time="0"/>
  <testcase name="test06 - 11" classname="org.eclipse.jdt.core.tests.compiler.parser.CompletionRecoveryTest" time="0.001"/>
  <testcase name="test06 - 11" classname="org.eclipse.jdt.core.tests.compiler.parser.DietCompletionTest" time="0"/>
  <testcase name="test06 - 11" classname="org.eclipse.jdt.core.tests.compiler.parser.SelectionTest" time="0"/>
  <testcase name="test06 - 11" classname="org.eclipse.jdt.core.tests.compiler.parser.SelectionJavadocTest" time="0.001"/>
  <testcase name="test06 - 11" classname="org.eclipse.jdt.core.tests.compiler.parser.DietRecoveryTest" time="0.003"/>
  <testcase name="test06 - 11" classname="org.eclipse.jdt.core.tests.compiler.parser.SourceElementParserTest" time="0"/>
  <testcase name="test06 - 11" classname="org.eclipse.jdt.core.tests.compiler.parser.SyntaxErrorTest" time="0"/>
  <testcase name="test06 - 11" classname="org.eclipse.jdt.core.tests.compiler.parser.DualParseSyntaxErrorTest" time="0"/>
  <testcase name="test07 - 11" classname="org.eclipse.jdt.core.tests.compiler.parser.CompletionRecoveryTest" time="0"/>
  <testcase name="test07 - 11" classname="org.eclipse.jdt.core.tests.compiler.parser.DietCompletionTest" time="0"/>
  <testcase name="test07 - 11" classname="org.eclipse.jdt.core.tests.compiler.parser.SelectionTest" time="0"/>
  <testcase name="test07 - 11" classname="org.eclipse.jdt.core.tests.compiler.parser.SelectionJavadocTest" time="0.001"/>
  <testcase name="test07 - 11" classname="org.eclipse.jdt.core.tests.compiler.parser.DietRecoveryTest" time="0.002"/>
  <testcase name="test07 - 11" classname="org.eclipse.jdt.core.tests.compiler.parser.SourceElementParserTest" time="0"/>
  <testcase name="test07 - 11" classname="org.eclipse.jdt.core.tests.compiler.parser.SyntaxErrorTest" time="0"/>
  <testcase name="test07 - 11" classname="org.eclipse.jdt.core.tests.compiler.parser.DualParseSyntaxErrorTest" time="0.001"/>
  <testcase name="test08 - 11" classname="org.eclipse.jdt.core.tests.compiler.parser.CompletionRecoveryTest" time="0"/>
  <testcase name="test08 - 11" classname="org.eclipse.jdt.core.tests.compiler.parser.DietCompletionTest" time="0"/>
  <testcase name="test08 - 11" classname="org.eclipse.jdt.core.tests.compiler.parser.SelectionTest" time="0"/>
  <testcase name="test08 - 11" classname="org.eclipse.jdt.core.tests.compiler.parser.SelectionJavadocTest" time="0.001"/>
  <testcase name="test08 - 11" classname="org.eclipse.jdt.core.tests.compiler.parser.DietRecoveryTest" time="0.002"/>
  <testcase name="test08 - 11" classname="org.eclipse.jdt.core.tests.compiler.parser.SourceElementParserTest" time="0"/>
  <testcase name="test08 - 11" classname="org.eclipse.jdt.core.tests.compiler.parser.SyntaxErrorTest" time="0"/>
  <testcase name="test08 - 11" classname="org.eclipse.jdt.core.tests.compiler.parser.DualParseSyntaxErrorTest" time="0"/>
  <testcase name="test09 - 11" classname="org.eclipse.jdt.core.tests.compiler.parser.CompletionRecoveryTest" time="0"/>
  <testcase name="test09 - 11" classname="org.eclipse.jdt.core.tests.compiler.parser.DietCompletionTest" time="0.001"/>
  <testcase name="test09 - 11" classname="org.eclipse.jdt.core.tests.compiler.parser.SelectionTest" time="0"/>
  <testcase name="test09 - 11" classname="org.eclipse.jdt.core.tests.compiler.parser.SelectionJavadocTest" time="0.001"/>
  <testcase name="test09 - 11" classname="org.eclipse.jdt.core.tests.compiler.parser.DietRecoveryTest" time="0.003"/>
  <testcase name="test09 - 11" classname="org.eclipse.jdt.core.tests.compiler.parser.SourceElementParserTest" time="0.001"/>
  <testcase name="test09 - 11" classname="org.eclipse.jdt.core.tests.compiler.parser.SyntaxErrorTest" time="0.001"/>
  <testcase name="test09 - 11" classname="org.eclipse.jdt.core.tests.compiler.parser.DualParseSyntaxErrorTest" time="0"/>
  <testcase name="test10 - 11" classname="org.eclipse.jdt.core.tests.compiler.parser.CompletionRecoveryTest" time="0"/>
  <testcase name="test10 - 11" classname="org.eclipse.jdt.core.tests.compiler.parser.DietCompletionTest" time="0"/>
  <testcase name="test10 - 11" classname="org.eclipse.jdt.core.tests.compiler.parser.SelectionTest" time="0.001"/>
  <testcase name="test10 - 11" classname="org.eclipse.jdt.core.tests.compiler.parser.SelectionJavadocTest" time="0.002"/>
  <testcase name="test10 - 11" classname="org.eclipse.jdt.core.tests.compiler.parser.DietRecoveryTest" time="0.003"/>
  <testcase name="test10 - 11" classname="org.eclipse.jdt.core.tests.compiler.parser.SourceElementParserTest" time="0"/>
  <testcase name="test10 - 11" classname="org.eclipse.jdt.core.tests.compiler.parser.SyntaxErrorTest" time="0"/>
  <testcase name="test10 - 11" classname="org.eclipse.jdt.core.tests.compiler.parser.DualParseSyntaxErrorTest" time="0"/>
  <testcase name="test11 - 11" classname="org.eclipse.jdt.core.tests.compiler.parser.CompletionRecoveryTest" time="0"/>
  <testcase name="test11 - 11" classname="org.eclipse.jdt.core.tests.compiler.parser.DietCompletionTest" time="0"/>
  <testcase name="test11 - 11" classname="org.eclipse.jdt.core.tests.compiler.parser.SelectionTest" time="0"/>
  <testcase name="test11 - 11" classname="org.eclipse.jdt.core.tests.compiler.parser.SelectionJavadocTest" time="0"/>
  <testcase name="test11 - 11" classname="org.eclipse.jdt.core.tests.compiler.parser.DietRecoveryTest" time="0.003"/>
  <testcase name="test11 - 11" classname="org.eclipse.jdt.core.tests.compiler.parser.SourceElementParserTest" time="0"/>
  <testcase name="test11 - 11" classname="org.eclipse.jdt.core.tests.compiler.parser.SyntaxErrorTest" time="0"/>
  <testcase name="test12 - 11" classname="org.eclipse.jdt.core.tests.compiler.parser.CompletionRecoveryTest" time="0.001"/>
  <testcase name="test12 - 11" classname="org.eclipse.jdt.core.tests.compiler.parser.DietCompletionTest" time="0"/>
  <testcase name="test12 - 11" classname="org.eclipse.jdt.core.tests.compiler.parser.SelectionTest" time="0"/>
  <testcase name="test12 - 11" classname="org.eclipse.jdt.core.tests.compiler.parser.SelectionJavadocTest" time="0.001"/>
  <testcase name="test12 - 11" classname="org.eclipse.jdt.core.tests.compiler.parser.DietRecoveryTest" time="0.002"/>
  <testcase name="test12 - 11" classname="org.eclipse.jdt.core.tests.compiler.parser.SourceElementParserTest" time="0"/>
  <testcase name="test12 - 11" classname="org.eclipse.jdt.core.tests.compiler.parser.SyntaxErrorTest" time="0.001"/>
  <testcase name="test13 - 11" classname="org.eclipse.jdt.core.tests.compiler.parser.CompletionRecoveryTest" time="0"/>
  <testcase name="test13 - 11" classname="org.eclipse.jdt.core.tests.compiler.parser.DietCompletionTest" time="0"/>
  <testcase name="test13 - 11" classname="org.eclipse.jdt.core.tests.compiler.parser.SelectionTest" time="0.001"/>
  <testcase name="test13 - 11" classname="org.eclipse.jdt.core.tests.compiler.parser.SelectionJavadocTest" time="0"/>
  <testcase name="test13 - 11" classname="org.eclipse.jdt.core.tests.compiler.parser.DietRecoveryTest" time="0.001"/>
  <testcase name="test13 - 11" classname="org.eclipse.jdt.core.tests.compiler.parser.SourceElementParserTest" time="0"/>
  <testcase name="test13 - 11" classname="org.eclipse.jdt.core.tests.compiler.parser.SyntaxErrorTest" time="0"/>
  <testcase name="test14 - 11" classname="org.eclipse.jdt.core.tests.compiler.parser.CompletionRecoveryTest" time="0"/>
  <testcase name="test14 - 11" classname="org.eclipse.jdt.core.tests.compiler.parser.DietCompletionTest" time="0"/>
  <testcase name="test14 - 11" classname="org.eclipse.jdt.core.tests.compiler.parser.SelectionTest" time="0"/>
  <testcase name="test14 - 11" classname="org.eclipse.jdt.core.tests.compiler.parser.SelectionJavadocTest" time="0.001"/>
  <testcase name="test14 - 11" classname="org.eclipse.jdt.core.tests.compiler.parser.DietRecoveryTest" time="0.001"/>
  <testcase name="test14 - 11" classname="org.eclipse.jdt.core.tests.compiler.parser.SourceElementParserTest" time="0"/>
  <testcase name="test14 - 11" classname="org.eclipse.jdt.core.tests.compiler.parser.SyntaxErrorTest" time="0"/>
  <testcase name="test15 - 11" classname="org.eclipse.jdt.core.tests.compiler.parser.CompletionRecoveryTest" time="0"/>
  <testcase name="test15 - 11" classname="org.eclipse.jdt.core.tests.compiler.parser.DietCompletionTest" time="0"/>
  <testcase name="test15 - 11" classname="org.eclipse.jdt.core.tests.compiler.parser.SelectionTest" time="0"/>
  <testcase name="test15 - 11" classname="org.eclipse.jdt.core.tests.compiler.parser.SelectionJavadocTest" time="0.001"/>
  <testcase name="test15 - 11" classname="org.eclipse.jdt.core.tests.compiler.parser.DietRecoveryTest" time="0.002"/>
  <testcase name="test15 - 11" classname="org.eclipse.jdt.core.tests.compiler.parser.SourceElementParserTest" time="0.001"/>
  <testcase name="test15 - 11" classname="org.eclipse.jdt.core.tests.compiler.parser.SyntaxErrorTest" time="0.001"/>
  <testcase name="test16 - 11" classname="org.eclipse.jdt.core.tests.compiler.parser.CompletionRecoveryTest" time="0"/>
  <testcase name="test16 - 11" classname="org.eclipse.jdt.core.tests.compiler.parser.DietCompletionTest" time="0"/>
  <testcase name="test16 - 11" classname="org.eclipse.jdt.core.tests.compiler.parser.SelectionTest" time="0"/>
  <testcase name="test16 - 11" classname="org.eclipse.jdt.core.tests.compiler.parser.SelectionJavadocTest" time="0.001"/>
  <testcase name="test16 - 11" classname="org.eclipse.jdt.core.tests.compiler.parser.DietRecoveryTest" time="0.002"/>
  <testcase name="test16 - 11" classname="org.eclipse.jdt.core.tests.compiler.parser.SourceElementParserTest" time="0"/>
  <testcase name="test17 - 11" classname="org.eclipse.jdt.core.tests.compiler.parser.CompletionRecoveryTest" time="0"/>
  <testcase name="test17 - 11" classname="org.eclipse.jdt.core.tests.compiler.parser.DietCompletionTest" time="0"/>
  <testcase name="test17 - 11" classname="org.eclipse.jdt.core.tests.compiler.parser.SelectionTest" time="0"/>
  <testcase name="test17 - 11" classname="org.eclipse.jdt.core.tests.compiler.parser.SelectionJavadocTest" time="0.001"/>
  <testcase name="test17 - 11" classname="org.eclipse.jdt.core.tests.compiler.parser.DietRecoveryTest" time="0.002"/>
  <testcase name="test17 - 11" classname="org.eclipse.jdt.core.tests.compiler.parser.SourceElementParserTest" time="0.001"/>
  <testcase name="test18 - 11" classname="org.eclipse.jdt.core.tests.compiler.parser.CompletionRecoveryTest" time="0"/>
  <testcase name="test18 - 11" classname="org.eclipse.jdt.core.tests.compiler.parser.DietCompletionTest" time="0"/>
  <testcase name="test18 - 11" classname="org.eclipse.jdt.core.tests.compiler.parser.SelectionTest" time="0"/>
  <testcase name="test18 - 11" classname="org.eclipse.jdt.core.tests.compiler.parser.SelectionJavadocTest" time="0.001"/>
  <testcase name="test18 - 11" classname="org.eclipse.jdt.core.tests.compiler.parser.DietRecoveryTest" time="0.001"/>
  <testcase name="test18 - 11" classname="org.eclipse.jdt.core.tests.compiler.parser.SourceElementParserTest" time="0"/>
  <testcase name="test19 - 11" classname="org.eclipse.jdt.core.tests.compiler.parser.CompletionRecoveryTest" time="0"/>
  <testcase name="test19 - 11" classname="org.eclipse.jdt.core.tests.compiler.parser.DietCompletionTest" time="0"/>
  <testcase name="test19 - 11" classname="org.eclipse.jdt.core.tests.compiler.parser.SelectionTest" time="0.001"/>
  <testcase name="test19 - 11" classname="org.eclipse.jdt.core.tests.compiler.parser.SelectionJavadocTest" time="0"/>
  <testcase name="test19 - 11" classname="org.eclipse.jdt.core.tests.compiler.parser.DietRecoveryTest" time="0.002"/>
  <testcase name="test19 - 11" classname="org.eclipse.jdt.core.tests.compiler.parser.SourceElementParserTest" time="0.001"/>
  <testcase name="test20 - 11" classname="org.eclipse.jdt.core.tests.compiler.parser.CompletionRecoveryTest" time="0"/>
  <testcase name="test20 - 11" classname="org.eclipse.jdt.core.tests.compiler.parser.DietCompletionTest" time="0"/>
  <testcase name="test20 - 11" classname="org.eclipse.jdt.core.tests.compiler.parser.SelectionTest" time="0"/>
  <testcase name="test20 - 11" classname="org.eclipse.jdt.core.tests.compiler.parser.SelectionJavadocTest" time="0"/>
  <testcase name="test20 - 11" classname="org.eclipse.jdt.core.tests.compiler.parser.DietRecoveryTest" time="0.002"/>
  <testcase name="test20 - 11" classname="org.eclipse.jdt.core.tests.compiler.parser.SourceElementParserTest" time="0"/>
  <testcase name="test21 - 11" classname="org.eclipse.jdt.core.tests.compiler.parser.CompletionRecoveryTest" time="0"/>
  <testcase name="test21 - 11" classname="org.eclipse.jdt.core.tests.compiler.parser.DietCompletionTest" time="0"/>
  <testcase name="test21 - 11" classname="org.eclipse.jdt.core.tests.compiler.parser.SelectionTest" time="0"/>
  <testcase name="test21 - 11" classname="org.eclipse.jdt.core.tests.compiler.parser.SelectionJavadocTest" time="0.001"/>
  <testcase name="test21 - 11" classname="org.eclipse.jdt.core.tests.compiler.parser.DietRecoveryTest" time="0.001"/>
  <testcase name="test21 - 11" classname="org.eclipse.jdt.core.tests.compiler.parser.SourceElementParserTest" time="0.001"/>
  <testcase name="test22 - 11" classname="org.eclipse.jdt.core.tests.compiler.parser.CompletionRecoveryTest" time="0.001"/>
  <testcase name="test22 - 11" classname="org.eclipse.jdt.core.tests.compiler.parser.DietCompletionTest" time="0.001"/>
  <testcase name="test22 - 11" classname="org.eclipse.jdt.core.tests.compiler.parser.SelectionTest" time="0"/>
  <testcase name="test22 - 11" classname="org.eclipse.jdt.core.tests.compiler.parser.SelectionJavadocTest" time="0"/>
  <testcase name="test22 - 11" classname="org.eclipse.jdt.core.tests.compiler.parser.DietRecoveryTest" time="0.002"/>
  <testcase name="test22 - 11" classname="org.eclipse.jdt.core.tests.compiler.parser.SourceElementParserTest" time="0"/>
  <testcase name="test23 - 11" classname="org.eclipse.jdt.core.tests.compiler.parser.CompletionRecoveryTest" time="0"/>
  <testcase name="test23 - 11" classname="org.eclipse.jdt.core.tests.compiler.parser.DietCompletionTest" time="0"/>
  <testcase name="test23 - 11" classname="org.eclipse.jdt.core.tests.compiler.parser.SelectionTest" time="0"/>
  <testcase name="test23 - 11" classname="org.eclipse.jdt.core.tests.compiler.parser.SelectionJavadocTest" time="0.001"/>
  <testcase name="test23 - 11" classname="org.eclipse.jdt.core.tests.compiler.parser.DietRecoveryTest" time="0.003"/>
  <testcase name="test23 - 11" classname="org.eclipse.jdt.core.tests.compiler.parser.SourceElementParserTest" time="0"/>
  <testcase name="test24 - 11" classname="org.eclipse.jdt.core.tests.compiler.parser.CompletionRecoveryTest" time="0"/>
  <testcase name="test24 - 11" classname="org.eclipse.jdt.core.tests.compiler.parser.DietCompletionTest" time="0"/>
  <testcase name="test24 - 11" classname="org.eclipse.jdt.core.tests.compiler.parser.SelectionTest" time="0.001"/>
  <testcase name="test24 - 11" classname="org.eclipse.jdt.core.tests.compiler.parser.SelectionJavadocTest" time="0.001"/>
  <testcase name="test24 - 11" classname="org.eclipse.jdt.core.tests.compiler.parser.DietRecoveryTest" time="0.002"/>
  <testcase name="test24 - 11" classname="org.eclipse.jdt.core.tests.compiler.parser.SourceElementParserTest" time="0.001"/>
  <testcase name="test25 - 11" classname="org.eclipse.jdt.core.tests.compiler.parser.CompletionRecoveryTest" time="0"/>
  <testcase name="test25 - 11" classname="org.eclipse.jdt.core.tests.compiler.parser.DietCompletionTest" time="0"/>
  <testcase name="test25 - 11" classname="org.eclipse.jdt.core.tests.compiler.parser.SelectionTest" time="0"/>
  <testcase name="test25 - 11" classname="org.eclipse.jdt.core.tests.compiler.parser.SelectionJavadocTest" time="0"/>
  <testcase name="test25 - 11" classname="org.eclipse.jdt.core.tests.compiler.parser.DietRecoveryTest" time="0.003"/>
  <testcase name="test25 - 11" classname="org.eclipse.jdt.core.tests.compiler.parser.SourceElementParserTest" time="0"/>
  <testcase name="test26 - 11" classname="org.eclipse.jdt.core.tests.compiler.parser.CompletionRecoveryTest" time="0"/>
  <testcase name="test26 - 11" classname="org.eclipse.jdt.core.tests.compiler.parser.DietCompletionTest" time="0.001"/>
  <testcase name="test26 - 11" classname="org.eclipse.jdt.core.tests.compiler.parser.SelectionTest" time="0"/>
  <testcase name="test26 - 11" classname="org.eclipse.jdt.core.tests.compiler.parser.SelectionJavadocTest" time="0"/>
  <testcase name="test26 - 11" classname="org.eclipse.jdt.core.tests.compiler.parser.DietRecoveryTest" time="0.003"/>
  <testcase name="test26 - 11" classname="org.eclipse.jdt.core.tests.compiler.parser.SourceElementParserTest" time="0"/>
  <testcase name="test27 - 11" classname="org.eclipse.jdt.core.tests.compiler.parser.DietCompletionTest" time="0"/>
  <testcase name="test27 - 11" classname="org.eclipse.jdt.core.tests.compiler.parser.SelectionTest" time="0"/>
  <testcase name="test27 - 11" classname="org.eclipse.jdt.core.tests.compiler.parser.DietRecoveryTest" time="0.003"/>
  <testcase name="test27 - 11" classname="org.eclipse.jdt.core.tests.compiler.parser.SourceElementParserTest" time="0"/>
  <testcase name="test28 - 11" classname="org.eclipse.jdt.core.tests.compiler.parser.DietCompletionTest" time="0"/>
  <testcase name="test28 - 11" classname="org.eclipse.jdt.core.tests.compiler.parser.SelectionTest" time="0"/>
  <testcase name="test28 - 11" classname="org.eclipse.jdt.core.tests.compiler.parser.DietRecoveryTest" time="0.001"/>
  <testcase name="test28 - 11" classname="org.eclipse.jdt.core.tests.compiler.parser.SourceElementParserTest" time="0"/>
  <testcase name="test29 - 11" classname="org.eclipse.jdt.core.tests.compiler.parser.DietCompletionTest" time="0"/>
  <testcase name="test29 - 11" classname="org.eclipse.jdt.core.tests.compiler.parser.SelectionTest" time="0"/>
  <testcase name="test29 - 11" classname="org.eclipse.jdt.core.tests.compiler.parser.DietRecoveryTest" time="0.001"/>
  <testcase name="test29 - 11" classname="org.eclipse.jdt.core.tests.compiler.parser.SourceElementParserTest" time="0.001"/>
  <testcase name="test30 - 11" classname="org.eclipse.jdt.core.tests.compiler.parser.DietCompletionTest" time="0"/>
  <testcase name="test30 - 11" classname="org.eclipse.jdt.core.tests.compiler.parser.SelectionTest" time="0.001"/>
  <testcase name="test30 - 11" classname="org.eclipse.jdt.core.tests.compiler.parser.DietRecoveryTest" time="0.002"/>
  <testcase name="test30 - 11" classname="org.eclipse.jdt.core.tests.compiler.parser.SourceElementParserTest" time="0"/>
  <testcase name="test31 - 11" classname="org.eclipse.jdt.core.tests.compiler.parser.DietCompletionTest" time="0"/>
  <testcase name="test31 - 11" classname="org.eclipse.jdt.core.tests.compiler.parser.SelectionTest" time="0"/>
  <testcase name="test31 - 11" classname="org.eclipse.jdt.core.tests.compiler.parser.DietRecoveryTest" time="0.004"/>
  <testcase name="test31 - 11" classname="org.eclipse.jdt.core.tests.compiler.parser.SourceElementParserTest" time="0"/>
  <testcase name="test32 - 11" classname="org.eclipse.jdt.core.tests.compiler.parser.DietCompletionTest" time="0"/>
  <testcase name="test32 - 11" classname="org.eclipse.jdt.core.tests.compiler.parser.SelectionTest" time="0.001"/>
  <testcase name="test32 - 11" classname="org.eclipse.jdt.core.tests.compiler.parser.SourceElementParserTest" time="0.001"/>
  <testcase name="test33 - 11" classname="org.eclipse.jdt.core.tests.compiler.parser.DietCompletionTest" time="0.001"/>
  <testcase name="test33 - 11" classname="org.eclipse.jdt.core.tests.compiler.parser.SelectionTest" time="0"/>
  <testcase name="test33 - 11" classname="org.eclipse.jdt.core.tests.compiler.parser.DietRecoveryTest" time="0.002"/>
  <testcase name="test33 - 11" classname="org.eclipse.jdt.core.tests.compiler.parser.SourceElementParserTest" time="0"/>
  <testcase name="test34 - 11" classname="org.eclipse.jdt.core.tests.compiler.parser.DietCompletionTest" time="0"/>
  <testcase name="test34 - 11" classname="org.eclipse.jdt.core.tests.compiler.parser.SelectionTest" time="0"/>
  <testcase name="test34 - 11" classname="org.eclipse.jdt.core.tests.compiler.parser.DietRecoveryTest" time="0.002"/>
  <testcase name="test34 - 11" classname="org.eclipse.jdt.core.tests.compiler.parser.SourceElementParserTest" time="0.001"/>
  <testcase name="test34a - 11" classname="org.eclipse.jdt.core.tests.compiler.parser.DietCompletionTest" time="0"/>
  <testcase name="test34b - 11" classname="org.eclipse.jdt.core.tests.compiler.parser.DietCompletionTest" time="0"/>
  <testcase name="test34c - 11" classname="org.eclipse.jdt.core.tests.compiler.parser.DietCompletionTest" time="0"/>
  <testcase name="test35 - 11" classname="org.eclipse.jdt.core.tests.compiler.parser.DietCompletionTest" time="0"/>
  <testcase name="test35 - 11" classname="org.eclipse.jdt.core.tests.compiler.parser.SelectionTest" time="0"/>
  <testcase name="test35 - 11" classname="org.eclipse.jdt.core.tests.compiler.parser.DietRecoveryTest" time="0.001"/>
  <testcase name="test35 - 11" classname="org.eclipse.jdt.core.tests.compiler.parser.SourceElementParserTest" time="0.001"/>
  <testcase name="test36 - 11" classname="org.eclipse.jdt.core.tests.compiler.parser.DietCompletionTest" time="0"/>
  <testcase name="test36 - 11" classname="org.eclipse.jdt.core.tests.compiler.parser.SelectionTest" time="0"/>
  <testcase name="test36 - 11" classname="org.eclipse.jdt.core.tests.compiler.parser.DietRecoveryTest" time="0.001"/>
  <testcase name="test36 - 11" classname="org.eclipse.jdt.core.tests.compiler.parser.SourceElementParserTest" time="0"/>
  <testcase name="test37 - 11" classname="org.eclipse.jdt.core.tests.compiler.parser.DietCompletionTest" time="0"/>
  <testcase name="test37 - 11" classname="org.eclipse.jdt.core.tests.compiler.parser.SelectionTest" time="0"/>
  <testcase name="test37 - 11" classname="org.eclipse.jdt.core.tests.compiler.parser.DietRecoveryTest" time="0"/>
  <testcase name="test37 - 11" classname="org.eclipse.jdt.core.tests.compiler.parser.SourceElementParserTest" time="0"/>
  <testcase name="test38 - 11" classname="org.eclipse.jdt.core.tests.compiler.parser.DietCompletionTest" time="0"/>
  <testcase name="test38 - 11" classname="org.eclipse.jdt.core.tests.compiler.parser.SelectionTest" time="0"/>
  <testcase name="test38 - 11" classname="org.eclipse.jdt.core.tests.compiler.parser.DietRecoveryTest" time="0.002"/>
  <testcase name="test38 - 11" classname="org.eclipse.jdt.core.tests.compiler.parser.SourceElementParserTest" time="0"/>
  <testcase name="test39 - 11" classname="org.eclipse.jdt.core.tests.compiler.parser.DietCompletionTest" time="0"/>
  <testcase name="test39 - 11" classname="org.eclipse.jdt.core.tests.compiler.parser.SelectionTest" time="0"/>
  <testcase name="test39 - 11" classname="org.eclipse.jdt.core.tests.compiler.parser.DietRecoveryTest" time="0.001"/>
  <testcase name="test39 - 11" classname="org.eclipse.jdt.core.tests.compiler.parser.SourceElementParserTest" time="0"/>
  <testcase name="test40 - 11" classname="org.eclipse.jdt.core.tests.compiler.parser.DietCompletionTest" time="0"/>
  <testcase name="test40 - 11" classname="org.eclipse.jdt.core.tests.compiler.parser.SelectionTest" time="0"/>
  <testcase name="test40 - 11" classname="org.eclipse.jdt.core.tests.compiler.parser.DietRecoveryTest" time="0.002"/>
  <testcase name="test40 - 11" classname="org.eclipse.jdt.core.tests.compiler.parser.SourceElementParserTest" time="0.001"/>
  <testcase name="test41 - 11" classname="org.eclipse.jdt.core.tests.compiler.parser.DietCompletionTest" time="0"/>
  <testcase name="test41 - 11" classname="org.eclipse.jdt.core.tests.compiler.parser.SelectionTest" time="0"/>
  <testcase name="test41 - 11" classname="org.eclipse.jdt.core.tests.compiler.parser.DietRecoveryTest" time="0.003"/>
  <testcase name="test41 - 11" classname="org.eclipse.jdt.core.tests.compiler.parser.SourceElementParserTest" time="0"/>
  <testcase name="test42 - 11" classname="org.eclipse.jdt.core.tests.compiler.parser.DietCompletionTest" time="0"/>
  <testcase name="test42 - 11" classname="org.eclipse.jdt.core.tests.compiler.parser.SelectionTest" time="0"/>
  <testcase name="test42 - 11" classname="org.eclipse.jdt.core.tests.compiler.parser.DietRecoveryTest" time="0.003"/>
  <testcase name="test42 - 11" classname="org.eclipse.jdt.core.tests.compiler.parser.SourceElementParserTest" time="0.001"/>
  <testcase name="test43 - 11" classname="org.eclipse.jdt.core.tests.compiler.parser.DietCompletionTest" time="0"/>
  <testcase name="test43 - 11" classname="org.eclipse.jdt.core.tests.compiler.parser.SelectionTest" time="0.001"/>
  <testcase name="test43 - 11" classname="org.eclipse.jdt.core.tests.compiler.parser.DietRecoveryTest" time="0.003"/>
  <testcase name="test43 - 11" classname="org.eclipse.jdt.core.tests.compiler.parser.SourceElementParserTest" time="0"/>
  <testcase name="test44 - 11" classname="org.eclipse.jdt.core.tests.compiler.parser.DietCompletionTest" time="0"/>
  <testcase name="test44 - 11" classname="org.eclipse.jdt.core.tests.compiler.parser.SelectionTest" time="0"/>
  <testcase name="test44 - 11" classname="org.eclipse.jdt.core.tests.compiler.parser.DietRecoveryTest" time="0.002"/>
  <testcase name="test44 - 11" classname="org.eclipse.jdt.core.tests.compiler.parser.SourceElementParserTest" time="0"/>
  <testcase name="test45 - 11" classname="org.eclipse.jdt.core.tests.compiler.parser.DietCompletionTest" time="0"/>
  <testcase name="test45 - 11" classname="org.eclipse.jdt.core.tests.compiler.parser.SelectionTest" time="0"/>
  <testcase name="test45 - 11" classname="org.eclipse.jdt.core.tests.compiler.parser.DietRecoveryTest" time="0.002"/>
  <testcase name="test45 - 11" classname="org.eclipse.jdt.core.tests.compiler.parser.SourceElementParserTest" time="0.001"/>
  <testcase name="test46 - 11" classname="org.eclipse.jdt.core.tests.compiler.parser.DietCompletionTest" time="0"/>
  <testcase name="test46 - 11" classname="org.eclipse.jdt.core.tests.compiler.parser.SelectionTest" time="0"/>
  <testcase name="test46 - 11" classname="org.eclipse.jdt.core.tests.compiler.parser.DietRecoveryTest" time="0.004"/>
  <testcase name="test46 - 11" classname="org.eclipse.jdt.core.tests.compiler.parser.SourceElementParserTest" time="0"/>
  <testcase name="test47 - 11" classname="org.eclipse.jdt.core.tests.compiler.parser.DietCompletionTest" time="0"/>
  <testcase name="test47 - 11" classname="org.eclipse.jdt.core.tests.compiler.parser.SelectionTest" time="0"/>
  <testcase name="test47 - 11" classname="org.eclipse.jdt.core.tests.compiler.parser.DietRecoveryTest" time="0.003"/>
  <testcase name="test47 - 11" classname="org.eclipse.jdt.core.tests.compiler.parser.SourceElementParserTest" time="0"/>
  <testcase name="test48 - 11" classname="org.eclipse.jdt.core.tests.compiler.parser.DietCompletionTest" time="0"/>
  <testcase name="test48 - 11" classname="org.eclipse.jdt.core.tests.compiler.parser.SelectionTest" time="0.001"/>
  <testcase name="test48 - 11" classname="org.eclipse.jdt.core.tests.compiler.parser.DietRecoveryTest" time="0.001"/>
  <testcase name="test48 - 11" classname="org.eclipse.jdt.core.tests.compiler.parser.SourceElementParserTest" time="0.001"/>
  <testcase name="test49 - 11" classname="org.eclipse.jdt.core.tests.compiler.parser.DietCompletionTest" time="0"/>
  <testcase name="test49 - 11" classname="org.eclipse.jdt.core.tests.compiler.parser.SelectionTest" time="0"/>
  <testcase name="test49 - 11" classname="org.eclipse.jdt.core.tests.compiler.parser.DietRecoveryTest" time="0.003"/>
  <testcase name="test49 - 11" classname="org.eclipse.jdt.core.tests.compiler.parser.SourceElementParserTest" time="0"/>
  <testcase name="test50 - 11" classname="org.eclipse.jdt.core.tests.compiler.parser.DietCompletionTest" time="0.001"/>
  <testcase name="test50 - 11" classname="org.eclipse.jdt.core.tests.compiler.parser.SelectionTest" time="0.001"/>
  <testcase name="test50 - 11" classname="org.eclipse.jdt.core.tests.compiler.parser.DietRecoveryTest" time="0.003"/>
  <testcase name="test50 - 11" classname="org.eclipse.jdt.core.tests.compiler.parser.SourceElementParserTest" time="0.001"/>
  <testcase name="test51 - 11" classname="org.eclipse.jdt.core.tests.compiler.parser.DietCompletionTest" time="0"/>
  <testcase name="test51 - 11" classname="org.eclipse.jdt.core.tests.compiler.parser.SelectionTest" time="0"/>
  <testcase name="test51 - 11" classname="org.eclipse.jdt.core.tests.compiler.parser.DietRecoveryTest" time="0.002"/>
  <testcase name="test51 - 11" classname="org.eclipse.jdt.core.tests.compiler.parser.SourceElementParserTest" time="0"/>
  <testcase name="test52 - 11" classname="org.eclipse.jdt.core.tests.compiler.parser.DietCompletionTest" time="0"/>
  <testcase name="test52 - 11" classname="org.eclipse.jdt.core.tests.compiler.parser.SelectionTest" time="0.001"/>
  <testcase name="test52 - 11" classname="org.eclipse.jdt.core.tests.compiler.parser.DietRecoveryTest" time="0.002"/>
  <testcase name="test52 - 11" classname="org.eclipse.jdt.core.tests.compiler.parser.SourceElementParserTest" time="0.001"/>
  <testcase name="test53 - 11" classname="org.eclipse.jdt.core.tests.compiler.parser.DietCompletionTest" time="0"/>
  <testcase name="test53 - 11" classname="org.eclipse.jdt.core.tests.compiler.parser.SelectionTest" time="0"/>
  <testcase name="test53 - 11" classname="org.eclipse.jdt.core.tests.compiler.parser.DietRecoveryTest" time="0.001"/>
  <testcase name="test53 - 11" classname="org.eclipse.jdt.core.tests.compiler.parser.SourceElementParserTest" time="0.001"/>
  <testcase name="test54 - 11" classname="org.eclipse.jdt.core.tests.compiler.parser.DietCompletionTest" time="0.001"/>
  <testcase name="test54 - 11" classname="org.eclipse.jdt.core.tests.compiler.parser.SelectionTest" time="0.001"/>
  <testcase name="test54 - 11" classname="org.eclipse.jdt.core.tests.compiler.parser.DietRecoveryTest" time="0.003"/>
  <testcase name="test54 - 11" classname="org.eclipse.jdt.core.tests.compiler.parser.SourceElementParserTest" time="0.001"/>
  <testcase name="test55 - 11" classname="org.eclipse.jdt.core.tests.compiler.parser.DietCompletionTest" time="0"/>
  <testcase name="test55 - 11" classname="org.eclipse.jdt.core.tests.compiler.parser.SelectionTest" time="0"/>
  <testcase name="test55 - 11" classname="org.eclipse.jdt.core.tests.compiler.parser.DietRecoveryTest" time="0.002"/>
  <testcase name="test55 - 11" classname="org.eclipse.jdt.core.tests.compiler.parser.SourceElementParserTest" time="0"/>
  <testcase name="testPrimarySuper - 11" classname="org.eclipse.jdt.core.tests.compiler.parser.ExplicitConstructorInvocationCompletionTest" time="0.001"/>
  <testcase name="testPrimarySuper - 11" classname="org.eclipse.jdt.core.tests.compiler.parser.ExplicitConstructorInvocationSelectionTest" time="0"/>
  <testcase name="testPrimaryThis - 11" classname="org.eclipse.jdt.core.tests.compiler.parser.ExplicitConstructorInvocationCompletionTest" time="0"/>
  <testcase name="testSuper - 11" classname="org.eclipse.jdt.core.tests.compiler.parser.ExplicitConstructorInvocationCompletionTest" time="0"/>
  <testcase name="testSuper - 11" classname="org.eclipse.jdt.core.tests.compiler.parser.MethodInvocationCompletionTest" time="0"/>
  <testcase name="testSuper - 11" classname="org.eclipse.jdt.core.tests.compiler.parser.ExplicitConstructorInvocationSelectionTest" time="0.001"/>
  <testcase name="testThis - 11" classname="org.eclipse.jdt.core.tests.compiler.parser.ExplicitConstructorInvocationCompletionTest" time="0"/>
  <testcase name="testThis - 11" classname="org.eclipse.jdt.core.tests.compiler.parser.ExplicitConstructorInvocationSelectionTest" time="0"/>
  <testcase name="testWrapperNameSuper - 11" classname="org.eclipse.jdt.core.tests.compiler.parser.ExplicitConstructorInvocationCompletionTest" time="0"/>
  <testcase name="testWrapperNameThis - 11" classname="org.eclipse.jdt.core.tests.compiler.parser.ExplicitConstructorInvocationCompletionTest" time="0"/>
  <testcase name="testWrapperPrimarySuper - 11" classname="org.eclipse.jdt.core.tests.compiler.parser.ExplicitConstructorInvocationCompletionTest" time="0"/>
  <testcase name="testWrapperSuper - 11" classname="org.eclipse.jdt.core.tests.compiler.parser.ExplicitConstructorInvocationCompletionTest" time="0.001"/>
  <testcase name="testWrapperThis - 11" classname="org.eclipse.jdt.core.tests.compiler.parser.ExplicitConstructorInvocationCompletionTest" time="0"/>
  <testcase name="testAdditiveExpressionMinus - 11" classname="org.eclipse.jdt.core.tests.compiler.parser.FieldAccessCompletionTest" time="0.001"/>
  <testcase name="testAdditiveExpressionPlus - 11" classname="org.eclipse.jdt.core.tests.compiler.parser.FieldAccessCompletionTest" time="0"/>
  <testcase name="testAndExpression - 11" classname="org.eclipse.jdt.core.tests.compiler.parser.FieldAccessCompletionTest" time="0"/>
  <testcase name="testArgumentList - 11" classname="org.eclipse.jdt.core.tests.compiler.parser.FieldAccessCompletionTest" time="0"/>
  <testcase name="testArrayAccess - 11" classname="org.eclipse.jdt.core.tests.compiler.parser.FieldAccessCompletionTest" time="0"/>
  <testcase name="testArrayAccessPrimaryNoNewArray - 11" classname="org.eclipse.jdt.core.tests.compiler.parser.FieldAccessCompletionTest" time="0"/>
  <testcase name="testArrayInitializer - 11" classname="org.eclipse.jdt.core.tests.compiler.parser.FieldAccessCompletionTest" time="0"/>
  <testcase name="testArrayInitializerComma - 11" classname="org.eclipse.jdt.core.tests.compiler.parser.FieldAccessCompletionTest" time="0.001"/>
  <testcase name="testAssignment - 11" classname="org.eclipse.jdt.core.tests.compiler.parser.FieldAccessCompletionTest" time="0"/>
  <testcase name="testBlock - 11" classname="org.eclipse.jdt.core.tests.compiler.parser.FieldAccessCompletionTest" time="0"/>
  <testcase name="testBlock - 11" classname="org.eclipse.jdt.core.tests.compiler.parser.ReferenceTypeCompletionTest" time="0.001"/>
  <testcase name="testBlockStatements - 11" classname="org.eclipse.jdt.core.tests.compiler.parser.FieldAccessCompletionTest" time="0"/>
  <testcase name="testBlockStatements - 11" classname="org.eclipse.jdt.core.tests.compiler.parser.ReferenceTypeCompletionTest" time="0"/>
  <testcase name="testBlockStatementsInConstructorBody - 11" classname="org.eclipse.jdt.core.tests.compiler.parser.FieldAccessCompletionTest" time="0.001"/>
  <testcase name="testBlockStatementsInInitializer - 11" classname="org.eclipse.jdt.core.tests.compiler.parser.FieldAccessCompletionTest" time="0"/>
  <testcase name="testBlockStatementsInStaticInitializer - 11" classname="org.eclipse.jdt.core.tests.compiler.parser.FieldAccessCompletionTest" time="0"/>
  <testcase name="testCastExpression - 11" classname="org.eclipse.jdt.core.tests.compiler.parser.FieldAccessCompletionTest" time="0.001"/>
  <testcase name="testCastExpressionUnaryExpression - 11" classname="org.eclipse.jdt.core.tests.compiler.parser.FieldAccessCompletionTest" time="0"/>
  <testcase name="testClassInstanceCreationExpression - 11" classname="org.eclipse.jdt.core.tests.compiler.parser.FieldAccessCompletionTest" time="0"/>
  <testcase name="testClassInstanceCreationExpressionName - 11" classname="org.eclipse.jdt.core.tests.compiler.parser.FieldAccessCompletionTest" time="0"/>
  <testcase name="testClassInstanceCreationExpressionPrimary - 11" classname="org.eclipse.jdt.core.tests.compiler.parser.FieldAccessCompletionTest" time="0"/>
  <testcase name="testConditionalAndExpression - 11" classname="org.eclipse.jdt.core.tests.compiler.parser.FieldAccessCompletionTest" time="0"/>
  <testcase name="testConditionalExpression - 11" classname="org.eclipse.jdt.core.tests.compiler.parser.FieldAccessCompletionTest" time="0"/>
  <testcase name="testConditionalExpressionConditionalExpression - 11" classname="org.eclipse.jdt.core.tests.compiler.parser.FieldAccessCompletionTest" time="0"/>
  <testcase name="testConditionalOrExpression - 11" classname="org.eclipse.jdt.core.tests.compiler.parser.FieldAccessCompletionTest" time="0"/>
  <testcase name="testConstructorBody - 11" classname="org.eclipse.jdt.core.tests.compiler.parser.FieldAccessCompletionTest" time="0"/>
  <testcase name="testConstructorBody - 11" classname="org.eclipse.jdt.core.tests.compiler.parser.ReferenceTypeCompletionTest" time="0"/>
  <testcase name="testDimWithOrWithOutExpr - 11" classname="org.eclipse.jdt.core.tests.compiler.parser.FieldAccessCompletionTest" time="0"/>
  <testcase name="testDoExpression - 11" classname="org.eclipse.jdt.core.tests.compiler.parser.FieldAccessCompletionTest" time="0.001"/>
  <testcase name="testDoStatement - 11" classname="org.eclipse.jdt.core.tests.compiler.parser.FieldAccessCompletionTest" time="0"/>
  <testcase name="testEqualityExpression - 11" classname="org.eclipse.jdt.core.tests.compiler.parser.FieldAccessCompletionTest" time="0"/>
  <testcase name="testEqualityExpressionNot - 11" classname="org.eclipse.jdt.core.tests.compiler.parser.FieldAccessCompletionTest" time="0"/>
  <testcase name="testExclusiveOrExpression - 11" classname="org.eclipse.jdt.core.tests.compiler.parser.FieldAccessCompletionTest" time="0.001"/>
  <testcase name="testExplicitConstructorInvocationInConstructorBody - 11" classname="org.eclipse.jdt.core.tests.compiler.parser.FieldAccessCompletionTest" time="0"/>
  <testcase name="testForInit - 11" classname="org.eclipse.jdt.core.tests.compiler.parser.FieldAccessCompletionTest" time="0"/>
  <testcase name="testForStatement - 11" classname="org.eclipse.jdt.core.tests.compiler.parser.FieldAccessCompletionTest" time="0"/>
  <testcase name="testForStatement - 11" classname="org.eclipse.jdt.core.tests.compiler.parser.ReferenceTypeCompletionTest" time="0"/>
  <testcase name="testForStatementExpression - 11" classname="org.eclipse.jdt.core.tests.compiler.parser.FieldAccessCompletionTest" time="0"/>
  <testcase name="testForUpdate - 11" classname="org.eclipse.jdt.core.tests.compiler.parser.FieldAccessCompletionTest" time="0"/>
  <testcase name="testIfExpresionThen - 11" classname="org.eclipse.jdt.core.tests.compiler.parser.FieldAccessCompletionTest" time="0"/>
  <testcase name="testIfExpresionThenElse - 11" classname="org.eclipse.jdt.core.tests.compiler.parser.FieldAccessCompletionTest" time="0"/>
  <testcase name="testIfThenElseStatement - 11" classname="org.eclipse.jdt.core.tests.compiler.parser.FieldAccessCompletionTest" time="0"/>
  <testcase name="testIfThenStatement - 11" classname="org.eclipse.jdt.core.tests.compiler.parser.FieldAccessCompletionTest" time="0"/>
  <testcase name="testIfThenStatementElse - 11" classname="org.eclipse.jdt.core.tests.compiler.parser.FieldAccessCompletionTest" time="0"/>
  <testcase name="testInclusiveOrExpression - 11" classname="org.eclipse.jdt.core.tests.compiler.parser.FieldAccessCompletionTest" time="0.001"/>
  <testcase name="testLabeledStatement - 11" classname="org.eclipse.jdt.core.tests.compiler.parser.FieldAccessCompletionTest" time="0"/>
  <testcase name="testMethodBody - 11" classname="org.eclipse.jdt.core.tests.compiler.parser.FieldAccessCompletionTest" time="0"/>
  <testcase name="testMethodBody - 11" classname="org.eclipse.jdt.core.tests.compiler.parser.ReferenceTypeCompletionTest" time="0"/>
  <testcase name="testMethodInvocation - 11" classname="org.eclipse.jdt.core.tests.compiler.parser.FieldAccessCompletionTest" time="0"/>
  <testcase name="testMethodInvocationPrimary - 11" classname="org.eclipse.jdt.core.tests.compiler.parser.FieldAccessCompletionTest" time="0"/>
  <testcase name="testMethodInvocationSuper - 11" classname="org.eclipse.jdt.core.tests.compiler.parser.FieldAccessCompletionTest" time="0"/>
  <testcase name="testMultiplicativeExpressionMultiplication - 11" classname="org.eclipse.jdt.core.tests.compiler.parser.FieldAccessCompletionTest" time="0"/>
  <testcase name="testMultiplicativeExpressionRemainder - 11" classname="org.eclipse.jdt.core.tests.compiler.parser.FieldAccessCompletionTest" time="0.001"/>
  <testcase name="testMultiplicativeExpressiondDivision - 11" classname="org.eclipse.jdt.core.tests.compiler.parser.FieldAccessCompletionTest" time="0"/>
  <testcase name="testPreIncrementExpressionMinusMinus - 11" classname="org.eclipse.jdt.core.tests.compiler.parser.FieldAccessCompletionTest" time="0"/>
  <testcase name="testPreIncrementExpressionPlusPlus - 11" classname="org.eclipse.jdt.core.tests.compiler.parser.FieldAccessCompletionTest" time="0"/>
  <testcase name="testPrimaryNoNewArray - 11" classname="org.eclipse.jdt.core.tests.compiler.parser.FieldAccessCompletionTest" time="0"/>
  <testcase name="testRelationalExpressionGreaterThan - 11" classname="org.eclipse.jdt.core.tests.compiler.parser.FieldAccessCompletionTest" time="0"/>
  <testcase name="testRelationalExpressionGreaterThanOrEquals - 11" classname="org.eclipse.jdt.core.tests.compiler.parser.FieldAccessCompletionTest" time="0"/>
  <testcase name="testRelationalExpressionLessThan - 11" classname="org.eclipse.jdt.core.tests.compiler.parser.FieldAccessCompletionTest" time="0.001"/>
  <testcase name="testRelationalExpressionLessThanOrEqual - 11" classname="org.eclipse.jdt.core.tests.compiler.parser.FieldAccessCompletionTest" time="0"/>
  <testcase name="testReturnStatement - 11" classname="org.eclipse.jdt.core.tests.compiler.parser.FieldAccessCompletionTest" time="0"/>
  <testcase name="testShiftExpressionLeft - 11" classname="org.eclipse.jdt.core.tests.compiler.parser.FieldAccessCompletionTest" time="0"/>
  <testcase name="testShiftExpressionRight - 11" classname="org.eclipse.jdt.core.tests.compiler.parser.FieldAccessCompletionTest" time="0"/>
  <testcase name="testShiftExpressionRightUnSigned - 11" classname="org.eclipse.jdt.core.tests.compiler.parser.FieldAccessCompletionTest" time="0"/>
  <testcase name="testStatementExpressionList - 11" classname="org.eclipse.jdt.core.tests.compiler.parser.FieldAccessCompletionTest" time="0"/>
  <testcase name="testSwitchBlockStatement - 11" classname="org.eclipse.jdt.core.tests.compiler.parser.FieldAccessCompletionTest" time="0"/>
  <testcase name="testSwitchBlockStatement - 11" classname="org.eclipse.jdt.core.tests.compiler.parser.ReferenceTypeCompletionTest" time="0"/>
  <testcase name="testSwitchExpression - 11" classname="org.eclipse.jdt.core.tests.compiler.parser.FieldAccessCompletionTest" time="0"/>
  <testcase name="testSwitchLabel - 11" classname="org.eclipse.jdt.core.tests.compiler.parser.FieldAccessCompletionTest" time="0"/>
  <testcase name="testSynchronizedStatement - 11" classname="org.eclipse.jdt.core.tests.compiler.parser.FieldAccessCompletionTest" time="0.001"/>
  <testcase name="testThrowExpression - 11" classname="org.eclipse.jdt.core.tests.compiler.parser.FieldAccessCompletionTest" time="0"/>
  <testcase name="testUnaryExpressionBitwiseComplement - 11" classname="org.eclipse.jdt.core.tests.compiler.parser.FieldAccessCompletionTest" time="0"/>
  <testcase name="testUnaryExpressionLogicalComplement - 11" classname="org.eclipse.jdt.core.tests.compiler.parser.FieldAccessCompletionTest" time="0.001"/>
  <testcase name="testUnaryExpressionMinus - 11" classname="org.eclipse.jdt.core.tests.compiler.parser.FieldAccessCompletionTest" time="0"/>
  <testcase name="testUnaryExpressionPlus - 11" classname="org.eclipse.jdt.core.tests.compiler.parser.FieldAccessCompletionTest" time="0"/>
  <testcase name="testVariableDeclarator - 11" classname="org.eclipse.jdt.core.tests.compiler.parser.FieldAccessCompletionTest" time="0"/>
  <testcase name="testVariableInitializers - 11" classname="org.eclipse.jdt.core.tests.compiler.parser.FieldAccessCompletionTest" time="0"/>
  <testcase name="testWhileExpression - 11" classname="org.eclipse.jdt.core.tests.compiler.parser.FieldAccessCompletionTest" time="0"/>
  <testcase name="testWhileStatement - 11" classname="org.eclipse.jdt.core.tests.compiler.parser.FieldAccessCompletionTest" time="0"/>
  <testcase name="testAnonymousFirstMethod - 11" classname="org.eclipse.jdt.core.tests.compiler.parser.InnerTypeCompletionTest" time="0"/>
  <testcase name="testAnonymousNoStatementBefore - 11" classname="org.eclipse.jdt.core.tests.compiler.parser.InnerTypeCompletionTest" time="0"/>
  <testcase name="testAnonymousOneFieldBefore - 11" classname="org.eclipse.jdt.core.tests.compiler.parser.InnerTypeCompletionTest" time="0"/>
  <testcase name="testAnonymousOneStatementBefore - 11" classname="org.eclipse.jdt.core.tests.compiler.parser.InnerTypeCompletionTest" time="0"/>
  <testcase name="testAnonymousSecondMethod - 11" classname="org.eclipse.jdt.core.tests.compiler.parser.InnerTypeCompletionTest" time="0"/>
  <testcase name="testLocalTypeFirstMethod - 11" classname="org.eclipse.jdt.core.tests.compiler.parser.InnerTypeCompletionTest" time="0"/>
  <testcase name="testLocalTypeNoStatementBefore - 11" classname="org.eclipse.jdt.core.tests.compiler.parser.InnerTypeCompletionTest" time="0.001"/>
  <testcase name="testLocalTypeOneFieldBefore - 11" classname="org.eclipse.jdt.core.tests.compiler.parser.InnerTypeCompletionTest" time="0"/>
  <testcase name="testLocalTypeOneStatementBefore - 11" classname="org.eclipse.jdt.core.tests.compiler.parser.InnerTypeCompletionTest" time="0"/>
  <testcase name="testLocalTypeSecondMethod - 11" classname="org.eclipse.jdt.core.tests.compiler.parser.InnerTypeCompletionTest" time="0"/>
  <testcase name="test020 - 11" classname="org.eclipse.jdt.core.tests.compiler.parser.JavadocCompletionParserTest" time="0"/>
  <testcase name="test020 - 11" classname="org.eclipse.jdt.core.tests.compiler.parser.ParserTest" time="0.002"/>
  <testcase name="test021 - 11" classname="org.eclipse.jdt.core.tests.compiler.parser.JavadocCompletionParserTest" time="0.001"/>
  <testcase name="test021 - 11" classname="org.eclipse.jdt.core.tests.compiler.parser.ParserTest" time="0.154"/>
  <testcase name="test022 - 11" classname="org.eclipse.jdt.core.tests.compiler.parser.JavadocCompletionParserTest" time="0"/>
  <testcase name="test022 - 11" classname="org.eclipse.jdt.core.tests.compiler.parser.ParserTest" time="0"/>
  <testcase name="test023 - 11" classname="org.eclipse.jdt.core.tests.compiler.parser.JavadocCompletionParserTest" time="0"/>
  <testcase name="test023 - 11" classname="org.eclipse.jdt.core.tests.compiler.parser.ParserTest" time="0"/>
  <testcase name="test024 - 11" classname="org.eclipse.jdt.core.tests.compiler.parser.JavadocCompletionParserTest" time="0"/>
  <testcase name="test024 - 11" classname="org.eclipse.jdt.core.tests.compiler.parser.ParserTest" time="0.001"/>
  <testcase name="test025 - 11" classname="org.eclipse.jdt.core.tests.compiler.parser.JavadocCompletionParserTest" time="0.001"/>
  <testcase name="test025 - 11" classname="org.eclipse.jdt.core.tests.compiler.parser.ParserTest" time="0"/>
  <testcase name="test026 - 11" classname="org.eclipse.jdt.core.tests.compiler.parser.JavadocCompletionParserTest" time="0"/>
  <testcase name="test026 - 11" classname="org.eclipse.jdt.core.tests.compiler.parser.ParserTest" time="0.001"/>
  <testcase name="test027 - 11" classname="org.eclipse.jdt.core.tests.compiler.parser.JavadocCompletionParserTest" time="0"/>
  <testcase name="test027 - 11" classname="org.eclipse.jdt.core.tests.compiler.parser.ParserTest" time="0.001"/>
  <testcase name="test028 - 11" classname="org.eclipse.jdt.core.tests.compiler.parser.JavadocCompletionParserTest" time="0"/>
  <testcase name="test029 - 11" classname="org.eclipse.jdt.core.tests.compiler.parser.JavadocCompletionParserTest" time="0.001"/>
  <testcase name="test030 - 11" classname="org.eclipse.jdt.core.tests.compiler.parser.JavadocCompletionParserTest" time="0"/>
  <testcase name="test031 - 11" classname="org.eclipse.jdt.core.tests.compiler.parser.JavadocCompletionParserTest" time="0"/>
  <testcase name="test032 - 11" classname="org.eclipse.jdt.core.tests.compiler.parser.JavadocCompletionParserTest" time="0"/>
  <testcase name="test1FTEO9L - 11" classname="org.eclipse.jdt.core.tests.compiler.parser.LabelStatementCompletionTest" time="0.001"/>
  <testcase name="testInCaseWithIdentifier - 11" classname="org.eclipse.jdt.core.tests.compiler.parser.LabelStatementCompletionTest" time="0"/>
  <testcase name="testInCaseWithNumberConstant - 11" classname="org.eclipse.jdt.core.tests.compiler.parser.LabelStatementCompletionTest" time="0"/>
  <testcase name="testInLabeledInnerClass - 11" classname="org.eclipse.jdt.core.tests.compiler.parser.LabelStatementCompletionTest" time="0.001"/>
  <testcase name="testInLabeledInnerClassWithErrorBefore - 11" classname="org.eclipse.jdt.core.tests.compiler.parser.LabelStatementCompletionTest" time="0"/>
  <testcase name="testOneLevelDeep - 11" classname="org.eclipse.jdt.core.tests.compiler.parser.LabelStatementCompletionTest" time="0"/>
  <testcase name="testSecondLabel - 11" classname="org.eclipse.jdt.core.tests.compiler.parser.LabelStatementCompletionTest" time="0"/>
  <testcase name="testTwoLevelDeep - 11" classname="org.eclipse.jdt.core.tests.compiler.parser.LabelStatementCompletionTest" time="0"/>
  <testcase name="test1FVVWS8_1 - 11" classname="org.eclipse.jdt.core.tests.compiler.parser.MethodInvocationCompletionTest" time="0"/>
  <testcase name="test1FVVWS8_2 - 11" classname="org.eclipse.jdt.core.tests.compiler.parser.MethodInvocationCompletionTest" time="0"/>
  <testcase name="test1FW2ZTB_1 - 11" classname="org.eclipse.jdt.core.tests.compiler.parser.MethodInvocationCompletionTest" time="0"/>
  <testcase name="test1FW2ZTB_2 - 11" classname="org.eclipse.jdt.core.tests.compiler.parser.MethodInvocationCompletionTest" time="0"/>
  <testcase name="test1FW35YZ_1 - 11" classname="org.eclipse.jdt.core.tests.compiler.parser.MethodInvocationCompletionTest" time="0.001"/>
  <testcase name="test1FW35YZ_2 - 11" classname="org.eclipse.jdt.core.tests.compiler.parser.MethodInvocationCompletionTest" time="0"/>
  <testcase name="test1FWYBKF - 11" classname="org.eclipse.jdt.core.tests.compiler.parser.MethodInvocationCompletionTest" time="0"/>
  <testcase name="test1GAJBUQ - 11" classname="org.eclipse.jdt.core.tests.compiler.parser.MethodInvocationCompletionTest" time="0"/>
  <testcase name="testAfterEmptyAnonymous - 11" classname="org.eclipse.jdt.core.tests.compiler.parser.MethodInvocationCompletionTest" time="0"/>
  <testcase name="testAfterFirstParameter - 11" classname="org.eclipse.jdt.core.tests.compiler.parser.MethodInvocationCompletionTest" time="0"/>
  <testcase name="testBeforeFirstParameter - 11" classname="org.eclipse.jdt.core.tests.compiler.parser.MethodInvocationCompletionTest" time="0"/>
  <testcase name="testBeforeLastParameter - 11" classname="org.eclipse.jdt.core.tests.compiler.parser.MethodInvocationCompletionTest" time="0.001"/>
  <testcase name="testBeforeSecondParameter - 11" classname="org.eclipse.jdt.core.tests.compiler.parser.MethodInvocationCompletionTest" time="0"/>
  <testcase name="testEmptyInFirstParameter - 11" classname="org.eclipse.jdt.core.tests.compiler.parser.MethodInvocationCompletionTest" time="0"/>
  <testcase name="testInFirstParameter - 11" classname="org.eclipse.jdt.core.tests.compiler.parser.MethodInvocationCompletionTest" time="0"/>
  <testcase name="testLabeledWithExpressionReceiver - 11" classname="org.eclipse.jdt.core.tests.compiler.parser.MethodInvocationCompletionTest" time="0"/>
  <testcase name="testLabeledWithoutReceiver - 11" classname="org.eclipse.jdt.core.tests.compiler.parser.MethodInvocationCompletionTest" time="0"/>
  <testcase name="testNoReceiver - 11" classname="org.eclipse.jdt.core.tests.compiler.parser.MethodInvocationCompletionTest" time="0.001"/>
  <testcase name="testSpaceThenFirstParameter - 11" classname="org.eclipse.jdt.core.tests.compiler.parser.MethodInvocationCompletionTest" time="0"/>
  <testcase name="testWithExpressionReceiver - 11" classname="org.eclipse.jdt.core.tests.compiler.parser.MethodInvocationCompletionTest" time="0"/>
  <testcase name="testWithNameReceiver - 11" classname="org.eclipse.jdt.core.tests.compiler.parser.MethodInvocationCompletionTest" time="0"/>
  <testcase name="testWithNameReceiverAfterConditionalExpression - 11" classname="org.eclipse.jdt.core.tests.compiler.parser.MethodInvocationCompletionTest" time="0"/>
  <testcase name="testWithNameReceiverAndTwoArgs - 11" classname="org.eclipse.jdt.core.tests.compiler.parser.MethodInvocationCompletionTest" time="0"/>
  <testcase name="testWithQualifiedNameReceiver - 11" classname="org.eclipse.jdt.core.tests.compiler.parser.MethodInvocationCompletionTest" time="0.001"/>
  <testcase name="test1FTZ849 - 11" classname="org.eclipse.jdt.core.tests.compiler.parser.NameReferenceCompletionTest" time="0"/>
  <testcase name="test1FUUP73 - 11" classname="org.eclipse.jdt.core.tests.compiler.parser.NameReferenceCompletionTest" time="0.001"/>
  <testcase name="test1FVRQQA_1 - 11" classname="org.eclipse.jdt.core.tests.compiler.parser.NameReferenceCompletionTest" time="0"/>
  <testcase name="test1FVRQQA_2 - 11" classname="org.eclipse.jdt.core.tests.compiler.parser.NameReferenceCompletionTest" time="0"/>
  <testcase name="test1FVT66Q_1 - 11" classname="org.eclipse.jdt.core.tests.compiler.parser.NameReferenceCompletionTest" time="0.001"/>
  <testcase name="test1FVT66Q_2 - 11" classname="org.eclipse.jdt.core.tests.compiler.parser.NameReferenceCompletionTest" time="0"/>
  <testcase name="test1G8DE30 - 11" classname="org.eclipse.jdt.core.tests.compiler.parser.NameReferenceCompletionTest" time="0"/>
  <testcase name="testEmptyNameReference - 11" classname="org.eclipse.jdt.core.tests.compiler.parser.NameReferenceCompletionTest" time="0.001"/>
  <testcase name="testEmptyNameReferenceAfterCast - 11" classname="org.eclipse.jdt.core.tests.compiler.parser.NameReferenceCompletionTest" time="0"/>
  <testcase name="testEmptyNameReferenceAfterPlus - 11" classname="org.eclipse.jdt.core.tests.compiler.parser.NameReferenceCompletionTest" time="0"/>
  <testcase name="testEmptyNameReferenceInArrayDim - 11" classname="org.eclipse.jdt.core.tests.compiler.parser.NameReferenceCompletionTest" time="0"/>
  <testcase name="testEmptyNameReferenceInInnerClass - 11" classname="org.eclipse.jdt.core.tests.compiler.parser.NameReferenceCompletionTest" time="0"/>
  <testcase name="testInIfThenStatement - 11" classname="org.eclipse.jdt.core.tests.compiler.parser.NameReferenceCompletionTest" time="0"/>
  <testcase name="testInnerClassFieldInitializer - 11" classname="org.eclipse.jdt.core.tests.compiler.parser.NameReferenceCompletionTest" time="0"/>
  <testcase name="testInvocationFieldInitializer - 11" classname="org.eclipse.jdt.core.tests.compiler.parser.NameReferenceCompletionTest" time="0"/>
  <testcase name="testMethodInvocationAnonymousInnerClass - 11" classname="org.eclipse.jdt.core.tests.compiler.parser.NameReferenceCompletionTest" time="0"/>
  <testcase name="testQualifiedNameReferenceShrinkAll - 11" classname="org.eclipse.jdt.core.tests.compiler.parser.NameReferenceCompletionTest" time="0"/>
  <testcase name="testQualifiedNameReferenceShrinkAllButOne - 11" classname="org.eclipse.jdt.core.tests.compiler.parser.NameReferenceCompletionTest" time="0.002"/>
  <testcase name="testQualifiedNameReferenceShrinkAllButOne2 - 11" classname="org.eclipse.jdt.core.tests.compiler.parser.NameReferenceCompletionTest" time="0"/>
  <testcase name="testQualifiedNameReferenceShrinkNone - 11" classname="org.eclipse.jdt.core.tests.compiler.parser.NameReferenceCompletionTest" time="0"/>
  <testcase name="testQualifiedNameReferenceShrinkNone2 - 11" classname="org.eclipse.jdt.core.tests.compiler.parser.NameReferenceCompletionTest" time="0.001"/>
  <testcase name="testQualifiedNameReferenceShrinkOne - 11" classname="org.eclipse.jdt.core.tests.compiler.parser.NameReferenceCompletionTest" time="0"/>
  <testcase name="testQualifiedNameReferenceShrinkOne2 - 11" classname="org.eclipse.jdt.core.tests.compiler.parser.NameReferenceCompletionTest" time="0"/>
  <testcase name="testUnicode - 11" classname="org.eclipse.jdt.core.tests.compiler.parser.NameReferenceCompletionTest" time="0"/>
  <testcase name="test1FTZCIG - 11" classname="org.eclipse.jdt.core.tests.compiler.parser.ReferenceTypeCompletionTest" time="0"/>
  <testcase name="testCatchClause1 - 11" classname="org.eclipse.jdt.core.tests.compiler.parser.ReferenceTypeCompletionTest" time="0"/>
  <testcase name="testCatchClause2 - 11" classname="org.eclipse.jdt.core.tests.compiler.parser.ReferenceTypeCompletionTest" time="0"/>
  <testcase name="testCatchClause3 - 11" classname="org.eclipse.jdt.core.tests.compiler.parser.ReferenceTypeCompletionTest" time="0"/>
  <testcase name="testClassBody - 11" classname="org.eclipse.jdt.core.tests.compiler.parser.ReferenceTypeCompletionTest" time="0"/>
  <testcase name="testClassBodyDeclarations - 11" classname="org.eclipse.jdt.core.tests.compiler.parser.ReferenceTypeCompletionTest" time="0"/>
  <testcase name="testClassInstanceCreationExpression1 - 11" classname="org.eclipse.jdt.core.tests.compiler.parser.ReferenceTypeCompletionTest" time="0.001"/>
  <testcase name="testClassInstanceCreationExpression2 - 11" classname="org.eclipse.jdt.core.tests.compiler.parser.ReferenceTypeCompletionTest" time="0"/>
  <testcase name="testClassInstanceCreationExpression3 - 11" classname="org.eclipse.jdt.core.tests.compiler.parser.ReferenceTypeCompletionTest" time="0"/>
  <testcase name="testClassInstanceCreationExpression4 - 11" classname="org.eclipse.jdt.core.tests.compiler.parser.ReferenceTypeCompletionTest" time="0"/>
  <testcase name="testClassInstanceCreationExpressionName1 - 11" classname="org.eclipse.jdt.core.tests.compiler.parser.ReferenceTypeCompletionTest" time="0"/>
  <testcase name="testClassInstanceCreationExpressionName2 - 11" classname="org.eclipse.jdt.core.tests.compiler.parser.ReferenceTypeCompletionTest" time="0"/>
  <testcase name="testClassInstanceCreationExpressionName3 - 11" classname="org.eclipse.jdt.core.tests.compiler.parser.ReferenceTypeCompletionTest" time="0"/>
  <testcase name="testClassInstanceCreationExpressionName4 - 11" classname="org.eclipse.jdt.core.tests.compiler.parser.ReferenceTypeCompletionTest" time="0.001"/>
  <testcase name="testClassInstanceCreationExpressionPrimary1 - 11" classname="org.eclipse.jdt.core.tests.compiler.parser.ReferenceTypeCompletionTest" time="0"/>
  <testcase name="testClassInstanceCreationExpressionPrimary2 - 11" classname="org.eclipse.jdt.core.tests.compiler.parser.ReferenceTypeCompletionTest" time="0"/>
  <testcase name="testClassInstanceCreationExpressionPrimary3 - 11" classname="org.eclipse.jdt.core.tests.compiler.parser.ReferenceTypeCompletionTest" time="0"/>
  <testcase name="testClassInstanceCreationExpressionPrimary4 - 11" classname="org.eclipse.jdt.core.tests.compiler.parser.ReferenceTypeCompletionTest" time="0"/>
  <testcase name="testClassTypeList - 11" classname="org.eclipse.jdt.core.tests.compiler.parser.ReferenceTypeCompletionTest" time="0"/>
  <testcase name="testConstructorDeclarator - 11" classname="org.eclipse.jdt.core.tests.compiler.parser.ReferenceTypeCompletionTest" time="0.001"/>
  <testcase name="testDeepReference - 11" classname="org.eclipse.jdt.core.tests.compiler.parser.ReferenceTypeCompletionTest" time="0"/>
  <testcase name="testExtendsClass - 11" classname="org.eclipse.jdt.core.tests.compiler.parser.ReferenceTypeCompletionTest" time="0"/>
  <testcase name="testExtendsInterface - 11" classname="org.eclipse.jdt.core.tests.compiler.parser.ReferenceTypeCompletionTest" time="0.001"/>
  <testcase name="testFieldDeclarationWithModifiers - 11" classname="org.eclipse.jdt.core.tests.compiler.parser.ReferenceTypeCompletionTest" time="0"/>
  <testcase name="testFieldDeclarationWithoutModifiers - 11" classname="org.eclipse.jdt.core.tests.compiler.parser.ReferenceTypeCompletionTest" time="0"/>
  <testcase name="testFormalParameter - 11" classname="org.eclipse.jdt.core.tests.compiler.parser.ReferenceTypeCompletionTest" time="0.001"/>
  <testcase name="testFormalParameterList - 11" classname="org.eclipse.jdt.core.tests.compiler.parser.ReferenceTypeCompletionTest" time="0"/>
  <testcase name="testImplements - 11" classname="org.eclipse.jdt.core.tests.compiler.parser.ReferenceTypeCompletionTest" time="0"/>
  <testcase name="testInstanceOf - 11" classname="org.eclipse.jdt.core.tests.compiler.parser.ReferenceTypeCompletionTest" time="0"/>
  <testcase name="testInterfaceBody - 11" classname="org.eclipse.jdt.core.tests.compiler.parser.ReferenceTypeCompletionTest" time="0"/>
  <testcase name="testInterfaceMemberDeclarations - 11" classname="org.eclipse.jdt.core.tests.compiler.parser.ReferenceTypeCompletionTest" time="0"/>
  <testcase name="testInterfaceTypeList - 11" classname="org.eclipse.jdt.core.tests.compiler.parser.ReferenceTypeCompletionTest" time="0"/>
  <testcase name="testLocalVariableDeclaration - 11" classname="org.eclipse.jdt.core.tests.compiler.parser.ReferenceTypeCompletionTest" time="0.001"/>
  <testcase name="testMethodDeclarator - 11" classname="org.eclipse.jdt.core.tests.compiler.parser.ReferenceTypeCompletionTest" time="0"/>
  <testcase name="testMethodHeaderWithModifiers - 11" classname="org.eclipse.jdt.core.tests.compiler.parser.ReferenceTypeCompletionTest" time="0"/>
  <testcase name="testMethodHeaderWithoutModifiers - 11" classname="org.eclipse.jdt.core.tests.compiler.parser.ReferenceTypeCompletionTest" time="0"/>
  <testcase name="testQualifiedTypeReferenceShrinkAll - 11" classname="org.eclipse.jdt.core.tests.compiler.parser.ReferenceTypeCompletionTest" time="0"/>
  <testcase name="testQualifiedTypeReferenceShrinkAllButOne - 11" classname="org.eclipse.jdt.core.tests.compiler.parser.ReferenceTypeCompletionTest" time="0"/>
  <testcase name="testQualifiedTypeReferenceShrinkNone - 11" classname="org.eclipse.jdt.core.tests.compiler.parser.ReferenceTypeCompletionTest" time="0.001"/>
  <testcase name="testQualifiedTypeReferenceShrinkOne - 11" classname="org.eclipse.jdt.core.tests.compiler.parser.ReferenceTypeCompletionTest" time="0"/>
  <testcase name="testThrows - 11" classname="org.eclipse.jdt.core.tests.compiler.parser.ReferenceTypeCompletionTest" time="0"/>
  <testcase name="testNameSuper - 11" classname="org.eclipse.jdt.core.tests.compiler.parser.ExplicitConstructorInvocationSelectionTest" time="0.001"/>
  <testcase name="testNameThis - 11" classname="org.eclipse.jdt.core.tests.compiler.parser.ExplicitConstructorInvocationSelectionTest" time="0"/>
  <testcase name="testBug30946 - 11" classname="org.eclipse.jdt.core.tests.compiler.parser.SelectionTest2" time="1.006"/>
  <testcase name="test100 - 11" classname="org.eclipse.jdt.core.tests.compiler.parser.DietRecoveryTest" time="0.003"/>
  <testcase name="test102 - 11" classname="org.eclipse.jdt.core.tests.compiler.parser.DietRecoveryTest" time="0.011"/>
  <testcase name="test103 - 11" classname="org.eclipse.jdt.core.tests.compiler.parser.DietRecoveryTest" time="0.003"/>
  <testcase name="test104 - 11" classname="org.eclipse.jdt.core.tests.compiler.parser.DietRecoveryTest" time="0.007"/>
  <testcase name="test105 - 11" classname="org.eclipse.jdt.core.tests.compiler.parser.DietRecoveryTest" time="0.002"/>
  <testcase name="test106 - 11" classname="org.eclipse.jdt.core.tests.compiler.parser.DietRecoveryTest" time="0"/>
  <testcase name="test107 - 11" classname="org.eclipse.jdt.core.tests.compiler.parser.DietRecoveryTest" time="0.001"/>
  <testcase name="test108 - 11" classname="org.eclipse.jdt.core.tests.compiler.parser.DietRecoveryTest" time="0.002"/>
  <testcase name="test109 - 11" classname="org.eclipse.jdt.core.tests.compiler.parser.DietRecoveryTest" time="0.002"/>
  <testcase name="test110 - 11" classname="org.eclipse.jdt.core.tests.compiler.parser.DietRecoveryTest" time="0.002"/>
  <testcase name="test111 - 11" classname="org.eclipse.jdt.core.tests.compiler.parser.DietRecoveryTest" time="0.001"/>
  <testcase name="test112 - 11" classname="org.eclipse.jdt.core.tests.compiler.parser.DietRecoveryTest" time="0.003"/>
  <testcase name="test113 - 11" classname="org.eclipse.jdt.core.tests.compiler.parser.DietRecoveryTest" time="0.002"/>
  <testcase name="test114 - 11" classname="org.eclipse.jdt.core.tests.compiler.parser.DietRecoveryTest" time="0.001"/>
  <testcase name="test115 - 11" classname="org.eclipse.jdt.core.tests.compiler.parser.DietRecoveryTest" time="0.001"/>
  <testcase name="test116 - 11" classname="org.eclipse.jdt.core.tests.compiler.parser.DietRecoveryTest" time="0.002"/>
  <testcase name="test117 - 11" classname="org.eclipse.jdt.core.tests.compiler.parser.DietRecoveryTest" time="0.002"/>
  <testcase name="test117_2 - 11" classname="org.eclipse.jdt.core.tests.compiler.parser.DietRecoveryTest" time="0.002"/>
  <testcase name="test118 - 11" classname="org.eclipse.jdt.core.tests.compiler.parser.DietRecoveryTest" time="0.001"/>
  <testcase name="test119 - 11" classname="org.eclipse.jdt.core.tests.compiler.parser.DietRecoveryTest" time="0.002"/>
  <testcase name="test120 - 11" classname="org.eclipse.jdt.core.tests.compiler.parser.DietRecoveryTest" time="0.001"/>
  <testcase name="test121 - 11" classname="org.eclipse.jdt.core.tests.compiler.parser.DietRecoveryTest" time="0.001"/>
  <testcase name="test122 - 11" classname="org.eclipse.jdt.core.tests.compiler.parser.DietRecoveryTest" time="0.002"/>
  <testcase name="test123 - 11" classname="org.eclipse.jdt.core.tests.compiler.parser.DietRecoveryTest" time="0.001"/>
  <testcase name="test125 - 11" classname="org.eclipse.jdt.core.tests.compiler.parser.DietRecoveryTest" time="2.859"/>
  <testcase name="test126 - 11" classname="org.eclipse.jdt.core.tests.compiler.parser.DietRecoveryTest" time="0.002"/>
  <testcase name="test127 - 11" classname="org.eclipse.jdt.core.tests.compiler.parser.DietRecoveryTest" time="0"/>
  <testcase name="test128 - 11" classname="org.eclipse.jdt.core.tests.compiler.parser.DietRecoveryTest" time="0.002"/>
  <testcase name="test405778 - 11" classname="org.eclipse.jdt.core.tests.compiler.parser.DietRecoveryTest" time="0.002"/>
  <testcase name="test405778a - 11" classname="org.eclipse.jdt.core.tests.compiler.parser.DietRecoveryTest" time="0.002"/>
  <testcase name="test456861 - 11" classname="org.eclipse.jdt.core.tests.compiler.parser.DietRecoveryTest" time="0.002"/>
  <testcase name="test56 - 11" classname="org.eclipse.jdt.core.tests.compiler.parser.DietRecoveryTest" time="0.003"/>
  <testcase name="test56 - 11" classname="org.eclipse.jdt.core.tests.compiler.parser.SourceElementParserTest" time="0.001"/>
  <testcase name="test57 - 11" classname="org.eclipse.jdt.core.tests.compiler.parser.DietRecoveryTest" time="0.003"/>
  <testcase name="test57 - 11" classname="org.eclipse.jdt.core.tests.compiler.parser.SourceElementParserTest" time="0.001"/>
  <testcase name="test58 - 11" classname="org.eclipse.jdt.core.tests.compiler.parser.DietRecoveryTest" time="0.001"/>
  <testcase name="test58 - 11" classname="org.eclipse.jdt.core.tests.compiler.parser.SourceElementParserTest" time="0"/>
  <testcase name="test59 - 11" classname="org.eclipse.jdt.core.tests.compiler.parser.DietRecoveryTest" time="0.001"/>
  <testcase name="test59 - 11" classname="org.eclipse.jdt.core.tests.compiler.parser.SourceElementParserTest" time="0"/>
  <testcase name="test60 - 11" classname="org.eclipse.jdt.core.tests.compiler.parser.DietRecoveryTest" time="0.002"/>
  <testcase name="test60 - 11" classname="org.eclipse.jdt.core.tests.compiler.parser.SourceElementParserTest" time="0"/>
  <testcase name="test61 - 11" classname="org.eclipse.jdt.core.tests.compiler.parser.DietRecoveryTest" time="0.001"/>
  <testcase name="test61 - 11" classname="org.eclipse.jdt.core.tests.compiler.parser.SourceElementParserTest" time="0"/>
  <testcase name="test62 - 11" classname="org.eclipse.jdt.core.tests.compiler.parser.DietRecoveryTest" time="0.002"/>
  <testcase name="test62 - 11" classname="org.eclipse.jdt.core.tests.compiler.parser.SourceElementParserTest" time="0.001"/>
  <testcase name="test63 - 11" classname="org.eclipse.jdt.core.tests.compiler.parser.DietRecoveryTest" time="0.002"/>
  <testcase name="test63 - 11" classname="org.eclipse.jdt.core.tests.compiler.parser.SourceElementParserTest" time="0"/>
  <testcase name="test64 - 11" classname="org.eclipse.jdt.core.tests.compiler.parser.DietRecoveryTest" time="0.004"/>
  <testcase name="test64 - 11" classname="org.eclipse.jdt.core.tests.compiler.parser.SourceElementParserTest" time="0.001"/>
  <testcase name="test65 - 11" classname="org.eclipse.jdt.core.tests.compiler.parser.DietRecoveryTest" time="0.005"/>
  <testcase name="test65 - 11" classname="org.eclipse.jdt.core.tests.compiler.parser.SourceElementParserTest" time="0"/>
  <testcase name="test66 - 11" classname="org.eclipse.jdt.core.tests.compiler.parser.DietRecoveryTest" time="0.001"/>
  <testcase name="test66 - 11" classname="org.eclipse.jdt.core.tests.compiler.parser.SourceElementParserTest" time="0.001"/>
  <testcase name="test67 - 11" classname="org.eclipse.jdt.core.tests.compiler.parser.DietRecoveryTest" time="0.002"/>
  <testcase name="test67 - 11" classname="org.eclipse.jdt.core.tests.compiler.parser.SourceElementParserTest" time="0"/>
  <testcase name="test68 - 11" classname="org.eclipse.jdt.core.tests.compiler.parser.DietRecoveryTest" time="0"/>
  <testcase name="test68 - 11" classname="org.eclipse.jdt.core.tests.compiler.parser.SourceElementParserTest" time="0"/>
  <testcase name="test69 - 11" classname="org.eclipse.jdt.core.tests.compiler.parser.DietRecoveryTest" time="0.003"/>
  <testcase name="test69 - 11" classname="org.eclipse.jdt.core.tests.compiler.parser.SourceElementParserTest" time="0"/>
  <testcase name="test70 - 11" classname="org.eclipse.jdt.core.tests.compiler.parser.DietRecoveryTest" time="0.003"/>
  <testcase name="test70 - 11" classname="org.eclipse.jdt.core.tests.compiler.parser.SourceElementParserTest" time="0"/>
  <testcase name="test71 - 11" classname="org.eclipse.jdt.core.tests.compiler.parser.DietRecoveryTest" time="0.001"/>
  <testcase name="test71 - 11" classname="org.eclipse.jdt.core.tests.compiler.parser.SourceElementParserTest" time="0"/>
  <testcase name="test72 - 11" classname="org.eclipse.jdt.core.tests.compiler.parser.DietRecoveryTest" time="0.001"/>
  <testcase name="test72 - 11" classname="org.eclipse.jdt.core.tests.compiler.parser.SourceElementParserTest" time="0"/>
  <testcase name="test73 - 11" classname="org.eclipse.jdt.core.tests.compiler.parser.DietRecoveryTest" time="0.002"/>
  <testcase name="test73 - 11" classname="org.eclipse.jdt.core.tests.compiler.parser.SourceElementParserTest" time="0"/>
  <testcase name="test74 - 11" classname="org.eclipse.jdt.core.tests.compiler.parser.DietRecoveryTest" time="0.002"/>
  <testcase name="test74 - 11" classname="org.eclipse.jdt.core.tests.compiler.parser.SourceElementParserTest" time="0.001"/>
  <testcase name="test75 - 11" classname="org.eclipse.jdt.core.tests.compiler.parser.DietRecoveryTest" time="0.007"/>
  <testcase name="test75 - 11" classname="org.eclipse.jdt.core.tests.compiler.parser.SourceElementParserTest" time="0.001"/>
  <testcase name="test76 - 11" classname="org.eclipse.jdt.core.tests.compiler.parser.DietRecoveryTest" time="0.002"/>
  <testcase name="test76 - 11" classname="org.eclipse.jdt.core.tests.compiler.parser.SourceElementParserTest" time="0"/>
  <testcase name="test77 - 11" classname="org.eclipse.jdt.core.tests.compiler.parser.DietRecoveryTest" time="0.004"/>
  <testcase name="test78 - 11" classname="org.eclipse.jdt.core.tests.compiler.parser.DietRecoveryTest" time="0.003"/>
  <testcase name="test79 - 11" classname="org.eclipse.jdt.core.tests.compiler.parser.DietRecoveryTest" time="0.003"/>
  <testcase name="test80 - 11" classname="org.eclipse.jdt.core.tests.compiler.parser.DietRecoveryTest" time="0.002"/>
  <testcase name="test81 - 11" classname="org.eclipse.jdt.core.tests.compiler.parser.DietRecoveryTest" time="0.002"/>
  <testcase name="test81 - 11" classname="org.eclipse.jdt.core.tests.compiler.parser.SourceElementParserTest" time="0.001"/>
  <testcase name="test82 - 11" classname="org.eclipse.jdt.core.tests.compiler.parser.DietRecoveryTest" time="0.001"/>
  <testcase name="test83 - 11" classname="org.eclipse.jdt.core.tests.compiler.parser.DietRecoveryTest" time="0.002"/>
  <testcase name="test84 - 11" classname="org.eclipse.jdt.core.tests.compiler.parser.DietRecoveryTest" time="0"/>
  <testcase name="test85 - 11" classname="org.eclipse.jdt.core.tests.compiler.parser.DietRecoveryTest" time="0.001"/>
  <testcase name="test86 - 11" classname="org.eclipse.jdt.core.tests.compiler.parser.DietRecoveryTest" time="0.001"/>
  <testcase name="test87 - 11" classname="org.eclipse.jdt.core.tests.compiler.parser.DietRecoveryTest" time="0.001"/>
  <testcase name="test88 - 11" classname="org.eclipse.jdt.core.tests.compiler.parser.DietRecoveryTest" time="0.003"/>
  <testcase name="test89 - 11" classname="org.eclipse.jdt.core.tests.compiler.parser.DietRecoveryTest" time="0.002"/>
  <testcase name="test90 - 11" classname="org.eclipse.jdt.core.tests.compiler.parser.DietRecoveryTest" time="0.003"/>
  <testcase name="test91 - 11" classname="org.eclipse.jdt.core.tests.compiler.parser.DietRecoveryTest" time="0.001"/>
  <testcase name="test92 - 11" classname="org.eclipse.jdt.core.tests.compiler.parser.DietRecoveryTest" time="0.001"/>
  <testcase name="test93 - 11" classname="org.eclipse.jdt.core.tests.compiler.parser.DietRecoveryTest" time="0.001"/>
  <testcase name="test94 - 11" classname="org.eclipse.jdt.core.tests.compiler.parser.DietRecoveryTest" time="0.005"/>
  <testcase name="test95 - 11" classname="org.eclipse.jdt.core.tests.compiler.parser.DietRecoveryTest" time="0.001"/>
  <testcase name="test96 - 11" classname="org.eclipse.jdt.core.tests.compiler.parser.DietRecoveryTest" time="0.001"/>
  <testcase name="test97 - 11" classname="org.eclipse.jdt.core.tests.compiler.parser.DietRecoveryTest" time="0.001"/>
  <testcase name="test98 - 11" classname="org.eclipse.jdt.core.tests.compiler.parser.DietRecoveryTest" time="0.003"/>
  <testcase name="test99 - 11" classname="org.eclipse.jdt.core.tests.compiler.parser.DietRecoveryTest" time="0.022"/>
  <testcase name="test0021 - 11" classname="org.eclipse.jdt.core.tests.compiler.parser.StatementRecoveryTest" time="0"/>
  <testcase name="test0021 - 11" classname="org.eclipse.jdt.core.tests.compiler.parser.ComplianceDiagnoseTest" time="0"/>
  <testcase name="test0021 - 11" classname="org.eclipse.jdt.core.tests.compiler.parser.GenericsCompletionParserTest" time="0"/>
  <testcase name="test0021 - 11" classname="org.eclipse.jdt.core.tests.compiler.parser.AnnotationCompletionParserTest" time="0"/>
  <testcase name="test0021 - 11" classname="org.eclipse.jdt.core.tests.compiler.parser.GenericsSelectionTest" time="0"/>
  <testcase name="test0021 - 11" classname="org.eclipse.jdt.core.tests.compiler.parser.GenericDietRecoveryTest" time="0.003"/>
  <testcase name="test0021 - 11" classname="org.eclipse.jdt.core.tests.compiler.parser.AnnotationDietRecoveryTest" time="0.003"/>
  <testcase name="test0021 - 11" classname="org.eclipse.jdt.core.tests.compiler.parser.TypeAnnotationSyntaxTest" time="0"/>
  <testcase name="test0021 - 11" classname="org.eclipse.jdt.core.tests.compiler.parser.ModuleDeclarationSyntaxTest" time="0.001"/>
  <testcase name="test0023 - 11" classname="org.eclipse.jdt.core.tests.compiler.parser.StatementRecoveryTest" time="0.001"/>
  <testcase name="test0023 - 11" classname="org.eclipse.jdt.core.tests.compiler.parser.ComplianceDiagnoseTest" time="0"/>
  <testcase name="test0023 - 11" classname="org.eclipse.jdt.core.tests.compiler.parser.GenericsCompletionParserTest" time="0"/>
  <testcase name="test0023 - 11" classname="org.eclipse.jdt.core.tests.compiler.parser.AnnotationCompletionParserTest" time="0"/>
  <testcase name="test0023 - 11" classname="org.eclipse.jdt.core.tests.compiler.parser.GenericsSelectionTest" time="0"/>
  <testcase name="test0023 - 11" classname="org.eclipse.jdt.core.tests.compiler.parser.GenericDietRecoveryTest" time="0.002"/>
  <testcase name="test0023 - 11" classname="org.eclipse.jdt.core.tests.compiler.parser.AnnotationDietRecoveryTest" time="0.003"/>
  <testcase name="test0023 - 11" classname="org.eclipse.jdt.core.tests.compiler.parser.TypeAnnotationSyntaxTest" time="0.001"/>
  <testcase name="test0023 - 11" classname="org.eclipse.jdt.core.tests.compiler.parser.ModuleDeclarationSyntaxTest" time="0"/>
  <testcase name="test0024 - 11" classname="org.eclipse.jdt.core.tests.compiler.parser.StatementRecoveryTest" time="0.002"/>
  <testcase name="test0024 - 11" classname="org.eclipse.jdt.core.tests.compiler.parser.GenericsCompletionParserTest" time="0"/>
  <testcase name="test0024 - 11" classname="org.eclipse.jdt.core.tests.compiler.parser.GenericsSelectionTest" time="0"/>
  <testcase name="test0024 - 11" classname="org.eclipse.jdt.core.tests.compiler.parser.GenericDietRecoveryTest" time="0.001"/>
  <testcase name="test0024 - 11" classname="org.eclipse.jdt.core.tests.compiler.parser.AnnotationDietRecoveryTest" time="0.003"/>
  <testcase name="test0024 - 11" classname="org.eclipse.jdt.core.tests.compiler.parser.TypeAnnotationSyntaxTest" time="0"/>
  <testcase name="test0024 - 11" classname="org.eclipse.jdt.core.tests.compiler.parser.ModuleDeclarationSyntaxTest" time="0"/>
  <testcase name="test0026 - 11" classname="org.eclipse.jdt.core.tests.compiler.parser.StatementRecoveryTest" time="0.001"/>
  <testcase name="test0026 - 11" classname="org.eclipse.jdt.core.tests.compiler.parser.ComplianceDiagnoseTest" time="0.001"/>
  <testcase name="test0026 - 11" classname="org.eclipse.jdt.core.tests.compiler.parser.GenericsCompletionParserTest" time="0"/>
  <testcase name="test0026 - 11" classname="org.eclipse.jdt.core.tests.compiler.parser.AnnotationCompletionParserTest" time="0"/>
  <testcase name="test0026 - 11" classname="org.eclipse.jdt.core.tests.compiler.parser.GenericDietRecoveryTest" time="0.002"/>
  <testcase name="test0026 - 11" classname="org.eclipse.jdt.core.tests.compiler.parser.AnnotationDietRecoveryTest" time="0.001"/>
  <testcase name="test0026 - 11" classname="org.eclipse.jdt.core.tests.compiler.parser.TypeAnnotationSyntaxTest" time="0"/>
  <testcase name="test0026 - 11" classname="org.eclipse.jdt.core.tests.compiler.parser.ModuleDeclarationSyntaxTest" time="0"/>
  <testcase name="test0027 - 11" classname="org.eclipse.jdt.core.tests.compiler.parser.StatementRecoveryTest" time="0.001"/>
  <testcase name="test0027 - 11" classname="org.eclipse.jdt.core.tests.compiler.parser.ComplianceDiagnoseTest" time="0.001"/>
  <testcase name="test0027 - 11" classname="org.eclipse.jdt.core.tests.compiler.parser.GenericsCompletionParserTest" time="0"/>
  <testcase name="test0027 - 11" classname="org.eclipse.jdt.core.tests.compiler.parser.AnnotationCompletionParserTest" time="0"/>
  <testcase name="test0027 - 11" classname="org.eclipse.jdt.core.tests.compiler.parser.AnnotationDietRecoveryTest" time="0.002"/>
  <testcase name="test0027 - 11" classname="org.eclipse.jdt.core.tests.compiler.parser.TypeAnnotationSyntaxTest" time="0"/>
  <testcase name="test0027 - 11" classname="org.eclipse.jdt.core.tests.compiler.parser.ModuleDeclarationSyntaxTest" time="0"/>
  <testcase name="test0038 - 11" classname="org.eclipse.jdt.core.tests.compiler.parser.StatementRecoveryTest" time="0.002"/>
  <testcase name="test0038 - 11" classname="org.eclipse.jdt.core.tests.compiler.parser.ComplianceDiagnoseTest" time="0.001"/>
  <testcase name="test0038 - 11" classname="org.eclipse.jdt.core.tests.compiler.parser.AnnotationCompletionParserTest" time="0"/>
  <testcase name="test0038 - 11" classname="org.eclipse.jdt.core.tests.compiler.parser.AnnotationDietRecoveryTest" time="0.002"/>
  <testcase name="test0038 - 11" classname="org.eclipse.jdt.core.tests.compiler.parser.TypeAnnotationSyntaxTest" time="0.001"/>
  <testcase name="test0039 - 11" classname="org.eclipse.jdt.core.tests.compiler.parser.StatementRecoveryTest" time="0.001"/>
  <testcase name="test0039 - 11" classname="org.eclipse.jdt.core.tests.compiler.parser.ComplianceDiagnoseTest" time="0"/>
  <testcase name="test0039 - 11" classname="org.eclipse.jdt.core.tests.compiler.parser.AnnotationCompletionParserTest" time="0"/>
  <testcase name="test0039 - 11" classname="org.eclipse.jdt.core.tests.compiler.parser.AnnotationDietRecoveryTest" time="0"/>
  <testcase name="test0039 - 11" classname="org.eclipse.jdt.core.tests.compiler.parser.TypeAnnotationSyntaxTest" time="0"/>
  <testcase name="test0041 - 11" classname="org.eclipse.jdt.core.tests.compiler.parser.StatementRecoveryTest" time="0.003"/>
  <testcase name="test0041 - 11" classname="org.eclipse.jdt.core.tests.compiler.parser.ComplianceDiagnoseTest" time="0.001"/>
  <testcase name="test0041 - 11" classname="org.eclipse.jdt.core.tests.compiler.parser.AnnotationDietRecoveryTest" time="0.002"/>
  <testcase name="test0041 - 11" classname="org.eclipse.jdt.core.tests.compiler.parser.TypeAnnotationSyntaxTest" time="0.001"/>
  <testcase name="test0042 - 11" classname="org.eclipse.jdt.core.tests.compiler.parser.StatementRecoveryTest" time="0.001"/>
  <testcase name="test0042 - 11" classname="org.eclipse.jdt.core.tests.compiler.parser.ComplianceDiagnoseTest" time="0.003"/>
  <testcase name="test0042 - 11" classname="org.eclipse.jdt.core.tests.compiler.parser.AnnotationCompletionParserTest" time="0"/>
  <testcase name="test0042 - 11" classname="org.eclipse.jdt.core.tests.compiler.parser.TypeAnnotationSyntaxTest" time="0.001"/>
  <testcase name="test0044 - 11" classname="org.eclipse.jdt.core.tests.compiler.parser.StatementRecoveryTest" time="0"/>
  <testcase name="test0044 - 11" classname="org.eclipse.jdt.core.tests.compiler.parser.ComplianceDiagnoseTest" time="0.001"/>
  <testcase name="test0044 - 11" classname="org.eclipse.jdt.core.tests.compiler.parser.AnnotationCompletionParserTest" time="0.001"/>
  <testcase name="test0044 - 11" classname="org.eclipse.jdt.core.tests.compiler.parser.TypeAnnotationSyntaxTest" time="0"/>
  <testcase name="test0045 - 11" classname="org.eclipse.jdt.core.tests.compiler.parser.StatementRecoveryTest" time="0.001"/>
  <testcase name="test0045 - 11" classname="org.eclipse.jdt.core.tests.compiler.parser.ComplianceDiagnoseTest" time="0"/>
  <testcase name="test0045 - 11" classname="org.eclipse.jdt.core.tests.compiler.parser.AnnotationCompletionParserTest" time="0"/>
  <testcase name="test0045 - 11" classname="org.eclipse.jdt.core.tests.compiler.parser.TypeAnnotationSyntaxTest" time="0.001"/>
  <testcase name="testBug430336 - 11" classname="org.eclipse.jdt.core.tests.compiler.parser.StatementRecoveryTest" time="0.001"/>
  <testcase name="testBug99662 - 11" classname="org.eclipse.jdt.core.tests.compiler.parser.SourceElementParserTest" time="0"/>
  <testcase name="test018 - 11" classname="org.eclipse.jdt.core.tests.compiler.parser.ParserTest" time="0.001"/>
  <testcase name="test019 - 11" classname="org.eclipse.jdt.core.tests.compiler.parser.ParserTest" time="0"/>
  <testcase name="testBug485477 - 11" classname="org.eclipse.jdt.core.tests.compiler.parser.ParserTest" time="0.001"/>
  <testcase name="test0056 - 11" classname="org.eclipse.jdt.core.tests.compiler.parser.ComplianceDiagnoseTest" time="0.002"/>
  <testcase name="test0056 - 11" classname="org.eclipse.jdt.core.tests.compiler.parser.AnnotationCompletionParserTest" time="0.001"/>
  <testcase name="test0056 - 11" classname="org.eclipse.jdt.core.tests.compiler.parser.TypeAnnotationSyntaxTest" time="0.001"/>
  <testcase name="test0057 - 11" classname="org.eclipse.jdt.core.tests.compiler.parser.ComplianceDiagnoseTest" time="0"/>
  <testcase name="test0057 - 11" classname="org.eclipse.jdt.core.tests.compiler.parser.AnnotationCompletionParserTest" time="0"/>
  <testcase name="test0057 - 11" classname="org.eclipse.jdt.core.tests.compiler.parser.TypeAnnotationSyntaxTest" time="0.001"/>
  <testcase name="test0059 - 11" classname="org.eclipse.jdt.core.tests.compiler.parser.ComplianceDiagnoseTest" time="0"/>
  <testcase name="test0059 - 11" classname="org.eclipse.jdt.core.tests.compiler.parser.GenericsCompletionParserTest" time="0"/>
  <testcase name="test0059 - 11" classname="org.eclipse.jdt.core.tests.compiler.parser.TypeAnnotationSyntaxTest" time="0.001"/>
  <testcase name="test401850 - 11" classname="org.eclipse.jdt.core.tests.compiler.parser.ComplianceDiagnoseTest" time="0.004"/>
  <testcase name="test406846 - 11" classname="org.eclipse.jdt.core.tests.compiler.parser.ComplianceDiagnoseTest" time="0"/>
  <testcase name="test421477 - 11" classname="org.eclipse.jdt.core.tests.compiler.parser.ComplianceDiagnoseTest" time="0.001"/>
  <testcase name="test428605 - 11" classname="org.eclipse.jdt.core.tests.compiler.parser.ComplianceDiagnoseTest" time="0.003"/>
  <testcase name="test429110 - 11" classname="org.eclipse.jdt.core.tests.compiler.parser.ComplianceDiagnoseTest" time="0"/>
  <testcase name="testBug391201 - 11" classname="org.eclipse.jdt.core.tests.compiler.parser.ComplianceDiagnoseTest" time="0"/>
  <testcase name="testBug399773 - 11" classname="org.eclipse.jdt.core.tests.compiler.parser.ComplianceDiagnoseTest" time="0"/>
  <testcase name="testBug399778 - 11" classname="org.eclipse.jdt.core.tests.compiler.parser.ComplianceDiagnoseTest" time="0.004"/>
  <testcase name="testBug399778a - 11" classname="org.eclipse.jdt.core.tests.compiler.parser.ComplianceDiagnoseTest" time="0.004"/>
  <testcase name="testBug399780 - 11" classname="org.eclipse.jdt.core.tests.compiler.parser.ComplianceDiagnoseTest" time="0"/>
  <testcase name="testBug399781 - 11" classname="org.eclipse.jdt.core.tests.compiler.parser.ComplianceDiagnoseTest" time="0.001"/>
  <testcase name="testBug440285 - 11" classname="org.eclipse.jdt.core.tests.compiler.parser.ComplianceDiagnoseTest" time="0.001"/>
  <testcase name="testBug531714_001 - 11" classname="org.eclipse.jdt.core.tests.compiler.parser.ComplianceDiagnoseTest" time="0"/>
  <testcase name="testBug531714_002 - 11" classname="org.eclipse.jdt.core.tests.compiler.parser.ComplianceDiagnoseTest" time="0.001"/>
  <testcase name="test0049_Diet - 11" classname="org.eclipse.jdt.core.tests.compiler.parser.GenericsCompletionParserTest" time="0"/>
  <testcase name="test0049_Method - 11" classname="org.eclipse.jdt.core.tests.compiler.parser.GenericsCompletionParserTest" time="0"/>
  <testcase name="test0052_Diet - 11" classname="org.eclipse.jdt.core.tests.compiler.parser.GenericsCompletionParserTest" time="0"/>
  <testcase name="test0052_Diet - 11" classname="org.eclipse.jdt.core.tests.compiler.parser.AnnotationCompletionParserTest" time="0"/>
  <testcase name="test0052_Method - 11" classname="org.eclipse.jdt.core.tests.compiler.parser.GenericsCompletionParserTest" time="0"/>
  <testcase name="test0052_Method - 11" classname="org.eclipse.jdt.core.tests.compiler.parser.AnnotationCompletionParserTest" time="0"/>
  <testcase name="test0080 - 11" classname="org.eclipse.jdt.core.tests.compiler.parser.GenericsCompletionParserTest" time="0"/>
  <testcase name="test0080 - 11" classname="org.eclipse.jdt.core.tests.compiler.parser.AnnotationCompletionParserTest" time="0.001"/>
  <testcase name="test0080 - 11" classname="org.eclipse.jdt.core.tests.compiler.parser.TypeAnnotationSyntaxTest" time="0.001"/>
  <testcase name="test0081 - 11" classname="org.eclipse.jdt.core.tests.compiler.parser.GenericsCompletionParserTest" time="0.001"/>
  <testcase name="test0081 - 11" classname="org.eclipse.jdt.core.tests.compiler.parser.AnnotationCompletionParserTest" time="0"/>
  <testcase name="test0081 - 11" classname="org.eclipse.jdt.core.tests.compiler.parser.TypeAnnotationSyntaxTest" time="0"/>
  <testcase name="test0082 - 11" classname="org.eclipse.jdt.core.tests.compiler.parser.GenericsCompletionParserTest" time="0"/>
  <testcase name="test0082 - 11" classname="org.eclipse.jdt.core.tests.compiler.parser.AnnotationCompletionParserTest" time="0"/>
  <testcase name="test0082 - 11" classname="org.eclipse.jdt.core.tests.compiler.parser.TypeAnnotationSyntaxTest" time="0.001"/>
  <testcase name="test0090 - 11" classname="org.eclipse.jdt.core.tests.compiler.parser.GenericsCompletionParserTest" time="0"/>
  <testcase name="test0090 - 11" classname="org.eclipse.jdt.core.tests.compiler.parser.AnnotationCompletionParserTest" time="0"/>
  <testcase name="test0090 - 11" classname="org.eclipse.jdt.core.tests.compiler.parser.TypeAnnotationSyntaxTest" time="0.001"/>
  <testcase name="test0092 - 11" classname="org.eclipse.jdt.core.tests.compiler.parser.GenericsCompletionParserTest" time="0.001"/>
  <testcase name="test0092 - 11" classname="org.eclipse.jdt.core.tests.compiler.parser.AnnotationCompletionParserTest" time="0"/>
  <testcase name="test0092 - 11" classname="org.eclipse.jdt.core.tests.compiler.parser.TypeAnnotationSyntaxTest" time="0.001"/>
  <testcase name="test0093 - 11" classname="org.eclipse.jdt.core.tests.compiler.parser.GenericsCompletionParserTest" time="0"/>
  <testcase name="test0093 - 11" classname="org.eclipse.jdt.core.tests.compiler.parser.AnnotationCompletionParserTest" time="0"/>
  <testcase name="test0093 - 11" classname="org.eclipse.jdt.core.tests.compiler.parser.TypeAnnotationSyntaxTest" time="0.001"/>
  <testcase name="test0095 - 11" classname="org.eclipse.jdt.core.tests.compiler.parser.GenericsCompletionParserTest" time="0"/>
  <testcase name="test0095 - 11" classname="org.eclipse.jdt.core.tests.compiler.parser.AnnotationCompletionParserTest" time="0"/>
  <testcase name="test0095 - 11" classname="org.eclipse.jdt.core.tests.compiler.parser.TypeAnnotationSyntaxTest" time="0.001"/>
  <testcase name="test0096 - 11" classname="org.eclipse.jdt.core.tests.compiler.parser.GenericsCompletionParserTest" time="0.001"/>
  <testcase name="test0096 - 11" classname="org.eclipse.jdt.core.tests.compiler.parser.AnnotationCompletionParserTest" time="0"/>
  <testcase name="test0096 - 11" classname="org.eclipse.jdt.core.tests.compiler.parser.TypeAnnotationSyntaxTest" time="0.001"/>
  <testcase name="test0097 - 11" classname="org.eclipse.jdt.core.tests.compiler.parser.GenericsCompletionParserTest" time="0"/>
  <testcase name="test0097 - 11" classname="org.eclipse.jdt.core.tests.compiler.parser.AnnotationCompletionParserTest" time="0"/>
  <testcase name="test0097 - 11" classname="org.eclipse.jdt.core.tests.compiler.parser.TypeAnnotationSyntaxTest" time="0.001"/>
  <testcase name="test0098 - 11" classname="org.eclipse.jdt.core.tests.compiler.parser.GenericsCompletionParserTest" time="0"/>
  <testcase name="test0098 - 11" classname="org.eclipse.jdt.core.tests.compiler.parser.AnnotationCompletionParserTest" time="0"/>
  <testcase name="test0098 - 11" classname="org.eclipse.jdt.core.tests.compiler.parser.TypeAnnotationSyntaxTest" time="0"/>
  <testcase name="test0127_Diet - 11" classname="org.eclipse.jdt.core.tests.compiler.parser.GenericsCompletionParserTest" time="0"/>
  <testcase name="test0127_Method - 11" classname="org.eclipse.jdt.core.tests.compiler.parser.GenericsCompletionParserTest" time="0"/>
  <testcase name="test0134_Diet - 11" classname="org.eclipse.jdt.core.tests.compiler.parser.GenericsCompletionParserTest" time="0"/>
  <testcase name="test0134_Method - 11" classname="org.eclipse.jdt.core.tests.compiler.parser.GenericsCompletionParserTest" time="0"/>
  <testcase name="test0136_Diet - 11" classname="org.eclipse.jdt.core.tests.compiler.parser.GenericsCompletionParserTest" time="0"/>
  <testcase name="test0136_Method - 11" classname="org.eclipse.jdt.core.tests.compiler.parser.GenericsCompletionParserTest" time="0"/>
  <testcase name="test0139_Diet - 11" classname="org.eclipse.jdt.core.tests.compiler.parser.GenericsCompletionParserTest" time="0"/>
  <testcase name="test0139_Method - 11" classname="org.eclipse.jdt.core.tests.compiler.parser.GenericsCompletionParserTest" time="0"/>
  <testcase name="test0140_Diet - 11" classname="org.eclipse.jdt.core.tests.compiler.parser.GenericsCompletionParserTest" time="0.001"/>
  <testcase name="test0140_Method - 11" classname="org.eclipse.jdt.core.tests.compiler.parser.GenericsCompletionParserTest" time="0"/>
  <testcase name="test0141_Diet - 11" classname="org.eclipse.jdt.core.tests.compiler.parser.GenericsCompletionParserTest" time="0"/>
  <testcase name="test0141_Method - 11" classname="org.eclipse.jdt.core.tests.compiler.parser.GenericsCompletionParserTest" time="0"/>
  <testcase name="test0159_Diet - 11" classname="org.eclipse.jdt.core.tests.compiler.parser.GenericsCompletionParserTest" time="0"/>
  <testcase name="test0159_Method - 11" classname="org.eclipse.jdt.core.tests.compiler.parser.GenericsCompletionParserTest" time="0"/>
  <testcase name="test0160_Diet - 11" classname="org.eclipse.jdt.core.tests.compiler.parser.GenericsCompletionParserTest" time="0"/>
  <testcase name="test0160_Method - 11" classname="org.eclipse.jdt.core.tests.compiler.parser.GenericsCompletionParserTest" time="0.001"/>
  <testcase name="test0172_Diet - 11" classname="org.eclipse.jdt.core.tests.compiler.parser.GenericsCompletionParserTest" time="0"/>
  <testcase name="test0172_Method - 11" classname="org.eclipse.jdt.core.tests.compiler.parser.GenericsCompletionParserTest" time="0"/>
  <testcase name="test0174_Method - 11" classname="org.eclipse.jdt.core.tests.compiler.parser.GenericsCompletionParserTest" time="0"/>
  <testcase name="test0175_Method - 11" classname="org.eclipse.jdt.core.tests.compiler.parser.GenericsCompletionParserTest" time="0"/>
  <testcase name="test0176_Method - 11" classname="org.eclipse.jdt.core.tests.compiler.parser.GenericsCompletionParserTest" time="0"/>
  <testcase name="test0181 - 11" classname="org.eclipse.jdt.core.tests.compiler.parser.GenericsCompletionParserTest" time="0"/>
  <testcase name="test0182 - 11" classname="org.eclipse.jdt.core.tests.compiler.parser.GenericsCompletionParserTest" time="0"/>
  <testcase name="test0183 - 11" classname="org.eclipse.jdt.core.tests.compiler.parser.GenericsCompletionParserTest" time="0"/>
  <testcase name="test0185 - 11" classname="org.eclipse.jdt.core.tests.compiler.parser.GenericsCompletionParserTest" time="0"/>
  <testcase name="test0186 - 11" classname="org.eclipse.jdt.core.tests.compiler.parser.GenericsCompletionParserTest" time="0.001"/>
  <testcase name="test0194_Diet - 11" classname="org.eclipse.jdt.core.tests.compiler.parser.GenericsCompletionParserTest" time="0"/>
  <testcase name="test0194_Method - 11" classname="org.eclipse.jdt.core.tests.compiler.parser.GenericsCompletionParserTest" time="0"/>
  <testcase name="test0195_Diet - 11" classname="org.eclipse.jdt.core.tests.compiler.parser.GenericsCompletionParserTest" time="0"/>
  <testcase name="test0195_Method - 11" classname="org.eclipse.jdt.core.tests.compiler.parser.GenericsCompletionParserTest" time="0"/>
  <testcase name="test0202_Diet - 11" classname="org.eclipse.jdt.core.tests.compiler.parser.GenericsCompletionParserTest" time="0"/>
  <testcase name="test0202_Method - 11" classname="org.eclipse.jdt.core.tests.compiler.parser.GenericsCompletionParserTest" time="0"/>
  <testcase name="test0203_Diet - 11" classname="org.eclipse.jdt.core.tests.compiler.parser.GenericsCompletionParserTest" time="0"/>
  <testcase name="test0203_Method - 11" classname="org.eclipse.jdt.core.tests.compiler.parser.GenericsCompletionParserTest" time="0"/>
  <testcase name="test0204_Diet - 11" classname="org.eclipse.jdt.core.tests.compiler.parser.GenericsCompletionParserTest" time="0"/>
  <testcase name="test0204_Method - 11" classname="org.eclipse.jdt.core.tests.compiler.parser.GenericsCompletionParserTest" time="0"/>
  <testcase name="test0206_Diet - 11" classname="org.eclipse.jdt.core.tests.compiler.parser.GenericsCompletionParserTest" time="0"/>
  <testcase name="test0206_Method - 11" classname="org.eclipse.jdt.core.tests.compiler.parser.GenericsCompletionParserTest" time="0"/>
  <testcase name="test0207_Diet - 11" classname="org.eclipse.jdt.core.tests.compiler.parser.GenericsCompletionParserTest" time="0"/>
  <testcase name="test0207_Method - 11" classname="org.eclipse.jdt.core.tests.compiler.parser.GenericsCompletionParserTest" time="0.001"/>
  <testcase name="test0208_Diet - 11" classname="org.eclipse.jdt.core.tests.compiler.parser.GenericsCompletionParserTest" time="0"/>
  <testcase name="test0208_Method - 11" classname="org.eclipse.jdt.core.tests.compiler.parser.GenericsCompletionParserTest" time="0"/>
  <testcase name="test0209_Diet - 11" classname="org.eclipse.jdt.core.tests.compiler.parser.GenericsCompletionParserTest" time="0"/>
  <testcase name="test0209_Method - 11" classname="org.eclipse.jdt.core.tests.compiler.parser.GenericsCompletionParserTest" time="0"/>
  <testcase name="test0210_Diet - 11" classname="org.eclipse.jdt.core.tests.compiler.parser.GenericsCompletionParserTest" time="0"/>
  <testcase name="test0210_Method - 11" classname="org.eclipse.jdt.core.tests.compiler.parser.GenericsCompletionParserTest" time="0"/>
  <testcase name="test0213_Diet - 11" classname="org.eclipse.jdt.core.tests.compiler.parser.GenericsCompletionParserTest" time="0"/>
  <testcase name="test0213_Method - 11" classname="org.eclipse.jdt.core.tests.compiler.parser.GenericsCompletionParserTest" time="0"/>
  <testcase name="test0215_Diet - 11" classname="org.eclipse.jdt.core.tests.compiler.parser.GenericsCompletionParserTest" time="0"/>
  <testcase name="test0215_Method - 11" classname="org.eclipse.jdt.core.tests.compiler.parser.GenericsCompletionParserTest" time="0"/>
  <testcase name="testBug351426 - 11" classname="org.eclipse.jdt.core.tests.compiler.parser.GenericsCompletionParserTest" time="0"/>
  <testcase name="testBug351426b - 11" classname="org.eclipse.jdt.core.tests.compiler.parser.GenericsCompletionParserTest" time="0"/>
  <testcase name="testBug351426c - 11" classname="org.eclipse.jdt.core.tests.compiler.parser.GenericsCompletionParserTest" time="0"/>
  <testcase name="test0013_Diet - 11" classname="org.eclipse.jdt.core.tests.compiler.parser.AnnotationCompletionParserTest" time="0"/>
  <testcase name="test0013_Method - 11" classname="org.eclipse.jdt.core.tests.compiler.parser.AnnotationCompletionParserTest" time="0"/>
  <testcase name="test0064_Diet - 11" classname="org.eclipse.jdt.core.tests.compiler.parser.AnnotationCompletionParserTest" time="0"/>
  <testcase name="test0064_Method - 11" classname="org.eclipse.jdt.core.tests.compiler.parser.AnnotationCompletionParserTest" time="0"/>
  <testcase name="test0099 - 11" classname="org.eclipse.jdt.core.tests.compiler.parser.AnnotationCompletionParserTest" time="0"/>
  <testcase name="test0099 - 11" classname="org.eclipse.jdt.core.tests.compiler.parser.TypeAnnotationSyntaxTest" time="0"/>
  <testcase name="test0100 - 11" classname="org.eclipse.jdt.core.tests.compiler.parser.AnnotationCompletionParserTest" time="0"/>
  <testcase name="test0100 - 11" classname="org.eclipse.jdt.core.tests.compiler.parser.TypeAnnotationSyntaxTest" time="0"/>
  <testcase name="test00010 - 11" classname="org.eclipse.jdt.core.tests.compiler.parser.LambdaExpressionSyntaxTest" time="0"/>
  <testcase name="test385132 - 11" classname="org.eclipse.jdt.core.tests.compiler.parser.LambdaExpressionSyntaxTest" time="0.001"/>
  <testcase name="test385132 - 11" classname="org.eclipse.jdt.core.tests.compiler.parser.ReferenceExpressionSyntaxTest" time="0"/>
  <testcase name="testNestedLambda01 - 11" classname="org.eclipse.jdt.core.tests.compiler.parser.LambdaExpressionSyntaxTest" time="0"/>
  <testcase name="test385374 - 11" classname="org.eclipse.jdt.core.tests.compiler.parser.ReferenceExpressionSyntaxTest" time="0"/>
  <testcase name="test385374a - 11" classname="org.eclipse.jdt.core.tests.compiler.parser.ReferenceExpressionSyntaxTest" time="0"/>
  <testcase name="test0107 - 11" classname="org.eclipse.jdt.core.tests.compiler.parser.TypeAnnotationSyntaxTest" time="0.001"/>
  <testcase name="test0108 - 11" classname="org.eclipse.jdt.core.tests.compiler.parser.TypeAnnotationSyntaxTest" time="0.001"/>
  <testcase name="test0109 - 11" classname="org.eclipse.jdt.core.tests.compiler.parser.TypeAnnotationSyntaxTest" time="0"/>
  <testcase name="test0110 - 11" classname="org.eclipse.jdt.core.tests.compiler.parser.TypeAnnotationSyntaxTest" time="0"/>
  <testcase name="test402081 - 11" classname="org.eclipse.jdt.core.tests.compiler.parser.CompletionParserTest18" time="0"/>
  <testcase name="test405126 - 11" classname="org.eclipse.jdt.core.tests.compiler.parser.CompletionParserTest18" time="0"/>
  <testcase name="test417935 - 11" classname="org.eclipse.jdt.core.tests.compiler.parser.CompletionParserTest18" time="0"/>
  <testcase name="test422468 - 11" classname="org.eclipse.jdt.core.tests.compiler.parser.CompletionParserTest18" time="0"/>
  <testcase name="test424080 - 11" classname="org.eclipse.jdt.core.tests.compiler.parser.CompletionParserTest18" time="0"/>
  <testcase name="test425084 - 11" classname="org.eclipse.jdt.core.tests.compiler.parser.CompletionParserTest18" time="0"/>
  <testcase name="test425084b - 11" classname="org.eclipse.jdt.core.tests.compiler.parser.CompletionParserTest18" time="0"/>
  <testcase name="test427117 - 11" classname="org.eclipse.jdt.core.tests.compiler.parser.CompletionParserTest18" time="0"/>
  <testcase name="test427255 - 11" classname="org.eclipse.jdt.core.tests.compiler.parser.CompletionParserTest18" time="0.001"/>
  <testcase name="test427322 - 11" classname="org.eclipse.jdt.core.tests.compiler.parser.CompletionParserTest18" time="0"/>
  <testcase name="test427322a - 11" classname="org.eclipse.jdt.core.tests.compiler.parser.CompletionParserTest18" time="0"/>
  <testcase name="test427463 - 11" classname="org.eclipse.jdt.core.tests.compiler.parser.CompletionParserTest18" time="0.001"/>
  <testcase name="test427532 - 11" classname="org.eclipse.jdt.core.tests.compiler.parser.CompletionParserTest18" time="0"/>
  <testcase name="test428735 - 11" classname="org.eclipse.jdt.core.tests.compiler.parser.CompletionParserTest18" time="0.001"/>
  <testcase name="test428735a - 11" classname="org.eclipse.jdt.core.tests.compiler.parser.CompletionParserTest18" time="0"/>
  <testcase name="test428735b - 11" classname="org.eclipse.jdt.core.tests.compiler.parser.CompletionParserTest18" time="0"/>
  <testcase name="test428735c - 11" classname="org.eclipse.jdt.core.tests.compiler.parser.CompletionParserTest18" time="0.001"/>
  <testcase name="test428735d - 11" classname="org.eclipse.jdt.core.tests.compiler.parser.CompletionParserTest18" time="0"/>
  <testcase name="test428735e - 11" classname="org.eclipse.jdt.core.tests.compiler.parser.CompletionParserTest18" time="0"/>
  <testcase name="test428735f - 11" classname="org.eclipse.jdt.core.tests.compiler.parser.CompletionParserTest18" time="0.001"/>
  <testcase name="test428735g - 11" classname="org.eclipse.jdt.core.tests.compiler.parser.CompletionParserTest18" time="0"/>
  <testcase name="test428735h - 11" classname="org.eclipse.jdt.core.tests.compiler.parser.CompletionParserTest18" time="0.001"/>
  <testcase name="test430656 - 11" classname="org.eclipse.jdt.core.tests.compiler.parser.CompletionParserTest18" time="0"/>
  <testcase name="test430667 - 11" classname="org.eclipse.jdt.core.tests.compiler.parser.CompletionParserTest18" time="0.001"/>
  <testcase name="test430667a - 11" classname="org.eclipse.jdt.core.tests.compiler.parser.CompletionParserTest18" time="0.001"/>
  <testcase name="test430667b - 11" classname="org.eclipse.jdt.core.tests.compiler.parser.CompletionParserTest18" time="0"/>
  <testcase name="test430667c - 11" classname="org.eclipse.jdt.core.tests.compiler.parser.CompletionParserTest18" time="0.001"/>
  <testcase name="test430667d - 11" classname="org.eclipse.jdt.core.tests.compiler.parser.CompletionParserTest18" time="0"/>
  <testcase name="test435219 - 11" classname="org.eclipse.jdt.core.tests.compiler.parser.CompletionParserTest18" time="0"/>
  <testcase name="test435682 - 11" classname="org.eclipse.jdt.core.tests.compiler.parser.CompletionParserTest18" time="0"/>
  <testcase name="test438952 - 11" classname="org.eclipse.jdt.core.tests.compiler.parser.CompletionParserTest18" time="0"/>
  <testcase name="test446765 - 11" classname="org.eclipse.jdt.core.tests.compiler.parser.CompletionParserTest18" time="0"/>
  <testcase name="test473008 - 11" classname="org.eclipse.jdt.core.tests.compiler.parser.CompletionParserTest18" time="0"/>
  <testcase name="testBrokenMethodCall - 11" classname="org.eclipse.jdt.core.tests.compiler.parser.CompletionParserTest18" time="0"/>
  <testcase name="testCompletionLocation - 11" classname="org.eclipse.jdt.core.tests.compiler.parser.CompletionParserTest18" time="0"/>
  <testcase name="testElidedCompletion - 11" classname="org.eclipse.jdt.core.tests.compiler.parser.CompletionParserTest18" time="0.001"/>
  <testcase name="testElidedCompletion2 - 11" classname="org.eclipse.jdt.core.tests.compiler.parser.CompletionParserTest18" time="0"/>
  <testcase name="testLocalsPromotion - 11" classname="org.eclipse.jdt.core.tests.compiler.parser.CompletionParserTest18" time="0"/>
  <testcase name="testUnspecifiedReference - 11" classname="org.eclipse.jdt.core.tests.compiler.parser.CompletionParserTest18" time="0"/>
  <testcase name="test424110 - 11" classname="org.eclipse.jdt.core.tests.compiler.parser.SelectionParserTest18" time="0.001"/>
  <testcase name="test424110a - 11" classname="org.eclipse.jdt.core.tests.compiler.parser.SelectionParserTest18" time="0"/>
  <testcase name="test430572 - 11" classname="org.eclipse.jdt.core.tests.compiler.parser.SelectionParserTest18" time="0.001"/>
  <testcase name="test476693 - 11" classname="org.eclipse.jdt.core.tests.compiler.parser.SelectionParserTest18" time="0"/>
  <testcase name="test495912 - 11" classname="org.eclipse.jdt.core.tests.compiler.parser.SelectionParserTest18" time="0"/>
  <testcase name="test495912a - 11" classname="org.eclipse.jdt.core.tests.compiler.parser.SelectionParserTest18" time="0"/>
  <testcase name="test495912b - 11" classname="org.eclipse.jdt.core.tests.compiler.parser.SelectionParserTest18" time="0.001"/>
  <testcase name="test510339_001_since_9 - 11" classname="org.eclipse.jdt.core.tests.compiler.parser.SelectionParserTest9" time="0"/>
  <testcase name="test510339_002_since_9 - 11" classname="org.eclipse.jdt.core.tests.compiler.parser.SelectionParserTest9" time="0"/>
  <testcase name="test510339_003_since_9 - 11" classname="org.eclipse.jdt.core.tests.compiler.parser.SelectionParserTest9" time="0"/>
  <testcase name="test510339_004_since_9 - 11" classname="org.eclipse.jdt.core.tests.compiler.parser.SelectionParserTest9" time="0"/>
  <testcase name="test510339_005_since_9 - 11" classname="org.eclipse.jdt.core.tests.compiler.parser.SelectionParserTest9" time="0.001"/>
  <testcase name="test510339_006_since_9 - 11" classname="org.eclipse.jdt.core.tests.compiler.parser.SelectionParserTest9" time="0"/>
  <testcase name="test510339_007_since_9 - 11" classname="org.eclipse.jdt.core.tests.compiler.parser.SelectionParserTest9" time="0"/>
  <testcase name="test510339_008_since_9 - 11" classname="org.eclipse.jdt.core.tests.compiler.parser.SelectionParserTest9" time="0"/>
  <testcase name="test510339_009_since_9 - 11" classname="org.eclipse.jdt.core.tests.compiler.parser.SelectionParserTest9" time="0.001"/>
  <testcase name="test510339_010_since_9 - 11" classname="org.eclipse.jdt.core.tests.compiler.parser.SelectionParserTest9" time="0"/>
  <testcase name="test510339_011_since_9 - 11" classname="org.eclipse.jdt.core.tests.compiler.parser.SelectionParserTest9" time="0"/>
  <testcase name="testBug518626 - 11" classname="org.eclipse.jdt.core.tests.compiler.parser.ModuleDeclarationSyntaxTest" time="0"/>
  <testcase name="testbug488541 - 11" classname="org.eclipse.jdt.core.tests.compiler.parser.ModuleDeclarationSyntaxTest" time="0.001"/>
  <testcase name="testbug488541a - 11" classname="org.eclipse.jdt.core.tests.compiler.parser.ModuleDeclarationSyntaxTest" time="0"/>
  <testcase name="testbug488541b - 11" classname="org.eclipse.jdt.core.tests.compiler.parser.ModuleDeclarationSyntaxTest" time="0"/>
  <testcase name="test0001_class_var_warning - 11" classname="org.eclipse.jdt.core.tests.compiler.regression.JEP286ReservedWordTest" time="0.001"/>
  <testcase name="test0002_interface_var_warning - 11" classname="org.eclipse.jdt.core.tests.compiler.regression.JEP286ReservedWordTest" time="0"/>
  <testcase name="testBug530920 - 11" classname="org.eclipse.jdt.core.tests.compiler.regression.JEP286ReservedWordTest" time="0.001"/>
  <testcase name="testBug530920a - 11" classname="org.eclipse.jdt.core.tests.compiler.regression.JEP286ReservedWordTest" time="0.001"/>
</testsuite>