<?xml version="1.0" encoding="UTF-8"?>
<testsuite xmlns:xsi="http://www.w3.org/2001/XMLSchema-instance" xsi:noNamespaceSchemaLocation="https://maven.apache.org/surefire/maven-surefire-plugin/xsd/surefire-test-report.xsd" name="org.eclipse.jdt.core.tests.eval.TestAll" time="117.303" tests="1710" errors="0" skipped="0" failures="0">
  <properties/>
  <testcase name="testAllVariables - 1.3" classname="org.eclipse.jdt.core.tests.eval.SanityTestEvaluationContext" time="0.026"/>
  <testcase name="testEvaluate - 1.3" classname="org.eclipse.jdt.core.tests.eval.SanityTestEvaluationContext" time="0.178"/>
  <testcase name="testEvaluateImports - 1.3" classname="org.eclipse.jdt.core.tests.eval.SanityTestEvaluationContext" time="0.001"/>
  <testcase name="testEvaluateVariable - 1.3" classname="org.eclipse.jdt.core.tests.eval.SanityTestEvaluationContext" time="0.02"/>
  <testcase name="testEvaluateVariables - 1.3" classname="org.eclipse.jdt.core.tests.eval.SanityTestEvaluationContext" time="0.004"/>
  <testcase name="testGetSetImports - 1.3" classname="org.eclipse.jdt.core.tests.eval.SanityTestEvaluationContext" time="0"/>
  <testcase name="testGetSetPackageName - 1.3" classname="org.eclipse.jdt.core.tests.eval.SanityTestEvaluationContext" time="0"/>
  <testcase name="testNewDeleteVariable - 1.3" classname="org.eclipse.jdt.core.tests.eval.SanityTestEvaluationContext" time="0"/>
  <testcase name="testGetEvaluationType - 1.3" classname="org.eclipse.jdt.core.tests.eval.SanityTestEvaluationResult" time="0.01"/>
  <testcase name="testGetProblems - 1.3" classname="org.eclipse.jdt.core.tests.eval.SanityTestEvaluationResult" time="0.008"/>
  <testcase name="testGetValue - 1.3" classname="org.eclipse.jdt.core.tests.eval.SanityTestEvaluationResult" time="0.006"/>
  <testcase name="testGetValueDisplayString - 1.3" classname="org.eclipse.jdt.core.tests.eval.SanityTestEvaluationResult" time="0.005"/>
  <testcase name="testGetValueTypeName - 1.3" classname="org.eclipse.jdt.core.tests.eval.SanityTestEvaluationResult" time="0.007"/>
  <testcase name="testHasErrors - 1.3" classname="org.eclipse.jdt.core.tests.eval.SanityTestEvaluationResult" time="0.007"/>
  <testcase name="testHasProblems - 1.3" classname="org.eclipse.jdt.core.tests.eval.SanityTestEvaluationResult" time="0.005"/>
  <testcase name="testHasValue - 1.3" classname="org.eclipse.jdt.core.tests.eval.SanityTestEvaluationResult" time="0.005"/>
  <testcase name="testHasWarnings - 1.3" classname="org.eclipse.jdt.core.tests.eval.SanityTestEvaluationResult" time="0.004"/>
  <testcase name="testAllKindOfValues - 1.3" classname="org.eclipse.jdt.core.tests.eval.VariableTest" time="0.075"/>
  <testcase name="testCodeSnippetVarAssign - 1.3" classname="org.eclipse.jdt.core.tests.eval.VariableTest" time="0.081"/>
  <testcase name="testCodeSnippetVarRetrieval - 1.3" classname="org.eclipse.jdt.core.tests.eval.VariableTest" time="0.038"/>
  <testcase name="testImports - 1.3" classname="org.eclipse.jdt.core.tests.eval.VariableTest" time="0.043"/>
  <testcase name="testSeveralVariableInstallations - 1.3" classname="org.eclipse.jdt.core.tests.eval.VariableTest" time="0.096"/>
  <testcase name="testBug345334 - 1.3" classname="org.eclipse.jdt.core.tests.eval.CodeSnippetTest" time="0.004"/>
  <testcase name="testBug464656 - 1.3" classname="org.eclipse.jdt.core.tests.eval.CodeSnippetTest" time="0"/>
  <testcase name="testCheckedException - 1.3" classname="org.eclipse.jdt.core.tests.eval.CodeSnippetTest" time="0.009"/>
  <testcase name="testDiamond - 1.3" classname="org.eclipse.jdt.core.tests.eval.CodeSnippetTest" time="0"/>
  <testcase name="testEmptyStatement - 1.3" classname="org.eclipse.jdt.core.tests.eval.CodeSnippetTest" time="0.007"/>
  <testcase name="testEvaluateEmptyImport - 1.3" classname="org.eclipse.jdt.core.tests.eval.CodeSnippetTest" time="0.001"/>
  <testcase name="testEvaluateExistingPackageAndNonExistingTypeImports - 1.3" classname="org.eclipse.jdt.core.tests.eval.CodeSnippetTest" time="0"/>
  <testcase name="testEvaluateNonExistingPackageAndExistingTypeImports - 1.3" classname="org.eclipse.jdt.core.tests.eval.CodeSnippetTest" time="0.001"/>
  <testcase name="testEvaluateNonExistingPackageImport - 1.3" classname="org.eclipse.jdt.core.tests.eval.CodeSnippetTest" time="0"/>
  <testcase name="testEvaluateNonExistingTypeImport - 1.3" classname="org.eclipse.jdt.core.tests.eval.CodeSnippetTest" time="0"/>
  <testcase name="testEvaluateValidPackageAndTypeImports - 1.3" classname="org.eclipse.jdt.core.tests.eval.CodeSnippetTest" time="0.001"/>
  <testcase name="testEvaluateValidPackageImport - 1.3" classname="org.eclipse.jdt.core.tests.eval.CodeSnippetTest" time="0"/>
  <testcase name="testEvaluateValidTypeImport - 1.3" classname="org.eclipse.jdt.core.tests.eval.CodeSnippetTest" time="0"/>
  <testcase name="testFinallyError - 1.3" classname="org.eclipse.jdt.core.tests.eval.CodeSnippetTest" time="0.004"/>
  <testcase name="testFinallyOneBlock - 1.3" classname="org.eclipse.jdt.core.tests.eval.CodeSnippetTest" time="0.004"/>
  <testcase name="testFinallyTwoBlock - 1.3" classname="org.eclipse.jdt.core.tests.eval.CodeSnippetTest" time="0.003"/>
  <testcase name="testFor89632 - 1.3" classname="org.eclipse.jdt.core.tests.eval.CodeSnippetTest" time="0.001"/>
  <testcase name="testFreeReturnAnonymous - 1.3" classname="org.eclipse.jdt.core.tests.eval.CodeSnippetTest" time="0.004"/>
  <testcase name="testFreeReturnClassDeclaration - 1.3" classname="org.eclipse.jdt.core.tests.eval.CodeSnippetTest" time="0.005"/>
  <testcase name="testFreeReturnExpression - 1.3" classname="org.eclipse.jdt.core.tests.eval.CodeSnippetTest" time="0.003"/>
  <testcase name="testFreeReturnInteger - 1.3" classname="org.eclipse.jdt.core.tests.eval.CodeSnippetTest" time="0.004"/>
  <testcase name="testFreeReturnLocalVar - 1.3" classname="org.eclipse.jdt.core.tests.eval.CodeSnippetTest" time="0.005"/>
  <testcase name="testFreeReturnStatement - 1.3" classname="org.eclipse.jdt.core.tests.eval.CodeSnippetTest" time="0.006"/>
  <testcase name="testImportPackage - 1.3" classname="org.eclipse.jdt.core.tests.eval.CodeSnippetTest" time="0.004"/>
  <testcase name="testImportType - 1.3" classname="org.eclipse.jdt.core.tests.eval.CodeSnippetTest" time="0.006"/>
  <testcase name="testImportTypeAndPackage - 1.3" classname="org.eclipse.jdt.core.tests.eval.CodeSnippetTest" time="0.006"/>
  <testcase name="testInnerClassAnonymous - 1.3" classname="org.eclipse.jdt.core.tests.eval.CodeSnippetTest" time="0.004"/>
  <testcase name="testInnerClassNamed - 1.3" classname="org.eclipse.jdt.core.tests.eval.CodeSnippetTest" time="0.004"/>
  <testcase name="testReturnDisplayStringBoolean - 1.3" classname="org.eclipse.jdt.core.tests.eval.CodeSnippetTest" time="0.003"/>
  <testcase name="testReturnDisplayStringCharacter - 1.3" classname="org.eclipse.jdt.core.tests.eval.CodeSnippetTest" time="0.003"/>
  <testcase name="testReturnDisplayStringDouble - 1.3" classname="org.eclipse.jdt.core.tests.eval.CodeSnippetTest" time="0.003"/>
  <testcase name="testReturnDisplayStringEmptyCodeSnippet - 1.3" classname="org.eclipse.jdt.core.tests.eval.CodeSnippetTest" time="0.002"/>
  <testcase name="testReturnDisplayStringFloat - 1.3" classname="org.eclipse.jdt.core.tests.eval.CodeSnippetTest" time="0.004"/>
  <testcase name="testReturnDisplayStringInteger - 1.3" classname="org.eclipse.jdt.core.tests.eval.CodeSnippetTest" time="0.003"/>
  <testcase name="testReturnDisplayStringLong - 1.3" classname="org.eclipse.jdt.core.tests.eval.CodeSnippetTest" time="0.003"/>
  <testcase name="testReturnDisplayStringNoExplicitReturnedValue - 1.3" classname="org.eclipse.jdt.core.tests.eval.CodeSnippetTest" time="0.003"/>
  <testcase name="testReturnDisplayStringObject - 1.3" classname="org.eclipse.jdt.core.tests.eval.CodeSnippetTest" time="0.004"/>
  <testcase name="testReturnDisplayStringShort - 1.3" classname="org.eclipse.jdt.core.tests.eval.CodeSnippetTest" time="0.003"/>
  <testcase name="testReturnDisplayStringString - 1.3" classname="org.eclipse.jdt.core.tests.eval.CodeSnippetTest" time="0.003"/>
  <testcase name="testReturnDisplayStringVoid - 1.3" classname="org.eclipse.jdt.core.tests.eval.CodeSnippetTest" time="0.003"/>
  <testcase name="testReturnTypeBoolean - 1.3" classname="org.eclipse.jdt.core.tests.eval.CodeSnippetTest" time="0.002"/>
  <testcase name="testReturnTypeBooleanArray - 1.3" classname="org.eclipse.jdt.core.tests.eval.CodeSnippetTest" time="0.004"/>
  <testcase name="testReturnTypeBooleanObject - 1.3" classname="org.eclipse.jdt.core.tests.eval.CodeSnippetTest" time="0.004"/>
  <testcase name="testReturnTypeChar - 1.3" classname="org.eclipse.jdt.core.tests.eval.CodeSnippetTest" time="0.003"/>
  <testcase name="testReturnTypeCharArray - 1.3" classname="org.eclipse.jdt.core.tests.eval.CodeSnippetTest" time="0.004"/>
  <testcase name="testReturnTypeCharacterObject - 1.3" classname="org.eclipse.jdt.core.tests.eval.CodeSnippetTest" time="0.004"/>
  <testcase name="testReturnTypeDouble - 1.3" classname="org.eclipse.jdt.core.tests.eval.CodeSnippetTest" time="0.003"/>
  <testcase name="testReturnTypeDoubleArray - 1.3" classname="org.eclipse.jdt.core.tests.eval.CodeSnippetTest" time="0.004"/>
  <testcase name="testReturnTypeDoubleObject - 1.3" classname="org.eclipse.jdt.core.tests.eval.CodeSnippetTest" time="0.004"/>
  <testcase name="testReturnTypeEmptyCodeSnippet - 1.3" classname="org.eclipse.jdt.core.tests.eval.CodeSnippetTest" time="0.002"/>
  <testcase name="testReturnTypeFloat - 1.3" classname="org.eclipse.jdt.core.tests.eval.CodeSnippetTest" time="0.003"/>
  <testcase name="testReturnTypeFloatArray - 1.3" classname="org.eclipse.jdt.core.tests.eval.CodeSnippetTest" time="0.004"/>
  <testcase name="testReturnTypeFloatObject - 1.3" classname="org.eclipse.jdt.core.tests.eval.CodeSnippetTest" time="0.004"/>
  <testcase name="testReturnTypeInt - 1.3" classname="org.eclipse.jdt.core.tests.eval.CodeSnippetTest" time="0.003"/>
  <testcase name="testReturnTypeIntegerObject - 1.3" classname="org.eclipse.jdt.core.tests.eval.CodeSnippetTest" time="0.004"/>
  <testcase name="testReturnTypeLong - 1.3" classname="org.eclipse.jdt.core.tests.eval.CodeSnippetTest" time="0.003"/>
  <testcase name="testReturnTypeLongArray - 1.3" classname="org.eclipse.jdt.core.tests.eval.CodeSnippetTest" time="0.003"/>
  <testcase name="testReturnTypeLongObject - 1.3" classname="org.eclipse.jdt.core.tests.eval.CodeSnippetTest" time="0.004"/>
  <testcase name="testReturnTypeNoExplicitReturnedValue - 1.3" classname="org.eclipse.jdt.core.tests.eval.CodeSnippetTest" time="0.003"/>
  <testcase name="testReturnTypeObject - 1.3" classname="org.eclipse.jdt.core.tests.eval.CodeSnippetTest" time="0.004"/>
  <testcase name="testReturnTypeObjectArray - 1.3" classname="org.eclipse.jdt.core.tests.eval.CodeSnippetTest" time="0.004"/>
  <testcase name="testReturnTypeShort - 1.3" classname="org.eclipse.jdt.core.tests.eval.CodeSnippetTest" time="0.003"/>
  <testcase name="testReturnTypeShortArray - 1.3" classname="org.eclipse.jdt.core.tests.eval.CodeSnippetTest" time="0.003"/>
  <testcase name="testReturnTypeShortObject - 1.3" classname="org.eclipse.jdt.core.tests.eval.CodeSnippetTest" time="0.004"/>
  <testcase name="testReturnTypeString - 1.3" classname="org.eclipse.jdt.core.tests.eval.CodeSnippetTest" time="0.004"/>
  <testcase name="testReturnTypeStringArray - 1.3" classname="org.eclipse.jdt.core.tests.eval.CodeSnippetTest" time="0.004"/>
  <testcase name="testReturnTypeVoid - 1.3" classname="org.eclipse.jdt.core.tests.eval.CodeSnippetTest" time="0.003"/>
  <testcase name="testReturnTypesIntArray - 1.3" classname="org.eclipse.jdt.core.tests.eval.CodeSnippetTest" time="0.004"/>
  <testcase name="testRunMethodInAnonymous - 1.3" classname="org.eclipse.jdt.core.tests.eval.CodeSnippetTest" time="0.213"/>
  <testcase name="testRunMethodInAnonymous2 - 1.3" classname="org.eclipse.jdt.core.tests.eval.CodeSnippetTest" time="0.209"/>
  <testcase name="testRunMethodInAnonymous3 - 1.3" classname="org.eclipse.jdt.core.tests.eval.CodeSnippetTest" time="0.215"/>
  <testcase name="testRunMethodInAnonymous4 - 1.3" classname="org.eclipse.jdt.core.tests.eval.CodeSnippetTest" time="0.213"/>
  <testcase name="testRunMethodInAnonymous5 - 1.3" classname="org.eclipse.jdt.core.tests.eval.CodeSnippetTest" time="0.218"/>
  <testcase name="testRunMethodInAnonymous6 - 1.3" classname="org.eclipse.jdt.core.tests.eval.CodeSnippetTest" time="0.213"/>
  <testcase name="testRunMethodInAnonymous7 - 1.3" classname="org.eclipse.jdt.core.tests.eval.CodeSnippetTest" time="0.211"/>
  <testcase name="testRunMethodInAnonymous8 - 1.3" classname="org.eclipse.jdt.core.tests.eval.CodeSnippetTest" time="0.211"/>
  <testcase name="testExpressionInInnerClass - 1.3" classname="org.eclipse.jdt.core.tests.eval.NegativeCodeSnippetTest" time="0.009"/>
  <testcase name="testExtraClosingCurlyBracket - 1.3" classname="org.eclipse.jdt.core.tests.eval.NegativeCodeSnippetTest" time="0.003"/>
  <testcase name="testExtraOpenRoundBracket - 1.3" classname="org.eclipse.jdt.core.tests.eval.NegativeCodeSnippetTest" time="0.003"/>
  <testcase name="testExtraSemiColonInExpression - 1.3" classname="org.eclipse.jdt.core.tests.eval.NegativeCodeSnippetTest" time="0.001"/>
  <testcase name="testInvalidField - 1.3" classname="org.eclipse.jdt.core.tests.eval.NegativeCodeSnippetTest" time="0.002"/>
  <testcase name="testInvalidImport - 1.3" classname="org.eclipse.jdt.core.tests.eval.NegativeCodeSnippetTest" time="0.006"/>
  <testcase name="testInvalidUseOfThisInSnippet - 1.3" classname="org.eclipse.jdt.core.tests.eval.NegativeCodeSnippetTest" time="0.001"/>
  <testcase name="testInvalidUseOfThisInSnippet2 - 1.3" classname="org.eclipse.jdt.core.tests.eval.NegativeCodeSnippetTest" time="0"/>
  <testcase name="testMissingClosingRoundBracket - 1.3" classname="org.eclipse.jdt.core.tests.eval.NegativeCodeSnippetTest" time="0.002"/>
  <testcase name="testMissingDoubleQuote - 1.3" classname="org.eclipse.jdt.core.tests.eval.NegativeCodeSnippetTest" time="0.001"/>
  <testcase name="testNonLastExpressionStatement - 1.3" classname="org.eclipse.jdt.core.tests.eval.NegativeCodeSnippetTest" time="0.002"/>
  <testcase name="testProblemInExpression - 1.3" classname="org.eclipse.jdt.core.tests.eval.NegativeCodeSnippetTest" time="0"/>
  <testcase name="testProblemInExpression2 - 1.3" classname="org.eclipse.jdt.core.tests.eval.NegativeCodeSnippetTest" time="0.001"/>
  <testcase name="testProblemInInnerClass - 1.3" classname="org.eclipse.jdt.core.tests.eval.NegativeCodeSnippetTest" time="0.006"/>
  <testcase name="testProblemInPreviousStatement - 1.3" classname="org.eclipse.jdt.core.tests.eval.NegativeCodeSnippetTest" time="0.001"/>
  <testcase name="testProblemInReturnStatement - 1.3" classname="org.eclipse.jdt.core.tests.eval.NegativeCodeSnippetTest" time="0"/>
  <testcase name="testRemoveImport - 1.3" classname="org.eclipse.jdt.core.tests.eval.NegativeCodeSnippetTest" time="0.006"/>
  <testcase name="testRemoveVariable - 1.3" classname="org.eclipse.jdt.core.tests.eval.NegativeCodeSnippetTest" time="0.007"/>
  <testcase name="testUnreachableExpression - 1.3" classname="org.eclipse.jdt.core.tests.eval.NegativeCodeSnippetTest" time="0.001"/>
  <testcase name="testUnusedImport - 1.3" classname="org.eclipse.jdt.core.tests.eval.NegativeCodeSnippetTest" time="0.008"/>
  <testcase name="testWarning - 1.3" classname="org.eclipse.jdt.core.tests.eval.NegativeCodeSnippetTest" time="0.003"/>
  <testcase name="testInitializerProblem - 1.3" classname="org.eclipse.jdt.core.tests.eval.NegativeVariableTest" time="0.006"/>
  <testcase name="testUnknownType - 1.3" classname="org.eclipse.jdt.core.tests.eval.NegativeVariableTest" time="0.002"/>
  <testcase name="test001 - 1.3" classname="org.eclipse.jdt.core.tests.eval.DebugEvaluationTest" time="0.213"/>
  <testcase name="test002 - 1.3" classname="org.eclipse.jdt.core.tests.eval.DebugEvaluationTest" time="0.133"/>
  <testcase name="test003 - 1.3" classname="org.eclipse.jdt.core.tests.eval.DebugEvaluationTest" time="0.022"/>
  <testcase name="test004 - 1.3" classname="org.eclipse.jdt.core.tests.eval.DebugEvaluationTest" time="0.122"/>
  <testcase name="test005 - 1.3" classname="org.eclipse.jdt.core.tests.eval.DebugEvaluationTest" time="0.131"/>
  <testcase name="test006 - 1.3" classname="org.eclipse.jdt.core.tests.eval.DebugEvaluationTest" time="0.132"/>
  <testcase name="test007 - 1.3" classname="org.eclipse.jdt.core.tests.eval.DebugEvaluationTest" time="0.13"/>
  <testcase name="test008 - 1.3" classname="org.eclipse.jdt.core.tests.eval.DebugEvaluationTest" time="0.132"/>
  <testcase name="test009 - 1.3" classname="org.eclipse.jdt.core.tests.eval.DebugEvaluationTest" time="0.122"/>
  <testcase name="test010 - 1.3" classname="org.eclipse.jdt.core.tests.eval.DebugEvaluationTest" time="0.134"/>
  <testcase name="test011 - 1.3" classname="org.eclipse.jdt.core.tests.eval.DebugEvaluationTest" time="0.13"/>
  <testcase name="test016 - 1.3" classname="org.eclipse.jdt.core.tests.eval.DebugEvaluationTest" time="0.231"/>
  <testcase name="test017 - 1.3" classname="org.eclipse.jdt.core.tests.eval.DebugEvaluationTest" time="0.124"/>
  <testcase name="test018 - 1.3" classname="org.eclipse.jdt.core.tests.eval.DebugEvaluationTest" time="0.25"/>
  <testcase name="test019 - 1.3" classname="org.eclipse.jdt.core.tests.eval.DebugEvaluationTest" time="0.02"/>
  <testcase name="test020 - 1.3" classname="org.eclipse.jdt.core.tests.eval.DebugEvaluationTest" time="0.135"/>
  <testcase name="test021 - 1.3" classname="org.eclipse.jdt.core.tests.eval.DebugEvaluationTest" time="0.247"/>
  <testcase name="test022 - 1.3" classname="org.eclipse.jdt.core.tests.eval.DebugEvaluationTest" time="0.25"/>
  <testcase name="test023 - 1.3" classname="org.eclipse.jdt.core.tests.eval.DebugEvaluationTest" time="0.258"/>
  <testcase name="test024 - 1.3" classname="org.eclipse.jdt.core.tests.eval.DebugEvaluationTest" time="0.256"/>
  <testcase name="test025 - 1.3" classname="org.eclipse.jdt.core.tests.eval.DebugEvaluationTest" time="0.244"/>
  <testcase name="test026 - 1.3" classname="org.eclipse.jdt.core.tests.eval.DebugEvaluationTest" time="0.133"/>
  <testcase name="test027 - 1.3" classname="org.eclipse.jdt.core.tests.eval.DebugEvaluationTest" time="0.134"/>
  <testcase name="test028 - 1.3" classname="org.eclipse.jdt.core.tests.eval.DebugEvaluationTest" time="0.132"/>
  <testcase name="test029 - 1.3" classname="org.eclipse.jdt.core.tests.eval.DebugEvaluationTest" time="0.136"/>
  <testcase name="test030 - 1.3" classname="org.eclipse.jdt.core.tests.eval.DebugEvaluationTest" time="0.134"/>
  <testcase name="test031 - 1.3" classname="org.eclipse.jdt.core.tests.eval.DebugEvaluationTest" time="0.133"/>
  <testcase name="test032 - 1.3" classname="org.eclipse.jdt.core.tests.eval.DebugEvaluationTest" time="0.026"/>
  <testcase name="test033 - 1.3" classname="org.eclipse.jdt.core.tests.eval.DebugEvaluationTest" time="0.14"/>
  <testcase name="test034 - 1.3" classname="org.eclipse.jdt.core.tests.eval.DebugEvaluationTest" time="0.133"/>
  <testcase name="test035 - 1.3" classname="org.eclipse.jdt.core.tests.eval.DebugEvaluationTest" time="0.133"/>
  <testcase name="test036 - 1.3" classname="org.eclipse.jdt.core.tests.eval.DebugEvaluationTest" time="0.134"/>
  <testcase name="test037 - 1.3" classname="org.eclipse.jdt.core.tests.eval.DebugEvaluationTest" time="0.132"/>
  <testcase name="test038 - 1.3" classname="org.eclipse.jdt.core.tests.eval.DebugEvaluationTest" time="0.134"/>
  <testcase name="test039 - 1.3" classname="org.eclipse.jdt.core.tests.eval.DebugEvaluationTest" time="0.134"/>
  <testcase name="test040 - 1.3" classname="org.eclipse.jdt.core.tests.eval.DebugEvaluationTest" time="0.132"/>
  <testcase name="test041 - 1.3" classname="org.eclipse.jdt.core.tests.eval.DebugEvaluationTest" time="0.133"/>
  <testcase name="test042 - 1.3" classname="org.eclipse.jdt.core.tests.eval.DebugEvaluationTest" time="0.133"/>
  <testcase name="test043 - 1.3" classname="org.eclipse.jdt.core.tests.eval.DebugEvaluationTest" time="0.134"/>
  <testcase name="test044 - 1.3" classname="org.eclipse.jdt.core.tests.eval.DebugEvaluationTest" time="0.133"/>
  <testcase name="test045 - 1.3" classname="org.eclipse.jdt.core.tests.eval.DebugEvaluationTest" time="0.132"/>
  <testcase name="test046 - 1.3" classname="org.eclipse.jdt.core.tests.eval.DebugEvaluationTest" time="0.133"/>
  <testcase name="test047 - 1.3" classname="org.eclipse.jdt.core.tests.eval.DebugEvaluationTest" time="0.13"/>
  <testcase name="test048 - 1.3" classname="org.eclipse.jdt.core.tests.eval.DebugEvaluationTest" time="0.131"/>
  <testcase name="test049 - 1.3" classname="org.eclipse.jdt.core.tests.eval.DebugEvaluationTest" time="0.135"/>
  <testcase name="test050 - 1.3" classname="org.eclipse.jdt.core.tests.eval.DebugEvaluationTest" time="0.137"/>
  <testcase name="test051 - 1.3" classname="org.eclipse.jdt.core.tests.eval.DebugEvaluationTest" time="0.135"/>
  <testcase name="test052 - 1.3" classname="org.eclipse.jdt.core.tests.eval.DebugEvaluationTest" time="0.135"/>
  <testcase name="test053 - 1.3" classname="org.eclipse.jdt.core.tests.eval.DebugEvaluationTest" time="0.133"/>
  <testcase name="test054 - 1.3" classname="org.eclipse.jdt.core.tests.eval.DebugEvaluationTest" time="0.139"/>
  <testcase name="test055 - 1.3" classname="org.eclipse.jdt.core.tests.eval.DebugEvaluationTest" time="0.137"/>
  <testcase name="test056 - 1.3" classname="org.eclipse.jdt.core.tests.eval.DebugEvaluationTest" time="0.136"/>
  <testcase name="test057 - 1.3" classname="org.eclipse.jdt.core.tests.eval.DebugEvaluationTest" time="0.154"/>
  <testcase name="test058 - 1.3" classname="org.eclipse.jdt.core.tests.eval.DebugEvaluationTest" time="0.096"/>
  <testcase name="test059 - 1.3" classname="org.eclipse.jdt.core.tests.eval.DebugEvaluationTest" time="0.159"/>
  <testcase name="test060 - 1.3" classname="org.eclipse.jdt.core.tests.eval.DebugEvaluationTest" time="0.144"/>
  <testcase name="test061 - 1.3" classname="org.eclipse.jdt.core.tests.eval.DebugEvaluationTest" time="0.151"/>
  <testcase name="test062 - 1.3" classname="org.eclipse.jdt.core.tests.eval.DebugEvaluationTest" time="0.147"/>
  <testcase name="test063 - 1.3" classname="org.eclipse.jdt.core.tests.eval.DebugEvaluationTest" time="0"/>
  <testcase name="test065 - 1.3" classname="org.eclipse.jdt.core.tests.eval.DebugEvaluationTest" time="0"/>
  <testcase name="test066 - 1.3" classname="org.eclipse.jdt.core.tests.eval.DebugEvaluationTest" time="0.001"/>
  <testcase name="test067 - 1.3" classname="org.eclipse.jdt.core.tests.eval.DebugEvaluationTest" time="0"/>
  <testcase name="test068 - 1.3" classname="org.eclipse.jdt.core.tests.eval.DebugEvaluationTest" time="0"/>
  <testcase name="test069 - 1.3" classname="org.eclipse.jdt.core.tests.eval.DebugEvaluationTest" time="0"/>
  <testcase name="testNegative001 - 1.3" classname="org.eclipse.jdt.core.tests.eval.DebugEvaluationTest" time="0.027"/>
  <testcase name="testNegative002 - 1.3" classname="org.eclipse.jdt.core.tests.eval.DebugEvaluationTest" time="0.024"/>
  <testcase name="testNegative003 - 1.3" classname="org.eclipse.jdt.core.tests.eval.DebugEvaluationTest" time="0.024"/>
  <testcase name="testNegative004 - 1.3" classname="org.eclipse.jdt.core.tests.eval.DebugEvaluationTest" time="0.012"/>
  <testcase name="testNegative005 - 1.3" classname="org.eclipse.jdt.core.tests.eval.DebugEvaluationTest" time="0.057"/>
  <testcase name="testAllVariables - 1.4" classname="org.eclipse.jdt.core.tests.eval.SanityTestEvaluationContext" time="0"/>
  <testcase name="testEvaluate - 1.4" classname="org.eclipse.jdt.core.tests.eval.SanityTestEvaluationContext" time="0.032"/>
  <testcase name="testEvaluateImports - 1.4" classname="org.eclipse.jdt.core.tests.eval.SanityTestEvaluationContext" time="0"/>
  <testcase name="testEvaluateVariable - 1.4" classname="org.eclipse.jdt.core.tests.eval.SanityTestEvaluationContext" time="0.007"/>
  <testcase name="testEvaluateVariables - 1.4" classname="org.eclipse.jdt.core.tests.eval.SanityTestEvaluationContext" time="0.002"/>
  <testcase name="testGetSetImports - 1.4" classname="org.eclipse.jdt.core.tests.eval.SanityTestEvaluationContext" time="0"/>
  <testcase name="testGetSetPackageName - 1.4" classname="org.eclipse.jdt.core.tests.eval.SanityTestEvaluationContext" time="0"/>
  <testcase name="testNewDeleteVariable - 1.4" classname="org.eclipse.jdt.core.tests.eval.SanityTestEvaluationContext" time="0"/>
  <testcase name="testGetEvaluationType - 1.4" classname="org.eclipse.jdt.core.tests.eval.SanityTestEvaluationResult" time="0.003"/>
  <testcase name="testGetProblems - 1.4" classname="org.eclipse.jdt.core.tests.eval.SanityTestEvaluationResult" time="0.003"/>
  <testcase name="testGetValue - 1.4" classname="org.eclipse.jdt.core.tests.eval.SanityTestEvaluationResult" time="0.003"/>
  <testcase name="testGetValueDisplayString - 1.4" classname="org.eclipse.jdt.core.tests.eval.SanityTestEvaluationResult" time="0.002"/>
  <testcase name="testGetValueTypeName - 1.4" classname="org.eclipse.jdt.core.tests.eval.SanityTestEvaluationResult" time="0.002"/>
  <testcase name="testHasErrors - 1.4" classname="org.eclipse.jdt.core.tests.eval.SanityTestEvaluationResult" time="0.003"/>
  <testcase name="testHasProblems - 1.4" classname="org.eclipse.jdt.core.tests.eval.SanityTestEvaluationResult" time="0.002"/>
  <testcase name="testHasValue - 1.4" classname="org.eclipse.jdt.core.tests.eval.SanityTestEvaluationResult" time="0.002"/>
  <testcase name="testHasWarnings - 1.4" classname="org.eclipse.jdt.core.tests.eval.SanityTestEvaluationResult" time="0.004"/>
  <testcase name="testAllKindOfValues - 1.4" classname="org.eclipse.jdt.core.tests.eval.VariableTest" time="0.056"/>
  <testcase name="testCodeSnippetVarAssign - 1.4" classname="org.eclipse.jdt.core.tests.eval.VariableTest" time="0.075"/>
  <testcase name="testCodeSnippetVarRetrieval - 1.4" classname="org.eclipse.jdt.core.tests.eval.VariableTest" time="0.036"/>
  <testcase name="testImports - 1.4" classname="org.eclipse.jdt.core.tests.eval.VariableTest" time="0.033"/>
  <testcase name="testSeveralVariableInstallations - 1.4" classname="org.eclipse.jdt.core.tests.eval.VariableTest" time="0.09"/>
  <testcase name="testBug345334 - 1.4" classname="org.eclipse.jdt.core.tests.eval.CodeSnippetTest" time="0.004"/>
  <testcase name="testBug464656 - 1.4" classname="org.eclipse.jdt.core.tests.eval.CodeSnippetTest" time="0"/>
  <testcase name="testCheckedException - 1.4" classname="org.eclipse.jdt.core.tests.eval.CodeSnippetTest" time="0.003"/>
  <testcase name="testDiamond - 1.4" classname="org.eclipse.jdt.core.tests.eval.CodeSnippetTest" time="0"/>
  <testcase name="testEmptyStatement - 1.4" classname="org.eclipse.jdt.core.tests.eval.CodeSnippetTest" time="0.004"/>
  <testcase name="testEvaluateEmptyImport - 1.4" classname="org.eclipse.jdt.core.tests.eval.CodeSnippetTest" time="0"/>
  <testcase name="testEvaluateExistingPackageAndNonExistingTypeImports - 1.4" classname="org.eclipse.jdt.core.tests.eval.CodeSnippetTest" time="0"/>
  <testcase name="testEvaluateNonExistingPackageAndExistingTypeImports - 1.4" classname="org.eclipse.jdt.core.tests.eval.CodeSnippetTest" time="0"/>
  <testcase name="testEvaluateNonExistingPackageImport - 1.4" classname="org.eclipse.jdt.core.tests.eval.CodeSnippetTest" time="0"/>
  <testcase name="testEvaluateNonExistingTypeImport - 1.4" classname="org.eclipse.jdt.core.tests.eval.CodeSnippetTest" time="0"/>
  <testcase name="testEvaluateValidPackageAndTypeImports - 1.4" classname="org.eclipse.jdt.core.tests.eval.CodeSnippetTest" time="0"/>
  <testcase name="testEvaluateValidPackageImport - 1.4" classname="org.eclipse.jdt.core.tests.eval.CodeSnippetTest" time="0"/>
  <testcase name="testEvaluateValidTypeImport - 1.4" classname="org.eclipse.jdt.core.tests.eval.CodeSnippetTest" time="0.001"/>
  <testcase name="testFinallyError - 1.4" classname="org.eclipse.jdt.core.tests.eval.CodeSnippetTest" time="0.004"/>
  <testcase name="testFinallyOneBlock - 1.4" classname="org.eclipse.jdt.core.tests.eval.CodeSnippetTest" time="0.004"/>
  <testcase name="testFinallyTwoBlock - 1.4" classname="org.eclipse.jdt.core.tests.eval.CodeSnippetTest" time="0.002"/>
  <testcase name="testFor89632 - 1.4" classname="org.eclipse.jdt.core.tests.eval.CodeSnippetTest" time="0"/>
  <testcase name="testFreeReturnAnonymous - 1.4" classname="org.eclipse.jdt.core.tests.eval.CodeSnippetTest" time="0.004"/>
  <testcase name="testFreeReturnClassDeclaration - 1.4" classname="org.eclipse.jdt.core.tests.eval.CodeSnippetTest" time="0.004"/>
  <testcase name="testFreeReturnExpression - 1.4" classname="org.eclipse.jdt.core.tests.eval.CodeSnippetTest" time="0.003"/>
  <testcase name="testFreeReturnInteger - 1.4" classname="org.eclipse.jdt.core.tests.eval.CodeSnippetTest" time="0.002"/>
  <testcase name="testFreeReturnLocalVar - 1.4" classname="org.eclipse.jdt.core.tests.eval.CodeSnippetTest" time="0.003"/>
  <testcase name="testFreeReturnStatement - 1.4" classname="org.eclipse.jdt.core.tests.eval.CodeSnippetTest" time="0.004"/>
  <testcase name="testImportPackage - 1.4" classname="org.eclipse.jdt.core.tests.eval.CodeSnippetTest" time="0.003"/>
  <testcase name="testImportType - 1.4" classname="org.eclipse.jdt.core.tests.eval.CodeSnippetTest" time="0.004"/>
  <testcase name="testImportTypeAndPackage - 1.4" classname="org.eclipse.jdt.core.tests.eval.CodeSnippetTest" time="0.003"/>
  <testcase name="testInnerClassAnonymous - 1.4" classname="org.eclipse.jdt.core.tests.eval.CodeSnippetTest" time="0.003"/>
  <testcase name="testInnerClassNamed - 1.4" classname="org.eclipse.jdt.core.tests.eval.CodeSnippetTest" time="0.003"/>
  <testcase name="testReturnDisplayStringBoolean - 1.4" classname="org.eclipse.jdt.core.tests.eval.CodeSnippetTest" time="0.002"/>
  <testcase name="testReturnDisplayStringCharacter - 1.4" classname="org.eclipse.jdt.core.tests.eval.CodeSnippetTest" time="0.003"/>
  <testcase name="testReturnDisplayStringDouble - 1.4" classname="org.eclipse.jdt.core.tests.eval.CodeSnippetTest" time="0.003"/>
  <testcase name="testReturnDisplayStringEmptyCodeSnippet - 1.4" classname="org.eclipse.jdt.core.tests.eval.CodeSnippetTest" time="0.005"/>
  <testcase name="testReturnDisplayStringFloat - 1.4" classname="org.eclipse.jdt.core.tests.eval.CodeSnippetTest" time="0.004"/>
  <testcase name="testReturnDisplayStringInteger - 1.4" classname="org.eclipse.jdt.core.tests.eval.CodeSnippetTest" time="0.003"/>
  <testcase name="testReturnDisplayStringLong - 1.4" classname="org.eclipse.jdt.core.tests.eval.CodeSnippetTest" time="0.002"/>
  <testcase name="testReturnDisplayStringNoExplicitReturnedValue - 1.4" classname="org.eclipse.jdt.core.tests.eval.CodeSnippetTest" time="0.003"/>
  <testcase name="testReturnDisplayStringObject - 1.4" classname="org.eclipse.jdt.core.tests.eval.CodeSnippetTest" time="0.005"/>
  <testcase name="testReturnDisplayStringShort - 1.4" classname="org.eclipse.jdt.core.tests.eval.CodeSnippetTest" time="0.003"/>
  <testcase name="testReturnDisplayStringString - 1.4" classname="org.eclipse.jdt.core.tests.eval.CodeSnippetTest" time="0.003"/>
  <testcase name="testReturnDisplayStringVoid - 1.4" classname="org.eclipse.jdt.core.tests.eval.CodeSnippetTest" time="0.004"/>
  <testcase name="testReturnTypeBoolean - 1.4" classname="org.eclipse.jdt.core.tests.eval.CodeSnippetTest" time="0.003"/>
  <testcase name="testReturnTypeBooleanArray - 1.4" classname="org.eclipse.jdt.core.tests.eval.CodeSnippetTest" time="0.003"/>
  <testcase name="testReturnTypeBooleanObject - 1.4" classname="org.eclipse.jdt.core.tests.eval.CodeSnippetTest" time="0.003"/>
  <testcase name="testReturnTypeChar - 1.4" classname="org.eclipse.jdt.core.tests.eval.CodeSnippetTest" time="0.003"/>
  <testcase name="testReturnTypeCharArray - 1.4" classname="org.eclipse.jdt.core.tests.eval.CodeSnippetTest" time="0.004"/>
  <testcase name="testReturnTypeCharacterObject - 1.4" classname="org.eclipse.jdt.core.tests.eval.CodeSnippetTest" time="0.003"/>
  <testcase name="testReturnTypeDouble - 1.4" classname="org.eclipse.jdt.core.tests.eval.CodeSnippetTest" time="0.003"/>
  <testcase name="testReturnTypeDoubleArray - 1.4" classname="org.eclipse.jdt.core.tests.eval.CodeSnippetTest" time="0.003"/>
  <testcase name="testReturnTypeDoubleObject - 1.4" classname="org.eclipse.jdt.core.tests.eval.CodeSnippetTest" time="0.003"/>
  <testcase name="testReturnTypeEmptyCodeSnippet - 1.4" classname="org.eclipse.jdt.core.tests.eval.CodeSnippetTest" time="0.002"/>
  <testcase name="testReturnTypeFloat - 1.4" classname="org.eclipse.jdt.core.tests.eval.CodeSnippetTest" time="0.003"/>
  <testcase name="testReturnTypeFloatArray - 1.4" classname="org.eclipse.jdt.core.tests.eval.CodeSnippetTest" time="0.003"/>
  <testcase name="testReturnTypeFloatObject - 1.4" classname="org.eclipse.jdt.core.tests.eval.CodeSnippetTest" time="0.004"/>
  <testcase name="testReturnTypeInt - 1.4" classname="org.eclipse.jdt.core.tests.eval.CodeSnippetTest" time="0.003"/>
  <testcase name="testReturnTypeIntegerObject - 1.4" classname="org.eclipse.jdt.core.tests.eval.CodeSnippetTest" time="0.003"/>
  <testcase name="testReturnTypeLong - 1.4" classname="org.eclipse.jdt.core.tests.eval.CodeSnippetTest" time="0.002"/>
  <testcase name="testReturnTypeLongArray - 1.4" classname="org.eclipse.jdt.core.tests.eval.CodeSnippetTest" time="0.003"/>
  <testcase name="testReturnTypeLongObject - 1.4" classname="org.eclipse.jdt.core.tests.eval.CodeSnippetTest" time="0.004"/>
  <testcase name="testReturnTypeNoExplicitReturnedValue - 1.4" classname="org.eclipse.jdt.core.tests.eval.CodeSnippetTest" time="0.003"/>
  <testcase name="testReturnTypeObject - 1.4" classname="org.eclipse.jdt.core.tests.eval.CodeSnippetTest" time="0.003"/>
  <testcase name="testReturnTypeObjectArray - 1.4" classname="org.eclipse.jdt.core.tests.eval.CodeSnippetTest" time="0.003"/>
  <testcase name="testReturnTypeShort - 1.4" classname="org.eclipse.jdt.core.tests.eval.CodeSnippetTest" time="0.003"/>
  <testcase name="testReturnTypeShortArray - 1.4" classname="org.eclipse.jdt.core.tests.eval.CodeSnippetTest" time="0.004"/>
  <testcase name="testReturnTypeShortObject - 1.4" classname="org.eclipse.jdt.core.tests.eval.CodeSnippetTest" time="0.004"/>
  <testcase name="testReturnTypeString - 1.4" classname="org.eclipse.jdt.core.tests.eval.CodeSnippetTest" time="0.003"/>
  <testcase name="testReturnTypeStringArray - 1.4" classname="org.eclipse.jdt.core.tests.eval.CodeSnippetTest" time="0.003"/>
  <testcase name="testReturnTypeVoid - 1.4" classname="org.eclipse.jdt.core.tests.eval.CodeSnippetTest" time="0.003"/>
  <testcase name="testReturnTypesIntArray - 1.4" classname="org.eclipse.jdt.core.tests.eval.CodeSnippetTest" time="0.004"/>
  <testcase name="testRunMethodInAnonymous - 1.4" classname="org.eclipse.jdt.core.tests.eval.CodeSnippetTest" time="0.213"/>
  <testcase name="testRunMethodInAnonymous2 - 1.4" classname="org.eclipse.jdt.core.tests.eval.CodeSnippetTest" time="0.21"/>
  <testcase name="testRunMethodInAnonymous3 - 1.4" classname="org.eclipse.jdt.core.tests.eval.CodeSnippetTest" time="0.21"/>
  <testcase name="testRunMethodInAnonymous4 - 1.4" classname="org.eclipse.jdt.core.tests.eval.CodeSnippetTest" time="0.211"/>
  <testcase name="testRunMethodInAnonymous5 - 1.4" classname="org.eclipse.jdt.core.tests.eval.CodeSnippetTest" time="0.214"/>
  <testcase name="testRunMethodInAnonymous6 - 1.4" classname="org.eclipse.jdt.core.tests.eval.CodeSnippetTest" time="0.213"/>
  <testcase name="testRunMethodInAnonymous7 - 1.4" classname="org.eclipse.jdt.core.tests.eval.CodeSnippetTest" time="0.208"/>
  <testcase name="testRunMethodInAnonymous8 - 1.4" classname="org.eclipse.jdt.core.tests.eval.CodeSnippetTest" time="0.212"/>
  <testcase name="testExpressionInInnerClass - 1.4" classname="org.eclipse.jdt.core.tests.eval.NegativeCodeSnippetTest" time="0.001"/>
  <testcase name="testExtraClosingCurlyBracket - 1.4" classname="org.eclipse.jdt.core.tests.eval.NegativeCodeSnippetTest" time="0.001"/>
  <testcase name="testExtraOpenRoundBracket - 1.4" classname="org.eclipse.jdt.core.tests.eval.NegativeCodeSnippetTest" time="0.002"/>
  <testcase name="testExtraSemiColonInExpression - 1.4" classname="org.eclipse.jdt.core.tests.eval.NegativeCodeSnippetTest" time="0.001"/>
  <testcase name="testInvalidField - 1.4" classname="org.eclipse.jdt.core.tests.eval.NegativeCodeSnippetTest" time="0.001"/>
  <testcase name="testInvalidImport - 1.4" classname="org.eclipse.jdt.core.tests.eval.NegativeCodeSnippetTest" time="0.001"/>
  <testcase name="testInvalidUseOfThisInSnippet - 1.4" classname="org.eclipse.jdt.core.tests.eval.NegativeCodeSnippetTest" time="0.001"/>
  <testcase name="testInvalidUseOfThisInSnippet2 - 1.4" classname="org.eclipse.jdt.core.tests.eval.NegativeCodeSnippetTest" time="0.001"/>
  <testcase name="testMissingClosingRoundBracket - 1.4" classname="org.eclipse.jdt.core.tests.eval.NegativeCodeSnippetTest" time="0.001"/>
  <testcase name="testMissingDoubleQuote - 1.4" classname="org.eclipse.jdt.core.tests.eval.NegativeCodeSnippetTest" time="0.001"/>
  <testcase name="testNonLastExpressionStatement - 1.4" classname="org.eclipse.jdt.core.tests.eval.NegativeCodeSnippetTest" time="0"/>
  <testcase name="testProblemInExpression - 1.4" classname="org.eclipse.jdt.core.tests.eval.NegativeCodeSnippetTest" time="0.001"/>
  <testcase name="testProblemInExpression2 - 1.4" classname="org.eclipse.jdt.core.tests.eval.NegativeCodeSnippetTest" time="0.001"/>
  <testcase name="testProblemInInnerClass - 1.4" classname="org.eclipse.jdt.core.tests.eval.NegativeCodeSnippetTest" time="0.006"/>
  <testcase name="testProblemInPreviousStatement - 1.4" classname="org.eclipse.jdt.core.tests.eval.NegativeCodeSnippetTest" time="0.002"/>
  <testcase name="testProblemInReturnStatement - 1.4" classname="org.eclipse.jdt.core.tests.eval.NegativeCodeSnippetTest" time="0.001"/>
  <testcase name="testRemoveImport - 1.4" classname="org.eclipse.jdt.core.tests.eval.NegativeCodeSnippetTest" time="0.005"/>
  <testcase name="testRemoveVariable - 1.4" classname="org.eclipse.jdt.core.tests.eval.NegativeCodeSnippetTest" time="0.006"/>
  <testcase name="testUnreachableExpression - 1.4" classname="org.eclipse.jdt.core.tests.eval.NegativeCodeSnippetTest" time="0.001"/>
  <testcase name="testUnusedImport - 1.4" classname="org.eclipse.jdt.core.tests.eval.NegativeCodeSnippetTest" time="0.005"/>
  <testcase name="testWarning - 1.4" classname="org.eclipse.jdt.core.tests.eval.NegativeCodeSnippetTest" time="0.003"/>
  <testcase name="testInitializerProblem - 1.4" classname="org.eclipse.jdt.core.tests.eval.NegativeVariableTest" time="0.004"/>
  <testcase name="testUnknownType - 1.4" classname="org.eclipse.jdt.core.tests.eval.NegativeVariableTest" time="0.001"/>
  <testcase name="test001 - 1.4" classname="org.eclipse.jdt.core.tests.eval.DebugEvaluationTest" time="0.143"/>
  <testcase name="test002 - 1.4" classname="org.eclipse.jdt.core.tests.eval.DebugEvaluationTest" time="0.136"/>
  <testcase name="test003 - 1.4" classname="org.eclipse.jdt.core.tests.eval.DebugEvaluationTest" time="0.024"/>
  <testcase name="test004 - 1.4" classname="org.eclipse.jdt.core.tests.eval.DebugEvaluationTest" time="0.128"/>
  <testcase name="test005 - 1.4" classname="org.eclipse.jdt.core.tests.eval.DebugEvaluationTest" time="0.135"/>
  <testcase name="test006 - 1.4" classname="org.eclipse.jdt.core.tests.eval.DebugEvaluationTest" time="0.136"/>
  <testcase name="test007 - 1.4" classname="org.eclipse.jdt.core.tests.eval.DebugEvaluationTest" time="0.134"/>
  <testcase name="test008 - 1.4" classname="org.eclipse.jdt.core.tests.eval.DebugEvaluationTest" time="0.138"/>
  <testcase name="test009 - 1.4" classname="org.eclipse.jdt.core.tests.eval.DebugEvaluationTest" time="0.123"/>
  <testcase name="test010 - 1.4" classname="org.eclipse.jdt.core.tests.eval.DebugEvaluationTest" time="0.134"/>
  <testcase name="test011 - 1.4" classname="org.eclipse.jdt.core.tests.eval.DebugEvaluationTest" time="0.129"/>
  <testcase name="test016 - 1.4" classname="org.eclipse.jdt.core.tests.eval.DebugEvaluationTest" time="0.227"/>
  <testcase name="test017 - 1.4" classname="org.eclipse.jdt.core.tests.eval.DebugEvaluationTest" time="0.12"/>
  <testcase name="test018 - 1.4" classname="org.eclipse.jdt.core.tests.eval.DebugEvaluationTest" time="0.251"/>
  <testcase name="test019 - 1.4" classname="org.eclipse.jdt.core.tests.eval.DebugEvaluationTest" time="0.024"/>
  <testcase name="test020 - 1.4" classname="org.eclipse.jdt.core.tests.eval.DebugEvaluationTest" time="0.138"/>
  <testcase name="test021 - 1.4" classname="org.eclipse.jdt.core.tests.eval.DebugEvaluationTest" time="0.248"/>
  <testcase name="test022 - 1.4" classname="org.eclipse.jdt.core.tests.eval.DebugEvaluationTest" time="0.259"/>
  <testcase name="test023 - 1.4" classname="org.eclipse.jdt.core.tests.eval.DebugEvaluationTest" time="0.266"/>
  <testcase name="test024 - 1.4" classname="org.eclipse.jdt.core.tests.eval.DebugEvaluationTest" time="0.258"/>
  <testcase name="test025 - 1.4" classname="org.eclipse.jdt.core.tests.eval.DebugEvaluationTest" time="0.251"/>
  <testcase name="test026 - 1.4" classname="org.eclipse.jdt.core.tests.eval.DebugEvaluationTest" time="0.135"/>
  <testcase name="test027 - 1.4" classname="org.eclipse.jdt.core.tests.eval.DebugEvaluationTest" time="0.136"/>
  <testcase name="test028 - 1.4" classname="org.eclipse.jdt.core.tests.eval.DebugEvaluationTest" time="0.132"/>
  <testcase name="test029 - 1.4" classname="org.eclipse.jdt.core.tests.eval.DebugEvaluationTest" time="0.132"/>
  <testcase name="test030 - 1.4" classname="org.eclipse.jdt.core.tests.eval.DebugEvaluationTest" time="0.133"/>
  <testcase name="test031 - 1.4" classname="org.eclipse.jdt.core.tests.eval.DebugEvaluationTest" time="0.138"/>
  <testcase name="test032 - 1.4" classname="org.eclipse.jdt.core.tests.eval.DebugEvaluationTest" time="0.033"/>
  <testcase name="test033 - 1.4" classname="org.eclipse.jdt.core.tests.eval.DebugEvaluationTest" time="0.137"/>
  <testcase name="test034 - 1.4" classname="org.eclipse.jdt.core.tests.eval.DebugEvaluationTest" time="0.132"/>
  <testcase name="test035 - 1.4" classname="org.eclipse.jdt.core.tests.eval.DebugEvaluationTest" time="0.138"/>
  <testcase name="test036 - 1.4" classname="org.eclipse.jdt.core.tests.eval.DebugEvaluationTest" time="0.203"/>
  <testcase name="test037 - 1.4" classname="org.eclipse.jdt.core.tests.eval.DebugEvaluationTest" time="0.149"/>
  <testcase name="test038 - 1.4" classname="org.eclipse.jdt.core.tests.eval.DebugEvaluationTest" time="0.154"/>
  <testcase name="test039 - 1.4" classname="org.eclipse.jdt.core.tests.eval.DebugEvaluationTest" time="0.147"/>
  <testcase name="test040 - 1.4" classname="org.eclipse.jdt.core.tests.eval.DebugEvaluationTest" time="0.133"/>
  <testcase name="test041 - 1.4" classname="org.eclipse.jdt.core.tests.eval.DebugEvaluationTest" time="0.14"/>
  <testcase name="test042 - 1.4" classname="org.eclipse.jdt.core.tests.eval.DebugEvaluationTest" time="0.153"/>
  <testcase name="test043 - 1.4" classname="org.eclipse.jdt.core.tests.eval.DebugEvaluationTest" time="0.154"/>
  <testcase name="test044 - 1.4" classname="org.eclipse.jdt.core.tests.eval.DebugEvaluationTest" time="0.155"/>
  <testcase name="test045 - 1.4" classname="org.eclipse.jdt.core.tests.eval.DebugEvaluationTest" time="0.152"/>
  <testcase name="test046 - 1.4" classname="org.eclipse.jdt.core.tests.eval.DebugEvaluationTest" time="0.156"/>
  <testcase name="test047 - 1.4" classname="org.eclipse.jdt.core.tests.eval.DebugEvaluationTest" time="0.156"/>
  <testcase name="test048 - 1.4" classname="org.eclipse.jdt.core.tests.eval.DebugEvaluationTest" time="0.152"/>
  <testcase name="test049 - 1.4" classname="org.eclipse.jdt.core.tests.eval.DebugEvaluationTest" time="0.158"/>
  <testcase name="test050 - 1.4" classname="org.eclipse.jdt.core.tests.eval.DebugEvaluationTest" time="0.163"/>
  <testcase name="test051 - 1.4" classname="org.eclipse.jdt.core.tests.eval.DebugEvaluationTest" time="0.156"/>
  <testcase name="test052 - 1.4" classname="org.eclipse.jdt.core.tests.eval.DebugEvaluationTest" time="0.155"/>
  <testcase name="test053 - 1.4" classname="org.eclipse.jdt.core.tests.eval.DebugEvaluationTest" time="0.159"/>
  <testcase name="test054 - 1.4" classname="org.eclipse.jdt.core.tests.eval.DebugEvaluationTest" time="0.159"/>
  <testcase name="test055 - 1.4" classname="org.eclipse.jdt.core.tests.eval.DebugEvaluationTest" time="0.166"/>
  <testcase name="test056 - 1.4" classname="org.eclipse.jdt.core.tests.eval.DebugEvaluationTest" time="0.164"/>
  <testcase name="test057 - 1.4" classname="org.eclipse.jdt.core.tests.eval.DebugEvaluationTest" time="0.158"/>
  <testcase name="test058 - 1.4" classname="org.eclipse.jdt.core.tests.eval.DebugEvaluationTest" time="0.148"/>
  <testcase name="test059 - 1.4" classname="org.eclipse.jdt.core.tests.eval.DebugEvaluationTest" time="0.148"/>
  <testcase name="test060 - 1.4" classname="org.eclipse.jdt.core.tests.eval.DebugEvaluationTest" time="0.144"/>
  <testcase name="test061 - 1.4" classname="org.eclipse.jdt.core.tests.eval.DebugEvaluationTest" time="0.139"/>
  <testcase name="test062 - 1.4" classname="org.eclipse.jdt.core.tests.eval.DebugEvaluationTest" time="0.137"/>
  <testcase name="test063 - 1.4" classname="org.eclipse.jdt.core.tests.eval.DebugEvaluationTest" time="0"/>
  <testcase name="test065 - 1.4" classname="org.eclipse.jdt.core.tests.eval.DebugEvaluationTest" time="0"/>
  <testcase name="test066 - 1.4" classname="org.eclipse.jdt.core.tests.eval.DebugEvaluationTest" time="0"/>
  <testcase name="test067 - 1.4" classname="org.eclipse.jdt.core.tests.eval.DebugEvaluationTest" time="0"/>
  <testcase name="test068 - 1.4" classname="org.eclipse.jdt.core.tests.eval.DebugEvaluationTest" time="0.001"/>
  <testcase name="test069 - 1.4" classname="org.eclipse.jdt.core.tests.eval.DebugEvaluationTest" time="0"/>
  <testcase name="testNegative001 - 1.4" classname="org.eclipse.jdt.core.tests.eval.DebugEvaluationTest" time="0.025"/>
  <testcase name="testNegative002 - 1.4" classname="org.eclipse.jdt.core.tests.eval.DebugEvaluationTest" time="0.024"/>
  <testcase name="testNegative003 - 1.4" classname="org.eclipse.jdt.core.tests.eval.DebugEvaluationTest" time="0.024"/>
  <testcase name="testNegative004 - 1.4" classname="org.eclipse.jdt.core.tests.eval.DebugEvaluationTest" time="0.011"/>
  <testcase name="testNegative005 - 1.4" classname="org.eclipse.jdt.core.tests.eval.DebugEvaluationTest" time="0.01"/>
  <testcase name="testAllVariables - 1.5" classname="org.eclipse.jdt.core.tests.eval.SanityTestEvaluationContext" time="0"/>
  <testcase name="testEvaluate - 1.5" classname="org.eclipse.jdt.core.tests.eval.SanityTestEvaluationContext" time="0.008"/>
  <testcase name="testEvaluateImports - 1.5" classname="org.eclipse.jdt.core.tests.eval.SanityTestEvaluationContext" time="0"/>
  <testcase name="testEvaluateVariable - 1.5" classname="org.eclipse.jdt.core.tests.eval.SanityTestEvaluationContext" time="0.005"/>
  <testcase name="testEvaluateVariables - 1.5" classname="org.eclipse.jdt.core.tests.eval.SanityTestEvaluationContext" time="0.001"/>
  <testcase name="testGetSetImports - 1.5" classname="org.eclipse.jdt.core.tests.eval.SanityTestEvaluationContext" time="0"/>
  <testcase name="testGetSetPackageName - 1.5" classname="org.eclipse.jdt.core.tests.eval.SanityTestEvaluationContext" time="0"/>
  <testcase name="testNewDeleteVariable - 1.5" classname="org.eclipse.jdt.core.tests.eval.SanityTestEvaluationContext" time="0"/>
  <testcase name="testGetEvaluationType - 1.5" classname="org.eclipse.jdt.core.tests.eval.SanityTestEvaluationResult" time="0.003"/>
  <testcase name="testGetProblems - 1.5" classname="org.eclipse.jdt.core.tests.eval.SanityTestEvaluationResult" time="0.002"/>
  <testcase name="testGetValue - 1.5" classname="org.eclipse.jdt.core.tests.eval.SanityTestEvaluationResult" time="0.003"/>
  <testcase name="testGetValueDisplayString - 1.5" classname="org.eclipse.jdt.core.tests.eval.SanityTestEvaluationResult" time="0.002"/>
  <testcase name="testGetValueTypeName - 1.5" classname="org.eclipse.jdt.core.tests.eval.SanityTestEvaluationResult" time="0.002"/>
  <testcase name="testHasErrors - 1.5" classname="org.eclipse.jdt.core.tests.eval.SanityTestEvaluationResult" time="0.002"/>
  <testcase name="testHasProblems - 1.5" classname="org.eclipse.jdt.core.tests.eval.SanityTestEvaluationResult" time="0.002"/>
  <testcase name="testHasValue - 1.5" classname="org.eclipse.jdt.core.tests.eval.SanityTestEvaluationResult" time="0.003"/>
  <testcase name="testHasWarnings - 1.5" classname="org.eclipse.jdt.core.tests.eval.SanityTestEvaluationResult" time="0.003"/>
  <testcase name="testAllKindOfValues - 1.5" classname="org.eclipse.jdt.core.tests.eval.VariableTest" time="0.037"/>
  <testcase name="testCodeSnippetVarAssign - 1.5" classname="org.eclipse.jdt.core.tests.eval.VariableTest" time="0.058"/>
  <testcase name="testCodeSnippetVarRetrieval - 1.5" classname="org.eclipse.jdt.core.tests.eval.VariableTest" time="0.028"/>
  <testcase name="testImports - 1.5" classname="org.eclipse.jdt.core.tests.eval.VariableTest" time="0.021"/>
  <testcase name="testSeveralVariableInstallations - 1.5" classname="org.eclipse.jdt.core.tests.eval.VariableTest" time="0.083"/>
  <testcase name="testBug345334 - 1.5" classname="org.eclipse.jdt.core.tests.eval.CodeSnippetTest" time="0.004"/>
  <testcase name="testBug464656 - 1.5" classname="org.eclipse.jdt.core.tests.eval.CodeSnippetTest" time="0"/>
  <testcase name="testCheckedException - 1.5" classname="org.eclipse.jdt.core.tests.eval.CodeSnippetTest" time="0.004"/>
  <testcase name="testDiamond - 1.5" classname="org.eclipse.jdt.core.tests.eval.CodeSnippetTest" time="0"/>
  <testcase name="testEmptyStatement - 1.5" classname="org.eclipse.jdt.core.tests.eval.CodeSnippetTest" time="0.004"/>
  <testcase name="testEvaluateEmptyImport - 1.5" classname="org.eclipse.jdt.core.tests.eval.CodeSnippetTest" time="0"/>
  <testcase name="testEvaluateExistingPackageAndNonExistingTypeImports - 1.5" classname="org.eclipse.jdt.core.tests.eval.CodeSnippetTest" time="0"/>
  <testcase name="testEvaluateNonExistingPackageAndExistingTypeImports - 1.5" classname="org.eclipse.jdt.core.tests.eval.CodeSnippetTest" time="0"/>
  <testcase name="testEvaluateNonExistingPackageImport - 1.5" classname="org.eclipse.jdt.core.tests.eval.CodeSnippetTest" time="0"/>
  <testcase name="testEvaluateNonExistingTypeImport - 1.5" classname="org.eclipse.jdt.core.tests.eval.CodeSnippetTest" time="0"/>
  <testcase name="testEvaluateValidPackageAndTypeImports - 1.5" classname="org.eclipse.jdt.core.tests.eval.CodeSnippetTest" time="0"/>
  <testcase name="testEvaluateValidPackageImport - 1.5" classname="org.eclipse.jdt.core.tests.eval.CodeSnippetTest" time="0"/>
  <testcase name="testEvaluateValidTypeImport - 1.5" classname="org.eclipse.jdt.core.tests.eval.CodeSnippetTest" time="0"/>
  <testcase name="testFinallyError - 1.5" classname="org.eclipse.jdt.core.tests.eval.CodeSnippetTest" time="0.003"/>
  <testcase name="testFinallyOneBlock - 1.5" classname="org.eclipse.jdt.core.tests.eval.CodeSnippetTest" time="0.004"/>
  <testcase name="testFinallyTwoBlock - 1.5" classname="org.eclipse.jdt.core.tests.eval.CodeSnippetTest" time="0.003"/>
  <testcase name="testFor89632 - 1.5" classname="org.eclipse.jdt.core.tests.eval.CodeSnippetTest" time="0.008"/>
  <testcase name="testFreeReturnAnonymous - 1.5" classname="org.eclipse.jdt.core.tests.eval.CodeSnippetTest" time="0.004"/>
  <testcase name="testFreeReturnClassDeclaration - 1.5" classname="org.eclipse.jdt.core.tests.eval.CodeSnippetTest" time="0.004"/>
  <testcase name="testFreeReturnExpression - 1.5" classname="org.eclipse.jdt.core.tests.eval.CodeSnippetTest" time="0.002"/>
  <testcase name="testFreeReturnInteger - 1.5" classname="org.eclipse.jdt.core.tests.eval.CodeSnippetTest" time="0.002"/>
  <testcase name="testFreeReturnLocalVar - 1.5" classname="org.eclipse.jdt.core.tests.eval.CodeSnippetTest" time="0.003"/>
  <testcase name="testFreeReturnStatement - 1.5" classname="org.eclipse.jdt.core.tests.eval.CodeSnippetTest" time="0.003"/>
  <testcase name="testImportPackage - 1.5" classname="org.eclipse.jdt.core.tests.eval.CodeSnippetTest" time="0.004"/>
  <testcase name="testImportType - 1.5" classname="org.eclipse.jdt.core.tests.eval.CodeSnippetTest" time="0.005"/>
  <testcase name="testImportTypeAndPackage - 1.5" classname="org.eclipse.jdt.core.tests.eval.CodeSnippetTest" time="0.004"/>
  <testcase name="testInnerClassAnonymous - 1.5" classname="org.eclipse.jdt.core.tests.eval.CodeSnippetTest" time="0.005"/>
  <testcase name="testInnerClassNamed - 1.5" classname="org.eclipse.jdt.core.tests.eval.CodeSnippetTest" time="0.004"/>
  <testcase name="testReturnDisplayStringBoolean - 1.5" classname="org.eclipse.jdt.core.tests.eval.CodeSnippetTest" time="0.003"/>
  <testcase name="testReturnDisplayStringCharacter - 1.5" classname="org.eclipse.jdt.core.tests.eval.CodeSnippetTest" time="0.003"/>
  <testcase name="testReturnDisplayStringDouble - 1.5" classname="org.eclipse.jdt.core.tests.eval.CodeSnippetTest" time="0.003"/>
  <testcase name="testReturnDisplayStringEmptyCodeSnippet - 1.5" classname="org.eclipse.jdt.core.tests.eval.CodeSnippetTest" time="0.002"/>
  <testcase name="testReturnDisplayStringFloat - 1.5" classname="org.eclipse.jdt.core.tests.eval.CodeSnippetTest" time="0.003"/>
  <testcase name="testReturnDisplayStringInteger - 1.5" classname="org.eclipse.jdt.core.tests.eval.CodeSnippetTest" time="0.003"/>
  <testcase name="testReturnDisplayStringLong - 1.5" classname="org.eclipse.jdt.core.tests.eval.CodeSnippetTest" time="0.003"/>
  <testcase name="testReturnDisplayStringNoExplicitReturnedValue - 1.5" classname="org.eclipse.jdt.core.tests.eval.CodeSnippetTest" time="0.004"/>
  <testcase name="testReturnDisplayStringObject - 1.5" classname="org.eclipse.jdt.core.tests.eval.CodeSnippetTest" time="0.005"/>
  <testcase name="testReturnDisplayStringShort - 1.5" classname="org.eclipse.jdt.core.tests.eval.CodeSnippetTest" time="0.003"/>
  <testcase name="testReturnDisplayStringString - 1.5" classname="org.eclipse.jdt.core.tests.eval.CodeSnippetTest" time="0.003"/>
  <testcase name="testReturnDisplayStringVoid - 1.5" classname="org.eclipse.jdt.core.tests.eval.CodeSnippetTest" time="0.004"/>
  <testcase name="testReturnTypeBoolean - 1.5" classname="org.eclipse.jdt.core.tests.eval.CodeSnippetTest" time="0.003"/>
  <testcase name="testReturnTypeBooleanArray - 1.5" classname="org.eclipse.jdt.core.tests.eval.CodeSnippetTest" time="0.003"/>
  <testcase name="testReturnTypeBooleanObject - 1.5" classname="org.eclipse.jdt.core.tests.eval.CodeSnippetTest" time="0.003"/>
  <testcase name="testReturnTypeChar - 1.5" classname="org.eclipse.jdt.core.tests.eval.CodeSnippetTest" time="0.003"/>
  <testcase name="testReturnTypeCharArray - 1.5" classname="org.eclipse.jdt.core.tests.eval.CodeSnippetTest" time="0.003"/>
  <testcase name="testReturnTypeCharacterObject - 1.5" classname="org.eclipse.jdt.core.tests.eval.CodeSnippetTest" time="0.003"/>
  <testcase name="testReturnTypeDouble - 1.5" classname="org.eclipse.jdt.core.tests.eval.CodeSnippetTest" time="0.003"/>
  <testcase name="testReturnTypeDoubleArray - 1.5" classname="org.eclipse.jdt.core.tests.eval.CodeSnippetTest" time="0.003"/>
  <testcase name="testReturnTypeDoubleObject - 1.5" classname="org.eclipse.jdt.core.tests.eval.CodeSnippetTest" time="0.003"/>
  <testcase name="testReturnTypeEmptyCodeSnippet - 1.5" classname="org.eclipse.jdt.core.tests.eval.CodeSnippetTest" time="0.001"/>
  <testcase name="testReturnTypeFloat - 1.5" classname="org.eclipse.jdt.core.tests.eval.CodeSnippetTest" time="0.002"/>
  <testcase name="testReturnTypeFloatArray - 1.5" classname="org.eclipse.jdt.core.tests.eval.CodeSnippetTest" time="0.003"/>
  <testcase name="testReturnTypeFloatObject - 1.5" classname="org.eclipse.jdt.core.tests.eval.CodeSnippetTest" time="0.004"/>
  <testcase name="testReturnTypeInt - 1.5" classname="org.eclipse.jdt.core.tests.eval.CodeSnippetTest" time="0.002"/>
  <testcase name="testReturnTypeIntegerObject - 1.5" classname="org.eclipse.jdt.core.tests.eval.CodeSnippetTest" time="0.002"/>
  <testcase name="testReturnTypeLong - 1.5" classname="org.eclipse.jdt.core.tests.eval.CodeSnippetTest" time="0.002"/>
  <testcase name="testReturnTypeLongArray - 1.5" classname="org.eclipse.jdt.core.tests.eval.CodeSnippetTest" time="0.003"/>
  <testcase name="testReturnTypeLongObject - 1.5" classname="org.eclipse.jdt.core.tests.eval.CodeSnippetTest" time="0.004"/>
  <testcase name="testReturnTypeNoExplicitReturnedValue - 1.5" classname="org.eclipse.jdt.core.tests.eval.CodeSnippetTest" time="0.002"/>
  <testcase name="testReturnTypeObject - 1.5" classname="org.eclipse.jdt.core.tests.eval.CodeSnippetTest" time="0.002"/>
  <testcase name="testReturnTypeObjectArray - 1.5" classname="org.eclipse.jdt.core.tests.eval.CodeSnippetTest" time="0.002"/>
  <testcase name="testReturnTypeShort - 1.5" classname="org.eclipse.jdt.core.tests.eval.CodeSnippetTest" time="0.002"/>
  <testcase name="testReturnTypeShortArray - 1.5" classname="org.eclipse.jdt.core.tests.eval.CodeSnippetTest" time="0.004"/>
  <testcase name="testReturnTypeShortObject - 1.5" classname="org.eclipse.jdt.core.tests.eval.CodeSnippetTest" time="0.003"/>
  <testcase name="testReturnTypeString - 1.5" classname="org.eclipse.jdt.core.tests.eval.CodeSnippetTest" time="0.003"/>
  <testcase name="testReturnTypeStringArray - 1.5" classname="org.eclipse.jdt.core.tests.eval.CodeSnippetTest" time="0.003"/>
  <testcase name="testReturnTypeVoid - 1.5" classname="org.eclipse.jdt.core.tests.eval.CodeSnippetTest" time="0.003"/>
  <testcase name="testReturnTypesIntArray - 1.5" classname="org.eclipse.jdt.core.tests.eval.CodeSnippetTest" time="0.002"/>
  <testcase name="testRunMethodInAnonymous - 1.5" classname="org.eclipse.jdt.core.tests.eval.CodeSnippetTest" time="0.212"/>
  <testcase name="testRunMethodInAnonymous2 - 1.5" classname="org.eclipse.jdt.core.tests.eval.CodeSnippetTest" time="0.209"/>
  <testcase name="testRunMethodInAnonymous3 - 1.5" classname="org.eclipse.jdt.core.tests.eval.CodeSnippetTest" time="0.21"/>
  <testcase name="testRunMethodInAnonymous4 - 1.5" classname="org.eclipse.jdt.core.tests.eval.CodeSnippetTest" time="0.212"/>
  <testcase name="testRunMethodInAnonymous5 - 1.5" classname="org.eclipse.jdt.core.tests.eval.CodeSnippetTest" time="0.211"/>
  <testcase name="testRunMethodInAnonymous6 - 1.5" classname="org.eclipse.jdt.core.tests.eval.CodeSnippetTest" time="0.211"/>
  <testcase name="testRunMethodInAnonymous7 - 1.5" classname="org.eclipse.jdt.core.tests.eval.CodeSnippetTest" time="0.21"/>
  <testcase name="testRunMethodInAnonymous8 - 1.5" classname="org.eclipse.jdt.core.tests.eval.CodeSnippetTest" time="0.205"/>
  <testcase name="testExpressionInInnerClass - 1.5" classname="org.eclipse.jdt.core.tests.eval.NegativeCodeSnippetTest" time="0.002"/>
  <testcase name="testExtraClosingCurlyBracket - 1.5" classname="org.eclipse.jdt.core.tests.eval.NegativeCodeSnippetTest" time="0.001"/>
  <testcase name="testExtraOpenRoundBracket - 1.5" classname="org.eclipse.jdt.core.tests.eval.NegativeCodeSnippetTest" time="0.001"/>
  <testcase name="testExtraSemiColonInExpression - 1.5" classname="org.eclipse.jdt.core.tests.eval.NegativeCodeSnippetTest" time="0.001"/>
  <testcase name="testInvalidField - 1.5" classname="org.eclipse.jdt.core.tests.eval.NegativeCodeSnippetTest" time="0.001"/>
  <testcase name="testInvalidImport - 1.5" classname="org.eclipse.jdt.core.tests.eval.NegativeCodeSnippetTest" time="0.001"/>
  <testcase name="testInvalidUseOfThisInSnippet - 1.5" classname="org.eclipse.jdt.core.tests.eval.NegativeCodeSnippetTest" time="0.001"/>
  <testcase name="testInvalidUseOfThisInSnippet2 - 1.5" classname="org.eclipse.jdt.core.tests.eval.NegativeCodeSnippetTest" time="0"/>
  <testcase name="testMissingClosingRoundBracket - 1.5" classname="org.eclipse.jdt.core.tests.eval.NegativeCodeSnippetTest" time="0.001"/>
  <testcase name="testMissingDoubleQuote - 1.5" classname="org.eclipse.jdt.core.tests.eval.NegativeCodeSnippetTest" time="0.001"/>
  <testcase name="testNonLastExpressionStatement - 1.5" classname="org.eclipse.jdt.core.tests.eval.NegativeCodeSnippetTest" time="0.001"/>
  <testcase name="testProblemInExpression - 1.5" classname="org.eclipse.jdt.core.tests.eval.NegativeCodeSnippetTest" time="0"/>
  <testcase name="testProblemInExpression2 - 1.5" classname="org.eclipse.jdt.core.tests.eval.NegativeCodeSnippetTest" time="0.001"/>
  <testcase name="testProblemInInnerClass - 1.5" classname="org.eclipse.jdt.core.tests.eval.NegativeCodeSnippetTest" time="0.004"/>
  <testcase name="testProblemInPreviousStatement - 1.5" classname="org.eclipse.jdt.core.tests.eval.NegativeCodeSnippetTest" time="0.001"/>
  <testcase name="testProblemInReturnStatement - 1.5" classname="org.eclipse.jdt.core.tests.eval.NegativeCodeSnippetTest" time="0"/>
  <testcase name="testRemoveImport - 1.5" classname="org.eclipse.jdt.core.tests.eval.NegativeCodeSnippetTest" time="0.004"/>
  <testcase name="testRemoveVariable - 1.5" classname="org.eclipse.jdt.core.tests.eval.NegativeCodeSnippetTest" time="0.004"/>
  <testcase name="testUnreachableExpression - 1.5" classname="org.eclipse.jdt.core.tests.eval.NegativeCodeSnippetTest" time="0.002"/>
  <testcase name="testUnusedImport - 1.5" classname="org.eclipse.jdt.core.tests.eval.NegativeCodeSnippetTest" time="0.003"/>
  <testcase name="testWarning - 1.5" classname="org.eclipse.jdt.core.tests.eval.NegativeCodeSnippetTest" time="0.003"/>
  <testcase name="testInitializerProblem - 1.5" classname="org.eclipse.jdt.core.tests.eval.NegativeVariableTest" time="0.003"/>
  <testcase name="testUnknownType - 1.5" classname="org.eclipse.jdt.core.tests.eval.NegativeVariableTest" time="0.001"/>
  <testcase name="test001 - 1.5" classname="org.eclipse.jdt.core.tests.eval.DebugEvaluationTest" time="0.134"/>
  <testcase name="test002 - 1.5" classname="org.eclipse.jdt.core.tests.eval.DebugEvaluationTest" time="0.137"/>
  <testcase name="test003 - 1.5" classname="org.eclipse.jdt.core.tests.eval.DebugEvaluationTest" time="0.025"/>
  <testcase name="test004 - 1.5" classname="org.eclipse.jdt.core.tests.eval.DebugEvaluationTest" time="0.127"/>
  <testcase name="test005 - 1.5" classname="org.eclipse.jdt.core.tests.eval.DebugEvaluationTest" time="0.144"/>
  <testcase name="test006 - 1.5" classname="org.eclipse.jdt.core.tests.eval.DebugEvaluationTest" time="0.138"/>
  <testcase name="test007 - 1.5" classname="org.eclipse.jdt.core.tests.eval.DebugEvaluationTest" time="0.133"/>
  <testcase name="test008 - 1.5" classname="org.eclipse.jdt.core.tests.eval.DebugEvaluationTest" time="0.138"/>
  <testcase name="test009 - 1.5" classname="org.eclipse.jdt.core.tests.eval.DebugEvaluationTest" time="0.125"/>
  <testcase name="test010 - 1.5" classname="org.eclipse.jdt.core.tests.eval.DebugEvaluationTest" time="0.136"/>
  <testcase name="test011 - 1.5" classname="org.eclipse.jdt.core.tests.eval.DebugEvaluationTest" time="0.127"/>
  <testcase name="test016 - 1.5" classname="org.eclipse.jdt.core.tests.eval.DebugEvaluationTest" time="0.226"/>
  <testcase name="test017 - 1.5" classname="org.eclipse.jdt.core.tests.eval.DebugEvaluationTest" time="0.115"/>
  <testcase name="test018 - 1.5" classname="org.eclipse.jdt.core.tests.eval.DebugEvaluationTest" time="0.245"/>
  <testcase name="test019 - 1.5" classname="org.eclipse.jdt.core.tests.eval.DebugEvaluationTest" time="0.03"/>
  <testcase name="test020 - 1.5" classname="org.eclipse.jdt.core.tests.eval.DebugEvaluationTest" time="0.144"/>
  <testcase name="test021 - 1.5" classname="org.eclipse.jdt.core.tests.eval.DebugEvaluationTest" time="0.255"/>
  <testcase name="test022 - 1.5" classname="org.eclipse.jdt.core.tests.eval.DebugEvaluationTest" time="0.257"/>
  <testcase name="test023 - 1.5" classname="org.eclipse.jdt.core.tests.eval.DebugEvaluationTest" time="0.268"/>
  <testcase name="test024 - 1.5" classname="org.eclipse.jdt.core.tests.eval.DebugEvaluationTest" time="0.261"/>
  <testcase name="test025 - 1.5" classname="org.eclipse.jdt.core.tests.eval.DebugEvaluationTest" time="0.255"/>
  <testcase name="test026 - 1.5" classname="org.eclipse.jdt.core.tests.eval.DebugEvaluationTest" time="0.14"/>
  <testcase name="test027 - 1.5" classname="org.eclipse.jdt.core.tests.eval.DebugEvaluationTest" time="0.139"/>
  <testcase name="test028 - 1.5" classname="org.eclipse.jdt.core.tests.eval.DebugEvaluationTest" time="0.136"/>
  <testcase name="test029 - 1.5" classname="org.eclipse.jdt.core.tests.eval.DebugEvaluationTest" time="0.134"/>
  <testcase name="test030 - 1.5" classname="org.eclipse.jdt.core.tests.eval.DebugEvaluationTest" time="0.135"/>
  <testcase name="test031 - 1.5" classname="org.eclipse.jdt.core.tests.eval.DebugEvaluationTest" time="0.139"/>
  <testcase name="test032 - 1.5" classname="org.eclipse.jdt.core.tests.eval.DebugEvaluationTest" time="0.032"/>
  <testcase name="test033 - 1.5" classname="org.eclipse.jdt.core.tests.eval.DebugEvaluationTest" time="0.144"/>
  <testcase name="test034 - 1.5" classname="org.eclipse.jdt.core.tests.eval.DebugEvaluationTest" time="0.137"/>
  <testcase name="test035 - 1.5" classname="org.eclipse.jdt.core.tests.eval.DebugEvaluationTest" time="0.139"/>
  <testcase name="test036 - 1.5" classname="org.eclipse.jdt.core.tests.eval.DebugEvaluationTest" time="0.139"/>
  <testcase name="test037 - 1.5" classname="org.eclipse.jdt.core.tests.eval.DebugEvaluationTest" time="0.134"/>
  <testcase name="test038 - 1.5" classname="org.eclipse.jdt.core.tests.eval.DebugEvaluationTest" time="0.137"/>
  <testcase name="test039 - 1.5" classname="org.eclipse.jdt.core.tests.eval.DebugEvaluationTest" time="0.14"/>
  <testcase name="test040 - 1.5" classname="org.eclipse.jdt.core.tests.eval.DebugEvaluationTest" time="0.139"/>
  <testcase name="test041 - 1.5" classname="org.eclipse.jdt.core.tests.eval.DebugEvaluationTest" time="0.135"/>
  <testcase name="test042 - 1.5" classname="org.eclipse.jdt.core.tests.eval.DebugEvaluationTest" time="0.138"/>
  <testcase name="test043 - 1.5" classname="org.eclipse.jdt.core.tests.eval.DebugEvaluationTest" time="0.14"/>
  <testcase name="test044 - 1.5" classname="org.eclipse.jdt.core.tests.eval.DebugEvaluationTest" time="0.14"/>
  <testcase name="test045 - 1.5" classname="org.eclipse.jdt.core.tests.eval.DebugEvaluationTest" time="0.139"/>
  <testcase name="test046 - 1.5" classname="org.eclipse.jdt.core.tests.eval.DebugEvaluationTest" time="0.137"/>
  <testcase name="test047 - 1.5" classname="org.eclipse.jdt.core.tests.eval.DebugEvaluationTest" time="0.14"/>
  <testcase name="test048 - 1.5" classname="org.eclipse.jdt.core.tests.eval.DebugEvaluationTest" time="0.143"/>
  <testcase name="test049 - 1.5" classname="org.eclipse.jdt.core.tests.eval.DebugEvaluationTest" time="0.141"/>
  <testcase name="test050 - 1.5" classname="org.eclipse.jdt.core.tests.eval.DebugEvaluationTest" time="0.142"/>
  <testcase name="test051 - 1.5" classname="org.eclipse.jdt.core.tests.eval.DebugEvaluationTest" time="0.136"/>
  <testcase name="test052 - 1.5" classname="org.eclipse.jdt.core.tests.eval.DebugEvaluationTest" time="0.136"/>
  <testcase name="test053 - 1.5" classname="org.eclipse.jdt.core.tests.eval.DebugEvaluationTest" time="0.135"/>
  <testcase name="test054 - 1.5" classname="org.eclipse.jdt.core.tests.eval.DebugEvaluationTest" time="0.139"/>
  <testcase name="test055 - 1.5" classname="org.eclipse.jdt.core.tests.eval.DebugEvaluationTest" time="0.139"/>
  <testcase name="test056 - 1.5" classname="org.eclipse.jdt.core.tests.eval.DebugEvaluationTest" time="0.14"/>
  <testcase name="test057 - 1.5" classname="org.eclipse.jdt.core.tests.eval.DebugEvaluationTest" time="0.14"/>
  <testcase name="test058 - 1.5" classname="org.eclipse.jdt.core.tests.eval.DebugEvaluationTest" time="0.141"/>
  <testcase name="test059 - 1.5" classname="org.eclipse.jdt.core.tests.eval.DebugEvaluationTest" time="0.143"/>
  <testcase name="test060 - 1.5" classname="org.eclipse.jdt.core.tests.eval.DebugEvaluationTest" time="0.14"/>
  <testcase name="test061 - 1.5" classname="org.eclipse.jdt.core.tests.eval.DebugEvaluationTest" time="0.142"/>
  <testcase name="test062 - 1.5" classname="org.eclipse.jdt.core.tests.eval.DebugEvaluationTest" time="0.139"/>
  <testcase name="test063 - 1.5" classname="org.eclipse.jdt.core.tests.eval.DebugEvaluationTest" time="0.14"/>
  <testcase name="test065 - 1.5" classname="org.eclipse.jdt.core.tests.eval.DebugEvaluationTest" time="0.145"/>
  <testcase name="test066 - 1.5" classname="org.eclipse.jdt.core.tests.eval.DebugEvaluationTest" time="0.142"/>
  <testcase name="test067 - 1.5" classname="org.eclipse.jdt.core.tests.eval.DebugEvaluationTest" time="0.143"/>
  <testcase name="test068 - 1.5" classname="org.eclipse.jdt.core.tests.eval.DebugEvaluationTest" time="0.035"/>
  <testcase name="test069 - 1.5" classname="org.eclipse.jdt.core.tests.eval.DebugEvaluationTest" time="0.037"/>
  <testcase name="testNegative001 - 1.5" classname="org.eclipse.jdt.core.tests.eval.DebugEvaluationTest" time="0.029"/>
  <testcase name="testNegative002 - 1.5" classname="org.eclipse.jdt.core.tests.eval.DebugEvaluationTest" time="0.027"/>
  <testcase name="testNegative003 - 1.5" classname="org.eclipse.jdt.core.tests.eval.DebugEvaluationTest" time="0.028"/>
  <testcase name="testNegative004 - 1.5" classname="org.eclipse.jdt.core.tests.eval.DebugEvaluationTest" time="0.012"/>
  <testcase name="testNegative005 - 1.5" classname="org.eclipse.jdt.core.tests.eval.DebugEvaluationTest" time="0.011"/>
  <testcase name="testAllVariables - 1.6" classname="org.eclipse.jdt.core.tests.eval.SanityTestEvaluationContext" time="0"/>
  <testcase name="testEvaluate - 1.6" classname="org.eclipse.jdt.core.tests.eval.SanityTestEvaluationContext" time="0.006"/>
  <testcase name="testEvaluateImports - 1.6" classname="org.eclipse.jdt.core.tests.eval.SanityTestEvaluationContext" time="0"/>
  <testcase name="testEvaluateVariable - 1.6" classname="org.eclipse.jdt.core.tests.eval.SanityTestEvaluationContext" time="0.006"/>
  <testcase name="testEvaluateVariables - 1.6" classname="org.eclipse.jdt.core.tests.eval.SanityTestEvaluationContext" time="0.002"/>
  <testcase name="testGetSetImports - 1.6" classname="org.eclipse.jdt.core.tests.eval.SanityTestEvaluationContext" time="0"/>
  <testcase name="testGetSetPackageName - 1.6" classname="org.eclipse.jdt.core.tests.eval.SanityTestEvaluationContext" time="0"/>
  <testcase name="testNewDeleteVariable - 1.6" classname="org.eclipse.jdt.core.tests.eval.SanityTestEvaluationContext" time="0"/>
  <testcase name="testGetEvaluationType - 1.6" classname="org.eclipse.jdt.core.tests.eval.SanityTestEvaluationResult" time="0.002"/>
  <testcase name="testGetProblems - 1.6" classname="org.eclipse.jdt.core.tests.eval.SanityTestEvaluationResult" time="0.003"/>
  <testcase name="testGetValue - 1.6" classname="org.eclipse.jdt.core.tests.eval.SanityTestEvaluationResult" time="0.002"/>
  <testcase name="testGetValueDisplayString - 1.6" classname="org.eclipse.jdt.core.tests.eval.SanityTestEvaluationResult" time="0.003"/>
  <testcase name="testGetValueTypeName - 1.6" classname="org.eclipse.jdt.core.tests.eval.SanityTestEvaluationResult" time="0.002"/>
  <testcase name="testHasErrors - 1.6" classname="org.eclipse.jdt.core.tests.eval.SanityTestEvaluationResult" time="0.002"/>
  <testcase name="testHasProblems - 1.6" classname="org.eclipse.jdt.core.tests.eval.SanityTestEvaluationResult" time="0.002"/>
  <testcase name="testHasValue - 1.6" classname="org.eclipse.jdt.core.tests.eval.SanityTestEvaluationResult" time="0.002"/>
  <testcase name="testHasWarnings - 1.6" classname="org.eclipse.jdt.core.tests.eval.SanityTestEvaluationResult" time="0.002"/>
  <testcase name="testAllKindOfValues - 1.6" classname="org.eclipse.jdt.core.tests.eval.VariableTest" time="0.032"/>
  <testcase name="testCodeSnippetVarAssign - 1.6" classname="org.eclipse.jdt.core.tests.eval.VariableTest" time="0.04"/>
  <testcase name="testCodeSnippetVarRetrieval - 1.6" classname="org.eclipse.jdt.core.tests.eval.VariableTest" time="0.021"/>
  <testcase name="testImports - 1.6" classname="org.eclipse.jdt.core.tests.eval.VariableTest" time="0.016"/>
  <testcase name="testSeveralVariableInstallations - 1.6" classname="org.eclipse.jdt.core.tests.eval.VariableTest" time="0.065"/>
  <testcase name="testBug345334 - 1.6" classname="org.eclipse.jdt.core.tests.eval.CodeSnippetTest" time="0.002"/>
  <testcase name="testBug464656 - 1.6" classname="org.eclipse.jdt.core.tests.eval.CodeSnippetTest" time="0"/>
  <testcase name="testCheckedException - 1.6" classname="org.eclipse.jdt.core.tests.eval.CodeSnippetTest" time="0.003"/>
  <testcase name="testDiamond - 1.6" classname="org.eclipse.jdt.core.tests.eval.CodeSnippetTest" time="0"/>
  <testcase name="testEmptyStatement - 1.6" classname="org.eclipse.jdt.core.tests.eval.CodeSnippetTest" time="0.003"/>
  <testcase name="testEvaluateEmptyImport - 1.6" classname="org.eclipse.jdt.core.tests.eval.CodeSnippetTest" time="0"/>
  <testcase name="testEvaluateExistingPackageAndNonExistingTypeImports - 1.6" classname="org.eclipse.jdt.core.tests.eval.CodeSnippetTest" time="0"/>
  <testcase name="testEvaluateNonExistingPackageAndExistingTypeImports - 1.6" classname="org.eclipse.jdt.core.tests.eval.CodeSnippetTest" time="0"/>
  <testcase name="testEvaluateNonExistingPackageImport - 1.6" classname="org.eclipse.jdt.core.tests.eval.CodeSnippetTest" time="0"/>
  <testcase name="testEvaluateNonExistingTypeImport - 1.6" classname="org.eclipse.jdt.core.tests.eval.CodeSnippetTest" time="0"/>
  <testcase name="testEvaluateValidPackageAndTypeImports - 1.6" classname="org.eclipse.jdt.core.tests.eval.CodeSnippetTest" time="0"/>
  <testcase name="testEvaluateValidPackageImport - 1.6" classname="org.eclipse.jdt.core.tests.eval.CodeSnippetTest" time="0"/>
  <testcase name="testEvaluateValidTypeImport - 1.6" classname="org.eclipse.jdt.core.tests.eval.CodeSnippetTest" time="0"/>
  <testcase name="testFinallyError - 1.6" classname="org.eclipse.jdt.core.tests.eval.CodeSnippetTest" time="0.003"/>
  <testcase name="testFinallyOneBlock - 1.6" classname="org.eclipse.jdt.core.tests.eval.CodeSnippetTest" time="0.003"/>
  <testcase name="testFinallyTwoBlock - 1.6" classname="org.eclipse.jdt.core.tests.eval.CodeSnippetTest" time="0.002"/>
  <testcase name="testFor89632 - 1.6" classname="org.eclipse.jdt.core.tests.eval.CodeSnippetTest" time="0.004"/>
  <testcase name="testFreeReturnAnonymous - 1.6" classname="org.eclipse.jdt.core.tests.eval.CodeSnippetTest" time="0.003"/>
  <testcase name="testFreeReturnClassDeclaration - 1.6" classname="org.eclipse.jdt.core.tests.eval.CodeSnippetTest" time="0.003"/>
  <testcase name="testFreeReturnExpression - 1.6" classname="org.eclipse.jdt.core.tests.eval.CodeSnippetTest" time="0.003"/>
  <testcase name="testFreeReturnInteger - 1.6" classname="org.eclipse.jdt.core.tests.eval.CodeSnippetTest" time="0.002"/>
  <testcase name="testFreeReturnLocalVar - 1.6" classname="org.eclipse.jdt.core.tests.eval.CodeSnippetTest" time="0.002"/>
  <testcase name="testFreeReturnStatement - 1.6" classname="org.eclipse.jdt.core.tests.eval.CodeSnippetTest" time="0.003"/>
  <testcase name="testImportPackage - 1.6" classname="org.eclipse.jdt.core.tests.eval.CodeSnippetTest" time="0.003"/>
  <testcase name="testImportType - 1.6" classname="org.eclipse.jdt.core.tests.eval.CodeSnippetTest" time="0.003"/>
  <testcase name="testImportTypeAndPackage - 1.6" classname="org.eclipse.jdt.core.tests.eval.CodeSnippetTest" time="0.003"/>
  <testcase name="testInnerClassAnonymous - 1.6" classname="org.eclipse.jdt.core.tests.eval.CodeSnippetTest" time="0.003"/>
  <testcase name="testInnerClassNamed - 1.6" classname="org.eclipse.jdt.core.tests.eval.CodeSnippetTest" time="0.003"/>
  <testcase name="testReturnDisplayStringBoolean - 1.6" classname="org.eclipse.jdt.core.tests.eval.CodeSnippetTest" time="0.002"/>
  <testcase name="testReturnDisplayStringCharacter - 1.6" classname="org.eclipse.jdt.core.tests.eval.CodeSnippetTest" time="0.002"/>
  <testcase name="testReturnDisplayStringDouble - 1.6" classname="org.eclipse.jdt.core.tests.eval.CodeSnippetTest" time="0.003"/>
  <testcase name="testReturnDisplayStringEmptyCodeSnippet - 1.6" classname="org.eclipse.jdt.core.tests.eval.CodeSnippetTest" time="0.002"/>
  <testcase name="testReturnDisplayStringFloat - 1.6" classname="org.eclipse.jdt.core.tests.eval.CodeSnippetTest" time="0.002"/>
  <testcase name="testReturnDisplayStringInteger - 1.6" classname="org.eclipse.jdt.core.tests.eval.CodeSnippetTest" time="0.002"/>
  <testcase name="testReturnDisplayStringLong - 1.6" classname="org.eclipse.jdt.core.tests.eval.CodeSnippetTest" time="0.002"/>
  <testcase name="testReturnDisplayStringNoExplicitReturnedValue - 1.6" classname="org.eclipse.jdt.core.tests.eval.CodeSnippetTest" time="0.002"/>
  <testcase name="testReturnDisplayStringObject - 1.6" classname="org.eclipse.jdt.core.tests.eval.CodeSnippetTest" time="0.003"/>
  <testcase name="testReturnDisplayStringShort - 1.6" classname="org.eclipse.jdt.core.tests.eval.CodeSnippetTest" time="0.003"/>
  <testcase name="testReturnDisplayStringString - 1.6" classname="org.eclipse.jdt.core.tests.eval.CodeSnippetTest" time="0.003"/>
  <testcase name="testReturnDisplayStringVoid - 1.6" classname="org.eclipse.jdt.core.tests.eval.CodeSnippetTest" time="0.002"/>
  <testcase name="testReturnTypeBoolean - 1.6" classname="org.eclipse.jdt.core.tests.eval.CodeSnippetTest" time="0.002"/>
  <testcase name="testReturnTypeBooleanArray - 1.6" classname="org.eclipse.jdt.core.tests.eval.CodeSnippetTest" time="0.002"/>
  <testcase name="testReturnTypeBooleanObject - 1.6" classname="org.eclipse.jdt.core.tests.eval.CodeSnippetTest" time="0.003"/>
  <testcase name="testReturnTypeChar - 1.6" classname="org.eclipse.jdt.core.tests.eval.CodeSnippetTest" time="0.002"/>
  <testcase name="testReturnTypeCharArray - 1.6" classname="org.eclipse.jdt.core.tests.eval.CodeSnippetTest" time="0.002"/>
  <testcase name="testReturnTypeCharacterObject - 1.6" classname="org.eclipse.jdt.core.tests.eval.CodeSnippetTest" time="0.002"/>
  <testcase name="testReturnTypeDouble - 1.6" classname="org.eclipse.jdt.core.tests.eval.CodeSnippetTest" time="0.002"/>
  <testcase name="testReturnTypeDoubleArray - 1.6" classname="org.eclipse.jdt.core.tests.eval.CodeSnippetTest" time="0.002"/>
  <testcase name="testReturnTypeDoubleObject - 1.6" classname="org.eclipse.jdt.core.tests.eval.CodeSnippetTest" time="0.002"/>
  <testcase name="testReturnTypeEmptyCodeSnippet - 1.6" classname="org.eclipse.jdt.core.tests.eval.CodeSnippetTest" time="0.002"/>
  <testcase name="testReturnTypeFloat - 1.6" classname="org.eclipse.jdt.core.tests.eval.CodeSnippetTest" time="0.003"/>
  <testcase name="testReturnTypeFloatArray - 1.6" classname="org.eclipse.jdt.core.tests.eval.CodeSnippetTest" time="0.002"/>
  <testcase name="testReturnTypeFloatObject - 1.6" classname="org.eclipse.jdt.core.tests.eval.CodeSnippetTest" time="0.003"/>
  <testcase name="testReturnTypeInt - 1.6" classname="org.eclipse.jdt.core.tests.eval.CodeSnippetTest" time="0.002"/>
  <testcase name="testReturnTypeIntegerObject - 1.6" classname="org.eclipse.jdt.core.tests.eval.CodeSnippetTest" time="0.002"/>
  <testcase name="testReturnTypeLong - 1.6" classname="org.eclipse.jdt.core.tests.eval.CodeSnippetTest" time="0.002"/>
  <testcase name="testReturnTypeLongArray - 1.6" classname="org.eclipse.jdt.core.tests.eval.CodeSnippetTest" time="0.002"/>
  <testcase name="testReturnTypeLongObject - 1.6" classname="org.eclipse.jdt.core.tests.eval.CodeSnippetTest" time="0.003"/>
  <testcase name="testReturnTypeNoExplicitReturnedValue - 1.6" classname="org.eclipse.jdt.core.tests.eval.CodeSnippetTest" time="0.003"/>
  <testcase name="testReturnTypeObject - 1.6" classname="org.eclipse.jdt.core.tests.eval.CodeSnippetTest" time="0.002"/>
  <testcase name="testReturnTypeObjectArray - 1.6" classname="org.eclipse.jdt.core.tests.eval.CodeSnippetTest" time="0.002"/>
  <testcase name="testReturnTypeShort - 1.6" classname="org.eclipse.jdt.core.tests.eval.CodeSnippetTest" time="0.002"/>
  <testcase name="testReturnTypeShortArray - 1.6" classname="org.eclipse.jdt.core.tests.eval.CodeSnippetTest" time="0.002"/>
  <testcase name="testReturnTypeShortObject - 1.6" classname="org.eclipse.jdt.core.tests.eval.CodeSnippetTest" time="0.002"/>
  <testcase name="testReturnTypeString - 1.6" classname="org.eclipse.jdt.core.tests.eval.CodeSnippetTest" time="0.002"/>
  <testcase name="testReturnTypeStringArray - 1.6" classname="org.eclipse.jdt.core.tests.eval.CodeSnippetTest" time="0.003"/>
  <testcase name="testReturnTypeVoid - 1.6" classname="org.eclipse.jdt.core.tests.eval.CodeSnippetTest" time="0.002"/>
  <testcase name="testReturnTypesIntArray - 1.6" classname="org.eclipse.jdt.core.tests.eval.CodeSnippetTest" time="0.002"/>
  <testcase name="testRunMethodInAnonymous - 1.6" classname="org.eclipse.jdt.core.tests.eval.CodeSnippetTest" time="0.214"/>
  <testcase name="testRunMethodInAnonymous2 - 1.6" classname="org.eclipse.jdt.core.tests.eval.CodeSnippetTest" time="0.209"/>
  <testcase name="testRunMethodInAnonymous3 - 1.6" classname="org.eclipse.jdt.core.tests.eval.CodeSnippetTest" time="0.209"/>
  <testcase name="testRunMethodInAnonymous4 - 1.6" classname="org.eclipse.jdt.core.tests.eval.CodeSnippetTest" time="0.214"/>
  <testcase name="testRunMethodInAnonymous5 - 1.6" classname="org.eclipse.jdt.core.tests.eval.CodeSnippetTest" time="0.211"/>
  <testcase name="testRunMethodInAnonymous6 - 1.6" classname="org.eclipse.jdt.core.tests.eval.CodeSnippetTest" time="0.207"/>
  <testcase name="testRunMethodInAnonymous7 - 1.6" classname="org.eclipse.jdt.core.tests.eval.CodeSnippetTest" time="0.207"/>
  <testcase name="testRunMethodInAnonymous8 - 1.6" classname="org.eclipse.jdt.core.tests.eval.CodeSnippetTest" time="0.209"/>
  <testcase name="testExpressionInInnerClass - 1.6" classname="org.eclipse.jdt.core.tests.eval.NegativeCodeSnippetTest" time="0.001"/>
  <testcase name="testExtraClosingCurlyBracket - 1.6" classname="org.eclipse.jdt.core.tests.eval.NegativeCodeSnippetTest" time="0.002"/>
  <testcase name="testExtraOpenRoundBracket - 1.6" classname="org.eclipse.jdt.core.tests.eval.NegativeCodeSnippetTest" time="0.001"/>
  <testcase name="testExtraSemiColonInExpression - 1.6" classname="org.eclipse.jdt.core.tests.eval.NegativeCodeSnippetTest" time="0"/>
  <testcase name="testInvalidField - 1.6" classname="org.eclipse.jdt.core.tests.eval.NegativeCodeSnippetTest" time="0.001"/>
  <testcase name="testInvalidImport - 1.6" classname="org.eclipse.jdt.core.tests.eval.NegativeCodeSnippetTest" time="0.001"/>
  <testcase name="testInvalidUseOfThisInSnippet - 1.6" classname="org.eclipse.jdt.core.tests.eval.NegativeCodeSnippetTest" time="0.001"/>
  <testcase name="testInvalidUseOfThisInSnippet2 - 1.6" classname="org.eclipse.jdt.core.tests.eval.NegativeCodeSnippetTest" time="0"/>
  <testcase name="testMissingClosingRoundBracket - 1.6" classname="org.eclipse.jdt.core.tests.eval.NegativeCodeSnippetTest" time="0.001"/>
  <testcase name="testMissingDoubleQuote - 1.6" classname="org.eclipse.jdt.core.tests.eval.NegativeCodeSnippetTest" time="0.001"/>
  <testcase name="testNonLastExpressionStatement - 1.6" classname="org.eclipse.jdt.core.tests.eval.NegativeCodeSnippetTest" time="0"/>
  <testcase name="testProblemInExpression - 1.6" classname="org.eclipse.jdt.core.tests.eval.NegativeCodeSnippetTest" time="0"/>
  <testcase name="testProblemInExpression2 - 1.6" classname="org.eclipse.jdt.core.tests.eval.NegativeCodeSnippetTest" time="0.001"/>
  <testcase name="testProblemInInnerClass - 1.6" classname="org.eclipse.jdt.core.tests.eval.NegativeCodeSnippetTest" time="0.004"/>
  <testcase name="testProblemInPreviousStatement - 1.6" classname="org.eclipse.jdt.core.tests.eval.NegativeCodeSnippetTest" time="0.001"/>
  <testcase name="testProblemInReturnStatement - 1.6" classname="org.eclipse.jdt.core.tests.eval.NegativeCodeSnippetTest" time="0"/>
  <testcase name="testRemoveImport - 1.6" classname="org.eclipse.jdt.core.tests.eval.NegativeCodeSnippetTest" time="0.004"/>
  <testcase name="testRemoveVariable - 1.6" classname="org.eclipse.jdt.core.tests.eval.NegativeCodeSnippetTest" time="0.005"/>
  <testcase name="testUnreachableExpression - 1.6" classname="org.eclipse.jdt.core.tests.eval.NegativeCodeSnippetTest" time="0.001"/>
  <testcase name="testUnusedImport - 1.6" classname="org.eclipse.jdt.core.tests.eval.NegativeCodeSnippetTest" time="0.004"/>
  <testcase name="testWarning - 1.6" classname="org.eclipse.jdt.core.tests.eval.NegativeCodeSnippetTest" time="0.002"/>
  <testcase name="testInitializerProblem - 1.6" classname="org.eclipse.jdt.core.tests.eval.NegativeVariableTest" time="0.003"/>
  <testcase name="testUnknownType - 1.6" classname="org.eclipse.jdt.core.tests.eval.NegativeVariableTest" time="0.001"/>
  <testcase name="test001 - 1.6" classname="org.eclipse.jdt.core.tests.eval.DebugEvaluationTest" time="0.136"/>
  <testcase name="test002 - 1.6" classname="org.eclipse.jdt.core.tests.eval.DebugEvaluationTest" time="0.14"/>
  <testcase name="test003 - 1.6" classname="org.eclipse.jdt.core.tests.eval.DebugEvaluationTest" time="0.03"/>
  <testcase name="test004 - 1.6" classname="org.eclipse.jdt.core.tests.eval.DebugEvaluationTest" time="0.122"/>
  <testcase name="test005 - 1.6" classname="org.eclipse.jdt.core.tests.eval.DebugEvaluationTest" time="0.136"/>
  <testcase name="test006 - 1.6" classname="org.eclipse.jdt.core.tests.eval.DebugEvaluationTest" time="0.141"/>
  <testcase name="test007 - 1.6" classname="org.eclipse.jdt.core.tests.eval.DebugEvaluationTest" time="0.137"/>
  <testcase name="test008 - 1.6" classname="org.eclipse.jdt.core.tests.eval.DebugEvaluationTest" time="0.141"/>
  <testcase name="test009 - 1.6" classname="org.eclipse.jdt.core.tests.eval.DebugEvaluationTest" time="0.126"/>
  <testcase name="test010 - 1.6" classname="org.eclipse.jdt.core.tests.eval.DebugEvaluationTest" time="0.14"/>
  <testcase name="test011 - 1.6" classname="org.eclipse.jdt.core.tests.eval.DebugEvaluationTest" time="0.13"/>
  <testcase name="test016 - 1.6" classname="org.eclipse.jdt.core.tests.eval.DebugEvaluationTest" time="0.235"/>
  <testcase name="test017 - 1.6" classname="org.eclipse.jdt.core.tests.eval.DebugEvaluationTest" time="0.125"/>
  <testcase name="test018 - 1.6" classname="org.eclipse.jdt.core.tests.eval.DebugEvaluationTest" time="0.256"/>
  <testcase name="test019 - 1.6" classname="org.eclipse.jdt.core.tests.eval.DebugEvaluationTest" time="0.03"/>
  <testcase name="test020 - 1.6" classname="org.eclipse.jdt.core.tests.eval.DebugEvaluationTest" time="0.136"/>
  <testcase name="test021 - 1.6" classname="org.eclipse.jdt.core.tests.eval.DebugEvaluationTest" time="0.253"/>
  <testcase name="test022 - 1.6" classname="org.eclipse.jdt.core.tests.eval.DebugEvaluationTest" time="0.262"/>
  <testcase name="test023 - 1.6" classname="org.eclipse.jdt.core.tests.eval.DebugEvaluationTest" time="0.268"/>
  <testcase name="test024 - 1.6" classname="org.eclipse.jdt.core.tests.eval.DebugEvaluationTest" time="0.27"/>
  <testcase name="test025 - 1.6" classname="org.eclipse.jdt.core.tests.eval.DebugEvaluationTest" time="0.252"/>
  <testcase name="test026 - 1.6" classname="org.eclipse.jdt.core.tests.eval.DebugEvaluationTest" time="0.144"/>
  <testcase name="test027 - 1.6" classname="org.eclipse.jdt.core.tests.eval.DebugEvaluationTest" time="0.144"/>
  <testcase name="test028 - 1.6" classname="org.eclipse.jdt.core.tests.eval.DebugEvaluationTest" time="0.142"/>
  <testcase name="test029 - 1.6" classname="org.eclipse.jdt.core.tests.eval.DebugEvaluationTest" time="0.138"/>
  <testcase name="test030 - 1.6" classname="org.eclipse.jdt.core.tests.eval.DebugEvaluationTest" time="0.144"/>
  <testcase name="test031 - 1.6" classname="org.eclipse.jdt.core.tests.eval.DebugEvaluationTest" time="0.14"/>
  <testcase name="test032 - 1.6" classname="org.eclipse.jdt.core.tests.eval.DebugEvaluationTest" time="0.036"/>
  <testcase name="test033 - 1.6" classname="org.eclipse.jdt.core.tests.eval.DebugEvaluationTest" time="0.141"/>
  <testcase name="test034 - 1.6" classname="org.eclipse.jdt.core.tests.eval.DebugEvaluationTest" time="0.138"/>
  <testcase name="test035 - 1.6" classname="org.eclipse.jdt.core.tests.eval.DebugEvaluationTest" time="0.143"/>
  <testcase name="test036 - 1.6" classname="org.eclipse.jdt.core.tests.eval.DebugEvaluationTest" time="0.143"/>
  <testcase name="test037 - 1.6" classname="org.eclipse.jdt.core.tests.eval.DebugEvaluationTest" time="0.141"/>
  <testcase name="test038 - 1.6" classname="org.eclipse.jdt.core.tests.eval.DebugEvaluationTest" time="0.139"/>
  <testcase name="test039 - 1.6" classname="org.eclipse.jdt.core.tests.eval.DebugEvaluationTest" time="0.143"/>
  <testcase name="test040 - 1.6" classname="org.eclipse.jdt.core.tests.eval.DebugEvaluationTest" time="0.14"/>
  <testcase name="test041 - 1.6" classname="org.eclipse.jdt.core.tests.eval.DebugEvaluationTest" time="0.139"/>
  <testcase name="test042 - 1.6" classname="org.eclipse.jdt.core.tests.eval.DebugEvaluationTest" time="0.142"/>
  <testcase name="test043 - 1.6" classname="org.eclipse.jdt.core.tests.eval.DebugEvaluationTest" time="0.14"/>
  <testcase name="test044 - 1.6" classname="org.eclipse.jdt.core.tests.eval.DebugEvaluationTest" time="0.143"/>
  <testcase name="test045 - 1.6" classname="org.eclipse.jdt.core.tests.eval.DebugEvaluationTest" time="0.141"/>
  <testcase name="test046 - 1.6" classname="org.eclipse.jdt.core.tests.eval.DebugEvaluationTest" time="0.141"/>
  <testcase name="test047 - 1.6" classname="org.eclipse.jdt.core.tests.eval.DebugEvaluationTest" time="0.14"/>
  <testcase name="test048 - 1.6" classname="org.eclipse.jdt.core.tests.eval.DebugEvaluationTest" time="0.149"/>
  <testcase name="test049 - 1.6" classname="org.eclipse.jdt.core.tests.eval.DebugEvaluationTest" time="0.144"/>
  <testcase name="test050 - 1.6" classname="org.eclipse.jdt.core.tests.eval.DebugEvaluationTest" time="0.142"/>
  <testcase name="test051 - 1.6" classname="org.eclipse.jdt.core.tests.eval.DebugEvaluationTest" time="0.141"/>
  <testcase name="test052 - 1.6" classname="org.eclipse.jdt.core.tests.eval.DebugEvaluationTest" time="0.149"/>
  <testcase name="test053 - 1.6" classname="org.eclipse.jdt.core.tests.eval.DebugEvaluationTest" time="0.141"/>
  <testcase name="test054 - 1.6" classname="org.eclipse.jdt.core.tests.eval.DebugEvaluationTest" time="0.15"/>
  <testcase name="test055 - 1.6" classname="org.eclipse.jdt.core.tests.eval.DebugEvaluationTest" time="0.144"/>
  <testcase name="test056 - 1.6" classname="org.eclipse.jdt.core.tests.eval.DebugEvaluationTest" time="0.14"/>
  <testcase name="test057 - 1.6" classname="org.eclipse.jdt.core.tests.eval.DebugEvaluationTest" time="0.142"/>
  <testcase name="test058 - 1.6" classname="org.eclipse.jdt.core.tests.eval.DebugEvaluationTest" time="0.144"/>
  <testcase name="test059 - 1.6" classname="org.eclipse.jdt.core.tests.eval.DebugEvaluationTest" time="0.14"/>
  <testcase name="test060 - 1.6" classname="org.eclipse.jdt.core.tests.eval.DebugEvaluationTest" time="0.143"/>
  <testcase name="test061 - 1.6" classname="org.eclipse.jdt.core.tests.eval.DebugEvaluationTest" time="0.141"/>
  <testcase name="test062 - 1.6" classname="org.eclipse.jdt.core.tests.eval.DebugEvaluationTest" time="0.142"/>
  <testcase name="test063 - 1.6" classname="org.eclipse.jdt.core.tests.eval.DebugEvaluationTest" time="0.137"/>
  <testcase name="test065 - 1.6" classname="org.eclipse.jdt.core.tests.eval.DebugEvaluationTest" time="0.142"/>
  <testcase name="test066 - 1.6" classname="org.eclipse.jdt.core.tests.eval.DebugEvaluationTest" time="0.143"/>
  <testcase name="test067 - 1.6" classname="org.eclipse.jdt.core.tests.eval.DebugEvaluationTest" time="0.15"/>
  <testcase name="test068 - 1.6" classname="org.eclipse.jdt.core.tests.eval.DebugEvaluationTest" time="0.041"/>
  <testcase name="test069 - 1.6" classname="org.eclipse.jdt.core.tests.eval.DebugEvaluationTest" time="0.036"/>
  <testcase name="testNegative001 - 1.6" classname="org.eclipse.jdt.core.tests.eval.DebugEvaluationTest" time="0.033"/>
  <testcase name="testNegative002 - 1.6" classname="org.eclipse.jdt.core.tests.eval.DebugEvaluationTest" time="0.031"/>
  <testcase name="testNegative003 - 1.6" classname="org.eclipse.jdt.core.tests.eval.DebugEvaluationTest" time="0.031"/>
  <testcase name="testNegative004 - 1.6" classname="org.eclipse.jdt.core.tests.eval.DebugEvaluationTest" time="0.013"/>
  <testcase name="testNegative005 - 1.6" classname="org.eclipse.jdt.core.tests.eval.DebugEvaluationTest" time="0.013"/>
  <testcase name="testAllVariables - 1.7" classname="org.eclipse.jdt.core.tests.eval.SanityTestEvaluationContext" time="0"/>
  <testcase name="testEvaluate - 1.7" classname="org.eclipse.jdt.core.tests.eval.SanityTestEvaluationContext" time="0.022"/>
  <testcase name="testEvaluateImports - 1.7" classname="org.eclipse.jdt.core.tests.eval.SanityTestEvaluationContext" time="0"/>
  <testcase name="testEvaluateVariable - 1.7" classname="org.eclipse.jdt.core.tests.eval.SanityTestEvaluationContext" time="0.005"/>
  <testcase name="testEvaluateVariables - 1.7" classname="org.eclipse.jdt.core.tests.eval.SanityTestEvaluationContext" time="0.002"/>
  <testcase name="testGetSetImports - 1.7" classname="org.eclipse.jdt.core.tests.eval.SanityTestEvaluationContext" time="0"/>
  <testcase name="testGetSetPackageName - 1.7" classname="org.eclipse.jdt.core.tests.eval.SanityTestEvaluationContext" time="0"/>
  <testcase name="testNewDeleteVariable - 1.7" classname="org.eclipse.jdt.core.tests.eval.SanityTestEvaluationContext" time="0"/>
  <testcase name="testGetEvaluationType - 1.7" classname="org.eclipse.jdt.core.tests.eval.SanityTestEvaluationResult" time="0.002"/>
  <testcase name="testGetProblems - 1.7" classname="org.eclipse.jdt.core.tests.eval.SanityTestEvaluationResult" time="0.002"/>
  <testcase name="testGetValue - 1.7" classname="org.eclipse.jdt.core.tests.eval.SanityTestEvaluationResult" time="0.003"/>
  <testcase name="testGetValueDisplayString - 1.7" classname="org.eclipse.jdt.core.tests.eval.SanityTestEvaluationResult" time="0.002"/>
  <testcase name="testGetValueTypeName - 1.7" classname="org.eclipse.jdt.core.tests.eval.SanityTestEvaluationResult" time="0.002"/>
  <testcase name="testHasErrors - 1.7" classname="org.eclipse.jdt.core.tests.eval.SanityTestEvaluationResult" time="0.003"/>
  <testcase name="testHasProblems - 1.7" classname="org.eclipse.jdt.core.tests.eval.SanityTestEvaluationResult" time="0.002"/>
  <testcase name="testHasValue - 1.7" classname="org.eclipse.jdt.core.tests.eval.SanityTestEvaluationResult" time="0.002"/>
  <testcase name="testHasWarnings - 1.7" classname="org.eclipse.jdt.core.tests.eval.SanityTestEvaluationResult" time="0.002"/>
  <testcase name="testAllKindOfValues - 1.7" classname="org.eclipse.jdt.core.tests.eval.VariableTest" time="0.031"/>
  <testcase name="testCodeSnippetVarAssign - 1.7" classname="org.eclipse.jdt.core.tests.eval.VariableTest" time="0.041"/>
  <testcase name="testCodeSnippetVarRetrieval - 1.7" classname="org.eclipse.jdt.core.tests.eval.VariableTest" time="0.02"/>
  <testcase name="testImports - 1.7" classname="org.eclipse.jdt.core.tests.eval.VariableTest" time="0.017"/>
  <testcase name="testSeveralVariableInstallations - 1.7" classname="org.eclipse.jdt.core.tests.eval.VariableTest" time="0.066"/>
  <testcase name="testBug345334 - 1.7" classname="org.eclipse.jdt.core.tests.eval.CodeSnippetTest" time="0.003"/>
  <testcase name="testBug464656 - 1.7" classname="org.eclipse.jdt.core.tests.eval.CodeSnippetTest" time="0"/>
  <testcase name="testCheckedException - 1.7" classname="org.eclipse.jdt.core.tests.eval.CodeSnippetTest" time="0.003"/>
  <testcase name="testDiamond - 1.7" classname="org.eclipse.jdt.core.tests.eval.CodeSnippetTest" time="0.005"/>
  <testcase name="testEmptyStatement - 1.7" classname="org.eclipse.jdt.core.tests.eval.CodeSnippetTest" time="0.003"/>
  <testcase name="testEvaluateEmptyImport - 1.7" classname="org.eclipse.jdt.core.tests.eval.CodeSnippetTest" time="0"/>
  <testcase name="testEvaluateExistingPackageAndNonExistingTypeImports - 1.7" classname="org.eclipse.jdt.core.tests.eval.CodeSnippetTest" time="0"/>
  <testcase name="testEvaluateNonExistingPackageAndExistingTypeImports - 1.7" classname="org.eclipse.jdt.core.tests.eval.CodeSnippetTest" time="0"/>
  <testcase name="testEvaluateNonExistingPackageImport - 1.7" classname="org.eclipse.jdt.core.tests.eval.CodeSnippetTest" time="0"/>
  <testcase name="testEvaluateNonExistingTypeImport - 1.7" classname="org.eclipse.jdt.core.tests.eval.CodeSnippetTest" time="0"/>
  <testcase name="testEvaluateValidPackageAndTypeImports - 1.7" classname="org.eclipse.jdt.core.tests.eval.CodeSnippetTest" time="0"/>
  <testcase name="testEvaluateValidPackageImport - 1.7" classname="org.eclipse.jdt.core.tests.eval.CodeSnippetTest" time="0"/>
  <testcase name="testEvaluateValidTypeImport - 1.7" classname="org.eclipse.jdt.core.tests.eval.CodeSnippetTest" time="0"/>
  <testcase name="testFinallyError - 1.7" classname="org.eclipse.jdt.core.tests.eval.CodeSnippetTest" time="0.003"/>
  <testcase name="testFinallyOneBlock - 1.7" classname="org.eclipse.jdt.core.tests.eval.CodeSnippetTest" time="0.002"/>
  <testcase name="testFinallyTwoBlock - 1.7" classname="org.eclipse.jdt.core.tests.eval.CodeSnippetTest" time="0.002"/>
  <testcase name="testFor89632 - 1.7" classname="org.eclipse.jdt.core.tests.eval.CodeSnippetTest" time="0.004"/>
  <testcase name="testFreeReturnAnonymous - 1.7" classname="org.eclipse.jdt.core.tests.eval.CodeSnippetTest" time="0.003"/>
  <testcase name="testFreeReturnClassDeclaration - 1.7" classname="org.eclipse.jdt.core.tests.eval.CodeSnippetTest" time="0.003"/>
  <testcase name="testFreeReturnExpression - 1.7" classname="org.eclipse.jdt.core.tests.eval.CodeSnippetTest" time="0.002"/>
  <testcase name="testFreeReturnInteger - 1.7" classname="org.eclipse.jdt.core.tests.eval.CodeSnippetTest" time="0.002"/>
  <testcase name="testFreeReturnLocalVar - 1.7" classname="org.eclipse.jdt.core.tests.eval.CodeSnippetTest" time="0.002"/>
  <testcase name="testFreeReturnStatement - 1.7" classname="org.eclipse.jdt.core.tests.eval.CodeSnippetTest" time="0.003"/>
  <testcase name="testImportPackage - 1.7" classname="org.eclipse.jdt.core.tests.eval.CodeSnippetTest" time="0.003"/>
  <testcase name="testImportType - 1.7" classname="org.eclipse.jdt.core.tests.eval.CodeSnippetTest" time="0.003"/>
  <testcase name="testImportTypeAndPackage - 1.7" classname="org.eclipse.jdt.core.tests.eval.CodeSnippetTest" time="0.003"/>
  <testcase name="testInnerClassAnonymous - 1.7" classname="org.eclipse.jdt.core.tests.eval.CodeSnippetTest" time="0.003"/>
  <testcase name="testInnerClassNamed - 1.7" classname="org.eclipse.jdt.core.tests.eval.CodeSnippetTest" time="0.003"/>
  <testcase name="testReturnDisplayStringBoolean - 1.7" classname="org.eclipse.jdt.core.tests.eval.CodeSnippetTest" time="0.003"/>
  <testcase name="testReturnDisplayStringCharacter - 1.7" classname="org.eclipse.jdt.core.tests.eval.CodeSnippetTest" time="0.003"/>
  <testcase name="testReturnDisplayStringDouble - 1.7" classname="org.eclipse.jdt.core.tests.eval.CodeSnippetTest" time="0.002"/>
  <testcase name="testReturnDisplayStringEmptyCodeSnippet - 1.7" classname="org.eclipse.jdt.core.tests.eval.CodeSnippetTest" time="0.002"/>
  <testcase name="testReturnDisplayStringFloat - 1.7" classname="org.eclipse.jdt.core.tests.eval.CodeSnippetTest" time="0.002"/>
  <testcase name="testReturnDisplayStringInteger - 1.7" classname="org.eclipse.jdt.core.tests.eval.CodeSnippetTest" time="0.003"/>
  <testcase name="testReturnDisplayStringLong - 1.7" classname="org.eclipse.jdt.core.tests.eval.CodeSnippetTest" time="0.003"/>
  <testcase name="testReturnDisplayStringNoExplicitReturnedValue - 1.7" classname="org.eclipse.jdt.core.tests.eval.CodeSnippetTest" time="0.004"/>
  <testcase name="testReturnDisplayStringObject - 1.7" classname="org.eclipse.jdt.core.tests.eval.CodeSnippetTest" time="0.004"/>
  <testcase name="testReturnDisplayStringShort - 1.7" classname="org.eclipse.jdt.core.tests.eval.CodeSnippetTest" time="0.002"/>
  <testcase name="testReturnDisplayStringString - 1.7" classname="org.eclipse.jdt.core.tests.eval.CodeSnippetTest" time="0.002"/>
  <testcase name="testReturnDisplayStringVoid - 1.7" classname="org.eclipse.jdt.core.tests.eval.CodeSnippetTest" time="0.002"/>
  <testcase name="testReturnTypeBoolean - 1.7" classname="org.eclipse.jdt.core.tests.eval.CodeSnippetTest" time="0.003"/>
  <testcase name="testReturnTypeBooleanArray - 1.7" classname="org.eclipse.jdt.core.tests.eval.CodeSnippetTest" time="0.003"/>
  <testcase name="testReturnTypeBooleanObject - 1.7" classname="org.eclipse.jdt.core.tests.eval.CodeSnippetTest" time="0.002"/>
  <testcase name="testReturnTypeChar - 1.7" classname="org.eclipse.jdt.core.tests.eval.CodeSnippetTest" time="0.002"/>
  <testcase name="testReturnTypeCharArray - 1.7" classname="org.eclipse.jdt.core.tests.eval.CodeSnippetTest" time="0.002"/>
  <testcase name="testReturnTypeCharacterObject - 1.7" classname="org.eclipse.jdt.core.tests.eval.CodeSnippetTest" time="0.002"/>
  <testcase name="testReturnTypeDouble - 1.7" classname="org.eclipse.jdt.core.tests.eval.CodeSnippetTest" time="0.002"/>
  <testcase name="testReturnTypeDoubleArray - 1.7" classname="org.eclipse.jdt.core.tests.eval.CodeSnippetTest" time="0.002"/>
  <testcase name="testReturnTypeDoubleObject - 1.7" classname="org.eclipse.jdt.core.tests.eval.CodeSnippetTest" time="0.003"/>
  <testcase name="testReturnTypeEmptyCodeSnippet - 1.7" classname="org.eclipse.jdt.core.tests.eval.CodeSnippetTest" time="0.002"/>
  <testcase name="testReturnTypeFloat - 1.7" classname="org.eclipse.jdt.core.tests.eval.CodeSnippetTest" time="0.002"/>
  <testcase name="testReturnTypeFloatArray - 1.7" classname="org.eclipse.jdt.core.tests.eval.CodeSnippetTest" time="0.002"/>
  <testcase name="testReturnTypeFloatObject - 1.7" classname="org.eclipse.jdt.core.tests.eval.CodeSnippetTest" time="0.002"/>
  <testcase name="testReturnTypeInt - 1.7" classname="org.eclipse.jdt.core.tests.eval.CodeSnippetTest" time="0.001"/>
  <testcase name="testReturnTypeIntegerObject - 1.7" classname="org.eclipse.jdt.core.tests.eval.CodeSnippetTest" time="0.002"/>
  <testcase name="testReturnTypeLong - 1.7" classname="org.eclipse.jdt.core.tests.eval.CodeSnippetTest" time="0.003"/>
  <testcase name="testReturnTypeLongArray - 1.7" classname="org.eclipse.jdt.core.tests.eval.CodeSnippetTest" time="0.002"/>
  <testcase name="testReturnTypeLongObject - 1.7" classname="org.eclipse.jdt.core.tests.eval.CodeSnippetTest" time="0.002"/>
  <testcase name="testReturnTypeNoExplicitReturnedValue - 1.7" classname="org.eclipse.jdt.core.tests.eval.CodeSnippetTest" time="0.002"/>
  <testcase name="testReturnTypeObject - 1.7" classname="org.eclipse.jdt.core.tests.eval.CodeSnippetTest" time="0.003"/>
  <testcase name="testReturnTypeObjectArray - 1.7" classname="org.eclipse.jdt.core.tests.eval.CodeSnippetTest" time="0.002"/>
  <testcase name="testReturnTypeShort - 1.7" classname="org.eclipse.jdt.core.tests.eval.CodeSnippetTest" time="0.003"/>
  <testcase name="testReturnTypeShortArray - 1.7" classname="org.eclipse.jdt.core.tests.eval.CodeSnippetTest" time="0.002"/>
  <testcase name="testReturnTypeShortObject - 1.7" classname="org.eclipse.jdt.core.tests.eval.CodeSnippetTest" time="0.002"/>
  <testcase name="testReturnTypeString - 1.7" classname="org.eclipse.jdt.core.tests.eval.CodeSnippetTest" time="0.002"/>
  <testcase name="testReturnTypeStringArray - 1.7" classname="org.eclipse.jdt.core.tests.eval.CodeSnippetTest" time="0.002"/>
  <testcase name="testReturnTypeVoid - 1.7" classname="org.eclipse.jdt.core.tests.eval.CodeSnippetTest" time="0.004"/>
  <testcase name="testReturnTypesIntArray - 1.7" classname="org.eclipse.jdt.core.tests.eval.CodeSnippetTest" time="0.003"/>
  <testcase name="testRunMethodInAnonymous - 1.7" classname="org.eclipse.jdt.core.tests.eval.CodeSnippetTest" time="0.216"/>
  <testcase name="testRunMethodInAnonymous2 - 1.7" classname="org.eclipse.jdt.core.tests.eval.CodeSnippetTest" time="0.212"/>
  <testcase name="testRunMethodInAnonymous3 - 1.7" classname="org.eclipse.jdt.core.tests.eval.CodeSnippetTest" time="0.21"/>
  <testcase name="testRunMethodInAnonymous4 - 1.7" classname="org.eclipse.jdt.core.tests.eval.CodeSnippetTest" time="0.21"/>
  <testcase name="testRunMethodInAnonymous5 - 1.7" classname="org.eclipse.jdt.core.tests.eval.CodeSnippetTest" time="0.212"/>
  <testcase name="testRunMethodInAnonymous6 - 1.7" classname="org.eclipse.jdt.core.tests.eval.CodeSnippetTest" time="0.215"/>
  <testcase name="testRunMethodInAnonymous7 - 1.7" classname="org.eclipse.jdt.core.tests.eval.CodeSnippetTest" time="0.215"/>
  <testcase name="testRunMethodInAnonymous8 - 1.7" classname="org.eclipse.jdt.core.tests.eval.CodeSnippetTest" time="0.213"/>
  <testcase name="testExpressionInInnerClass - 1.7" classname="org.eclipse.jdt.core.tests.eval.NegativeCodeSnippetTest" time="0.001"/>
  <testcase name="testExtraClosingCurlyBracket - 1.7" classname="org.eclipse.jdt.core.tests.eval.NegativeCodeSnippetTest" time="0.001"/>
  <testcase name="testExtraOpenRoundBracket - 1.7" classname="org.eclipse.jdt.core.tests.eval.NegativeCodeSnippetTest" time="0.001"/>
  <testcase name="testExtraSemiColonInExpression - 1.7" classname="org.eclipse.jdt.core.tests.eval.NegativeCodeSnippetTest" time="0.001"/>
  <testcase name="testInvalidField - 1.7" classname="org.eclipse.jdt.core.tests.eval.NegativeCodeSnippetTest" time="0.001"/>
  <testcase name="testInvalidImport - 1.7" classname="org.eclipse.jdt.core.tests.eval.NegativeCodeSnippetTest" time="0.001"/>
  <testcase name="testInvalidUseOfThisInSnippet - 1.7" classname="org.eclipse.jdt.core.tests.eval.NegativeCodeSnippetTest" time="0.001"/>
  <testcase name="testInvalidUseOfThisInSnippet2 - 1.7" classname="org.eclipse.jdt.core.tests.eval.NegativeCodeSnippetTest" time="0.001"/>
  <testcase name="testMissingClosingRoundBracket - 1.7" classname="org.eclipse.jdt.core.tests.eval.NegativeCodeSnippetTest" time="0.001"/>
  <testcase name="testMissingDoubleQuote - 1.7" classname="org.eclipse.jdt.core.tests.eval.NegativeCodeSnippetTest" time="0.001"/>
  <testcase name="testNonLastExpressionStatement - 1.7" classname="org.eclipse.jdt.core.tests.eval.NegativeCodeSnippetTest" time="0"/>
  <testcase name="testProblemInExpression - 1.7" classname="org.eclipse.jdt.core.tests.eval.NegativeCodeSnippetTest" time="0.001"/>
  <testcase name="testProblemInExpression2 - 1.7" classname="org.eclipse.jdt.core.tests.eval.NegativeCodeSnippetTest" time="0.001"/>
  <testcase name="testProblemInInnerClass - 1.7" classname="org.eclipse.jdt.core.tests.eval.NegativeCodeSnippetTest" time="0.004"/>
  <testcase name="testProblemInPreviousStatement - 1.7" classname="org.eclipse.jdt.core.tests.eval.NegativeCodeSnippetTest" time="0.001"/>
  <testcase name="testProblemInReturnStatement - 1.7" classname="org.eclipse.jdt.core.tests.eval.NegativeCodeSnippetTest" time="0"/>
  <testcase name="testRemoveImport - 1.7" classname="org.eclipse.jdt.core.tests.eval.NegativeCodeSnippetTest" time="0.004"/>
  <testcase name="testRemoveVariable - 1.7" classname="org.eclipse.jdt.core.tests.eval.NegativeCodeSnippetTest" time="0.004"/>
  <testcase name="testUnreachableExpression - 1.7" classname="org.eclipse.jdt.core.tests.eval.NegativeCodeSnippetTest" time="0.001"/>
  <testcase name="testUnusedImport - 1.7" classname="org.eclipse.jdt.core.tests.eval.NegativeCodeSnippetTest" time="0.003"/>
  <testcase name="testWarning - 1.7" classname="org.eclipse.jdt.core.tests.eval.NegativeCodeSnippetTest" time="0.002"/>
  <testcase name="testInitializerProblem - 1.7" classname="org.eclipse.jdt.core.tests.eval.NegativeVariableTest" time="0.002"/>
  <testcase name="testUnknownType - 1.7" classname="org.eclipse.jdt.core.tests.eval.NegativeVariableTest" time="0.001"/>
  <testcase name="test001 - 1.7" classname="org.eclipse.jdt.core.tests.eval.DebugEvaluationTest" time="0.138"/>
  <testcase name="test002 - 1.7" classname="org.eclipse.jdt.core.tests.eval.DebugEvaluationTest" time="0.146"/>
  <testcase name="test003 - 1.7" classname="org.eclipse.jdt.core.tests.eval.DebugEvaluationTest" time="0.032"/>
  <testcase name="test004 - 1.7" classname="org.eclipse.jdt.core.tests.eval.DebugEvaluationTest" time="0.13"/>
  <testcase name="test005 - 1.7" classname="org.eclipse.jdt.core.tests.eval.DebugEvaluationTest" time="0.147"/>
  <testcase name="test006 - 1.7" classname="org.eclipse.jdt.core.tests.eval.DebugEvaluationTest" time="0.142"/>
  <testcase name="test007 - 1.7" classname="org.eclipse.jdt.core.tests.eval.DebugEvaluationTest" time="0.141"/>
  <testcase name="test008 - 1.7" classname="org.eclipse.jdt.core.tests.eval.DebugEvaluationTest" time="0.146"/>
  <testcase name="test009 - 1.7" classname="org.eclipse.jdt.core.tests.eval.DebugEvaluationTest" time="0.128"/>
  <testcase name="test010 - 1.7" classname="org.eclipse.jdt.core.tests.eval.DebugEvaluationTest" time="0.147"/>
  <testcase name="test011 - 1.7" classname="org.eclipse.jdt.core.tests.eval.DebugEvaluationTest" time="0.129"/>
  <testcase name="test016 - 1.7" classname="org.eclipse.jdt.core.tests.eval.DebugEvaluationTest" time="0.234"/>
  <testcase name="test017 - 1.7" classname="org.eclipse.jdt.core.tests.eval.DebugEvaluationTest" time="0.123"/>
  <testcase name="test018 - 1.7" classname="org.eclipse.jdt.core.tests.eval.DebugEvaluationTest" time="0.257"/>
  <testcase name="test019 - 1.7" classname="org.eclipse.jdt.core.tests.eval.DebugEvaluationTest" time="0.034"/>
  <testcase name="test020 - 1.7" classname="org.eclipse.jdt.core.tests.eval.DebugEvaluationTest" time="0.143"/>
  <testcase name="test021 - 1.7" classname="org.eclipse.jdt.core.tests.eval.DebugEvaluationTest" time="0.259"/>
  <testcase name="test022 - 1.7" classname="org.eclipse.jdt.core.tests.eval.DebugEvaluationTest" time="0.266"/>
  <testcase name="test023 - 1.7" classname="org.eclipse.jdt.core.tests.eval.DebugEvaluationTest" time="0.278"/>
  <testcase name="test024 - 1.7" classname="org.eclipse.jdt.core.tests.eval.DebugEvaluationTest" time="0.278"/>
  <testcase name="test025 - 1.7" classname="org.eclipse.jdt.core.tests.eval.DebugEvaluationTest" time="0.26"/>
  <testcase name="test026 - 1.7" classname="org.eclipse.jdt.core.tests.eval.DebugEvaluationTest" time="0.146"/>
  <testcase name="test027 - 1.7" classname="org.eclipse.jdt.core.tests.eval.DebugEvaluationTest" time="0.145"/>
  <testcase name="test028 - 1.7" classname="org.eclipse.jdt.core.tests.eval.DebugEvaluationTest" time="0.142"/>
  <testcase name="test029 - 1.7" classname="org.eclipse.jdt.core.tests.eval.DebugEvaluationTest" time="0.145"/>
  <testcase name="test030 - 1.7" classname="org.eclipse.jdt.core.tests.eval.DebugEvaluationTest" time="0.147"/>
  <testcase name="test031 - 1.7" classname="org.eclipse.jdt.core.tests.eval.DebugEvaluationTest" time="0.143"/>
  <testcase name="test032 - 1.7" classname="org.eclipse.jdt.core.tests.eval.DebugEvaluationTest" time="0.04"/>
  <testcase name="test033 - 1.7" classname="org.eclipse.jdt.core.tests.eval.DebugEvaluationTest" time="0.147"/>
  <testcase name="test034 - 1.7" classname="org.eclipse.jdt.core.tests.eval.DebugEvaluationTest" time="0.144"/>
  <testcase name="test035 - 1.7" classname="org.eclipse.jdt.core.tests.eval.DebugEvaluationTest" time="0.147"/>
  <testcase name="test036 - 1.7" classname="org.eclipse.jdt.core.tests.eval.DebugEvaluationTest" time="0.146"/>
  <testcase name="test037 - 1.7" classname="org.eclipse.jdt.core.tests.eval.DebugEvaluationTest" time="0.147"/>
  <testcase name="test038 - 1.7" classname="org.eclipse.jdt.core.tests.eval.DebugEvaluationTest" time="0.145"/>
  <testcase name="test039 - 1.7" classname="org.eclipse.jdt.core.tests.eval.DebugEvaluationTest" time="0.144"/>
  <testcase name="test040 - 1.7" classname="org.eclipse.jdt.core.tests.eval.DebugEvaluationTest" time="0.148"/>
  <testcase name="test041 - 1.7" classname="org.eclipse.jdt.core.tests.eval.DebugEvaluationTest" time="0.147"/>
  <testcase name="test042 - 1.7" classname="org.eclipse.jdt.core.tests.eval.DebugEvaluationTest" time="0.148"/>
  <testcase name="test043 - 1.7" classname="org.eclipse.jdt.core.tests.eval.DebugEvaluationTest" time="0.147"/>
  <testcase name="test044 - 1.7" classname="org.eclipse.jdt.core.tests.eval.DebugEvaluationTest" time="0.142"/>
  <testcase name="test045 - 1.7" classname="org.eclipse.jdt.core.tests.eval.DebugEvaluationTest" time="0.144"/>
  <testcase name="test046 - 1.7" classname="org.eclipse.jdt.core.tests.eval.DebugEvaluationTest" time="0.15"/>
  <testcase name="test047 - 1.7" classname="org.eclipse.jdt.core.tests.eval.DebugEvaluationTest" time="0.149"/>
  <testcase name="test048 - 1.7" classname="org.eclipse.jdt.core.tests.eval.DebugEvaluationTest" time="0.147"/>
  <testcase name="test049 - 1.7" classname="org.eclipse.jdt.core.tests.eval.DebugEvaluationTest" time="0.148"/>
  <testcase name="test050 - 1.7" classname="org.eclipse.jdt.core.tests.eval.DebugEvaluationTest" time="0.15"/>
  <testcase name="test051 - 1.7" classname="org.eclipse.jdt.core.tests.eval.DebugEvaluationTest" time="0.15"/>
  <testcase name="test052 - 1.7" classname="org.eclipse.jdt.core.tests.eval.DebugEvaluationTest" time="0.145"/>
  <testcase name="test053 - 1.7" classname="org.eclipse.jdt.core.tests.eval.DebugEvaluationTest" time="0.148"/>
  <testcase name="test054 - 1.7" classname="org.eclipse.jdt.core.tests.eval.DebugEvaluationTest" time="0.144"/>
  <testcase name="test055 - 1.7" classname="org.eclipse.jdt.core.tests.eval.DebugEvaluationTest" time="0.144"/>
  <testcase name="test056 - 1.7" classname="org.eclipse.jdt.core.tests.eval.DebugEvaluationTest" time="0.14"/>
  <testcase name="test057 - 1.7" classname="org.eclipse.jdt.core.tests.eval.DebugEvaluationTest" time="0.141"/>
  <testcase name="test058 - 1.7" classname="org.eclipse.jdt.core.tests.eval.DebugEvaluationTest" time="0.145"/>
  <testcase name="test059 - 1.7" classname="org.eclipse.jdt.core.tests.eval.DebugEvaluationTest" time="0.145"/>
  <testcase name="test060 - 1.7" classname="org.eclipse.jdt.core.tests.eval.DebugEvaluationTest" time="0.147"/>
  <testcase name="test061 - 1.7" classname="org.eclipse.jdt.core.tests.eval.DebugEvaluationTest" time="0.144"/>
  <testcase name="test062 - 1.7" classname="org.eclipse.jdt.core.tests.eval.DebugEvaluationTest" time="0.145"/>
  <testcase name="test063 - 1.7" classname="org.eclipse.jdt.core.tests.eval.DebugEvaluationTest" time="0.146"/>
  <testcase name="test065 - 1.7" classname="org.eclipse.jdt.core.tests.eval.DebugEvaluationTest" time="0.146"/>
  <testcase name="test066 - 1.7" classname="org.eclipse.jdt.core.tests.eval.DebugEvaluationTest" time="0.144"/>
  <testcase name="test067 - 1.7" classname="org.eclipse.jdt.core.tests.eval.DebugEvaluationTest" time="0.151"/>
  <testcase name="test068 - 1.7" classname="org.eclipse.jdt.core.tests.eval.DebugEvaluationTest" time="0.046"/>
  <testcase name="test069 - 1.7" classname="org.eclipse.jdt.core.tests.eval.DebugEvaluationTest" time="0.036"/>
  <testcase name="testNegative001 - 1.7" classname="org.eclipse.jdt.core.tests.eval.DebugEvaluationTest" time="0.035"/>
  <testcase name="testNegative002 - 1.7" classname="org.eclipse.jdt.core.tests.eval.DebugEvaluationTest" time="0.033"/>
  <testcase name="testNegative003 - 1.7" classname="org.eclipse.jdt.core.tests.eval.DebugEvaluationTest" time="0.033"/>
  <testcase name="testNegative004 - 1.7" classname="org.eclipse.jdt.core.tests.eval.DebugEvaluationTest" time="0.013"/>
  <testcase name="testNegative005 - 1.7" classname="org.eclipse.jdt.core.tests.eval.DebugEvaluationTest" time="0.013"/>
  <testcase name="testAllVariables - 1.8" classname="org.eclipse.jdt.core.tests.eval.SanityTestEvaluationContext" time="0.001"/>
  <testcase name="testEvaluate - 1.8" classname="org.eclipse.jdt.core.tests.eval.SanityTestEvaluationContext" time="0.008"/>
  <testcase name="testEvaluateImports - 1.8" classname="org.eclipse.jdt.core.tests.eval.SanityTestEvaluationContext" time="0"/>
  <testcase name="testEvaluateVariable - 1.8" classname="org.eclipse.jdt.core.tests.eval.SanityTestEvaluationContext" time="0.007"/>
  <testcase name="testEvaluateVariables - 1.8" classname="org.eclipse.jdt.core.tests.eval.SanityTestEvaluationContext" time="0.001"/>
  <testcase name="testGetSetImports - 1.8" classname="org.eclipse.jdt.core.tests.eval.SanityTestEvaluationContext" time="0"/>
  <testcase name="testGetSetPackageName - 1.8" classname="org.eclipse.jdt.core.tests.eval.SanityTestEvaluationContext" time="0"/>
  <testcase name="testNewDeleteVariable - 1.8" classname="org.eclipse.jdt.core.tests.eval.SanityTestEvaluationContext" time="0"/>
  <testcase name="testGetEvaluationType - 1.8" classname="org.eclipse.jdt.core.tests.eval.SanityTestEvaluationResult" time="0.002"/>
  <testcase name="testGetProblems - 1.8" classname="org.eclipse.jdt.core.tests.eval.SanityTestEvaluationResult" time="0.002"/>
  <testcase name="testGetValue - 1.8" classname="org.eclipse.jdt.core.tests.eval.SanityTestEvaluationResult" time="0.004"/>
  <testcase name="testGetValueDisplayString - 1.8" classname="org.eclipse.jdt.core.tests.eval.SanityTestEvaluationResult" time="0.002"/>
  <testcase name="testGetValueTypeName - 1.8" classname="org.eclipse.jdt.core.tests.eval.SanityTestEvaluationResult" time="0.002"/>
  <testcase name="testHasErrors - 1.8" classname="org.eclipse.jdt.core.tests.eval.SanityTestEvaluationResult" time="0.002"/>
  <testcase name="testHasProblems - 1.8" classname="org.eclipse.jdt.core.tests.eval.SanityTestEvaluationResult" time="0.002"/>
  <testcase name="testHasValue - 1.8" classname="org.eclipse.jdt.core.tests.eval.SanityTestEvaluationResult" time="0.002"/>
  <testcase name="testHasWarnings - 1.8" classname="org.eclipse.jdt.core.tests.eval.SanityTestEvaluationResult" time="0.002"/>
  <testcase name="testAllKindOfValues - 1.8" classname="org.eclipse.jdt.core.tests.eval.VariableTest" time="0.032"/>
  <testcase name="testCodeSnippetVarAssign - 1.8" classname="org.eclipse.jdt.core.tests.eval.VariableTest" time="0.043"/>
  <testcase name="testCodeSnippetVarRetrieval - 1.8" classname="org.eclipse.jdt.core.tests.eval.VariableTest" time="0.024"/>
  <testcase name="testImports - 1.8" classname="org.eclipse.jdt.core.tests.eval.VariableTest" time="0.019"/>
  <testcase name="testSeveralVariableInstallations - 1.8" classname="org.eclipse.jdt.core.tests.eval.VariableTest" time="0.065"/>
  <testcase name="testBug345334 - 1.8" classname="org.eclipse.jdt.core.tests.eval.CodeSnippetTest" time="0.002"/>
  <testcase name="testBug464656 - 1.8" classname="org.eclipse.jdt.core.tests.eval.CodeSnippetTest" time="0.026"/>
  <testcase name="testCheckedException - 1.8" classname="org.eclipse.jdt.core.tests.eval.CodeSnippetTest" time="0.003"/>
  <testcase name="testDiamond - 1.8" classname="org.eclipse.jdt.core.tests.eval.CodeSnippetTest" time="0.004"/>
  <testcase name="testEmptyStatement - 1.8" classname="org.eclipse.jdt.core.tests.eval.CodeSnippetTest" time="0.003"/>
  <testcase name="testEvaluateEmptyImport - 1.8" classname="org.eclipse.jdt.core.tests.eval.CodeSnippetTest" time="0"/>
  <testcase name="testEvaluateExistingPackageAndNonExistingTypeImports - 1.8" classname="org.eclipse.jdt.core.tests.eval.CodeSnippetTest" time="0"/>
  <testcase name="testEvaluateNonExistingPackageAndExistingTypeImports - 1.8" classname="org.eclipse.jdt.core.tests.eval.CodeSnippetTest" time="0"/>
  <testcase name="testEvaluateNonExistingPackageImport - 1.8" classname="org.eclipse.jdt.core.tests.eval.CodeSnippetTest" time="0"/>
  <testcase name="testEvaluateNonExistingTypeImport - 1.8" classname="org.eclipse.jdt.core.tests.eval.CodeSnippetTest" time="0"/>
  <testcase name="testEvaluateValidPackageAndTypeImports - 1.8" classname="org.eclipse.jdt.core.tests.eval.CodeSnippetTest" time="0"/>
  <testcase name="testEvaluateValidPackageImport - 1.8" classname="org.eclipse.jdt.core.tests.eval.CodeSnippetTest" time="0"/>
  <testcase name="testEvaluateValidTypeImport - 1.8" classname="org.eclipse.jdt.core.tests.eval.CodeSnippetTest" time="0"/>
  <testcase name="testFinallyError - 1.8" classname="org.eclipse.jdt.core.tests.eval.CodeSnippetTest" time="0.003"/>
  <testcase name="testFinallyOneBlock - 1.8" classname="org.eclipse.jdt.core.tests.eval.CodeSnippetTest" time="0.002"/>
  <testcase name="testFinallyTwoBlock - 1.8" classname="org.eclipse.jdt.core.tests.eval.CodeSnippetTest" time="0.003"/>
  <testcase name="testFor89632 - 1.8" classname="org.eclipse.jdt.core.tests.eval.CodeSnippetTest" time="0.004"/>
  <testcase name="testFreeReturnAnonymous - 1.8" classname="org.eclipse.jdt.core.tests.eval.CodeSnippetTest" time="0.003"/>
  <testcase name="testFreeReturnClassDeclaration - 1.8" classname="org.eclipse.jdt.core.tests.eval.CodeSnippetTest" time="0.003"/>
  <testcase name="testFreeReturnExpression - 1.8" classname="org.eclipse.jdt.core.tests.eval.CodeSnippetTest" time="0.002"/>
  <testcase name="testFreeReturnInteger - 1.8" classname="org.eclipse.jdt.core.tests.eval.CodeSnippetTest" time="0.002"/>
  <testcase name="testFreeReturnLocalVar - 1.8" classname="org.eclipse.jdt.core.tests.eval.CodeSnippetTest" time="0.002"/>
  <testcase name="testFreeReturnStatement - 1.8" classname="org.eclipse.jdt.core.tests.eval.CodeSnippetTest" time="0.004"/>
  <testcase name="testImportPackage - 1.8" classname="org.eclipse.jdt.core.tests.eval.CodeSnippetTest" time="0.003"/>
  <testcase name="testImportType - 1.8" classname="org.eclipse.jdt.core.tests.eval.CodeSnippetTest" time="0.004"/>
  <testcase name="testImportTypeAndPackage - 1.8" classname="org.eclipse.jdt.core.tests.eval.CodeSnippetTest" time="0.003"/>
  <testcase name="testInnerClassAnonymous - 1.8" classname="org.eclipse.jdt.core.tests.eval.CodeSnippetTest" time="0.003"/>
  <testcase name="testInnerClassNamed - 1.8" classname="org.eclipse.jdt.core.tests.eval.CodeSnippetTest" time="0.004"/>
  <testcase name="testReturnDisplayStringBoolean - 1.8" classname="org.eclipse.jdt.core.tests.eval.CodeSnippetTest" time="0.002"/>
  <testcase name="testReturnDisplayStringCharacter - 1.8" classname="org.eclipse.jdt.core.tests.eval.CodeSnippetTest" time="0.002"/>
  <testcase name="testReturnDisplayStringDouble - 1.8" classname="org.eclipse.jdt.core.tests.eval.CodeSnippetTest" time="0.002"/>
  <testcase name="testReturnDisplayStringEmptyCodeSnippet - 1.8" classname="org.eclipse.jdt.core.tests.eval.CodeSnippetTest" time="0.001"/>
  <testcase name="testReturnDisplayStringFloat - 1.8" classname="org.eclipse.jdt.core.tests.eval.CodeSnippetTest" time="0.002"/>
  <testcase name="testReturnDisplayStringInteger - 1.8" classname="org.eclipse.jdt.core.tests.eval.CodeSnippetTest" time="0.003"/>
  <testcase name="testReturnDisplayStringLong - 1.8" classname="org.eclipse.jdt.core.tests.eval.CodeSnippetTest" time="0.003"/>
  <testcase name="testReturnDisplayStringNoExplicitReturnedValue - 1.8" classname="org.eclipse.jdt.core.tests.eval.CodeSnippetTest" time="0.003"/>
  <testcase name="testReturnDisplayStringObject - 1.8" classname="org.eclipse.jdt.core.tests.eval.CodeSnippetTest" time="0.003"/>
  <testcase name="testReturnDisplayStringShort - 1.8" classname="org.eclipse.jdt.core.tests.eval.CodeSnippetTest" time="0.002"/>
  <testcase name="testReturnDisplayStringString - 1.8" classname="org.eclipse.jdt.core.tests.eval.CodeSnippetTest" time="0.003"/>
  <testcase name="testReturnDisplayStringVoid - 1.8" classname="org.eclipse.jdt.core.tests.eval.CodeSnippetTest" time="0.003"/>
  <testcase name="testReturnTypeBoolean - 1.8" classname="org.eclipse.jdt.core.tests.eval.CodeSnippetTest" time="0.002"/>
  <testcase name="testReturnTypeBooleanArray - 1.8" classname="org.eclipse.jdt.core.tests.eval.CodeSnippetTest" time="0.003"/>
  <testcase name="testReturnTypeBooleanObject - 1.8" classname="org.eclipse.jdt.core.tests.eval.CodeSnippetTest" time="0.002"/>
  <testcase name="testReturnTypeChar - 1.8" classname="org.eclipse.jdt.core.tests.eval.CodeSnippetTest" time="0.003"/>
  <testcase name="testReturnTypeCharArray - 1.8" classname="org.eclipse.jdt.core.tests.eval.CodeSnippetTest" time="0.002"/>
  <testcase name="testReturnTypeCharacterObject - 1.8" classname="org.eclipse.jdt.core.tests.eval.CodeSnippetTest" time="0.003"/>
  <testcase name="testReturnTypeDouble - 1.8" classname="org.eclipse.jdt.core.tests.eval.CodeSnippetTest" time="0.002"/>
  <testcase name="testReturnTypeDoubleArray - 1.8" classname="org.eclipse.jdt.core.tests.eval.CodeSnippetTest" time="0.003"/>
  <testcase name="testReturnTypeDoubleObject - 1.8" classname="org.eclipse.jdt.core.tests.eval.CodeSnippetTest" time="0.003"/>
  <testcase name="testReturnTypeEmptyCodeSnippet - 1.8" classname="org.eclipse.jdt.core.tests.eval.CodeSnippetTest" time="0.001"/>
  <testcase name="testReturnTypeFloat - 1.8" classname="org.eclipse.jdt.core.tests.eval.CodeSnippetTest" time="0.002"/>
  <testcase name="testReturnTypeFloatArray - 1.8" classname="org.eclipse.jdt.core.tests.eval.CodeSnippetTest" time="0.002"/>
  <testcase name="testReturnTypeFloatObject - 1.8" classname="org.eclipse.jdt.core.tests.eval.CodeSnippetTest" time="0.003"/>
  <testcase name="testReturnTypeInt - 1.8" classname="org.eclipse.jdt.core.tests.eval.CodeSnippetTest" time="0.003"/>
  <testcase name="testReturnTypeIntegerObject - 1.8" classname="org.eclipse.jdt.core.tests.eval.CodeSnippetTest" time="0.003"/>
  <testcase name="testReturnTypeLong - 1.8" classname="org.eclipse.jdt.core.tests.eval.CodeSnippetTest" time="0.002"/>
  <testcase name="testReturnTypeLongArray - 1.8" classname="org.eclipse.jdt.core.tests.eval.CodeSnippetTest" time="0.002"/>
  <testcase name="testReturnTypeLongObject - 1.8" classname="org.eclipse.jdt.core.tests.eval.CodeSnippetTest" time="0.002"/>
  <testcase name="testReturnTypeNoExplicitReturnedValue - 1.8" classname="org.eclipse.jdt.core.tests.eval.CodeSnippetTest" time="0.002"/>
  <testcase name="testReturnTypeObject - 1.8" classname="org.eclipse.jdt.core.tests.eval.CodeSnippetTest" time="0.002"/>
  <testcase name="testReturnTypeObjectArray - 1.8" classname="org.eclipse.jdt.core.tests.eval.CodeSnippetTest" time="0.002"/>
  <testcase name="testReturnTypeShort - 1.8" classname="org.eclipse.jdt.core.tests.eval.CodeSnippetTest" time="0.003"/>
  <testcase name="testReturnTypeShortArray - 1.8" classname="org.eclipse.jdt.core.tests.eval.CodeSnippetTest" time="0.002"/>
  <testcase name="testReturnTypeShortObject - 1.8" classname="org.eclipse.jdt.core.tests.eval.CodeSnippetTest" time="0.003"/>
  <testcase name="testReturnTypeString - 1.8" classname="org.eclipse.jdt.core.tests.eval.CodeSnippetTest" time="0.002"/>
  <testcase name="testReturnTypeStringArray - 1.8" classname="org.eclipse.jdt.core.tests.eval.CodeSnippetTest" time="0.002"/>
  <testcase name="testReturnTypeVoid - 1.8" classname="org.eclipse.jdt.core.tests.eval.CodeSnippetTest" time="0.002"/>
  <testcase name="testReturnTypesIntArray - 1.8" classname="org.eclipse.jdt.core.tests.eval.CodeSnippetTest" time="0.003"/>
  <testcase name="testRunMethodInAnonymous - 1.8" classname="org.eclipse.jdt.core.tests.eval.CodeSnippetTest" time="0.213"/>
  <testcase name="testRunMethodInAnonymous2 - 1.8" classname="org.eclipse.jdt.core.tests.eval.CodeSnippetTest" time="0.21"/>
  <testcase name="testRunMethodInAnonymous3 - 1.8" classname="org.eclipse.jdt.core.tests.eval.CodeSnippetTest" time="0.206"/>
  <testcase name="testRunMethodInAnonymous4 - 1.8" classname="org.eclipse.jdt.core.tests.eval.CodeSnippetTest" time="0.213"/>
  <testcase name="testRunMethodInAnonymous5 - 1.8" classname="org.eclipse.jdt.core.tests.eval.CodeSnippetTest" time="0.207"/>
  <testcase name="testRunMethodInAnonymous6 - 1.8" classname="org.eclipse.jdt.core.tests.eval.CodeSnippetTest" time="0.214"/>
  <testcase name="testRunMethodInAnonymous7 - 1.8" classname="org.eclipse.jdt.core.tests.eval.CodeSnippetTest" time="0.21"/>
  <testcase name="testRunMethodInAnonymous8 - 1.8" classname="org.eclipse.jdt.core.tests.eval.CodeSnippetTest" time="0.207"/>
  <testcase name="testExpressionInInnerClass - 1.8" classname="org.eclipse.jdt.core.tests.eval.NegativeCodeSnippetTest" time="0.001"/>
  <testcase name="testExtraClosingCurlyBracket - 1.8" classname="org.eclipse.jdt.core.tests.eval.NegativeCodeSnippetTest" time="0.001"/>
  <testcase name="testExtraOpenRoundBracket - 1.8" classname="org.eclipse.jdt.core.tests.eval.NegativeCodeSnippetTest" time="0.001"/>
  <testcase name="testExtraSemiColonInExpression - 1.8" classname="org.eclipse.jdt.core.tests.eval.NegativeCodeSnippetTest" time="0"/>
  <testcase name="testInvalidField - 1.8" classname="org.eclipse.jdt.core.tests.eval.NegativeCodeSnippetTest" time="0.001"/>
  <testcase name="testInvalidImport - 1.8" classname="org.eclipse.jdt.core.tests.eval.NegativeCodeSnippetTest" time="0.001"/>
  <testcase name="testInvalidUseOfThisInSnippet - 1.8" classname="org.eclipse.jdt.core.tests.eval.NegativeCodeSnippetTest" time="0"/>
  <testcase name="testInvalidUseOfThisInSnippet2 - 1.8" classname="org.eclipse.jdt.core.tests.eval.NegativeCodeSnippetTest" time="0"/>
  <testcase name="testMissingClosingRoundBracket - 1.8" classname="org.eclipse.jdt.core.tests.eval.NegativeCodeSnippetTest" time="0.001"/>
  <testcase name="testMissingDoubleQuote - 1.8" classname="org.eclipse.jdt.core.tests.eval.NegativeCodeSnippetTest" time="0"/>
  <testcase name="testNonLastExpressionStatement - 1.8" classname="org.eclipse.jdt.core.tests.eval.NegativeCodeSnippetTest" time="0.001"/>
  <testcase name="testProblemInExpression - 1.8" classname="org.eclipse.jdt.core.tests.eval.NegativeCodeSnippetTest" time="0"/>
  <testcase name="testProblemInExpression2 - 1.8" classname="org.eclipse.jdt.core.tests.eval.NegativeCodeSnippetTest" time="0.001"/>
  <testcase name="testProblemInInnerClass - 1.8" classname="org.eclipse.jdt.core.tests.eval.NegativeCodeSnippetTest" time="0.004"/>
  <testcase name="testProblemInPreviousStatement - 1.8" classname="org.eclipse.jdt.core.tests.eval.NegativeCodeSnippetTest" time="0.001"/>
  <testcase name="testProblemInReturnStatement - 1.8" classname="org.eclipse.jdt.core.tests.eval.NegativeCodeSnippetTest" time="0"/>
  <testcase name="testRemoveImport - 1.8" classname="org.eclipse.jdt.core.tests.eval.NegativeCodeSnippetTest" time="0.004"/>
  <testcase name="testRemoveVariable - 1.8" classname="org.eclipse.jdt.core.tests.eval.NegativeCodeSnippetTest" time="0.004"/>
  <testcase name="testUnreachableExpression - 1.8" classname="org.eclipse.jdt.core.tests.eval.NegativeCodeSnippetTest" time="0.001"/>
  <testcase name="testUnusedImport - 1.8" classname="org.eclipse.jdt.core.tests.eval.NegativeCodeSnippetTest" time="0.004"/>
  <testcase name="testWarning - 1.8" classname="org.eclipse.jdt.core.tests.eval.NegativeCodeSnippetTest" time="0.003"/>
  <testcase name="testInitializerProblem - 1.8" classname="org.eclipse.jdt.core.tests.eval.NegativeVariableTest" time="0.002"/>
  <testcase name="testUnknownType - 1.8" classname="org.eclipse.jdt.core.tests.eval.NegativeVariableTest" time="0.001"/>
  <testcase name="test001 - 1.8" classname="org.eclipse.jdt.core.tests.eval.DebugEvaluationTest" time="0.142"/>
  <testcase name="test002 - 1.8" classname="org.eclipse.jdt.core.tests.eval.DebugEvaluationTest" time="0.146"/>
  <testcase name="test003 - 1.8" classname="org.eclipse.jdt.core.tests.eval.DebugEvaluationTest" time="0.036"/>
  <testcase name="test004 - 1.8" classname="org.eclipse.jdt.core.tests.eval.DebugEvaluationTest" time="0.128"/>
  <testcase name="test005 - 1.8" classname="org.eclipse.jdt.core.tests.eval.DebugEvaluationTest" time="0.143"/>
  <testcase name="test006 - 1.8" classname="org.eclipse.jdt.core.tests.eval.DebugEvaluationTest" time="0.148"/>
  <testcase name="test007 - 1.8" classname="org.eclipse.jdt.core.tests.eval.DebugEvaluationTest" time="0.147"/>
  <testcase name="test008 - 1.8" classname="org.eclipse.jdt.core.tests.eval.DebugEvaluationTest" time="0.15"/>
  <testcase name="test009 - 1.8" classname="org.eclipse.jdt.core.tests.eval.DebugEvaluationTest" time="0.126"/>
  <testcase name="test010 - 1.8" classname="org.eclipse.jdt.core.tests.eval.DebugEvaluationTest" time="0.15"/>
  <testcase name="test011 - 1.8" classname="org.eclipse.jdt.core.tests.eval.DebugEvaluationTest" time="0.131"/>
  <testcase name="test016 - 1.8" classname="org.eclipse.jdt.core.tests.eval.DebugEvaluationTest" time="0.234"/>
  <testcase name="test017 - 1.8" classname="org.eclipse.jdt.core.tests.eval.DebugEvaluationTest" time="0.122"/>
  <testcase name="test018 - 1.8" classname="org.eclipse.jdt.core.tests.eval.DebugEvaluationTest" time="0.257"/>
  <testcase name="test019 - 1.8" classname="org.eclipse.jdt.core.tests.eval.DebugEvaluationTest" time="0.043"/>
  <testcase name="test020 - 1.8" classname="org.eclipse.jdt.core.tests.eval.DebugEvaluationTest" time="0.147"/>
  <testcase name="test021 - 1.8" classname="org.eclipse.jdt.core.tests.eval.DebugEvaluationTest" time="0.264"/>
  <testcase name="test022 - 1.8" classname="org.eclipse.jdt.core.tests.eval.DebugEvaluationTest" time="0.27"/>
  <testcase name="test023 - 1.8" classname="org.eclipse.jdt.core.tests.eval.DebugEvaluationTest" time="0.289"/>
  <testcase name="test024 - 1.8" classname="org.eclipse.jdt.core.tests.eval.DebugEvaluationTest" time="0.284"/>
  <testcase name="test025 - 1.8" classname="org.eclipse.jdt.core.tests.eval.DebugEvaluationTest" time="0.267"/>
  <testcase name="test026 - 1.8" classname="org.eclipse.jdt.core.tests.eval.DebugEvaluationTest" time="0.149"/>
  <testcase name="test027 - 1.8" classname="org.eclipse.jdt.core.tests.eval.DebugEvaluationTest" time="0.152"/>
  <testcase name="test028 - 1.8" classname="org.eclipse.jdt.core.tests.eval.DebugEvaluationTest" time="0.149"/>
  <testcase name="test029 - 1.8" classname="org.eclipse.jdt.core.tests.eval.DebugEvaluationTest" time="0.149"/>
  <testcase name="test030 - 1.8" classname="org.eclipse.jdt.core.tests.eval.DebugEvaluationTest" time="0.15"/>
  <testcase name="test031 - 1.8" classname="org.eclipse.jdt.core.tests.eval.DebugEvaluationTest" time="0.145"/>
  <testcase name="test032 - 1.8" classname="org.eclipse.jdt.core.tests.eval.DebugEvaluationTest" time="0.046"/>
  <testcase name="test033 - 1.8" classname="org.eclipse.jdt.core.tests.eval.DebugEvaluationTest" time="0.146"/>
  <testcase name="test034 - 1.8" classname="org.eclipse.jdt.core.tests.eval.DebugEvaluationTest" time="0.149"/>
  <testcase name="test035 - 1.8" classname="org.eclipse.jdt.core.tests.eval.DebugEvaluationTest" time="0.15"/>
  <testcase name="test036 - 1.8" classname="org.eclipse.jdt.core.tests.eval.DebugEvaluationTest" time="0.151"/>
  <testcase name="test037 - 1.8" classname="org.eclipse.jdt.core.tests.eval.DebugEvaluationTest" time="0.148"/>
  <testcase name="test038 - 1.8" classname="org.eclipse.jdt.core.tests.eval.DebugEvaluationTest" time="0.15"/>
  <testcase name="test039 - 1.8" classname="org.eclipse.jdt.core.tests.eval.DebugEvaluationTest" time="0.15"/>
  <testcase name="test040 - 1.8" classname="org.eclipse.jdt.core.tests.eval.DebugEvaluationTest" time="0.15"/>
  <testcase name="test041 - 1.8" classname="org.eclipse.jdt.core.tests.eval.DebugEvaluationTest" time="0.149"/>
  <testcase name="test042 - 1.8" classname="org.eclipse.jdt.core.tests.eval.DebugEvaluationTest" time="0.15"/>
  <testcase name="test043 - 1.8" classname="org.eclipse.jdt.core.tests.eval.DebugEvaluationTest" time="0.151"/>
  <testcase name="test044 - 1.8" classname="org.eclipse.jdt.core.tests.eval.DebugEvaluationTest" time="0.151"/>
  <testcase name="test045 - 1.8" classname="org.eclipse.jdt.core.tests.eval.DebugEvaluationTest" time="0.149"/>
  <testcase name="test046 - 1.8" classname="org.eclipse.jdt.core.tests.eval.DebugEvaluationTest" time="0.149"/>
  <testcase name="test047 - 1.8" classname="org.eclipse.jdt.core.tests.eval.DebugEvaluationTest" time="0.149"/>
  <testcase name="test048 - 1.8" classname="org.eclipse.jdt.core.tests.eval.DebugEvaluationTest" time="0.149"/>
  <testcase name="test049 - 1.8" classname="org.eclipse.jdt.core.tests.eval.DebugEvaluationTest" time="0.15"/>
  <testcase name="test050 - 1.8" classname="org.eclipse.jdt.core.tests.eval.DebugEvaluationTest" time="0.147"/>
  <testcase name="test051 - 1.8" classname="org.eclipse.jdt.core.tests.eval.DebugEvaluationTest" time="0.151"/>
  <testcase name="test052 - 1.8" classname="org.eclipse.jdt.core.tests.eval.DebugEvaluationTest" time="0.151"/>
  <testcase name="test053 - 1.8" classname="org.eclipse.jdt.core.tests.eval.DebugEvaluationTest" time="0.149"/>
  <testcase name="test054 - 1.8" classname="org.eclipse.jdt.core.tests.eval.DebugEvaluationTest" time="0.15"/>
  <testcase name="test055 - 1.8" classname="org.eclipse.jdt.core.tests.eval.DebugEvaluationTest" time="0.15"/>
  <testcase name="test056 - 1.8" classname="org.eclipse.jdt.core.tests.eval.DebugEvaluationTest" time="0.149"/>
  <testcase name="test057 - 1.8" classname="org.eclipse.jdt.core.tests.eval.DebugEvaluationTest" time="0.15"/>
  <testcase name="test058 - 1.8" classname="org.eclipse.jdt.core.tests.eval.DebugEvaluationTest" time="0.15"/>
  <testcase name="test059 - 1.8" classname="org.eclipse.jdt.core.tests.eval.DebugEvaluationTest" time="0.15"/>
  <testcase name="test060 - 1.8" classname="org.eclipse.jdt.core.tests.eval.DebugEvaluationTest" time="0.15"/>
  <testcase name="test061 - 1.8" classname="org.eclipse.jdt.core.tests.eval.DebugEvaluationTest" time="0.149"/>
  <testcase name="test062 - 1.8" classname="org.eclipse.jdt.core.tests.eval.DebugEvaluationTest" time="0.149"/>
  <testcase name="test063 - 1.8" classname="org.eclipse.jdt.core.tests.eval.DebugEvaluationTest" time="0.15"/>
  <testcase name="test065 - 1.8" classname="org.eclipse.jdt.core.tests.eval.DebugEvaluationTest" time="0.152"/>
  <testcase name="test066 - 1.8" classname="org.eclipse.jdt.core.tests.eval.DebugEvaluationTest" time="0.151"/>
  <testcase name="test067 - 1.8" classname="org.eclipse.jdt.core.tests.eval.DebugEvaluationTest" time="0.153"/>
  <testcase name="test068 - 1.8" classname="org.eclipse.jdt.core.tests.eval.DebugEvaluationTest" time="0.05"/>
  <testcase name="test069 - 1.8" classname="org.eclipse.jdt.core.tests.eval.DebugEvaluationTest" time="0.042"/>
  <testcase name="testNegative001 - 1.8" classname="org.eclipse.jdt.core.tests.eval.DebugEvaluationTest" time="0.047"/>
  <testcase name="testNegative002 - 1.8" classname="org.eclipse.jdt.core.tests.eval.DebugEvaluationTest" time="0.042"/>
  <testcase name="testNegative003 - 1.8" classname="org.eclipse.jdt.core.tests.eval.DebugEvaluationTest" time="0.045"/>
  <testcase name="testNegative004 - 1.8" classname="org.eclipse.jdt.core.tests.eval.DebugEvaluationTest" time="0.017"/>
  <testcase name="testNegative005 - 1.8" classname="org.eclipse.jdt.core.tests.eval.DebugEvaluationTest" time="0.016"/>
  <testcase name="testAllVariables - 9" classname="org.eclipse.jdt.core.tests.eval.SanityTestEvaluationContext" time="0"/>
  <testcase name="testEvaluate - 9" classname="org.eclipse.jdt.core.tests.eval.SanityTestEvaluationContext" time="0.019"/>
  <testcase name="testEvaluateImports - 9" classname="org.eclipse.jdt.core.tests.eval.SanityTestEvaluationContext" time="0"/>
  <testcase name="testEvaluateVariable - 9" classname="org.eclipse.jdt.core.tests.eval.SanityTestEvaluationContext" time="0.008"/>
  <testcase name="testEvaluateVariables - 9" classname="org.eclipse.jdt.core.tests.eval.SanityTestEvaluationContext" time="0.002"/>
  <testcase name="testGetSetImports - 9" classname="org.eclipse.jdt.core.tests.eval.SanityTestEvaluationContext" time="0"/>
  <testcase name="testGetSetPackageName - 9" classname="org.eclipse.jdt.core.tests.eval.SanityTestEvaluationContext" time="0"/>
  <testcase name="testNewDeleteVariable - 9" classname="org.eclipse.jdt.core.tests.eval.SanityTestEvaluationContext" time="0"/>
  <testcase name="testGetEvaluationType - 9" classname="org.eclipse.jdt.core.tests.eval.SanityTestEvaluationResult" time="0.006"/>
  <testcase name="testGetProblems - 9" classname="org.eclipse.jdt.core.tests.eval.SanityTestEvaluationResult" time="0.004"/>
  <testcase name="testGetValue - 9" classname="org.eclipse.jdt.core.tests.eval.SanityTestEvaluationResult" time="0.004"/>
  <testcase name="testGetValueDisplayString - 9" classname="org.eclipse.jdt.core.tests.eval.SanityTestEvaluationResult" time="0.003"/>
  <testcase name="testGetValueTypeName - 9" classname="org.eclipse.jdt.core.tests.eval.SanityTestEvaluationResult" time="0.004"/>
  <testcase name="testHasErrors - 9" classname="org.eclipse.jdt.core.tests.eval.SanityTestEvaluationResult" time="0.004"/>
  <testcase name="testHasProblems - 9" classname="org.eclipse.jdt.core.tests.eval.SanityTestEvaluationResult" time="0.003"/>
  <testcase name="testHasValue - 9" classname="org.eclipse.jdt.core.tests.eval.SanityTestEvaluationResult" time="0.004"/>
  <testcase name="testHasWarnings - 9" classname="org.eclipse.jdt.core.tests.eval.SanityTestEvaluationResult" time="0.003"/>
  <testcase name="testAllKindOfValues - 9" classname="org.eclipse.jdt.core.tests.eval.VariableTest" time="0.047"/>
  <testcase name="testCodeSnippetVarAssign - 9" classname="org.eclipse.jdt.core.tests.eval.VariableTest" time="0.068"/>
  <testcase name="testCodeSnippetVarRetrieval - 9" classname="org.eclipse.jdt.core.tests.eval.VariableTest" time="0.035"/>
  <testcase name="testImports - 9" classname="org.eclipse.jdt.core.tests.eval.VariableTest" time="0.026"/>
  <testcase name="testSeveralVariableInstallations - 9" classname="org.eclipse.jdt.core.tests.eval.VariableTest" time="0.089"/>
  <testcase name="testBug345334 - 9" classname="org.eclipse.jdt.core.tests.eval.CodeSnippetTest" time="0.004"/>
  <testcase name="testBug464656 - 9" classname="org.eclipse.jdt.core.tests.eval.CodeSnippetTest" time="0.021"/>
  <testcase name="testCheckedException - 9" classname="org.eclipse.jdt.core.tests.eval.CodeSnippetTest" time="0.004"/>
  <testcase name="testDiamond - 9" classname="org.eclipse.jdt.core.tests.eval.CodeSnippetTest" time="0.006"/>
  <testcase name="testEmptyStatement - 9" classname="org.eclipse.jdt.core.tests.eval.CodeSnippetTest" time="0.004"/>
  <testcase name="testEvaluateEmptyImport - 9" classname="org.eclipse.jdt.core.tests.eval.CodeSnippetTest" time="0"/>
  <testcase name="testEvaluateExistingPackageAndNonExistingTypeImports - 9" classname="org.eclipse.jdt.core.tests.eval.CodeSnippetTest" time="0"/>
  <testcase name="testEvaluateNonExistingPackageAndExistingTypeImports - 9" classname="org.eclipse.jdt.core.tests.eval.CodeSnippetTest" time="0"/>
  <testcase name="testEvaluateNonExistingPackageImport - 9" classname="org.eclipse.jdt.core.tests.eval.CodeSnippetTest" time="0"/>
  <testcase name="testEvaluateNonExistingTypeImport - 9" classname="org.eclipse.jdt.core.tests.eval.CodeSnippetTest" time="0"/>
  <testcase name="testEvaluateValidPackageAndTypeImports - 9" classname="org.eclipse.jdt.core.tests.eval.CodeSnippetTest" time="0"/>
  <testcase name="testEvaluateValidPackageImport - 9" classname="org.eclipse.jdt.core.tests.eval.CodeSnippetTest" time="0"/>
  <testcase name="testEvaluateValidTypeImport - 9" classname="org.eclipse.jdt.core.tests.eval.CodeSnippetTest" time="0"/>
  <testcase name="testFinallyError - 9" classname="org.eclipse.jdt.core.tests.eval.CodeSnippetTest" time="0.005"/>
  <testcase name="testFinallyOneBlock - 9" classname="org.eclipse.jdt.core.tests.eval.CodeSnippetTest" time="0.004"/>
  <testcase name="testFinallyTwoBlock - 9" classname="org.eclipse.jdt.core.tests.eval.CodeSnippetTest" time="0.004"/>
  <testcase name="testFor89632 - 9" classname="org.eclipse.jdt.core.tests.eval.CodeSnippetTest" time="0.007"/>
  <testcase name="testFreeReturnAnonymous - 9" classname="org.eclipse.jdt.core.tests.eval.CodeSnippetTest" time="0.005"/>
  <testcase name="testFreeReturnClassDeclaration - 9" classname="org.eclipse.jdt.core.tests.eval.CodeSnippetTest" time="0.004"/>
  <testcase name="testFreeReturnExpression - 9" classname="org.eclipse.jdt.core.tests.eval.CodeSnippetTest" time="0.004"/>
  <testcase name="testFreeReturnInteger - 9" classname="org.eclipse.jdt.core.tests.eval.CodeSnippetTest" time="0.003"/>
  <testcase name="testFreeReturnLocalVar - 9" classname="org.eclipse.jdt.core.tests.eval.CodeSnippetTest" time="0.003"/>
  <testcase name="testFreeReturnStatement - 9" classname="org.eclipse.jdt.core.tests.eval.CodeSnippetTest" time="0.004"/>
  <testcase name="testImportPackage - 9" classname="org.eclipse.jdt.core.tests.eval.CodeSnippetTest" time="0.005"/>
  <testcase name="testImportType - 9" classname="org.eclipse.jdt.core.tests.eval.CodeSnippetTest" time="0.005"/>
  <testcase name="testImportTypeAndPackage - 9" classname="org.eclipse.jdt.core.tests.eval.CodeSnippetTest" time="0.004"/>
  <testcase name="testInnerClassAnonymous - 9" classname="org.eclipse.jdt.core.tests.eval.CodeSnippetTest" time="0.005"/>
  <testcase name="testInnerClassNamed - 9" classname="org.eclipse.jdt.core.tests.eval.CodeSnippetTest" time="0.004"/>
  <testcase name="testReturnDisplayStringBoolean - 9" classname="org.eclipse.jdt.core.tests.eval.CodeSnippetTest" time="0.003"/>
  <testcase name="testReturnDisplayStringCharacter - 9" classname="org.eclipse.jdt.core.tests.eval.CodeSnippetTest" time="0.002"/>
  <testcase name="testReturnDisplayStringDouble - 9" classname="org.eclipse.jdt.core.tests.eval.CodeSnippetTest" time="0.004"/>
  <testcase name="testReturnDisplayStringEmptyCodeSnippet - 9" classname="org.eclipse.jdt.core.tests.eval.CodeSnippetTest" time="0.002"/>
  <testcase name="testReturnDisplayStringFloat - 9" classname="org.eclipse.jdt.core.tests.eval.CodeSnippetTest" time="0.004"/>
  <testcase name="testReturnDisplayStringInteger - 9" classname="org.eclipse.jdt.core.tests.eval.CodeSnippetTest" time="0.003"/>
  <testcase name="testReturnDisplayStringLong - 9" classname="org.eclipse.jdt.core.tests.eval.CodeSnippetTest" time="0.003"/>
  <testcase name="testReturnDisplayStringNoExplicitReturnedValue - 9" classname="org.eclipse.jdt.core.tests.eval.CodeSnippetTest" time="0.003"/>
  <testcase name="testReturnDisplayStringObject - 9" classname="org.eclipse.jdt.core.tests.eval.CodeSnippetTest" time="0.003"/>
  <testcase name="testReturnDisplayStringShort - 9" classname="org.eclipse.jdt.core.tests.eval.CodeSnippetTest" time="0.004"/>
  <testcase name="testReturnDisplayStringString - 9" classname="org.eclipse.jdt.core.tests.eval.CodeSnippetTest" time="0.004"/>
  <testcase name="testReturnDisplayStringVoid - 9" classname="org.eclipse.jdt.core.tests.eval.CodeSnippetTest" time="0.003"/>
  <testcase name="testReturnTypeBoolean - 9" classname="org.eclipse.jdt.core.tests.eval.CodeSnippetTest" time="0.003"/>
  <testcase name="testReturnTypeBooleanArray - 9" classname="org.eclipse.jdt.core.tests.eval.CodeSnippetTest" time="0.004"/>
  <testcase name="testReturnTypeBooleanObject - 9" classname="org.eclipse.jdt.core.tests.eval.CodeSnippetTest" time="0.003"/>
  <testcase name="testReturnTypeChar - 9" classname="org.eclipse.jdt.core.tests.eval.CodeSnippetTest" time="0.003"/>
  <testcase name="testReturnTypeCharArray - 9" classname="org.eclipse.jdt.core.tests.eval.CodeSnippetTest" time="0.002"/>
  <testcase name="testReturnTypeCharacterObject - 9" classname="org.eclipse.jdt.core.tests.eval.CodeSnippetTest" time="0.002"/>
  <testcase name="testReturnTypeDouble - 9" classname="org.eclipse.jdt.core.tests.eval.CodeSnippetTest" time="0.002"/>
  <testcase name="testReturnTypeDoubleArray - 9" classname="org.eclipse.jdt.core.tests.eval.CodeSnippetTest" time="0.004"/>
  <testcase name="testReturnTypeDoubleObject - 9" classname="org.eclipse.jdt.core.tests.eval.CodeSnippetTest" time="0.003"/>
  <testcase name="testReturnTypeEmptyCodeSnippet - 9" classname="org.eclipse.jdt.core.tests.eval.CodeSnippetTest" time="0.002"/>
  <testcase name="testReturnTypeFloat - 9" classname="org.eclipse.jdt.core.tests.eval.CodeSnippetTest" time="0.003"/>
  <testcase name="testReturnTypeFloatArray - 9" classname="org.eclipse.jdt.core.tests.eval.CodeSnippetTest" time="0.003"/>
  <testcase name="testReturnTypeFloatObject - 9" classname="org.eclipse.jdt.core.tests.eval.CodeSnippetTest" time="0.003"/>
  <testcase name="testReturnTypeInt - 9" classname="org.eclipse.jdt.core.tests.eval.CodeSnippetTest" time="0.003"/>
  <testcase name="testReturnTypeIntegerObject - 9" classname="org.eclipse.jdt.core.tests.eval.CodeSnippetTest" time="0.004"/>
  <testcase name="testReturnTypeLong - 9" classname="org.eclipse.jdt.core.tests.eval.CodeSnippetTest" time="0.002"/>
  <testcase name="testReturnTypeLongArray - 9" classname="org.eclipse.jdt.core.tests.eval.CodeSnippetTest" time="0.002"/>
  <testcase name="testReturnTypeLongObject - 9" classname="org.eclipse.jdt.core.tests.eval.CodeSnippetTest" time="0.004"/>
  <testcase name="testReturnTypeNoExplicitReturnedValue - 9" classname="org.eclipse.jdt.core.tests.eval.CodeSnippetTest" time="0.003"/>
  <testcase name="testReturnTypeObject - 9" classname="org.eclipse.jdt.core.tests.eval.CodeSnippetTest" time="0.003"/>
  <testcase name="testReturnTypeObjectArray - 9" classname="org.eclipse.jdt.core.tests.eval.CodeSnippetTest" time="0.003"/>
  <testcase name="testReturnTypeShort - 9" classname="org.eclipse.jdt.core.tests.eval.CodeSnippetTest" time="0.003"/>
  <testcase name="testReturnTypeShortArray - 9" classname="org.eclipse.jdt.core.tests.eval.CodeSnippetTest" time="0.003"/>
  <testcase name="testReturnTypeShortObject - 9" classname="org.eclipse.jdt.core.tests.eval.CodeSnippetTest" time="0.003"/>
  <testcase name="testReturnTypeString - 9" classname="org.eclipse.jdt.core.tests.eval.CodeSnippetTest" time="0.003"/>
  <testcase name="testReturnTypeStringArray - 9" classname="org.eclipse.jdt.core.tests.eval.CodeSnippetTest" time="0.003"/>
  <testcase name="testReturnTypeVoid - 9" classname="org.eclipse.jdt.core.tests.eval.CodeSnippetTest" time="0.003"/>
  <testcase name="testReturnTypesIntArray - 9" classname="org.eclipse.jdt.core.tests.eval.CodeSnippetTest" time="0.003"/>
  <testcase name="testRunMethodInAnonymous - 9" classname="org.eclipse.jdt.core.tests.eval.CodeSnippetTest" time="0.209"/>
  <testcase name="testRunMethodInAnonymous2 - 9" classname="org.eclipse.jdt.core.tests.eval.CodeSnippetTest" time="0.211"/>
  <testcase name="testRunMethodInAnonymous3 - 9" classname="org.eclipse.jdt.core.tests.eval.CodeSnippetTest" time="0.209"/>
  <testcase name="testRunMethodInAnonymous4 - 9" classname="org.eclipse.jdt.core.tests.eval.CodeSnippetTest" time="0.21"/>
  <testcase name="testRunMethodInAnonymous5 - 9" classname="org.eclipse.jdt.core.tests.eval.CodeSnippetTest" time="0.211"/>
  <testcase name="testRunMethodInAnonymous6 - 9" classname="org.eclipse.jdt.core.tests.eval.CodeSnippetTest" time="0.209"/>
  <testcase name="testRunMethodInAnonymous7 - 9" classname="org.eclipse.jdt.core.tests.eval.CodeSnippetTest" time="0.212"/>
  <testcase name="testRunMethodInAnonymous8 - 9" classname="org.eclipse.jdt.core.tests.eval.CodeSnippetTest" time="0.213"/>
  <testcase name="testExpressionInInnerClass - 9" classname="org.eclipse.jdt.core.tests.eval.NegativeCodeSnippetTest" time="0.001"/>
  <testcase name="testExtraClosingCurlyBracket - 9" classname="org.eclipse.jdt.core.tests.eval.NegativeCodeSnippetTest" time="0.002"/>
  <testcase name="testExtraOpenRoundBracket - 9" classname="org.eclipse.jdt.core.tests.eval.NegativeCodeSnippetTest" time="0.001"/>
  <testcase name="testExtraSemiColonInExpression - 9" classname="org.eclipse.jdt.core.tests.eval.NegativeCodeSnippetTest" time="0.001"/>
  <testcase name="testInvalidField - 9" classname="org.eclipse.jdt.core.tests.eval.NegativeCodeSnippetTest" time="0.001"/>
  <testcase name="testInvalidImport - 9" classname="org.eclipse.jdt.core.tests.eval.NegativeCodeSnippetTest" time="0.002"/>
  <testcase name="testInvalidUseOfThisInSnippet - 9" classname="org.eclipse.jdt.core.tests.eval.NegativeCodeSnippetTest" time="0.002"/>
  <testcase name="testInvalidUseOfThisInSnippet2 - 9" classname="org.eclipse.jdt.core.tests.eval.NegativeCodeSnippetTest" time="0.001"/>
  <testcase name="testMissingClosingRoundBracket - 9" classname="org.eclipse.jdt.core.tests.eval.NegativeCodeSnippetTest" time="0.002"/>
  <testcase name="testMissingDoubleQuote - 9" classname="org.eclipse.jdt.core.tests.eval.NegativeCodeSnippetTest" time="0.001"/>
  <testcase name="testNonLastExpressionStatement - 9" classname="org.eclipse.jdt.core.tests.eval.NegativeCodeSnippetTest" time="0.001"/>
  <testcase name="testProblemInExpression - 9" classname="org.eclipse.jdt.core.tests.eval.NegativeCodeSnippetTest" time="0.001"/>
  <testcase name="testProblemInExpression2 - 9" classname="org.eclipse.jdt.core.tests.eval.NegativeCodeSnippetTest" time="0.001"/>
  <testcase name="testProblemInInnerClass - 9" classname="org.eclipse.jdt.core.tests.eval.NegativeCodeSnippetTest" time="0.005"/>
  <testcase name="testProblemInPreviousStatement - 9" classname="org.eclipse.jdt.core.tests.eval.NegativeCodeSnippetTest" time="0.002"/>
  <testcase name="testProblemInReturnStatement - 9" classname="org.eclipse.jdt.core.tests.eval.NegativeCodeSnippetTest" time="0.001"/>
  <testcase name="testRemoveImport - 9" classname="org.eclipse.jdt.core.tests.eval.NegativeCodeSnippetTest" time="0.006"/>
  <testcase name="testRemoveVariable - 9" classname="org.eclipse.jdt.core.tests.eval.NegativeCodeSnippetTest" time="0.007"/>
  <testcase name="testUnreachableExpression - 9" classname="org.eclipse.jdt.core.tests.eval.NegativeCodeSnippetTest" time="0.001"/>
  <testcase name="testUnusedImport - 9" classname="org.eclipse.jdt.core.tests.eval.NegativeCodeSnippetTest" time="0.006"/>
  <testcase name="testWarning - 9" classname="org.eclipse.jdt.core.tests.eval.NegativeCodeSnippetTest" time="0.004"/>
  <testcase name="testInitializerProblem - 9" classname="org.eclipse.jdt.core.tests.eval.NegativeVariableTest" time="0.004"/>
  <testcase name="testUnknownType - 9" classname="org.eclipse.jdt.core.tests.eval.NegativeVariableTest" time="0.003"/>
  <testcase name="test001 - 9" classname="org.eclipse.jdt.core.tests.eval.DebugEvaluationTest" time="0.148"/>
  <testcase name="test002 - 9" classname="org.eclipse.jdt.core.tests.eval.DebugEvaluationTest" time="0.154"/>
  <testcase name="test003 - 9" classname="org.eclipse.jdt.core.tests.eval.DebugEvaluationTest" time="0.042"/>
  <testcase name="test004 - 9" classname="org.eclipse.jdt.core.tests.eval.DebugEvaluationTest" time="0.127"/>
  <testcase name="test005 - 9" classname="org.eclipse.jdt.core.tests.eval.DebugEvaluationTest" time="0.155"/>
  <testcase name="test006 - 9" classname="org.eclipse.jdt.core.tests.eval.DebugEvaluationTest" time="0.153"/>
  <testcase name="test007 - 9" classname="org.eclipse.jdt.core.tests.eval.DebugEvaluationTest" time="0.152"/>
  <testcase name="test008 - 9" classname="org.eclipse.jdt.core.tests.eval.DebugEvaluationTest" time="0.156"/>
  <testcase name="test009 - 9" classname="org.eclipse.jdt.core.tests.eval.DebugEvaluationTest" time="0.128"/>
  <testcase name="test010 - 9" classname="org.eclipse.jdt.core.tests.eval.DebugEvaluationTest" time="0.155"/>
  <testcase name="test011 - 9" classname="org.eclipse.jdt.core.tests.eval.DebugEvaluationTest" time="0.135"/>
  <testcase name="test016 - 9" classname="org.eclipse.jdt.core.tests.eval.DebugEvaluationTest" time="0.237"/>
  <testcase name="test017 - 9" classname="org.eclipse.jdt.core.tests.eval.DebugEvaluationTest" time="0.128"/>
  <testcase name="test018 - 9" classname="org.eclipse.jdt.core.tests.eval.DebugEvaluationTest" time="0.267"/>
  <testcase name="test019 - 9" classname="org.eclipse.jdt.core.tests.eval.DebugEvaluationTest" time="0.04"/>
  <testcase name="test020 - 9" classname="org.eclipse.jdt.core.tests.eval.DebugEvaluationTest" time="0.15"/>
  <testcase name="test021 - 9" classname="org.eclipse.jdt.core.tests.eval.DebugEvaluationTest" time="0.27"/>
  <testcase name="test022 - 9" classname="org.eclipse.jdt.core.tests.eval.DebugEvaluationTest" time="0.279"/>
  <testcase name="test023 - 9" classname="org.eclipse.jdt.core.tests.eval.DebugEvaluationTest" time="0.291"/>
  <testcase name="test024 - 9" classname="org.eclipse.jdt.core.tests.eval.DebugEvaluationTest" time="0.286"/>
  <testcase name="test025 - 9" classname="org.eclipse.jdt.core.tests.eval.DebugEvaluationTest" time="0.266"/>
  <testcase name="test026 - 9" classname="org.eclipse.jdt.core.tests.eval.DebugEvaluationTest" time="0.153"/>
  <testcase name="test027 - 9" classname="org.eclipse.jdt.core.tests.eval.DebugEvaluationTest" time="0.151"/>
  <testcase name="test028 - 9" classname="org.eclipse.jdt.core.tests.eval.DebugEvaluationTest" time="0.156"/>
  <testcase name="test029 - 9" classname="org.eclipse.jdt.core.tests.eval.DebugEvaluationTest" time="0.153"/>
  <testcase name="test030 - 9" classname="org.eclipse.jdt.core.tests.eval.DebugEvaluationTest" time="0.154"/>
  <testcase name="test031 - 9" classname="org.eclipse.jdt.core.tests.eval.DebugEvaluationTest" time="0.156"/>
  <testcase name="test032 - 9" classname="org.eclipse.jdt.core.tests.eval.DebugEvaluationTest" time="0.054"/>
  <testcase name="test033 - 9" classname="org.eclipse.jdt.core.tests.eval.DebugEvaluationTest" time="0.158"/>
  <testcase name="test034 - 9" classname="org.eclipse.jdt.core.tests.eval.DebugEvaluationTest" time="0.155"/>
  <testcase name="test035 - 9" classname="org.eclipse.jdt.core.tests.eval.DebugEvaluationTest" time="0.151"/>
  <testcase name="test036 - 9" classname="org.eclipse.jdt.core.tests.eval.DebugEvaluationTest" time="0.155"/>
  <testcase name="test037 - 9" classname="org.eclipse.jdt.core.tests.eval.DebugEvaluationTest" time="0.155"/>
  <testcase name="test038 - 9" classname="org.eclipse.jdt.core.tests.eval.DebugEvaluationTest" time="0.159"/>
  <testcase name="test039 - 9" classname="org.eclipse.jdt.core.tests.eval.DebugEvaluationTest" time="0.158"/>
  <testcase name="test040 - 9" classname="org.eclipse.jdt.core.tests.eval.DebugEvaluationTest" time="0.156"/>
  <testcase name="test041 - 9" classname="org.eclipse.jdt.core.tests.eval.DebugEvaluationTest" time="0.157"/>
  <testcase name="test042 - 9" classname="org.eclipse.jdt.core.tests.eval.DebugEvaluationTest" time="0.154"/>
  <testcase name="test043 - 9" classname="org.eclipse.jdt.core.tests.eval.DebugEvaluationTest" time="0.154"/>
  <testcase name="test044 - 9" classname="org.eclipse.jdt.core.tests.eval.DebugEvaluationTest" time="0.159"/>
  <testcase name="test045 - 9" classname="org.eclipse.jdt.core.tests.eval.DebugEvaluationTest" time="0.155"/>
  <testcase name="test046 - 9" classname="org.eclipse.jdt.core.tests.eval.DebugEvaluationTest" time="0.154"/>
  <testcase name="test047 - 9" classname="org.eclipse.jdt.core.tests.eval.DebugEvaluationTest" time="0.156"/>
  <testcase name="test048 - 9" classname="org.eclipse.jdt.core.tests.eval.DebugEvaluationTest" time="0.152"/>
  <testcase name="test049 - 9" classname="org.eclipse.jdt.core.tests.eval.DebugEvaluationTest" time="0.155"/>
  <testcase name="test050 - 9" classname="org.eclipse.jdt.core.tests.eval.DebugEvaluationTest" time="0.156"/>
  <testcase name="test051 - 9" classname="org.eclipse.jdt.core.tests.eval.DebugEvaluationTest" time="0.155"/>
  <testcase name="test052 - 9" classname="org.eclipse.jdt.core.tests.eval.DebugEvaluationTest" time="0.154"/>
  <testcase name="test053 - 9" classname="org.eclipse.jdt.core.tests.eval.DebugEvaluationTest" time="0.153"/>
  <testcase name="test054 - 9" classname="org.eclipse.jdt.core.tests.eval.DebugEvaluationTest" time="0.156"/>
  <testcase name="test055 - 9" classname="org.eclipse.jdt.core.tests.eval.DebugEvaluationTest" time="0.152"/>
  <testcase name="test056 - 9" classname="org.eclipse.jdt.core.tests.eval.DebugEvaluationTest" time="0.156"/>
  <testcase name="test057 - 9" classname="org.eclipse.jdt.core.tests.eval.DebugEvaluationTest" time="0.157"/>
  <testcase name="test058 - 9" classname="org.eclipse.jdt.core.tests.eval.DebugEvaluationTest" time="0.153"/>
  <testcase name="test059 - 9" classname="org.eclipse.jdt.core.tests.eval.DebugEvaluationTest" time="0.156"/>
  <testcase name="test060 - 9" classname="org.eclipse.jdt.core.tests.eval.DebugEvaluationTest" time="0.154"/>
  <testcase name="test061 - 9" classname="org.eclipse.jdt.core.tests.eval.DebugEvaluationTest" time="0.157"/>
  <testcase name="test062 - 9" classname="org.eclipse.jdt.core.tests.eval.DebugEvaluationTest" time="0.152"/>
  <testcase name="test063 - 9" classname="org.eclipse.jdt.core.tests.eval.DebugEvaluationTest" time="0.151"/>
  <testcase name="test065 - 9" classname="org.eclipse.jdt.core.tests.eval.DebugEvaluationTest" time="0.158"/>
  <testcase name="test066 - 9" classname="org.eclipse.jdt.core.tests.eval.DebugEvaluationTest" time="0.153"/>
  <testcase name="test067 - 9" classname="org.eclipse.jdt.core.tests.eval.DebugEvaluationTest" time="0.153"/>
  <testcase name="test068 - 9" classname="org.eclipse.jdt.core.tests.eval.DebugEvaluationTest" time="0.051"/>
  <testcase name="test069 - 9" classname="org.eclipse.jdt.core.tests.eval.DebugEvaluationTest" time="0.043"/>
  <testcase name="testNegative001 - 9" classname="org.eclipse.jdt.core.tests.eval.DebugEvaluationTest" time="0.039"/>
  <testcase name="testNegative002 - 9" classname="org.eclipse.jdt.core.tests.eval.DebugEvaluationTest" time="0.042"/>
  <testcase name="testNegative003 - 9" classname="org.eclipse.jdt.core.tests.eval.DebugEvaluationTest" time="0.04"/>
  <testcase name="testNegative004 - 9" classname="org.eclipse.jdt.core.tests.eval.DebugEvaluationTest" time="0.017"/>
  <testcase name="testNegative005 - 9" classname="org.eclipse.jdt.core.tests.eval.DebugEvaluationTest" time="0.016"/>
  <testcase name="testAllVariables - 10" classname="org.eclipse.jdt.core.tests.eval.SanityTestEvaluationContext" time="0"/>
  <testcase name="testEvaluate - 10" classname="org.eclipse.jdt.core.tests.eval.SanityTestEvaluationContext" time="0.007"/>
  <testcase name="testEvaluateImports - 10" classname="org.eclipse.jdt.core.tests.eval.SanityTestEvaluationContext" time="0"/>
  <testcase name="testEvaluateVariable - 10" classname="org.eclipse.jdt.core.tests.eval.SanityTestEvaluationContext" time="0.005"/>
  <testcase name="testEvaluateVariables - 10" classname="org.eclipse.jdt.core.tests.eval.SanityTestEvaluationContext" time="0.001"/>
  <testcase name="testGetSetImports - 10" classname="org.eclipse.jdt.core.tests.eval.SanityTestEvaluationContext" time="0"/>
  <testcase name="testGetSetPackageName - 10" classname="org.eclipse.jdt.core.tests.eval.SanityTestEvaluationContext" time="0"/>
  <testcase name="testNewDeleteVariable - 10" classname="org.eclipse.jdt.core.tests.eval.SanityTestEvaluationContext" time="0"/>
  <testcase name="testGetEvaluationType - 10" classname="org.eclipse.jdt.core.tests.eval.SanityTestEvaluationResult" time="0.003"/>
  <testcase name="testGetProblems - 10" classname="org.eclipse.jdt.core.tests.eval.SanityTestEvaluationResult" time="0.002"/>
  <testcase name="testGetValue - 10" classname="org.eclipse.jdt.core.tests.eval.SanityTestEvaluationResult" time="0.003"/>
  <testcase name="testGetValueDisplayString - 10" classname="org.eclipse.jdt.core.tests.eval.SanityTestEvaluationResult" time="0.003"/>
  <testcase name="testGetValueTypeName - 10" classname="org.eclipse.jdt.core.tests.eval.SanityTestEvaluationResult" time="0.002"/>
  <testcase name="testHasErrors - 10" classname="org.eclipse.jdt.core.tests.eval.SanityTestEvaluationResult" time="0.002"/>
  <testcase name="testHasProblems - 10" classname="org.eclipse.jdt.core.tests.eval.SanityTestEvaluationResult" time="0.002"/>
  <testcase name="testHasValue - 10" classname="org.eclipse.jdt.core.tests.eval.SanityTestEvaluationResult" time="0.002"/>
  <testcase name="testHasWarnings - 10" classname="org.eclipse.jdt.core.tests.eval.SanityTestEvaluationResult" time="0.003"/>
  <testcase name="testAllKindOfValues - 10" classname="org.eclipse.jdt.core.tests.eval.VariableTest" time="0.034"/>
  <testcase name="testCodeSnippetVarAssign - 10" classname="org.eclipse.jdt.core.tests.eval.VariableTest" time="0.046"/>
  <testcase name="testCodeSnippetVarRetrieval - 10" classname="org.eclipse.jdt.core.tests.eval.VariableTest" time="0.024"/>
  <testcase name="testImports - 10" classname="org.eclipse.jdt.core.tests.eval.VariableTest" time="0.018"/>
  <testcase name="testSeveralVariableInstallations - 10" classname="org.eclipse.jdt.core.tests.eval.VariableTest" time="0.074"/>
  <testcase name="testBug345334 - 10" classname="org.eclipse.jdt.core.tests.eval.CodeSnippetTest" time="0.003"/>
  <testcase name="testBug464656 - 10" classname="org.eclipse.jdt.core.tests.eval.CodeSnippetTest" time="0.018"/>
  <testcase name="testCheckedException - 10" classname="org.eclipse.jdt.core.tests.eval.CodeSnippetTest" time="0.003"/>
  <testcase name="testDiamond - 10" classname="org.eclipse.jdt.core.tests.eval.CodeSnippetTest" time="0.004"/>
  <testcase name="testEmptyStatement - 10" classname="org.eclipse.jdt.core.tests.eval.CodeSnippetTest" time="0.003"/>
  <testcase name="testEvaluateEmptyImport - 10" classname="org.eclipse.jdt.core.tests.eval.CodeSnippetTest" time="0"/>
  <testcase name="testEvaluateExistingPackageAndNonExistingTypeImports - 10" classname="org.eclipse.jdt.core.tests.eval.CodeSnippetTest" time="0"/>
  <testcase name="testEvaluateNonExistingPackageAndExistingTypeImports - 10" classname="org.eclipse.jdt.core.tests.eval.CodeSnippetTest" time="0"/>
  <testcase name="testEvaluateNonExistingPackageImport - 10" classname="org.eclipse.jdt.core.tests.eval.CodeSnippetTest" time="0"/>
  <testcase name="testEvaluateNonExistingTypeImport - 10" classname="org.eclipse.jdt.core.tests.eval.CodeSnippetTest" time="0"/>
  <testcase name="testEvaluateValidPackageAndTypeImports - 10" classname="org.eclipse.jdt.core.tests.eval.CodeSnippetTest" time="0"/>
  <testcase name="testEvaluateValidPackageImport - 10" classname="org.eclipse.jdt.core.tests.eval.CodeSnippetTest" time="0"/>
  <testcase name="testEvaluateValidTypeImport - 10" classname="org.eclipse.jdt.core.tests.eval.CodeSnippetTest" time="0"/>
  <testcase name="testFinallyError - 10" classname="org.eclipse.jdt.core.tests.eval.CodeSnippetTest" time="0.004"/>
  <testcase name="testFinallyOneBlock - 10" classname="org.eclipse.jdt.core.tests.eval.CodeSnippetTest" time="0.003"/>
  <testcase name="testFinallyTwoBlock - 10" classname="org.eclipse.jdt.core.tests.eval.CodeSnippetTest" time="0.003"/>
  <testcase name="testFor89632 - 10" classname="org.eclipse.jdt.core.tests.eval.CodeSnippetTest" time="0.005"/>
  <testcase name="testFreeReturnAnonymous - 10" classname="org.eclipse.jdt.core.tests.eval.CodeSnippetTest" time="0.003"/>
  <testcase name="testFreeReturnClassDeclaration - 10" classname="org.eclipse.jdt.core.tests.eval.CodeSnippetTest" time="0.002"/>
  <testcase name="testFreeReturnExpression - 10" classname="org.eclipse.jdt.core.tests.eval.CodeSnippetTest" time="0.003"/>
  <testcase name="testFreeReturnInteger - 10" classname="org.eclipse.jdt.core.tests.eval.CodeSnippetTest" time="0.003"/>
  <testcase name="testFreeReturnLocalVar - 10" classname="org.eclipse.jdt.core.tests.eval.CodeSnippetTest" time="0.003"/>
  <testcase name="testFreeReturnStatement - 10" classname="org.eclipse.jdt.core.tests.eval.CodeSnippetTest" time="0.003"/>
  <testcase name="testImportPackage - 10" classname="org.eclipse.jdt.core.tests.eval.CodeSnippetTest" time="0.003"/>
  <testcase name="testImportType - 10" classname="org.eclipse.jdt.core.tests.eval.CodeSnippetTest" time="0.004"/>
  <testcase name="testImportTypeAndPackage - 10" classname="org.eclipse.jdt.core.tests.eval.CodeSnippetTest" time="0.004"/>
  <testcase name="testInnerClassAnonymous - 10" classname="org.eclipse.jdt.core.tests.eval.CodeSnippetTest" time="0.004"/>
  <testcase name="testInnerClassNamed - 10" classname="org.eclipse.jdt.core.tests.eval.CodeSnippetTest" time="0.003"/>
  <testcase name="testReturnDisplayStringBoolean - 10" classname="org.eclipse.jdt.core.tests.eval.CodeSnippetTest" time="0.002"/>
  <testcase name="testReturnDisplayStringCharacter - 10" classname="org.eclipse.jdt.core.tests.eval.CodeSnippetTest" time="0.003"/>
  <testcase name="testReturnDisplayStringDouble - 10" classname="org.eclipse.jdt.core.tests.eval.CodeSnippetTest" time="0.002"/>
  <testcase name="testReturnDisplayStringEmptyCodeSnippet - 10" classname="org.eclipse.jdt.core.tests.eval.CodeSnippetTest" time="0.002"/>
  <testcase name="testReturnDisplayStringFloat - 10" classname="org.eclipse.jdt.core.tests.eval.CodeSnippetTest" time="0.002"/>
  <testcase name="testReturnDisplayStringInteger - 10" classname="org.eclipse.jdt.core.tests.eval.CodeSnippetTest" time="0.003"/>
  <testcase name="testReturnDisplayStringLong - 10" classname="org.eclipse.jdt.core.tests.eval.CodeSnippetTest" time="0.002"/>
  <testcase name="testReturnDisplayStringNoExplicitReturnedValue - 10" classname="org.eclipse.jdt.core.tests.eval.CodeSnippetTest" time="0.003"/>
  <testcase name="testReturnDisplayStringObject - 10" classname="org.eclipse.jdt.core.tests.eval.CodeSnippetTest" time="0.003"/>
  <testcase name="testReturnDisplayStringShort - 10" classname="org.eclipse.jdt.core.tests.eval.CodeSnippetTest" time="0.003"/>
  <testcase name="testReturnDisplayStringString - 10" classname="org.eclipse.jdt.core.tests.eval.CodeSnippetTest" time="0.002"/>
  <testcase name="testReturnDisplayStringVoid - 10" classname="org.eclipse.jdt.core.tests.eval.CodeSnippetTest" time="0.003"/>
  <testcase name="testReturnTypeBoolean - 10" classname="org.eclipse.jdt.core.tests.eval.CodeSnippetTest" time="0.002"/>
  <testcase name="testReturnTypeBooleanArray - 10" classname="org.eclipse.jdt.core.tests.eval.CodeSnippetTest" time="0.003"/>
  <testcase name="testReturnTypeBooleanObject - 10" classname="org.eclipse.jdt.core.tests.eval.CodeSnippetTest" time="0.002"/>
  <testcase name="testReturnTypeChar - 10" classname="org.eclipse.jdt.core.tests.eval.CodeSnippetTest" time="0.003"/>
  <testcase name="testReturnTypeCharArray - 10" classname="org.eclipse.jdt.core.tests.eval.CodeSnippetTest" time="0.002"/>
  <testcase name="testReturnTypeCharacterObject - 10" classname="org.eclipse.jdt.core.tests.eval.CodeSnippetTest" time="0.002"/>
  <testcase name="testReturnTypeDouble - 10" classname="org.eclipse.jdt.core.tests.eval.CodeSnippetTest" time="0.002"/>
  <testcase name="testReturnTypeDoubleArray - 10" classname="org.eclipse.jdt.core.tests.eval.CodeSnippetTest" time="0.002"/>
  <testcase name="testReturnTypeDoubleObject - 10" classname="org.eclipse.jdt.core.tests.eval.CodeSnippetTest" time="0.002"/>
  <testcase name="testReturnTypeEmptyCodeSnippet - 10" classname="org.eclipse.jdt.core.tests.eval.CodeSnippetTest" time="0.002"/>
  <testcase name="testReturnTypeFloat - 10" classname="org.eclipse.jdt.core.tests.eval.CodeSnippetTest" time="0.003"/>
  <testcase name="testReturnTypeFloatArray - 10" classname="org.eclipse.jdt.core.tests.eval.CodeSnippetTest" time="0.002"/>
  <testcase name="testReturnTypeFloatObject - 10" classname="org.eclipse.jdt.core.tests.eval.CodeSnippetTest" time="0.002"/>
  <testcase name="testReturnTypeInt - 10" classname="org.eclipse.jdt.core.tests.eval.CodeSnippetTest" time="0.002"/>
  <testcase name="testReturnTypeIntegerObject - 10" classname="org.eclipse.jdt.core.tests.eval.CodeSnippetTest" time="0.003"/>
  <testcase name="testReturnTypeLong - 10" classname="org.eclipse.jdt.core.tests.eval.CodeSnippetTest" time="0.002"/>
  <testcase name="testReturnTypeLongArray - 10" classname="org.eclipse.jdt.core.tests.eval.CodeSnippetTest" time="0.002"/>
  <testcase name="testReturnTypeLongObject - 10" classname="org.eclipse.jdt.core.tests.eval.CodeSnippetTest" time="0.002"/>
  <testcase name="testReturnTypeNoExplicitReturnedValue - 10" classname="org.eclipse.jdt.core.tests.eval.CodeSnippetTest" time="0.003"/>
  <testcase name="testReturnTypeObject - 10" classname="org.eclipse.jdt.core.tests.eval.CodeSnippetTest" time="0.002"/>
  <testcase name="testReturnTypeObjectArray - 10" classname="org.eclipse.jdt.core.tests.eval.CodeSnippetTest" time="0.002"/>
  <testcase name="testReturnTypeShort - 10" classname="org.eclipse.jdt.core.tests.eval.CodeSnippetTest" time="0.002"/>
  <testcase name="testReturnTypeShortArray - 10" classname="org.eclipse.jdt.core.tests.eval.CodeSnippetTest" time="0.002"/>
  <testcase name="testReturnTypeShortObject - 10" classname="org.eclipse.jdt.core.tests.eval.CodeSnippetTest" time="0.002"/>
  <testcase name="testReturnTypeString - 10" classname="org.eclipse.jdt.core.tests.eval.CodeSnippetTest" time="0.002"/>
  <testcase name="testReturnTypeStringArray - 10" classname="org.eclipse.jdt.core.tests.eval.CodeSnippetTest" time="0.002"/>
  <testcase name="testReturnTypeVoid - 10" classname="org.eclipse.jdt.core.tests.eval.CodeSnippetTest" time="0.002"/>
  <testcase name="testReturnTypesIntArray - 10" classname="org.eclipse.jdt.core.tests.eval.CodeSnippetTest" time="0.002"/>
  <testcase name="testRunMethodInAnonymous - 10" classname="org.eclipse.jdt.core.tests.eval.CodeSnippetTest" time="0.21"/>
  <testcase name="testRunMethodInAnonymous2 - 10" classname="org.eclipse.jdt.core.tests.eval.CodeSnippetTest" time="0.211"/>
  <testcase name="testRunMethodInAnonymous3 - 10" classname="org.eclipse.jdt.core.tests.eval.CodeSnippetTest" time="0.214"/>
  <testcase name="testRunMethodInAnonymous4 - 10" classname="org.eclipse.jdt.core.tests.eval.CodeSnippetTest" time="0.212"/>
  <testcase name="testRunMethodInAnonymous5 - 10" classname="org.eclipse.jdt.core.tests.eval.CodeSnippetTest" time="0.206"/>
  <testcase name="testRunMethodInAnonymous6 - 10" classname="org.eclipse.jdt.core.tests.eval.CodeSnippetTest" time="0.213"/>
  <testcase name="testRunMethodInAnonymous7 - 10" classname="org.eclipse.jdt.core.tests.eval.CodeSnippetTest" time="0.21"/>
  <testcase name="testRunMethodInAnonymous8 - 10" classname="org.eclipse.jdt.core.tests.eval.CodeSnippetTest" time="0.214"/>
  <testcase name="testExpressionInInnerClass - 10" classname="org.eclipse.jdt.core.tests.eval.NegativeCodeSnippetTest" time="0.001"/>
  <testcase name="testExtraClosingCurlyBracket - 10" classname="org.eclipse.jdt.core.tests.eval.NegativeCodeSnippetTest" time="0.001"/>
  <testcase name="testExtraOpenRoundBracket - 10" classname="org.eclipse.jdt.core.tests.eval.NegativeCodeSnippetTest" time="0.001"/>
  <testcase name="testExtraSemiColonInExpression - 10" classname="org.eclipse.jdt.core.tests.eval.NegativeCodeSnippetTest" time="0"/>
  <testcase name="testInvalidField - 10" classname="org.eclipse.jdt.core.tests.eval.NegativeCodeSnippetTest" time="0.001"/>
  <testcase name="testInvalidImport - 10" classname="org.eclipse.jdt.core.tests.eval.NegativeCodeSnippetTest" time="0.001"/>
  <testcase name="testInvalidUseOfThisInSnippet - 10" classname="org.eclipse.jdt.core.tests.eval.NegativeCodeSnippetTest" time="0.001"/>
  <testcase name="testInvalidUseOfThisInSnippet2 - 10" classname="org.eclipse.jdt.core.tests.eval.NegativeCodeSnippetTest" time="0.001"/>
  <testcase name="testMissingClosingRoundBracket - 10" classname="org.eclipse.jdt.core.tests.eval.NegativeCodeSnippetTest" time="0.001"/>
  <testcase name="testMissingDoubleQuote - 10" classname="org.eclipse.jdt.core.tests.eval.NegativeCodeSnippetTest" time="0.001"/>
  <testcase name="testNonLastExpressionStatement - 10" classname="org.eclipse.jdt.core.tests.eval.NegativeCodeSnippetTest" time="0.001"/>
  <testcase name="testProblemInExpression - 10" classname="org.eclipse.jdt.core.tests.eval.NegativeCodeSnippetTest" time="0.001"/>
  <testcase name="testProblemInExpression2 - 10" classname="org.eclipse.jdt.core.tests.eval.NegativeCodeSnippetTest" time="0.001"/>
  <testcase name="testProblemInInnerClass - 10" classname="org.eclipse.jdt.core.tests.eval.NegativeCodeSnippetTest" time="0.004"/>
  <testcase name="testProblemInPreviousStatement - 10" classname="org.eclipse.jdt.core.tests.eval.NegativeCodeSnippetTest" time="0.001"/>
  <testcase name="testProblemInReturnStatement - 10" classname="org.eclipse.jdt.core.tests.eval.NegativeCodeSnippetTest" time="0"/>
  <testcase name="testRemoveImport - 10" classname="org.eclipse.jdt.core.tests.eval.NegativeCodeSnippetTest" time="0.006"/>
  <testcase name="testRemoveVariable - 10" classname="org.eclipse.jdt.core.tests.eval.NegativeCodeSnippetTest" time="0.006"/>
  <testcase name="testUnreachableExpression - 10" classname="org.eclipse.jdt.core.tests.eval.NegativeCodeSnippetTest" time="0.002"/>
  <testcase name="testUnusedImport - 10" classname="org.eclipse.jdt.core.tests.eval.NegativeCodeSnippetTest" time="0.005"/>
  <testcase name="testWarning - 10" classname="org.eclipse.jdt.core.tests.eval.NegativeCodeSnippetTest" time="0.003"/>
  <testcase name="testInitializerProblem - 10" classname="org.eclipse.jdt.core.tests.eval.NegativeVariableTest" time="0.003"/>
  <testcase name="testUnknownType - 10" classname="org.eclipse.jdt.core.tests.eval.NegativeVariableTest" time="0.001"/>
  <testcase name="test001 - 10" classname="org.eclipse.jdt.core.tests.eval.DebugEvaluationTest" time="0.142"/>
  <testcase name="test002 - 10" classname="org.eclipse.jdt.core.tests.eval.DebugEvaluationTest" time="0.158"/>
  <testcase name="test003 - 10" classname="org.eclipse.jdt.core.tests.eval.DebugEvaluationTest" time="0.044"/>
  <testcase name="test004 - 10" classname="org.eclipse.jdt.core.tests.eval.DebugEvaluationTest" time="0.128"/>
  <testcase name="test005 - 10" classname="org.eclipse.jdt.core.tests.eval.DebugEvaluationTest" time="0.154"/>
  <testcase name="test006 - 10" classname="org.eclipse.jdt.core.tests.eval.DebugEvaluationTest" time="0.155"/>
  <testcase name="test007 - 10" classname="org.eclipse.jdt.core.tests.eval.DebugEvaluationTest" time="0.158"/>
  <testcase name="test008 - 10" classname="org.eclipse.jdt.core.tests.eval.DebugEvaluationTest" time="0.155"/>
  <testcase name="test009 - 10" classname="org.eclipse.jdt.core.tests.eval.DebugEvaluationTest" time="0.131"/>
  <testcase name="test010 - 10" classname="org.eclipse.jdt.core.tests.eval.DebugEvaluationTest" time="0.156"/>
  <testcase name="test011 - 10" classname="org.eclipse.jdt.core.tests.eval.DebugEvaluationTest" time="0.138"/>
  <testcase name="test016 - 10" classname="org.eclipse.jdt.core.tests.eval.DebugEvaluationTest" time="0.237"/>
  <testcase name="test017 - 10" classname="org.eclipse.jdt.core.tests.eval.DebugEvaluationTest" time="0.126"/>
  <testcase name="test018 - 10" classname="org.eclipse.jdt.core.tests.eval.DebugEvaluationTest" time="0.271"/>
  <testcase name="test019 - 10" classname="org.eclipse.jdt.core.tests.eval.DebugEvaluationTest" time="0.045"/>
  <testcase name="test020 - 10" classname="org.eclipse.jdt.core.tests.eval.DebugEvaluationTest" time="0.154"/>
  <testcase name="test021 - 10" classname="org.eclipse.jdt.core.tests.eval.DebugEvaluationTest" time="0.269"/>
  <testcase name="test022 - 10" classname="org.eclipse.jdt.core.tests.eval.DebugEvaluationTest" time="0.287"/>
  <testcase name="test023 - 10" classname="org.eclipse.jdt.core.tests.eval.DebugEvaluationTest" time="0.296"/>
  <testcase name="test024 - 10" classname="org.eclipse.jdt.core.tests.eval.DebugEvaluationTest" time="0.296"/>
  <testcase name="test025 - 10" classname="org.eclipse.jdt.core.tests.eval.DebugEvaluationTest" time="0.269"/>
  <testcase name="test026 - 10" classname="org.eclipse.jdt.core.tests.eval.DebugEvaluationTest" time="0.159"/>
  <testcase name="test027 - 10" classname="org.eclipse.jdt.core.tests.eval.DebugEvaluationTest" time="0.157"/>
  <testcase name="test028 - 10" classname="org.eclipse.jdt.core.tests.eval.DebugEvaluationTest" time="0.155"/>
  <testcase name="test029 - 10" classname="org.eclipse.jdt.core.tests.eval.DebugEvaluationTest" time="0.159"/>
  <testcase name="test030 - 10" classname="org.eclipse.jdt.core.tests.eval.DebugEvaluationTest" time="0.159"/>
  <testcase name="test031 - 10" classname="org.eclipse.jdt.core.tests.eval.DebugEvaluationTest" time="0.158"/>
  <testcase name="test032 - 10" classname="org.eclipse.jdt.core.tests.eval.DebugEvaluationTest" time="0.057"/>
  <testcase name="test033 - 10" classname="org.eclipse.jdt.core.tests.eval.DebugEvaluationTest" time="0.156"/>
  <testcase name="test034 - 10" classname="org.eclipse.jdt.core.tests.eval.DebugEvaluationTest" time="0.155"/>
  <testcase name="test035 - 10" classname="org.eclipse.jdt.core.tests.eval.DebugEvaluationTest" time="0.158"/>
  <testcase name="test036 - 10" classname="org.eclipse.jdt.core.tests.eval.DebugEvaluationTest" time="0.157"/>
  <testcase name="test037 - 10" classname="org.eclipse.jdt.core.tests.eval.DebugEvaluationTest" time="0.16"/>
  <testcase name="test038 - 10" classname="org.eclipse.jdt.core.tests.eval.DebugEvaluationTest" time="0.157"/>
  <testcase name="test039 - 10" classname="org.eclipse.jdt.core.tests.eval.DebugEvaluationTest" time="0.159"/>
  <testcase name="test040 - 10" classname="org.eclipse.jdt.core.tests.eval.DebugEvaluationTest" time="0.157"/>
  <testcase name="test041 - 10" classname="org.eclipse.jdt.core.tests.eval.DebugEvaluationTest" time="0.156"/>
  <testcase name="test042 - 10" classname="org.eclipse.jdt.core.tests.eval.DebugEvaluationTest" time="0.156"/>
  <testcase name="test043 - 10" classname="org.eclipse.jdt.core.tests.eval.DebugEvaluationTest" time="0.158"/>
  <testcase name="test044 - 10" classname="org.eclipse.jdt.core.tests.eval.DebugEvaluationTest" time="0.155"/>
  <testcase name="test045 - 10" classname="org.eclipse.jdt.core.tests.eval.DebugEvaluationTest" time="0.157"/>
  <testcase name="test046 - 10" classname="org.eclipse.jdt.core.tests.eval.DebugEvaluationTest" time="0.156"/>
  <testcase name="test047 - 10" classname="org.eclipse.jdt.core.tests.eval.DebugEvaluationTest" time="0.159"/>
  <testcase name="test048 - 10" classname="org.eclipse.jdt.core.tests.eval.DebugEvaluationTest" time="0.157"/>
  <testcase name="test049 - 10" classname="org.eclipse.jdt.core.tests.eval.DebugEvaluationTest" time="0.158"/>
  <testcase name="test050 - 10" classname="org.eclipse.jdt.core.tests.eval.DebugEvaluationTest" time="0.164"/>
  <testcase name="test051 - 10" classname="org.eclipse.jdt.core.tests.eval.DebugEvaluationTest" time="0.156"/>
  <testcase name="test052 - 10" classname="org.eclipse.jdt.core.tests.eval.DebugEvaluationTest" time="0.158"/>
  <testcase name="test053 - 10" classname="org.eclipse.jdt.core.tests.eval.DebugEvaluationTest" time="0.157"/>
  <testcase name="test054 - 10" classname="org.eclipse.jdt.core.tests.eval.DebugEvaluationTest" time="0.16"/>
  <testcase name="test055 - 10" classname="org.eclipse.jdt.core.tests.eval.DebugEvaluationTest" time="0.158"/>
  <testcase name="test056 - 10" classname="org.eclipse.jdt.core.tests.eval.DebugEvaluationTest" time="0.159"/>
  <testcase name="test057 - 10" classname="org.eclipse.jdt.core.tests.eval.DebugEvaluationTest" time="0.157"/>
  <testcase name="test058 - 10" classname="org.eclipse.jdt.core.tests.eval.DebugEvaluationTest" time="0.156"/>
  <testcase name="test059 - 10" classname="org.eclipse.jdt.core.tests.eval.DebugEvaluationTest" time="0.159"/>
  <testcase name="test060 - 10" classname="org.eclipse.jdt.core.tests.eval.DebugEvaluationTest" time="0.161"/>
  <testcase name="test061 - 10" classname="org.eclipse.jdt.core.tests.eval.DebugEvaluationTest" time="0.159"/>
  <testcase name="test062 - 10" classname="org.eclipse.jdt.core.tests.eval.DebugEvaluationTest" time="0.158"/>
  <testcase name="test063 - 10" classname="org.eclipse.jdt.core.tests.eval.DebugEvaluationTest" time="0.155"/>
  <testcase name="test065 - 10" classname="org.eclipse.jdt.core.tests.eval.DebugEvaluationTest" time="0.156"/>
  <testcase name="test066 - 10" classname="org.eclipse.jdt.core.tests.eval.DebugEvaluationTest" time="0.159"/>
  <testcase name="test067 - 10" classname="org.eclipse.jdt.core.tests.eval.DebugEvaluationTest" time="0.162"/>
  <testcase name="test068 - 10" classname="org.eclipse.jdt.core.tests.eval.DebugEvaluationTest" time="0.06"/>
  <testcase name="test069 - 10" classname="org.eclipse.jdt.core.tests.eval.DebugEvaluationTest" time="0.046"/>
  <testcase name="testNegative001 - 10" classname="org.eclipse.jdt.core.tests.eval.DebugEvaluationTest" time="0.043"/>
  <testcase name="testNegative002 - 10" classname="org.eclipse.jdt.core.tests.eval.DebugEvaluationTest" time="0.045"/>
  <testcase name="testNegative003 - 10" classname="org.eclipse.jdt.core.tests.eval.DebugEvaluationTest" time="0.048"/>
  <testcase name="testNegative004 - 10" classname="org.eclipse.jdt.core.tests.eval.DebugEvaluationTest" time="0.018"/>
  <testcase name="testNegative005 - 10" classname="org.eclipse.jdt.core.tests.eval.DebugEvaluationTest" time="0.018"/>
  <testcase name="testAllVariables - 11" classname="org.eclipse.jdt.core.tests.eval.SanityTestEvaluationContext" time="0"/>
  <testcase name="testEvaluate - 11" classname="org.eclipse.jdt.core.tests.eval.SanityTestEvaluationContext" time="0.007"/>
  <testcase name="testEvaluateImports - 11" classname="org.eclipse.jdt.core.tests.eval.SanityTestEvaluationContext" time="0"/>
  <testcase name="testEvaluateVariable - 11" classname="org.eclipse.jdt.core.tests.eval.SanityTestEvaluationContext" time="0.004"/>
  <testcase name="testEvaluateVariables - 11" classname="org.eclipse.jdt.core.tests.eval.SanityTestEvaluationContext" time="0.001"/>
  <testcase name="testGetSetImports - 11" classname="org.eclipse.jdt.core.tests.eval.SanityTestEvaluationContext" time="0"/>
  <testcase name="testGetSetPackageName - 11" classname="org.eclipse.jdt.core.tests.eval.SanityTestEvaluationContext" time="0"/>
  <testcase name="testNewDeleteVariable - 11" classname="org.eclipse.jdt.core.tests.eval.SanityTestEvaluationContext" time="0"/>
  <testcase name="testGetEvaluationType - 11" classname="org.eclipse.jdt.core.tests.eval.SanityTestEvaluationResult" time="0.003"/>
  <testcase name="testGetProblems - 11" classname="org.eclipse.jdt.core.tests.eval.SanityTestEvaluationResult" time="0.002"/>
  <testcase name="testGetValue - 11" classname="org.eclipse.jdt.core.tests.eval.SanityTestEvaluationResult" time="0.003"/>
  <testcase name="testGetValueDisplayString - 11" classname="org.eclipse.jdt.core.tests.eval.SanityTestEvaluationResult" time="0.002"/>
  <testcase name="testGetValueTypeName - 11" classname="org.eclipse.jdt.core.tests.eval.SanityTestEvaluationResult" time="0.002"/>
  <testcase name="testHasErrors - 11" classname="org.eclipse.jdt.core.tests.eval.SanityTestEvaluationResult" time="0.003"/>
  <testcase name="testHasProblems - 11" classname="org.eclipse.jdt.core.tests.eval.SanityTestEvaluationResult" time="0.002"/>
  <testcase name="testHasValue - 11" classname="org.eclipse.jdt.core.tests.eval.SanityTestEvaluationResult" time="0.003"/>
  <testcase name="testHasWarnings - 11" classname="org.eclipse.jdt.core.tests.eval.SanityTestEvaluationResult" time="0.003"/>
  <testcase name="testAllKindOfValues - 11" classname="org.eclipse.jdt.core.tests.eval.VariableTest" time="0.04"/>
  <testcase name="testCodeSnippetVarAssign - 11" classname="org.eclipse.jdt.core.tests.eval.VariableTest" time="0.053"/>
  <testcase name="testCodeSnippetVarRetrieval - 11" classname="org.eclipse.jdt.core.tests.eval.VariableTest" time="0.026"/>
  <testcase name="testImports - 11" classname="org.eclipse.jdt.core.tests.eval.VariableTest" time="0.019"/>
  <testcase name="testSeveralVariableInstallations - 11" classname="org.eclipse.jdt.core.tests.eval.VariableTest" time="0.073"/>
  <testcase name="testBug345334 - 11" classname="org.eclipse.jdt.core.tests.eval.CodeSnippetTest" time="0.003"/>
  <testcase name="testBug464656 - 11" classname="org.eclipse.jdt.core.tests.eval.CodeSnippetTest" time="0.019"/>
  <testcase name="testCheckedException - 11" classname="org.eclipse.jdt.core.tests.eval.CodeSnippetTest" time="0.003"/>
  <testcase name="testDiamond - 11" classname="org.eclipse.jdt.core.tests.eval.CodeSnippetTest" time="0.003"/>
  <testcase name="testEmptyStatement - 11" classname="org.eclipse.jdt.core.tests.eval.CodeSnippetTest" time="0.003"/>
  <testcase name="testEvaluateEmptyImport - 11" classname="org.eclipse.jdt.core.tests.eval.CodeSnippetTest" time="0"/>
  <testcase name="testEvaluateExistingPackageAndNonExistingTypeImports - 11" classname="org.eclipse.jdt.core.tests.eval.CodeSnippetTest" time="0"/>
  <testcase name="testEvaluateNonExistingPackageAndExistingTypeImports - 11" classname="org.eclipse.jdt.core.tests.eval.CodeSnippetTest" time="0"/>
  <testcase name="testEvaluateNonExistingPackageImport - 11" classname="org.eclipse.jdt.core.tests.eval.CodeSnippetTest" time="0"/>
  <testcase name="testEvaluateNonExistingTypeImport - 11" classname="org.eclipse.jdt.core.tests.eval.CodeSnippetTest" time="0"/>
  <testcase name="testEvaluateValidPackageAndTypeImports - 11" classname="org.eclipse.jdt.core.tests.eval.CodeSnippetTest" time="0"/>
  <testcase name="testEvaluateValidPackageImport - 11" classname="org.eclipse.jdt.core.tests.eval.CodeSnippetTest" time="0"/>
  <testcase name="testEvaluateValidTypeImport - 11" classname="org.eclipse.jdt.core.tests.eval.CodeSnippetTest" time="0"/>
  <testcase name="testFinallyError - 11" classname="org.eclipse.jdt.core.tests.eval.CodeSnippetTest" time="0.004"/>
  <testcase name="testFinallyOneBlock - 11" classname="org.eclipse.jdt.core.tests.eval.CodeSnippetTest" time="0.003"/>
  <testcase name="testFinallyTwoBlock - 11" classname="org.eclipse.jdt.core.tests.eval.CodeSnippetTest" time="0.002"/>
  <testcase name="testFor89632 - 11" classname="org.eclipse.jdt.core.tests.eval.CodeSnippetTest" time="0.005"/>
  <testcase name="testFreeReturnAnonymous - 11" classname="org.eclipse.jdt.core.tests.eval.CodeSnippetTest" time="0.004"/>
  <testcase name="testFreeReturnClassDeclaration - 11" classname="org.eclipse.jdt.core.tests.eval.CodeSnippetTest" time="0.003"/>
  <testcase name="testFreeReturnExpression - 11" classname="org.eclipse.jdt.core.tests.eval.CodeSnippetTest" time="0.003"/>
  <testcase name="testFreeReturnInteger - 11" classname="org.eclipse.jdt.core.tests.eval.CodeSnippetTest" time="0.002"/>
  <testcase name="testFreeReturnLocalVar - 11" classname="org.eclipse.jdt.core.tests.eval.CodeSnippetTest" time="0.003"/>
  <testcase name="testFreeReturnStatement - 11" classname="org.eclipse.jdt.core.tests.eval.CodeSnippetTest" time="0.003"/>
  <testcase name="testImportPackage - 11" classname="org.eclipse.jdt.core.tests.eval.CodeSnippetTest" time="0.004"/>
  <testcase name="testImportType - 11" classname="org.eclipse.jdt.core.tests.eval.CodeSnippetTest" time="0.004"/>
  <testcase name="testImportTypeAndPackage - 11" classname="org.eclipse.jdt.core.tests.eval.CodeSnippetTest" time="0.004"/>
  <testcase name="testInnerClassAnonymous - 11" classname="org.eclipse.jdt.core.tests.eval.CodeSnippetTest" time="0.004"/>
  <testcase name="testInnerClassNamed - 11" classname="org.eclipse.jdt.core.tests.eval.CodeSnippetTest" time="0.003"/>
  <testcase name="testReturnDisplayStringBoolean - 11" classname="org.eclipse.jdt.core.tests.eval.CodeSnippetTest" time="0.002"/>
  <testcase name="testReturnDisplayStringCharacter - 11" classname="org.eclipse.jdt.core.tests.eval.CodeSnippetTest" time="0.002"/>
  <testcase name="testReturnDisplayStringDouble - 11" classname="org.eclipse.jdt.core.tests.eval.CodeSnippetTest" time="0.002"/>
  <testcase name="testReturnDisplayStringEmptyCodeSnippet - 11" classname="org.eclipse.jdt.core.tests.eval.CodeSnippetTest" time="0.001"/>
  <testcase name="testReturnDisplayStringFloat - 11" classname="org.eclipse.jdt.core.tests.eval.CodeSnippetTest" time="0.002"/>
  <testcase name="testReturnDisplayStringInteger - 11" classname="org.eclipse.jdt.core.tests.eval.CodeSnippetTest" time="0.003"/>
  <testcase name="testReturnDisplayStringLong - 11" classname="org.eclipse.jdt.core.tests.eval.CodeSnippetTest" time="0.002"/>
  <testcase name="testReturnDisplayStringNoExplicitReturnedValue - 11" classname="org.eclipse.jdt.core.tests.eval.CodeSnippetTest" time="0.003"/>
  <testcase name="testReturnDisplayStringObject - 11" classname="org.eclipse.jdt.core.tests.eval.CodeSnippetTest" time="0.004"/>
  <testcase name="testReturnDisplayStringShort - 11" classname="org.eclipse.jdt.core.tests.eval.CodeSnippetTest" time="0.002"/>
  <testcase name="testReturnDisplayStringString - 11" classname="org.eclipse.jdt.core.tests.eval.CodeSnippetTest" time="0.003"/>
  <testcase name="testReturnDisplayStringVoid - 11" classname="org.eclipse.jdt.core.tests.eval.CodeSnippetTest" time="0.002"/>
  <testcase name="testReturnTypeBoolean - 11" classname="org.eclipse.jdt.core.tests.eval.CodeSnippetTest" time="0.002"/>
  <testcase name="testReturnTypeBooleanArray - 11" classname="org.eclipse.jdt.core.tests.eval.CodeSnippetTest" time="0.003"/>
  <testcase name="testReturnTypeBooleanObject - 11" classname="org.eclipse.jdt.core.tests.eval.CodeSnippetTest" time="0.003"/>
  <testcase name="testReturnTypeChar - 11" classname="org.eclipse.jdt.core.tests.eval.CodeSnippetTest" time="0.002"/>
  <testcase name="testReturnTypeCharArray - 11" classname="org.eclipse.jdt.core.tests.eval.CodeSnippetTest" time="0.003"/>
  <testcase name="testReturnTypeCharacterObject - 11" classname="org.eclipse.jdt.core.tests.eval.CodeSnippetTest" time="0.003"/>
  <testcase name="testReturnTypeDouble - 11" classname="org.eclipse.jdt.core.tests.eval.CodeSnippetTest" time="0.003"/>
  <testcase name="testReturnTypeDoubleArray - 11" classname="org.eclipse.jdt.core.tests.eval.CodeSnippetTest" time="0.003"/>
  <testcase name="testReturnTypeDoubleObject - 11" classname="org.eclipse.jdt.core.tests.eval.CodeSnippetTest" time="0.003"/>
  <testcase name="testReturnTypeEmptyCodeSnippet - 11" classname="org.eclipse.jdt.core.tests.eval.CodeSnippetTest" time="0.002"/>
  <testcase name="testReturnTypeFloat - 11" classname="org.eclipse.jdt.core.tests.eval.CodeSnippetTest" time="0.004"/>
  <testcase name="testReturnTypeFloatArray - 11" classname="org.eclipse.jdt.core.tests.eval.CodeSnippetTest" time="0.002"/>
  <testcase name="testReturnTypeFloatObject - 11" classname="org.eclipse.jdt.core.tests.eval.CodeSnippetTest" time="0.003"/>
  <testcase name="testReturnTypeInt - 11" classname="org.eclipse.jdt.core.tests.eval.CodeSnippetTest" time="0.002"/>
  <testcase name="testReturnTypeIntegerObject - 11" classname="org.eclipse.jdt.core.tests.eval.CodeSnippetTest" time="0.002"/>
  <testcase name="testReturnTypeLong - 11" classname="org.eclipse.jdt.core.tests.eval.CodeSnippetTest" time="0.003"/>
  <testcase name="testReturnTypeLongArray - 11" classname="org.eclipse.jdt.core.tests.eval.CodeSnippetTest" time="0.003"/>
  <testcase name="testReturnTypeLongObject - 11" classname="org.eclipse.jdt.core.tests.eval.CodeSnippetTest" time="0.003"/>
  <testcase name="testReturnTypeNoExplicitReturnedValue - 11" classname="org.eclipse.jdt.core.tests.eval.CodeSnippetTest" time="0.002"/>
  <testcase name="testReturnTypeObject - 11" classname="org.eclipse.jdt.core.tests.eval.CodeSnippetTest" time="0.002"/>
  <testcase name="testReturnTypeObjectArray - 11" classname="org.eclipse.jdt.core.tests.eval.CodeSnippetTest" time="0.002"/>
  <testcase name="testReturnTypeShort - 11" classname="org.eclipse.jdt.core.tests.eval.CodeSnippetTest" time="0.002"/>
  <testcase name="testReturnTypeShortArray - 11" classname="org.eclipse.jdt.core.tests.eval.CodeSnippetTest" time="0.003"/>
  <testcase name="testReturnTypeShortObject - 11" classname="org.eclipse.jdt.core.tests.eval.CodeSnippetTest" time="0.003"/>
  <testcase name="testReturnTypeString - 11" classname="org.eclipse.jdt.core.tests.eval.CodeSnippetTest" time="0.003"/>
  <testcase name="testReturnTypeStringArray - 11" classname="org.eclipse.jdt.core.tests.eval.CodeSnippetTest" time="0.003"/>
  <testcase name="testReturnTypeVoid - 11" classname="org.eclipse.jdt.core.tests.eval.CodeSnippetTest" time="0.002"/>
  <testcase name="testReturnTypesIntArray - 11" classname="org.eclipse.jdt.core.tests.eval.CodeSnippetTest" time="0.002"/>
  <testcase name="testRunMethodInAnonymous - 11" classname="org.eclipse.jdt.core.tests.eval.CodeSnippetTest" time="0.209"/>
  <testcase name="testRunMethodInAnonymous2 - 11" classname="org.eclipse.jdt.core.tests.eval.CodeSnippetTest" time="0.211"/>
  <testcase name="testRunMethodInAnonymous3 - 11" classname="org.eclipse.jdt.core.tests.eval.CodeSnippetTest" time="0.211"/>
  <testcase name="testRunMethodInAnonymous4 - 11" classname="org.eclipse.jdt.core.tests.eval.CodeSnippetTest" time="0.21"/>
  <testcase name="testRunMethodInAnonymous5 - 11" classname="org.eclipse.jdt.core.tests.eval.CodeSnippetTest" time="0.212"/>
  <testcase name="testRunMethodInAnonymous6 - 11" classname="org.eclipse.jdt.core.tests.eval.CodeSnippetTest" time="0.207"/>
  <testcase name="testRunMethodInAnonymous7 - 11" classname="org.eclipse.jdt.core.tests.eval.CodeSnippetTest" time="0.211"/>
  <testcase name="testRunMethodInAnonymous8 - 11" classname="org.eclipse.jdt.core.tests.eval.CodeSnippetTest" time="0.211"/>
  <testcase name="testExpressionInInnerClass - 11" classname="org.eclipse.jdt.core.tests.eval.NegativeCodeSnippetTest" time="0.002"/>
  <testcase name="testExtraClosingCurlyBracket - 11" classname="org.eclipse.jdt.core.tests.eval.NegativeCodeSnippetTest" time="0.002"/>
  <testcase name="testExtraOpenRoundBracket - 11" classname="org.eclipse.jdt.core.tests.eval.NegativeCodeSnippetTest" time="0.001"/>
  <testcase name="testExtraSemiColonInExpression - 11" classname="org.eclipse.jdt.core.tests.eval.NegativeCodeSnippetTest" time="0"/>
  <testcase name="testInvalidField - 11" classname="org.eclipse.jdt.core.tests.eval.NegativeCodeSnippetTest" time="0.001"/>
  <testcase name="testInvalidImport - 11" classname="org.eclipse.jdt.core.tests.eval.NegativeCodeSnippetTest" time="0.001"/>
  <testcase name="testInvalidUseOfThisInSnippet - 11" classname="org.eclipse.jdt.core.tests.eval.NegativeCodeSnippetTest" time="0.001"/>
  <testcase name="testInvalidUseOfThisInSnippet2 - 11" classname="org.eclipse.jdt.core.tests.eval.NegativeCodeSnippetTest" time="0.001"/>
  <testcase name="testMissingClosingRoundBracket - 11" classname="org.eclipse.jdt.core.tests.eval.NegativeCodeSnippetTest" time="0.001"/>
  <testcase name="testMissingDoubleQuote - 11" classname="org.eclipse.jdt.core.tests.eval.NegativeCodeSnippetTest" time="0.001"/>
  <testcase name="testNonLastExpressionStatement - 11" classname="org.eclipse.jdt.core.tests.eval.NegativeCodeSnippetTest" time="0.001"/>
  <testcase name="testProblemInExpression - 11" classname="org.eclipse.jdt.core.tests.eval.NegativeCodeSnippetTest" time="0.001"/>
  <testcase name="testProblemInExpression2 - 11" classname="org.eclipse.jdt.core.tests.eval.NegativeCodeSnippetTest" time="0"/>
  <testcase name="testProblemInInnerClass - 11" classname="org.eclipse.jdt.core.tests.eval.NegativeCodeSnippetTest" time="0.004"/>
  <testcase name="testProblemInPreviousStatement - 11" classname="org.eclipse.jdt.core.tests.eval.NegativeCodeSnippetTest" time="0.001"/>
  <testcase name="testProblemInReturnStatement - 11" classname="org.eclipse.jdt.core.tests.eval.NegativeCodeSnippetTest" time="0.001"/>
  <testcase name="testRemoveImport - 11" classname="org.eclipse.jdt.core.tests.eval.NegativeCodeSnippetTest" time="0.005"/>
  <testcase name="testRemoveVariable - 11" classname="org.eclipse.jdt.core.tests.eval.NegativeCodeSnippetTest" time="0.006"/>
  <testcase name="testUnreachableExpression - 11" classname="org.eclipse.jdt.core.tests.eval.NegativeCodeSnippetTest" time="0.001"/>
  <testcase name="testUnusedImport - 11" classname="org.eclipse.jdt.core.tests.eval.NegativeCodeSnippetTest" time="0.005"/>
  <testcase name="testWarning - 11" classname="org.eclipse.jdt.core.tests.eval.NegativeCodeSnippetTest" time="0.003"/>
  <testcase name="testInitializerProblem - 11" classname="org.eclipse.jdt.core.tests.eval.NegativeVariableTest" time="0.003"/>
  <testcase name="testUnknownType - 11" classname="org.eclipse.jdt.core.tests.eval.NegativeVariableTest" time="0.002"/>
  <testcase name="test001 - 11" classname="org.eclipse.jdt.core.tests.eval.DebugEvaluationTest" time="0.148"/>
  <testcase name="test002 - 11" classname="org.eclipse.jdt.core.tests.eval.DebugEvaluationTest" time="0.159"/>
  <testcase name="test003 - 11" classname="org.eclipse.jdt.core.tests.eval.DebugEvaluationTest" time="0.046"/>
  <testcase name="test004 - 11" classname="org.eclipse.jdt.core.tests.eval.DebugEvaluationTest" time="0.128"/>
  <testcase name="test005 - 11" classname="org.eclipse.jdt.core.tests.eval.DebugEvaluationTest" time="0.158"/>
  <testcase name="test006 - 11" classname="org.eclipse.jdt.core.tests.eval.DebugEvaluationTest" time="0.161"/>
  <testcase name="test007 - 11" classname="org.eclipse.jdt.core.tests.eval.DebugEvaluationTest" time="0.156"/>
  <testcase name="test008 - 11" classname="org.eclipse.jdt.core.tests.eval.DebugEvaluationTest" time="0.158"/>
  <testcase name="test009 - 11" classname="org.eclipse.jdt.core.tests.eval.DebugEvaluationTest" time="0.131"/>
  <testcase name="test010 - 11" classname="org.eclipse.jdt.core.tests.eval.DebugEvaluationTest" time="0.159"/>
  <testcase name="test011 - 11" classname="org.eclipse.jdt.core.tests.eval.DebugEvaluationTest" time="0.134"/>
  <testcase name="test016 - 11" classname="org.eclipse.jdt.core.tests.eval.DebugEvaluationTest" time="0.237"/>
  <testcase name="test017 - 11" classname="org.eclipse.jdt.core.tests.eval.DebugEvaluationTest" time="0.13"/>
  <testcase name="test018 - 11" classname="org.eclipse.jdt.core.tests.eval.DebugEvaluationTest" time="0.272"/>
  <testcase name="test019 - 11" classname="org.eclipse.jdt.core.tests.eval.DebugEvaluationTest" time="0.048"/>
  <testcase name="test020 - 11" classname="org.eclipse.jdt.core.tests.eval.DebugEvaluationTest" time="0.157"/>
  <testcase name="test021 - 11" classname="org.eclipse.jdt.core.tests.eval.DebugEvaluationTest" time="0.271"/>
  <testcase name="test022 - 11" classname="org.eclipse.jdt.core.tests.eval.DebugEvaluationTest" time="0.292"/>
  <testcase name="test023 - 11" classname="org.eclipse.jdt.core.tests.eval.DebugEvaluationTest" time="0.297"/>
  <testcase name="test024 - 11" classname="org.eclipse.jdt.core.tests.eval.DebugEvaluationTest" time="0.298"/>
  <testcase name="test025 - 11" classname="org.eclipse.jdt.core.tests.eval.DebugEvaluationTest" time="0.275"/>
  <testcase name="test026 - 11" classname="org.eclipse.jdt.core.tests.eval.DebugEvaluationTest" time="0.162"/>
  <testcase name="test027 - 11" classname="org.eclipse.jdt.core.tests.eval.DebugEvaluationTest" time="0.157"/>
  <testcase name="test028 - 11" classname="org.eclipse.jdt.core.tests.eval.DebugEvaluationTest" time="0.164"/>
  <testcase name="test029 - 11" classname="org.eclipse.jdt.core.tests.eval.DebugEvaluationTest" time="0.157"/>
  <testcase name="test030 - 11" classname="org.eclipse.jdt.core.tests.eval.DebugEvaluationTest" time="0.161"/>
  <testcase name="test031 - 11" classname="org.eclipse.jdt.core.tests.eval.DebugEvaluationTest" time="0.159"/>
  <testcase name="test032 - 11" classname="org.eclipse.jdt.core.tests.eval.DebugEvaluationTest" time="0.06"/>
  <testcase name="test033 - 11" classname="org.eclipse.jdt.core.tests.eval.DebugEvaluationTest" time="0.157"/>
  <testcase name="test034 - 11" classname="org.eclipse.jdt.core.tests.eval.DebugEvaluationTest" time="0.16"/>
  <testcase name="test035 - 11" classname="org.eclipse.jdt.core.tests.eval.DebugEvaluationTest" time="0.158"/>
  <testcase name="test036 - 11" classname="org.eclipse.jdt.core.tests.eval.DebugEvaluationTest" time="0.159"/>
  <testcase name="test037 - 11" classname="org.eclipse.jdt.core.tests.eval.DebugEvaluationTest" time="0.16"/>
  <testcase name="test038 - 11" classname="org.eclipse.jdt.core.tests.eval.DebugEvaluationTest" time="0.158"/>
  <testcase name="test039 - 11" classname="org.eclipse.jdt.core.tests.eval.DebugEvaluationTest" time="0.162"/>
  <testcase name="test040 - 11" classname="org.eclipse.jdt.core.tests.eval.DebugEvaluationTest" time="0.16"/>
  <testcase name="test041 - 11" classname="org.eclipse.jdt.core.tests.eval.DebugEvaluationTest" time="0.16"/>
  <testcase name="test042 - 11" classname="org.eclipse.jdt.core.tests.eval.DebugEvaluationTest" time="0.163"/>
  <testcase name="test043 - 11" classname="org.eclipse.jdt.core.tests.eval.DebugEvaluationTest" time="0.16"/>
  <testcase name="test044 - 11" classname="org.eclipse.jdt.core.tests.eval.DebugEvaluationTest" time="0.169"/>
  <testcase name="test045 - 11" classname="org.eclipse.jdt.core.tests.eval.DebugEvaluationTest" time="0.16"/>
  <testcase name="test046 - 11" classname="org.eclipse.jdt.core.tests.eval.DebugEvaluationTest" time="0.16"/>
  <testcase name="test047 - 11" classname="org.eclipse.jdt.core.tests.eval.DebugEvaluationTest" time="0.165"/>
  <testcase name="test048 - 11" classname="org.eclipse.jdt.core.tests.eval.DebugEvaluationTest" time="0.168"/>
  <testcase name="test049 - 11" classname="org.eclipse.jdt.core.tests.eval.DebugEvaluationTest" time="0.165"/>
  <testcase name="test050 - 11" classname="org.eclipse.jdt.core.tests.eval.DebugEvaluationTest" time="0.165"/>
  <testcase name="test051 - 11" classname="org.eclipse.jdt.core.tests.eval.DebugEvaluationTest" time="0.167"/>
  <testcase name="test052 - 11" classname="org.eclipse.jdt.core.tests.eval.DebugEvaluationTest" time="0.162"/>
  <testcase name="test053 - 11" classname="org.eclipse.jdt.core.tests.eval.DebugEvaluationTest" time="0.163"/>
  <testcase name="test054 - 11" classname="org.eclipse.jdt.core.tests.eval.DebugEvaluationTest" time="0.164"/>
  <testcase name="test055 - 11" classname="org.eclipse.jdt.core.tests.eval.DebugEvaluationTest" time="0.164"/>
  <testcase name="test056 - 11" classname="org.eclipse.jdt.core.tests.eval.DebugEvaluationTest" time="0.168"/>
  <testcase name="test057 - 11" classname="org.eclipse.jdt.core.tests.eval.DebugEvaluationTest" time="0.166"/>
  <testcase name="test058 - 11" classname="org.eclipse.jdt.core.tests.eval.DebugEvaluationTest" time="0.177"/>
  <testcase name="test059 - 11" classname="org.eclipse.jdt.core.tests.eval.DebugEvaluationTest" time="0.164"/>
  <testcase name="test060 - 11" classname="org.eclipse.jdt.core.tests.eval.DebugEvaluationTest" time="0.169"/>
  <testcase name="test061 - 11" classname="org.eclipse.jdt.core.tests.eval.DebugEvaluationTest" time="0.169"/>
  <testcase name="test062 - 11" classname="org.eclipse.jdt.core.tests.eval.DebugEvaluationTest" time="0.164"/>
  <testcase name="test063 - 11" classname="org.eclipse.jdt.core.tests.eval.DebugEvaluationTest" time="0.164"/>
  <testcase name="test065 - 11" classname="org.eclipse.jdt.core.tests.eval.DebugEvaluationTest" time="0.164"/>
  <testcase name="test066 - 11" classname="org.eclipse.jdt.core.tests.eval.DebugEvaluationTest" time="0.162"/>
  <testcase name="test067 - 11" classname="org.eclipse.jdt.core.tests.eval.DebugEvaluationTest" time="0.164"/>
  <testcase name="test068 - 11" classname="org.eclipse.jdt.core.tests.eval.DebugEvaluationTest" time="0.065"/>
  <testcase name="test069 - 11" classname="org.eclipse.jdt.core.tests.eval.DebugEvaluationTest" time="0.051"/>
  <testcase name="testNegative001 - 11" classname="org.eclipse.jdt.core.tests.eval.DebugEvaluationTest" time="0.047"/>
  <testcase name="testNegative002 - 11" classname="org.eclipse.jdt.core.tests.eval.DebugEvaluationTest" time="0.051"/>
  <testcase name="testNegative003 - 11" classname="org.eclipse.jdt.core.tests.eval.DebugEvaluationTest" time="0.049"/>
  <testcase name="testNegative004 - 11" classname="org.eclipse.jdt.core.tests.eval.DebugEvaluationTest" time="0.019"/>
  <testcase name="testNegative005 - 11" classname="org.eclipse.jdt.core.tests.eval.DebugEvaluationTest" time="0.018"/>
</testsuite>